#
# A fatal error has been detected by the Java Runtime Environment:
#
#  EXCEPTION_ACCESS_VIOLATION (0xc0000005) at pc=0x00007fff7316cef9, pid=9352, tid=9676
#
# JRE version:  (11.0.6+8) (build )
# Java VM: Java HotSpot(TM) 64-Bit Server VM (11.0.6+8-LTS, mixed mode, tiered, compressed oops, g1 gc, windows-amd64)
# Problematic frame:
# C  [vcruntime140.dll+0xcef9]
#
# No core dump will be written. Minidumps are not enabled by default on client versions of Windows
#
# If you would like to submit a bug report, please visit:
#   http://bugreport.java.com/bugreport/crash.jsp
#

---------------  S U M M A R Y ------------

Command Line: -Xverify:none -XX:TieredStopAtLevel=1 com.webcontroller.webcontroller.model.ReactandSpringDataRestApplication

Host: Intel(R) Core(TM) i5-7200U CPU @ 2.50GHz, 4 cores, 7G,  Windows 10 , 64 bit Build 18362 (10.0.18362.329)
Time: Wed Apr  8 07:16:58 2020 India Standard Time elapsed time: 0 seconds (0d 0h 0m 0s)

---------------  T H R E A D  ---------------

Current thread (0x0000026ebd111800):  JavaThread "Unknown thread" [_thread_in_vm, id=9676, stack(0x000000e468300000,0x000000e468400000)]

Stack: [0x000000e468300000,0x000000e468400000],  sp=0x000000e4683ff258,  free space=1020k
Native frames: (J=compiled Java code, j=interpreted, Vv=VM code, C=native code)
C  [vcruntime140.dll+0xcef9]
V  [jvm.dll+0x622f29]
V  [jvm.dll+0x771588]
V  [jvm.dll+0x770a54]
V  [jvm.dll+0x5ddbc5]
V  [jvm.dll+0x5deac2]
V  [jvm.dll+0x74fe93]
V  [jvm.dll+0x373349]
V  [jvm.dll+0x734e5e]
V  [jvm.dll+0x3e2b5d]
V  [jvm.dll+0x3e4ef1]
C  [java.exe+0x3607]
C  [java.exe+0x178dc]
C  [KERNEL32.DLL+0x17bd4]
C  [ntdll.dll+0x6ced1]


siginfo: EXCEPTION_ACCESS_VIOLATION (0xc0000005), writing address 0x0000000000000000


Registers:
RAX=0x0000000000000000, RBX=0x0000026ebd127b90, RCX=0x0000000000020000, RDX=0x0000000000000000
RSP=0x000000e4683ff258, RBP=0x0000000000000001, RSI=0x0000026ebd127b90, RDI=0x0000000000000000
R8 =0x0000000000020000, R9 =0x0000000000000000, R10=0x0000000000000013, R11=0x0000000000000000
R12=0x0000000100000000, R13=0x0000000000000000, R14=0x0000000000000000, R15=0x0000000000000000
RIP=0x00007fff7316cef9, EFLAGS=0x0000000000010203

Top of Stack: (sp=0x000000e4683ff258)
0x000000e4683ff258:   00007fff2bc52f29 0000000000000001
0x000000e4683ff268:   0000026ebd127b90 0000026ebd127b90
0x000000e4683ff278:   0000000000000000 0000026ebd112fd0
0x000000e4683ff288:   00007fff2bda1588 0000026ebd112fd0
0x000000e4683ff298:   0000026ebd112fd0 0000000000000000
0x000000e4683ff2a8:   0000000000000000 0000000100000000
0x000000e4683ff2b8:   0000000040000000 0000000000000000
0x000000e4683ff2c8:   0000000000010000 ffffffff80000000
0x000000e4683ff2d8:   0000026ebb070900 0000026ebd10ece0
0x000000e4683ff2e8:   00007fff2bda0a54 000000e4683ff3c0
0x000000e4683ff2f8:   0000026ebd112fd0 0000026ebd127890
0x000000e4683ff308:   0000000000000000 00007fff2bf0b548
0x000000e4683ff318:   00007fff2bc0dbc5 0000000000000000
0x000000e4683ff328:   000000e4683ff420 0000000000000000
0x000000e4683ff338:   0000000100000000 0000000100000000
0x000000e4683ff348:   0000026ebd120e30 000000e4683ff3e0 

Instructions: (pc=0x00007fff7316cef9)
0x00007fff7316ced9:   f8 80 00 00 00 77 30 0f ba 25 38 53 00 00 02 0f
0x00007fff7316cee9:   83 82 00 00 00 8b c2 48 8b d7 48 8b f9 49 8b c8
0x00007fff7316cef9:   f3 aa 48 8b fa 49 8b c3 c3 66 66 66 66 66 66 0f
0x00007fff7316cf09:   1f 84 00 00 00 00 00 0f ba 25 08 53 00 00 01 72 



---------------  P R O C E S S  ---------------

Threads class SMR info:
_java_thread_list=0x0000026ebb070ad0, length=0, elements={
}

Java Threads: ( => current thread )

Other Threads:
  0x0000026ebd128800 GCTaskThread "GC Thread#0" [stack: 0x000000e468400000,0x000000e468500000] [id=916]
  0x0000026ebd158800 ConcurrentGCThread "G1 Main Marker" [stack: 0x000000e468500000,0x000000e468600000] [id=2912]
  0x0000026ebd159800 ConcurrentGCThread "G1 Conc#0" [stack: 0x000000e468600000,0x000000e468700000] [id=3516]
  0x0000026edb300800 ConcurrentGCThread "G1 Refine#0" [stack: 0x000000e468700000,0x000000e468800000] [id=14256]
  0x0000026edb301800 ConcurrentGCThread "G1 Young RemSet Sampling" [stack: 0x000000e468800000,0x000000e468900000] [id=9752]

=>0x0000026ebd111800 (exited) JavaThread "Unknown thread" [_thread_in_vm, id=9676, stack(0x000000e468300000,0x000000e468400000)]

Threads with active compile tasks:

VM state:not at safepoint (not fully initialized)

VM Mutex/Monitor currently owned by a thread:  ([mutex/lock_event])
[0x0000026ebd10ece0] MetaspaceExpand_lock - owner thread: 0x0000026ebd111800

Heap address: 0x0000000081c00000, size: 2020 MB, Compressed Oops mode: 32-bit
Narrow klass base: 0x0000000000000000, Narrow klass shift: 3

GC Heap History (0 events):
No events

Deoptimization events (0 events):
No events

Classes redefined (0 events):
No events

Internal exceptions (0 events):
No events

Events (0 events):
No events


Dynamic libraries:
0x00007ff77b390000 - 0x00007ff77b3d7000 	C:\Program Files\Java\jdk-11.0.6\bin\java.exe
0x00007fff7cc20000 - 0x00007fff7ce10000 	C:\WINDOWS\SYSTEM32\ntdll.dll
0x00007fff7c1e0000 - 0x00007fff7c292000 	C:\WINDOWS\System32\KERNEL32.DLL
0x00007fff79bb0000 - 0x00007fff79e53000 	C:\WINDOWS\System32\KERNELBASE.dll
0x00007fff7ca80000 - 0x00007fff7cb23000 	C:\WINDOWS\System32\ADVAPI32.dll
0x00007fff7c3e0000 - 0x00007fff7c47e000 	C:\WINDOWS\System32\msvcrt.dll
0x00007fff7cb40000 - 0x00007fff7cbd7000 	C:\WINDOWS\System32\sechost.dll
0x00007fff7bc50000 - 0x00007fff7bd70000 	C:\WINDOWS\System32\RPCRT4.dll
0x00007fff7be80000 - 0x00007fff7c014000 	C:\WINDOWS\System32\USER32.dll
0x00007fff7a1c0000 - 0x00007fff7a1e1000 	C:\WINDOWS\System32\win32u.dll
0x00007fff7ad50000 - 0x00007fff7ad76000 	C:\WINDOWS\System32\GDI32.dll
0x00007fff7ab30000 - 0x00007fff7acc4000 	C:\WINDOWS\System32\gdi32full.dll
0x00007fff7a2f0000 - 0x00007fff7a38e000 	C:\WINDOWS\System32\msvcp_win.dll
0x00007fff7a0c0000 - 0x00007fff7a1ba000 	C:\WINDOWS\System32\ucrtbase.dll
0x00007fff6fd60000 - 0x00007fff6ffe5000 	C:\WINDOWS\WinSxS\amd64_microsoft.windows.common-controls_6595b64144ccf1df_6.0.18362.720_none_e6beb5c51314836b\COMCTL32.dll
0x00007fff7c480000 - 0x00007fff7c7b6000 	C:\WINDOWS\System32\combase.dll
0x00007fff751b0000 - 0x00007fff751ba000 	C:\WINDOWS\SYSTEM32\VERSION.dll
0x00007fff7a220000 - 0x00007fff7a2a0000 	C:\WINDOWS\System32\bcryptPrimitives.dll
0x00007fff7bd70000 - 0x00007fff7bd9e000 	C:\WINDOWS\System32\IMM32.DLL
0x00007fff73160000 - 0x00007fff73176000 	C:\Program Files\Java\jdk-11.0.6\bin\vcruntime140.dll
0x00007fff5b1c0000 - 0x00007fff5b26a000 	C:\Program Files\Java\jdk-11.0.6\bin\msvcp140.dll
0x00007fff2b630000 - 0x00007fff2c159000 	C:\Program Files\Java\jdk-11.0.6\bin\server\jvm.dll
0x00007fff7b2a0000 - 0x00007fff7b2a8000 	C:\WINDOWS\System32\PSAPI.DLL
0x00007fff6dc90000 - 0x00007fff6dc99000 	C:\WINDOWS\SYSTEM32\WSOCK32.dll
0x00007fff7c940000 - 0x00007fff7c9af000 	C:\WINDOWS\System32\WS2_32.dll
0x00007fff77050000 - 0x00007fff77074000 	C:\WINDOWS\SYSTEM32\WINMM.dll
0x00007fff76fe0000 - 0x00007fff7700d000 	C:\WINDOWS\SYSTEM32\WINMMBASE.dll
0x00007fff7a2a0000 - 0x00007fff7a2ea000 	C:\WINDOWS\System32\cfgmgr32.dll
0x00007fff79b40000 - 0x00007fff79b51000 	C:\WINDOWS\System32\kernel.appcore.dll
0x00007fff72d20000 - 0x00007fff72d31000 	C:\Program Files\Java\jdk-11.0.6\bin\verify.dll
0x00007fff783b0000 - 0x00007fff785a4000 	C:\WINDOWS\SYSTEM32\DBGHELP.DLL
0x00007fff68670000 - 0x00007fff6869a000 	C:\WINDOWS\SYSTEM32\dbgcore.DLL
0x00007fff6a5e0000 - 0x00007fff6a609000 	C:\Program Files\Java\jdk-11.0.6\bin\java.dll
0x00007fff6a590000 - 0x00007fff6a5a6000 	C:\Program Files\Java\jdk-11.0.6\bin\zip.dll
0x00007fff77460000 - 0x00007fff7746a000 	C:\Program Files\Java\jdk-11.0.6\bin\jimage.dll

dbghelp: loaded successfully - version: 4.0.5 - missing functions: none
symbol engine: initialized successfully - sym options: 0x614 - pdb path: .;C:\Program Files\Java\jdk-11.0.6\bin;C:\WINDOWS\SYSTEM32;C:\WINDOWS\WinSxS\amd64_microsoft.windows.common-controls_6595b64144ccf1df_6.0.18362.720_none_e6beb5c51314836b;C:\Program Files\Java\jdk-11.0.6\bin\server

VM Arguments:
jvm_args: -Xverify:none -XX:TieredStopAtLevel=1 
java_command: com.webcontroller.webcontroller.model.ReactandSpringDataRestApplication
java_class_path (initial): C:\Users\Dhanushguntha\Desktop\webcontroller\webcontroller\target\classes;C:\Users\Dhanushguntha\.m2\repository\org\springframework\boot\spring-boot-starter-data-jpa\2.2.5.RELEASE\spring-boot-starter-data-jpa-2.2.5.RELEASE.jar;C:\Users\Dhanushguntha\.m2\repository\org\springframework\boot\spring-boot-starter-aop\2.2.5.RELEASE\spring-boot-starter-aop-2.2.5.RELEASE.jar;C:\Users\Dhanushguntha\.m2\repository\org\springframework\spring-aop\5.2.4.RELEASE\spring-aop-5.2.4.RELEASE.jar;C:\Users\Dhanushguntha\.m2\repository\org\aspectj\aspectjweaver\1.9.5\aspectjweaver-1.9.5.jar;C:\Users\Dhanushguntha\.m2\repository\org\springframework\boot\spring-boot-starter-jdbc\2.2.5.RELEASE\spring-boot-starter-jdbc-2.2.5.RELEASE.jar;C:\Users\Dhanushguntha\.m2\repository\com\zaxxer\HikariCP\3.4.2\HikariCP-3.4.2.jar;C:\Users\Dhanushguntha\.m2\repository\org\springframework\spring-jdbc\5.2.4.RELEASE\spring-jdbc-5.2.4.RELEASE.jar;C:\Users\Dhanushguntha\.m2\repository\jakarta\activation\jakarta.activation-api\1.2.2\jakarta.activation-api-1.2.2.jar;C:\Users\Dhanushguntha\.m2\repository\jakarta\persistence\jakarta.persistence-api\2.2.3\jakarta.persistence-api-2.2.3.jar;C:\Users\Dhanushguntha\.m2\repository\jakarta\transaction\jakarta.transaction-api\1.3.3\jakarta.transaction-api-1.3.3.jar;C:\Users\Dhanushguntha\.m2\repository\org\hibernate\hibernate-core\5.4.12.Final\hibernate-core-5.4.12.Final.jar;C:\Users\Dhanushguntha\.m2\repository\org\jboss\logging\jboss-logging\3.4.1.Final\jboss-logging-3.4.1.Final.jar;C:\Users\Dhanushguntha\.m2\repository\org\javassist\javassist\3.24.0-GA\javassist-3.24.0-GA.jar;C:\Users\Dhanushguntha\.m2\repository\net\bytebuddy\byte-buddy\1.10.8\byte-buddy-1.10.8.jar;C:\Users\Dhanushguntha\.m2\repository\antlr\antlr\2.7.7\antlr-2.7.7.jar;C:\Users\Dhanushguntha\.m2\repository\org\jboss\jandex\2.1.1.Final\jandex-2.1.1.Final.jar;C:\Users\Dhanushguntha\.m2\repository\com\fasterxml\classmate\1.5.1\classmate-1.5.1.jar;C:\Users\Dhanushguntha\.m2\r
Launcher Type: SUN_STANDARD

[Global flags]
     bool BytecodeVerificationLocal                = false                                     {product} {command line}
     bool BytecodeVerificationRemote               = false                                     {product} {command line}
     intx CICompilerCount                          = 3                                         {product} {ergonomic}
     uint ConcGCThreads                            = 1                                         {product} {ergonomic}
     uint G1ConcRefinementThreads                  = 4                                         {product} {ergonomic}
   size_t G1HeapRegionSize                         = 1048576                                   {product} {ergonomic}
    uintx GCDrainStackTargetSize                   = 64                                        {product} {ergonomic}
   size_t InitialHeapSize                          = 134217728                                 {product} {ergonomic}
   size_t MarkStackSize                            = 4194304                                   {product} {ergonomic}
   size_t MaxHeapSize                              = 2118123520                                {product} {ergonomic}
   size_t MaxNewSize                               = 1270874112                                {product} {ergonomic}
   size_t MinHeapDeltaBytes                        = 1048576                                   {product} {ergonomic}
    uintx NonNMethodCodeHeapSize                   = 6973028                                {pd product} {ergonomic}
    uintx NonProfiledCodeHeapSize                  = 244685212                              {pd product} {ergonomic}
    uintx ProfiledCodeHeapSize                     = 0                                      {pd product} {ergonomic}
    uintx ReservedCodeCacheSize                    = 251658240                              {pd product} {ergonomic}
     bool SegmentedCodeCache                       = true                                      {product} {ergonomic}
     intx TieredStopAtLevel                        = 1                                         {product} {command line}
     bool UseCompressedClassPointers               = true                                 {lp64_product} {ergonomic}
     bool UseCompressedOops                        = true                                 {lp64_product} {ergonomic}
     bool UseG1GC                                  = true                                      {product} {ergonomic}
     bool UseLargePagesIndividualAllocation        = false                                  {pd product} {ergonomic}

Logging:
Log output configuration:
 #0: stdout all=warning uptime,level,tags
 #1: stderr all=off uptime,level,tags

Environment Variables:
JAVA_HOME=C:\Program Files\Java\jdk-11.0.6
PATH=C:\Python27\;C:\Python27\Scripts;C:\Program Files (x86)\Intel\iCLS Client\;C:\Program Files\Intel\iCLS Client\;C:\windows\system32;C:\windows;C:\windows\System32\Wbem;C:\windows\System32\WindowsPowerShell\v1.0\;C:\Program Files (x86)\Intel\Intel(R) Management Engine Components\DAL;C:\Program Files\Intel\Intel(R) Management Engine Components\DAL;C:\Program Files (x86)\Intel\Intel(R) Management Engine Components\IPT;C:\Program Files\Intel\Intel(R) Management Engine Components\IPT;C:\Program Files (x86)\NVIDIA Corporation\PhysX\Common;C:\WINDOWS\system32;C:\WINDOWS;C:\WINDOWS\System32\Wbem;C:\WINDOWS\System32\WindowsPowerShell\v1.0\;C:\WINDOWS\System32\OpenSSH\;C:\Users\Dhanushguntha\AppData\Local\Programs\Python\Python37;C:\Program Files\Intel\WiFi\bin\;C:\Program Files\Common Files\Intel\WirelessCommon\;C:\Program Files\Git\cmd;C:\Program Files (x86)\Yarn\bin\;C:\Program Files\NVIDIA Corporation\NVIDIA NvDLISR;C:\Program Files\nodejs;C:\ProgramData\chocolatey\bin;C:\Program Files\nodejs\;C:\opt\apache-maven-3.6.3\bin;C:\Program Files\Java\jdk-11.0.6\bin;C:\Users\Dhanushguntha\Anaconda3\Scripts;C:\Users\Dhanushguntha\Anaconda3\Scripts;C:\Users\Dhanushguntha\AppData\Local\Programs\Microsoft VS Code\bin;C:\Users\Dhanushguntha\AppData\Roaming\npm;
USERNAME=Dhanushguntha
OS=Windows_NT
PROCESSOR_IDENTIFIER=Intel64 Family 6 Model 142 Stepping 9, GenuineIntel



---------------  S Y S T E M  ---------------

OS: Windows 10 , 64 bit Build 18362 (10.0.18362.329)

CPU:total 4 (initial active 4) (2 cores per cpu, 2 threads per core) family 6 model 142 stepping 9, cmov, cx8, fxsr, mmx, sse, sse2, sse3, ssse3, sse4.1, sse4.2, popcnt, avx, avx2, aes, clmul, erms, 3dnowpref, lzcnt, ht, tsc, tscinvbit, bmi1, bmi2, adx, fma

Memory: 4k page, system-wide physical 8077M (1331M free)
TotalPageFile size 8077M (AvailPageFile size 7M)
current process WorkingSet (physical memory assigned to process): 15M, peak: 15M
current process commit charge ("private bytes"): 183M, peak: 183M

vm_info: Java HotSpot(TM) 64-Bit Server VM (11.0.6+8-LTS) for windows-amd64 JRE (11.0.6+8-LTS), built on Dec 11 2019 09:17:57 by "mach5one" with MS VC++ 15.5 (VS2017)

END.
