#
# There is insufficient memory for the Java Runtime Environment to continue.
# Native memory allocation (malloc) failed to allocate 1048576 bytes for AllocateHeap
# Possible reasons:
#   The system is out of physical RAM or swap space
#   The process is running with CompressedOops enabled, and the Java Heap may be blocking the growth of the native heap
# Possible solutions:
#   Reduce memory load on the system
#   Increase physical memory or swap space
#   Check if swap backing store is full
#   Decrease Java heap size (-Xmx/-Xms)
#   Decrease number of Java threads
#   Decrease Java thread stack sizes (-Xss)
#   Set larger code cache with -XX:ReservedCodeCacheSize=
#   JVM is running with Unscaled Compressed Oops mode in which the Java heap is
#     placed in the first 4GB address space. The Java Heap base address is the
#     maximum limit for the native heap growth. Please use -XX:HeapBaseMinAddress
#     to set the Java Heap base and to place the Java Heap above 4GB virtual address.
# This output file may be truncated or incomplete.
#
#  Out of Memory Error (t:/workspace/open/src/hotspot/share/memory/allocation.cpp:46), pid=2092, tid=3088
#
# JRE version: Java(TM) SE Runtime Environment (11.0.6+8) (build 11.0.6+8-LTS)
# Java VM: Java HotSpot(TM) 64-Bit Server VM (11.0.6+8-LTS, mixed mode, tiered, compressed oops, g1 gc, windows-amd64)
# No core dump will be written. Minidumps are not enabled by default on client versions of Windows
#

---------------  S U M M A R Y ------------

Command Line: -Xverify:none -XX:TieredStopAtLevel=1 com.webcontroller.webcontroller.model.ReactandSpringDataRestApplication

Host: Intel(R) Core(TM) i5-7200U CPU @ 2.50GHz, 4 cores, 7G,  Windows 10 , 64 bit Build 18362 (10.0.18362.778)
Time: Sat Apr 25 12:47:57 2020 India Standard Time elapsed time: 5 seconds (0d 0h 0m 5s)

---------------  T H R E A D  ---------------

Current thread (0x00000244fea96800):  VMThread "VM Thread" [stack: 0x0000008c8c100000,0x0000008c8c200000] [id=3088]

Stack: [0x0000008c8c100000,0x0000008c8c200000]
[error occurred during error reporting (printing stack bounds), id 0xc0000005, EXCEPTION_ACCESS_VIOLATION (0xc0000005) at pc=0x0000024480000bad]

Native frames: (J=compiled Java code, j=interpreted, Vv=VM code, C=native code)
V  [jvm.dll+0x63679a]
V  [jvm.dll+0x7755bf]
V  [jvm.dll+0x776c65]
V  [jvm.dll+0x777235]
V  [jvm.dll+0x7771eb]
V  [jvm.dll+0x635e96]
V  [jvm.dll+0x636268]
C  [ntdll.dll+0xa11cf]
C  [ntdll.dll+0x6a209]
C  [ntdll.dll+0x9fe3e]
C  0x0000024480000bad

VM_Operation (0x0000008c8cef7030): CollectForMetadataAllocation, mode: safepoint, requested by thread 0x00000244ffdfb000


---------------  P R O C E S S  ---------------

Threads class SMR info:
_java_thread_list=0x0000024490704fe0, length=12, elements={
0x00000244ef722000, 0x00000244feaba800, 0x00000244feac4000, 0x00000244fead9000,
0x00000244feada000, 0x00000244feadc800, 0x00000244feae1800, 0x00000244ff549000,
0x00000244ff551800, 0x00000244ffdf1000, 0x00000244ffdfb000, 0x0000024490107800
}

Java Threads: ( => current thread )
  0x00000244ef722000 JavaThread "main" [_thread_blocked, id=5484, stack(0x0000008c8ba00000,0x0000008c8bb00000)]
  0x00000244feaba800 JavaThread "Reference Handler" daemon [_thread_blocked, id=13400, stack(0x0000008c8c200000,0x0000008c8c300000)]
  0x00000244feac4000 JavaThread "Finalizer" daemon [_thread_blocked, id=12524, stack(0x0000008c8c300000,0x0000008c8c400000)]
  0x00000244fead9000 JavaThread "Signal Dispatcher" daemon [_thread_blocked, id=2308, stack(0x0000008c8c400000,0x0000008c8c500000)]
  0x00000244feada000 JavaThread "Attach Listener" daemon [_thread_blocked, id=1684, stack(0x0000008c8c500000,0x0000008c8c600000)]
  0x00000244feadc800 JavaThread "C1 CompilerThread0" daemon [_thread_blocked, id=9728, stack(0x0000008c8c600000,0x0000008c8c700000)]
  0x00000244feae1800 JavaThread "Sweeper thread" daemon [_thread_blocked, id=4464, stack(0x0000008c8c700000,0x0000008c8c800000)]
  0x00000244ff549000 JavaThread "Service Thread" daemon [_thread_blocked, id=5604, stack(0x0000008c8c800000,0x0000008c8c900000)]
  0x00000244ff551800 JavaThread "Common-Cleaner" daemon [_thread_blocked, id=9012, stack(0x0000008c8ca00000,0x0000008c8cb00000)]
  0x00000244ffdf1000 JavaThread "Thread-0" [_thread_blocked, id=9084, stack(0x0000008c8cd00000,0x0000008c8ce00000)]
  0x00000244ffdfb000 JavaThread "restartedMain" [_thread_blocked, id=9676, stack(0x0000008c8ce00000,0x0000008c8cf00000)]
  0x0000024490107800 JavaThread "HikariPool-1 housekeeper" daemon [_thread_blocked, id=1956, stack(0x0000008c8cf00000,0x0000008c8d000000)]

Other Threads:
=>0x00000244fea96800 VMThread "VM Thread" [stack: 0x0000008c8c100000,0x0000008c8c200000] [id=3088]
  0x00000244ff54d800 WatcherThread [stack: 0x0000008c8c900000,0x0000008c8ca00000] [id=6820]
  0x00000244ef73a800 GCTaskThread "GC Thread#0" [stack: 0x0000008c8bc00000,0x0000008c8bd00000] [id=440]
  0x00000244ffd8e800 GCTaskThread "GC Thread#1" [stack: 0x0000008c8cb00000,0x0000008c8cc00000] [id=7100]
  0x00000244ffd82000 GCTaskThread "GC Thread#2" [stack: 0x0000008c8cc00000,0x0000008c8cd00000] [id=13412]
  0x000002448f7db000 GCTaskThread "GC Thread#3" [stack: 0x0000008c8d000000,0x0000008c8d100000] [id=13280]
  0x00000244ef76a000 ConcurrentGCThread "G1 Main Marker" [stack: 0x0000008c8bd00000,0x0000008c8be00000] [id=13184]
  0x00000244ef76b000 ConcurrentGCThread "G1 Conc#0" [stack: 0x0000008c8be00000,0x0000008c8bf00000] [id=860]
  0x00000244fe900800 ConcurrentGCThread "G1 Refine#0" [stack: 0x0000008c8bf00000,0x0000008c8c000000] [id=9508]
  0x00000244fe901800 ConcurrentGCThread "G1 Young RemSet Sampling" [stack: 0x0000008c8c000000,0x0000008c8c100000] [id=9704]

Threads with active compile tasks:

VM state:at safepoint (normal execution)

VM Mutex/Monitor currently owned by a thread:  ([mutex/lock_event])
[0x00000244ef720320] Threads_lock - owner thread: 0x00000244fea96800
[0x00000244ef720170] Heap_lock - owner thread: 0x00000244ffdfb000

Heap address: 0x0000000081c00000, size: 2020 MB, Compressed Oops mode: 32-bit
Narrow klass base: 0x0000000000000000, Narrow klass shift: 3
Compressed class space size: 1073741824 Address: 0x0000000100000000

Heap:
 garbage-first heap   total 157696K, used 18152K [0x0000000081c00000, 0x0000000100000000)
  region size 1024K, 5 young (5120K), 5 survivors (5120K)
 Metaspace       used 35766K, capacity 36765K, committed 36968K, reserved 1089536K
  class space    used 4336K, capacity 4744K, committed 4864K, reserved 1048576K
Heap Regions: E=young(eden), S=young(survivor), O=old, HS=humongous(starts), HC=humongous(continues), CS=collection set, F=free, A=archive, TAMS=top-at-mark-start (previous, next)
|   0|0x0000000081c00000, 0x0000000081d00000, 0x0000000081d00000|100%|HS|  |TAMS 0x0000000081d00000, 0x0000000081d00000| Complete 
|   1|0x0000000081d00000, 0x0000000081e00000, 0x0000000081e00000|100%| O|  |TAMS 0x0000000081e00000, 0x0000000081e00000| Untracked 
|   2|0x0000000081e00000, 0x0000000081f00000, 0x0000000081f00000|100%| O|  |TAMS 0x0000000081f00000, 0x0000000081f00000| Untracked 
|   3|0x0000000081f00000, 0x0000000082000000, 0x0000000082000000|100%| O|  |TAMS 0x0000000082000000, 0x0000000082000000| Untracked 
|   4|0x0000000082000000, 0x0000000082100000, 0x0000000082100000|100%| O|  |TAMS 0x0000000082100000, 0x0000000082100000| Untracked 
|   5|0x0000000082100000, 0x0000000082200000, 0x0000000082200000|100%| O|  |TAMS 0x0000000082200000, 0x0000000082200000| Untracked 
|   6|0x0000000082200000, 0x0000000082300000, 0x0000000082300000|100%| O|  |TAMS 0x0000000082300000, 0x0000000082300000| Untracked 
|   7|0x0000000082300000, 0x0000000082400000, 0x0000000082400000|100%| O|  |TAMS 0x0000000082400000, 0x0000000082400000| Untracked 
|   8|0x0000000082400000, 0x0000000082500000, 0x0000000082500000|100%| O|  |TAMS 0x0000000082500000, 0x0000000082500000| Untracked 
|   9|0x0000000082500000, 0x0000000082600000, 0x0000000082600000|100%| O|  |TAMS 0x00000000825e1800, 0x0000000082600000| Untracked 
|  10|0x0000000082600000, 0x0000000082700000, 0x0000000082700000|100%| O|  |TAMS 0x0000000082600000, 0x0000000082700000| Untracked 
|  11|0x0000000082700000, 0x0000000082800000, 0x0000000082800000|100%| O|  |TAMS 0x0000000082700000, 0x0000000082800000| Untracked 
|  12|0x0000000082800000, 0x0000000082900000, 0x0000000082900000|100%| O|  |TAMS 0x0000000082800000, 0x0000000082900000| Untracked 
|  13|0x0000000082900000, 0x0000000082966800, 0x0000000082a00000| 40%| O|  |TAMS 0x0000000082900000, 0x0000000082966800| Untracked 
|  14|0x0000000082a00000, 0x0000000082a00000, 0x0000000082b00000|  0%| F|  |TAMS 0x0000000082a00000, 0x0000000082a00000| Untracked 
|  15|0x0000000082b00000, 0x0000000082b00000, 0x0000000082c00000|  0%| F|  |TAMS 0x0000000082b00000, 0x0000000082b00000| Untracked 
|  16|0x0000000082c00000, 0x0000000082c00000, 0x0000000082d00000|  0%| F|  |TAMS 0x0000000082c00000, 0x0000000082c00000| Untracked 
|  17|0x0000000082d00000, 0x0000000082d00000, 0x0000000082e00000|  0%| F|  |TAMS 0x0000000082d00000, 0x0000000082d00000| Untracked 
|  18|0x0000000082e00000, 0x0000000082e00000, 0x0000000082f00000|  0%| F|  |TAMS 0x0000000082e00000, 0x0000000082e00000| Untracked 
|  19|0x0000000082f00000, 0x0000000082f00000, 0x0000000083000000|  0%| F|  |TAMS 0x0000000082f00000, 0x0000000082f00000| Untracked 
|  20|0x0000000083000000, 0x0000000083000000, 0x0000000083100000|  0%| F|  |TAMS 0x0000000083000000, 0x0000000083000000| Untracked 
|  21|0x0000000083100000, 0x0000000083100000, 0x0000000083200000|  0%| F|  |TAMS 0x0000000083100000, 0x0000000083100000| Untracked 
|  22|0x0000000083200000, 0x0000000083200000, 0x0000000083300000|  0%| F|  |TAMS 0x0000000083200000, 0x0000000083200000| Untracked 
|  23|0x0000000083300000, 0x0000000083300000, 0x0000000083400000|  0%| F|  |TAMS 0x0000000083300000, 0x0000000083300000| Untracked 
|  24|0x0000000083400000, 0x0000000083400000, 0x0000000083500000|  0%| F|  |TAMS 0x0000000083400000, 0x0000000083400000| Untracked 
|  25|0x0000000083500000, 0x0000000083500000, 0x0000000083600000|  0%| F|  |TAMS 0x0000000083500000, 0x0000000083500000| Untracked 
|  26|0x0000000083600000, 0x0000000083600000, 0x0000000083700000|  0%| F|  |TAMS 0x0000000083600000, 0x0000000083600000| Untracked 
|  27|0x0000000083700000, 0x0000000083700000, 0x0000000083800000|  0%| F|  |TAMS 0x0000000083700000, 0x0000000083700000| Untracked 
|  28|0x0000000083800000, 0x0000000083800000, 0x0000000083900000|  0%| F|  |TAMS 0x0000000083800000, 0x0000000083800000| Untracked 
|  29|0x0000000083900000, 0x0000000083900000, 0x0000000083a00000|  0%| F|  |TAMS 0x0000000083900000, 0x0000000083900000| Untracked 
|  30|0x0000000083a00000, 0x0000000083a00000, 0x0000000083b00000|  0%| F|  |TAMS 0x0000000083a00000, 0x0000000083a00000| Untracked 
|  31|0x0000000083b00000, 0x0000000083b00000, 0x0000000083c00000|  0%| F|  |TAMS 0x0000000083b00000, 0x0000000083b00000| Untracked 
|  32|0x0000000083c00000, 0x0000000083c00000, 0x0000000083d00000|  0%| F|  |TAMS 0x0000000083c00000, 0x0000000083c00000| Untracked 
|  33|0x0000000083d00000, 0x0000000083d00000, 0x0000000083e00000|  0%| F|  |TAMS 0x0000000083d00000, 0x0000000083d00000| Untracked 
|  34|0x0000000083e00000, 0x0000000083e00000, 0x0000000083f00000|  0%| F|  |TAMS 0x0000000083e00000, 0x0000000083e00000| Untracked 
|  35|0x0000000083f00000, 0x0000000083f00000, 0x0000000084000000|  0%| F|  |TAMS 0x0000000083f00000, 0x0000000083f00000| Untracked 
|  36|0x0000000084000000, 0x0000000084000000, 0x0000000084100000|  0%| F|  |TAMS 0x0000000084000000, 0x0000000084000000| Untracked 
|  37|0x0000000084100000, 0x0000000084100000, 0x0000000084200000|  0%| F|  |TAMS 0x0000000084100000, 0x0000000084100000| Untracked 
|  38|0x0000000084200000, 0x0000000084200000, 0x0000000084300000|  0%| F|  |TAMS 0x0000000084200000, 0x0000000084200000| Untracked 
|  39|0x0000000084300000, 0x0000000084300000, 0x0000000084400000|  0%| F|  |TAMS 0x0000000084300000, 0x0000000084300000| Untracked 
|  40|0x0000000084400000, 0x0000000084400000, 0x0000000084500000|  0%| F|  |TAMS 0x0000000084400000, 0x0000000084400000| Untracked 
|  41|0x0000000084500000, 0x0000000084500000, 0x0000000084600000|  0%| F|  |TAMS 0x0000000084500000, 0x0000000084500000| Untracked 
|  42|0x0000000084600000, 0x0000000084600000, 0x0000000084700000|  0%| F|  |TAMS 0x0000000084600000, 0x0000000084600000| Untracked 
|  43|0x0000000084700000, 0x0000000084700000, 0x0000000084800000|  0%| F|  |TAMS 0x0000000084700000, 0x0000000084700000| Untracked 
|  44|0x0000000084800000, 0x0000000084800000, 0x0000000084900000|  0%| F|  |TAMS 0x0000000084800000, 0x0000000084800000| Untracked 
|  45|0x0000000084900000, 0x0000000084900000, 0x0000000084a00000|  0%| F|  |TAMS 0x0000000084900000, 0x0000000084900000| Untracked 
|  46|0x0000000084a00000, 0x0000000084a00000, 0x0000000084b00000|  0%| F|  |TAMS 0x0000000084a00000, 0x0000000084a00000| Untracked 
|  47|0x0000000084b00000, 0x0000000084b00000, 0x0000000084c00000|  0%| F|  |TAMS 0x0000000084b00000, 0x0000000084b00000| Untracked 
|  48|0x0000000084c00000, 0x0000000084c00000, 0x0000000084d00000|  0%| F|  |TAMS 0x0000000084c00000, 0x0000000084c00000| Untracked 
|  49|0x0000000084d00000, 0x0000000084d00000, 0x0000000084e00000|  0%| F|  |TAMS 0x0000000084d00000, 0x0000000084d00000| Untracked 
|  50|0x0000000084e00000, 0x0000000084e00000, 0x0000000084f00000|  0%| F|  |TAMS 0x0000000084e00000, 0x0000000084e00000| Untracked 
|  51|0x0000000084f00000, 0x0000000084f00000, 0x0000000085000000|  0%| F|  |TAMS 0x0000000084f00000, 0x0000000084f00000| Untracked 
|  52|0x0000000085000000, 0x0000000085000000, 0x0000000085100000|  0%| F|  |TAMS 0x0000000085000000, 0x0000000085000000| Untracked 
|  53|0x0000000085100000, 0x0000000085100000, 0x0000000085200000|  0%| F|  |TAMS 0x0000000085100000, 0x0000000085100000| Untracked 
|  54|0x0000000085200000, 0x0000000085200000, 0x0000000085300000|  0%| F|  |TAMS 0x0000000085200000, 0x0000000085200000| Untracked 
|  55|0x0000000085300000, 0x0000000085300000, 0x0000000085400000|  0%| F|  |TAMS 0x0000000085300000, 0x0000000085300000| Untracked 
|  56|0x0000000085400000, 0x0000000085400000, 0x0000000085500000|  0%| F|  |TAMS 0x0000000085400000, 0x0000000085400000| Untracked 
|  57|0x0000000085500000, 0x0000000085500000, 0x0000000085600000|  0%| F|  |TAMS 0x0000000085500000, 0x0000000085500000| Untracked 
|  58|0x0000000085600000, 0x0000000085600000, 0x0000000085700000|  0%| F|  |TAMS 0x0000000085600000, 0x0000000085600000| Untracked 
|  59|0x0000000085700000, 0x0000000085700000, 0x0000000085800000|  0%| F|  |TAMS 0x0000000085700000, 0x0000000085700000| Untracked 
|  60|0x0000000085800000, 0x0000000085800000, 0x0000000085900000|  0%| F|  |TAMS 0x0000000085800000, 0x0000000085800000| Untracked 
|  61|0x0000000085900000, 0x0000000085900000, 0x0000000085a00000|  0%| F|  |TAMS 0x0000000085900000, 0x0000000085900000| Untracked 
|  62|0x0000000085a00000, 0x0000000085a00000, 0x0000000085b00000|  0%| F|  |TAMS 0x0000000085a00000, 0x0000000085a00000| Untracked 
|  63|0x0000000085b00000, 0x0000000085b00000, 0x0000000085c00000|  0%| F|  |TAMS 0x0000000085b00000, 0x0000000085b00000| Untracked 
|  64|0x0000000085c00000, 0x0000000085c00000, 0x0000000085d00000|  0%| F|  |TAMS 0x0000000085c00000, 0x0000000085c00000| Untracked 
|  65|0x0000000085d00000, 0x0000000085d00000, 0x0000000085e00000|  0%| F|  |TAMS 0x0000000085d00000, 0x0000000085d00000| Untracked 
|  66|0x0000000085e00000, 0x0000000085e00000, 0x0000000085f00000|  0%| F|  |TAMS 0x0000000085e00000, 0x0000000085e00000| Untracked 
|  67|0x0000000085f00000, 0x0000000085f00000, 0x0000000086000000|  0%| F|  |TAMS 0x0000000085f00000, 0x0000000085f00000| Untracked 
|  68|0x0000000086000000, 0x0000000086000000, 0x0000000086100000|  0%| F|  |TAMS 0x0000000086000000, 0x0000000086000000| Untracked 
|  69|0x0000000086100000, 0x0000000086100000, 0x0000000086200000|  0%| F|  |TAMS 0x0000000086100000, 0x0000000086100000| Untracked 
|  70|0x0000000086200000, 0x0000000086200000, 0x0000000086300000|  0%| F|  |TAMS 0x0000000086200000, 0x0000000086200000| Untracked 
|  71|0x0000000086300000, 0x0000000086300000, 0x0000000086400000|  0%| F|  |TAMS 0x0000000086300000, 0x0000000086300000| Untracked 
|  72|0x0000000086400000, 0x0000000086400000, 0x0000000086500000|  0%| F|  |TAMS 0x0000000086400000, 0x0000000086400000| Untracked 
|  73|0x0000000086500000, 0x0000000086500000, 0x0000000086600000|  0%| F|  |TAMS 0x0000000086500000, 0x0000000086500000| Untracked 
|  74|0x0000000086600000, 0x0000000086600000, 0x0000000086700000|  0%| F|  |TAMS 0x0000000086600000, 0x0000000086600000| Untracked 
|  75|0x0000000086700000, 0x0000000086700000, 0x0000000086800000|  0%| F|  |TAMS 0x0000000086700000, 0x0000000086700000| Untracked 
|  76|0x0000000086800000, 0x0000000086800000, 0x0000000086900000|  0%| F|  |TAMS 0x0000000086800000, 0x0000000086800000| Untracked 
|  77|0x0000000086900000, 0x0000000086900000, 0x0000000086a00000|  0%| F|  |TAMS 0x0000000086900000, 0x0000000086900000| Untracked 
|  78|0x0000000086a00000, 0x0000000086a00000, 0x0000000086b00000|  0%| F|  |TAMS 0x0000000086a00000, 0x0000000086a00000| Untracked 
|  79|0x0000000086b00000, 0x0000000086b00000, 0x0000000086c00000|  0%| F|  |TAMS 0x0000000086b00000, 0x0000000086b00000| Untracked 
|  80|0x0000000086c00000, 0x0000000086c00000, 0x0000000086d00000|  0%| F|  |TAMS 0x0000000086c00000, 0x0000000086c00000| Untracked 
|  81|0x0000000086d00000, 0x0000000086d00000, 0x0000000086e00000|  0%| F|  |TAMS 0x0000000086d00000, 0x0000000086d00000| Untracked 
|  82|0x0000000086e00000, 0x0000000086e00000, 0x0000000086f00000|  0%| F|  |TAMS 0x0000000086e00000, 0x0000000086e00000| Untracked 
|  83|0x0000000086f00000, 0x0000000086f00000, 0x0000000087000000|  0%| F|  |TAMS 0x0000000086f00000, 0x0000000086f00000| Untracked 
|  84|0x0000000087000000, 0x0000000087000000, 0x0000000087100000|  0%| F|  |TAMS 0x0000000087000000, 0x0000000087000000| Untracked 
|  85|0x0000000087100000, 0x0000000087100000, 0x0000000087200000|  0%| F|  |TAMS 0x0000000087100000, 0x0000000087100000| Untracked 
|  86|0x0000000087200000, 0x0000000087200000, 0x0000000087300000|  0%| F|  |TAMS 0x0000000087200000, 0x0000000087200000| Untracked 
|  87|0x0000000087300000, 0x0000000087300000, 0x0000000087400000|  0%| F|  |TAMS 0x0000000087300000, 0x0000000087300000| Untracked 
|  88|0x0000000087400000, 0x0000000087400000, 0x0000000087500000|  0%| F|  |TAMS 0x0000000087400000, 0x0000000087400000| Untracked 
|  89|0x0000000087500000, 0x0000000087500000, 0x0000000087600000|  0%| F|  |TAMS 0x0000000087500000, 0x0000000087500000| Untracked 
|  90|0x0000000087600000, 0x0000000087600000, 0x0000000087700000|  0%| F|  |TAMS 0x0000000087600000, 0x0000000087600000| Untracked 
|  91|0x0000000087700000, 0x0000000087700000, 0x0000000087800000|  0%| F|  |TAMS 0x0000000087700000, 0x0000000087700000| Untracked 
|  92|0x0000000087800000, 0x0000000087800000, 0x0000000087900000|  0%| F|  |TAMS 0x0000000087800000, 0x0000000087800000| Untracked 
|  93|0x0000000087900000, 0x0000000087900000, 0x0000000087a00000|  0%| F|  |TAMS 0x0000000087900000, 0x0000000087900000| Untracked 
|  94|0x0000000087a00000, 0x0000000087a00000, 0x0000000087b00000|  0%| F|  |TAMS 0x0000000087a00000, 0x0000000087a00000| Untracked 
|  95|0x0000000087b00000, 0x0000000087b00000, 0x0000000087c00000|  0%| F|  |TAMS 0x0000000087b00000, 0x0000000087b00000| Untracked 
|  96|0x0000000087c00000, 0x0000000087c00000, 0x0000000087d00000|  0%| F|  |TAMS 0x0000000087c00000, 0x0000000087c00000| Untracked 
|  97|0x0000000087d00000, 0x0000000087d00000, 0x0000000087e00000|  0%| F|  |TAMS 0x0000000087d00000, 0x0000000087d00000| Untracked 
|  98|0x0000000087e00000, 0x0000000087e00000, 0x0000000087f00000|  0%| F|  |TAMS 0x0000000087e00000, 0x0000000087e00000| Untracked 
|  99|0x0000000087f00000, 0x0000000087f00000, 0x0000000088000000|  0%| F|  |TAMS 0x0000000087f00000, 0x0000000087f00000| Untracked 
| 100|0x0000000088000000, 0x0000000088000000, 0x0000000088100000|  0%| F|  |TAMS 0x0000000088000000, 0x0000000088000000| Untracked 
| 101|0x0000000088100000, 0x0000000088100000, 0x0000000088200000|  0%| F|  |TAMS 0x0000000088100000, 0x0000000088100000| Untracked 
| 102|0x0000000088200000, 0x0000000088200000, 0x0000000088300000|  0%| F|  |TAMS 0x0000000088200000, 0x0000000088200000| Untracked 
| 103|0x0000000088300000, 0x0000000088300000, 0x0000000088400000|  0%| F|  |TAMS 0x0000000088300000, 0x0000000088300000| Untracked 
| 104|0x0000000088400000, 0x0000000088400000, 0x0000000088500000|  0%| F|  |TAMS 0x0000000088400000, 0x0000000088400000| Untracked 
| 105|0x0000000088500000, 0x0000000088500000, 0x0000000088600000|  0%| F|  |TAMS 0x0000000088500000, 0x0000000088500000| Untracked 
| 106|0x0000000088600000, 0x0000000088600000, 0x0000000088700000|  0%| F|  |TAMS 0x0000000088600000, 0x0000000088600000| Untracked 
| 107|0x0000000088700000, 0x0000000088700000, 0x0000000088800000|  0%| F|  |TAMS 0x0000000088700000, 0x0000000088700000| Untracked 
| 108|0x0000000088800000, 0x0000000088800000, 0x0000000088900000|  0%| F|  |TAMS 0x0000000088800000, 0x0000000088800000| Untracked 
| 109|0x0000000088900000, 0x0000000088900000, 0x0000000088a00000|  0%| F|  |TAMS 0x0000000088900000, 0x0000000088900000| Untracked 
| 110|0x0000000088a00000, 0x0000000088a00000, 0x0000000088b00000|  0%| F|  |TAMS 0x0000000088a00000, 0x0000000088a00000| Untracked 
| 111|0x0000000088b00000, 0x0000000088b00000, 0x0000000088c00000|  0%| F|  |TAMS 0x0000000088b00000, 0x0000000088b00000| Untracked 
| 112|0x0000000088c00000, 0x0000000088c00000, 0x0000000088d00000|  0%| F|  |TAMS 0x0000000088c00000, 0x0000000088c00000| Untracked 
| 113|0x0000000088d00000, 0x0000000088d00000, 0x0000000088e00000|  0%| F|  |TAMS 0x0000000088d00000, 0x0000000088d00000| Untracked 
| 114|0x0000000088e00000, 0x0000000088e00000, 0x0000000088f00000|  0%| F|  |TAMS 0x0000000088e00000, 0x0000000088e00000| Untracked 
| 115|0x0000000088f00000, 0x0000000088f00000, 0x0000000089000000|  0%| F|  |TAMS 0x0000000088f00000, 0x0000000088f00000| Untracked 
| 116|0x0000000089000000, 0x0000000089000000, 0x0000000089100000|  0%| F|  |TAMS 0x0000000089000000, 0x0000000089000000| Untracked 
| 117|0x0000000089100000, 0x0000000089100000, 0x0000000089200000|  0%| F|  |TAMS 0x0000000089100000, 0x0000000089100000| Untracked 
| 118|0x0000000089200000, 0x0000000089200000, 0x0000000089300000|  0%| F|  |TAMS 0x0000000089200000, 0x0000000089200000| Untracked 
| 119|0x0000000089300000, 0x0000000089300000, 0x0000000089400000|  0%| F|  |TAMS 0x0000000089300000, 0x0000000089300000| Untracked 
| 120|0x0000000089400000, 0x0000000089400000, 0x0000000089500000|  0%| F|  |TAMS 0x0000000089400000, 0x0000000089400000| Untracked 
| 121|0x0000000089500000, 0x0000000089500000, 0x0000000089600000|  0%| F|  |TAMS 0x0000000089500000, 0x0000000089500000| Untracked 
| 122|0x0000000089600000, 0x0000000089600000, 0x0000000089700000|  0%| F|  |TAMS 0x0000000089600000, 0x0000000089600000| Untracked 
| 123|0x0000000089700000, 0x0000000089700000, 0x0000000089800000|  0%| F|  |TAMS 0x0000000089700000, 0x0000000089700000| Untracked 
| 124|0x0000000089800000, 0x0000000089800000, 0x0000000089900000|  0%| F|  |TAMS 0x0000000089800000, 0x0000000089800000| Untracked 
| 125|0x0000000089900000, 0x0000000089900000, 0x0000000089a00000|  0%| F|  |TAMS 0x0000000089900000, 0x0000000089900000| Untracked 
| 126|0x0000000089a00000, 0x0000000089a00000, 0x0000000089b00000|  0%| F|  |TAMS 0x0000000089a00000, 0x0000000089a00000| Untracked 
| 127|0x0000000089b00000, 0x0000000089b00000, 0x0000000089c00000|  0%| F|  |TAMS 0x0000000089b00000, 0x0000000089b00000| Untracked 
| 128|0x0000000089c00000, 0x0000000089c00000, 0x0000000089d00000|  0%| F|  |TAMS 0x0000000089c00000, 0x0000000089c00000| Untracked 
| 129|0x0000000089d00000, 0x0000000089d00000, 0x0000000089e00000|  0%| F|  |TAMS 0x0000000089d00000, 0x0000000089d00000| Untracked 
| 130|0x0000000089e00000, 0x0000000089e00000, 0x0000000089f00000|  0%| F|  |TAMS 0x0000000089e00000, 0x0000000089e00000| Untracked 
| 131|0x0000000089f00000, 0x0000000089f00000, 0x000000008a000000|  0%| F|  |TAMS 0x0000000089f00000, 0x0000000089f00000| Untracked 
| 132|0x000000008a000000, 0x000000008a000000, 0x000000008a100000|  0%| F|  |TAMS 0x000000008a000000, 0x000000008a000000| Untracked 
| 133|0x000000008a100000, 0x000000008a100000, 0x000000008a200000|  0%| F|  |TAMS 0x000000008a100000, 0x000000008a100000| Untracked 
| 134|0x000000008a200000, 0x000000008a200000, 0x000000008a300000|  0%| F|  |TAMS 0x000000008a200000, 0x000000008a200000| Untracked 
| 135|0x000000008a300000, 0x000000008a300000, 0x000000008a400000|  0%| F|  |TAMS 0x000000008a300000, 0x000000008a300000| Untracked 
| 136|0x000000008a400000, 0x000000008a400000, 0x000000008a500000|  0%| F|  |TAMS 0x000000008a400000, 0x000000008a400000| Untracked 
| 137|0x000000008a500000, 0x000000008a500000, 0x000000008a600000|  0%| F|  |TAMS 0x000000008a500000, 0x000000008a500000| Untracked 
| 138|0x000000008a600000, 0x000000008a600000, 0x000000008a700000|  0%| F|  |TAMS 0x000000008a600000, 0x000000008a600000| Untracked 
| 139|0x000000008a700000, 0x000000008a700000, 0x000000008a800000|  0%| F|  |TAMS 0x000000008a700000, 0x000000008a700000| Untracked 
| 140|0x000000008a800000, 0x000000008a800000, 0x000000008a900000|  0%| F|  |TAMS 0x000000008a800000, 0x000000008a800000| Untracked 
| 141|0x000000008a900000, 0x000000008a900000, 0x000000008aa00000|  0%| F|  |TAMS 0x000000008a900000, 0x000000008a900000| Untracked 
| 142|0x000000008aa00000, 0x000000008aa00000, 0x000000008ab00000|  0%| F|  |TAMS 0x000000008aa00000, 0x000000008aa00000| Untracked 
| 143|0x000000008ab00000, 0x000000008ab00000, 0x000000008ac00000|  0%| F|  |TAMS 0x000000008ab00000, 0x000000008ab00000| Untracked 
| 144|0x000000008ac00000, 0x000000008ac00000, 0x000000008ad00000|  0%| F|  |TAMS 0x000000008ac00000, 0x000000008ac00000| Untracked 
| 145|0x000000008ad00000, 0x000000008ad53a10, 0x000000008ae00000| 32%| S|CS|TAMS 0x000000008ad00000, 0x000000008ad00000| Complete 
| 146|0x000000008ae00000, 0x000000008af00000, 0x000000008af00000|100%| S|CS|TAMS 0x000000008ae00000, 0x000000008ae00000| Complete 
| 147|0x000000008af00000, 0x000000008b000000, 0x000000008b000000|100%| S|CS|TAMS 0x000000008af00000, 0x000000008af00000| Complete 
| 148|0x000000008b000000, 0x000000008b100000, 0x000000008b100000|100%| S|CS|TAMS 0x000000008b000000, 0x000000008b000000| Complete 
| 149|0x000000008b100000, 0x000000008b200000, 0x000000008b200000|100%| S|CS|TAMS 0x000000008b100000, 0x000000008b100000| Complete 
| 150|0x000000008b200000, 0x000000008b200000, 0x000000008b300000|  0%| F|  |TAMS 0x000000008b200000, 0x000000008b200000| Untracked 
| 151|0x000000008b300000, 0x000000008b300000, 0x000000008b400000|  0%| F|  |TAMS 0x000000008b300000, 0x000000008b300000| Untracked 
| 152|0x000000008b400000, 0x000000008b400000, 0x000000008b500000|  0%| F|  |TAMS 0x000000008b400000, 0x000000008b400000| Untracked 
| 153|0x000000008b500000, 0x000000008b500000, 0x000000008b600000|  0%| F|  |TAMS 0x000000008b500000, 0x000000008b500000| Untracked 

Card table byte_map: [0x00000244f7ea0000,0x00000244f82a0000] _byte_map_base: 0x00000244f7a92000

Marking Bits (Prev, Next): (CMBitMap*) 0x00000244ef760278, (CMBitMap*) 0x00000244ef7602b0
 Prev Bits: [0x00000244f86a0000, 0x00000244fa630000)
 Next Bits: [0x00000244fa630000, 0x00000244fc5c0000)

Polling page: 0x00000244ed650000

Metaspace:

Usage:
  Non-class:     31.27 MB capacity,    30.69 MB ( 98%) used,   476.24 KB (  1%) free+waste,   115.44 KB ( <1%) overhead. 
      Class:      4.63 MB capacity,     4.24 MB ( 91%) used,   350.66 KB (  7%) free+waste,    56.50 KB (  1%) overhead. 
       Both:     35.90 MB capacity,    34.93 MB ( 97%) used,   826.91 KB (  2%) free+waste,   171.94 KB ( <1%) overhead. 

Virtual space:
  Non-class space:       40.00 MB reserved,      31.35 MB ( 78%) committed 
      Class space:        1.00 GB reserved,       4.75 MB ( <1%) committed 
             Both:        1.04 GB reserved,      36.10 MB (  3%) committed 

Chunk freelists:
   Non-Class:  10.38 KB
       Class:  3.00 KB
        Both:  13.38 KB

CodeHeap 'non-profiled nmethods': size=238912Kb used=6097Kb max_used=6097Kb free=232814Kb
 bounds [0x00000244806b0000, 0x0000024480cb0000, 0x000002448f000000]
CodeHeap 'non-nmethods': size=6848Kb used=1163Kb max_used=1163Kb free=5684Kb
 bounds [0x0000024480000000, 0x0000024480270000, 0x00000244806b0000]
 total_blobs=4210 nmethods=3674 adapters=425
 compilation: enabled
              stopped_count=0, restarted_count=0
 full_count=0

Compilation events (10 events):
Event: 5.221 Thread 0x00000244feadc800 3690       1       java.lang.invoke.VarForm::getMemberName (21 bytes)
Event: 5.221 Thread 0x00000244feadc800 nmethod 3690 0x0000024480ca3110 code [0x0000024480ca32e0, 0x0000024480ca3490]
Event: 5.253 Thread 0x00000244feadc800 3692       1       java.util.ArrayList::sort (45 bytes)
Event: 5.253 Thread 0x00000244feadc800 nmethod 3692 0x0000024480ca3790 code [0x0000024480ca3960, 0x0000024480ca3b20]
Event: 5.272 Thread 0x00000244feadc800 3693       1       java.util.concurrent.atomic.AtomicReference::get (5 bytes)
Event: 5.272 Thread 0x00000244feadc800 nmethod 3693 0x0000024480ca3c10 code [0x0000024480ca3dc0, 0x0000024480ca3ed8]
Event: 5.292 Thread 0x00000244feadc800 3694       1       java.util.Collections::singletonList (9 bytes)
Event: 5.292 Thread 0x00000244feadc800 nmethod 3694 0x0000024480ca3f90 code [0x0000024480ca4140, 0x0000024480ca42d8]
Event: 5.292 Thread 0x00000244feadc800 3695       1       java.util.Collections$SingletonList::<init> (10 bytes)
Event: 5.292 Thread 0x00000244feadc800 nmethod 3695 0x0000024480ca4390 code [0x0000024480ca4540, 0x0000024480ca46b8]

GC Heap History (10 events):
Event: 3.324 GC heap before
{Heap before GC invocations=5 (full 0):
 garbage-first heap   total 131072K, used 82627K [0x0000000081c00000, 0x0000000100000000)
  region size 1024K, 76 young (77824K), 3 survivors (3072K)
 Metaspace       used 23794K, capacity 24469K, committed 24624K, reserved 1071104K
  class space    used 2858K, capacity 3082K, committed 3200K, reserved 1048576K
}
Event: 3.332 GC heap after
{Heap after GC invocations=6 (full 0):
 garbage-first heap   total 131072K, used 10357K [0x0000000081c00000, 0x0000000100000000)
  region size 1024K, 5 young (5120K), 5 survivors (5120K)
 Metaspace       used 23794K, capacity 24469K, committed 24624K, reserved 1071104K
  class space    used 2858K, capacity 3082K, committed 3200K, reserved 1048576K
}
Event: 4.376 GC heap before
{Heap before GC invocations=6 (full 0):
 garbage-first heap   total 131072K, used 83061K [0x0000000081c00000, 0x0000000100000000)
  region size 1024K, 76 young (77824K), 5 survivors (5120K)
 Metaspace       used 29436K, capacity 30280K, committed 30640K, reserved 1075200K
  class space    used 3657K, capacity 3986K, committed 4096K, reserved 1048576K
}
Event: 4.387 GC heap after
{Heap after GC invocations=7 (full 0):
 garbage-first heap   total 157696K, used 13942K [0x0000000081c00000, 0x0000000100000000)
  region size 1024K, 8 young (8192K), 8 survivors (8192K)
 Metaspace       used 29436K, capacity 30280K, committed 30640K, reserved 1075200K
  class space    used 3657K, capacity 3986K, committed 4096K, reserved 1048576K
}
Event: 4.963 GC heap before
{Heap before GC invocations=7 (full 0):
 garbage-first heap   total 157696K, used 98934K [0x0000000081c00000, 0x0000000100000000)
  region size 1024K, 92 young (94208K), 8 survivors (8192K)
 Metaspace       used 32676K, capacity 33708K, committed 33840K, reserved 1079296K
  class space    used 4045K, capacity 4427K, committed 4480K, reserved 1048576K
}
Event: 4.976 GC heap after
{Heap after GC invocations=8 (full 0):
 garbage-first heap   total 157696K, used 16419K [0x0000000081c00000, 0x0000000100000000)
  region size 1024K, 8 young (8192K), 8 survivors (8192K)
 Metaspace       used 32676K, capacity 33708K, committed 33840K, reserved 1079296K
  class space    used 4045K, capacity 4427K, committed 4480K, reserved 1048576K
}
Event: 5.228 GC heap before
{Heap before GC invocations=8 (full 0):
 garbage-first heap   total 157696K, used 45091K [0x0000000081c00000, 0x0000000100000000)
  region size 1024K, 38 young (38912K), 8 survivors (8192K)
 Metaspace       used 34728K, capacity 35797K, committed 35888K, reserved 1081344K
  class space    used 4243K, capacity 4677K, committed 4736K, reserved 1048576K
}
Event: 5.240 GC heap after
{Heap after GC invocations=9 (full 0):
 garbage-first heap   total 157696K, used 18037K [0x0000000081c00000, 0x0000000100000000)
  region size 1024K, 8 young (8192K), 8 survivors (8192K)
 Metaspace       used 34728K, capacity 35797K, committed 35888K, reserved 1081344K
  class space    used 4243K, capacity 4677K, committed 4736K, reserved 1048576K
}
Event: 5.293 GC heap before
{Heap before GC invocations=10 (full 0):
 garbage-first heap   total 157696K, used 21109K [0x0000000081c00000, 0x0000000100000000)
  region size 1024K, 12 young (12288K), 8 survivors (8192K)
 Metaspace       used 35766K, capacity 36765K, committed 36968K, reserved 1087488K
  class space    used 4336K, capacity 4744K, committed 4864K, reserved 1048576K
}
Event: 5.303 GC heap after
{Heap after GC invocations=11 (full 0):
 garbage-first heap   total 157696K, used 18152K [0x0000000081c00000, 0x0000000100000000)
  region size 1024K, 5 young (5120K), 5 survivors (5120K)
 Metaspace       used 35766K, capacity 36765K, committed 36968K, reserved 1087488K
  class space    used 4336K, capacity 4744K, committed 4864K, reserved 1048576K
}

Deoptimization events (0 events):
No events

Classes redefined (0 events):
No events

Internal exceptions (10 events):
Event: 5.133 Thread 0x00000244ffdfb000 Exception <a 'java/lang/ClassNotFoundException'{0x0000000089fd6b08}: javax/sql/DataSourceCustomizer> (0x0000000089fd6b08) thrown at [t:/workspace/open/src/hotspot/share/classfile/systemDictionary.cpp, line 231]
Event: 5.134 Thread 0x00000244ffdfb000 Exception <a 'java/lang/ClassNotFoundException'{0x0000000089fe1d70}: javax/sql/CommonDataSourceCustomizer> (0x0000000089fe1d70) thrown at [t:/workspace/open/src/hotspot/share/classfile/systemDictionary.cpp, line 231]
Event: 5.135 Thread 0x00000244ffdfb000 Exception <a 'java/lang/ClassNotFoundException'{0x0000000089fec448}: java/sql/WrapperCustomizer> (0x0000000089fec448) thrown at [t:/workspace/open/src/hotspot/share/classfile/systemDictionary.cpp, line 231]
Event: 5.137 Thread 0x00000244ffdfb000 Exception <a 'java/lang/ClassNotFoundException'{0x0000000089ffede0}: com/zaxxer/hikari/HikariConfigMXBeanCustomizer> (0x0000000089ffede0) thrown at [t:/workspace/open/src/hotspot/share/classfile/systemDictionary.cpp, line 231]
Event: 5.147 Thread 0x00000244ffdfb000 Exception <a 'java/lang/ClassNotFoundException'{0x0000000089e9f100}: java/lang/ObjectCustomizer> (0x0000000089e9f100) thrown at [t:/workspace/open/src/hotspot/share/classfile/systemDictionary.cpp, line 231]
Event: 5.148 Thread 0x00000244ffdfb000 Exception <a 'java/lang/ClassNotFoundException'{0x0000000089eb70b8}: org/springframework/boot/autoconfigure/jdbc/DataSourceInitializerInvokerCustomizer> (0x0000000089eb70b8) thrown at [t:/workspace/open/src/hotspot/share/classfile/systemDictionary.cpp, li
Event: 5.150 Thread 0x00000244ffdfb000 Exception <a 'java/lang/ClassNotFoundException'{0x0000000089ece3d8}: org/springframework/context/ApplicationListenerCustomizer> (0x0000000089ece3d8) thrown at [t:/workspace/open/src/hotspot/share/classfile/systemDictionary.cpp, line 231]
Event: 5.151 Thread 0x00000244ffdfb000 Exception <a 'java/lang/ClassNotFoundException'{0x0000000089ed41c0}: java/util/EventListenerCustomizer> (0x0000000089ed41c0) thrown at [t:/workspace/open/src/hotspot/share/classfile/systemDictionary.cpp, line 231]
Event: 5.152 Thread 0x00000244ffdfb000 Exception <a 'java/lang/ClassNotFoundException'{0x0000000089ee64e8}: org/springframework/beans/factory/InitializingBeanCustomizer> (0x0000000089ee64e8) thrown at [t:/workspace/open/src/hotspot/share/classfile/systemDictionary.cpp, line 231]
Event: 5.291 Thread 0x00000244ffdfb000 Exception <a 'java/lang/NoSuchMethodError'{0x000000008b3f2370}: java.lang.invoke.DirectMethodHandle$Holder.invokeStaticInit(Ljava/lang/Object;Ljava/lang/Object;Ljava/lang/Object;Ljava/lang/Object;)Ljava/lang/Object;> (0x000000008b3f2370) thrown at [t:/wor

Events (10 events):
Event: 5.287 loading class org/h2/jdbc/JdbcDatabaseMetaData done
Event: 5.288 loading class org/h2/jdbc/JdbcDatabaseMetaDataBackwardsCompat
Event: 5.288 loading class org/h2/jdbc/JdbcDatabaseMetaDataBackwardsCompat done
Event: 5.289 loading class com/zaxxer/hikari/pool/HikariProxyDatabaseMetaData
Event: 5.289 loading class com/zaxxer/hikari/pool/HikariProxyDatabaseMetaData done
Event: 5.289 loading class com/zaxxer/hikari/pool/ProxyDatabaseMetaData
Event: 5.289 loading class com/zaxxer/hikari/pool/ProxyDatabaseMetaData done
Event: 5.291 loading class com/zaxxer/hikari/pool/ProxyConnection$ClosedConnection
Event: 5.291 loading class com/zaxxer/hikari/pool/ProxyConnection$ClosedConnection done
Event: 5.293 Executing VM operation: CollectForMetadataAllocation


Dynamic libraries:
0x00007ff65ad90000 - 0x00007ff65add7000 	C:\Program Files\Java\jdk-11.0.6\bin\java.exe
0x00007ff9030e0000 - 0x00007ff9032d0000 	C:\WINDOWS\SYSTEM32\ntdll.dll
0x00007ff9015b0000 - 0x00007ff901662000 	C:\WINDOWS\System32\KERNEL32.DLL
0x00007ff900d00000 - 0x00007ff900fa3000 	C:\WINDOWS\System32\KERNELBASE.dll
0x00007ff902ff0000 - 0x00007ff903093000 	C:\WINDOWS\System32\ADVAPI32.dll
0x00007ff901450000 - 0x00007ff9014ee000 	C:\WINDOWS\System32\msvcrt.dll
0x00007ff902640000 - 0x00007ff9026d7000 	C:\WINDOWS\System32\sechost.dll
0x00007ff901210000 - 0x00007ff901330000 	C:\WINDOWS\System32\RPCRT4.dll
0x00007ff901670000 - 0x00007ff901804000 	C:\WINDOWS\System32\USER32.dll
0x00007ff900fb0000 - 0x00007ff900fd1000 	C:\WINDOWS\System32\win32u.dll
0x00007ff902c30000 - 0x00007ff902c56000 	C:\WINDOWS\System32\GDI32.dll
0x00007ff900950000 - 0x00007ff900ae4000 	C:\WINDOWS\System32\gdi32full.dll
0x00007ff900c40000 - 0x00007ff900cde000 	C:\WINDOWS\System32\msvcp_win.dll
0x00007ff900fe0000 - 0x00007ff9010da000 	C:\WINDOWS\System32\ucrtbase.dll
0x00007ff8f1a20000 - 0x00007ff8f1ca5000 	C:\WINDOWS\WinSxS\amd64_microsoft.windows.common-controls_6595b64144ccf1df_6.0.18362.778_none_e6c6b761130d4fb8\COMCTL32.dll
0x00007ff901c10000 - 0x00007ff901f46000 	C:\WINDOWS\System32\combase.dll
0x00007ff9010e0000 - 0x00007ff901160000 	C:\WINDOWS\System32\bcryptPrimitives.dll
0x00007ff8f8510000 - 0x00007ff8f851a000 	C:\WINDOWS\SYSTEM32\VERSION.dll
0x00007ff902e00000 - 0x00007ff902e2e000 	C:\WINDOWS\System32\IMM32.DLL
0x00007ff8e7010000 - 0x00007ff8e7026000 	C:\Program Files\Java\jdk-11.0.6\bin\vcruntime140.dll
0x00007ff8e1dc0000 - 0x00007ff8e1e6a000 	C:\Program Files\Java\jdk-11.0.6\bin\msvcp140.dll
0x00007ff8b7ff0000 - 0x00007ff8b8b19000 	C:\Program Files\Java\jdk-11.0.6\bin\server\jvm.dll
0x00007ff902df0000 - 0x00007ff902df8000 	C:\WINDOWS\System32\PSAPI.DLL
0x00007ff8ebd20000 - 0x00007ff8ebd29000 	C:\WINDOWS\SYSTEM32\WSOCK32.dll
0x00007ff902f80000 - 0x00007ff902fef000 	C:\WINDOWS\System32\WS2_32.dll
0x00007ff8fd5b0000 - 0x00007ff8fd5d4000 	C:\WINDOWS\SYSTEM32\WINMM.dll
0x00007ff8fc0e0000 - 0x00007ff8fc10d000 	C:\WINDOWS\SYSTEM32\WINMMBASE.dll
0x00007ff901160000 - 0x00007ff9011aa000 	C:\WINDOWS\System32\cfgmgr32.dll
0x00007ff900030000 - 0x00007ff900041000 	C:\WINDOWS\System32\kernel.appcore.dll
0x00007ff8e1da0000 - 0x00007ff8e1db1000 	C:\Program Files\Java\jdk-11.0.6\bin\verify.dll
0x00007ff8fe7b0000 - 0x00007ff8fe9a4000 	C:\WINDOWS\SYSTEM32\DBGHELP.DLL
0x00007ff8eb0e0000 - 0x00007ff8eb10a000 	C:\WINDOWS\SYSTEM32\dbgcore.DLL
0x00007ff8e1c30000 - 0x00007ff8e1c59000 	C:\Program Files\Java\jdk-11.0.6\bin\java.dll
0x00007ff8e1b50000 - 0x00007ff8e1b66000 	C:\Program Files\Java\jdk-11.0.6\bin\zip.dll
0x00007ff8e7110000 - 0x00007ff8e711a000 	C:\Program Files\Java\jdk-11.0.6\bin\jimage.dll
0x00007ff901f50000 - 0x00007ff902635000 	C:\WINDOWS\System32\SHELL32.dll
0x00007ff9014f0000 - 0x00007ff901599000 	C:\WINDOWS\System32\shcore.dll
0x00007ff900120000 - 0x00007ff9008a0000 	C:\WINDOWS\System32\windows.storage.dll
0x00007ff9000a0000 - 0x00007ff9000c3000 	C:\WINDOWS\System32\profapi.dll
0x00007ff900050000 - 0x00007ff90009a000 	C:\WINDOWS\System32\powrprof.dll
0x00007ff900020000 - 0x00007ff900030000 	C:\WINDOWS\System32\UMPDC.dll
0x00007ff902c60000 - 0x00007ff902cb2000 	C:\WINDOWS\System32\shlwapi.dll
0x00007ff900ce0000 - 0x00007ff900cf7000 	C:\WINDOWS\System32\cryptsp.dll
0x00007ff8e1b10000 - 0x00007ff8e1b29000 	C:\Program Files\Java\jdk-11.0.6\bin\net.dll
0x00007ff8f29f0000 - 0x00007ff8f2ae0000 	C:\WINDOWS\SYSTEM32\WINHTTP.dll
0x00007ff8ff890000 - 0x00007ff8ff8f7000 	C:\WINDOWS\system32\mswsock.dll
0x00007ff8e1a00000 - 0x00007ff8e1a13000 	C:\Program Files\Java\jdk-11.0.6\bin\nio.dll
0x00007ff8e1b00000 - 0x00007ff8e1b09000 	C:\Program Files\Java\jdk-11.0.6\bin\management.dll
0x00007ff8e1950000 - 0x00007ff8e195c000 	C:\Program Files\Java\jdk-11.0.6\bin\management_ext.dll
0x00007ff8e25b0000 - 0x00007ff8e25c6000 	C:\WINDOWS\system32\napinsp.dll
0x00007ff8e2590000 - 0x00007ff8e25aa000 	C:\WINDOWS\system32\pnrpnsp.dll
0x00007ff8ff5f0000 - 0x00007ff8ff6ba000 	C:\WINDOWS\SYSTEM32\DNSAPI.dll
0x00007ff9015a0000 - 0x00007ff9015a8000 	C:\WINDOWS\System32\NSI.dll
0x00007ff8ff5a0000 - 0x00007ff8ff5da000 	C:\WINDOWS\SYSTEM32\IPHLPAPI.DLL
0x00007ff8e2580000 - 0x00007ff8e258e000 	C:\WINDOWS\System32\winrnr.dll
0x00007ff8fbee0000 - 0x00007ff8fbefc000 	C:\WINDOWS\system32\NLAapi.dll
0x00007ff8e2510000 - 0x00007ff8e2525000 	C:\WINDOWS\system32\wshbth.dll
0x00007ff8f18f0000 - 0x00007ff8f18fa000 	C:\Windows\System32\rasadhlp.dll
0x00007ff8f3f80000 - 0x00007ff8f3ff7000 	C:\WINDOWS\System32\fwpuclnt.dll
0x00007ff9000f0000 - 0x00007ff900116000 	C:\WINDOWS\System32\bcrypt.dll
0x00007ff8ff400000 - 0x00007ff8ff433000 	C:\WINDOWS\system32\rsaenh.dll
0x00007ff8fff10000 - 0x00007ff8fff35000 	C:\WINDOWS\SYSTEM32\USERENV.dll
0x00007ff8ffa60000 - 0x00007ff8ffa6c000 	C:\WINDOWS\SYSTEM32\CRYPTBASE.dll
0x00007ff8f4380000 - 0x00007ff8f4396000 	C:\WINDOWS\SYSTEM32\dhcpcsvc6.DLL
0x00007ff8f44f0000 - 0x00007ff8f450c000 	C:\WINDOWS\SYSTEM32\dhcpcsvc.DLL

dbghelp: loaded successfully - version: 4.0.5 - missing functions: none
symbol engine: initialized successfully - sym options: 0x614 - pdb path: .;C:\Program Files\Java\jdk-11.0.6\bin;C:\WINDOWS\SYSTEM32;C:\WINDOWS\WinSxS\amd64_microsoft.windows.common-controls_6595b64144ccf1df_6.0.18362.778_none_e6c6b761130d4fb8;C:\Program Files\Java\jdk-11.0.6\bin\server

VM Arguments:
jvm_args: -Xverify:none -XX:TieredStopAtLevel=1 
java_command: com.webcontroller.webcontroller.model.ReactandSpringDataRestApplication
java_class_path (initial): C:\Users\Dhanushguntha\Desktop\webcontroller\webcontroller\target\classes;C:\Users\Dhanushguntha\.m2\repository\org\springframework\boot\spring-boot-starter-data-jpa\2.2.5.RELEASE\spring-boot-starter-data-jpa-2.2.5.RELEASE.jar;C:\Users\Dhanushguntha\.m2\repository\org\springframework\boot\spring-boot-starter-aop\2.2.5.RELEASE\spring-boot-starter-aop-2.2.5.RELEASE.jar;C:\Users\Dhanushguntha\.m2\repository\org\springframework\spring-aop\5.2.4.RELEASE\spring-aop-5.2.4.RELEASE.jar;C:\Users\Dhanushguntha\.m2\repository\org\aspectj\aspectjweaver\1.9.5\aspectjweaver-1.9.5.jar;C:\Users\Dhanushguntha\.m2\repository\org\springframework\boot\spring-boot-starter-jdbc\2.2.5.RELEASE\spring-boot-starter-jdbc-2.2.5.RELEASE.jar;C:\Users\Dhanushguntha\.m2\repository\com\zaxxer\HikariCP\3.4.2\HikariCP-3.4.2.jar;C:\Users\Dhanushguntha\.m2\repository\org\springframework\spring-jdbc\5.2.4.RELEASE\spring-jdbc-5.2.4.RELEASE.jar;C:\Users\Dhanushguntha\.m2\repository\jakarta\activation\jakarta.activation-api\1.2.2\jakarta.activation-api-1.2.2.jar;C:\Users\Dhanushguntha\.m2\repository\jakarta\persistence\jakarta.persistence-api\2.2.3\jakarta.persistence-api-2.2.3.jar;C:\Users\Dhanushguntha\.m2\repository\jakarta\transaction\jakarta.transaction-api\1.3.3\jakarta.transaction-api-1.3.3.jar;C:\Users\Dhanushguntha\.m2\repository\org\hibernate\hibernate-core\5.4.12.Final\hibernate-core-5.4.12.Final.jar;C:\Users\Dhanushguntha\.m2\repository\org\jboss\logging\jboss-logging\3.4.1.Final\jboss-logging-3.4.1.Final.jar;C:\Users\Dhanushguntha\.m2\repository\org\javassist\javassist\3.24.0-GA\javassist-3.24.0-GA.jar;C:\Users\Dhanushguntha\.m2\repository\net\bytebuddy\byte-buddy\1.10.8\byte-buddy-1.10.8.jar;C:\Users\Dhanushguntha\.m2\repository\antlr\antlr\2.7.7\antlr-2.7.7.jar;C:\Users\Dhanushguntha\.m2\repository\org\jboss\jandex\2.1.1.Final\jandex-2.1.1.Final.jar;C:\Users\Dhanushguntha\.m2\repository\com\fasterxml\classmate\1.5.1\classmate-1.5.1.jar;C:\Users\Dhanushguntha\.m2\r
Launcher Type: SUN_STANDARD

[Global flags]
     bool BytecodeVerificationLocal                = false                                     {product} {command line}
     bool BytecodeVerificationRemote               = false                                     {product} {command line}
     intx CICompilerCount                          = 3                                         {product} {ergonomic}
     uint ConcGCThreads                            = 1                                         {product} {ergonomic}
     uint G1ConcRefinementThreads                  = 4                                         {product} {ergonomic}
   size_t G1HeapRegionSize                         = 1048576                                   {product} {ergonomic}
    uintx GCDrainStackTargetSize                   = 64                                        {product} {ergonomic}
   size_t InitialHeapSize                          = 134217728                                 {product} {ergonomic}
   size_t MarkStackSize                            = 4194304                                   {product} {ergonomic}
   size_t MaxHeapSize                              = 2118123520                                {product} {ergonomic}
   size_t MaxNewSize                               = 1270874112                                {product} {ergonomic}
   size_t MinHeapDeltaBytes                        = 1048576                                   {product} {ergonomic}
    uintx NonNMethodCodeHeapSize                   = 6973028                                {pd product} {ergonomic}
    uintx NonProfiledCodeHeapSize                  = 244685212                              {pd product} {ergonomic}
    uintx ProfiledCodeHeapSize                     = 0                                      {pd product} {ergonomic}
    uintx ReservedCodeCacheSize                    = 251658240                              {pd product} {ergonomic}
     bool SegmentedCodeCache                       = true                                      {product} {ergonomic}
     intx TieredStopAtLevel                        = 1                                         {product} {command line}
     bool UseCompressedClassPointers               = true                                 {lp64_product} {ergonomic}
     bool UseCompressedOops                        = true                                 {lp64_product} {ergonomic}
     bool UseG1GC                                  = true                                      {product} {ergonomic}
     bool UseLargePagesIndividualAllocation        = false                                  {pd product} {ergonomic}

Logging:
Log output configuration:
 #0: stdout all=warning uptime,level,tags
 #1: stderr all=off uptime,level,tags

Environment Variables:
JAVA_HOME=C:\Program Files\Java\jdk-11.0.6
PATH=C:\Program Files (x86)\Intel\iCLS Client\;C:\Program Files\Intel\iCLS Client\;C:\windows\system32;C:\windows;C:\windows\System32\Wbem;C:\windows\System32\WindowsPowerShell\v1.0\;C:\Program Files (x86)\Intel\Intel(R) Management Engine Components\DAL;C:\Program Files\Intel\Intel(R) Management Engine Components\DAL;C:\Program Files (x86)\Intel\Intel(R) Management Engine Components\IPT;C:\Program Files\Intel\Intel(R) Management Engine Components\IPT;C:\Program Files (x86)\NVIDIA Corporation\PhysX\Common;C:\WINDOWS\system32;C:\WINDOWS;C:\WINDOWS\System32\Wbem;C:\WINDOWS\System32\WindowsPowerShell\v1.0\;C:\WINDOWS\System32\OpenSSH\;C:\Program Files\Intel\WiFi\bin\;C:\Program Files\Common Files\Intel\WirelessCommon\;C:\Program Files\Git\cmd;C:\Program Files (x86)\Yarn\bin\;C:\Program Files\NVIDIA Corporation\NVIDIA NvDLISR;C:\Program Files\nodejs;C:\ProgramData\chocolatey\bin;C:\Program Files\nodejs\;C:\opt\apache-maven-3.6.3\bin;C:\Program Files\Java\jdk-11.0.6\bin;C:\Users\Dhanushguntha\AppData\Local\Programs\Python\Python38\Scripts\;C:\Users\Dhanushguntha\AppData\Local\Programs\Python\Python38\;C:\Users\Dhanushguntha\anaconda3;C:\Users\Dhanushguntha\anaconda3\Library\mingw-w64\bin;C:\Users\Dhanushguntha\anaconda3\Library\usr\bin;C:\Users\Dhanushguntha\anaconda3\Library\bin;C:\Users\Dhanushguntha\anaconda3\Scripts;C:\Users\Dhanushguntha\AppData\Local\Programs\Microsoft VS Code\bin;C:\Users\Dhanushguntha\AppData\Roaming\npm;
USERNAME=Dhanushguntha
OS=Windows_NT
PROCESSOR_IDENTIFIER=Intel64 Family 6 Model 142 Stepping 9, GenuineIntel



---------------  S Y S T E M  ---------------

OS: Windows 10 , 64 bit Build 18362 (10.0.18362.778)

CPU:total 4 (initial active 4) (2 cores per cpu, 2 threads per core) family 6 model 142 stepping 9, cmov, cx8, fxsr, mmx, sse, sse2, sse3, ssse3, sse4.1, sse4.2, popcnt, avx, avx2, aes, clmul, erms, 3dnowpref, lzcnt, ht, tsc, tscinvbit, bmi1, bmi2, adx, fma

Memory: 4k page, system-wide physical 8077M (944M free)
TotalPageFile size 8077M (AvailPageFile size 3M)
current process WorkingSet (physical memory assigned to process): 210M, peak: 210M
current process commit charge ("private bytes"): 278M, peak: 279M

vm_info: Java HotSpot(TM) 64-Bit Server VM (11.0.6+8-LTS) for windows-amd64 JRE (11.0.6+8-LTS), built on Dec 11 2019 09:17:57 by "mach5one" with MS VC++ 15.5 (VS2017)

END.
