#
# There is insufficient memory for the Java Runtime Environment to continue.
# Native memory allocation (malloc) failed to allocate 542576 bytes for Chunk::new
# Possible reasons:
#   The system is out of physical RAM or swap space
#   The process is running with CompressedOops enabled, and the Java Heap may be blocking the growth of the native heap
# Possible solutions:
#   Reduce memory load on the system
#   Increase physical memory or swap space
#   Check if swap backing store is full
#   Decrease Java heap size (-Xmx/-Xms)
#   Decrease number of Java threads
#   Decrease Java thread stack sizes (-Xss)
#   Set larger code cache with -XX:ReservedCodeCacheSize=
#   JVM is running with Unscaled Compressed Oops mode in which the Java heap is
#     placed in the first 4GB address space. The Java Heap base address is the
#     maximum limit for the native heap growth. Please use -XX:HeapBaseMinAddress
#     to set the Java Heap base and to place the Java Heap above 4GB virtual address.
# This output file may be truncated or incomplete.
#
#  Out of Memory Error (t:/workspace/open/src/hotspot/share/memory/arena.cpp:197), pid=10296, tid=1528
#
# JRE version: Java(TM) SE Runtime Environment (11.0.6+8) (build 11.0.6+8-LTS)
# Java VM: Java HotSpot(TM) 64-Bit Server VM (11.0.6+8-LTS, mixed mode, tiered, compressed oops, g1 gc, windows-amd64)
# No core dump will be written. Minidumps are not enabled by default on client versions of Windows
#

---------------  S U M M A R Y ------------

Command Line: -Dmaven.multiModuleProjectDirectory=C:\Users\Dhanushguntha\Desktop\webcontroller\webcontroller -Dmaven.home=C:\Program Files\JetBrains\IntelliJ IDEA Community Edition 2019.3.4\plugins\maven\lib\maven3 -Dclassworlds.conf=C:\Program Files\JetBrains\IntelliJ IDEA Community Edition 2019.3.4\plugins\maven\lib\maven3\bin\m2.conf -Dmaven.ext.class.path=C:\Program Files\JetBrains\IntelliJ IDEA Community Edition 2019.3.4\plugins\maven\lib\maven-event-listener.jar -javaagent:C:\Program Files\JetBrains\IntelliJ IDEA Community Edition 2019.3.4\lib\idea_rt.jar=54744:C:\Program Files\JetBrains\IntelliJ IDEA Community Edition 2019.3.4\bin -Dfile.encoding=UTF-8 org.codehaus.classworlds.Launcher -Didea.version2019.3.4 spring-boot:run

Host: Intel(R) Core(TM) i5-7200U CPU @ 2.50GHz, 4 cores, 7G,  Windows 10 , 64 bit Build 18362 (10.0.18362.329)
Time: Wed Apr 15 12:19:29 2020 India Standard Time elapsed time: 18 seconds (0d 0h 0m 18s)

---------------  T H R E A D  ---------------

Current thread (0x00000275b935e800):  JavaThread "C2 CompilerThread1" daemon [_thread_in_native, id=1528, stack(0x000000ff99000000,0x000000ff99100000)]


Current CompileTask:
C2:  18190 4557   !   4       jdk.internal.loader.BuiltinClassLoader::loadClassOrNull (143 bytes)

Stack: [0x000000ff99000000,0x000000ff99100000]
Native frames: (J=compiled Java code, j=interpreted, Vv=VM code, C=native code)
V  [jvm.dll+0x63679a]
V  [jvm.dll+0x7755bf]
V  [jvm.dll+0x776c65]
V  [jvm.dll+0x7772d3]
V  [jvm.dll+0x25e7f8]
V  [jvm.dll+0xc1c01]
V  [jvm.dll+0xc219c]
V  [jvm.dll+0x2cf424]
V  [jvm.dll+0x552d3f]
V  [jvm.dll+0x219ab5]
V  [jvm.dll+0x2173d6]
V  [jvm.dll+0x193a2c]
V  [jvm.dll+0x226544]
V  [jvm.dll+0x224b28]
V  [jvm.dll+0x73a9c5]
V  [jvm.dll+0x733905]
V  [jvm.dll+0x635846]
C  [ucrtbase.dll+0x20e72]
C  [KERNEL32.DLL+0x17bd4]
C  [ntdll.dll+0x6ced1]


---------------  P R O C E S S  ---------------

Threads class SMR info:
_java_thread_list=0x00000275b8f51ef0, length=12, elements={
0x0000027596a3f000, 0x00000275b4dd7000, 0x00000275b4de1000, 0x00000275b5752800,
0x00000275b5753000, 0x00000275b4dee000, 0x00000275b4df2000, 0x00000275b5798800,
0x00000275b4d66800, 0x00000275b582e000, 0x00000275b59d3000, 0x00000275b935e800
}

Java Threads: ( => current thread )
  0x0000027596a3f000 JavaThread "main" [_thread_in_Java, id=12032, stack(0x000000ff97c00000,0x000000ff97d00000)]
  0x00000275b4dd7000 JavaThread "Reference Handler" daemon [_thread_blocked, id=13676, stack(0x000000ff98300000,0x000000ff98400000)]
  0x00000275b4de1000 JavaThread "Finalizer" daemon [_thread_blocked, id=8236, stack(0x000000ff98400000,0x000000ff98500000)]
  0x00000275b5752800 JavaThread "Signal Dispatcher" daemon [_thread_blocked, id=13716, stack(0x000000ff98500000,0x000000ff98600000)]
  0x00000275b5753000 JavaThread "Attach Listener" daemon [_thread_blocked, id=10868, stack(0x000000ff98600000,0x000000ff98700000)]
  0x00000275b4dee000 JavaThread "C2 CompilerThread0" daemon [_thread_in_native, id=12144, stack(0x000000ff98700000,0x000000ff98800000)]
  0x00000275b4df2000 JavaThread "C1 CompilerThread0" daemon [_thread_blocked, id=9888, stack(0x000000ff98800000,0x000000ff98900000)]
  0x00000275b5798800 JavaThread "Sweeper thread" daemon [_thread_blocked, id=12196, stack(0x000000ff98900000,0x000000ff98a00000)]
  0x00000275b4d66800 JavaThread "Common-Cleaner" daemon [_thread_blocked, id=7968, stack(0x000000ff98a00000,0x000000ff98b00000)]
  0x00000275b582e000 JavaThread "Monitor Ctrl-Break" daemon [_thread_in_native, id=8264, stack(0x000000ff98b00000,0x000000ff98c00000)]
  0x00000275b59d3000 JavaThread "Service Thread" daemon [_thread_blocked, id=8640, stack(0x000000ff98c00000,0x000000ff98d00000)]
=>0x00000275b935e800 JavaThread "C2 CompilerThread1" daemon [_thread_in_native, id=1528, stack(0x000000ff99000000,0x000000ff99100000)]

Other Threads:
  0x00000275b4dac800 VMThread "VM Thread" [stack: 0x000000ff98200000,0x000000ff98300000] [id=8772]
  0x00000275b59df000 WatcherThread [stack: 0x000000ff98d00000,0x000000ff98e00000] [id=10124]
  0x0000027596a55000 GCTaskThread "GC Thread#0" [stack: 0x000000ff97d00000,0x000000ff97e00000] [id=3564]
  0x00000275b61b8000 GCTaskThread "GC Thread#1" [stack: 0x000000ff98e00000,0x000000ff98f00000] [id=8700]
  0x00000275b61bc800 GCTaskThread "GC Thread#2" [stack: 0x000000ff98f00000,0x000000ff99000000] [id=9068]
  0x000002759499e000 ConcurrentGCThread "G1 Main Marker" [stack: 0x000000ff97e00000,0x000000ff97f00000] [id=5052]
  0x0000027596a81000 ConcurrentGCThread "G1 Conc#0" [stack: 0x000000ff97f00000,0x000000ff98000000] [id=7220]
  0x0000027596b01000 ConcurrentGCThread "G1 Refine#0" [stack: 0x000000ff98000000,0x000000ff98100000] [id=1592]
  0x00000275b4c20800 ConcurrentGCThread "G1 Young RemSet Sampling" [stack: 0x000000ff98100000,0x000000ff98200000] [id=1116]

Threads with active compile tasks:
C2 CompilerThread04559       4       java.io.DataInputStream::readUTF (501 bytes)
C2 CompilerThread14557   !   4       jdk.internal.loader.BuiltinClassLoader::loadClassOrNull (143 bytes)

VM state:not at safepoint (normal execution)

VM Mutex/Monitor currently owned by a thread: None

Heap address: 0x0000000081c00000, size: 2020 MB, Compressed Oops mode: 32-bit
Narrow klass base: 0x0000000000000000, Narrow klass shift: 3
Compressed class space size: 1073741824 Address: 0x0000000100000000

Heap:
 garbage-first heap   total 131072K, used 37204K [0x0000000081c00000, 0x0000000100000000)
  region size 1024K, 16 young (16384K), 3 survivors (3072K)
 Metaspace       used 31098K, capacity 31723K, committed 31920K, reserved 1085440K
  class space    used 3312K, capacity 3577K, committed 3584K, reserved 1048576K
Heap Regions: E=young(eden), S=young(survivor), O=old, HS=humongous(starts), HC=humongous(continues), CS=collection set, F=free, A=archive, TAMS=top-at-mark-start (previous, next)
|   0|0x0000000081c00000, 0x0000000081d00000, 0x0000000081d00000|100%| O|  |TAMS 0x0000000081d00000, 0x0000000081c00000| Untracked 
|   1|0x0000000081d00000, 0x0000000081e00000, 0x0000000081e00000|100%| O|  |TAMS 0x0000000081e00000, 0x0000000081d00000| Untracked 
|   2|0x0000000081e00000, 0x0000000081f00000, 0x0000000081f00000|100%| O|  |TAMS 0x0000000081f00000, 0x0000000081e00000| Untracked 
|   3|0x0000000081f00000, 0x0000000082000000, 0x0000000082000000|100%| O|  |TAMS 0x0000000082000000, 0x0000000081f00000| Untracked 
|   4|0x0000000082000000, 0x0000000082100000, 0x0000000082100000|100%| O|  |TAMS 0x0000000082100000, 0x0000000082000000| Untracked 
|   5|0x0000000082100000, 0x0000000082200000, 0x0000000082200000|100%| O|  |TAMS 0x0000000082200000, 0x0000000082100000| Untracked 
|   6|0x0000000082200000, 0x0000000082300000, 0x0000000082300000|100%| O|  |TAMS 0x0000000082300000, 0x0000000082200000| Untracked 
|   7|0x0000000082300000, 0x0000000082400000, 0x0000000082400000|100%| O|  |TAMS 0x0000000082400000, 0x0000000082300000| Untracked 
|   8|0x0000000082400000, 0x0000000082500000, 0x0000000082500000|100%| O|  |TAMS 0x0000000082500000, 0x0000000082400000| Untracked 
|   9|0x0000000082500000, 0x0000000082600000, 0x0000000082600000|100%| O|  |TAMS 0x0000000082600000, 0x0000000082500000| Untracked 
|  10|0x0000000082600000, 0x0000000082700000, 0x0000000082700000|100%| O|  |TAMS 0x0000000082700000, 0x0000000082600000| Untracked 
|  11|0x0000000082700000, 0x0000000082800000, 0x0000000082800000|100%| O|  |TAMS 0x0000000082800000, 0x0000000082700000| Untracked 
|  12|0x0000000082800000, 0x0000000082900000, 0x0000000082900000|100%| O|  |TAMS 0x0000000082900000, 0x0000000082800000| Untracked 
|  13|0x0000000082900000, 0x0000000082a00000, 0x0000000082a00000|100%| O|  |TAMS 0x0000000082a00000, 0x0000000082900000| Untracked 
|  14|0x0000000082a00000, 0x0000000082b00000, 0x0000000082b00000|100%| O|  |TAMS 0x0000000082b00000, 0x0000000082a00000| Untracked 
|  15|0x0000000082b00000, 0x0000000082c00000, 0x0000000082c00000|100%|HS|  |TAMS 0x0000000082b00000, 0x0000000082b00000| Complete 
|  16|0x0000000082c00000, 0x0000000082d00000, 0x0000000082d00000|100%| O|  |TAMS 0x0000000082d00000, 0x0000000082c00000| Untracked 
|  17|0x0000000082d00000, 0x0000000082e00000, 0x0000000082e00000|100%| O|  |TAMS 0x0000000082e00000, 0x0000000082d00000| Untracked 
|  18|0x0000000082e00000, 0x0000000082f00000, 0x0000000082f00000|100%| O|  |TAMS 0x0000000082f00000, 0x0000000082e00000| Untracked 
|  19|0x0000000082f00000, 0x0000000083000000, 0x0000000083000000|100%| O|  |TAMS 0x0000000083000000, 0x0000000082f00000| Untracked 
|  20|0x0000000083000000, 0x0000000083055000, 0x0000000083100000| 33%| O|  |TAMS 0x0000000083055000, 0x0000000083000000| Untracked 
|  21|0x0000000083100000, 0x0000000083200000, 0x0000000083200000|100%|HS|  |TAMS 0x0000000083100000, 0x0000000083100000| Complete 
|  22|0x0000000083200000, 0x0000000083200000, 0x0000000083300000|  0%| F|  |TAMS 0x0000000083200000, 0x0000000083200000| Untracked 
|  23|0x0000000083300000, 0x0000000083300000, 0x0000000083400000|  0%| F|  |TAMS 0x0000000083300000, 0x0000000083300000| Untracked 
|  24|0x0000000083400000, 0x0000000083400000, 0x0000000083500000|  0%| F|  |TAMS 0x0000000083400000, 0x0000000083400000| Untracked 
|  25|0x0000000083500000, 0x0000000083500000, 0x0000000083600000|  0%| F|  |TAMS 0x0000000083500000, 0x0000000083500000| Untracked 
|  26|0x0000000083600000, 0x0000000083600000, 0x0000000083700000|  0%| F|  |TAMS 0x0000000083600000, 0x0000000083600000| Untracked 
|  27|0x0000000083700000, 0x0000000083700000, 0x0000000083800000|  0%| F|  |TAMS 0x0000000083700000, 0x0000000083700000| Untracked 
|  28|0x0000000083800000, 0x0000000083800000, 0x0000000083900000|  0%| F|  |TAMS 0x0000000083800000, 0x0000000083800000| Untracked 
|  29|0x0000000083900000, 0x0000000083900000, 0x0000000083a00000|  0%| F|  |TAMS 0x0000000083900000, 0x0000000083900000| Untracked 
|  30|0x0000000083a00000, 0x0000000083a00000, 0x0000000083b00000|  0%| F|  |TAMS 0x0000000083a00000, 0x0000000083a00000| Untracked 
|  31|0x0000000083b00000, 0x0000000083b00000, 0x0000000083c00000|  0%| F|  |TAMS 0x0000000083b00000, 0x0000000083b00000| Untracked 
|  32|0x0000000083c00000, 0x0000000083c00000, 0x0000000083d00000|  0%| F|  |TAMS 0x0000000083c00000, 0x0000000083c00000| Untracked 
|  33|0x0000000083d00000, 0x0000000083d00000, 0x0000000083e00000|  0%| F|  |TAMS 0x0000000083d00000, 0x0000000083d00000| Untracked 
|  34|0x0000000083e00000, 0x0000000083e00000, 0x0000000083f00000|  0%| F|  |TAMS 0x0000000083e00000, 0x0000000083e00000| Untracked 
|  35|0x0000000083f00000, 0x0000000083f00000, 0x0000000084000000|  0%| F|  |TAMS 0x0000000083f00000, 0x0000000083f00000| Untracked 
|  36|0x0000000084000000, 0x0000000084000000, 0x0000000084100000|  0%| F|  |TAMS 0x0000000084000000, 0x0000000084000000| Untracked 
|  37|0x0000000084100000, 0x0000000084100000, 0x0000000084200000|  0%| F|  |TAMS 0x0000000084100000, 0x0000000084100000| Untracked 
|  38|0x0000000084200000, 0x0000000084200000, 0x0000000084300000|  0%| F|  |TAMS 0x0000000084200000, 0x0000000084200000| Untracked 
|  39|0x0000000084300000, 0x0000000084300000, 0x0000000084400000|  0%| F|  |TAMS 0x0000000084300000, 0x0000000084300000| Untracked 
|  40|0x0000000084400000, 0x0000000084400000, 0x0000000084500000|  0%| F|  |TAMS 0x0000000084400000, 0x0000000084400000| Untracked 
|  41|0x0000000084500000, 0x0000000084500000, 0x0000000084600000|  0%| F|  |TAMS 0x0000000084500000, 0x0000000084500000| Untracked 
|  42|0x0000000084600000, 0x0000000084600000, 0x0000000084700000|  0%| F|  |TAMS 0x0000000084600000, 0x0000000084600000| Untracked 
|  43|0x0000000084700000, 0x0000000084700000, 0x0000000084800000|  0%| F|  |TAMS 0x0000000084700000, 0x0000000084700000| Untracked 
|  44|0x0000000084800000, 0x0000000084800000, 0x0000000084900000|  0%| F|  |TAMS 0x0000000084800000, 0x0000000084800000| Untracked 
|  45|0x0000000084900000, 0x0000000084900000, 0x0000000084a00000|  0%| F|  |TAMS 0x0000000084900000, 0x0000000084900000| Untracked 
|  46|0x0000000084a00000, 0x0000000084a00000, 0x0000000084b00000|  0%| F|  |TAMS 0x0000000084a00000, 0x0000000084a00000| Untracked 
|  47|0x0000000084b00000, 0x0000000084b00000, 0x0000000084c00000|  0%| F|  |TAMS 0x0000000084b00000, 0x0000000084b00000| Untracked 
|  48|0x0000000084c00000, 0x0000000084c00000, 0x0000000084d00000|  0%| F|  |TAMS 0x0000000084c00000, 0x0000000084c00000| Untracked 
|  49|0x0000000084d00000, 0x0000000084d00000, 0x0000000084e00000|  0%| F|  |TAMS 0x0000000084d00000, 0x0000000084d00000| Untracked 
|  50|0x0000000084e00000, 0x0000000084e00000, 0x0000000084f00000|  0%| F|  |TAMS 0x0000000084e00000, 0x0000000084e00000| Untracked 
|  51|0x0000000084f00000, 0x0000000084f00000, 0x0000000085000000|  0%| F|  |TAMS 0x0000000084f00000, 0x0000000084f00000| Untracked 
|  52|0x0000000085000000, 0x0000000085000000, 0x0000000085100000|  0%| F|  |TAMS 0x0000000085000000, 0x0000000085000000| Untracked 
|  53|0x0000000085100000, 0x0000000085100000, 0x0000000085200000|  0%| F|  |TAMS 0x0000000085100000, 0x0000000085100000| Untracked 
|  54|0x0000000085200000, 0x0000000085200000, 0x0000000085300000|  0%| F|  |TAMS 0x0000000085200000, 0x0000000085200000| Untracked 
|  55|0x0000000085300000, 0x0000000085300000, 0x0000000085400000|  0%| F|  |TAMS 0x0000000085300000, 0x0000000085300000| Untracked 
|  56|0x0000000085400000, 0x0000000085400000, 0x0000000085500000|  0%| F|  |TAMS 0x0000000085400000, 0x0000000085400000| Untracked 
|  57|0x0000000085500000, 0x0000000085500000, 0x0000000085600000|  0%| F|  |TAMS 0x0000000085500000, 0x0000000085500000| Untracked 
|  58|0x0000000085600000, 0x0000000085600000, 0x0000000085700000|  0%| F|  |TAMS 0x0000000085600000, 0x0000000085600000| Untracked 
|  59|0x0000000085700000, 0x0000000085700000, 0x0000000085800000|  0%| F|  |TAMS 0x0000000085700000, 0x0000000085700000| Untracked 
|  60|0x0000000085800000, 0x0000000085800000, 0x0000000085900000|  0%| F|  |TAMS 0x0000000085800000, 0x0000000085800000| Untracked 
|  61|0x0000000085900000, 0x0000000085900000, 0x0000000085a00000|  0%| F|  |TAMS 0x0000000085900000, 0x0000000085900000| Untracked 
|  62|0x0000000085a00000, 0x0000000085a00000, 0x0000000085b00000|  0%| F|  |TAMS 0x0000000085a00000, 0x0000000085a00000| Untracked 
|  63|0x0000000085b00000, 0x0000000085b00000, 0x0000000085c00000|  0%| F|  |TAMS 0x0000000085b00000, 0x0000000085b00000| Untracked 
|  64|0x0000000085c00000, 0x0000000085c00000, 0x0000000085d00000|  0%| F|  |TAMS 0x0000000085c00000, 0x0000000085c00000| Untracked 
|  65|0x0000000085d00000, 0x0000000085d00000, 0x0000000085e00000|  0%| F|  |TAMS 0x0000000085d00000, 0x0000000085d00000| Untracked 
|  66|0x0000000085e00000, 0x0000000085e00000, 0x0000000085f00000|  0%| F|  |TAMS 0x0000000085e00000, 0x0000000085e00000| Untracked 
|  67|0x0000000085f00000, 0x0000000085f00000, 0x0000000086000000|  0%| F|  |TAMS 0x0000000085f00000, 0x0000000085f00000| Untracked 
|  68|0x0000000086000000, 0x0000000086000000, 0x0000000086100000|  0%| F|  |TAMS 0x0000000086000000, 0x0000000086000000| Untracked 
|  69|0x0000000086100000, 0x0000000086100000, 0x0000000086200000|  0%| F|  |TAMS 0x0000000086100000, 0x0000000086100000| Untracked 
|  70|0x0000000086200000, 0x0000000086200000, 0x0000000086300000|  0%| F|  |TAMS 0x0000000086200000, 0x0000000086200000| Untracked 
|  71|0x0000000086300000, 0x0000000086300000, 0x0000000086400000|  0%| F|  |TAMS 0x0000000086300000, 0x0000000086300000| Untracked 
|  72|0x0000000086400000, 0x0000000086400000, 0x0000000086500000|  0%| F|  |TAMS 0x0000000086400000, 0x0000000086400000| Untracked 
|  73|0x0000000086500000, 0x0000000086500000, 0x0000000086600000|  0%| F|  |TAMS 0x0000000086500000, 0x0000000086500000| Untracked 
|  74|0x0000000086600000, 0x0000000086600000, 0x0000000086700000|  0%| F|  |TAMS 0x0000000086600000, 0x0000000086600000| Untracked 
|  75|0x0000000086700000, 0x0000000086700000, 0x0000000086800000|  0%| F|  |TAMS 0x0000000086700000, 0x0000000086700000| Untracked 
|  76|0x0000000086800000, 0x0000000086800000, 0x0000000086900000|  0%| F|  |TAMS 0x0000000086800000, 0x0000000086800000| Untracked 
|  77|0x0000000086900000, 0x0000000086900000, 0x0000000086a00000|  0%| F|  |TAMS 0x0000000086900000, 0x0000000086900000| Untracked 
|  78|0x0000000086a00000, 0x0000000086a00000, 0x0000000086b00000|  0%| F|  |TAMS 0x0000000086a00000, 0x0000000086a00000| Untracked 
|  79|0x0000000086b00000, 0x0000000086b00000, 0x0000000086c00000|  0%| F|  |TAMS 0x0000000086b00000, 0x0000000086b00000| Untracked 
|  80|0x0000000086c00000, 0x0000000086c00000, 0x0000000086d00000|  0%| F|  |TAMS 0x0000000086c00000, 0x0000000086c00000| Untracked 
|  81|0x0000000086d00000, 0x0000000086d00000, 0x0000000086e00000|  0%| F|  |TAMS 0x0000000086d00000, 0x0000000086d00000| Untracked 
|  82|0x0000000086e00000, 0x0000000086e00000, 0x0000000086f00000|  0%| F|  |TAMS 0x0000000086e00000, 0x0000000086e00000| Untracked 
|  83|0x0000000086f00000, 0x0000000086f00000, 0x0000000087000000|  0%| F|  |TAMS 0x0000000086f00000, 0x0000000086f00000| Untracked 
|  84|0x0000000087000000, 0x0000000087000000, 0x0000000087100000|  0%| F|  |TAMS 0x0000000087000000, 0x0000000087000000| Untracked 
|  85|0x0000000087100000, 0x0000000087100000, 0x0000000087200000|  0%| F|  |TAMS 0x0000000087100000, 0x0000000087100000| Untracked 
|  86|0x0000000087200000, 0x0000000087200000, 0x0000000087300000|  0%| F|  |TAMS 0x0000000087200000, 0x0000000087200000| Untracked 
|  87|0x0000000087300000, 0x0000000087300000, 0x0000000087400000|  0%| F|  |TAMS 0x0000000087300000, 0x0000000087300000| Untracked 
|  88|0x0000000087400000, 0x0000000087400000, 0x0000000087500000|  0%| F|  |TAMS 0x0000000087400000, 0x0000000087400000| Untracked 
|  89|0x0000000087500000, 0x0000000087500000, 0x0000000087600000|  0%| F|  |TAMS 0x0000000087500000, 0x0000000087500000| Untracked 
|  90|0x0000000087600000, 0x0000000087600000, 0x0000000087700000|  0%| F|  |TAMS 0x0000000087600000, 0x0000000087600000| Untracked 
|  91|0x0000000087700000, 0x0000000087700000, 0x0000000087800000|  0%| F|  |TAMS 0x0000000087700000, 0x0000000087700000| Untracked 
|  92|0x0000000087800000, 0x0000000087800000, 0x0000000087900000|  0%| F|  |TAMS 0x0000000087800000, 0x0000000087800000| Untracked 
|  93|0x0000000087900000, 0x0000000087900000, 0x0000000087a00000|  0%| F|  |TAMS 0x0000000087900000, 0x0000000087900000| Untracked 
|  94|0x0000000087a00000, 0x0000000087a00000, 0x0000000087b00000|  0%| F|  |TAMS 0x0000000087a00000, 0x0000000087a00000| Untracked 
|  95|0x0000000087b00000, 0x0000000087b00000, 0x0000000087c00000|  0%| F|  |TAMS 0x0000000087b00000, 0x0000000087b00000| Untracked 
|  96|0x0000000087c00000, 0x0000000087c00000, 0x0000000087d00000|  0%| F|  |TAMS 0x0000000087c00000, 0x0000000087c00000| Untracked 
|  97|0x0000000087d00000, 0x0000000087d00000, 0x0000000087e00000|  0%| F|  |TAMS 0x0000000087d00000, 0x0000000087d00000| Untracked 
|  98|0x0000000087e00000, 0x0000000087e00000, 0x0000000087f00000|  0%| F|  |TAMS 0x0000000087e00000, 0x0000000087e00000| Untracked 
|  99|0x0000000087f00000, 0x0000000087f00000, 0x0000000088000000|  0%| F|  |TAMS 0x0000000087f00000, 0x0000000087f00000| Untracked 
| 100|0x0000000088000000, 0x0000000088000000, 0x0000000088100000|  0%| F|  |TAMS 0x0000000088000000, 0x0000000088000000| Untracked 
| 101|0x0000000088100000, 0x0000000088100000, 0x0000000088200000|  0%| F|  |TAMS 0x0000000088100000, 0x0000000088100000| Untracked 
| 102|0x0000000088200000, 0x0000000088200000, 0x0000000088300000|  0%| F|  |TAMS 0x0000000088200000, 0x0000000088200000| Untracked 
| 103|0x0000000088300000, 0x0000000088300000, 0x0000000088400000|  0%| F|  |TAMS 0x0000000088300000, 0x0000000088300000| Untracked 
| 104|0x0000000088400000, 0x0000000088400000, 0x0000000088500000|  0%| F|  |TAMS 0x0000000088400000, 0x0000000088400000| Untracked 
| 105|0x0000000088500000, 0x0000000088500000, 0x0000000088600000|  0%| F|  |TAMS 0x0000000088500000, 0x0000000088500000| Untracked 
| 106|0x0000000088600000, 0x0000000088600000, 0x0000000088700000|  0%| F|  |TAMS 0x0000000088600000, 0x0000000088600000| Untracked 
| 107|0x0000000088700000, 0x0000000088800000, 0x0000000088800000|100%| S|CS|TAMS 0x0000000088700000, 0x0000000088700000| Complete 
| 108|0x0000000088800000, 0x0000000088900000, 0x0000000088900000|100%| S|CS|TAMS 0x0000000088800000, 0x0000000088800000| Complete 
| 109|0x0000000088900000, 0x0000000088a00000, 0x0000000088a00000|100%| S|CS|TAMS 0x0000000088900000, 0x0000000088900000| Complete 
| 110|0x0000000088a00000, 0x0000000088a00000, 0x0000000088b00000|  0%| F|  |TAMS 0x0000000088a00000, 0x0000000088a00000| Untracked 
| 111|0x0000000088b00000, 0x0000000088b00000, 0x0000000088c00000|  0%| F|  |TAMS 0x0000000088b00000, 0x0000000088b00000| Untracked 
| 112|0x0000000088c00000, 0x0000000088c00000, 0x0000000088d00000|  0%| F|  |TAMS 0x0000000088c00000, 0x0000000088c00000| Untracked 
| 113|0x0000000088d00000, 0x0000000088d00000, 0x0000000088e00000|  0%| F|  |TAMS 0x0000000088d00000, 0x0000000088d00000| Untracked 
| 114|0x0000000088e00000, 0x0000000088e00000, 0x0000000088f00000|  0%| F|  |TAMS 0x0000000088e00000, 0x0000000088e00000| Untracked 
| 115|0x0000000088f00000, 0x0000000088f80800, 0x0000000089000000| 50%| E|  |TAMS 0x0000000088f00000, 0x0000000088f00000| Complete 
| 116|0x0000000089000000, 0x0000000089100000, 0x0000000089100000|100%| E|CS|TAMS 0x0000000089000000, 0x0000000089000000| Complete 
| 117|0x0000000089100000, 0x0000000089200000, 0x0000000089200000|100%| E|CS|TAMS 0x0000000089100000, 0x0000000089100000| Complete 
| 118|0x0000000089200000, 0x0000000089300000, 0x0000000089300000|100%| E|CS|TAMS 0x0000000089200000, 0x0000000089200000| Complete 
| 119|0x0000000089300000, 0x0000000089400000, 0x0000000089400000|100%| E|CS|TAMS 0x0000000089300000, 0x0000000089300000| Complete 
| 120|0x0000000089400000, 0x0000000089500000, 0x0000000089500000|100%| E|CS|TAMS 0x0000000089400000, 0x0000000089400000| Complete 
| 121|0x0000000089500000, 0x0000000089600000, 0x0000000089600000|100%| E|CS|TAMS 0x0000000089500000, 0x0000000089500000| Complete 
| 122|0x0000000089600000, 0x0000000089700000, 0x0000000089700000|100%| E|CS|TAMS 0x0000000089600000, 0x0000000089600000| Complete 
| 123|0x0000000089700000, 0x0000000089800000, 0x0000000089800000|100%| E|CS|TAMS 0x0000000089700000, 0x0000000089700000| Complete 
| 124|0x0000000089800000, 0x0000000089900000, 0x0000000089900000|100%| E|CS|TAMS 0x0000000089800000, 0x0000000089800000| Complete 
| 125|0x0000000089900000, 0x0000000089a00000, 0x0000000089a00000|100%| E|CS|TAMS 0x0000000089900000, 0x0000000089900000| Complete 
| 126|0x0000000089a00000, 0x0000000089b00000, 0x0000000089b00000|100%| E|CS|TAMS 0x0000000089a00000, 0x0000000089a00000| Complete 
| 127|0x0000000089b00000, 0x0000000089c00000, 0x0000000089c00000|100%| E|CS|TAMS 0x0000000089b00000, 0x0000000089b00000| Complete 

Card table byte_map: [0x00000275ae1c0000,0x00000275ae5c0000] _byte_map_base: 0x00000275addb2000

Marking Bits (Prev, Next): (CMBitMap*) 0x000002759499d068, (CMBitMap*) 0x000002759499d0a0
 Prev Bits: [0x00000275ae9c0000, 0x00000275b0950000)
 Next Bits: [0x00000275b0950000, 0x00000275b28e0000)

Polling page: 0x00000275949e0000

Metaspace:

Usage:
  Non-class:     27.55 MB capacity,    27.14 MB ( 99%) used,   369.46 KB (  1%) free+waste,    46.56 KB ( <1%) overhead. 
      Class:      3.49 MB capacity,     3.24 MB ( 93%) used,   243.64 KB (  7%) free+waste,    19.50 KB ( <1%) overhead. 
       Both:     31.04 MB capacity,    30.38 MB ( 98%) used,   613.10 KB (  2%) free+waste,    66.06 KB ( <1%) overhead. 

Virtual space:
  Non-class space:       36.00 MB reserved,      27.67 MB ( 77%) committed 
      Class space:        1.00 GB reserved,       3.50 MB ( <1%) committed 
             Both:        1.04 GB reserved,      31.17 MB (  3%) committed 

Chunk freelists:
   Non-Class:  7.75 KB
       Class:  896 bytes
        Both:  8.63 KB

CodeHeap 'non-profiled nmethods': size=120064Kb used=3028Kb max_used=3028Kb free=117035Kb
 bounds [0x00000275a6880000, 0x00000275a6b80000, 0x00000275addc0000]
CodeHeap 'profiled nmethods': size=120000Kb used=10792Kb max_used=10792Kb free=109207Kb
 bounds [0x000002759f350000, 0x000002759fde0000, 0x00000275a6880000]
CodeHeap 'non-nmethods': size=5696Kb used=1140Kb max_used=1176Kb free=4555Kb
 bounds [0x000002759edc0000, 0x000002759f030000, 0x000002759f350000]
 total_blobs=6442 nmethods=4679 adapters=378
 compilation: enabled
              stopped_count=0, restarted_count=0
 full_count=0

Compilation events (10 events):
Event: 18.184 Thread 0x00000275b4df2000 nmethod 4571 0x000002759fd97d90 code [0x000002759fd97f40, 0x000002759fd98198]
Event: 18.184 Thread 0x00000275b4df2000 4572       1       jdk.nio.zipfs.ZipFileSystem$IndexNode::hashCode (5 bytes)
Event: 18.184 Thread 0x00000275b4df2000 nmethod 4572 0x00000275a6b70c90 code [0x00000275a6b70e40, 0x00000275a6b70f58]
Event: 18.185 Thread 0x00000275b4df2000 4573       3       jdk.nio.zipfs.ZipFileSystem$IndexNode::name (14 bytes)
Event: 18.185 Thread 0x00000275b4df2000 nmethod 4573 0x000002759fd98290 code [0x000002759fd98460, 0x000002759fd98650]
Event: 18.185 Thread 0x00000275b4df2000 4574       3       jdk.nio.zipfs.ZipConstants::pkSigAt (60 bytes)
Event: 18.186 Thread 0x00000275b4df2000 nmethod 4574 0x000002759fd98710 code [0x000002759fd988e0, 0x000002759fd98c18]
Event: 18.186 Thread 0x00000275b4df2000 4576       3       jdk.internal.misc.Unsafe::getLongUnaligned (173 bytes)
Event: 18.187 Thread 0x00000275b4df2000 nmethod 4576 0x000002759fd98d90 code [0x000002759fd98fa0, 0x000002759fd995c0]
Event: 18.187 Thread 0x00000275b4df2000 4577       3       java.util.Arrays::rangeCheck (74 bytes)

GC Heap History (10 events):
Event: 9.779 GC heap before
{Heap before GC invocations=3 (full 0):
 garbage-first heap   total 131072K, used 48835K [0x0000000081c00000, 0x0000000100000000)
  region size 1024K, 46 young (47104K), 2 survivors (2048K)
 Metaspace       used 20831K, capacity 21113K, committed 21296K, reserved 1069056K
  class space    used 2229K, capacity 2358K, committed 2432K, reserved 1048576K
}
Event: 9.796 GC heap after
{Heap after GC invocations=4 (full 0):
 garbage-first heap   total 131072K, used 9470K [0x0000000081c00000, 0x0000000100000000)
  region size 1024K, 6 young (6144K), 6 survivors (6144K)
 Metaspace       used 20831K, capacity 21113K, committed 21296K, reserved 1069056K
  class space    used 2229K, capacity 2358K, committed 2432K, reserved 1048576K
}
Event: 12.566 GC heap before
{Heap before GC invocations=5 (full 0):
 garbage-first heap   total 131072K, used 73982K [0x0000000081c00000, 0x0000000100000000)
  region size 1024K, 69 young (70656K), 6 survivors (6144K)
 Metaspace       used 21571K, capacity 21944K, committed 22064K, reserved 1069056K
  class space    used 2267K, capacity 2399K, committed 2432K, reserved 1048576K
}
Event: 12.599 GC heap after
{Heap after GC invocations=6 (full 0):
 garbage-first heap   total 131072K, used 15917K [0x0000000081c00000, 0x0000000100000000)
  region size 1024K, 7 young (7168K), 7 survivors (7168K)
 Metaspace       used 21571K, capacity 21944K, committed 22064K, reserved 1069056K
  class space    used 2267K, capacity 2399K, committed 2432K, reserved 1048576K
}
Event: 15.047 GC heap before
{Heap before GC invocations=6 (full 0):
 garbage-first heap   total 131072K, used 83501K [0x0000000081c00000, 0x0000000100000000)
  region size 1024K, 73 young (74752K), 7 survivors (7168K)
 Metaspace       used 22110K, capacity 22463K, committed 22576K, reserved 1069056K
  class space    used 2283K, capacity 2401K, committed 2432K, reserved 1048576K
}
Event: 15.070 GC heap after
{Heap after GC invocations=7 (full 0):
 garbage-first heap   total 131072K, used 20735K [0x0000000081c00000, 0x0000000100000000)
  region size 1024K, 6 young (6144K), 6 survivors (6144K)
 Metaspace       used 22110K, capacity 22463K, committed 22576K, reserved 1069056K
  class space    used 2283K, capacity 2401K, committed 2432K, reserved 1048576K
}
Event: 17.183 GC heap before
{Heap before GC invocations=7 (full 0):
 garbage-first heap   total 131072K, used 92415K [0x0000000081c00000, 0x0000000100000000)
  region size 1024K, 76 young (77824K), 6 survivors (6144K)
 Metaspace       used 25237K, capacity 25774K, committed 25904K, reserved 1073152K
  class space    used 2623K, capacity 2826K, committed 2944K, reserved 1048576K
}
Event: 17.199 GC heap after
{Heap after GC invocations=8 (full 0):
 garbage-first heap   total 131072K, used 23378K [0x0000000081c00000, 0x0000000100000000)
  region size 1024K, 7 young (7168K), 7 survivors (7168K)
 Metaspace       used 25237K, capacity 25774K, committed 25904K, reserved 1073152K
  class space    used 2623K, capacity 2826K, committed 2944K, reserved 1048576K
}
Event: 17.607 GC heap before
{Heap before GC invocations=8 (full 0):
 garbage-first heap   total 131072K, used 39762K [0x0000000081c00000, 0x0000000100000000)
  region size 1024K, 25 young (25600K), 7 survivors (7168K)
 Metaspace       used 26073K, capacity 26625K, committed 26672K, reserved 1079296K
  class space    used 2723K, capacity 2941K, committed 2944K, reserved 1048576K
}
Event: 17.623 GC heap after
{Heap after GC invocations=9 (full 0):
 garbage-first heap   total 131072K, used 22868K [0x0000000081c00000, 0x0000000100000000)
  region size 1024K, 3 young (3072K), 3 survivors (3072K)
 Metaspace       used 26073K, capacity 26625K, committed 26672K, reserved 1079296K
  class space    used 2723K, capacity 2941K, committed 2944K, reserved 1048576K
}

Deoptimization events (10 events):
Event: 17.407 Thread 0x0000027596a3f000 Uncommon trap: reason=unstable_if action=reinterpret pc=0x00000275a6b51a24 method=java.util.jar.Manifest$FastInputStream.readLine([BII)I @ 106 c2
Event: 17.942 Thread 0x0000027596a3f000 Uncommon trap: reason=unstable_if action=reinterpret pc=0x00000275a6b6637c method=java.io.WinNTFileSystem.prefixLength(Ljava/lang/String;)I @ 25 c2
Event: 17.946 Thread 0x0000027596a3f000 Uncommon trap: reason=class_check action=maybe_recompile pc=0x00000275a68bce28 method=jdk.internal.loader.URLClassPath.getLoader(I)Ljdk/internal/loader/URLClassPath$Loader; @ 88 c2
Event: 17.946 Thread 0x0000027596a3f000 Uncommon trap: reason=class_check action=maybe_recompile pc=0x00000275a68bce28 method=jdk.internal.loader.URLClassPath.getLoader(I)Ljdk/internal/loader/URLClassPath$Loader; @ 88 c2
Event: 17.968 Thread 0x0000027596a3f000 Uncommon trap: reason=unloaded action=reinterpret pc=0x00000275a68c9994 method=jdk.internal.loader.URLClassPath$JarLoader.ensureOpen()V @ 26 c2
Event: 18.019 Thread 0x0000027596a3f000 Uncommon trap: reason=unstable_if action=reinterpret pc=0x00000275a699e8b8 method=java.util.regex.Pattern$BmpCharPropertyGreedy.match(Ljava/util/regex/Matcher;ILjava/lang/CharSequence;)Z @ 73 c2
Event: 18.037 Thread 0x0000027596a3f000 Uncommon trap: reason=unstable_if action=reinterpret pc=0x00000275a6adc3b8 method=java.lang.CharacterDataLatin1.digit(II)I @ 7 c2
Event: 18.050 Thread 0x0000027596a3f000 Uncommon trap: reason=class_check action=maybe_recompile pc=0x00000275a6b1cc10 method=java.lang.AbstractStringBuilder.append(Ljava/lang/CharSequence;)Ljava/lang/AbstractStringBuilder; @ 10 c2
Event: 18.052 Thread 0x0000027596a3f000 Uncommon trap: reason=null_check action=make_not_entrant pc=0x00000275a6b3ed54 method=java.util.TimSort.binarySort([Ljava/lang/Object;IIILjava/util/Comparator;)V @ 183 c2
Event: 18.108 Thread 0x0000027596a3f000 Uncommon trap: reason=unstable_if action=reinterpret pc=0x00000275a6b5a198 method=sun.nio.fs.WindowsPathParser.nextNonSlash(Ljava/lang/String;II)I @ 2 c2

Classes redefined (0 events):
No events

Internal exceptions (10 events):
Event: 17.969 Thread 0x0000027596a3f000 Exception <a 'java/security/PrivilegedActionException'{0x00000000898b93e0}> (0x00000000898b93e0) thrown at [t:/workspace/open/src/hotspot/share/prims/jvm.cpp, line 1296]
Event: 17.969 Thread 0x0000027596a3f000 Exception <a 'java/security/PrivilegedActionException'{0x00000000898ba878}> (0x00000000898ba878) thrown at [t:/workspace/open/src/hotspot/share/prims/jvm.cpp, line 1296]
Event: 17.969 Thread 0x0000027596a3f000 Exception <a 'java/security/PrivilegedActionException'{0x00000000898bb098}> (0x00000000898bb098) thrown at [t:/workspace/open/src/hotspot/share/prims/jvm.cpp, line 1296]
Event: 17.969 Thread 0x0000027596a3f000 Exception <a 'java/security/PrivilegedActionException'{0x00000000898bc570}> (0x00000000898bc570) thrown at [t:/workspace/open/src/hotspot/share/prims/jvm.cpp, line 1296]
Event: 17.969 Thread 0x0000027596a3f000 Exception <a 'java/security/PrivilegedActionException'{0x00000000898bcd90}> (0x00000000898bcd90) thrown at [t:/workspace/open/src/hotspot/share/prims/jvm.cpp, line 1296]
Event: 17.969 Thread 0x0000027596a3f000 Exception <a 'java/security/PrivilegedActionException'{0x00000000898be2d8}> (0x00000000898be2d8) thrown at [t:/workspace/open/src/hotspot/share/prims/jvm.cpp, line 1296]
Event: 17.969 Thread 0x0000027596a3f000 Exception <a 'java/security/PrivilegedActionException'{0x00000000898beaf8}> (0x00000000898beaf8) thrown at [t:/workspace/open/src/hotspot/share/prims/jvm.cpp, line 1296]
Event: 18.052 Thread 0x0000027596a3f000 Implicit null exception at 0x00000275a6b3e473 to 0x00000275a6b3ed0a
Event: 18.108 Thread 0x0000027596a3f000 Exception <a 'sun/nio/fs/WindowsException'{0x000000008913ec78}> (0x000000008913ec78) thrown at [t:/workspace/open/src/hotspot/share/prims/jni.cpp, line 615]
Event: 18.113 Thread 0x0000027596a3f000 Exception <a 'sun/nio/fs/WindowsException'{0x000000008914b198}> (0x000000008914b198) thrown at [t:/workspace/open/src/hotspot/share/prims/jni.cpp, line 615]

Events (10 events):
Event: 18.168 loading class java/nio/file/FileTreeWalker$DirectoryNode
Event: 18.168 loading class java/nio/file/FileTreeWalker$DirectoryNode done
Event: 18.168 loading class java/nio/file/FileTreeWalker$Event
Event: 18.168 loading class java/nio/file/FileTreeWalker$Event done
Event: 18.168 loading class java/nio/file/FileTreeWalker$EventType
Event: 18.168 loading class java/nio/file/FileTreeWalker$EventType done
Event: 18.168 loading class java/nio/file/Files$3
Event: 18.168 loading class java/nio/file/Files$3 done
Event: 18.169 loading class java/nio/file/FileVisitResult
Event: 18.169 loading class java/nio/file/FileVisitResult done


Dynamic libraries:
0x00007ff771bb0000 - 0x00007ff771bf7000 	C:\Program Files\Java\jdk-11.0.6\bin\java.exe
0x00007ffc97240000 - 0x00007ffc97430000 	C:\WINDOWS\SYSTEM32\ntdll.dll
0x00007ffc95d20000 - 0x00007ffc95dd2000 	C:\WINDOWS\System32\KERNEL32.DLL
0x00007ffc942d0000 - 0x00007ffc94573000 	C:\WINDOWS\System32\KERNELBASE.dll
0x00007ffc95ec0000 - 0x00007ffc95f63000 	C:\WINDOWS\System32\ADVAPI32.dll
0x00007ffc96880000 - 0x00007ffc9691e000 	C:\WINDOWS\System32\msvcrt.dll
0x00007ffc95c80000 - 0x00007ffc95d17000 	C:\WINDOWS\System32\sechost.dll
0x00007ffc96130000 - 0x00007ffc96250000 	C:\WINDOWS\System32\RPCRT4.dll
0x00007ffc95f80000 - 0x00007ffc96114000 	C:\WINDOWS\System32\USER32.dll
0x00007ffc95150000 - 0x00007ffc95171000 	C:\WINDOWS\System32\win32u.dll
0x00007ffc95de0000 - 0x00007ffc95e06000 	C:\WINDOWS\System32\GDI32.dll
0x00007ffc94650000 - 0x00007ffc947e4000 	C:\WINDOWS\System32\gdi32full.dll
0x00007ffc952d0000 - 0x00007ffc9536e000 	C:\WINDOWS\System32\msvcp_win.dll
0x00007ffc95050000 - 0x00007ffc9514a000 	C:\WINDOWS\System32\ucrtbase.dll
0x00007ffc849c0000 - 0x00007ffc84c45000 	C:\WINDOWS\WinSxS\amd64_microsoft.windows.common-controls_6595b64144ccf1df_6.0.18362.720_none_e6beb5c51314836b\COMCTL32.dll
0x00007ffc88d10000 - 0x00007ffc88d1a000 	C:\WINDOWS\SYSTEM32\VERSION.dll
0x00007ffc96410000 - 0x00007ffc96746000 	C:\WINDOWS\System32\combase.dll
0x00007ffc94fd0000 - 0x00007ffc95050000 	C:\WINDOWS\System32\bcryptPrimitives.dll
0x00007ffc96250000 - 0x00007ffc9627e000 	C:\WINDOWS\System32\IMM32.DLL
0x00007ffc6e140000 - 0x00007ffc6e156000 	C:\Program Files\Java\jdk-11.0.6\bin\vcruntime140.dll
0x00007ffc67b90000 - 0x00007ffc67c3a000 	C:\Program Files\Java\jdk-11.0.6\bin\msvcp140.dll
0x00007ffc402f0000 - 0x00007ffc40e19000 	C:\Program Files\Java\jdk-11.0.6\bin\server\jvm.dll
0x00007ffc95f70000 - 0x00007ffc95f78000 	C:\WINDOWS\System32\PSAPI.DLL
0x00007ffc7f150000 - 0x00007ffc7f159000 	C:\WINDOWS\SYSTEM32\WSOCK32.dll
0x00007ffc97010000 - 0x00007ffc9707f000 	C:\WINDOWS\System32\WS2_32.dll
0x00007ffc90260000 - 0x00007ffc90284000 	C:\WINDOWS\SYSTEM32\WINMM.dll
0x00007ffc90230000 - 0x00007ffc9025d000 	C:\WINDOWS\SYSTEM32\WINMMBASE.dll
0x00007ffc94250000 - 0x00007ffc9429a000 	C:\WINDOWS\System32\cfgmgr32.dll
0x00007ffc94190000 - 0x00007ffc941a1000 	C:\WINDOWS\System32\kernel.appcore.dll
0x00007ffc6e120000 - 0x00007ffc6e131000 	C:\Program Files\Java\jdk-11.0.6\bin\verify.dll
0x00007ffc92a50000 - 0x00007ffc92c44000 	C:\WINDOWS\SYSTEM32\DBGHELP.DLL
0x00007ffc7e740000 - 0x00007ffc7e76a000 	C:\WINDOWS\SYSTEM32\dbgcore.DLL
0x00007ffc6d390000 - 0x00007ffc6d3b9000 	C:\Program Files\Java\jdk-11.0.6\bin\java.dll
0x00007ffc6a050000 - 0x00007ffc6a07f000 	C:\Program Files\Java\jdk-11.0.6\bin\instrument.dll
0x00007ffc6c1c0000 - 0x00007ffc6c1d6000 	C:\Program Files\Java\jdk-11.0.6\bin\zip.dll
0x00007ffc766a0000 - 0x00007ffc766aa000 	C:\Program Files\Java\jdk-11.0.6\bin\jimage.dll
0x00007ffc96920000 - 0x00007ffc97005000 	C:\WINDOWS\System32\SHELL32.dll
0x00007ffc95e10000 - 0x00007ffc95eb9000 	C:\WINDOWS\System32\shcore.dll
0x00007ffc94850000 - 0x00007ffc94fd0000 	C:\WINDOWS\System32\windows.storage.dll
0x00007ffc94200000 - 0x00007ffc94223000 	C:\WINDOWS\System32\profapi.dll
0x00007ffc941b0000 - 0x00007ffc941fa000 	C:\WINDOWS\System32\powrprof.dll
0x00007ffc94180000 - 0x00007ffc94190000 	C:\WINDOWS\System32\UMPDC.dll
0x00007ffc96820000 - 0x00007ffc96872000 	C:\WINDOWS\System32\shlwapi.dll
0x00007ffc94630000 - 0x00007ffc94647000 	C:\WINDOWS\System32\cryptsp.dll
0x00007ffc6a030000 - 0x00007ffc6a049000 	C:\Program Files\Java\jdk-11.0.6\bin\net.dll
0x00007ffc88520000 - 0x00007ffc88611000 	C:\WINDOWS\SYSTEM32\WINHTTP.dll
0x00007ffc939f0000 - 0x00007ffc93a57000 	C:\WINDOWS\system32\mswsock.dll
0x00007ffc6a010000 - 0x00007ffc6a023000 	C:\Program Files\Java\jdk-11.0.6\bin\nio.dll
0x00007ffc691b0000 - 0x00007ffc691ca000 	C:\Program Files\JetBrains\IntelliJ IDEA Community Edition 2019.3.4\bin\breakgen64.dll
0x00007ffc93560000 - 0x00007ffc93593000 	C:\WINDOWS\system32\rsaenh.dll
0x00007ffc942a0000 - 0x00007ffc942c6000 	C:\WINDOWS\System32\bcrypt.dll
0x00007ffc94070000 - 0x00007ffc94095000 	C:\WINDOWS\SYSTEM32\USERENV.dll
0x00007ffc93bc0000 - 0x00007ffc93bcc000 	C:\WINDOWS\SYSTEM32\CRYPTBASE.dll
0x00007ffc93700000 - 0x00007ffc9373a000 	C:\WINDOWS\SYSTEM32\IPHLPAPI.DLL
0x00007ffc95640000 - 0x00007ffc95648000 	C:\WINDOWS\System32\NSI.dll
0x00007ffc88b90000 - 0x00007ffc88ba6000 	C:\WINDOWS\SYSTEM32\dhcpcsvc6.DLL
0x00007ffc88c80000 - 0x00007ffc88c9c000 	C:\WINDOWS\SYSTEM32\dhcpcsvc.DLL
0x00007ffc93750000 - 0x00007ffc9381a000 	C:\WINDOWS\SYSTEM32\DNSAPI.dll
0x00007ffc75480000 - 0x00007ffc7548a000 	C:\Users\Dhanushguntha\AppData\Local\Temp\jansi-1.17.1-12670787462412174612.dll
0x00007ffc741d0000 - 0x00007ffc741da000 	C:\Users\Dhanushguntha\AppData\Local\Temp\jansi-1.17.1-11261850078754854704.dll

dbghelp: loaded successfully - version: 4.0.5 - missing functions: none
symbol engine: initialized successfully - sym options: 0x614 - pdb path: .;C:\Program Files\Java\jdk-11.0.6\bin;C:\WINDOWS\SYSTEM32;C:\WINDOWS\WinSxS\amd64_microsoft.windows.common-controls_6595b64144ccf1df_6.0.18362.720_none_e6beb5c51314836b;C:\Program Files\Java\jdk-11.0.6\bin\server;C:\Program Files\JetBrains\IntelliJ IDEA Community Edition 2019.3.4\bin;C:\Users\Dhanushguntha\AppData\Local\Temp

VM Arguments:
jvm_args: -Dmaven.multiModuleProjectDirectory=C:\Users\Dhanushguntha\Desktop\webcontroller\webcontroller -Dmaven.home=C:\Program Files\JetBrains\IntelliJ IDEA Community Edition 2019.3.4\plugins\maven\lib\maven3 -Dclassworlds.conf=C:\Program Files\JetBrains\IntelliJ IDEA Community Edition 2019.3.4\plugins\maven\lib\maven3\bin\m2.conf -Dmaven.ext.class.path=C:\Program Files\JetBrains\IntelliJ IDEA Community Edition 2019.3.4\plugins\maven\lib\maven-event-listener.jar -javaagent:C:\Program Files\JetBrains\IntelliJ IDEA Community Edition 2019.3.4\lib\idea_rt.jar=54744:C:\Program Files\JetBrains\IntelliJ IDEA Community Edition 2019.3.4\bin -Dfile.encoding=UTF-8 
java_command: org.codehaus.classworlds.Launcher -Didea.version2019.3.4 spring-boot:run
java_class_path (initial): C:\Program Files\JetBrains\IntelliJ IDEA Community Edition 2019.3.4\plugins\maven\lib\maven3\boot\plexus-classworlds-2.6.0.jar
Launcher Type: SUN_STANDARD

[Global flags]
     intx CICompilerCount                          = 3                                         {product} {ergonomic}
     uint ConcGCThreads                            = 1                                         {product} {ergonomic}
     uint G1ConcRefinementThreads                  = 4                                         {product} {ergonomic}
   size_t G1HeapRegionSize                         = 1048576                                   {product} {ergonomic}
    uintx GCDrainStackTargetSize                   = 64                                        {product} {ergonomic}
   size_t InitialHeapSize                          = 134217728                                 {product} {ergonomic}
   size_t MarkStackSize                            = 4194304                                   {product} {ergonomic}
   size_t MaxHeapSize                              = 2118123520                                {product} {ergonomic}
   size_t MaxNewSize                               = 1270874112                                {product} {ergonomic}
   size_t MinHeapDeltaBytes                        = 1048576                                   {product} {ergonomic}
    uintx NonNMethodCodeHeapSize                   = 5830732                                {pd product} {ergonomic}
    uintx NonProfiledCodeHeapSize                  = 122913754                              {pd product} {ergonomic}
    uintx ProfiledCodeHeapSize                     = 122913754                              {pd product} {ergonomic}
    uintx ReservedCodeCacheSize                    = 251658240                              {pd product} {ergonomic}
     bool SegmentedCodeCache                       = true                                      {product} {ergonomic}
     bool UseCompressedClassPointers               = true                                 {lp64_product} {ergonomic}
     bool UseCompressedOops                        = true                                 {lp64_product} {ergonomic}
     bool UseG1GC                                  = true                                      {product} {ergonomic}
     bool UseLargePagesIndividualAllocation        = false                                  {pd product} {ergonomic}

Logging:
Log output configuration:
 #0: stdout all=warning uptime,level,tags
 #1: stderr all=off uptime,level,tags

Environment Variables:
JAVA_HOME=C:\Program Files\Java\jdk-11.0.6
PATH=C:\Program Files (x86)\Intel\iCLS Client\;C:\Program Files\Intel\iCLS Client\;C:\windows\system32;C:\windows;C:\windows\System32\Wbem;C:\windows\System32\WindowsPowerShell\v1.0\;C:\Program Files (x86)\Intel\Intel(R) Management Engine Components\DAL;C:\Program Files\Intel\Intel(R) Management Engine Components\DAL;C:\Program Files (x86)\Intel\Intel(R) Management Engine Components\IPT;C:\Program Files\Intel\Intel(R) Management Engine Components\IPT;C:\Program Files (x86)\NVIDIA Corporation\PhysX\Common;C:\WINDOWS\system32;C:\WINDOWS;C:\WINDOWS\System32\Wbem;C:\WINDOWS\System32\WindowsPowerShell\v1.0\;C:\WINDOWS\System32\OpenSSH\;C:\Program Files\Intel\WiFi\bin\;C:\Program Files\Common Files\Intel\WirelessCommon\;C:\Program Files\Git\cmd;C:\Program Files (x86)\Yarn\bin\;C:\Program Files\NVIDIA Corporation\NVIDIA NvDLISR;C:\Program Files\nodejs;C:\ProgramData\chocolatey\bin;C:\Program Files\nodejs\;C:\opt\apache-maven-3.6.3\bin;C:\Program Files\Java\jdk-11.0.6\bin;C:\Users\Dhanushguntha\AppData\Local\Programs\Python\Python38\Scripts\;C:\Users\Dhanushguntha\AppData\Local\Programs\Python\Python38\;C:\Users\Dhanushguntha\anaconda3;C:\Users\Dhanushguntha\anaconda3\Library\mingw-w64\bin;C:\Users\Dhanushguntha\anaconda3\Library\usr\bin;C:\Users\Dhanushguntha\anaconda3\Library\bin;C:\Users\Dhanushguntha\anaconda3\Scripts;C:\Users\Dhanushguntha\AppData\Local\Programs\Microsoft VS Code\bin;C:\Users\Dhanushguntha\AppData\Roaming\npm;C:\Users\Dhanushguntha\AppData\Local\Programs\Python\Python38-32\Scripts;
USERNAME=Dhanushguntha
OS=Windows_NT
PROCESSOR_IDENTIFIER=Intel64 Family 6 Model 142 Stepping 9, GenuineIntel



---------------  S Y S T E M  ---------------

OS: Windows 10 , 64 bit Build 18362 (10.0.18362.329)

CPU:total 4 (initial active 4) (2 cores per cpu, 2 threads per core) family 6 model 142 stepping 9, cmov, cx8, fxsr, mmx, sse, sse2, sse3, ssse3, sse4.1, sse4.2, popcnt, avx, avx2, aes, clmul, erms, 3dnowpref, lzcnt, ht, tsc, tscinvbit, bmi1, bmi2, adx, fma

Memory: 4k page, system-wide physical 8077M (966M free)
TotalPageFile size 8077M (AvailPageFile size 3M)
current process WorkingSet (physical memory assigned to process): 224M, peak: 224M
current process commit charge ("private bytes"): 277M, peak: 277M

vm_info: Java HotSpot(TM) 64-Bit Server VM (11.0.6+8-LTS) for windows-amd64 JRE (11.0.6+8-LTS), built on Dec 11 2019 09:17:57 by "mach5one" with MS VC++ 15.5 (VS2017)

END.
