#
# There is insufficient memory for the Java Runtime Environment to continue.
# Native memory allocation (malloc) failed to allocate 1048576 bytes for AllocateHeap
# Possible reasons:
#   The system is out of physical RAM or swap space
#   The process is running with CompressedOops enabled, and the Java Heap may be blocking the growth of the native heap
# Possible solutions:
#   Reduce memory load on the system
#   Increase physical memory or swap space
#   Check if swap backing store is full
#   Decrease Java heap size (-Xmx/-Xms)
#   Decrease number of Java threads
#   Decrease Java thread stack sizes (-Xss)
#   Set larger code cache with -XX:ReservedCodeCacheSize=
# This output file may be truncated or incomplete.
#
#  Out of Memory Error (t:/workspace/open/src/hotspot/share/memory/allocation.cpp:46), pid=5092, tid=7468
#
# JRE version:  (11.0.6+8) (build )
# Java VM: Java HotSpot(TM) 64-Bit Server VM (11.0.6+8-LTS, mixed mode, sharing, tiered, compressed oops, g1 gc, windows-amd64)
# No core dump will be written. Minidumps are not enabled by default on client versions of Windows
#

---------------  S U M M A R Y ------------

Command Line: C:\Users\DHANUS~1\AppData\Local\Temp\surefire6832201036931067761\surefirebooter545355554502046921.jar C:\Users\Dhanushguntha\AppData\Local\Temp\surefire6832201036931067761 2020-04-01T13-06-18_698-jvmRun1 surefire7390250952153275184tmp surefire_017384863092175957312tmp

Host: Intel(R) Core(TM) i5-7200U CPU @ 2.50GHz, 4 cores, 7G,  Windows 10 , 64 bit Build 18362 (10.0.18362.329)
Time: Wed Apr  1 13:06:19 2020 India Standard Time elapsed time: 0 seconds (0d 0h 0m 0s)

---------------  T H R E A D  ---------------

Current thread (0x0000026192f35800):  JavaThread "Unknown thread" [_thread_in_vm, id=7468, stack(0x0000009a93c00000,0x0000009a93d00000)]

Stack: [0x0000009a93c00000,0x0000009a93d00000]
Native frames: (J=compiled Java code, j=interpreted, Vv=VM code, C=native code)
V  [jvm.dll+0x63679a]
V  [jvm.dll+0x7755bf]
V  [jvm.dll+0x776c65]
V  [jvm.dll+0x7772d3]
V  [jvm.dll+0x25e7f8]
V  [jvm.dll+0xb9544]
V  [jvm.dll+0x2f889d]
V  [jvm.dll+0x2f2bb9]
V  [jvm.dll+0x74e707]
V  [jvm.dll+0x74fe7f]
V  [jvm.dll+0x373349]
V  [jvm.dll+0x734e5e]
V  [jvm.dll+0x3e2b5d]
V  [jvm.dll+0x3e4ef1]
C  [java.exe+0x3607]
C  [java.exe+0x178dc]
C  [KERNEL32.DLL+0x17bd4]
C  [ntdll.dll+0x6ced1]


---------------  P R O C E S S  ---------------

Threads class SMR info:
_java_thread_list=0x0000026190e94e10, length=0, elements={
}

Java Threads: ( => current thread )

Other Threads:
  0x0000026192f4d000 GCTaskThread "GC Thread#0" [stack: 0x0000009a93d00000,0x0000009a93e00000] [id=12736]

[error occurred during error reporting (printing all threads), id 0xc0000005, EXCEPTION_ACCESS_VIOLATION (0xc0000005) at pc=0x00007ffff25fd3e0]

VM state:not at safepoint (not fully initialized)

VM Mutex/Monitor currently owned by a thread:  ([mutex/lock_event])
[0x0000026192f33bf0] Heap_lock - owner thread: 0x0000026192f35800

Heap address: 0x0000000081c00000, size: 2020 MB, Compressed Oops mode: Non-zero based: 0x0000000081c00000
Narrow klass base: 0x0000000000000000, Narrow klass shift: 0

GC Heap History (0 events):
No events

Deoptimization events (0 events):
No events

Classes redefined (0 events):
No events

Internal exceptions (0 events):
No events

Events (0 events):
No events


Dynamic libraries:
0x00007ff6d41c0000 - 0x00007ff6d4207000 	C:\Program Files\Java\jdk-11.0.6\bin\java.exe
0x00007ff856d20000 - 0x00007ff856f10000 	C:\WINDOWS\SYSTEM32\ntdll.dll
0x00007ff855490000 - 0x00007ff855542000 	C:\WINDOWS\System32\KERNEL32.DLL
0x00007ff854170000 - 0x00007ff854413000 	C:\WINDOWS\System32\KERNELBASE.dll
0x00007ff856700000 - 0x00007ff8567a3000 	C:\WINDOWS\System32\ADVAPI32.dll
0x00007ff8565c0000 - 0x00007ff85665e000 	C:\WINDOWS\System32\msvcrt.dll
0x00007ff855570000 - 0x00007ff855607000 	C:\WINDOWS\System32\sechost.dll
0x00007ff855760000 - 0x00007ff855880000 	C:\WINDOWS\System32\RPCRT4.dll
0x00007ff855b90000 - 0x00007ff855d24000 	C:\WINDOWS\System32\USER32.dll
0x00007ff8546a0000 - 0x00007ff8546c1000 	C:\WINDOWS\System32\win32u.dll
0x00007ff8556c0000 - 0x00007ff8556e6000 	C:\WINDOWS\System32\GDI32.dll
0x00007ff853ee0000 - 0x00007ff854074000 	C:\WINDOWS\System32\gdi32full.dll
0x00007ff854080000 - 0x00007ff85411e000 	C:\WINDOWS\System32\msvcp_win.dll
0x00007ff8545a0000 - 0x00007ff85469a000 	C:\WINDOWS\System32\ucrtbase.dll
0x00007ff843b70000 - 0x00007ff843df5000 	C:\WINDOWS\WinSxS\amd64_microsoft.windows.common-controls_6595b64144ccf1df_6.0.18362.720_none_e6beb5c51314836b\COMCTL32.dll
0x00007ff848a80000 - 0x00007ff848a8a000 	C:\WINDOWS\SYSTEM32\VERSION.dll
0x00007ff855000000 - 0x00007ff855336000 	C:\WINDOWS\System32\combase.dll
0x00007ff854420000 - 0x00007ff8544a0000 	C:\WINDOWS\System32\bcryptPrimitives.dll
0x00007ff856660000 - 0x00007ff85668e000 	C:\WINDOWS\System32\IMM32.DLL
0x00007ff846a60000 - 0x00007ff846a76000 	C:\Program Files\Java\jdk-11.0.6\bin\vcruntime140.dll
0x00007ff8299a0000 - 0x00007ff829a4a000 	C:\Program Files\Java\jdk-11.0.6\bin\msvcp140.dll
0x00007ffff2300000 - 0x00007ffff2e29000 	C:\Program Files\Java\jdk-11.0.6\bin\server\jvm.dll
0x00007ff8565a0000 - 0x00007ff8565a8000 	C:\WINDOWS\System32\PSAPI.DLL
0x00007ff8417b0000 - 0x00007ff8417b9000 	C:\WINDOWS\SYSTEM32\WSOCK32.dll
0x00007ff84e880000 - 0x00007ff84e8a4000 	C:\WINDOWS\SYSTEM32\WINMM.dll
0x00007ff854e50000 - 0x00007ff854ebf000 	C:\WINDOWS\System32\WS2_32.dll
0x00007ff84e850000 - 0x00007ff84e87d000 	C:\WINDOWS\SYSTEM32\winmmbase.dll
0x00007ff854120000 - 0x00007ff85416a000 	C:\WINDOWS\System32\cfgmgr32.dll
0x00007ff853d10000 - 0x00007ff853d21000 	C:\WINDOWS\System32\kernel.appcore.dll
0x00007ff846a40000 - 0x00007ff846a51000 	C:\Program Files\Java\jdk-11.0.6\bin\verify.dll
0x00007ff852530000 - 0x00007ff852724000 	C:\WINDOWS\SYSTEM32\DBGHELP.DLL
0x00007ff840290000 - 0x00007ff8402ba000 	C:\WINDOWS\SYSTEM32\dbgcore.DLL
0x00007ff82ba50000 - 0x00007ff82ba79000 	C:\Program Files\Java\jdk-11.0.6\bin\java.dll
0x00007ff834510000 - 0x00007ff834526000 	C:\Program Files\Java\jdk-11.0.6\bin\zip.dll
0x00007ff8469f0000 - 0x00007ff8469fa000 	C:\Program Files\Java\jdk-11.0.6\bin\jimage.dll

dbghelp: loaded successfully - version: 4.0.5 - missing functions: none
symbol engine: initialized successfully - sym options: 0x614 - pdb path: .;C:\Program Files\Java\jdk-11.0.6\bin;C:\WINDOWS\SYSTEM32;C:\WINDOWS\WinSxS\amd64_microsoft.windows.common-controls_6595b64144ccf1df_6.0.18362.720_none_e6beb5c51314836b;C:\Program Files\Java\jdk-11.0.6\bin\server

VM Arguments:
java_command: C:\Users\DHANUS~1\AppData\Local\Temp\surefire6832201036931067761\surefirebooter545355554502046921.jar C:\Users\Dhanushguntha\AppData\Local\Temp\surefire6832201036931067761 2020-04-01T13-06-18_698-jvmRun1 surefire7390250952153275184tmp surefire_017384863092175957312tmp
java_class_path (initial): C:\Users\DHANUS~1\AppData\Local\Temp\surefire6832201036931067761\surefirebooter545355554502046921.jar
Launcher Type: SUN_STANDARD

[Global flags]
     intx CICompilerCount                          = 3                                         {product} {ergonomic}
     uint ConcGCThreads                            = 1                                         {product} {ergonomic}
     uint G1ConcRefinementThreads                  = 4                                         {product} {ergonomic}
   size_t G1HeapRegionSize                         = 1048576                                   {product} {ergonomic}
    uintx GCDrainStackTargetSize                   = 64                                        {product} {ergonomic}
   size_t InitialHeapSize                          = 134217728                                 {product} {ergonomic}
   size_t MarkStackSize                            = 4194304                                   {product} {ergonomic}
   size_t MaxHeapSize                              = 2118123520                                {product} {ergonomic}
   size_t MinHeapDeltaBytes                        = 1048576                                   {product} {ergonomic}
    uintx NonNMethodCodeHeapSize                   = 5830732                                {pd product} {ergonomic}
    uintx NonProfiledCodeHeapSize                  = 122913754                              {pd product} {ergonomic}
    uintx ProfiledCodeHeapSize                     = 122913754                              {pd product} {ergonomic}
    uintx ReservedCodeCacheSize                    = 251658240                              {pd product} {ergonomic}
     bool SegmentedCodeCache                       = true                                      {product} {ergonomic}
     bool UseCompressedClassPointers               = true                                 {lp64_product} {ergonomic}
     bool UseCompressedOops                        = true                                 {lp64_product} {ergonomic}
     bool UseG1GC                                  = true                                      {product} {ergonomic}
     bool UseLargePagesIndividualAllocation        = false                                  {pd product} {ergonomic}

Logging:
Log output configuration:
 #0: stdout all=warning uptime,level,tags
 #1: stderr all=off uptime,level,tags

Environment Variables:
JAVA_HOME=C:\Program Files\Java\jdk-11.0.6
PATH=C:\Python27\;C:\Python27\Scripts;C:\Program Files (x86)\Intel\iCLS Client\;C:\Program Files\Intel\iCLS Client\;C:\windows\system32;C:\windows;C:\windows\System32\Wbem;C:\windows\System32\WindowsPowerShell\v1.0\;C:\Program Files (x86)\Intel\Intel(R) Management Engine Components\DAL;C:\Program Files\Intel\Intel(R) Management Engine Components\DAL;C:\Program Files (x86)\Intel\Intel(R) Management Engine Components\IPT;C:\Program Files\Intel\Intel(R) Management Engine Components\IPT;C:\Program Files (x86)\NVIDIA Corporation\PhysX\Common;C:\WINDOWS\system32;C:\WINDOWS;C:\WINDOWS\System32\Wbem;C:\WINDOWS\System32\WindowsPowerShell\v1.0\;C:\WINDOWS\System32\OpenSSH\;C:\Users\Dhanushguntha\AppData\Local\Programs\Python\Python37;C:\Program Files\Intel\WiFi\bin\;C:\Program Files\Common Files\Intel\WirelessCommon\;C:\Program Files\Git\cmd;C:\Program Files (x86)\Yarn\bin\;C:\Program Files\NVIDIA Corporation\NVIDIA NvDLISR;C:\Program Files\nodejs;C:\ProgramData\chocolatey\bin;C:\Program Files\nodejs\;C:\opt\apache-maven-3.6.3\bin;C:\Program Files\Java\jdk-11.0.6\bin;C:\Users\Dhanushguntha\Anaconda3\Scripts;C:\Users\Dhanushguntha\Anaconda3\Scripts;C:\Users\Dhanushguntha\AppData\Local\Programs\Microsoft VS Code\bin;C:\Users\Dhanushguntha\AppData\Roaming\npm;
USERNAME=Dhanushguntha
OS=Windows_NT
PROCESSOR_IDENTIFIER=Intel64 Family 6 Model 142 Stepping 9, GenuineIntel



---------------  S Y S T E M  ---------------

OS: Windows 10 , 64 bit Build 18362 (10.0.18362.329)

CPU:total 4 (initial active 4) (2 cores per cpu, 2 threads per core) family 6 model 142 stepping 9, cmov, cx8, fxsr, mmx, sse, sse2, sse3, ssse3, sse4.1, sse4.2, popcnt, avx, avx2, aes, clmul, erms, 3dnowpref, lzcnt, ht, tsc, tscinvbit, bmi1, bmi2, adx, fma

Memory: 4k page, system-wide physical 8077M (944M free)
TotalPageFile size 8077M (AvailPageFile size 1M)
current process WorkingSet (physical memory assigned to process): 9M, peak: 9M
current process commit charge ("private bytes"): 48M, peak: 49M

vm_info: Java HotSpot(TM) 64-Bit Server VM (11.0.6+8-LTS) for windows-amd64 JRE (11.0.6+8-LTS), built on Dec 11 2019 09:17:57 by "mach5one" with MS VC++ 15.5 (VS2017)

END.
