#
# There is insufficient memory for the Java Runtime Environment to continue.
# Native memory allocation (malloc) failed to allocate 1273616 bytes for Chunk::new
# Possible reasons:
#   The system is out of physical RAM or swap space
#   The process is running with CompressedOops enabled, and the Java Heap may be blocking the growth of the native heap
# Possible solutions:
#   Reduce memory load on the system
#   Increase physical memory or swap space
#   Check if swap backing store is full
#   Decrease Java heap size (-Xmx/-Xms)
#   Decrease number of Java threads
#   Decrease Java thread stack sizes (-Xss)
#   Set larger code cache with -XX:ReservedCodeCacheSize=
#   JVM is running with Unscaled Compressed Oops mode in which the Java heap is
#     placed in the first 4GB address space. The Java Heap base address is the
#     maximum limit for the native heap growth. Please use -XX:HeapBaseMinAddress
#     to set the Java Heap base and to place the Java Heap above 4GB virtual address.
# This output file may be truncated or incomplete.
#
#  Out of Memory Error (t:/workspace/open/src/hotspot/share/memory/arena.cpp:197), pid=6604, tid=9340
#
# JRE version: Java(TM) SE Runtime Environment (11.0.6+8) (build 11.0.6+8-LTS)
# Java VM: Java HotSpot(TM) 64-Bit Server VM (11.0.6+8-LTS, mixed mode, tiered, compressed oops, g1 gc, windows-amd64)
# No core dump will be written. Minidumps are not enabled by default on client versions of Windows
#

---------------  S U M M A R Y ------------

Command Line: -Dmaven.multiModuleProjectDirectory=c:\Users\Dhanushguntha\Desktop\webcontroller\webcontroller org.apache.maven.wrapper.MavenWrapperMain help:effective-pom -Doutput=c:\Users\Dhanushguntha\AppData\Roaming\Code\User\workspaceStorage\eed235c3c9f73297663ac7777d28cf48\vscjava.vscode-maven\ee71d183c705c5bfe83b0961adc837d2 -f c:\Users\Dhanushguntha\Desktop\webcontroller\webcontroller\pom.xml

Host: Intel(R) Core(TM) i5-7200U CPU @ 2.50GHz, 4 cores, 7G,  Windows 10 , 64 bit Build 18362 (10.0.18362.329)
Time: Wed Mar 25 21:01:14 2020 India Standard Time elapsed time: 12 seconds (0d 0h 0m 12s)

---------------  T H R E A D  ---------------

Current thread (0x000001cd88665800):  JavaThread "C2 CompilerThread1" daemon [_thread_in_native, id=9340, stack(0x000000a29dd00000,0x000000a29de00000)]


Current CompileTask:
C2:  12863 3976       4       org.jdom2.output.support.AbstractFormattedWalker::next (430 bytes)

Stack: [0x000000a29dd00000,0x000000a29de00000]
Native frames: (J=compiled Java code, j=interpreted, Vv=VM code, C=native code)
V  [jvm.dll+0x63679a]
V  [jvm.dll+0x7755bf]
V  [jvm.dll+0x776c65]
V  [jvm.dll+0x7772d3]
V  [jvm.dll+0x25e7f8]
V  [jvm.dll+0xc1c01]
V  [jvm.dll+0xc219c]
V  [jvm.dll+0x36d932]
V  [jvm.dll+0x33a7b3]
V  [jvm.dll+0x339b8a]
V  [jvm.dll+0x218355]
V  [jvm.dll+0x2174fa]
V  [jvm.dll+0x193a2c]
V  [jvm.dll+0x226544]
V  [jvm.dll+0x224b28]
V  [jvm.dll+0x73a9c5]
V  [jvm.dll+0x733905]
V  [jvm.dll+0x635846]
C  [ucrtbase.dll+0x20e72]
C  [KERNEL32.DLL+0x17bd4]
C  [ntdll.dll+0x6ced1]


---------------  P R O C E S S  ---------------

Threads class SMR info:
_java_thread_list=0x000001cd8a74edf0, length=11, elements={
0x000001cde8288000, 0x000001cd86710800, 0x000001cd86711800, 0x000001cd8672c000,
0x000001cd8672d000, 0x000001cd8672e000, 0x000001cd86731800, 0x000001cd870e4000,
0x000001cd871e4000, 0x000001cd871f2000, 0x000001cd88665800
}

Java Threads: ( => current thread )
  0x000001cde8288000 JavaThread "main" [_thread_blocked, id=11588, stack(0x000000a29ca00000,0x000000a29cb00000)]
  0x000001cd86710800 JavaThread "Reference Handler" daemon [_thread_blocked, id=12016, stack(0x000000a29d100000,0x000000a29d200000)]
  0x000001cd86711800 JavaThread "Finalizer" daemon [_thread_blocked, id=10832, stack(0x000000a29d200000,0x000000a29d300000)]
  0x000001cd8672c000 JavaThread "Signal Dispatcher" daemon [_thread_blocked, id=10004, stack(0x000000a29d300000,0x000000a29d400000)]
  0x000001cd8672d000 JavaThread "Attach Listener" daemon [_thread_blocked, id=10000, stack(0x000000a29d400000,0x000000a29d500000)]
  0x000001cd8672e000 JavaThread "C2 CompilerThread0" daemon [_thread_blocked, id=1472, stack(0x000000a29d500000,0x000000a29d600000)]
  0x000001cd86731800 JavaThread "C1 CompilerThread0" daemon [_thread_blocked, id=3116, stack(0x000000a29d600000,0x000000a29d700000)]
  0x000001cd870e4000 JavaThread "Sweeper thread" daemon [_thread_blocked, id=5156, stack(0x000000a29d700000,0x000000a29d800000)]
  0x000001cd871e4000 JavaThread "Service Thread" daemon [_thread_blocked, id=7600, stack(0x000000a29d800000,0x000000a29d900000)]
  0x000001cd871f2000 JavaThread "Common-Cleaner" daemon [_thread_blocked, id=14704, stack(0x000000a29da00000,0x000000a29db00000)]
=>0x000001cd88665800 JavaThread "C2 CompilerThread1" daemon [_thread_in_native, id=9340, stack(0x000000a29dd00000,0x000000a29de00000)]

Other Threads:
  0x000001cd866eb000 VMThread "VM Thread" [stack: 0x000000a29d000000,0x000000a29d100000] [id=6524] _threads_hazard_ptr=0x000001cd8a74edf0
  0x000001cde829e800 GCTaskThread "GC Thread#0" [stack: 0x000000a29cb00000,0x000000a29cc00000] [id=6612]
  0x000001cd882de800 GCTaskThread "GC Thread#1" [stack: 0x000000a29db00000,0x000000a29dc00000] [id=14148]
  0x000001cd87914000 GCTaskThread "GC Thread#2" [stack: 0x000000a29dc00000,0x000000a29dd00000] [id=6664]
  0x000001cde82cd000 ConcurrentGCThread "G1 Main Marker" [stack: 0x000000a29cc00000,0x000000a29cd00000] [id=7284]
  0x000001cde82ce800 ConcurrentGCThread "G1 Conc#0" [stack: 0x000000a29cd00000,0x000000a29ce00000] [id=9488]
  0x000001cde834e000 ConcurrentGCThread "G1 Refine#0" [stack: 0x000000a29ce00000,0x000000a29cf00000] [id=10128]
  0x000001cd86552800 ConcurrentGCThread "G1 Young RemSet Sampling" [stack: 0x000000a29cf00000,0x000000a29d000000] [id=9576]

Threads with active compile tasks:
C2 CompilerThread03982 %     4       sun.nio.cs.UTF_8$Encoder::encodeArrayLoop @ 73 (489 bytes)
C2 CompilerThread13976       4       org.jdom2.output.support.AbstractFormattedWalker::next (430 bytes)

VM state:at safepoint (normal execution)

VM Mutex/Monitor currently owned by a thread:  ([mutex/lock_event])
[0x000001cde8284ad0] Threads_lock - owner thread: 0x000001cd866eb000

Heap address: 0x0000000081c00000, size: 2020 MB, Compressed Oops mode: 32-bit
Narrow klass base: 0x0000000000000000, Narrow klass shift: 3
Compressed class space size: 1073741824 Address: 0x0000000100000000

Heap:
 garbage-first heap   total 131072K, used 22049K [0x0000000081c00000, 0x0000000100000000)
  region size 1024K, 15 young (15360K), 9 survivors (9216K)
 Metaspace       used 25299K, capacity 25791K, committed 25980K, reserved 1073152K
  class space    used 2631K, capacity 2833K, committed 2944K, reserved 1048576K
Heap Regions: E=young(eden), S=young(survivor), O=old, HS=humongous(starts), HC=humongous(continues), CS=collection set, F=free, A=archive, TAMS=top-at-mark-start (previous, next)
|   0|0x0000000081c00000, 0x0000000081d00000, 0x0000000081d00000|100%| O|  |TAMS 0x0000000081d00000, 0x0000000081c00000| Untracked 
|   1|0x0000000081d00000, 0x0000000081e00000, 0x0000000081e00000|100%| O|  |TAMS 0x0000000081e00000, 0x0000000081d00000| Untracked 
|   2|0x0000000081e00000, 0x0000000081f00000, 0x0000000081f00000|100%| O|  |TAMS 0x0000000081f00000, 0x0000000081e00000| Untracked 
|   3|0x0000000081f00000, 0x0000000082000000, 0x0000000082000000|100%| O|  |TAMS 0x0000000082000000, 0x0000000081f00000| Untracked 
|   4|0x0000000082000000, 0x0000000082100000, 0x0000000082100000|100%| O|  |TAMS 0x0000000082000000, 0x0000000082000000| Untracked 
|   5|0x0000000082100000, 0x0000000082200000, 0x0000000082200000|100%| O|  |TAMS 0x0000000082100000, 0x0000000082100000| Untracked 
|   6|0x0000000082200000, 0x0000000082300000, 0x0000000082300000|100%| O|  |TAMS 0x0000000082200000, 0x0000000082200000| Untracked 
|   7|0x0000000082300000, 0x0000000082400000, 0x0000000082400000|100%| O|  |TAMS 0x0000000082300000, 0x0000000082300000| Untracked 
|   8|0x0000000082400000, 0x000000008241f200, 0x0000000082500000| 12%| O|  |TAMS 0x0000000082400000, 0x0000000082400000| Untracked 
|   9|0x0000000082500000, 0x0000000082500000, 0x0000000082600000|  0%| F|  |TAMS 0x0000000082500000, 0x0000000082500000| Untracked 
|  10|0x0000000082600000, 0x0000000082600000, 0x0000000082700000|  0%| F|  |TAMS 0x0000000082600000, 0x0000000082600000| Untracked 
|  11|0x0000000082700000, 0x0000000082700000, 0x0000000082800000|  0%| F|  |TAMS 0x0000000082700000, 0x0000000082700000| Untracked 
|  12|0x0000000082800000, 0x0000000082800000, 0x0000000082900000|  0%| F|  |TAMS 0x0000000082800000, 0x0000000082800000| Untracked 
|  13|0x0000000082900000, 0x0000000082900000, 0x0000000082a00000|  0%| F|  |TAMS 0x0000000082900000, 0x0000000082900000| Untracked 
|  14|0x0000000082a00000, 0x0000000082a00000, 0x0000000082b00000|  0%| F|  |TAMS 0x0000000082a00000, 0x0000000082a00000| Untracked 
|  15|0x0000000082b00000, 0x0000000082b00000, 0x0000000082c00000|  0%| F|  |TAMS 0x0000000082b00000, 0x0000000082b00000| Untracked 
|  16|0x0000000082c00000, 0x0000000082c00000, 0x0000000082d00000|  0%| F|  |TAMS 0x0000000082c00000, 0x0000000082c00000| Untracked 
|  17|0x0000000082d00000, 0x0000000082d00000, 0x0000000082e00000|  0%| F|  |TAMS 0x0000000082d00000, 0x0000000082d00000| Untracked 
|  18|0x0000000082e00000, 0x0000000082e00000, 0x0000000082f00000|  0%| F|  |TAMS 0x0000000082e00000, 0x0000000082e00000| Untracked 
|  19|0x0000000082f00000, 0x0000000082f00000, 0x0000000083000000|  0%| F|  |TAMS 0x0000000082f00000, 0x0000000082f00000| Untracked 
|  20|0x0000000083000000, 0x0000000083000000, 0x0000000083100000|  0%| F|  |TAMS 0x0000000083000000, 0x0000000083000000| Untracked 
|  21|0x0000000083100000, 0x0000000083100000, 0x0000000083200000|  0%| F|  |TAMS 0x0000000083100000, 0x0000000083100000| Untracked 
|  22|0x0000000083200000, 0x0000000083200000, 0x0000000083300000|  0%| F|  |TAMS 0x0000000083200000, 0x0000000083200000| Untracked 
|  23|0x0000000083300000, 0x0000000083300000, 0x0000000083400000|  0%| F|  |TAMS 0x0000000083300000, 0x0000000083300000| Untracked 
|  24|0x0000000083400000, 0x0000000083400000, 0x0000000083500000|  0%| F|  |TAMS 0x0000000083400000, 0x0000000083400000| Untracked 
|  25|0x0000000083500000, 0x0000000083500000, 0x0000000083600000|  0%| F|  |TAMS 0x0000000083500000, 0x0000000083500000| Untracked 
|  26|0x0000000083600000, 0x0000000083600000, 0x0000000083700000|  0%| F|  |TAMS 0x0000000083600000, 0x0000000083600000| Untracked 
|  27|0x0000000083700000, 0x0000000083700000, 0x0000000083800000|  0%| F|  |TAMS 0x0000000083700000, 0x0000000083700000| Untracked 
|  28|0x0000000083800000, 0x0000000083800000, 0x0000000083900000|  0%| F|  |TAMS 0x0000000083800000, 0x0000000083800000| Untracked 
|  29|0x0000000083900000, 0x0000000083900000, 0x0000000083a00000|  0%| F|  |TAMS 0x0000000083900000, 0x0000000083900000| Untracked 
|  30|0x0000000083a00000, 0x0000000083a00000, 0x0000000083b00000|  0%| F|  |TAMS 0x0000000083a00000, 0x0000000083a00000| Untracked 
|  31|0x0000000083b00000, 0x0000000083b00000, 0x0000000083c00000|  0%| F|  |TAMS 0x0000000083b00000, 0x0000000083b00000| Untracked 
|  32|0x0000000083c00000, 0x0000000083c00000, 0x0000000083d00000|  0%| F|  |TAMS 0x0000000083c00000, 0x0000000083c00000| Untracked 
|  33|0x0000000083d00000, 0x0000000083d00000, 0x0000000083e00000|  0%| F|  |TAMS 0x0000000083d00000, 0x0000000083d00000| Untracked 
|  34|0x0000000083e00000, 0x0000000083e00000, 0x0000000083f00000|  0%| F|  |TAMS 0x0000000083e00000, 0x0000000083e00000| Untracked 
|  35|0x0000000083f00000, 0x0000000083f00000, 0x0000000084000000|  0%| F|  |TAMS 0x0000000083f00000, 0x0000000083f00000| Untracked 
|  36|0x0000000084000000, 0x0000000084000000, 0x0000000084100000|  0%| F|  |TAMS 0x0000000084000000, 0x0000000084000000| Untracked 
|  37|0x0000000084100000, 0x0000000084100000, 0x0000000084200000|  0%| F|  |TAMS 0x0000000084100000, 0x0000000084100000| Untracked 
|  38|0x0000000084200000, 0x0000000084200000, 0x0000000084300000|  0%| F|  |TAMS 0x0000000084200000, 0x0000000084200000| Untracked 
|  39|0x0000000084300000, 0x0000000084300000, 0x0000000084400000|  0%| F|  |TAMS 0x0000000084300000, 0x0000000084300000| Untracked 
|  40|0x0000000084400000, 0x0000000084400000, 0x0000000084500000|  0%| F|  |TAMS 0x0000000084400000, 0x0000000084400000| Untracked 
|  41|0x0000000084500000, 0x0000000084500000, 0x0000000084600000|  0%| F|  |TAMS 0x0000000084500000, 0x0000000084500000| Untracked 
|  42|0x0000000084600000, 0x0000000084600000, 0x0000000084700000|  0%| F|  |TAMS 0x0000000084600000, 0x0000000084600000| Untracked 
|  43|0x0000000084700000, 0x0000000084700000, 0x0000000084800000|  0%| F|  |TAMS 0x0000000084700000, 0x0000000084700000| Untracked 
|  44|0x0000000084800000, 0x0000000084800000, 0x0000000084900000|  0%| F|  |TAMS 0x0000000084800000, 0x0000000084800000| Untracked 
|  45|0x0000000084900000, 0x0000000084900000, 0x0000000084a00000|  0%| F|  |TAMS 0x0000000084900000, 0x0000000084900000| Untracked 
|  46|0x0000000084a00000, 0x0000000084a00000, 0x0000000084b00000|  0%| F|  |TAMS 0x0000000084a00000, 0x0000000084a00000| Untracked 
|  47|0x0000000084b00000, 0x0000000084b69408, 0x0000000084c00000| 41%| S|CS|TAMS 0x0000000084b00000, 0x0000000084b00000| Complete 
|  48|0x0000000084c00000, 0x0000000084d00000, 0x0000000084d00000|100%| S|CS|TAMS 0x0000000084c00000, 0x0000000084c00000| Complete 
|  49|0x0000000084d00000, 0x0000000084e00000, 0x0000000084e00000|100%| S|CS|TAMS 0x0000000084d00000, 0x0000000084d00000| Complete 
|  50|0x0000000084e00000, 0x0000000084f00000, 0x0000000084f00000|100%| S|CS|TAMS 0x0000000084e00000, 0x0000000084e00000| Complete 
|  51|0x0000000084f00000, 0x0000000085000000, 0x0000000085000000|100%| S|CS|TAMS 0x0000000084f00000, 0x0000000084f00000| Complete 
|  52|0x0000000085000000, 0x0000000085100000, 0x0000000085100000|100%| S|CS|TAMS 0x0000000085000000, 0x0000000085000000| Complete 
|  53|0x0000000085100000, 0x0000000085200000, 0x0000000085200000|100%| S|CS|TAMS 0x0000000085100000, 0x0000000085100000| Complete 
|  54|0x0000000085200000, 0x0000000085300000, 0x0000000085300000|100%| S|CS|TAMS 0x0000000085200000, 0x0000000085200000| Complete 
|  55|0x0000000085300000, 0x0000000085400000, 0x0000000085400000|100%| S|CS|TAMS 0x0000000085300000, 0x0000000085300000| Complete 
|  56|0x0000000085400000, 0x0000000085400000, 0x0000000085500000|  0%| F|  |TAMS 0x0000000085400000, 0x0000000085400000| Untracked 
|  57|0x0000000085500000, 0x0000000085500000, 0x0000000085600000|  0%| F|  |TAMS 0x0000000085500000, 0x0000000085500000| Untracked 
|  58|0x0000000085600000, 0x0000000085600000, 0x0000000085700000|  0%| F|  |TAMS 0x0000000085600000, 0x0000000085600000| Untracked 
|  59|0x0000000085700000, 0x0000000085700000, 0x0000000085800000|  0%| F|  |TAMS 0x0000000085700000, 0x0000000085700000| Untracked 
|  60|0x0000000085800000, 0x0000000085800000, 0x0000000085900000|  0%| F|  |TAMS 0x0000000085800000, 0x0000000085800000| Untracked 
|  61|0x0000000085900000, 0x0000000085900000, 0x0000000085a00000|  0%| F|  |TAMS 0x0000000085900000, 0x0000000085900000| Untracked 
|  62|0x0000000085a00000, 0x0000000085a00000, 0x0000000085b00000|  0%| F|  |TAMS 0x0000000085a00000, 0x0000000085a00000| Untracked 
|  63|0x0000000085b00000, 0x0000000085b00000, 0x0000000085c00000|  0%| F|  |TAMS 0x0000000085b00000, 0x0000000085b00000| Untracked 
|  64|0x0000000085c00000, 0x0000000085c00000, 0x0000000085d00000|  0%| F|  |TAMS 0x0000000085c00000, 0x0000000085c00000| Untracked 
|  65|0x0000000085d00000, 0x0000000085d00000, 0x0000000085e00000|  0%| F|  |TAMS 0x0000000085d00000, 0x0000000085d00000| Untracked 
|  66|0x0000000085e00000, 0x0000000085e00000, 0x0000000085f00000|  0%| F|  |TAMS 0x0000000085e00000, 0x0000000085e00000| Untracked 
|  67|0x0000000085f00000, 0x0000000085f00000, 0x0000000086000000|  0%| F|  |TAMS 0x0000000085f00000, 0x0000000085f00000| Untracked 
|  68|0x0000000086000000, 0x0000000086000000, 0x0000000086100000|  0%| F|  |TAMS 0x0000000086000000, 0x0000000086000000| Untracked 
|  69|0x0000000086100000, 0x0000000086100000, 0x0000000086200000|  0%| F|  |TAMS 0x0000000086100000, 0x0000000086100000| Untracked 
|  70|0x0000000086200000, 0x0000000086200000, 0x0000000086300000|  0%| F|  |TAMS 0x0000000086200000, 0x0000000086200000| Untracked 
|  71|0x0000000086300000, 0x0000000086300000, 0x0000000086400000|  0%| F|  |TAMS 0x0000000086300000, 0x0000000086300000| Untracked 
|  72|0x0000000086400000, 0x0000000086400000, 0x0000000086500000|  0%| F|  |TAMS 0x0000000086400000, 0x0000000086400000| Untracked 
|  73|0x0000000086500000, 0x0000000086500000, 0x0000000086600000|  0%| F|  |TAMS 0x0000000086500000, 0x0000000086500000| Untracked 
|  74|0x0000000086600000, 0x0000000086600000, 0x0000000086700000|  0%| F|  |TAMS 0x0000000086600000, 0x0000000086600000| Untracked 
|  75|0x0000000086700000, 0x0000000086700000, 0x0000000086800000|  0%| F|  |TAMS 0x0000000086700000, 0x0000000086700000| Untracked 
|  76|0x0000000086800000, 0x0000000086800000, 0x0000000086900000|  0%| F|  |TAMS 0x0000000086800000, 0x0000000086800000| Untracked 
|  77|0x0000000086900000, 0x0000000086900000, 0x0000000086a00000|  0%| F|  |TAMS 0x0000000086900000, 0x0000000086900000| Untracked 
|  78|0x0000000086a00000, 0x0000000086a00000, 0x0000000086b00000|  0%| F|  |TAMS 0x0000000086a00000, 0x0000000086a00000| Untracked 
|  79|0x0000000086b00000, 0x0000000086b00000, 0x0000000086c00000|  0%| F|  |TAMS 0x0000000086b00000, 0x0000000086b00000| Untracked 
|  80|0x0000000086c00000, 0x0000000086c00000, 0x0000000086d00000|  0%| F|  |TAMS 0x0000000086c00000, 0x0000000086c00000| Untracked 
|  81|0x0000000086d00000, 0x0000000086d00000, 0x0000000086e00000|  0%| F|  |TAMS 0x0000000086d00000, 0x0000000086d00000| Untracked 
|  82|0x0000000086e00000, 0x0000000086e00000, 0x0000000086f00000|  0%| F|  |TAMS 0x0000000086e00000, 0x0000000086e00000| Untracked 
|  83|0x0000000086f00000, 0x0000000086f00000, 0x0000000087000000|  0%| F|  |TAMS 0x0000000086f00000, 0x0000000086f00000| Untracked 
|  84|0x0000000087000000, 0x0000000087000000, 0x0000000087100000|  0%| F|  |TAMS 0x0000000087000000, 0x0000000087000000| Untracked 
|  85|0x0000000087100000, 0x0000000087100000, 0x0000000087200000|  0%| F|  |TAMS 0x0000000087100000, 0x0000000087100000| Untracked 
|  86|0x0000000087200000, 0x0000000087200000, 0x0000000087300000|  0%| F|  |TAMS 0x0000000087200000, 0x0000000087200000| Untracked 
|  87|0x0000000087300000, 0x0000000087300000, 0x0000000087400000|  0%| F|  |TAMS 0x0000000087300000, 0x0000000087300000| Untracked 
|  88|0x0000000087400000, 0x0000000087400000, 0x0000000087500000|  0%| F|  |TAMS 0x0000000087400000, 0x0000000087400000| Untracked 
|  89|0x0000000087500000, 0x0000000087500000, 0x0000000087600000|  0%| F|  |TAMS 0x0000000087500000, 0x0000000087500000| Untracked 
|  90|0x0000000087600000, 0x0000000087600000, 0x0000000087700000|  0%| F|  |TAMS 0x0000000087600000, 0x0000000087600000| Untracked 
|  91|0x0000000087700000, 0x0000000087700000, 0x0000000087800000|  0%| F|  |TAMS 0x0000000087700000, 0x0000000087700000| Untracked 
|  92|0x0000000087800000, 0x0000000087800000, 0x0000000087900000|  0%| F|  |TAMS 0x0000000087800000, 0x0000000087800000| Untracked 
|  93|0x0000000087900000, 0x0000000087900000, 0x0000000087a00000|  0%| F|  |TAMS 0x0000000087900000, 0x0000000087900000| Untracked 
|  94|0x0000000087a00000, 0x0000000087a00000, 0x0000000087b00000|  0%| F|  |TAMS 0x0000000087a00000, 0x0000000087a00000| Untracked 
|  95|0x0000000087b00000, 0x0000000087b00000, 0x0000000087c00000|  0%| F|  |TAMS 0x0000000087b00000, 0x0000000087b00000| Untracked 
|  96|0x0000000087c00000, 0x0000000087c00000, 0x0000000087d00000|  0%| F|  |TAMS 0x0000000087c00000, 0x0000000087c00000| Untracked 
|  97|0x0000000087d00000, 0x0000000087d00000, 0x0000000087e00000|  0%| F|  |TAMS 0x0000000087d00000, 0x0000000087d00000| Untracked 
|  98|0x0000000087e00000, 0x0000000087e00000, 0x0000000087f00000|  0%| F|  |TAMS 0x0000000087e00000, 0x0000000087e00000| Untracked 
|  99|0x0000000087f00000, 0x0000000087f00000, 0x0000000088000000|  0%| F|  |TAMS 0x0000000087f00000, 0x0000000087f00000| Untracked 
| 100|0x0000000088000000, 0x0000000088000000, 0x0000000088100000|  0%| F|  |TAMS 0x0000000088000000, 0x0000000088000000| Untracked 
| 101|0x0000000088100000, 0x0000000088100000, 0x0000000088200000|  0%| F|  |TAMS 0x0000000088100000, 0x0000000088100000| Untracked 
| 102|0x0000000088200000, 0x0000000088200000, 0x0000000088300000|  0%| F|  |TAMS 0x0000000088200000, 0x0000000088200000| Untracked 
| 103|0x0000000088300000, 0x0000000088300000, 0x0000000088400000|  0%| F|  |TAMS 0x0000000088300000, 0x0000000088300000| Untracked 
| 104|0x0000000088400000, 0x0000000088400000, 0x0000000088500000|  0%| F|  |TAMS 0x0000000088400000, 0x0000000088400000| Untracked 
| 105|0x0000000088500000, 0x0000000088500000, 0x0000000088600000|  0%| F|  |TAMS 0x0000000088500000, 0x0000000088500000| Untracked 
| 106|0x0000000088600000, 0x0000000088600000, 0x0000000088700000|  0%| F|  |TAMS 0x0000000088600000, 0x0000000088600000| Untracked 
| 107|0x0000000088700000, 0x0000000088700000, 0x0000000088800000|  0%| F|  |TAMS 0x0000000088700000, 0x0000000088700000| Untracked 
| 108|0x0000000088800000, 0x0000000088800000, 0x0000000088900000|  0%| F|  |TAMS 0x0000000088800000, 0x0000000088800000| Untracked 
| 109|0x0000000088900000, 0x0000000088900000, 0x0000000088a00000|  0%| F|  |TAMS 0x0000000088900000, 0x0000000088900000| Untracked 
| 110|0x0000000088a00000, 0x0000000088a00000, 0x0000000088b00000|  0%| F|  |TAMS 0x0000000088a00000, 0x0000000088a00000| Untracked 
| 111|0x0000000088b00000, 0x0000000088b00000, 0x0000000088c00000|  0%| F|  |TAMS 0x0000000088b00000, 0x0000000088b00000| Untracked 
| 112|0x0000000088c00000, 0x0000000088c00000, 0x0000000088d00000|  0%| F|  |TAMS 0x0000000088c00000, 0x0000000088c00000| Untracked 
| 113|0x0000000088d00000, 0x0000000088d00000, 0x0000000088e00000|  0%| F|  |TAMS 0x0000000088d00000, 0x0000000088d00000| Untracked 
| 114|0x0000000088e00000, 0x0000000088e00000, 0x0000000088f00000|  0%| F|  |TAMS 0x0000000088e00000, 0x0000000088e00000| Untracked 
| 115|0x0000000088f00000, 0x0000000088f00000, 0x0000000089000000|  0%| F|  |TAMS 0x0000000088f00000, 0x0000000088f00000| Untracked 
| 116|0x0000000089000000, 0x0000000089000000, 0x0000000089100000|  0%| F|  |TAMS 0x0000000089000000, 0x0000000089000000| Untracked 
| 117|0x0000000089100000, 0x0000000089100000, 0x0000000089200000|  0%| F|  |TAMS 0x0000000089100000, 0x0000000089100000| Untracked 
| 118|0x0000000089200000, 0x0000000089200000, 0x0000000089300000|  0%| F|  |TAMS 0x0000000089200000, 0x0000000089200000| Untracked 
| 119|0x0000000089300000, 0x0000000089300000, 0x0000000089400000|  0%| F|  |TAMS 0x0000000089300000, 0x0000000089300000| Untracked 
| 120|0x0000000089400000, 0x0000000089400000, 0x0000000089500000|  0%| F|  |TAMS 0x0000000089400000, 0x0000000089400000| Untracked 
| 121|0x0000000089500000, 0x0000000089500000, 0x0000000089600000|  0%| F|  |TAMS 0x0000000089500000, 0x0000000089500000| Untracked 
| 122|0x0000000089600000, 0x0000000089600800, 0x0000000089700000|  0%| E|  |TAMS 0x0000000089600000, 0x0000000089600000| Complete 
| 123|0x0000000089700000, 0x0000000089800000, 0x0000000089800000|100%| E|CS|TAMS 0x0000000089700000, 0x0000000089700000| Complete 
| 124|0x0000000089800000, 0x0000000089900000, 0x0000000089900000|100%| E|CS|TAMS 0x0000000089800000, 0x0000000089800000| Complete 
| 125|0x0000000089900000, 0x0000000089a00000, 0x0000000089a00000|100%| E|CS|TAMS 0x0000000089900000, 0x0000000089900000| Complete 
| 126|0x0000000089a00000, 0x0000000089b00000, 0x0000000089b00000|100%| E|CS|TAMS 0x0000000089a00000, 0x0000000089a00000| Complete 
| 127|0x0000000089b00000, 0x0000000089c00000, 0x0000000089c00000|100%| E|CS|TAMS 0x0000000089b00000, 0x0000000089b00000| Complete 

Card table byte_map: [0x000001cdffa00000,0x000001cdffe00000] _byte_map_base: 0x000001cdff5f2000

Marking Bits (Prev, Next): (CMBitMap*) 0x000001cde82c4738, (CMBitMap*) 0x000001cde82c4770
 Prev Bits: [0x000001cd80400000, 0x000001cd82390000)
 Next Bits: [0x000001cd82390000, 0x000001cd84320000)

Polling page: 0x000001cde63f0000

Metaspace:

Usage:
  Non-class:     22.42 MB capacity,    22.14 MB ( 99%) used,   255.51 KB (  1%) free+waste,    33.88 KB ( <1%) overhead. 
      Class:      2.77 MB capacity,     2.57 MB ( 93%) used,   187.73 KB (  7%) free+waste,    14.00 KB ( <1%) overhead. 
       Both:     25.19 MB capacity,    24.71 MB ( 98%) used,   443.24 KB (  2%) free+waste,    47.88 KB ( <1%) overhead. 

Virtual space:
  Non-class space:       24.00 MB reserved,      22.50 MB ( 94%) committed 
      Class space:        1.00 GB reserved,       2.88 MB ( <1%) committed 
             Both:        1.02 GB reserved,      25.37 MB (  2%) committed 

Chunk freelists:
   Non-Class:  1.75 KB
       Class:  1.88 KB
        Both:  3.63 KB

CodeHeap 'non-profiled nmethods': size=120064Kb used=2242Kb max_used=2242Kb free=117821Kb
 bounds [0x000001cdf80c0000, 0x000001cdf8330000, 0x000001cdff600000]
CodeHeap 'profiled nmethods': size=120000Kb used=9055Kb max_used=9055Kb free=110944Kb
 bounds [0x000001cdf0b90000, 0x000001cdf1470000, 0x000001cdf80c0000]
CodeHeap 'non-nmethods': size=5696Kb used=1125Kb max_used=1204Kb free=4570Kb
 bounds [0x000001cdf0600000, 0x000001cdf0870000, 0x000001cdf0b90000]
 total_blobs=5311 nmethods=3962 adapters=355
 compilation: enabled
              stopped_count=0, restarted_count=0
 full_count=0

Compilation events (10 events):
Event: 12.556 Thread 0x000001cd86731800 4000  s    3       java.io.BufferedOutputStream::write (67 bytes)
Event: 12.557 Thread 0x000001cd86731800 nmethod 4000 0x000001cdf1465a10 code [0x000001cdf1465c20, 0x000001cdf1466480]
Event: 12.557 Thread 0x000001cd86731800 4001   !   3       sun.nio.cs.StreamEncoder::flushBuffer (42 bytes)
Event: 12.558 Thread 0x000001cd86731800 nmethod 4001 0x000001cdf1466690 code [0x000001cdf14668a0, 0x000001cdf1466e80]
Event: 12.567 Thread 0x000001cd86731800 4002   !   3       java.util.zip.ZipFile::close (44 bytes)
Event: 12.567 Thread 0x000001cd86731800 nmethod 4002 0x000001cdf1467110 code [0x000001cdf1467300, 0x000001cdf1467780]
Event: 12.569 Thread 0x000001cd86731800 4003       3       java.util.IdentityHashMap$IdentityHashMapIterator::hasNext (50 bytes)
Event: 12.570 Thread 0x000001cd86731800 nmethod 4003 0x000001cdf1467990 code [0x000001cdf1467b60, 0x000001cdf1467df8]
Event: 12.570 Thread 0x000001cd86731800 4004       1       java.util.concurrent.CopyOnWriteArrayList::getArray (5 bytes)
Event: 12.570 Thread 0x000001cd86731800 nmethod 4004 0x000001cdf82f0790 code [0x000001cdf82f0940, 0x000001cdf82f0a58]

GC Heap History (10 events):
Event: 3.318 GC heap before
{Heap before GC invocations=2 (full 0):
 garbage-first heap   total 131072K, used 11136K [0x0000000081c00000, 0x0000000100000000)
  region size 1024K, 10 young (10240K), 2 survivors (2048K)
 Metaspace       used 12813K, capacity 13054K, committed 13184K, reserved 1060864K
  class space    used 1273K, capacity 1395K, committed 1408K, reserved 1048576K
}
Event: 3.329 GC heap after
{Heap after GC invocations=3 (full 0):
 garbage-first heap   total 131072K, used 3457K [0x0000000081c00000, 0x0000000100000000)
  region size 1024K, 1 young (1024K), 1 survivors (1024K)
 Metaspace       used 12813K, capacity 13054K, committed 13184K, reserved 1060864K
  class space    used 1273K, capacity 1395K, committed 1408K, reserved 1048576K
}
Event: 4.747 GC heap before
{Heap before GC invocations=3 (full 0):
 garbage-first heap   total 131072K, used 28033K [0x0000000081c00000, 0x0000000100000000)
  region size 1024K, 26 young (26624K), 1 survivors (1024K)
 Metaspace       used 15563K, capacity 15882K, committed 16128K, reserved 1062912K
  class space    used 1624K, capacity 1760K, committed 1792K, reserved 1048576K
}
Event: 4.752 GC heap after
{Heap after GC invocations=4 (full 0):
 garbage-first heap   total 131072K, used 4325K [0x0000000081c00000, 0x0000000100000000)
  region size 1024K, 2 young (2048K), 2 survivors (2048K)
 Metaspace       used 15563K, capacity 15882K, committed 16128K, reserved 1062912K
  class space    used 1624K, capacity 1760K, committed 1792K, reserved 1048576K
}
Event: 7.256 GC heap before
{Heap before GC invocations=4 (full 0):
 garbage-first heap   total 131072K, used 49381K [0x0000000081c00000, 0x0000000100000000)
  region size 1024K, 46 young (47104K), 2 survivors (2048K)
 Metaspace       used 20934K, capacity 21290K, committed 21376K, reserved 1069056K
  class space    used 2227K, capacity 2354K, committed 2432K, reserved 1048576K
}
Event: 7.278 GC heap after
{Heap after GC invocations=5 (full 0):
 garbage-first heap   total 131072K, used 8702K [0x0000000081c00000, 0x0000000100000000)
  region size 1024K, 6 young (6144K), 6 survivors (6144K)
 Metaspace       used 20934K, capacity 21290K, committed 21376K, reserved 1069056K
  class space    used 2227K, capacity 2354K, committed 2432K, reserved 1048576K
}
Event: 8.309 GC heap before
{Heap before GC invocations=5 (full 0):
 garbage-first heap   total 131072K, used 39422K [0x0000000081c00000, 0x0000000100000000)
  region size 1024K, 37 young (37888K), 6 survivors (6144K)
 Metaspace       used 21173K, capacity 21485K, committed 21628K, reserved 1069056K
  class space    used 2234K, capacity 2355K, committed 2432K, reserved 1048576K
}
Event: 8.328 GC heap after
{Heap after GC invocations=6 (full 0):
 garbage-first heap   total 131072K, used 11264K [0x0000000081c00000, 0x0000000100000000)
  region size 1024K, 7 young (7168K), 7 survivors (7168K)
 Metaspace       used 21173K, capacity 21485K, committed 21628K, reserved 1069056K
  class space    used 2234K, capacity 2355K, committed 2432K, reserved 1048576K
}
Event: 12.274 GC heap before
{Heap before GC invocations=7 (full 0):
 garbage-first heap   total 131072K, used 76800K [0x0000000081c00000, 0x0000000100000000)
  region size 1024K, 72 young (73728K), 7 survivors (7168K)
 Metaspace       used 25191K, capacity 25727K, committed 25980K, reserved 1073152K
  class space    used 2623K, capacity 2833K, committed 2944K, reserved 1048576K
}
Event: 12.302 GC heap after
{Heap after GC invocations=8 (full 0):
 garbage-first heap   total 131072K, used 16929K [0x0000000081c00000, 0x0000000100000000)
  region size 1024K, 9 young (9216K), 9 survivors (9216K)
 Metaspace       used 25191K, capacity 25727K, committed 25980K, reserved 1073152K
  class space    used 2623K, capacity 2833K, committed 2944K, reserved 1048576K
}

Deoptimization events (10 events):
Event: 12.026 Thread 0x000001cde8288000 Uncommon trap: reason=class_check action=maybe_recompile pc=0x000001cdf82cc090 method=com.sun.org.apache.xerces.internal.impl.XMLDocumentScannerImpl.next()I @ 4 c2
Event: 12.247 Thread 0x000001cde8288000 Uncommon trap: reason=class_check action=maybe_recompile pc=0x000001cdf82cc090 method=com.sun.org.apache.xerces.internal.impl.XMLDocumentScannerImpl.next()I @ 4 c2
Event: 12.247 Thread 0x000001cde8288000 Uncommon trap: reason=class_check action=maybe_recompile pc=0x000001cdf82cc090 method=com.sun.org.apache.xerces.internal.impl.XMLDocumentScannerImpl.next()I @ 4 c2
Event: 12.247 Thread 0x000001cde8288000 Uncommon trap: reason=bimorphic_or_optimized_type_check action=maybe_recompile pc=0x000001cdf82cd9e0 method=org.jdom2.ContentList.checkPreConditions(Lorg/jdom2/Content;IZ)V @ 21 c2
Event: 12.247 Thread 0x000001cde8288000 Uncommon trap: reason=class_check action=maybe_recompile pc=0x000001cdf82cc090 method=com.sun.org.apache.xerces.internal.impl.XMLDocumentScannerImpl.next()I @ 4 c2
Event: 12.247 Thread 0x000001cde8288000 Uncommon trap: reason=bimorphic_or_optimized_type_check action=maybe_recompile pc=0x000001cdf82cd9e0 method=org.jdom2.ContentList.checkPreConditions(Lorg/jdom2/Content;IZ)V @ 21 c2
Event: 12.248 Thread 0x000001cde8288000 Uncommon trap: reason=bimorphic_or_optimized_type_check action=maybe_recompile pc=0x000001cdf82cd9e0 method=org.jdom2.ContentList.checkPreConditions(Lorg/jdom2/Content;IZ)V @ 21 c2
Event: 12.248 Thread 0x000001cde8288000 Uncommon trap: reason=bimorphic_or_optimized_type_check action=maybe_recompile pc=0x000001cdf82cd9e0 method=org.jdom2.ContentList.checkPreConditions(Lorg/jdom2/Content;IZ)V @ 21 c2
Event: 12.249 Thread 0x000001cde8288000 Uncommon trap: reason=unstable_if action=reinterpret pc=0x000001cdf82cfc84 method=com.sun.org.apache.xerces.internal.impl.XMLEntityScanner.scanContent(Lcom/sun/org/apache/xerces/internal/xni/XMLString;)I @ 127 c2
Event: 12.316 Thread 0x000001cde8288000 Uncommon trap: reason=unstable_if action=reinterpret pc=0x000001cdf82e1298 method=com.sun.org.apache.xerces.internal.impl.XMLEntityScanner.peekChar()I @ 51 c2

Classes redefined (0 events):
No events

Internal exceptions (10 events):
Event: 10.927 Thread 0x000001cde8288000 Exception <a 'java/lang/NoClassDefFoundError'{0x0000000086ad1590}: org/sonatype/aether/deployment/DeploymentException> (0x0000000086ad1590) thrown at [t:/workspace/open/src/hotspot/share/classfile/systemDictionary.cpp, line 220]
Event: 10.949 Thread 0x000001cde8288000 Exception <a 'java/lang/NoClassDefFoundError'{0x0000000086968748}: org/sonatype/aether/installation/InstallationException> (0x0000000086968748) thrown at [t:/workspace/open/src/hotspot/share/classfile/systemDictionary.cpp, line 220]
Event: 10.956 Thread 0x000001cde8288000 Exception <a 'java/lang/NoClassDefFoundError'{0x0000000086995890}: org/sonatype/aether/metadata/Metadata> (0x0000000086995890) thrown at [t:/workspace/open/src/hotspot/share/classfile/systemDictionary.cpp, line 220]
Event: 10.963 Thread 0x000001cde8288000 Exception <a 'java/lang/NoClassDefFoundError'{0x00000000869bf328}: org/sonatype/aether/resolution/ArtifactDescriptorException> (0x00000000869bf328) thrown at [t:/workspace/open/src/hotspot/share/classfile/systemDictionary.cpp, line 220]
Event: 10.969 Thread 0x000001cde8288000 Exception <a 'java/lang/NoClassDefFoundError'{0x00000000869d0810}: org/sonatype/aether/collection/DependencyCollectionException> (0x00000000869d0810) thrown at [t:/workspace/open/src/hotspot/share/classfile/systemDictionary.cpp, line 220]
Event: 11.643 Thread 0x000001cde8288000 Exception <a 'java/lang/NoSuchMethodError'{0x0000000085c6b648}: java.lang.invoke.DirectMethodHandle$Holder.invokeStatic(Ljava/lang/Object;Ljava/lang/Object;Ljava/lang/Object;Ljava/lang/Object;Ljava/lang/Object;Ljava/lang/Object;Ljava/lang/Object;Ljava/lan
Event: 11.646 Thread 0x000001cde8288000 Exception <a 'java/lang/NoSuchMethodError'{0x0000000085c79650}: java.lang.invoke.DirectMethodHandle$Holder.invokeStatic(Ljava/lang/Object;Ljava/lang/Object;Ljava/lang/Object;Ljava/lang/Object;Ljava/lang/Object;Ljava/lang/Object;Ljava/lang/Object;Ljava/lan
Event: 11.652 Thread 0x000001cde8288000 Exception <a 'java/lang/NoSuchMethodError'{0x0000000085c877d8}: java.lang.invoke.DirectMethodHandle$Holder.invokeSpecial(Ljava/lang/Object;Ljava/lang/Object;IILjava/lang/Object;Ljava/lang/Object;Ljava/lang/Object;)Ljava/lang/Object;> (0x0000000085c877d8) 
Event: 11.653 Thread 0x000001cde8288000 Exception <a 'java/lang/NoSuchMethodError'{0x0000000085c8b008}: java.lang.invoke.DelegatingMethodHandle$Holder.reinvoke_L(Ljava/lang/Object;IILjava/lang/Object;Ljava/lang/Object;Ljava/lang/Object;)Ljava/lang/Object;> (0x0000000085c8b008) thrown at [t:/wor
Event: 11.654 Thread 0x000001cde8288000 Exception <a 'java/lang/NoSuchMethodError'{0x0000000085c8f638}: java.lang.invoke.DirectMethodHandle$Holder.invokeStatic(Ljava/lang/Object;Ljava/lang/Object;Ljava/lang/Object;Ljava/lang/Object;I)Ljava/lang/Object;> (0x0000000085c8f638) thrown at [t:/worksp

Events (10 events):
Event: 12.569 Thread 0x000001cd8a828800 Thread exited: 0x000001cd8a828800
Event: 12.570 Executing VM operation: RevokeBias done
Event: 12.570 Executing VM operation: RevokeBias
Event: 12.570 Executing VM operation: RevokeBias done
Event: 12.570 Executing VM operation: RevokeBias
Event: 12.570 Executing VM operation: RevokeBias done
Event: 12.570 Executing VM operation: RevokeBias
Event: 12.570 Executing VM operation: RevokeBias done
Event: 12.570 Thread 0x000001cd8ad1d800 Thread exited: 0x000001cd8ad1d800
Event: 12.572 Executing VM operation: Exit


Dynamic libraries:
0x00007ff7b6630000 - 0x00007ff7b6677000 	C:\Program Files\Java\jdk-11.0.6\bin\java.exe
0x00007ff834e60000 - 0x00007ff835050000 	C:\WINDOWS\SYSTEM32\ntdll.dll
0x00007ff8331a0000 - 0x00007ff833252000 	C:\WINDOWS\System32\KERNEL32.DLL
0x00007ff832130000 - 0x00007ff8323d3000 	C:\WINDOWS\System32\KERNELBASE.dll
0x00007ff82f780000 - 0x00007ff82f80f000 	C:\WINDOWS\SYSTEM32\apphelp.dll
0x00007ff833420000 - 0x00007ff8334c3000 	C:\WINDOWS\System32\ADVAPI32.dll
0x00007ff8347d0000 - 0x00007ff83486e000 	C:\WINDOWS\System32\msvcrt.dll
0x00007ff833380000 - 0x00007ff833417000 	C:\WINDOWS\System32\sechost.dll
0x00007ff833260000 - 0x00007ff833380000 	C:\WINDOWS\System32\RPCRT4.dll
0x00007ff833c70000 - 0x00007ff833e04000 	C:\WINDOWS\System32\USER32.dll
0x00007ff832510000 - 0x00007ff832531000 	C:\WINDOWS\System32\win32u.dll
0x00007ff833e70000 - 0x00007ff833e96000 	C:\WINDOWS\System32\GDI32.dll
0x00007ff831f70000 - 0x00007ff832104000 	C:\WINDOWS\System32\gdi32full.dll
0x00007ff831ed0000 - 0x00007ff831f6e000 	C:\WINDOWS\System32\msvcp_win.dll
0x00007ff832e10000 - 0x00007ff832f0a000 	C:\WINDOWS\System32\ucrtbase.dll
0x00007ff82a4e0000 - 0x00007ff82a765000 	C:\WINDOWS\WinSxS\amd64_microsoft.windows.common-controls_6595b64144ccf1df_6.0.18362.720_none_e6beb5c51314836b\COMCTL32.dll
0x00007ff8334e0000 - 0x00007ff833816000 	C:\WINDOWS\System32\combase.dll
0x00007ff8323e0000 - 0x00007ff832460000 	C:\WINDOWS\System32\bcryptPrimitives.dll
0x00007ff82d590000 - 0x00007ff82d59a000 	C:\WINDOWS\SYSTEM32\VERSION.dll
0x00007ff834590000 - 0x00007ff8345be000 	C:\WINDOWS\System32\IMM32.DLL
0x00007ff80e130000 - 0x00007ff80e146000 	C:\Program Files\Java\jdk-11.0.6\bin\vcruntime140.dll
0x00007ffff1bd0000 - 0x00007ffff1c7a000 	C:\Program Files\Java\jdk-11.0.6\bin\msvcp140.dll
0x00007fffd14e0000 - 0x00007fffd2009000 	C:\Program Files\Java\jdk-11.0.6\bin\server\jvm.dll
0x00007ff8330c0000 - 0x00007ff8330c8000 	C:\WINDOWS\System32\PSAPI.DLL
0x00007ff820260000 - 0x00007ff820269000 	C:\WINDOWS\SYSTEM32\WSOCK32.dll
0x00007ff82f2c0000 - 0x00007ff82f2e4000 	C:\WINDOWS\SYSTEM32\WINMM.dll
0x00007ff834870000 - 0x00007ff8348df000 	C:\WINDOWS\System32\WS2_32.dll
0x00007ff82f290000 - 0x00007ff82f2bd000 	C:\WINDOWS\SYSTEM32\winmmbase.dll
0x00007ff832f10000 - 0x00007ff832f5a000 	C:\WINDOWS\System32\cfgmgr32.dll
0x00007ff831e20000 - 0x00007ff831e31000 	C:\WINDOWS\System32\kernel.appcore.dll
0x00007ff8029a0000 - 0x00007ff8029b1000 	C:\Program Files\Java\jdk-11.0.6\bin\verify.dll
0x00007ff830530000 - 0x00007ff830724000 	C:\WINDOWS\SYSTEM32\DBGHELP.DLL
0x00007ff81eb60000 - 0x00007ff81eb8a000 	C:\WINDOWS\SYSTEM32\dbgcore.DLL
0x00007ff8018c0000 - 0x00007ff8018e9000 	C:\Program Files\Java\jdk-11.0.6\bin\java.dll
0x00007ff800d20000 - 0x00007ff800d36000 	C:\Program Files\Java\jdk-11.0.6\bin\zip.dll
0x00007ff81fb60000 - 0x00007ff81fb6a000 	C:\Program Files\Java\jdk-11.0.6\bin\jimage.dll
0x00007ff833ea0000 - 0x00007ff834585000 	C:\WINDOWS\System32\SHELL32.dll
0x00007ff832f90000 - 0x00007ff833039000 	C:\WINDOWS\System32\shcore.dll
0x00007ff832540000 - 0x00007ff832cc0000 	C:\WINDOWS\System32\windows.storage.dll
0x00007ff831e40000 - 0x00007ff831e63000 	C:\WINDOWS\System32\profapi.dll
0x00007ff831dd0000 - 0x00007ff831e1a000 	C:\WINDOWS\System32\powrprof.dll
0x00007ff831da0000 - 0x00007ff831db0000 	C:\WINDOWS\System32\UMPDC.dll
0x00007ff833950000 - 0x00007ff8339a2000 	C:\WINDOWS\System32\shlwapi.dll
0x00007ff832110000 - 0x00007ff832127000 	C:\WINDOWS\System32\cryptsp.dll
0x00007fffff690000 - 0x00007fffff6a9000 	C:\Program Files\Java\jdk-11.0.6\bin\net.dll
0x00007ff82afe0000 - 0x00007ff82b0d1000 	C:\WINDOWS\SYSTEM32\WINHTTP.dll
0x00007ff831610000 - 0x00007ff831677000 	C:\WINDOWS\system32\mswsock.dll
0x00007fffff670000 - 0x00007fffff683000 	C:\Program Files\Java\jdk-11.0.6\bin\nio.dll
0x00007ff831180000 - 0x00007ff8311b3000 	C:\WINDOWS\system32\rsaenh.dll
0x00007ff832f60000 - 0x00007ff832f86000 	C:\WINDOWS\System32\bcrypt.dll
0x00007ff831cc0000 - 0x00007ff831ce5000 	C:\WINDOWS\SYSTEM32\USERENV.dll
0x00007ff8317e0000 - 0x00007ff8317ec000 	C:\WINDOWS\SYSTEM32\CRYPTBASE.dll
0x00007ff831320000 - 0x00007ff83135a000 	C:\WINDOWS\SYSTEM32\IPHLPAPI.DLL
0x00007ff833040000 - 0x00007ff833048000 	C:\WINDOWS\System32\NSI.dll
0x00007ff82a770000 - 0x00007ff82a786000 	C:\WINDOWS\SYSTEM32\dhcpcsvc6.DLL
0x00007ff82b260000 - 0x00007ff82b27c000 	C:\WINDOWS\SYSTEM32\dhcpcsvc.DLL
0x00007ff831360000 - 0x00007ff83142a000 	C:\WINDOWS\SYSTEM32\DNSAPI.dll
0x00007ff81e430000 - 0x00007ff81e43a000 	C:\Users\Dhanushguntha\AppData\Local\Temp\jansi-1.17.1-16598758783056246858.dll
0x00007ff81cd00000 - 0x00007ff81cd0a000 	C:\Users\Dhanushguntha\AppData\Local\Temp\jansi-1.17.1-13792827239598837991.dll

dbghelp: loaded successfully - version: 4.0.5 - missing functions: none
symbol engine: initialized successfully - sym options: 0x614 - pdb path: .;C:\Program Files\Java\jdk-11.0.6\bin;C:\WINDOWS\SYSTEM32;C:\WINDOWS\WinSxS\amd64_microsoft.windows.common-controls_6595b64144ccf1df_6.0.18362.720_none_e6beb5c51314836b;C:\Program Files\Java\jdk-11.0.6\bin\server;C:\Users\Dhanushguntha\AppData\Local\Temp

VM Arguments:
jvm_args: -Dmaven.multiModuleProjectDirectory=c:\Users\Dhanushguntha\Desktop\webcontroller\webcontroller 
java_command: org.apache.maven.wrapper.MavenWrapperMain help:effective-pom -Doutput=c:\Users\Dhanushguntha\AppData\Roaming\Code\User\workspaceStorage\eed235c3c9f73297663ac7777d28cf48\vscjava.vscode-maven\ee71d183c705c5bfe83b0961adc837d2 -f c:\Users\Dhanushguntha\Desktop\webcontroller\webcontroller\pom.xml
java_class_path (initial): c:\Users\Dhanushguntha\Desktop\webcontroller\webcontroller\.mvn\wrapper\maven-wrapper.jar
Launcher Type: SUN_STANDARD

[Global flags]
     intx CICompilerCount                          = 3                                         {product} {ergonomic}
     uint ConcGCThreads                            = 1                                         {product} {ergonomic}
     uint G1ConcRefinementThreads                  = 4                                         {product} {ergonomic}
   size_t G1HeapRegionSize                         = 1048576                                   {product} {ergonomic}
    uintx GCDrainStackTargetSize                   = 64                                        {product} {ergonomic}
   size_t InitialHeapSize                          = 134217728                                 {product} {ergonomic}
   size_t MarkStackSize                            = 4194304                                   {product} {ergonomic}
   size_t MaxHeapSize                              = 2118123520                                {product} {ergonomic}
   size_t MaxNewSize                               = 1270874112                                {product} {ergonomic}
   size_t MinHeapDeltaBytes                        = 1048576                                   {product} {ergonomic}
    uintx NonNMethodCodeHeapSize                   = 5830732                                {pd product} {ergonomic}
    uintx NonProfiledCodeHeapSize                  = 122913754                              {pd product} {ergonomic}
    uintx ProfiledCodeHeapSize                     = 122913754                              {pd product} {ergonomic}
    uintx ReservedCodeCacheSize                    = 251658240                              {pd product} {ergonomic}
     bool SegmentedCodeCache                       = true                                      {product} {ergonomic}
     bool UseCompressedClassPointers               = true                                 {lp64_product} {ergonomic}
     bool UseCompressedOops                        = true                                 {lp64_product} {ergonomic}
     bool UseG1GC                                  = true                                      {product} {ergonomic}
     bool UseLargePagesIndividualAllocation        = false                                  {pd product} {ergonomic}

Logging:
Log output configuration:
 #0: stdout all=warning uptime,level,tags
 #1: stderr all=off uptime,level,tags

Environment Variables:
JAVA_HOME=C:\Program Files\Java\jdk-11.0.6
PATH=C:\Python27\;C:\Python27\Scripts;C:\Program Files (x86)\Intel\iCLS Client\;C:\Program Files\Intel\iCLS Client\;C:\windows\system32;C:\windows;C:\windows\System32\Wbem;C:\windows\System32\WindowsPowerShell\v1.0\;C:\Program Files (x86)\Intel\Intel(R) Management Engine Components\DAL;C:\Program Files\Intel\Intel(R) Management Engine Components\DAL;C:\Program Files (x86)\Intel\Intel(R) Management Engine Components\IPT;C:\Program Files\Intel\Intel(R) Management Engine Components\IPT;C:\Program Files (x86)\NVIDIA Corporation\PhysX\Common;C:\WINDOWS\system32;C:\WINDOWS;C:\WINDOWS\System32\Wbem;C:\WINDOWS\System32\WindowsPowerShell\v1.0\;C:\WINDOWS\System32\OpenSSH\;C:\Users\Dhanushguntha\AppData\Local\Programs\Python\Python37;C:\Program Files\Intel\WiFi\bin\;C:\Program Files\Common Files\Intel\WirelessCommon\;C:\Program Files\Git\cmd;C:\Program Files (x86)\Yarn\bin\;C:\Program Files\NVIDIA Corporation\NVIDIA NvDLISR;C:\Program Files\nodejs;C:\ProgramData\chocolatey\bin;C:\Program Files\nodejs\;C:\opt\apache-maven-3.6.3\bin;C:\Program Files\Java\jdk-11.0.6\bin;C:\Users\Dhanushguntha\Anaconda3\Scripts;C:\Users\Dhanushguntha\Anaconda3\Scripts;C:\Users\Dhanushguntha\AppData\Local\Programs\Microsoft VS Code\bin;C:\Users\Dhanushguntha\AppData\Roaming\npm;
USERNAME=Dhanushguntha
OS=Windows_NT
PROCESSOR_IDENTIFIER=Intel64 Family 6 Model 142 Stepping 9, GenuineIntel



---------------  S Y S T E M  ---------------

OS: Windows 10 , 64 bit Build 18362 (10.0.18362.329)

CPU:total 4 (initial active 4) (2 cores per cpu, 2 threads per core) family 6 model 142 stepping 9, cmov, cx8, fxsr, mmx, sse, sse2, sse3, ssse3, sse4.1, sse4.2, popcnt, avx, avx2, aes, clmul, erms, 3dnowpref, lzcnt, ht, tsc, tscinvbit, bmi1, bmi2, adx, fma

Memory: 4k page, system-wide physical 8077M (1210M free)
TotalPageFile size 8077M (AvailPageFile size 4M)
current process WorkingSet (physical memory assigned to process): 198M, peak: 198M
current process commit charge ("private bytes"): 271M, peak: 274M

vm_info: Java HotSpot(TM) 64-Bit Server VM (11.0.6+8-LTS) for windows-amd64 JRE (11.0.6+8-LTS), built on Dec 11 2019 09:17:57 by "mach5one" with MS VC++ 15.5 (VS2017)

END.
