#
# There is insufficient memory for the Java Runtime Environment to continue.
# Native memory allocation (malloc) failed to allocate 725216 bytes for Chunk::new
# Possible reasons:
#   The system is out of physical RAM or swap space
#   The process is running with CompressedOops enabled, and the Java Heap may be blocking the growth of the native heap
# Possible solutions:
#   Reduce memory load on the system
#   Increase physical memory or swap space
#   Check if swap backing store is full
#   Decrease Java heap size (-Xmx/-Xms)
#   Decrease number of Java threads
#   Decrease Java thread stack sizes (-Xss)
#   Set larger code cache with -XX:ReservedCodeCacheSize=
#   JVM is running with Unscaled Compressed Oops mode in which the Java heap is
#     placed in the first 4GB address space. The Java Heap base address is the
#     maximum limit for the native heap growth. Please use -XX:HeapBaseMinAddress
#     to set the Java Heap base and to place the Java Heap above 4GB virtual address.
# This output file may be truncated or incomplete.
#
#  Out of Memory Error (t:/workspace/open/src/hotspot/share/memory/arena.cpp:197), pid=12444, tid=1584
#
# JRE version: Java(TM) SE Runtime Environment (11.0.6+8) (build 11.0.6+8-LTS)
# Java VM: Java HotSpot(TM) 64-Bit Server VM (11.0.6+8-LTS, mixed mode, tiered, compressed oops, g1 gc, windows-amd64)
# No core dump will be written. Minidumps are not enabled by default on client versions of Windows
#

---------------  S U M M A R Y ------------

Command Line: -Dmaven.multiModuleProjectDirectory=C:\Users\Dhanushguntha\Desktop\webcontroller\webcontroller -Dmaven.home=C:\Program Files\JetBrains\IntelliJ IDEA Community Edition 2019.3.4\plugins\maven\lib\maven3 -Dclassworlds.conf=C:\Program Files\JetBrains\IntelliJ IDEA Community Edition 2019.3.4\plugins\maven\lib\maven3\bin\m2.conf -Dmaven.ext.class.path=C:\Program Files\JetBrains\IntelliJ IDEA Community Edition 2019.3.4\plugins\maven\lib\maven-event-listener.jar -javaagent:C:\Program Files\JetBrains\IntelliJ IDEA Community Edition 2019.3.4\lib\idea_rt.jar=52473:C:\Program Files\JetBrains\IntelliJ IDEA Community Edition 2019.3.4\bin -Dfile.encoding=UTF-8 org.codehaus.classworlds.Launcher -Didea.version2019.3.4 spring-boot:run

Host: Intel(R) Core(TM) i5-7200U CPU @ 2.50GHz, 4 cores, 7G,  Windows 10 , 64 bit Build 18362 (10.0.18362.329)
Time: Wed Apr 15 17:03:13 2020 India Standard Time elapsed time: 3 seconds (0d 0h 0m 3s)

---------------  T H R E A D  ---------------

Current thread (0x00000227b6b4c800):  JavaThread "C2 CompilerThread0" daemon [_thread_in_native, id=1584, stack(0x000000e0be300000,0x000000e0be400000)]


Current CompileTask:
C2:   3632 2064   !   4       java.net.URL::<init> (543 bytes)

Stack: [0x000000e0be300000,0x000000e0be400000]
Native frames: (J=compiled Java code, j=interpreted, Vv=VM code, C=native code)
V  [jvm.dll+0x63679a]
V  [jvm.dll+0x7755bf]
V  [jvm.dll+0x776c65]
V  [jvm.dll+0x7772d3]
V  [jvm.dll+0x25e7f8]
V  [jvm.dll+0xc1c01]
V  [jvm.dll+0xc219c]
V  [jvm.dll+0x2cf424]
V  [jvm.dll+0x552d3f]
V  [jvm.dll+0x21a49f]
V  [jvm.dll+0x2173d6]
V  [jvm.dll+0x193a2c]
V  [jvm.dll+0x226544]
V  [jvm.dll+0x224b28]
V  [jvm.dll+0x73a9c5]
V  [jvm.dll+0x733905]
V  [jvm.dll+0x635846]
C  [ucrtbase.dll+0x20e72]
C  [KERNEL32.DLL+0x17bd4]
C  [ntdll.dll+0x6ced1]


---------------  P R O C E S S  ---------------

Threads class SMR info:
_java_thread_list=0x00000227b89108d0, length=12, elements={
0x000002279879a000, 0x00000227b6b34800, 0x00000227b6b36000, 0x00000227b74b2800,
0x00000227b6b4b000, 0x00000227b6b4c800, 0x00000227b6b50800, 0x00000227b6b54000,
0x00000227b7604000, 0x00000227b7693000, 0x00000227b771d000, 0x00000227b7f9b000
}

Java Threads: ( => current thread )
  0x000002279879a000 JavaThread "main" [_thread_in_vm, id=6244, stack(0x000000e0bd800000,0x000000e0bd900000)]
  0x00000227b6b34800 JavaThread "Reference Handler" daemon [_thread_blocked, id=548, stack(0x000000e0bdf00000,0x000000e0be000000)]
  0x00000227b6b36000 JavaThread "Finalizer" daemon [_thread_blocked, id=8560, stack(0x000000e0be000000,0x000000e0be100000)]
  0x00000227b74b2800 JavaThread "Signal Dispatcher" daemon [_thread_blocked, id=10680, stack(0x000000e0be100000,0x000000e0be200000)]
  0x00000227b6b4b000 JavaThread "Attach Listener" daemon [_thread_blocked, id=3000, stack(0x000000e0be200000,0x000000e0be300000)]
=>0x00000227b6b4c800 JavaThread "C2 CompilerThread0" daemon [_thread_in_native, id=1584, stack(0x000000e0be300000,0x000000e0be400000)]
  0x00000227b6b50800 JavaThread "C1 CompilerThread0" daemon [_thread_in_native, id=3892, stack(0x000000e0be400000,0x000000e0be500000)]
  0x00000227b6b54000 JavaThread "Sweeper thread" daemon [_thread_blocked, id=1164, stack(0x000000e0be500000,0x000000e0be600000)]
  0x00000227b7604000 JavaThread "Common-Cleaner" daemon [_thread_blocked, id=12692, stack(0x000000e0be600000,0x000000e0be700000)]
  0x00000227b7693000 JavaThread "Monitor Ctrl-Break" daemon [_thread_in_native, id=9240, stack(0x000000e0be700000,0x000000e0be800000)]
  0x00000227b771d000 JavaThread "Service Thread" daemon [_thread_blocked, id=9176, stack(0x000000e0be800000,0x000000e0be900000)]
  0x00000227b7f9b000 JavaThread "C2 CompilerThread1" daemon [_thread_in_native, id=2080, stack(0x000000e0bed00000,0x000000e0bee00000)]

Other Threads:
  0x00000227b6b0c000 VMThread "VM Thread" [stack: 0x000000e0bde00000,0x000000e0bdf00000] [id=13068]
  0x00000227b7724800 WatcherThread [stack: 0x000000e0be900000,0x000000e0bea00000] [id=3004]
  0x00000227987af800 GCTaskThread "GC Thread#0" [stack: 0x000000e0bd900000,0x000000e0bda00000] [id=9044]
  0x00000227b801a800 GCTaskThread "GC Thread#1" [stack: 0x000000e0bea00000,0x000000e0beb00000] [id=5080]
  0x00000227b8025800 GCTaskThread "GC Thread#2" [stack: 0x000000e0beb00000,0x000000e0bec00000] [id=5296]
  0x00000227987df000 ConcurrentGCThread "G1 Main Marker" [stack: 0x000000e0bda00000,0x000000e0bdb00000] [id=9300]
  0x00000227987e0800 ConcurrentGCThread "G1 Conc#0" [stack: 0x000000e0bdb00000,0x000000e0bdc00000] [id=5952]
  0x0000022798860800 ConcurrentGCThread "G1 Refine#0" [stack: 0x000000e0bdc00000,0x000000e0bdd00000] [id=2776]
  0x00000227b76e1800 ConcurrentGCThread "G1 Refine#1" [stack: 0x000000e0bec00000,0x000000e0bed00000] [id=1348]
  0x00000227b6980800 ConcurrentGCThread "G1 Young RemSet Sampling" [stack: 0x000000e0bdd00000,0x000000e0bde00000] [id=13656]

Threads with active compile tasks:
C2 CompilerThread02064   !   4       java.net.URL::<init> (543 bytes)
C2 CompilerThread12113       4       java.lang.String::lastIndexOf (12 bytes)

VM state:not at safepoint (normal execution)

VM Mutex/Monitor currently owned by a thread: None

Heap address: 0x0000000081c00000, size: 2020 MB, Compressed Oops mode: 32-bit
Narrow klass base: 0x0000000000000000, Narrow klass shift: 3
Compressed class space size: 1073741824 Address: 0x0000000100000000

Heap:
 garbage-first heap   total 131072K, used 34292K [0x0000000081c00000, 0x0000000100000000)
  region size 1024K, 31 young (31744K), 1 survivors (1024K)
 Metaspace       used 20022K, capacity 20332K, committed 20480K, reserved 1067008K
  class space    used 2161K, capacity 2290K, committed 2304K, reserved 1048576K
Heap Regions: E=young(eden), S=young(survivor), O=old, HS=humongous(starts), HC=humongous(continues), CS=collection set, F=free, A=archive, TAMS=top-at-mark-start (previous, next)
|   0|0x0000000081c00000, 0x0000000081d00000, 0x0000000081d00000|100%| O|  |TAMS 0x0000000081c00000, 0x0000000081c00000| Untracked 
|   1|0x0000000081d00000, 0x0000000081e00000, 0x0000000081e00000|100%| O|  |TAMS 0x0000000081d00000, 0x0000000081d00000| Untracked 
|   2|0x0000000081e00000, 0x0000000081f00000, 0x0000000081f00000|100%| O|  |TAMS 0x0000000081e00000, 0x0000000081e00000| Untracked 
|   3|0x0000000081f00000, 0x0000000081f80a00, 0x0000000082000000| 50%| O|  |TAMS 0x0000000081f00000, 0x0000000081f00000| Untracked 
|   4|0x0000000082000000, 0x0000000082000000, 0x0000000082100000|  0%| F|  |TAMS 0x0000000082000000, 0x0000000082000000| Untracked 
|   5|0x0000000082100000, 0x0000000082100000, 0x0000000082200000|  0%| F|  |TAMS 0x0000000082100000, 0x0000000082100000| Untracked 
|   6|0x0000000082200000, 0x0000000082200000, 0x0000000082300000|  0%| F|  |TAMS 0x0000000082200000, 0x0000000082200000| Untracked 
|   7|0x0000000082300000, 0x0000000082300000, 0x0000000082400000|  0%| F|  |TAMS 0x0000000082300000, 0x0000000082300000| Untracked 
|   8|0x0000000082400000, 0x0000000082400000, 0x0000000082500000|  0%| F|  |TAMS 0x0000000082400000, 0x0000000082400000| Untracked 
|   9|0x0000000082500000, 0x0000000082500000, 0x0000000082600000|  0%| F|  |TAMS 0x0000000082500000, 0x0000000082500000| Untracked 
|  10|0x0000000082600000, 0x0000000082600000, 0x0000000082700000|  0%| F|  |TAMS 0x0000000082600000, 0x0000000082600000| Untracked 
|  11|0x0000000082700000, 0x0000000082700000, 0x0000000082800000|  0%| F|  |TAMS 0x0000000082700000, 0x0000000082700000| Untracked 
|  12|0x0000000082800000, 0x0000000082800000, 0x0000000082900000|  0%| F|  |TAMS 0x0000000082800000, 0x0000000082800000| Untracked 
|  13|0x0000000082900000, 0x0000000082900000, 0x0000000082a00000|  0%| F|  |TAMS 0x0000000082900000, 0x0000000082900000| Untracked 
|  14|0x0000000082a00000, 0x0000000082a00000, 0x0000000082b00000|  0%| F|  |TAMS 0x0000000082a00000, 0x0000000082a00000| Untracked 
|  15|0x0000000082b00000, 0x0000000082b00000, 0x0000000082c00000|  0%| F|  |TAMS 0x0000000082b00000, 0x0000000082b00000| Untracked 
|  16|0x0000000082c00000, 0x0000000082c00000, 0x0000000082d00000|  0%| F|  |TAMS 0x0000000082c00000, 0x0000000082c00000| Untracked 
|  17|0x0000000082d00000, 0x0000000082d00000, 0x0000000082e00000|  0%| F|  |TAMS 0x0000000082d00000, 0x0000000082d00000| Untracked 
|  18|0x0000000082e00000, 0x0000000082e00000, 0x0000000082f00000|  0%| F|  |TAMS 0x0000000082e00000, 0x0000000082e00000| Untracked 
|  19|0x0000000082f00000, 0x0000000082f00000, 0x0000000083000000|  0%| F|  |TAMS 0x0000000082f00000, 0x0000000082f00000| Untracked 
|  20|0x0000000083000000, 0x0000000083000000, 0x0000000083100000|  0%| F|  |TAMS 0x0000000083000000, 0x0000000083000000| Untracked 
|  21|0x0000000083100000, 0x0000000083100000, 0x0000000083200000|  0%| F|  |TAMS 0x0000000083100000, 0x0000000083100000| Untracked 
|  22|0x0000000083200000, 0x0000000083200000, 0x0000000083300000|  0%| F|  |TAMS 0x0000000083200000, 0x0000000083200000| Untracked 
|  23|0x0000000083300000, 0x0000000083300000, 0x0000000083400000|  0%| F|  |TAMS 0x0000000083300000, 0x0000000083300000| Untracked 
|  24|0x0000000083400000, 0x0000000083400000, 0x0000000083500000|  0%| F|  |TAMS 0x0000000083400000, 0x0000000083400000| Untracked 
|  25|0x0000000083500000, 0x0000000083500000, 0x0000000083600000|  0%| F|  |TAMS 0x0000000083500000, 0x0000000083500000| Untracked 
|  26|0x0000000083600000, 0x0000000083600000, 0x0000000083700000|  0%| F|  |TAMS 0x0000000083600000, 0x0000000083600000| Untracked 
|  27|0x0000000083700000, 0x0000000083700000, 0x0000000083800000|  0%| F|  |TAMS 0x0000000083700000, 0x0000000083700000| Untracked 
|  28|0x0000000083800000, 0x0000000083800000, 0x0000000083900000|  0%| F|  |TAMS 0x0000000083800000, 0x0000000083800000| Untracked 
|  29|0x0000000083900000, 0x0000000083900000, 0x0000000083a00000|  0%| F|  |TAMS 0x0000000083900000, 0x0000000083900000| Untracked 
|  30|0x0000000083a00000, 0x0000000083a00000, 0x0000000083b00000|  0%| F|  |TAMS 0x0000000083a00000, 0x0000000083a00000| Untracked 
|  31|0x0000000083b00000, 0x0000000083b00000, 0x0000000083c00000|  0%| F|  |TAMS 0x0000000083b00000, 0x0000000083b00000| Untracked 
|  32|0x0000000083c00000, 0x0000000083c00000, 0x0000000083d00000|  0%| F|  |TAMS 0x0000000083c00000, 0x0000000083c00000| Untracked 
|  33|0x0000000083d00000, 0x0000000083d00000, 0x0000000083e00000|  0%| F|  |TAMS 0x0000000083d00000, 0x0000000083d00000| Untracked 
|  34|0x0000000083e00000, 0x0000000083e00000, 0x0000000083f00000|  0%| F|  |TAMS 0x0000000083e00000, 0x0000000083e00000| Untracked 
|  35|0x0000000083f00000, 0x0000000083f00000, 0x0000000084000000|  0%| F|  |TAMS 0x0000000083f00000, 0x0000000083f00000| Untracked 
|  36|0x0000000084000000, 0x0000000084000000, 0x0000000084100000|  0%| F|  |TAMS 0x0000000084000000, 0x0000000084000000| Untracked 
|  37|0x0000000084100000, 0x0000000084100000, 0x0000000084200000|  0%| F|  |TAMS 0x0000000084100000, 0x0000000084100000| Untracked 
|  38|0x0000000084200000, 0x0000000084200000, 0x0000000084300000|  0%| F|  |TAMS 0x0000000084200000, 0x0000000084200000| Untracked 
|  39|0x0000000084300000, 0x0000000084300000, 0x0000000084400000|  0%| F|  |TAMS 0x0000000084300000, 0x0000000084300000| Untracked 
|  40|0x0000000084400000, 0x0000000084400000, 0x0000000084500000|  0%| F|  |TAMS 0x0000000084400000, 0x0000000084400000| Untracked 
|  41|0x0000000084500000, 0x0000000084500000, 0x0000000084600000|  0%| F|  |TAMS 0x0000000084500000, 0x0000000084500000| Untracked 
|  42|0x0000000084600000, 0x0000000084600000, 0x0000000084700000|  0%| F|  |TAMS 0x0000000084600000, 0x0000000084600000| Untracked 
|  43|0x0000000084700000, 0x0000000084700000, 0x0000000084800000|  0%| F|  |TAMS 0x0000000084700000, 0x0000000084700000| Untracked 
|  44|0x0000000084800000, 0x0000000084800000, 0x0000000084900000|  0%| F|  |TAMS 0x0000000084800000, 0x0000000084800000| Untracked 
|  45|0x0000000084900000, 0x0000000084900000, 0x0000000084a00000|  0%| F|  |TAMS 0x0000000084900000, 0x0000000084900000| Untracked 
|  46|0x0000000084a00000, 0x0000000084a00000, 0x0000000084b00000|  0%| F|  |TAMS 0x0000000084a00000, 0x0000000084a00000| Untracked 
|  47|0x0000000084b00000, 0x0000000084b00000, 0x0000000084c00000|  0%| F|  |TAMS 0x0000000084b00000, 0x0000000084b00000| Untracked 
|  48|0x0000000084c00000, 0x0000000084c00000, 0x0000000084d00000|  0%| F|  |TAMS 0x0000000084c00000, 0x0000000084c00000| Untracked 
|  49|0x0000000084d00000, 0x0000000084d00000, 0x0000000084e00000|  0%| F|  |TAMS 0x0000000084d00000, 0x0000000084d00000| Untracked 
|  50|0x0000000084e00000, 0x0000000084e00000, 0x0000000084f00000|  0%| F|  |TAMS 0x0000000084e00000, 0x0000000084e00000| Untracked 
|  51|0x0000000084f00000, 0x0000000084f00000, 0x0000000085000000|  0%| F|  |TAMS 0x0000000084f00000, 0x0000000084f00000| Untracked 
|  52|0x0000000085000000, 0x0000000085000000, 0x0000000085100000|  0%| F|  |TAMS 0x0000000085000000, 0x0000000085000000| Untracked 
|  53|0x0000000085100000, 0x0000000085100000, 0x0000000085200000|  0%| F|  |TAMS 0x0000000085100000, 0x0000000085100000| Untracked 
|  54|0x0000000085200000, 0x0000000085200000, 0x0000000085300000|  0%| F|  |TAMS 0x0000000085200000, 0x0000000085200000| Untracked 
|  55|0x0000000085300000, 0x0000000085300000, 0x0000000085400000|  0%| F|  |TAMS 0x0000000085300000, 0x0000000085300000| Untracked 
|  56|0x0000000085400000, 0x0000000085400000, 0x0000000085500000|  0%| F|  |TAMS 0x0000000085400000, 0x0000000085400000| Untracked 
|  57|0x0000000085500000, 0x0000000085500000, 0x0000000085600000|  0%| F|  |TAMS 0x0000000085500000, 0x0000000085500000| Untracked 
|  58|0x0000000085600000, 0x0000000085600000, 0x0000000085700000|  0%| F|  |TAMS 0x0000000085600000, 0x0000000085600000| Untracked 
|  59|0x0000000085700000, 0x0000000085700000, 0x0000000085800000|  0%| F|  |TAMS 0x0000000085700000, 0x0000000085700000| Untracked 
|  60|0x0000000085800000, 0x0000000085800000, 0x0000000085900000|  0%| F|  |TAMS 0x0000000085800000, 0x0000000085800000| Untracked 
|  61|0x0000000085900000, 0x0000000085900000, 0x0000000085a00000|  0%| F|  |TAMS 0x0000000085900000, 0x0000000085900000| Untracked 
|  62|0x0000000085a00000, 0x0000000085a00000, 0x0000000085b00000|  0%| F|  |TAMS 0x0000000085a00000, 0x0000000085a00000| Untracked 
|  63|0x0000000085b00000, 0x0000000085b00000, 0x0000000085c00000|  0%| F|  |TAMS 0x0000000085b00000, 0x0000000085b00000| Untracked 
|  64|0x0000000085c00000, 0x0000000085c00000, 0x0000000085d00000|  0%| F|  |TAMS 0x0000000085c00000, 0x0000000085c00000| Untracked 
|  65|0x0000000085d00000, 0x0000000085d00000, 0x0000000085e00000|  0%| F|  |TAMS 0x0000000085d00000, 0x0000000085d00000| Untracked 
|  66|0x0000000085e00000, 0x0000000085e00000, 0x0000000085f00000|  0%| F|  |TAMS 0x0000000085e00000, 0x0000000085e00000| Untracked 
|  67|0x0000000085f00000, 0x0000000085f00000, 0x0000000086000000|  0%| F|  |TAMS 0x0000000085f00000, 0x0000000085f00000| Untracked 
|  68|0x0000000086000000, 0x0000000086000000, 0x0000000086100000|  0%| F|  |TAMS 0x0000000086000000, 0x0000000086000000| Untracked 
|  69|0x0000000086100000, 0x0000000086100000, 0x0000000086200000|  0%| F|  |TAMS 0x0000000086100000, 0x0000000086100000| Untracked 
|  70|0x0000000086200000, 0x0000000086200000, 0x0000000086300000|  0%| F|  |TAMS 0x0000000086200000, 0x0000000086200000| Untracked 
|  71|0x0000000086300000, 0x0000000086300000, 0x0000000086400000|  0%| F|  |TAMS 0x0000000086300000, 0x0000000086300000| Untracked 
|  72|0x0000000086400000, 0x0000000086400000, 0x0000000086500000|  0%| F|  |TAMS 0x0000000086400000, 0x0000000086400000| Untracked 
|  73|0x0000000086500000, 0x0000000086500000, 0x0000000086600000|  0%| F|  |TAMS 0x0000000086500000, 0x0000000086500000| Untracked 
|  74|0x0000000086600000, 0x0000000086600000, 0x0000000086700000|  0%| F|  |TAMS 0x0000000086600000, 0x0000000086600000| Untracked 
|  75|0x0000000086700000, 0x0000000086700000, 0x0000000086800000|  0%| F|  |TAMS 0x0000000086700000, 0x0000000086700000| Untracked 
|  76|0x0000000086800000, 0x0000000086800000, 0x0000000086900000|  0%| F|  |TAMS 0x0000000086800000, 0x0000000086800000| Untracked 
|  77|0x0000000086900000, 0x0000000086900000, 0x0000000086a00000|  0%| F|  |TAMS 0x0000000086900000, 0x0000000086900000| Untracked 
|  78|0x0000000086a00000, 0x0000000086a00000, 0x0000000086b00000|  0%| F|  |TAMS 0x0000000086a00000, 0x0000000086a00000| Untracked 
|  79|0x0000000086b00000, 0x0000000086b00000, 0x0000000086c00000|  0%| F|  |TAMS 0x0000000086b00000, 0x0000000086b00000| Untracked 
|  80|0x0000000086c00000, 0x0000000086c00000, 0x0000000086d00000|  0%| F|  |TAMS 0x0000000086c00000, 0x0000000086c00000| Untracked 
|  81|0x0000000086d00000, 0x0000000086d00000, 0x0000000086e00000|  0%| F|  |TAMS 0x0000000086d00000, 0x0000000086d00000| Untracked 
|  82|0x0000000086e00000, 0x0000000086e00000, 0x0000000086f00000|  0%| F|  |TAMS 0x0000000086e00000, 0x0000000086e00000| Untracked 
|  83|0x0000000086f00000, 0x0000000086f00000, 0x0000000087000000|  0%| F|  |TAMS 0x0000000086f00000, 0x0000000086f00000| Untracked 
|  84|0x0000000087000000, 0x0000000087000000, 0x0000000087100000|  0%| F|  |TAMS 0x0000000087000000, 0x0000000087000000| Untracked 
|  85|0x0000000087100000, 0x0000000087100000, 0x0000000087200000|  0%| F|  |TAMS 0x0000000087100000, 0x0000000087100000| Untracked 
|  86|0x0000000087200000, 0x0000000087200000, 0x0000000087300000|  0%| F|  |TAMS 0x0000000087200000, 0x0000000087200000| Untracked 
|  87|0x0000000087300000, 0x0000000087300000, 0x0000000087400000|  0%| F|  |TAMS 0x0000000087300000, 0x0000000087300000| Untracked 
|  88|0x0000000087400000, 0x0000000087400000, 0x0000000087500000|  0%| F|  |TAMS 0x0000000087400000, 0x0000000087400000| Untracked 
|  89|0x0000000087500000, 0x0000000087500000, 0x0000000087600000|  0%| F|  |TAMS 0x0000000087500000, 0x0000000087500000| Untracked 
|  90|0x0000000087600000, 0x0000000087600000, 0x0000000087700000|  0%| F|  |TAMS 0x0000000087600000, 0x0000000087600000| Untracked 
|  91|0x0000000087700000, 0x0000000087700000, 0x0000000087800000|  0%| F|  |TAMS 0x0000000087700000, 0x0000000087700000| Untracked 
|  92|0x0000000087800000, 0x0000000087800000, 0x0000000087900000|  0%| F|  |TAMS 0x0000000087800000, 0x0000000087800000| Untracked 
|  93|0x0000000087900000, 0x0000000087900000, 0x0000000087a00000|  0%| F|  |TAMS 0x0000000087900000, 0x0000000087900000| Untracked 
|  94|0x0000000087a00000, 0x0000000087a00000, 0x0000000087b00000|  0%| F|  |TAMS 0x0000000087a00000, 0x0000000087a00000| Untracked 
|  95|0x0000000087b00000, 0x0000000087b00000, 0x0000000087c00000|  0%| F|  |TAMS 0x0000000087b00000, 0x0000000087b00000| Untracked 
|  96|0x0000000087c00000, 0x0000000087c00000, 0x0000000087d00000|  0%| F|  |TAMS 0x0000000087c00000, 0x0000000087c00000| Untracked 
|  97|0x0000000087d00000, 0x0000000087d84010, 0x0000000087e00000| 51%| E|  |TAMS 0x0000000087d00000, 0x0000000087d00000| Complete 
|  98|0x0000000087e00000, 0x0000000087f00000, 0x0000000087f00000|100%| E|CS|TAMS 0x0000000087e00000, 0x0000000087e00000| Complete 
|  99|0x0000000087f00000, 0x0000000088000000, 0x0000000088000000|100%| E|CS|TAMS 0x0000000087f00000, 0x0000000087f00000| Complete 
| 100|0x0000000088000000, 0x0000000088100000, 0x0000000088100000|100%| E|CS|TAMS 0x0000000088000000, 0x0000000088000000| Complete 
| 101|0x0000000088100000, 0x0000000088200000, 0x0000000088200000|100%| E|CS|TAMS 0x0000000088100000, 0x0000000088100000| Complete 
| 102|0x0000000088200000, 0x0000000088300000, 0x0000000088300000|100%| E|CS|TAMS 0x0000000088200000, 0x0000000088200000| Complete 
| 103|0x0000000088300000, 0x00000000883fc680, 0x0000000088400000| 98%| S|CS|TAMS 0x0000000088300000, 0x0000000088300000| Complete 
| 104|0x0000000088400000, 0x0000000088500000, 0x0000000088500000|100%| E|CS|TAMS 0x0000000088400000, 0x0000000088400000| Complete 
| 105|0x0000000088500000, 0x0000000088600000, 0x0000000088600000|100%| E|CS|TAMS 0x0000000088500000, 0x0000000088500000| Complete 
| 106|0x0000000088600000, 0x0000000088700000, 0x0000000088700000|100%| E|CS|TAMS 0x0000000088600000, 0x0000000088600000| Complete 
| 107|0x0000000088700000, 0x0000000088800000, 0x0000000088800000|100%| E|CS|TAMS 0x0000000088700000, 0x0000000088700000| Complete 
| 108|0x0000000088800000, 0x0000000088900000, 0x0000000088900000|100%| E|CS|TAMS 0x0000000088800000, 0x0000000088800000| Complete 
| 109|0x0000000088900000, 0x0000000088a00000, 0x0000000088a00000|100%| E|CS|TAMS 0x0000000088900000, 0x0000000088900000| Complete 
| 110|0x0000000088a00000, 0x0000000088b00000, 0x0000000088b00000|100%| E|CS|TAMS 0x0000000088a00000, 0x0000000088a00000| Complete 
| 111|0x0000000088b00000, 0x0000000088c00000, 0x0000000088c00000|100%| E|CS|TAMS 0x0000000088b00000, 0x0000000088b00000| Complete 
| 112|0x0000000088c00000, 0x0000000088d00000, 0x0000000088d00000|100%| E|CS|TAMS 0x0000000088c00000, 0x0000000088c00000| Complete 
| 113|0x0000000088d00000, 0x0000000088e00000, 0x0000000088e00000|100%| E|CS|TAMS 0x0000000088d00000, 0x0000000088d00000| Complete 
| 114|0x0000000088e00000, 0x0000000088f00000, 0x0000000088f00000|100%| E|CS|TAMS 0x0000000088e00000, 0x0000000088e00000| Complete 
| 115|0x0000000088f00000, 0x0000000089000000, 0x0000000089000000|100%| E|CS|TAMS 0x0000000088f00000, 0x0000000088f00000| Complete 
| 116|0x0000000089000000, 0x0000000089100000, 0x0000000089100000|100%| E|CS|TAMS 0x0000000089000000, 0x0000000089000000| Complete 
| 117|0x0000000089100000, 0x0000000089200000, 0x0000000089200000|100%| E|CS|TAMS 0x0000000089100000, 0x0000000089100000| Complete 
| 118|0x0000000089200000, 0x0000000089300000, 0x0000000089300000|100%| E|CS|TAMS 0x0000000089200000, 0x0000000089200000| Complete 
| 119|0x0000000089300000, 0x0000000089400000, 0x0000000089400000|100%| E|CS|TAMS 0x0000000089300000, 0x0000000089300000| Complete 
| 120|0x0000000089400000, 0x0000000089500000, 0x0000000089500000|100%| E|CS|TAMS 0x0000000089400000, 0x0000000089400000| Complete 
| 121|0x0000000089500000, 0x0000000089600000, 0x0000000089600000|100%| E|CS|TAMS 0x0000000089500000, 0x0000000089500000| Complete 
| 122|0x0000000089600000, 0x0000000089700000, 0x0000000089700000|100%| E|CS|TAMS 0x0000000089600000, 0x0000000089600000| Complete 
| 123|0x0000000089700000, 0x0000000089800000, 0x0000000089800000|100%| E|CS|TAMS 0x0000000089700000, 0x0000000089700000| Complete 
| 124|0x0000000089800000, 0x0000000089900000, 0x0000000089900000|100%| E|CS|TAMS 0x0000000089800000, 0x0000000089800000| Complete 
| 125|0x0000000089900000, 0x0000000089a00000, 0x0000000089a00000|100%| E|CS|TAMS 0x0000000089900000, 0x0000000089900000| Complete 
| 126|0x0000000089a00000, 0x0000000089b00000, 0x0000000089b00000|100%| E|CS|TAMS 0x0000000089a00000, 0x0000000089a00000| Complete 
| 127|0x0000000089b00000, 0x0000000089c00000, 0x0000000089c00000|100%| E|CS|TAMS 0x0000000089b00000, 0x0000000089b00000| Complete 

Card table byte_map: [0x00000227aff20000,0x00000227b0320000] _byte_map_base: 0x00000227afb12000

Marking Bits (Prev, Next): (CMBitMap*) 0x00000227987d62f8, (CMBitMap*) 0x00000227987d6330
 Prev Bits: [0x00000227b0720000, 0x00000227b26b0000)
 Next Bits: [0x00000227b26b0000, 0x00000227b4640000)

Polling page: 0x0000022796680000

Metaspace:

Usage:
  Non-class:     17.68 MB capacity,    17.47 MB ( 99%) used,   193.80 KB (  1%) free+waste,    23.31 KB ( <1%) overhead. 
      Class:      2.24 MB capacity,     2.11 MB ( 94%) used,   116.60 KB (  5%) free+waste,     9.56 KB ( <1%) overhead. 
       Both:     19.92 MB capacity,    19.58 MB ( 98%) used,   310.41 KB (  2%) free+waste,    32.88 KB ( <1%) overhead. 

Virtual space:
  Non-class space:       18.00 MB reserved,      17.75 MB ( 99%) committed 
      Class space:        1.00 GB reserved,       2.25 MB ( <1%) committed 
             Both:        1.02 GB reserved,      20.00 MB (  2%) committed 

Chunk freelists:
   Non-Class:  768 bytes
       Class:  1.75 KB
        Both:  2.50 KB

CodeHeap 'non-profiled nmethods': size=120064Kb used=823Kb max_used=823Kb free=119240Kb
 bounds [0x00000227a85e0000, 0x00000227a8850000, 0x00000227afb20000]
CodeHeap 'profiled nmethods': size=120000Kb used=4327Kb max_used=4327Kb free=115672Kb
 bounds [0x00000227a10b0000, 0x00000227a14f0000, 0x00000227a85e0000]
CodeHeap 'non-nmethods': size=5696Kb used=1102Kb max_used=1125Kb free=4593Kb
 bounds [0x00000227a0b20000, 0x00000227a0d90000, 0x00000227a10b0000]
 total_blobs=3003 nmethods=2116 adapters=325
 compilation: enabled
              stopped_count=0, restarted_count=0
 full_count=0

Compilation events (10 events):
Event: 3.625 Thread 0x00000227b6b50800 2101       3       java.io.PrintStream::print (9 bytes)
Event: 3.626 Thread 0x00000227b6b50800 nmethod 2101 0x00000227a14deb90 code [0x00000227a14ded60, 0x00000227a14def20]
Event: 3.626 Thread 0x00000227b6b50800 2102   !   3       java.io.PrintStream::write (83 bytes)
Event: 3.627 Thread 0x00000227b6b50800 nmethod 2102 0x00000227a14df010 code [0x00000227a14df2c0, 0x00000227a14dff80]
Event: 3.627 Thread 0x00000227b6b50800 2103       3       sun.nio.cs.UTF_8$Encoder::encodeLoop (28 bytes)
Event: 3.627 Thread 0x00000227b6b50800 nmethod 2103 0x00000227a14e0610 code [0x00000227a14e0800, 0x00000227a14e0c40]
Event: 3.627 Thread 0x00000227b6b50800 2105       3       java.io.OutputStreamWriter::flushBuffer (8 bytes)
Event: 3.628 Thread 0x00000227b6b50800 nmethod 2105 0x00000227a14e0d90 code [0x00000227a14e0f40, 0x00000227a14e10d0]
Event: 3.628 Thread 0x00000227b6b50800 2106   !   3       sun.nio.cs.StreamEncoder::flushBuffer (42 bytes)
Event: 3.628 Thread 0x00000227b6b50800 nmethod 2106 0x00000227a14e1190 code [0x00000227a14e13a0, 0x00000227a14e1980]

GC Heap History (6 events):
Event: 1.736 GC heap before
{Heap before GC invocations=0 (full 0):
 garbage-first heap   total 131072K, used 14336K [0x0000000081c00000, 0x0000000100000000)
  region size 1024K, 14 young (14336K), 0 survivors (0K)
 Metaspace       used 11513K, capacity 11836K, committed 12032K, reserved 1060864K
  class space    used 1087K, capacity 1203K, committed 1280K, reserved 1048576K
}
Event: 1.743 GC heap after
{Heap after GC invocations=1 (full 0):
 garbage-first heap   total 131072K, used 3404K [0x0000000081c00000, 0x0000000100000000)
  region size 1024K, 2 young (2048K), 2 survivors (2048K)
 Metaspace       used 11513K, capacity 11836K, committed 12032K, reserved 1060864K
  class space    used 1087K, capacity 1203K, committed 1280K, reserved 1048576K
}
Event: 1.945 GC heap before
{Heap before GC invocations=1 (full 0):
 garbage-first heap   total 131072K, used 8524K [0x0000000081c00000, 0x0000000100000000)
  region size 1024K, 7 young (7168K), 2 survivors (2048K)
 Metaspace       used 12909K, capacity 13157K, committed 13440K, reserved 1060864K
  class space    used 1281K, capacity 1366K, committed 1408K, reserved 1048576K
}
Event: 1.949 GC heap after
{Heap after GC invocations=2 (full 0):
 garbage-first heap   total 131072K, used 3894K [0x0000000081c00000, 0x0000000100000000)
  region size 1024K, 1 young (1024K), 1 survivors (1024K)
 Metaspace       used 12909K, capacity 13157K, committed 13440K, reserved 1060864K
  class space    used 1281K, capacity 1366K, committed 1408K, reserved 1048576K
}
Event: 2.605 GC heap before
{Heap before GC invocations=2 (full 0):
 garbage-first heap   total 131072K, used 27446K [0x0000000081c00000, 0x0000000100000000)
  region size 1024K, 24 young (24576K), 1 survivors (1024K)
 Metaspace       used 15241K, capacity 15528K, committed 15744K, reserved 1062912K
  class space    used 1568K, capacity 1662K, committed 1664K, reserved 1048576K
}
Event: 2.607 GC heap after
{Heap after GC invocations=3 (full 0):
 garbage-first heap   total 131072K, used 4596K [0x0000000081c00000, 0x0000000100000000)
  region size 1024K, 1 young (1024K), 1 survivors (1024K)
 Metaspace       used 15241K, capacity 15528K, committed 15744K, reserved 1062912K
  class space    used 1568K, capacity 1662K, committed 1664K, reserved 1048576K
}

Deoptimization events (10 events):
Event: 2.226 Thread 0x000002279879a000 Uncommon trap: reason=unstable_if action=reinterpret pc=0x00000227a8642a4c method=java.io.Reader.read()I @ 12 c2
Event: 2.229 Thread 0x000002279879a000 Uncommon trap: reason=unstable_if action=reinterpret pc=0x00000227a864ae04 method=org.codehaus.plexus.util.xml.pull.MXParser.nextImpl()I @ 241 c2
Event: 2.231 Thread 0x000002279879a000 Uncommon trap: reason=unstable_if action=reinterpret pc=0x00000227a864477c method=java.io.Reader.read()I @ 12 c2
Event: 2.256 Thread 0x000002279879a000 Uncommon trap: reason=unstable_if action=reinterpret pc=0x00000227a864ddbc method=sun.nio.cs.StreamDecoder.read0()I @ 39 c2
Event: 2.270 Thread 0x000002279879a000 Uncommon trap: reason=unstable_if action=reinterpret pc=0x00000227a8647154 method=sun.nio.cs.StreamDecoder.implRead([CII)I @ 197 c2
Event: 2.376 Thread 0x000002279879a000 Uncommon trap: reason=unstable_if action=reinterpret pc=0x00000227a8635dc4 method=java.util.HashMap.getNode(ILjava/lang/Object;)Ljava/util/HashMap$Node; @ 129 c2
Event: 2.664 Thread 0x000002279879a000 Uncommon trap: reason=speculate_class_check action=maybe_recompile pc=0x00000227a8675428 method=java.lang.reflect.Executable.declaredAnnotations()Ljava/util/Map; @ 23 c2
Event: 2.672 Thread 0x000002279879a000 Uncommon trap: reason=speculate_class_check action=maybe_recompile pc=0x00000227a8675428 method=java.lang.reflect.Executable.declaredAnnotations()Ljava/util/Map; @ 23 c2
Event: 2.674 Thread 0x000002279879a000 Uncommon trap: reason=speculate_class_check action=maybe_recompile pc=0x00000227a8675428 method=java.lang.reflect.Executable.declaredAnnotations()Ljava/util/Map; @ 23 c2
Event: 2.675 Thread 0x000002279879a000 Uncommon trap: reason=speculate_class_check action=maybe_recompile pc=0x00000227a8675428 method=java.lang.reflect.Executable.declaredAnnotations()Ljava/util/Map; @ 23 c2

Classes redefined (0 events):
No events

Internal exceptions (6 events):
Event: 0.664 Thread 0x000002279879a000 Exception <a 'java/lang/NoSuchMethodError'{0x0000000089726fc0}: java.lang.invoke.DirectMethodHandle$Holder.invokeSpecialIFC(Ljava/lang/Object;Ljava/lang/Object;I)I> (0x0000000089726fc0) thrown at [t:/workspace/open/src/hotspot/share/interpreter/linkResolv
Event: 0.809 Thread 0x000002279879a000 Exception <a 'java/lang/NoSuchMethodError'{0x000000008964c258}: java.lang.invoke.DirectMethodHandle$Holder.invokeStaticInit(Ljava/lang/Object;IIII)Ljava/lang/Object;> (0x000000008964c258) thrown at [t:/workspace/open/src/hotspot/share/interpreter/linkReso
Event: 1.141 Thread 0x000002279879a000 Exception <a 'java/lang/NoSuchMethodError'{0x00000000896a68e0}: java.lang.invoke.DirectMethodHandle$Holder.invokeStaticInit(Ljava/lang/Object;Ljava/lang/Object;IIII)Ljava/lang/Object;> (0x00000000896a68e0) thrown at [t:/workspace/open/src/hotspot/share/in
Event: 3.315 Thread 0x000002279879a000 Exception <a 'java/lang/NoClassDefFoundError'{0x000000008869de10}: com/google/inject/servlet/ServletModuleTargetVisitor> (0x000000008869de10) thrown at [t:/workspace/open/src/hotspot/share/classfile/systemDictionary.cpp, line 220]
Event: 3.315 Thread 0x000002279879a000 Exception <a 'java/lang/NoClassDefFoundError'{0x000000008869de10}> (0x000000008869de10) thrown at [t:/workspace/open/src/hotspot/share/prims/jvm.cpp, line 1300]
Event: 3.316 Thread 0x000002279879a000 Exception <a 'java/lang/NoClassDefFoundError'{0x00000000886a10e0}: javax/annotation/Priority> (0x00000000886a10e0) thrown at [t:/workspace/open/src/hotspot/share/classfile/systemDictionary.cpp, line 220]

Events (10 events):
Event: 3.624 loading class org/apache/maven/shared/utils/logging/MessageBuilder
Event: 3.624 loading class org/apache/maven/shared/utils/logging/MessageBuilder done
Event: 3.625 loading class org/apache/maven/shared/utils/logging/Style
Event: 3.625 loading class org/apache/maven/shared/utils/logging/Style done
Event: 3.626 loading class org/fusesource/jansi/Ansi$Color
Event: 3.626 loading class org/fusesource/jansi/Ansi$Color done
Event: 3.627 loading class org/fusesource/jansi/Ansi$Attribute
Event: 3.627 loading class org/fusesource/jansi/Ansi$Attribute done
Event: 3.628 loading class org/slf4j/impl/OutputChoice$1
Event: 3.628 loading class org/slf4j/impl/OutputChoice$1 done


Dynamic libraries:
0x00007ff78a0f0000 - 0x00007ff78a137000 	C:\Program Files\Java\jdk-11.0.6\bin\java.exe
0x00007ff80e840000 - 0x00007ff80ea30000 	C:\WINDOWS\SYSTEM32\ntdll.dll
0x00007ff80e730000 - 0x00007ff80e7e2000 	C:\WINDOWS\System32\KERNEL32.DLL
0x00007ff80c310000 - 0x00007ff80c5b3000 	C:\WINDOWS\System32\KERNELBASE.dll
0x00007ff80dd40000 - 0x00007ff80dde3000 	C:\WINDOWS\System32\ADVAPI32.dll
0x00007ff80db80000 - 0x00007ff80dc1e000 	C:\WINDOWS\System32\msvcrt.dll
0x00007ff80dca0000 - 0x00007ff80dd37000 	C:\WINDOWS\System32\sechost.dll
0x00007ff80c970000 - 0x00007ff80ca90000 	C:\WINDOWS\System32\RPCRT4.dll
0x00007ff80d700000 - 0x00007ff80d894000 	C:\WINDOWS\System32\USER32.dll
0x00007ff80b9a0000 - 0x00007ff80b9c1000 	C:\WINDOWS\System32\win32u.dll
0x00007ff80e6f0000 - 0x00007ff80e716000 	C:\WINDOWS\System32\GDI32.dll
0x00007ff80c150000 - 0x00007ff80c2e4000 	C:\WINDOWS\System32\gdi32full.dll
0x00007ff80c6f0000 - 0x00007ff80c78e000 	C:\WINDOWS\System32\msvcp_win.dll
0x00007ff80b8a0000 - 0x00007ff80b99a000 	C:\WINDOWS\System32\ucrtbase.dll
0x00007ffffd1f0000 - 0x00007ffffd475000 	C:\WINDOWS\WinSxS\amd64_microsoft.windows.common-controls_6595b64144ccf1df_6.0.18362.720_none_e6beb5c51314836b\COMCTL32.dll
0x00007ff80cb70000 - 0x00007ff80cea6000 	C:\WINDOWS\System32\combase.dll
0x00007ff80c5c0000 - 0x00007ff80c640000 	C:\WINDOWS\System32\bcryptPrimitives.dll
0x00007ff803cb0000 - 0x00007ff803cba000 	C:\WINDOWS\SYSTEM32\VERSION.dll
0x00007ff80ceb0000 - 0x00007ff80cede000 	C:\WINDOWS\System32\IMM32.DLL
0x00007ffff6fd0000 - 0x00007ffff6fe6000 	C:\Program Files\Java\jdk-11.0.6\bin\vcruntime140.dll
0x00007ffff6d70000 - 0x00007ffff6e1a000 	C:\Program Files\Java\jdk-11.0.6\bin\msvcp140.dll
0x00007fffb5730000 - 0x00007fffb6259000 	C:\Program Files\Java\jdk-11.0.6\bin\server\jvm.dll
0x00007ff80e720000 - 0x00007ff80e728000 	C:\WINDOWS\System32\PSAPI.DLL
0x00007ffff6980000 - 0x00007ffff6989000 	C:\WINDOWS\SYSTEM32\WSOCK32.dll
0x00007ff80e680000 - 0x00007ff80e6ef000 	C:\WINDOWS\System32\WS2_32.dll
0x00007ff807700000 - 0x00007ff807724000 	C:\WINDOWS\SYSTEM32\WINMM.dll
0x00007ff8076d0000 - 0x00007ff8076fd000 	C:\WINDOWS\SYSTEM32\WINMMBASE.dll
0x00007ff80b850000 - 0x00007ff80b89a000 	C:\WINDOWS\System32\cfgmgr32.dll
0x00007ff80b830000 - 0x00007ff80b841000 	C:\WINDOWS\System32\kernel.appcore.dll
0x00007ffff6d50000 - 0x00007ffff6d61000 	C:\Program Files\Java\jdk-11.0.6\bin\verify.dll
0x00007ff80a060000 - 0x00007ff80a254000 	C:\WINDOWS\SYSTEM32\DBGHELP.DLL
0x00007ffff7370000 - 0x00007ffff739a000 	C:\WINDOWS\SYSTEM32\dbgcore.DLL
0x00007ffff6d20000 - 0x00007ffff6d49000 	C:\Program Files\Java\jdk-11.0.6\bin\java.dll
0x00007ffff6cf0000 - 0x00007ffff6d1f000 	C:\Program Files\Java\jdk-11.0.6\bin\instrument.dll
0x00007ffff6cd0000 - 0x00007ffff6ce6000 	C:\Program Files\Java\jdk-11.0.6\bin\zip.dll
0x00007ff8052a0000 - 0x00007ff8052aa000 	C:\Program Files\Java\jdk-11.0.6\bin\jimage.dll
0x00007ff80dea0000 - 0x00007ff80e585000 	C:\WINDOWS\System32\SHELL32.dll
0x00007ff80ddf0000 - 0x00007ff80de99000 	C:\WINDOWS\System32\shcore.dll
0x00007ff80b9d0000 - 0x00007ff80c150000 	C:\WINDOWS\System32\windows.storage.dll
0x00007ff80b790000 - 0x00007ff80b7b3000 	C:\WINDOWS\System32\profapi.dll
0x00007ff80b7c0000 - 0x00007ff80b80a000 	C:\WINDOWS\System32\powrprof.dll
0x00007ff80b780000 - 0x00007ff80b790000 	C:\WINDOWS\System32\UMPDC.dll
0x00007ff80d6a0000 - 0x00007ff80d6f2000 	C:\WINDOWS\System32\shlwapi.dll
0x00007ff80c2f0000 - 0x00007ff80c307000 	C:\WINDOWS\System32\cryptsp.dll
0x00007ffff6cb0000 - 0x00007ffff6cc9000 	C:\Program Files\Java\jdk-11.0.6\bin\net.dll
0x00007ffffeb60000 - 0x00007ffffec51000 	C:\WINDOWS\SYSTEM32\WINHTTP.dll
0x00007ff80aff0000 - 0x00007ff80b057000 	C:\WINDOWS\system32\mswsock.dll
0x00007ffff6c90000 - 0x00007ffff6ca3000 	C:\Program Files\Java\jdk-11.0.6\bin\nio.dll
0x00007ffff6c70000 - 0x00007ffff6c8a000 	C:\Program Files\JetBrains\IntelliJ IDEA Community Edition 2019.3.4\bin\breakgen64.dll
0x00007ff80ab60000 - 0x00007ff80ab93000 	C:\WINDOWS\system32\rsaenh.dll
0x00007ff80c940000 - 0x00007ff80c966000 	C:\WINDOWS\System32\bcrypt.dll
0x00007ff80b6a0000 - 0x00007ff80b6c5000 	C:\WINDOWS\SYSTEM32\USERENV.dll
0x00007ff80b1c0000 - 0x00007ff80b1cc000 	C:\WINDOWS\SYSTEM32\CRYPTBASE.dll
0x00007ff80ad00000 - 0x00007ff80ad3a000 	C:\WINDOWS\SYSTEM32\IPHLPAPI.DLL
0x00007ff80e7f0000 - 0x00007ff80e7f8000 	C:\WINDOWS\System32\NSI.dll
0x00007fffffad0000 - 0x00007fffffae6000 	C:\WINDOWS\SYSTEM32\dhcpcsvc6.DLL
0x00007ff800010000 - 0x00007ff80002c000 	C:\WINDOWS\SYSTEM32\dhcpcsvc.DLL
0x00007ff80ad40000 - 0x00007ff80ae0a000 	C:\WINDOWS\SYSTEM32\DNSAPI.dll
0x00007ffff6e20000 - 0x00007ffff6e2a000 	C:\Users\Dhanushguntha\AppData\Local\Temp\jansi-1.17.1-3476398609530166035.dll
0x00007ffff6bf0000 - 0x00007ffff6bfa000 	C:\Users\Dhanushguntha\AppData\Local\Temp\jansi-1.17.1-17703675515651113000.dll

dbghelp: loaded successfully - version: 4.0.5 - missing functions: none
symbol engine: initialized successfully - sym options: 0x614 - pdb path: .;C:\Program Files\Java\jdk-11.0.6\bin;C:\WINDOWS\SYSTEM32;C:\WINDOWS\WinSxS\amd64_microsoft.windows.common-controls_6595b64144ccf1df_6.0.18362.720_none_e6beb5c51314836b;C:\Program Files\Java\jdk-11.0.6\bin\server;C:\Program Files\JetBrains\IntelliJ IDEA Community Edition 2019.3.4\bin;C:\Users\Dhanushguntha\AppData\Local\Temp

VM Arguments:
jvm_args: -Dmaven.multiModuleProjectDirectory=C:\Users\Dhanushguntha\Desktop\webcontroller\webcontroller -Dmaven.home=C:\Program Files\JetBrains\IntelliJ IDEA Community Edition 2019.3.4\plugins\maven\lib\maven3 -Dclassworlds.conf=C:\Program Files\JetBrains\IntelliJ IDEA Community Edition 2019.3.4\plugins\maven\lib\maven3\bin\m2.conf -Dmaven.ext.class.path=C:\Program Files\JetBrains\IntelliJ IDEA Community Edition 2019.3.4\plugins\maven\lib\maven-event-listener.jar -javaagent:C:\Program Files\JetBrains\IntelliJ IDEA Community Edition 2019.3.4\lib\idea_rt.jar=52473:C:\Program Files\JetBrains\IntelliJ IDEA Community Edition 2019.3.4\bin -Dfile.encoding=UTF-8 
java_command: org.codehaus.classworlds.Launcher -Didea.version2019.3.4 spring-boot:run
java_class_path (initial): C:\Program Files\JetBrains\IntelliJ IDEA Community Edition 2019.3.4\plugins\maven\lib\maven3\boot\plexus-classworlds-2.6.0.jar
Launcher Type: SUN_STANDARD

[Global flags]
     intx CICompilerCount                          = 3                                         {product} {ergonomic}
     uint ConcGCThreads                            = 1                                         {product} {ergonomic}
     uint G1ConcRefinementThreads                  = 4                                         {product} {ergonomic}
   size_t G1HeapRegionSize                         = 1048576                                   {product} {ergonomic}
    uintx GCDrainStackTargetSize                   = 64                                        {product} {ergonomic}
   size_t InitialHeapSize                          = 134217728                                 {product} {ergonomic}
   size_t MarkStackSize                            = 4194304                                   {product} {ergonomic}
   size_t MaxHeapSize                              = 2118123520                                {product} {ergonomic}
   size_t MaxNewSize                               = 1270874112                                {product} {ergonomic}
   size_t MinHeapDeltaBytes                        = 1048576                                   {product} {ergonomic}
    uintx NonNMethodCodeHeapSize                   = 5830732                                {pd product} {ergonomic}
    uintx NonProfiledCodeHeapSize                  = 122913754                              {pd product} {ergonomic}
    uintx ProfiledCodeHeapSize                     = 122913754                              {pd product} {ergonomic}
    uintx ReservedCodeCacheSize                    = 251658240                              {pd product} {ergonomic}
     bool SegmentedCodeCache                       = true                                      {product} {ergonomic}
     bool UseCompressedClassPointers               = true                                 {lp64_product} {ergonomic}
     bool UseCompressedOops                        = true                                 {lp64_product} {ergonomic}
     bool UseG1GC                                  = true                                      {product} {ergonomic}
     bool UseLargePagesIndividualAllocation        = false                                  {pd product} {ergonomic}

Logging:
Log output configuration:
 #0: stdout all=warning uptime,level,tags
 #1: stderr all=off uptime,level,tags

Environment Variables:
JAVA_HOME=C:\Program Files\Java\jdk-11.0.6
PATH=C:\Program Files (x86)\Intel\iCLS Client\;C:\Program Files\Intel\iCLS Client\;C:\windows\system32;C:\windows;C:\windows\System32\Wbem;C:\windows\System32\WindowsPowerShell\v1.0\;C:\Program Files (x86)\Intel\Intel(R) Management Engine Components\DAL;C:\Program Files\Intel\Intel(R) Management Engine Components\DAL;C:\Program Files (x86)\Intel\Intel(R) Management Engine Components\IPT;C:\Program Files\Intel\Intel(R) Management Engine Components\IPT;C:\Program Files (x86)\NVIDIA Corporation\PhysX\Common;C:\WINDOWS\system32;C:\WINDOWS;C:\WINDOWS\System32\Wbem;C:\WINDOWS\System32\WindowsPowerShell\v1.0\;C:\WINDOWS\System32\OpenSSH\;C:\Program Files\Intel\WiFi\bin\;C:\Program Files\Common Files\Intel\WirelessCommon\;C:\Program Files\Git\cmd;C:\Program Files (x86)\Yarn\bin\;C:\Program Files\NVIDIA Corporation\NVIDIA NvDLISR;C:\Program Files\nodejs;C:\ProgramData\chocolatey\bin;C:\Program Files\nodejs\;C:\opt\apache-maven-3.6.3\bin;C:\Program Files\Java\jdk-11.0.6\bin;C:\Users\Dhanushguntha\AppData\Local\Programs\Python\Python38\Scripts\;C:\Users\Dhanushguntha\AppData\Local\Programs\Python\Python38\;C:\Users\Dhanushguntha\anaconda3;C:\Users\Dhanushguntha\anaconda3\Library\mingw-w64\bin;C:\Users\Dhanushguntha\anaconda3\Library\usr\bin;C:\Users\Dhanushguntha\anaconda3\Library\bin;C:\Users\Dhanushguntha\anaconda3\Scripts;C:\Users\Dhanushguntha\AppData\Local\Programs\Microsoft VS Code\bin;C:\Users\Dhanushguntha\AppData\Roaming\npm;C:\Users\Dhanushguntha\AppData\Local\Programs\Python\Python38-32\Scripts;
USERNAME=Dhanushguntha
OS=Windows_NT
PROCESSOR_IDENTIFIER=Intel64 Family 6 Model 142 Stepping 9, GenuineIntel



---------------  S Y S T E M  ---------------

OS: Windows 10 , 64 bit Build 18362 (10.0.18362.329)

CPU:total 4 (initial active 4) (2 cores per cpu, 2 threads per core) family 6 model 142 stepping 9, cmov, cx8, fxsr, mmx, sse, sse2, sse3, ssse3, sse4.1, sse4.2, popcnt, avx, avx2, aes, clmul, erms, 3dnowpref, lzcnt, ht, tsc, tscinvbit, bmi1, bmi2, adx, fma

Memory: 4k page, system-wide physical 8077M (1227M free)
TotalPageFile size 8077M (AvailPageFile size 5M)
current process WorkingSet (physical memory assigned to process): 106M, peak: 106M
current process commit charge ("private bytes"): 232M, peak: 232M

vm_info: Java HotSpot(TM) 64-Bit Server VM (11.0.6+8-LTS) for windows-amd64 JRE (11.0.6+8-LTS), built on Dec 11 2019 09:17:57 by "mach5one" with MS VC++ 15.5 (VS2017)

END.
