#
# There is insufficient memory for the Java Runtime Environment to continue.
# Native memory allocation (malloc) failed to allocate 1227696 bytes for Chunk::new
# Possible reasons:
#   The system is out of physical RAM or swap space
#   The process is running with CompressedOops enabled, and the Java Heap may be blocking the growth of the native heap
# Possible solutions:
#   Reduce memory load on the system
#   Increase physical memory or swap space
#   Check if swap backing store is full
#   Decrease Java heap size (-Xmx/-Xms)
#   Decrease number of Java threads
#   Decrease Java thread stack sizes (-Xss)
#   Set larger code cache with -XX:ReservedCodeCacheSize=
#   JVM is running with Unscaled Compressed Oops mode in which the Java heap is
#     placed in the first 4GB address space. The Java Heap base address is the
#     maximum limit for the native heap growth. Please use -XX:HeapBaseMinAddress
#     to set the Java Heap base and to place the Java Heap above 4GB virtual address.
# This output file may be truncated or incomplete.
#
#  Out of Memory Error (t:/workspace/open/src/hotspot/share/memory/arena.cpp:197), pid=11416, tid=8316
#
# JRE version: Java(TM) SE Runtime Environment (11.0.6+8) (build 11.0.6+8-LTS)
# Java VM: Java HotSpot(TM) 64-Bit Server VM (11.0.6+8-LTS, mixed mode, tiered, compressed oops, g1 gc, windows-amd64)
# No core dump will be written. Minidumps are not enabled by default on client versions of Windows
#

---------------  S U M M A R Y ------------

Command Line: -Dmaven.multiModuleProjectDirectory=C:\Users\Dhanushguntha\Desktop\webcontroller\webcontroller -Dmaven.home=C:\Program Files\JetBrains\IntelliJ IDEA Community Edition 2019.3.4\plugins\maven\lib\maven3 -Dclassworlds.conf=C:\Program Files\JetBrains\IntelliJ IDEA Community Edition 2019.3.4\plugins\maven\lib\maven3\bin\m2.conf -Dmaven.ext.class.path=C:\Program Files\JetBrains\IntelliJ IDEA Community Edition 2019.3.4\plugins\maven\lib\maven-event-listener.jar -javaagent:C:\Program Files\JetBrains\IntelliJ IDEA Community Edition 2019.3.4\lib\idea_rt.jar=54032:C:\Program Files\JetBrains\IntelliJ IDEA Community Edition 2019.3.4\bin -Dfile.encoding=UTF-8 org.codehaus.classworlds.Launcher -Didea.version2019.3.4 spring-boot:run

Host: Intel(R) Core(TM) i5-7200U CPU @ 2.50GHz, 4 cores, 7G,  Windows 10 , 64 bit Build 18362 (10.0.18362.778)
Time: Tue Apr 21 12:08:56 2020 India Standard Time elapsed time: 5 seconds (0d 0h 0m 5s)

---------------  T H R E A D  ---------------

Current thread (0x0000028b6478e800):  JavaThread "C2 CompilerThread0" daemon [_thread_in_native, id=8316, stack(0x000000a3fd400000,0x000000a3fd500000)]


Current CompileTask:
C2:   5731 2063   !   4       java.net.URL::<init> (543 bytes)

Stack: [0x000000a3fd400000,0x000000a3fd500000]
Native frames: (J=compiled Java code, j=interpreted, Vv=VM code, C=native code)
V  [jvm.dll+0x63679a]
V  [jvm.dll+0x7755bf]
V  [jvm.dll+0x776c65]
V  [jvm.dll+0x7772d3]
V  [jvm.dll+0x25e7f8]
V  [jvm.dll+0xc1c01]
V  [jvm.dll+0xc219c]
V  [jvm.dll+0x36d977]
V  [jvm.dll+0x1a9101]
V  [jvm.dll+0x218462]
V  [jvm.dll+0x2174fa]
V  [jvm.dll+0x193a2c]
V  [jvm.dll+0x226544]
V  [jvm.dll+0x224b28]
V  [jvm.dll+0x73a9c5]
V  [jvm.dll+0x733905]
V  [jvm.dll+0x635846]
C  [ucrtbase.dll+0x20e72]
C  [KERNEL32.DLL+0x17bd4]
C  [ntdll.dll+0x6ce51]


---------------  P R O C E S S  ---------------

Threads class SMR info:
_java_thread_list=0x0000028b668a5e20, length=12, elements={
0x0000028b463da800, 0x0000028b64777000, 0x0000028b64778000, 0x0000028b650f2800,
0x0000028b6478b800, 0x0000028b6478e800, 0x0000028b64799000, 0x0000028b6479c000,
0x0000028b6470b000, 0x0000028b65322000, 0x0000028b65323000, 0x0000028b66ba7800
}

Java Threads: ( => current thread )
  0x0000028b463da800 JavaThread "main" [_thread_in_Java, id=9728, stack(0x000000a3fc900000,0x000000a3fca00000)]
  0x0000028b64777000 JavaThread "Reference Handler" daemon [_thread_blocked, id=13068, stack(0x000000a3fd000000,0x000000a3fd100000)]
  0x0000028b64778000 JavaThread "Finalizer" daemon [_thread_blocked, id=6724, stack(0x000000a3fd100000,0x000000a3fd200000)]
  0x0000028b650f2800 JavaThread "Signal Dispatcher" daemon [_thread_blocked, id=6460, stack(0x000000a3fd200000,0x000000a3fd300000)]
  0x0000028b6478b800 JavaThread "Attach Listener" daemon [_thread_blocked, id=1112, stack(0x000000a3fd300000,0x000000a3fd400000)]
=>0x0000028b6478e800 JavaThread "C2 CompilerThread0" daemon [_thread_in_native, id=8316, stack(0x000000a3fd400000,0x000000a3fd500000)]
  0x0000028b64799000 JavaThread "C1 CompilerThread0" daemon [_thread_blocked, id=10752, stack(0x000000a3fd500000,0x000000a3fd600000)]
  0x0000028b6479c000 JavaThread "Sweeper thread" daemon [_thread_blocked, id=10756, stack(0x000000a3fd600000,0x000000a3fd700000)]
  0x0000028b6470b000 JavaThread "Common-Cleaner" daemon [_thread_blocked, id=9720, stack(0x000000a3fd700000,0x000000a3fd800000)]
  0x0000028b65322000 JavaThread "Monitor Ctrl-Break" daemon [_thread_in_native, id=10388, stack(0x000000a3fd900000,0x000000a3fda00000)]
  0x0000028b65323000 JavaThread "Service Thread" daemon [_thread_blocked, id=12612, stack(0x000000a3fda00000,0x000000a3fdb00000)]
  0x0000028b66ba7800 JavaThread "C2 CompilerThread1" daemon [_thread_in_native, id=5548, stack(0x000000a3fdd00000,0x000000a3fde00000)]

Other Threads:
  0x0000028b64751800 VMThread "VM Thread" [stack: 0x000000a3fcf00000,0x000000a3fd000000] [id=4588]
  0x0000028b6532d800 WatcherThread [stack: 0x000000a3fdb00000,0x000000a3fdc00000] [id=11944]
  0x0000028b463ef000 GCTaskThread "GC Thread#0" [stack: 0x000000a3fca00000,0x000000a3fcb00000] [id=13076]
  0x0000028b65a80800 GCTaskThread "GC Thread#1" [stack: 0x000000a3fd800000,0x000000a3fd900000] [id=2172]
  0x0000028b65bf9000 GCTaskThread "GC Thread#2" [stack: 0x000000a3fdc00000,0x000000a3fdd00000] [id=11672]
  0x0000028b46420000 ConcurrentGCThread "G1 Main Marker" [stack: 0x000000a3fcb00000,0x000000a3fcc00000] [id=9920]
  0x0000028b46421000 ConcurrentGCThread "G1 Conc#0" [stack: 0x000000a3fcc00000,0x000000a3fcd00000] [id=7820]
  0x0000028b464a3000 ConcurrentGCThread "G1 Refine#0" [stack: 0x000000a3fcd00000,0x000000a3fce00000] [id=8440]
  0x0000028b645c0800 ConcurrentGCThread "G1 Young RemSet Sampling" [stack: 0x000000a3fce00000,0x000000a3fcf00000] [id=13716]

Threads with active compile tasks:
C2 CompilerThread02063   !   4       java.net.URL::<init> (543 bytes)
C2 CompilerThread12354       4       org.eclipse.sisu.inject.LocatedBeans$Itr::hasNext (161 bytes)

VM state:not at safepoint (normal execution)

VM Mutex/Monitor currently owned by a thread: None

Heap address: 0x0000000081c00000, size: 2020 MB, Compressed Oops mode: 32-bit
Narrow klass base: 0x0000000000000000, Narrow klass shift: 3
Compressed class space size: 1073741824 Address: 0x0000000100000000

Heap:
 garbage-first heap   total 131072K, used 29385K [0x0000000081c00000, 0x0000000100000000)
  region size 1024K, 27 young (27648K), 2 survivors (2048K)
 Metaspace       used 20592K, capacity 20902K, committed 21120K, reserved 1069056K
  class space    used 2221K, capacity 2352K, committed 2432K, reserved 1048576K
Heap Regions: E=young(eden), S=young(survivor), O=old, HS=humongous(starts), HC=humongous(continues), CS=collection set, F=free, A=archive, TAMS=top-at-mark-start (previous, next)
|   0|0x0000000081c00000, 0x0000000081d00000, 0x0000000081d00000|100%| O|  |TAMS 0x0000000081c00000, 0x0000000081c00000| Untracked 
|   1|0x0000000081d00000, 0x0000000081e00000, 0x0000000081e00000|100%| O|  |TAMS 0x0000000081d00000, 0x0000000081d00000| Untracked 
|   2|0x0000000081e00000, 0x0000000081f00000, 0x0000000081f00000|100%| O|  |TAMS 0x0000000081e00000, 0x0000000081e00000| Untracked 
|   3|0x0000000081f00000, 0x0000000081f32e00, 0x0000000082000000| 19%| O|  |TAMS 0x0000000081f00000, 0x0000000081f00000| Untracked 
|   4|0x0000000082000000, 0x0000000082000000, 0x0000000082100000|  0%| F|  |TAMS 0x0000000082000000, 0x0000000082000000| Untracked 
|   5|0x0000000082100000, 0x0000000082100000, 0x0000000082200000|  0%| F|  |TAMS 0x0000000082100000, 0x0000000082100000| Untracked 
|   6|0x0000000082200000, 0x0000000082200000, 0x0000000082300000|  0%| F|  |TAMS 0x0000000082200000, 0x0000000082200000| Untracked 
|   7|0x0000000082300000, 0x0000000082300000, 0x0000000082400000|  0%| F|  |TAMS 0x0000000082300000, 0x0000000082300000| Untracked 
|   8|0x0000000082400000, 0x0000000082400000, 0x0000000082500000|  0%| F|  |TAMS 0x0000000082400000, 0x0000000082400000| Untracked 
|   9|0x0000000082500000, 0x0000000082500000, 0x0000000082600000|  0%| F|  |TAMS 0x0000000082500000, 0x0000000082500000| Untracked 
|  10|0x0000000082600000, 0x0000000082600000, 0x0000000082700000|  0%| F|  |TAMS 0x0000000082600000, 0x0000000082600000| Untracked 
|  11|0x0000000082700000, 0x0000000082700000, 0x0000000082800000|  0%| F|  |TAMS 0x0000000082700000, 0x0000000082700000| Untracked 
|  12|0x0000000082800000, 0x0000000082800000, 0x0000000082900000|  0%| F|  |TAMS 0x0000000082800000, 0x0000000082800000| Untracked 
|  13|0x0000000082900000, 0x0000000082900000, 0x0000000082a00000|  0%| F|  |TAMS 0x0000000082900000, 0x0000000082900000| Untracked 
|  14|0x0000000082a00000, 0x0000000082a00000, 0x0000000082b00000|  0%| F|  |TAMS 0x0000000082a00000, 0x0000000082a00000| Untracked 
|  15|0x0000000082b00000, 0x0000000082b00000, 0x0000000082c00000|  0%| F|  |TAMS 0x0000000082b00000, 0x0000000082b00000| Untracked 
|  16|0x0000000082c00000, 0x0000000082c00000, 0x0000000082d00000|  0%| F|  |TAMS 0x0000000082c00000, 0x0000000082c00000| Untracked 
|  17|0x0000000082d00000, 0x0000000082d00000, 0x0000000082e00000|  0%| F|  |TAMS 0x0000000082d00000, 0x0000000082d00000| Untracked 
|  18|0x0000000082e00000, 0x0000000082e00000, 0x0000000082f00000|  0%| F|  |TAMS 0x0000000082e00000, 0x0000000082e00000| Untracked 
|  19|0x0000000082f00000, 0x0000000082f00000, 0x0000000083000000|  0%| F|  |TAMS 0x0000000082f00000, 0x0000000082f00000| Untracked 
|  20|0x0000000083000000, 0x0000000083000000, 0x0000000083100000|  0%| F|  |TAMS 0x0000000083000000, 0x0000000083000000| Untracked 
|  21|0x0000000083100000, 0x0000000083100000, 0x0000000083200000|  0%| F|  |TAMS 0x0000000083100000, 0x0000000083100000| Untracked 
|  22|0x0000000083200000, 0x0000000083200000, 0x0000000083300000|  0%| F|  |TAMS 0x0000000083200000, 0x0000000083200000| Untracked 
|  23|0x0000000083300000, 0x0000000083300000, 0x0000000083400000|  0%| F|  |TAMS 0x0000000083300000, 0x0000000083300000| Untracked 
|  24|0x0000000083400000, 0x0000000083400000, 0x0000000083500000|  0%| F|  |TAMS 0x0000000083400000, 0x0000000083400000| Untracked 
|  25|0x0000000083500000, 0x0000000083500000, 0x0000000083600000|  0%| F|  |TAMS 0x0000000083500000, 0x0000000083500000| Untracked 
|  26|0x0000000083600000, 0x0000000083600000, 0x0000000083700000|  0%| F|  |TAMS 0x0000000083600000, 0x0000000083600000| Untracked 
|  27|0x0000000083700000, 0x0000000083700000, 0x0000000083800000|  0%| F|  |TAMS 0x0000000083700000, 0x0000000083700000| Untracked 
|  28|0x0000000083800000, 0x0000000083800000, 0x0000000083900000|  0%| F|  |TAMS 0x0000000083800000, 0x0000000083800000| Untracked 
|  29|0x0000000083900000, 0x0000000083900000, 0x0000000083a00000|  0%| F|  |TAMS 0x0000000083900000, 0x0000000083900000| Untracked 
|  30|0x0000000083a00000, 0x0000000083a00000, 0x0000000083b00000|  0%| F|  |TAMS 0x0000000083a00000, 0x0000000083a00000| Untracked 
|  31|0x0000000083b00000, 0x0000000083b00000, 0x0000000083c00000|  0%| F|  |TAMS 0x0000000083b00000, 0x0000000083b00000| Untracked 
|  32|0x0000000083c00000, 0x0000000083c00000, 0x0000000083d00000|  0%| F|  |TAMS 0x0000000083c00000, 0x0000000083c00000| Untracked 
|  33|0x0000000083d00000, 0x0000000083d00000, 0x0000000083e00000|  0%| F|  |TAMS 0x0000000083d00000, 0x0000000083d00000| Untracked 
|  34|0x0000000083e00000, 0x0000000083e00000, 0x0000000083f00000|  0%| F|  |TAMS 0x0000000083e00000, 0x0000000083e00000| Untracked 
|  35|0x0000000083f00000, 0x0000000083f00000, 0x0000000084000000|  0%| F|  |TAMS 0x0000000083f00000, 0x0000000083f00000| Untracked 
|  36|0x0000000084000000, 0x0000000084000000, 0x0000000084100000|  0%| F|  |TAMS 0x0000000084000000, 0x0000000084000000| Untracked 
|  37|0x0000000084100000, 0x0000000084100000, 0x0000000084200000|  0%| F|  |TAMS 0x0000000084100000, 0x0000000084100000| Untracked 
|  38|0x0000000084200000, 0x0000000084200000, 0x0000000084300000|  0%| F|  |TAMS 0x0000000084200000, 0x0000000084200000| Untracked 
|  39|0x0000000084300000, 0x0000000084300000, 0x0000000084400000|  0%| F|  |TAMS 0x0000000084300000, 0x0000000084300000| Untracked 
|  40|0x0000000084400000, 0x0000000084400000, 0x0000000084500000|  0%| F|  |TAMS 0x0000000084400000, 0x0000000084400000| Untracked 
|  41|0x0000000084500000, 0x0000000084500000, 0x0000000084600000|  0%| F|  |TAMS 0x0000000084500000, 0x0000000084500000| Untracked 
|  42|0x0000000084600000, 0x0000000084600000, 0x0000000084700000|  0%| F|  |TAMS 0x0000000084600000, 0x0000000084600000| Untracked 
|  43|0x0000000084700000, 0x0000000084700000, 0x0000000084800000|  0%| F|  |TAMS 0x0000000084700000, 0x0000000084700000| Untracked 
|  44|0x0000000084800000, 0x0000000084800000, 0x0000000084900000|  0%| F|  |TAMS 0x0000000084800000, 0x0000000084800000| Untracked 
|  45|0x0000000084900000, 0x0000000084900000, 0x0000000084a00000|  0%| F|  |TAMS 0x0000000084900000, 0x0000000084900000| Untracked 
|  46|0x0000000084a00000, 0x0000000084a00000, 0x0000000084b00000|  0%| F|  |TAMS 0x0000000084a00000, 0x0000000084a00000| Untracked 
|  47|0x0000000084b00000, 0x0000000084b00000, 0x0000000084c00000|  0%| F|  |TAMS 0x0000000084b00000, 0x0000000084b00000| Untracked 
|  48|0x0000000084c00000, 0x0000000084c00000, 0x0000000084d00000|  0%| F|  |TAMS 0x0000000084c00000, 0x0000000084c00000| Untracked 
|  49|0x0000000084d00000, 0x0000000084d00000, 0x0000000084e00000|  0%| F|  |TAMS 0x0000000084d00000, 0x0000000084d00000| Untracked 
|  50|0x0000000084e00000, 0x0000000084e00000, 0x0000000084f00000|  0%| F|  |TAMS 0x0000000084e00000, 0x0000000084e00000| Untracked 
|  51|0x0000000084f00000, 0x0000000084f00000, 0x0000000085000000|  0%| F|  |TAMS 0x0000000084f00000, 0x0000000084f00000| Untracked 
|  52|0x0000000085000000, 0x0000000085000000, 0x0000000085100000|  0%| F|  |TAMS 0x0000000085000000, 0x0000000085000000| Untracked 
|  53|0x0000000085100000, 0x0000000085100000, 0x0000000085200000|  0%| F|  |TAMS 0x0000000085100000, 0x0000000085100000| Untracked 
|  54|0x0000000085200000, 0x0000000085200000, 0x0000000085300000|  0%| F|  |TAMS 0x0000000085200000, 0x0000000085200000| Untracked 
|  55|0x0000000085300000, 0x0000000085300000, 0x0000000085400000|  0%| F|  |TAMS 0x0000000085300000, 0x0000000085300000| Untracked 
|  56|0x0000000085400000, 0x0000000085400000, 0x0000000085500000|  0%| F|  |TAMS 0x0000000085400000, 0x0000000085400000| Untracked 
|  57|0x0000000085500000, 0x0000000085500000, 0x0000000085600000|  0%| F|  |TAMS 0x0000000085500000, 0x0000000085500000| Untracked 
|  58|0x0000000085600000, 0x0000000085600000, 0x0000000085700000|  0%| F|  |TAMS 0x0000000085600000, 0x0000000085600000| Untracked 
|  59|0x0000000085700000, 0x0000000085700000, 0x0000000085800000|  0%| F|  |TAMS 0x0000000085700000, 0x0000000085700000| Untracked 
|  60|0x0000000085800000, 0x0000000085800000, 0x0000000085900000|  0%| F|  |TAMS 0x0000000085800000, 0x0000000085800000| Untracked 
|  61|0x0000000085900000, 0x0000000085900000, 0x0000000085a00000|  0%| F|  |TAMS 0x0000000085900000, 0x0000000085900000| Untracked 
|  62|0x0000000085a00000, 0x0000000085a00000, 0x0000000085b00000|  0%| F|  |TAMS 0x0000000085a00000, 0x0000000085a00000| Untracked 
|  63|0x0000000085b00000, 0x0000000085b00000, 0x0000000085c00000|  0%| F|  |TAMS 0x0000000085b00000, 0x0000000085b00000| Untracked 
|  64|0x0000000085c00000, 0x0000000085c00000, 0x0000000085d00000|  0%| F|  |TAMS 0x0000000085c00000, 0x0000000085c00000| Untracked 
|  65|0x0000000085d00000, 0x0000000085d00000, 0x0000000085e00000|  0%| F|  |TAMS 0x0000000085d00000, 0x0000000085d00000| Untracked 
|  66|0x0000000085e00000, 0x0000000085e00000, 0x0000000085f00000|  0%| F|  |TAMS 0x0000000085e00000, 0x0000000085e00000| Untracked 
|  67|0x0000000085f00000, 0x0000000085f00000, 0x0000000086000000|  0%| F|  |TAMS 0x0000000085f00000, 0x0000000085f00000| Untracked 
|  68|0x0000000086000000, 0x0000000086000000, 0x0000000086100000|  0%| F|  |TAMS 0x0000000086000000, 0x0000000086000000| Untracked 
|  69|0x0000000086100000, 0x0000000086100000, 0x0000000086200000|  0%| F|  |TAMS 0x0000000086100000, 0x0000000086100000| Untracked 
|  70|0x0000000086200000, 0x0000000086200000, 0x0000000086300000|  0%| F|  |TAMS 0x0000000086200000, 0x0000000086200000| Untracked 
|  71|0x0000000086300000, 0x0000000086300000, 0x0000000086400000|  0%| F|  |TAMS 0x0000000086300000, 0x0000000086300000| Untracked 
|  72|0x0000000086400000, 0x0000000086400000, 0x0000000086500000|  0%| F|  |TAMS 0x0000000086400000, 0x0000000086400000| Untracked 
|  73|0x0000000086500000, 0x0000000086500000, 0x0000000086600000|  0%| F|  |TAMS 0x0000000086500000, 0x0000000086500000| Untracked 
|  74|0x0000000086600000, 0x0000000086600000, 0x0000000086700000|  0%| F|  |TAMS 0x0000000086600000, 0x0000000086600000| Untracked 
|  75|0x0000000086700000, 0x0000000086700000, 0x0000000086800000|  0%| F|  |TAMS 0x0000000086700000, 0x0000000086700000| Untracked 
|  76|0x0000000086800000, 0x0000000086800000, 0x0000000086900000|  0%| F|  |TAMS 0x0000000086800000, 0x0000000086800000| Untracked 
|  77|0x0000000086900000, 0x0000000086900000, 0x0000000086a00000|  0%| F|  |TAMS 0x0000000086900000, 0x0000000086900000| Untracked 
|  78|0x0000000086a00000, 0x0000000086a00000, 0x0000000086b00000|  0%| F|  |TAMS 0x0000000086a00000, 0x0000000086a00000| Untracked 
|  79|0x0000000086b00000, 0x0000000086b00000, 0x0000000086c00000|  0%| F|  |TAMS 0x0000000086b00000, 0x0000000086b00000| Untracked 
|  80|0x0000000086c00000, 0x0000000086c00000, 0x0000000086d00000|  0%| F|  |TAMS 0x0000000086c00000, 0x0000000086c00000| Untracked 
|  81|0x0000000086d00000, 0x0000000086d00000, 0x0000000086e00000|  0%| F|  |TAMS 0x0000000086d00000, 0x0000000086d00000| Untracked 
|  82|0x0000000086e00000, 0x0000000086e00000, 0x0000000086f00000|  0%| F|  |TAMS 0x0000000086e00000, 0x0000000086e00000| Untracked 
|  83|0x0000000086f00000, 0x0000000086f00000, 0x0000000087000000|  0%| F|  |TAMS 0x0000000086f00000, 0x0000000086f00000| Untracked 
|  84|0x0000000087000000, 0x0000000087000000, 0x0000000087100000|  0%| F|  |TAMS 0x0000000087000000, 0x0000000087000000| Untracked 
|  85|0x0000000087100000, 0x0000000087100000, 0x0000000087200000|  0%| F|  |TAMS 0x0000000087100000, 0x0000000087100000| Untracked 
|  86|0x0000000087200000, 0x0000000087200000, 0x0000000087300000|  0%| F|  |TAMS 0x0000000087200000, 0x0000000087200000| Untracked 
|  87|0x0000000087300000, 0x0000000087300000, 0x0000000087400000|  0%| F|  |TAMS 0x0000000087300000, 0x0000000087300000| Untracked 
|  88|0x0000000087400000, 0x0000000087400000, 0x0000000087500000|  0%| F|  |TAMS 0x0000000087400000, 0x0000000087400000| Untracked 
|  89|0x0000000087500000, 0x0000000087500000, 0x0000000087600000|  0%| F|  |TAMS 0x0000000087500000, 0x0000000087500000| Untracked 
|  90|0x0000000087600000, 0x0000000087600000, 0x0000000087700000|  0%| F|  |TAMS 0x0000000087600000, 0x0000000087600000| Untracked 
|  91|0x0000000087700000, 0x0000000087700000, 0x0000000087800000|  0%| F|  |TAMS 0x0000000087700000, 0x0000000087700000| Untracked 
|  92|0x0000000087800000, 0x0000000087800000, 0x0000000087900000|  0%| F|  |TAMS 0x0000000087800000, 0x0000000087800000| Untracked 
|  93|0x0000000087900000, 0x0000000087900000, 0x0000000087a00000|  0%| F|  |TAMS 0x0000000087900000, 0x0000000087900000| Untracked 
|  94|0x0000000087a00000, 0x0000000087a00000, 0x0000000087b00000|  0%| F|  |TAMS 0x0000000087a00000, 0x0000000087a00000| Untracked 
|  95|0x0000000087b00000, 0x0000000087b00000, 0x0000000087c00000|  0%| F|  |TAMS 0x0000000087b00000, 0x0000000087b00000| Untracked 
|  96|0x0000000087c00000, 0x0000000087c00000, 0x0000000087d00000|  0%| F|  |TAMS 0x0000000087c00000, 0x0000000087c00000| Untracked 
|  97|0x0000000087d00000, 0x0000000087d7f9d0, 0x0000000087e00000| 49%| S|CS|TAMS 0x0000000087d00000, 0x0000000087d00000| Complete 
|  98|0x0000000087e00000, 0x0000000087f00000, 0x0000000087f00000|100%| S|CS|TAMS 0x0000000087e00000, 0x0000000087e00000| Complete 
|  99|0x0000000087f00000, 0x0000000087f00000, 0x0000000088000000|  0%| F|  |TAMS 0x0000000087f00000, 0x0000000087f00000| Untracked 
| 100|0x0000000088000000, 0x0000000088000000, 0x0000000088100000|  0%| F|  |TAMS 0x0000000088000000, 0x0000000088000000| Untracked 
| 101|0x0000000088100000, 0x0000000088100000, 0x0000000088200000|  0%| F|  |TAMS 0x0000000088100000, 0x0000000088100000| Untracked 
| 102|0x0000000088200000, 0x0000000088200000, 0x0000000088300000|  0%| F|  |TAMS 0x0000000088200000, 0x0000000088200000| Untracked 
| 103|0x0000000088300000, 0x0000000088380800, 0x0000000088400000| 50%| E|  |TAMS 0x0000000088300000, 0x0000000088300000| Complete 
| 104|0x0000000088400000, 0x0000000088500000, 0x0000000088500000|100%| E|CS|TAMS 0x0000000088400000, 0x0000000088400000| Complete 
| 105|0x0000000088500000, 0x0000000088600000, 0x0000000088600000|100%| E|CS|TAMS 0x0000000088500000, 0x0000000088500000| Complete 
| 106|0x0000000088600000, 0x0000000088700000, 0x0000000088700000|100%| E|CS|TAMS 0x0000000088600000, 0x0000000088600000| Complete 
| 107|0x0000000088700000, 0x0000000088800000, 0x0000000088800000|100%| E|CS|TAMS 0x0000000088700000, 0x0000000088700000| Complete 
| 108|0x0000000088800000, 0x0000000088900000, 0x0000000088900000|100%| E|CS|TAMS 0x0000000088800000, 0x0000000088800000| Complete 
| 109|0x0000000088900000, 0x0000000088a00000, 0x0000000088a00000|100%| E|CS|TAMS 0x0000000088900000, 0x0000000088900000| Complete 
| 110|0x0000000088a00000, 0x0000000088b00000, 0x0000000088b00000|100%| E|CS|TAMS 0x0000000088a00000, 0x0000000088a00000| Complete 
| 111|0x0000000088b00000, 0x0000000088c00000, 0x0000000088c00000|100%| E|CS|TAMS 0x0000000088b00000, 0x0000000088b00000| Complete 
| 112|0x0000000088c00000, 0x0000000088d00000, 0x0000000088d00000|100%| E|CS|TAMS 0x0000000088c00000, 0x0000000088c00000| Complete 
| 113|0x0000000088d00000, 0x0000000088e00000, 0x0000000088e00000|100%| E|CS|TAMS 0x0000000088d00000, 0x0000000088d00000| Complete 
| 114|0x0000000088e00000, 0x0000000088f00000, 0x0000000088f00000|100%| E|CS|TAMS 0x0000000088e00000, 0x0000000088e00000| Complete 
| 115|0x0000000088f00000, 0x0000000089000000, 0x0000000089000000|100%| E|CS|TAMS 0x0000000088f00000, 0x0000000088f00000| Complete 
| 116|0x0000000089000000, 0x0000000089100000, 0x0000000089100000|100%| E|CS|TAMS 0x0000000089000000, 0x0000000089000000| Complete 
| 117|0x0000000089100000, 0x0000000089200000, 0x0000000089200000|100%| E|CS|TAMS 0x0000000089100000, 0x0000000089100000| Complete 
| 118|0x0000000089200000, 0x0000000089300000, 0x0000000089300000|100%| E|CS|TAMS 0x0000000089200000, 0x0000000089200000| Complete 
| 119|0x0000000089300000, 0x0000000089400000, 0x0000000089400000|100%| E|CS|TAMS 0x0000000089300000, 0x0000000089300000| Complete 
| 120|0x0000000089400000, 0x0000000089500000, 0x0000000089500000|100%| E|CS|TAMS 0x0000000089400000, 0x0000000089400000| Complete 
| 121|0x0000000089500000, 0x0000000089600000, 0x0000000089600000|100%| E|CS|TAMS 0x0000000089500000, 0x0000000089500000| Complete 
| 122|0x0000000089600000, 0x0000000089700000, 0x0000000089700000|100%| E|CS|TAMS 0x0000000089600000, 0x0000000089600000| Complete 
| 123|0x0000000089700000, 0x0000000089800000, 0x0000000089800000|100%| E|CS|TAMS 0x0000000089700000, 0x0000000089700000| Complete 
| 124|0x0000000089800000, 0x0000000089900000, 0x0000000089900000|100%| E|CS|TAMS 0x0000000089800000, 0x0000000089800000| Complete 
| 125|0x0000000089900000, 0x0000000089a00000, 0x0000000089a00000|100%| E|CS|TAMS 0x0000000089900000, 0x0000000089900000| Complete 
| 126|0x0000000089a00000, 0x0000000089b00000, 0x0000000089b00000|100%| E|CS|TAMS 0x0000000089a00000, 0x0000000089a00000| Complete 
| 127|0x0000000089b00000, 0x0000000089c00000, 0x0000000089c00000|100%| E|CS|TAMS 0x0000000089b00000, 0x0000000089b00000| Complete 

Card table byte_map: [0x0000028b5db60000,0x0000028b5df60000] _byte_map_base: 0x0000028b5d752000

Marking Bits (Prev, Next): (CMBitMap*) 0x0000028b46417258, (CMBitMap*) 0x0000028b46417290
 Prev Bits: [0x0000028b5e360000, 0x0000028b602f0000)
 Next Bits: [0x0000028b602f0000, 0x0000028b62280000)

Polling page: 0x0000028b442b0000

Metaspace:

Usage:
  Non-class:     18.12 MB capacity,    17.94 MB (>99%) used,   154.38 KB ( <1%) free+waste,    23.50 KB ( <1%) overhead. 
      Class:      2.30 MB capacity,     2.17 MB ( 94%) used,   121.02 KB (  5%) free+waste,     9.56 KB ( <1%) overhead. 
       Both:     20.41 MB capacity,    20.11 MB ( 99%) used,   275.40 KB (  1%) free+waste,    33.06 KB ( <1%) overhead. 

Virtual space:
  Non-class space:       20.00 MB reserved,      18.25 MB ( 91%) committed 
      Class space:        1.00 GB reserved,       2.38 MB ( <1%) committed 
             Both:        1.02 GB reserved,      20.63 MB (  2%) committed 

Chunk freelists:
   Non-Class:  1.25 KB
       Class:  2.00 KB
        Both:  3.25 KB

CodeHeap 'non-profiled nmethods': size=120064Kb used=894Kb max_used=894Kb free=119169Kb
 bounds [0x0000028b56220000, 0x0000028b56490000, 0x0000028b5d760000]
CodeHeap 'profiled nmethods': size=120000Kb used=5012Kb max_used=5012Kb free=114987Kb
 bounds [0x0000028b4ecf0000, 0x0000028b4f1e0000, 0x0000028b56220000]
CodeHeap 'non-nmethods': size=5696Kb used=1111Kb max_used=1135Kb free=4584Kb
 bounds [0x0000028b4e760000, 0x0000028b4e9d0000, 0x0000028b4ecf0000]
 total_blobs=3263 nmethods=2355 adapters=332
 compilation: enabled
              stopped_count=0, restarted_count=0
 full_count=0

Compilation events (10 events):
Event: 5.715 Thread 0x0000028b64799000 nmethod 2221 0x0000028b562f1d10 code [0x0000028b562f1ec0, 0x0000028b562f1fd8]
Event: 5.715 Thread 0x0000028b64799000 2227       1       org.codehaus.plexus.interpolation.AbstractDelegatingValueSource::getDelegate (5 bytes)
Event: 5.715 Thread 0x0000028b64799000 nmethod 2227 0x0000028b562f2090 code [0x0000028b562f2240, 0x0000028b562f2358]
Event: 5.715 Thread 0x0000028b64799000 2229       3       org.apache.maven.model.interpolation.StringSearchModelInterpolator::access$100 (4 bytes)
Event: 5.715 Thread 0x0000028b64799000 nmethod 2229 0x0000028b4f182210 code [0x0000028b4f1823c0, 0x0000028b4f182518]
Event: 5.715 Thread 0x0000028b64799000 2230       3       org.apache.maven.model.interpolation.StringSearchModelInterpolator$InterpolateObjectAction$CacheItem::interpolate (39 bytes)
Event: 5.716 Thread 0x0000028b64799000 nmethod 2230 0x0000028b4f182590 code [0x0000028b4f182760, 0x0000028b4f182a70]
Event: 5.716 Thread 0x0000028b64799000 2231   !   3       org.codehaus.plexus.interpolation.StringSearchInterpolator::interpolate (650 bytes)
Event: 5.721 Thread 0x0000028b64799000 nmethod 2231 0x0000028b4f182c10 code [0x0000028b4f183320, 0x0000028b4f187160]
Event: 5.721 Thread 0x0000028b64799000 2233   !   3       org.apache.maven.model.interpolation.StringSearchModelInterpolator$InterpolateObjectAction$ListField::doInterpolate (138 bytes)

GC Heap History (6 events):
Event: 2.909 GC heap before
{Heap before GC invocations=0 (full 0):
 garbage-first heap   total 131072K, used 13312K [0x0000000081c00000, 0x0000000100000000)
  region size 1024K, 14 young (14336K), 0 survivors (0K)
 Metaspace       used 11514K, capacity 11795K, committed 12032K, reserved 1060864K
  class space    used 1087K, capacity 1168K, committed 1280K, reserved 1048576K
}
Event: 2.923 GC heap after
{Heap after GC invocations=1 (full 0):
 garbage-first heap   total 131072K, used 3218K [0x0000000081c00000, 0x0000000100000000)
  region size 1024K, 2 young (2048K), 2 survivors (2048K)
 Metaspace       used 11514K, capacity 11795K, committed 12032K, reserved 1060864K
  class space    used 1087K, capacity 1168K, committed 1280K, reserved 1048576K
}
Event: 3.363 GC heap before
{Heap before GC invocations=1 (full 0):
 garbage-first heap   total 131072K, used 13458K [0x0000000081c00000, 0x0000000100000000)
  region size 1024K, 12 young (12288K), 2 survivors (2048K)
 Metaspace       used 13490K, capacity 13727K, committed 14080K, reserved 1062912K
  class space    used 1362K, capacity 1428K, committed 1536K, reserved 1048576K
}
Event: 3.368 GC heap after
{Heap after GC invocations=2 (full 0):
 garbage-first heap   total 131072K, used 3911K [0x0000000081c00000, 0x0000000100000000)
  region size 1024K, 1 young (1024K), 1 survivors (1024K)
 Metaspace       used 13490K, capacity 13727K, committed 14080K, reserved 1062912K
  class space    used 1362K, capacity 1428K, committed 1536K, reserved 1048576K
}
Event: 4.411 GC heap before
{Heap before GC invocations=2 (full 0):
 garbage-first heap   total 131072K, used 32583K [0x0000000081c00000, 0x0000000100000000)
  region size 1024K, 29 young (29696K), 1 survivors (1024K)
 Metaspace       used 16891K, capacity 17204K, committed 17408K, reserved 1064960K
  class space    used 1802K, capacity 1922K, committed 2048K, reserved 1048576K
}
Event: 4.415 GC heap after
{Heap after GC invocations=3 (full 0):
 garbage-first heap   total 131072K, used 4809K [0x0000000081c00000, 0x0000000100000000)
  region size 1024K, 2 young (2048K), 2 survivors (2048K)
 Metaspace       used 16891K, capacity 17204K, committed 17408K, reserved 1064960K
  class space    used 1802K, capacity 1922K, committed 2048K, reserved 1048576K
}

Deoptimization events (10 events):
Event: 3.691 Thread 0x0000028b463da800 Uncommon trap: reason=unstable_if action=reinterpret pc=0x0000028b56272b44 method=java.util.HashMap.getNode(ILjava/lang/Object;)Ljava/util/HashMap$Node; @ 129 c2
Event: 3.691 Thread 0x0000028b463da800 Uncommon trap: reason=unstable_if action=reinterpret pc=0x0000028b56271728 method=java.util.HashMap.getNode(ILjava/lang/Object;)Ljava/util/HashMap$Node; @ 129 c2
Event: 4.044 Thread 0x0000028b463da800 Uncommon trap: reason=speculate_class_check action=maybe_recompile pc=0x0000028b562b8c28 method=java.lang.reflect.Executable.declaredAnnotations()Ljava/util/Map; @ 23 c2
Event: 4.046 Thread 0x0000028b463da800 Uncommon trap: reason=speculate_class_check action=maybe_recompile pc=0x0000028b562b8c28 method=java.lang.reflect.Executable.declaredAnnotations()Ljava/util/Map; @ 23 c2
Event: 4.049 Thread 0x0000028b463da800 Uncommon trap: reason=speculate_class_check action=maybe_recompile pc=0x0000028b562b8c28 method=java.lang.reflect.Executable.declaredAnnotations()Ljava/util/Map; @ 23 c2
Event: 4.051 Thread 0x0000028b463da800 Uncommon trap: reason=speculate_class_check action=maybe_recompile pc=0x0000028b562b8c28 method=java.lang.reflect.Executable.declaredAnnotations()Ljava/util/Map; @ 23 c2
Event: 5.239 Thread 0x0000028b463da800 Uncommon trap: reason=unstable_if action=reinterpret pc=0x0000028b562a1ddc method=org.codehaus.plexus.util.xml.pull.MXParser.parseStartTag()I @ 443 c2
Event: 5.491 Thread 0x0000028b463da800 Uncommon trap: reason=unstable_if action=reinterpret pc=0x0000028b56257e88 method=java.lang.AbstractStringBuilder.append(Ljava/lang/String;)Ljava/lang/AbstractStringBuilder; @ 1 c2
Event: 5.491 Thread 0x0000028b463da800 Uncommon trap: reason=unstable_if action=reinterpret pc=0x0000028b56259280 method=java.lang.AbstractStringBuilder.append(Ljava/lang/String;)Ljava/lang/AbstractStringBuilder; @ 1 c2
Event: 5.585 Thread 0x0000028b463da800 Uncommon trap: reason=unstable_if action=reinterpret pc=0x0000028b562aa234 method=java.lang.String.replace(CC)Ljava/lang/String; @ 2 c2

Classes redefined (0 events):
No events

Internal exceptions (8 events):
Event: 1.655 Thread 0x0000028b463da800 Exception <a 'java/lang/NoSuchMethodError'{0x0000000089727df8}: java.lang.invoke.DirectMethodHandle$Holder.invokeSpecialIFC(Ljava/lang/Object;Ljava/lang/Object;I)I> (0x0000000089727df8) thrown at [t:/workspace/open/src/hotspot/share/interpreter/linkResolv
Event: 1.794 Thread 0x0000028b463da800 Exception <a 'java/lang/NoSuchMethodError'{0x000000008964d5f8}: java.lang.invoke.DirectMethodHandle$Holder.invokeStaticInit(Ljava/lang/Object;IIII)Ljava/lang/Object;> (0x000000008964d5f8) thrown at [t:/workspace/open/src/hotspot/share/interpreter/linkReso
Event: 2.281 Thread 0x0000028b463da800 Exception <a 'java/lang/NoSuchMethodError'{0x00000000896a2750}: java.lang.invoke.DirectMethodHandle$Holder.invokeStaticInit(Ljava/lang/Object;Ljava/lang/Object;IIII)Ljava/lang/Object;> (0x00000000896a2750) thrown at [t:/workspace/open/src/hotspot/share/in
Event: 4.964 Thread 0x0000028b463da800 Exception <a 'java/lang/NoClassDefFoundError'{0x00000000891b0298}: com/google/inject/servlet/ServletModuleTargetVisitor> (0x00000000891b0298) thrown at [t:/workspace/open/src/hotspot/share/classfile/systemDictionary.cpp, line 220]
Event: 4.964 Thread 0x0000028b463da800 Exception <a 'java/lang/NoClassDefFoundError'{0x00000000891b0298}> (0x00000000891b0298) thrown at [t:/workspace/open/src/hotspot/share/prims/jvm.cpp, line 1300]
Event: 4.964 Thread 0x0000028b463da800 Exception <a 'java/lang/NoClassDefFoundError'{0x00000000891b3568}: javax/annotation/Priority> (0x00000000891b3568) thrown at [t:/workspace/open/src/hotspot/share/classfile/systemDictionary.cpp, line 220]
Event: 5.491 Thread 0x0000028b463da800 Implicit null exception at 0x0000028b56257974 to 0x0000028b56257e6e
Event: 5.491 Thread 0x0000028b463da800 Implicit null exception at 0x0000028b56258d74 to 0x0000028b56259266

Events (10 events):
Event: 5.688 loading class org/codehaus/plexus/interpolation/reflection/ClassMap$CacheMiss
Event: 5.688 loading class org/codehaus/plexus/interpolation/reflection/ClassMap$CacheMiss done
Event: 5.689 loading class org/codehaus/plexus/interpolation/reflection/MethodMap
Event: 5.689 loading class org/codehaus/plexus/interpolation/reflection/MethodMap done
Event: 5.690 loading class org/apache/maven/model/MailingList
Event: 5.690 loading class org/apache/maven/model/MailingList done
Event: 5.691 loading class org/codehaus/plexus/interpolation/util/StringUtils
Event: 5.691 loading class org/codehaus/plexus/interpolation/util/StringUtils done
Event: 5.692 loading class org/apache/maven/model/Extension
Event: 5.692 loading class org/apache/maven/model/Extension done


Dynamic libraries:
0x00007ff6a9250000 - 0x00007ff6a9297000 	C:\Program Files\Java\jdk-11.0.6\bin\java.exe
0x00007ffd8d800000 - 0x00007ffd8d9f0000 	C:\WINDOWS\SYSTEM32\ntdll.dll
0x00007ffd8d520000 - 0x00007ffd8d5d2000 	C:\WINDOWS\System32\KERNEL32.DLL
0x00007ffd8ac00000 - 0x00007ffd8aea3000 	C:\WINDOWS\System32\KERNELBASE.dll
0x00007ffd8d6a0000 - 0x00007ffd8d743000 	C:\WINDOWS\System32\ADVAPI32.dll
0x00007ffd8cbf0000 - 0x00007ffd8cc8e000 	C:\WINDOWS\System32\msvcrt.dll
0x00007ffd8c0d0000 - 0x00007ffd8c167000 	C:\WINDOWS\System32\sechost.dll
0x00007ffd8c170000 - 0x00007ffd8c290000 	C:\WINDOWS\System32\RPCRT4.dll
0x00007ffd8be10000 - 0x00007ffd8bfa4000 	C:\WINDOWS\System32\USER32.dll
0x00007ffd8b000000 - 0x00007ffd8b021000 	C:\WINDOWS\System32\win32u.dll
0x00007ffd8bde0000 - 0x00007ffd8be06000 	C:\WINDOWS\System32\GDI32.dll
0x00007ffd8a910000 - 0x00007ffd8aaa4000 	C:\WINDOWS\System32\gdi32full.dll
0x00007ffd8a810000 - 0x00007ffd8a8ae000 	C:\WINDOWS\System32\msvcp_win.dll
0x00007ffd8aab0000 - 0x00007ffd8abaa000 	C:\WINDOWS\System32\ucrtbase.dll
0x00007ffd7bfb0000 - 0x00007ffd7c235000 	C:\WINDOWS\WinSxS\amd64_microsoft.windows.common-controls_6595b64144ccf1df_6.0.18362.778_none_e6c6b761130d4fb8\COMCTL32.dll
0x00007ffd82c70000 - 0x00007ffd82c7a000 	C:\WINDOWS\SYSTEM32\VERSION.dll
0x00007ffd8c700000 - 0x00007ffd8ca36000 	C:\WINDOWS\System32\combase.dll
0x00007ffd8b7e0000 - 0x00007ffd8b860000 	C:\WINDOWS\System32\bcryptPrimitives.dll
0x00007ffd8bda0000 - 0x00007ffd8bdce000 	C:\WINDOWS\System32\IMM32.DLL
0x00007ffd71010000 - 0x00007ffd71026000 	C:\Program Files\Java\jdk-11.0.6\bin\vcruntime140.dll
0x00007ffd58ae0000 - 0x00007ffd58b8a000 	C:\Program Files\Java\jdk-11.0.6\bin\msvcp140.dll
0x00007ffd38db0000 - 0x00007ffd398d9000 	C:\Program Files\Java\jdk-11.0.6\bin\server\jvm.dll
0x00007ffd8c6f0000 - 0x00007ffd8c6f8000 	C:\WINDOWS\System32\PSAPI.DLL
0x00007ffd772e0000 - 0x00007ffd772e9000 	C:\WINDOWS\SYSTEM32\WSOCK32.dll
0x00007ffd8c060000 - 0x00007ffd8c0cf000 	C:\WINDOWS\System32\WS2_32.dll
0x00007ffd867a0000 - 0x00007ffd867c4000 	C:\WINDOWS\SYSTEM32\WINMM.dll
0x00007ffd86690000 - 0x00007ffd866bd000 	C:\WINDOWS\SYSTEM32\WINMMBASE.dll
0x00007ffd8abb0000 - 0x00007ffd8abfa000 	C:\WINDOWS\System32\cfgmgr32.dll
0x00007ffd8a7f0000 - 0x00007ffd8a801000 	C:\WINDOWS\System32\kernel.appcore.dll
0x00007ffd70eb0000 - 0x00007ffd70ec1000 	C:\Program Files\Java\jdk-11.0.6\bin\verify.dll
0x00007ffd89010000 - 0x00007ffd89204000 	C:\WINDOWS\SYSTEM32\DBGHELP.DLL
0x00007ffd73400000 - 0x00007ffd7342a000 	C:\WINDOWS\SYSTEM32\dbgcore.DLL
0x00007ffd70e30000 - 0x00007ffd70e59000 	C:\Program Files\Java\jdk-11.0.6\bin\java.dll
0x00007ffd69a40000 - 0x00007ffd69a6f000 	C:\Program Files\Java\jdk-11.0.6\bin\instrument.dll
0x00007ffd70e90000 - 0x00007ffd70ea6000 	C:\Program Files\Java\jdk-11.0.6\bin\zip.dll
0x00007ffd85ef0000 - 0x00007ffd85efa000 	C:\Program Files\Java\jdk-11.0.6\bin\jimage.dll
0x00007ffd8ce30000 - 0x00007ffd8d515000 	C:\WINDOWS\System32\SHELL32.dll
0x00007ffd8c640000 - 0x00007ffd8c6e9000 	C:\WINDOWS\System32\shcore.dll
0x00007ffd8b060000 - 0x00007ffd8b7e0000 	C:\WINDOWS\System32\windows.storage.dll
0x00007ffd8a750000 - 0x00007ffd8a773000 	C:\WINDOWS\System32\profapi.dll
0x00007ffd8a7a0000 - 0x00007ffd8a7ea000 	C:\WINDOWS\System32\powrprof.dll
0x00007ffd8a740000 - 0x00007ffd8a750000 	C:\WINDOWS\System32\UMPDC.dll
0x00007ffd8d5e0000 - 0x00007ffd8d632000 	C:\WINDOWS\System32\shlwapi.dll
0x00007ffd8b910000 - 0x00007ffd8b927000 	C:\WINDOWS\System32\cryptsp.dll
0x00007ffd70d10000 - 0x00007ffd70d29000 	C:\Program Files\Java\jdk-11.0.6\bin\net.dll
0x00007ffd7e1f0000 - 0x00007ffd7e2e0000 	C:\WINDOWS\SYSTEM32\WINHTTP.dll
0x00007ffd89fb0000 - 0x00007ffd8a017000 	C:\WINDOWS\system32\mswsock.dll
0x00007ffd70980000 - 0x00007ffd70993000 	C:\Program Files\Java\jdk-11.0.6\bin\nio.dll
0x00007ffd6cb90000 - 0x00007ffd6cbaa000 	C:\Program Files\JetBrains\IntelliJ IDEA Community Edition 2019.3.4\bin\breakgen64.dll
0x00007ffd89b20000 - 0x00007ffd89b53000 	C:\WINDOWS\system32\rsaenh.dll
0x00007ffd8b030000 - 0x00007ffd8b056000 	C:\WINDOWS\System32\bcrypt.dll
0x00007ffd8a630000 - 0x00007ffd8a655000 	C:\WINDOWS\SYSTEM32\USERENV.dll
0x00007ffd8a180000 - 0x00007ffd8a18c000 	C:\WINDOWS\SYSTEM32\CRYPTBASE.dll
0x00007ffd89cc0000 - 0x00007ffd89cfa000 	C:\WINDOWS\SYSTEM32\IPHLPAPI.DLL
0x00007ffd8bdd0000 - 0x00007ffd8bdd8000 	C:\WINDOWS\System32\NSI.dll
0x00007ffd7f3d0000 - 0x00007ffd7f3e6000 	C:\WINDOWS\SYSTEM32\dhcpcsvc6.DLL
0x00007ffd7f4a0000 - 0x00007ffd7f4bc000 	C:\WINDOWS\SYSTEM32\dhcpcsvc.DLL
0x00007ffd89d00000 - 0x00007ffd89dca000 	C:\WINDOWS\SYSTEM32\DNSAPI.dll
0x00007ffd82450000 - 0x00007ffd8245a000 	C:\Users\Dhanushguntha\AppData\Local\Temp\jansi-1.17.1-10949099432679711146.dll
0x00007ffd772f0000 - 0x00007ffd772fa000 	C:\Users\Dhanushguntha\AppData\Local\Temp\jansi-1.17.1-15087597423639221803.dll

dbghelp: loaded successfully - version: 4.0.5 - missing functions: none
symbol engine: initialized successfully - sym options: 0x614 - pdb path: .;C:\Program Files\Java\jdk-11.0.6\bin;C:\WINDOWS\SYSTEM32;C:\WINDOWS\WinSxS\amd64_microsoft.windows.common-controls_6595b64144ccf1df_6.0.18362.778_none_e6c6b761130d4fb8;C:\Program Files\Java\jdk-11.0.6\bin\server;C:\Program Files\JetBrains\IntelliJ IDEA Community Edition 2019.3.4\bin;C:\Users\Dhanushguntha\AppData\Local\Temp

VM Arguments:
jvm_args: -Dmaven.multiModuleProjectDirectory=C:\Users\Dhanushguntha\Desktop\webcontroller\webcontroller -Dmaven.home=C:\Program Files\JetBrains\IntelliJ IDEA Community Edition 2019.3.4\plugins\maven\lib\maven3 -Dclassworlds.conf=C:\Program Files\JetBrains\IntelliJ IDEA Community Edition 2019.3.4\plugins\maven\lib\maven3\bin\m2.conf -Dmaven.ext.class.path=C:\Program Files\JetBrains\IntelliJ IDEA Community Edition 2019.3.4\plugins\maven\lib\maven-event-listener.jar -javaagent:C:\Program Files\JetBrains\IntelliJ IDEA Community Edition 2019.3.4\lib\idea_rt.jar=54032:C:\Program Files\JetBrains\IntelliJ IDEA Community Edition 2019.3.4\bin -Dfile.encoding=UTF-8 
java_command: org.codehaus.classworlds.Launcher -Didea.version2019.3.4 spring-boot:run
java_class_path (initial): C:\Program Files\JetBrains\IntelliJ IDEA Community Edition 2019.3.4\plugins\maven\lib\maven3\boot\plexus-classworlds-2.6.0.jar
Launcher Type: SUN_STANDARD

[Global flags]
     intx CICompilerCount                          = 3                                         {product} {ergonomic}
     uint ConcGCThreads                            = 1                                         {product} {ergonomic}
     uint G1ConcRefinementThreads                  = 4                                         {product} {ergonomic}
   size_t G1HeapRegionSize                         = 1048576                                   {product} {ergonomic}
    uintx GCDrainStackTargetSize                   = 64                                        {product} {ergonomic}
   size_t InitialHeapSize                          = 134217728                                 {product} {ergonomic}
   size_t MarkStackSize                            = 4194304                                   {product} {ergonomic}
   size_t MaxHeapSize                              = 2118123520                                {product} {ergonomic}
   size_t MaxNewSize                               = 1270874112                                {product} {ergonomic}
   size_t MinHeapDeltaBytes                        = 1048576                                   {product} {ergonomic}
    uintx NonNMethodCodeHeapSize                   = 5830732                                {pd product} {ergonomic}
    uintx NonProfiledCodeHeapSize                  = 122913754                              {pd product} {ergonomic}
    uintx ProfiledCodeHeapSize                     = 122913754                              {pd product} {ergonomic}
    uintx ReservedCodeCacheSize                    = 251658240                              {pd product} {ergonomic}
     bool SegmentedCodeCache                       = true                                      {product} {ergonomic}
     bool UseCompressedClassPointers               = true                                 {lp64_product} {ergonomic}
     bool UseCompressedOops                        = true                                 {lp64_product} {ergonomic}
     bool UseG1GC                                  = true                                      {product} {ergonomic}
     bool UseLargePagesIndividualAllocation        = false                                  {pd product} {ergonomic}

Logging:
Log output configuration:
 #0: stdout all=warning uptime,level,tags
 #1: stderr all=off uptime,level,tags

Environment Variables:
JAVA_HOME=C:\Program Files\Java\jdk-11.0.6
PATH=C:\Program Files (x86)\Intel\iCLS Client\;C:\Program Files\Intel\iCLS Client\;C:\windows\system32;C:\windows;C:\windows\System32\Wbem;C:\windows\System32\WindowsPowerShell\v1.0\;C:\Program Files (x86)\Intel\Intel(R) Management Engine Components\DAL;C:\Program Files\Intel\Intel(R) Management Engine Components\DAL;C:\Program Files (x86)\Intel\Intel(R) Management Engine Components\IPT;C:\Program Files\Intel\Intel(R) Management Engine Components\IPT;C:\Program Files (x86)\NVIDIA Corporation\PhysX\Common;C:\WINDOWS\system32;C:\WINDOWS;C:\WINDOWS\System32\Wbem;C:\WINDOWS\System32\WindowsPowerShell\v1.0\;C:\WINDOWS\System32\OpenSSH\;C:\Program Files\Intel\WiFi\bin\;C:\Program Files\Common Files\Intel\WirelessCommon\;C:\Program Files\Git\cmd;C:\Program Files (x86)\Yarn\bin\;C:\Program Files\NVIDIA Corporation\NVIDIA NvDLISR;C:\Program Files\nodejs;C:\ProgramData\chocolatey\bin;C:\Program Files\nodejs\;C:\opt\apache-maven-3.6.3\bin;C:\Program Files\Java\jdk-11.0.6\bin;C:\Users\Dhanushguntha\AppData\Local\Programs\Python\Python38\Scripts\;C:\Users\Dhanushguntha\AppData\Local\Programs\Python\Python38\;C:\Users\Dhanushguntha\anaconda3;C:\Users\Dhanushguntha\anaconda3\Library\mingw-w64\bin;C:\Users\Dhanushguntha\anaconda3\Library\usr\bin;C:\Users\Dhanushguntha\anaconda3\Library\bin;C:\Users\Dhanushguntha\anaconda3\Scripts;C:\Users\Dhanushguntha\AppData\Local\Programs\Microsoft VS Code\bin;C:\Users\Dhanushguntha\AppData\Roaming\npm;
USERNAME=Dhanushguntha
OS=Windows_NT
PROCESSOR_IDENTIFIER=Intel64 Family 6 Model 142 Stepping 9, GenuineIntel



---------------  S Y S T E M  ---------------

OS: Windows 10 , 64 bit Build 18362 (10.0.18362.778)

CPU:total 4 (initial active 4) (2 cores per cpu, 2 threads per core) family 6 model 142 stepping 9, cmov, cx8, fxsr, mmx, sse, sse2, sse3, ssse3, sse4.1, sse4.2, popcnt, avx, avx2, aes, clmul, erms, 3dnowpref, lzcnt, ht, tsc, tscinvbit, bmi1, bmi2, adx, fma

Memory: 4k page, system-wide physical 8077M (1104M free)
TotalPageFile size 8077M (AvailPageFile size 5M)
current process WorkingSet (physical memory assigned to process): 117M, peak: 118M
current process commit charge ("private bytes"): 246M, peak: 246M

vm_info: Java HotSpot(TM) 64-Bit Server VM (11.0.6+8-LTS) for windows-amd64 JRE (11.0.6+8-LTS), built on Dec 11 2019 09:17:57 by "mach5one" with MS VC++ 15.5 (VS2017)

END.
