#
# There is insufficient memory for the Java Runtime Environment to continue.
# Native memory allocation (mmap) failed to map 32505856 bytes for Failed to commit area from 0x000000008b600000 to 0x000000008d500000 of length 32505856.
# Possible reasons:
#   The system is out of physical RAM or swap space
#   The process is running with CompressedOops enabled, and the Java Heap may be blocking the growth of the native heap
# Possible solutions:
#   Reduce memory load on the system
#   Increase physical memory or swap space
#   Check if swap backing store is full
#   Decrease Java heap size (-Xmx/-Xms)
#   Decrease number of Java threads
#   Decrease Java thread stack sizes (-Xss)
#   Set larger code cache with -XX:ReservedCodeCacheSize=
#   JVM is running with Unscaled Compressed Oops mode in which the Java heap is
#     placed in the first 4GB address space. The Java Heap base address is the
#     maximum limit for the native heap growth. Please use -XX:HeapBaseMinAddress
#     to set the Java Heap base and to place the Java Heap above 4GB virtual address.
# This output file may be truncated or incomplete.
#
#  Out of Memory Error (t:/workspace/open/src/hotspot/os/windows/os_windows.cpp:3271), pid=14648, tid=8712
#
# JRE version: Java(TM) SE Runtime Environment (11.0.6+8) (build 11.0.6+8-LTS)
# Java VM: Java HotSpot(TM) 64-Bit Server VM (11.0.6+8-LTS, mixed mode, tiered, compressed oops, g1 gc, windows-amd64)
# No core dump will be written. Minidumps are not enabled by default on client versions of Windows
#

---------------  S U M M A R Y ------------

Command Line: -Xverify:none -XX:TieredStopAtLevel=1 com.webcontroller.webcontroller.model.ReactandSpringDataRestApplication

Host: Intel(R) Core(TM) i5-7200U CPU @ 2.50GHz, 4 cores, 7G,  Windows 10 , 64 bit Build 18362 (10.0.18362.778)
Time: Thu Apr 30 11:07:12 2020 India Standard Time elapsed time: 8 seconds (0d 0h 0m 8s)

---------------  T H R E A D  ---------------

Current thread (0x000002b69e8c6800):  VMThread "VM Thread" [stack: 0x000000c8c3d00000,0x000000c8c3e00000] [id=8712]

Stack: [0x000000c8c3d00000,0x000000c8c3e00000]
[error occurred during error reporting (printing stack bounds), id 0xc0000005, EXCEPTION_ACCESS_VIOLATION (0xc0000005) at pc=0x000002b6882b0bad]

Native frames: (J=compiled Java code, j=interpreted, Vv=VM code, C=native code)
V  [jvm.dll+0x63679a]
V  [jvm.dll+0x7755bf]
V  [jvm.dll+0x776c65]
V  [jvm.dll+0x777235]
V  [jvm.dll+0x7771eb]
V  [jvm.dll+0x635e96]
V  [jvm.dll+0x636268]
C  [ntdll.dll+0xa11cf]
C  [ntdll.dll+0x6a209]
C  [ntdll.dll+0x9fe3e]
C  0x000002b6882b0bad

VM_Operation (0x000000c8c4afb5f0): CollectForMetadataAllocation, mode: safepoint, requested by thread 0x000002b69fc41000


---------------  P R O C E S S  ---------------

Threads class SMR info:
_java_thread_list=0x000002b6a0f56a90, length=12, elements={
0x000002b6fe5c2800, 0x000002b69e8ee800, 0x000002b69e8f8000, 0x000002b69e906000,
0x000002b69e907000, 0x000002b69e90b000, 0x000002b69e910000, 0x000002b69f36f000,
0x000002b69f399000, 0x000002b69fc3c800, 0x000002b69fc41000, 0x000002b6a15a6800
}

Java Threads: ( => current thread )
  0x000002b6fe5c2800 JavaThread "main" [_thread_blocked, id=8364, stack(0x000000c8c3700000,0x000000c8c3800000)]
  0x000002b69e8ee800 JavaThread "Reference Handler" daemon [_thread_blocked, id=7220, stack(0x000000c8c3e00000,0x000000c8c3f00000)]
  0x000002b69e8f8000 JavaThread "Finalizer" daemon [_thread_blocked, id=14160, stack(0x000000c8c3f00000,0x000000c8c4000000)]
  0x000002b69e906000 JavaThread "Signal Dispatcher" daemon [_thread_blocked, id=14948, stack(0x000000c8c4000000,0x000000c8c4100000)]
  0x000002b69e907000 JavaThread "Attach Listener" daemon [_thread_blocked, id=15328, stack(0x000000c8c4100000,0x000000c8c4200000)]
  0x000002b69e90b000 JavaThread "C1 CompilerThread0" daemon [_thread_blocked, id=9304, stack(0x000000c8c4200000,0x000000c8c4300000)]
  0x000002b69e910000 JavaThread "Sweeper thread" daemon [_thread_blocked, id=12508, stack(0x000000c8c4300000,0x000000c8c4400000)]
  0x000002b69f36f000 JavaThread "Service Thread" daemon [_thread_blocked, id=9184, stack(0x000000c8c4400000,0x000000c8c4500000)]
  0x000002b69f399000 JavaThread "Common-Cleaner" daemon [_thread_blocked, id=12280, stack(0x000000c8c4600000,0x000000c8c4700000)]
  0x000002b69fc3c800 JavaThread "Thread-0" [_thread_blocked, id=13232, stack(0x000000c8c4900000,0x000000c8c4a00000)]
  0x000002b69fc41000 JavaThread "restartedMain" [_thread_blocked, id=10832, stack(0x000000c8c4a00000,0x000000c8c4b00000)]
  0x000002b6a15a6800 JavaThread "HikariPool-1 housekeeper" daemon [_thread_blocked, id=8460, stack(0x000000c8c4b00000,0x000000c8c4c00000)]

Other Threads:
=>0x000002b69e8c6800 VMThread "VM Thread" [stack: 0x000000c8c3d00000,0x000000c8c3e00000] [id=8712]
  0x000002b69f392800 WatcherThread [stack: 0x000000c8c4500000,0x000000c8c4600000] [id=10708]
  0x000002b6fe5d9800 GCTaskThread "GC Thread#0" [stack: 0x000000c8c3800000,0x000000c8c3900000] [id=12052]
  0x000002b69fbd6800 GCTaskThread "GC Thread#1" [stack: 0x000000c8c4700000,0x000000c8c4800000] [id=3300]
  0x000002b69fbc6000 GCTaskThread "GC Thread#2" [stack: 0x000000c8c4800000,0x000000c8c4900000] [id=11776]
  0x000002b69fe1e800 GCTaskThread "GC Thread#3" [stack: 0x000000c8c4c00000,0x000000c8c4d00000] [id=14820]
  0x000002b6fe60a000 ConcurrentGCThread "G1 Main Marker" [stack: 0x000000c8c3900000,0x000000c8c3a00000] [id=13984]
  0x000002b6fe60b800 ConcurrentGCThread "G1 Conc#0" [stack: 0x000000c8c3a00000,0x000000c8c3b00000] [id=628]
  0x000002b6fe68d800 ConcurrentGCThread "G1 Refine#0" [stack: 0x000000c8c3b00000,0x000000c8c3c00000] [id=14500]
  0x000002b69e732800 ConcurrentGCThread "G1 Young RemSet Sampling" [stack: 0x000000c8c3c00000,0x000000c8c3d00000] [id=11704]

Threads with active compile tasks:

VM state:at safepoint (normal execution)

VM Mutex/Monitor currently owned by a thread:  ([mutex/lock_event])
[0x000002b6fe5c0ba0] Threads_lock - owner thread: 0x000002b69e8c6800
[0x000002b6fe5c1c80] Heap_lock - owner thread: 0x000002b69fc41000

Heap address: 0x0000000081c00000, size: 2020 MB, Compressed Oops mode: 32-bit
Narrow klass base: 0x0000000000000000, Narrow klass shift: 3
Compressed class space size: 1073741824 Address: 0x0000000100000000

Heap:
 garbage-first heap   total 189440K, used 17910K [0x0000000081c00000, 0x0000000100000000)
  region size 1024K, 6 young (6144K), 6 survivors (6144K)
 Metaspace       used 35635K, capacity 36621K, committed 36784K, reserved 1087488K
  class space    used 4328K, capacity 4742K, committed 4864K, reserved 1048576K
Heap Regions: E=young(eden), S=young(survivor), O=old, HS=humongous(starts), HC=humongous(continues), CS=collection set, F=free, A=archive, TAMS=top-at-mark-start (previous, next)
|   0|0x0000000081c00000, 0x0000000081d00000, 0x0000000081d00000|100%|HS|  |TAMS 0x0000000081d00000, 0x0000000081d00000| Complete 
|   1|0x0000000081d00000, 0x0000000081e00000, 0x0000000081e00000|100%| O|  |TAMS 0x0000000081e00000, 0x0000000081e00000| Untracked 
|   2|0x0000000081e00000, 0x0000000081f00000, 0x0000000081f00000|100%| O|  |TAMS 0x0000000081f00000, 0x0000000081f00000| Untracked 
|   3|0x0000000081f00000, 0x0000000082000000, 0x0000000082000000|100%| O|  |TAMS 0x0000000082000000, 0x0000000082000000| Untracked 
|   4|0x0000000082000000, 0x0000000082100000, 0x0000000082100000|100%| O|  |TAMS 0x0000000082100000, 0x0000000082100000| Untracked 
|   5|0x0000000082100000, 0x0000000082200000, 0x0000000082200000|100%| O|  |TAMS 0x0000000082200000, 0x0000000082200000| Untracked 
|   6|0x0000000082200000, 0x0000000082300000, 0x0000000082300000|100%| O|  |TAMS 0x0000000082300000, 0x0000000082300000| Untracked 
|   7|0x0000000082300000, 0x0000000082400000, 0x0000000082400000|100%| O|  |TAMS 0x0000000082400000, 0x0000000082400000| Untracked 
|   8|0x0000000082400000, 0x0000000082500000, 0x0000000082500000|100%| O|  |TAMS 0x0000000082500000, 0x0000000082500000| Untracked 
|   9|0x0000000082500000, 0x0000000082600000, 0x0000000082600000|100%| O|  |TAMS 0x0000000082554c00, 0x0000000082600000| Untracked 
|  10|0x0000000082600000, 0x0000000082700000, 0x0000000082700000|100%| O|  |TAMS 0x0000000082600000, 0x0000000082700000| Untracked 
|  11|0x0000000082700000, 0x00000000827e7800, 0x0000000082800000| 90%| O|  |TAMS 0x0000000082700000, 0x00000000827e7800| Untracked 
|  12|0x0000000082800000, 0x0000000082800000, 0x0000000082900000|  0%| F|  |TAMS 0x0000000082800000, 0x0000000082800000| Untracked 
|  13|0x0000000082900000, 0x0000000082900000, 0x0000000082a00000|  0%| F|  |TAMS 0x0000000082900000, 0x0000000082900000| Untracked 
|  14|0x0000000082a00000, 0x0000000082a00000, 0x0000000082b00000|  0%| F|  |TAMS 0x0000000082a00000, 0x0000000082a00000| Untracked 
|  15|0x0000000082b00000, 0x0000000082b00000, 0x0000000082c00000|  0%| F|  |TAMS 0x0000000082b00000, 0x0000000082b00000| Untracked 
|  16|0x0000000082c00000, 0x0000000082c00000, 0x0000000082d00000|  0%| F|  |TAMS 0x0000000082c00000, 0x0000000082c00000| Untracked 
|  17|0x0000000082d00000, 0x0000000082d00000, 0x0000000082e00000|  0%| F|  |TAMS 0x0000000082d00000, 0x0000000082d00000| Untracked 
|  18|0x0000000082e00000, 0x0000000082e00000, 0x0000000082f00000|  0%| F|  |TAMS 0x0000000082e00000, 0x0000000082e00000| Untracked 
|  19|0x0000000082f00000, 0x0000000082f00000, 0x0000000083000000|  0%| F|  |TAMS 0x0000000082f00000, 0x0000000082f00000| Untracked 
|  20|0x0000000083000000, 0x0000000083000000, 0x0000000083100000|  0%| F|  |TAMS 0x0000000083000000, 0x0000000083000000| Untracked 
|  21|0x0000000083100000, 0x0000000083100000, 0x0000000083200000|  0%| F|  |TAMS 0x0000000083100000, 0x0000000083100000| Untracked 
|  22|0x0000000083200000, 0x0000000083200000, 0x0000000083300000|  0%| F|  |TAMS 0x0000000083200000, 0x0000000083200000| Untracked 
|  23|0x0000000083300000, 0x0000000083300000, 0x0000000083400000|  0%| F|  |TAMS 0x0000000083300000, 0x0000000083300000| Untracked 
|  24|0x0000000083400000, 0x0000000083400000, 0x0000000083500000|  0%| F|  |TAMS 0x0000000083400000, 0x0000000083400000| Untracked 
|  25|0x0000000083500000, 0x0000000083500000, 0x0000000083600000|  0%| F|  |TAMS 0x0000000083500000, 0x0000000083500000| Untracked 
|  26|0x0000000083600000, 0x0000000083600000, 0x0000000083700000|  0%| F|  |TAMS 0x0000000083600000, 0x0000000083600000| Untracked 
|  27|0x0000000083700000, 0x0000000083700000, 0x0000000083800000|  0%| F|  |TAMS 0x0000000083700000, 0x0000000083700000| Untracked 
|  28|0x0000000083800000, 0x0000000083800000, 0x0000000083900000|  0%| F|  |TAMS 0x0000000083800000, 0x0000000083800000| Untracked 
|  29|0x0000000083900000, 0x0000000083900000, 0x0000000083a00000|  0%| F|  |TAMS 0x0000000083900000, 0x0000000083900000| Untracked 
|  30|0x0000000083a00000, 0x0000000083a00000, 0x0000000083b00000|  0%| F|  |TAMS 0x0000000083a00000, 0x0000000083a00000| Untracked 
|  31|0x0000000083b00000, 0x0000000083b00000, 0x0000000083c00000|  0%| F|  |TAMS 0x0000000083b00000, 0x0000000083b00000| Untracked 
|  32|0x0000000083c00000, 0x0000000083c00000, 0x0000000083d00000|  0%| F|  |TAMS 0x0000000083c00000, 0x0000000083c00000| Untracked 
|  33|0x0000000083d00000, 0x0000000083d00000, 0x0000000083e00000|  0%| F|  |TAMS 0x0000000083d00000, 0x0000000083d00000| Untracked 
|  34|0x0000000083e00000, 0x0000000083e00000, 0x0000000083f00000|  0%| F|  |TAMS 0x0000000083e00000, 0x0000000083e00000| Untracked 
|  35|0x0000000083f00000, 0x0000000083f00000, 0x0000000084000000|  0%| F|  |TAMS 0x0000000083f00000, 0x0000000083f00000| Untracked 
|  36|0x0000000084000000, 0x0000000084000000, 0x0000000084100000|  0%| F|  |TAMS 0x0000000084000000, 0x0000000084000000| Untracked 
|  37|0x0000000084100000, 0x0000000084100000, 0x0000000084200000|  0%| F|  |TAMS 0x0000000084100000, 0x0000000084100000| Untracked 
|  38|0x0000000084200000, 0x0000000084200000, 0x0000000084300000|  0%| F|  |TAMS 0x0000000084200000, 0x0000000084200000| Untracked 
|  39|0x0000000084300000, 0x0000000084300000, 0x0000000084400000|  0%| F|  |TAMS 0x0000000084300000, 0x0000000084300000| Untracked 
|  40|0x0000000084400000, 0x0000000084400000, 0x0000000084500000|  0%| F|  |TAMS 0x0000000084400000, 0x0000000084400000| Untracked 
|  41|0x0000000084500000, 0x0000000084500000, 0x0000000084600000|  0%| F|  |TAMS 0x0000000084500000, 0x0000000084500000| Untracked 
|  42|0x0000000084600000, 0x0000000084600000, 0x0000000084700000|  0%| F|  |TAMS 0x0000000084600000, 0x0000000084600000| Untracked 
|  43|0x0000000084700000, 0x0000000084700000, 0x0000000084800000|  0%| F|  |TAMS 0x0000000084700000, 0x0000000084700000| Untracked 
|  44|0x0000000084800000, 0x0000000084800000, 0x0000000084900000|  0%| F|  |TAMS 0x0000000084800000, 0x0000000084800000| Untracked 
|  45|0x0000000084900000, 0x0000000084900000, 0x0000000084a00000|  0%| F|  |TAMS 0x0000000084900000, 0x0000000084900000| Untracked 
|  46|0x0000000084a00000, 0x0000000084a00000, 0x0000000084b00000|  0%| F|  |TAMS 0x0000000084a00000, 0x0000000084a00000| Untracked 
|  47|0x0000000084b00000, 0x0000000084b00000, 0x0000000084c00000|  0%| F|  |TAMS 0x0000000084b00000, 0x0000000084b00000| Untracked 
|  48|0x0000000084c00000, 0x0000000084c00000, 0x0000000084d00000|  0%| F|  |TAMS 0x0000000084c00000, 0x0000000084c00000| Untracked 
|  49|0x0000000084d00000, 0x0000000084d00000, 0x0000000084e00000|  0%| F|  |TAMS 0x0000000084d00000, 0x0000000084d00000| Untracked 
|  50|0x0000000084e00000, 0x0000000084e00000, 0x0000000084f00000|  0%| F|  |TAMS 0x0000000084e00000, 0x0000000084e00000| Untracked 
|  51|0x0000000084f00000, 0x0000000084f00000, 0x0000000085000000|  0%| F|  |TAMS 0x0000000084f00000, 0x0000000084f00000| Untracked 
|  52|0x0000000085000000, 0x0000000085000000, 0x0000000085100000|  0%| F|  |TAMS 0x0000000085000000, 0x0000000085000000| Untracked 
|  53|0x0000000085100000, 0x0000000085100000, 0x0000000085200000|  0%| F|  |TAMS 0x0000000085100000, 0x0000000085100000| Untracked 
|  54|0x0000000085200000, 0x0000000085200000, 0x0000000085300000|  0%| F|  |TAMS 0x0000000085200000, 0x0000000085200000| Untracked 
|  55|0x0000000085300000, 0x0000000085300000, 0x0000000085400000|  0%| F|  |TAMS 0x0000000085300000, 0x0000000085300000| Untracked 
|  56|0x0000000085400000, 0x0000000085400000, 0x0000000085500000|  0%| F|  |TAMS 0x0000000085400000, 0x0000000085400000| Untracked 
|  57|0x0000000085500000, 0x0000000085500000, 0x0000000085600000|  0%| F|  |TAMS 0x0000000085500000, 0x0000000085500000| Untracked 
|  58|0x0000000085600000, 0x0000000085600000, 0x0000000085700000|  0%| F|  |TAMS 0x0000000085600000, 0x0000000085600000| Untracked 
|  59|0x0000000085700000, 0x0000000085700000, 0x0000000085800000|  0%| F|  |TAMS 0x0000000085700000, 0x0000000085700000| Untracked 
|  60|0x0000000085800000, 0x0000000085800000, 0x0000000085900000|  0%| F|  |TAMS 0x0000000085800000, 0x0000000085800000| Untracked 
|  61|0x0000000085900000, 0x0000000085900000, 0x0000000085a00000|  0%| F|  |TAMS 0x0000000085900000, 0x0000000085900000| Untracked 
|  62|0x0000000085a00000, 0x0000000085a00000, 0x0000000085b00000|  0%| F|  |TAMS 0x0000000085a00000, 0x0000000085a00000| Untracked 
|  63|0x0000000085b00000, 0x0000000085b00000, 0x0000000085c00000|  0%| F|  |TAMS 0x0000000085b00000, 0x0000000085b00000| Untracked 
|  64|0x0000000085c00000, 0x0000000085c00000, 0x0000000085d00000|  0%| F|  |TAMS 0x0000000085c00000, 0x0000000085c00000| Untracked 
|  65|0x0000000085d00000, 0x0000000085d00000, 0x0000000085e00000|  0%| F|  |TAMS 0x0000000085d00000, 0x0000000085d00000| Untracked 
|  66|0x0000000085e00000, 0x0000000085e00000, 0x0000000085f00000|  0%| F|  |TAMS 0x0000000085e00000, 0x0000000085e00000| Untracked 
|  67|0x0000000085f00000, 0x0000000085f00000, 0x0000000086000000|  0%| F|  |TAMS 0x0000000085f00000, 0x0000000085f00000| Untracked 
|  68|0x0000000086000000, 0x0000000086000000, 0x0000000086100000|  0%| F|  |TAMS 0x0000000086000000, 0x0000000086000000| Untracked 
|  69|0x0000000086100000, 0x0000000086100000, 0x0000000086200000|  0%| F|  |TAMS 0x0000000086100000, 0x0000000086100000| Untracked 
|  70|0x0000000086200000, 0x0000000086200000, 0x0000000086300000|  0%| F|  |TAMS 0x0000000086200000, 0x0000000086200000| Untracked 
|  71|0x0000000086300000, 0x0000000086300000, 0x0000000086400000|  0%| F|  |TAMS 0x0000000086300000, 0x0000000086300000| Untracked 
|  72|0x0000000086400000, 0x0000000086400000, 0x0000000086500000|  0%| F|  |TAMS 0x0000000086400000, 0x0000000086400000| Untracked 
|  73|0x0000000086500000, 0x0000000086500000, 0x0000000086600000|  0%| F|  |TAMS 0x0000000086500000, 0x0000000086500000| Untracked 
|  74|0x0000000086600000, 0x0000000086600000, 0x0000000086700000|  0%| F|  |TAMS 0x0000000086600000, 0x0000000086600000| Untracked 
|  75|0x0000000086700000, 0x0000000086700000, 0x0000000086800000|  0%| F|  |TAMS 0x0000000086700000, 0x0000000086700000| Untracked 
|  76|0x0000000086800000, 0x0000000086800000, 0x0000000086900000|  0%| F|  |TAMS 0x0000000086800000, 0x0000000086800000| Untracked 
|  77|0x0000000086900000, 0x0000000086900000, 0x0000000086a00000|  0%| F|  |TAMS 0x0000000086900000, 0x0000000086900000| Untracked 
|  78|0x0000000086a00000, 0x0000000086a00000, 0x0000000086b00000|  0%| F|  |TAMS 0x0000000086a00000, 0x0000000086a00000| Untracked 
|  79|0x0000000086b00000, 0x0000000086b00000, 0x0000000086c00000|  0%| F|  |TAMS 0x0000000086b00000, 0x0000000086b00000| Untracked 
|  80|0x0000000086c00000, 0x0000000086c00000, 0x0000000086d00000|  0%| F|  |TAMS 0x0000000086c00000, 0x0000000086c00000| Untracked 
|  81|0x0000000086d00000, 0x0000000086d00000, 0x0000000086e00000|  0%| F|  |TAMS 0x0000000086d00000, 0x0000000086d00000| Untracked 
|  82|0x0000000086e00000, 0x0000000086e00000, 0x0000000086f00000|  0%| F|  |TAMS 0x0000000086e00000, 0x0000000086e00000| Untracked 
|  83|0x0000000086f00000, 0x0000000086f00000, 0x0000000087000000|  0%| F|  |TAMS 0x0000000086f00000, 0x0000000086f00000| Untracked 
|  84|0x0000000087000000, 0x0000000087000000, 0x0000000087100000|  0%| F|  |TAMS 0x0000000087000000, 0x0000000087000000| Untracked 
|  85|0x0000000087100000, 0x0000000087100000, 0x0000000087200000|  0%| F|  |TAMS 0x0000000087100000, 0x0000000087100000| Untracked 
|  86|0x0000000087200000, 0x0000000087200000, 0x0000000087300000|  0%| F|  |TAMS 0x0000000087200000, 0x0000000087200000| Untracked 
|  87|0x0000000087300000, 0x0000000087300000, 0x0000000087400000|  0%| F|  |TAMS 0x0000000087300000, 0x0000000087300000| Untracked 
|  88|0x0000000087400000, 0x0000000087400000, 0x0000000087500000|  0%| F|  |TAMS 0x0000000087400000, 0x0000000087400000| Untracked 
|  89|0x0000000087500000, 0x0000000087500000, 0x0000000087600000|  0%| F|  |TAMS 0x0000000087500000, 0x0000000087500000| Untracked 
|  90|0x0000000087600000, 0x0000000087600000, 0x0000000087700000|  0%| F|  |TAMS 0x0000000087600000, 0x0000000087600000| Untracked 
|  91|0x0000000087700000, 0x0000000087700000, 0x0000000087800000|  0%| F|  |TAMS 0x0000000087700000, 0x0000000087700000| Untracked 
|  92|0x0000000087800000, 0x0000000087800000, 0x0000000087900000|  0%| F|  |TAMS 0x0000000087800000, 0x0000000087800000| Untracked 
|  93|0x0000000087900000, 0x0000000087900000, 0x0000000087a00000|  0%| F|  |TAMS 0x0000000087900000, 0x0000000087900000| Untracked 
|  94|0x0000000087a00000, 0x0000000087a00000, 0x0000000087b00000|  0%| F|  |TAMS 0x0000000087a00000, 0x0000000087a00000| Untracked 
|  95|0x0000000087b00000, 0x0000000087b00000, 0x0000000087c00000|  0%| F|  |TAMS 0x0000000087b00000, 0x0000000087b00000| Untracked 
|  96|0x0000000087c00000, 0x0000000087c00000, 0x0000000087d00000|  0%| F|  |TAMS 0x0000000087c00000, 0x0000000087c00000| Untracked 
|  97|0x0000000087d00000, 0x0000000087d00000, 0x0000000087e00000|  0%| F|  |TAMS 0x0000000087d00000, 0x0000000087d00000| Untracked 
|  98|0x0000000087e00000, 0x0000000087e00000, 0x0000000087f00000|  0%| F|  |TAMS 0x0000000087e00000, 0x0000000087e00000| Untracked 
|  99|0x0000000087f00000, 0x0000000087f00000, 0x0000000088000000|  0%| F|  |TAMS 0x0000000087f00000, 0x0000000087f00000| Untracked 
| 100|0x0000000088000000, 0x0000000088000000, 0x0000000088100000|  0%| F|  |TAMS 0x0000000088000000, 0x0000000088000000| Untracked 
| 101|0x0000000088100000, 0x0000000088100000, 0x0000000088200000|  0%| F|  |TAMS 0x0000000088100000, 0x0000000088100000| Untracked 
| 102|0x0000000088200000, 0x0000000088200000, 0x0000000088300000|  0%| F|  |TAMS 0x0000000088200000, 0x0000000088200000| Untracked 
| 103|0x0000000088300000, 0x0000000088300000, 0x0000000088400000|  0%| F|  |TAMS 0x0000000088300000, 0x0000000088300000| Untracked 
| 104|0x0000000088400000, 0x0000000088400000, 0x0000000088500000|  0%| F|  |TAMS 0x0000000088400000, 0x0000000088400000| Untracked 
| 105|0x0000000088500000, 0x0000000088500000, 0x0000000088600000|  0%| F|  |TAMS 0x0000000088500000, 0x0000000088500000| Untracked 
| 106|0x0000000088600000, 0x0000000088600000, 0x0000000088700000|  0%| F|  |TAMS 0x0000000088600000, 0x0000000088600000| Untracked 
| 107|0x0000000088700000, 0x0000000088700000, 0x0000000088800000|  0%| F|  |TAMS 0x0000000088700000, 0x0000000088700000| Untracked 
| 108|0x0000000088800000, 0x0000000088800000, 0x0000000088900000|  0%| F|  |TAMS 0x0000000088800000, 0x0000000088800000| Untracked 
| 109|0x0000000088900000, 0x0000000088900000, 0x0000000088a00000|  0%| F|  |TAMS 0x0000000088900000, 0x0000000088900000| Untracked 
| 110|0x0000000088a00000, 0x0000000088a00000, 0x0000000088b00000|  0%| F|  |TAMS 0x0000000088a00000, 0x0000000088a00000| Untracked 
| 111|0x0000000088b00000, 0x0000000088b00000, 0x0000000088c00000|  0%| F|  |TAMS 0x0000000088b00000, 0x0000000088b00000| Untracked 
| 112|0x0000000088c00000, 0x0000000088c00000, 0x0000000088d00000|  0%| F|  |TAMS 0x0000000088c00000, 0x0000000088c00000| Untracked 
| 113|0x0000000088d00000, 0x0000000088d00000, 0x0000000088e00000|  0%| F|  |TAMS 0x0000000088d00000, 0x0000000088d00000| Untracked 
| 114|0x0000000088e00000, 0x0000000088e00000, 0x0000000088f00000|  0%| F|  |TAMS 0x0000000088e00000, 0x0000000088e00000| Untracked 
| 115|0x0000000088f00000, 0x0000000088f00000, 0x0000000089000000|  0%| F|  |TAMS 0x0000000088f00000, 0x0000000088f00000| Untracked 
| 116|0x0000000089000000, 0x0000000089000000, 0x0000000089100000|  0%| F|  |TAMS 0x0000000089000000, 0x0000000089000000| Untracked 
| 117|0x0000000089100000, 0x0000000089100000, 0x0000000089200000|  0%| F|  |TAMS 0x0000000089100000, 0x0000000089100000| Untracked 
| 118|0x0000000089200000, 0x0000000089200000, 0x0000000089300000|  0%| F|  |TAMS 0x0000000089200000, 0x0000000089200000| Untracked 
| 119|0x0000000089300000, 0x0000000089300000, 0x0000000089400000|  0%| F|  |TAMS 0x0000000089300000, 0x0000000089300000| Untracked 
| 120|0x0000000089400000, 0x0000000089400000, 0x0000000089500000|  0%| F|  |TAMS 0x0000000089400000, 0x0000000089400000| Untracked 
| 121|0x0000000089500000, 0x0000000089500000, 0x0000000089600000|  0%| F|  |TAMS 0x0000000089500000, 0x0000000089500000| Untracked 
| 122|0x0000000089600000, 0x0000000089600000, 0x0000000089700000|  0%| F|  |TAMS 0x0000000089600000, 0x0000000089600000| Untracked 
| 123|0x0000000089700000, 0x0000000089700000, 0x0000000089800000|  0%| F|  |TAMS 0x0000000089700000, 0x0000000089700000| Untracked 
| 124|0x0000000089800000, 0x0000000089800000, 0x0000000089900000|  0%| F|  |TAMS 0x0000000089800000, 0x0000000089800000| Untracked 
| 125|0x0000000089900000, 0x0000000089900000, 0x0000000089a00000|  0%| F|  |TAMS 0x0000000089900000, 0x0000000089900000| Untracked 
| 126|0x0000000089a00000, 0x0000000089a00000, 0x0000000089b00000|  0%| F|  |TAMS 0x0000000089a00000, 0x0000000089a00000| Untracked 
| 127|0x0000000089b00000, 0x0000000089b00000, 0x0000000089c00000|  0%| F|  |TAMS 0x0000000089b00000, 0x0000000089b00000| Untracked 
| 128|0x0000000089c00000, 0x0000000089c00000, 0x0000000089d00000|  0%| F|  |TAMS 0x0000000089c00000, 0x0000000089c00000| Untracked 
| 129|0x0000000089d00000, 0x0000000089d00000, 0x0000000089e00000|  0%| F|  |TAMS 0x0000000089d00000, 0x0000000089d00000| Untracked 
| 130|0x0000000089e00000, 0x0000000089e00000, 0x0000000089f00000|  0%| F|  |TAMS 0x0000000089e00000, 0x0000000089e00000| Untracked 
| 131|0x0000000089f00000, 0x0000000089f00000, 0x000000008a000000|  0%| F|  |TAMS 0x0000000089f00000, 0x0000000089f00000| Untracked 
| 132|0x000000008a000000, 0x000000008a000000, 0x000000008a100000|  0%| F|  |TAMS 0x000000008a000000, 0x000000008a000000| Untracked 
| 133|0x000000008a100000, 0x000000008a100000, 0x000000008a200000|  0%| F|  |TAMS 0x000000008a100000, 0x000000008a100000| Untracked 
| 134|0x000000008a200000, 0x000000008a200000, 0x000000008a300000|  0%| F|  |TAMS 0x000000008a200000, 0x000000008a200000| Untracked 
| 135|0x000000008a300000, 0x000000008a300000, 0x000000008a400000|  0%| F|  |TAMS 0x000000008a300000, 0x000000008a300000| Untracked 
| 136|0x000000008a400000, 0x000000008a400000, 0x000000008a500000|  0%| F|  |TAMS 0x000000008a400000, 0x000000008a400000| Untracked 
| 137|0x000000008a500000, 0x000000008a500000, 0x000000008a600000|  0%| F|  |TAMS 0x000000008a500000, 0x000000008a500000| Untracked 
| 138|0x000000008a600000, 0x000000008a600000, 0x000000008a700000|  0%| F|  |TAMS 0x000000008a600000, 0x000000008a600000| Untracked 
| 139|0x000000008a700000, 0x000000008a700000, 0x000000008a800000|  0%| F|  |TAMS 0x000000008a700000, 0x000000008a700000| Untracked 
| 140|0x000000008a800000, 0x000000008a800000, 0x000000008a900000|  0%| F|  |TAMS 0x000000008a800000, 0x000000008a800000| Untracked 
| 141|0x000000008a900000, 0x000000008a900000, 0x000000008aa00000|  0%| F|  |TAMS 0x000000008a900000, 0x000000008a900000| Untracked 
| 142|0x000000008aa00000, 0x000000008aa00000, 0x000000008ab00000|  0%| F|  |TAMS 0x000000008aa00000, 0x000000008aa00000| Untracked 
| 143|0x000000008ab00000, 0x000000008ab00000, 0x000000008ac00000|  0%| F|  |TAMS 0x000000008ab00000, 0x000000008ab00000| Untracked 
| 144|0x000000008ac00000, 0x000000008ac963a0, 0x000000008ad00000| 58%| S|CS|TAMS 0x000000008ac00000, 0x000000008ac00000| Complete 
| 145|0x000000008ad00000, 0x000000008ae00000, 0x000000008ae00000|100%| S|CS|TAMS 0x000000008ad00000, 0x000000008ad00000| Complete 
| 146|0x000000008ae00000, 0x000000008af00000, 0x000000008af00000|100%| S|CS|TAMS 0x000000008ae00000, 0x000000008ae00000| Complete 
| 147|0x000000008af00000, 0x000000008b000000, 0x000000008b000000|100%| S|CS|TAMS 0x000000008af00000, 0x000000008af00000| Complete 
| 148|0x000000008b000000, 0x000000008b100000, 0x000000008b100000|100%| S|CS|TAMS 0x000000008b000000, 0x000000008b000000| Complete 
| 149|0x000000008b100000, 0x000000008b200000, 0x000000008b200000|100%| S|CS|TAMS 0x000000008b100000, 0x000000008b100000| Complete 
| 150|0x000000008b200000, 0x000000008b200000, 0x000000008b300000|  0%| F|  |TAMS 0x000000008b200000, 0x000000008b200000| Untracked 
| 151|0x000000008b300000, 0x000000008b300000, 0x000000008b400000|  0%| F|  |TAMS 0x000000008b300000, 0x000000008b300000| Untracked 
| 152|0x000000008b400000, 0x000000008b400000, 0x000000008b500000|  0%| F|  |TAMS 0x000000008b400000, 0x000000008b400000| Untracked 
| 153|0x000000008b500000, 0x000000008b500000, 0x000000008b600000|  0%| F|  |TAMS 0x000000008b500000, 0x000000008b500000| Untracked 

Card table byte_map: [0x000002b697bc0000,0x000002b697fc0000] _byte_map_base: 0x000002b6977b2000

Marking Bits (Prev, Next): (CMBitMap*) 0x000002b6fe6018e8, (CMBitMap*) 0x000002b6fe601920
 Prev Bits: [0x000002b6983c0000, 0x000002b69a350000)
 Next Bits: [0x000002b69a350000, 0x000002b69c2e0000)

Polling page: 0x000002b6fe690000

Metaspace:

Usage:
  Non-class:     31.13 MB capacity,    30.57 MB ( 98%) used,   456.77 KB (  1%) free+waste,   115.00 KB ( <1%) overhead. 
      Class:      4.63 MB capacity,     4.23 MB ( 91%) used,   357.41 KB (  8%) free+waste,    56.38 KB (  1%) overhead. 
       Both:     35.76 MB capacity,    34.80 MB ( 97%) used,   814.18 KB (  2%) free+waste,   171.38 KB ( <1%) overhead. 

Virtual space:
  Non-class space:       38.00 MB reserved,      31.17 MB ( 82%) committed 
      Class space:        1.00 GB reserved,       4.75 MB ( <1%) committed 
             Both:        1.04 GB reserved,      35.92 MB (  3%) committed 

Chunk freelists:
   Non-Class:  5.13 KB
       Class:  3.25 KB
        Both:  8.38 KB

CodeHeap 'non-profiled nmethods': size=238912Kb used=6118Kb max_used=6118Kb free=232793Kb
 bounds [0x000002b688960000, 0x000002b688f60000, 0x000002b6972b0000]
CodeHeap 'non-nmethods': size=6848Kb used=1163Kb max_used=1163Kb free=5684Kb
 bounds [0x000002b6882b0000, 0x000002b688520000, 0x000002b688960000]
 total_blobs=4235 nmethods=3698 adapters=426
 compilation: enabled
              stopped_count=0, restarted_count=0
 full_count=0

Compilation events (10 events):
Event: 8.067 Thread 0x000002b69e90b000 3712       1       java.util.ArrayList::add (65 bytes)
Event: 8.068 Thread 0x000002b69e90b000 nmethod 3712 0x000002b688f57790 code [0x000002b688f579a0, 0x000002b688f57e70]
Event: 8.114 Thread 0x000002b69e90b000 3713       1       java.lang.String::regionMatches (187 bytes)
Event: 8.116 Thread 0x000002b69e90b000 nmethod 3713 0x000002b688f58110 code [0x000002b688f582e0, 0x000002b688f586d8]
Event: 8.234 Thread 0x000002b69e90b000 3717       1       java.util.ArrayList::sort (45 bytes)
Event: 8.234 Thread 0x000002b69e90b000 nmethod 3717 0x000002b688f58f10 code [0x000002b688f590e0, 0x000002b688f592a0]
Event: 8.271 Thread 0x000002b69e90b000 3718       1       java.util.concurrent.atomic.AtomicReference::get (5 bytes)
Event: 8.271 Thread 0x000002b69e90b000 nmethod 3718 0x000002b688f59390 code [0x000002b688f59540, 0x000002b688f59658]
Event: 8.293 Thread 0x000002b69e90b000 3719       1       java.util.Calendar::internalGet (7 bytes)
Event: 8.294 Thread 0x000002b69e90b000 nmethod 3719 0x000002b688f59710 code [0x000002b688f598c0, 0x000002b688f599f8]

GC Heap History (10 events):
Event: 2.808 GC heap after
{Heap after GC invocations=5 (full 0):
 garbage-first heap   total 131072K, used 9001K [0x0000000081c00000, 0x0000000100000000)
  region size 1024K, 3 young (3072K), 3 survivors (3072K)
 Metaspace       used 20692K, capacity 21139K, committed 21296K, reserved 1069056K
  class space    used 2436K, capacity 2638K, committed 2688K, reserved 1048576K
}
Event: 3.377 GC heap before
{Heap before GC invocations=6 (full 0):
 garbage-first heap   total 131072K, used 66345K [0x0000000081c00000, 0x0000000100000000)
  region size 1024K, 60 young (61440K), 3 survivors (3072K)
 Metaspace       used 23423K, capacity 24000K, committed 24240K, reserved 1071104K
  class space    used 2806K, capacity 3038K, committed 3072K, reserved 1048576K
}
Event: 3.390 GC heap after
{Heap after GC invocations=7 (full 0):
 garbage-first heap   total 157696K, used 9887K [0x0000000081c00000, 0x0000000100000000)
  region size 1024K, 4 young (4096K), 4 survivors (4096K)
 Metaspace       used 23423K, capacity 24000K, committed 24240K, reserved 1071104K
  class space    used 2806K, capacity 3038K, committed 3072K, reserved 1048576K
}
Event: 5.429 GC heap before
{Heap before GC invocations=7 (full 0):
 garbage-first heap   total 157696K, used 80543K [0x0000000081c00000, 0x0000000100000000)
  region size 1024K, 73 young (74752K), 4 survivors (4096K)
 Metaspace       used 27236K, capacity 28036K, committed 28208K, reserved 1073152K
  class space    used 3388K, capacity 3678K, committed 3712K, reserved 1048576K
}
Event: 5.443 GC heap after
{Heap after GC invocations=8 (full 0):
 garbage-first heap   total 157696K, used 12731K [0x0000000081c00000, 0x0000000100000000)
  region size 1024K, 7 young (7168K), 7 survivors (7168K)
 Metaspace       used 27236K, capacity 28036K, committed 28208K, reserved 1073152K
  class space    used 3388K, capacity 3678K, committed 3712K, reserved 1048576K
}
Event: 7.479 GC heap before
{Heap before GC invocations=8 (full 0):
 garbage-first heap   total 157696K, used 90555K [0x0000000081c00000, 0x0000000100000000)
  region size 1024K, 84 young (86016K), 7 survivors (7168K)
 Metaspace       used 32390K, capacity 33367K, committed 33584K, reserved 1079296K
  class space    used 4026K, capacity 4424K, committed 4480K, reserved 1048576K
}
Event: 7.499 GC heap after
{Heap after GC invocations=9 (full 0):
 garbage-first heap   total 157696K, used 15974K [0x0000000081c00000, 0x0000000100000000)
  region size 1024K, 8 young (8192K), 8 survivors (8192K)
 Metaspace       used 32390K, capacity 33367K, committed 33584K, reserved 1079296K
  class space    used 4026K, capacity 4424K, committed 4480K, reserved 1048576K
}
Event: 8.184 GC heap before
{Heap before GC invocations=9 (full 0):
 garbage-first heap   total 157696K, used 69222K [0x0000000081c00000, 0x0000000100000000)
  region size 1024K, 62 young (63488K), 8 survivors (8192K)
 Metaspace       used 34717K, capacity 35785K, committed 35888K, reserved 1081344K
  class space    used 4245K, capacity 4677K, committed 4736K, reserved 1048576K
}
Event: 8.205 GC heap after
{Heap after GC invocations=10 (full 0):
 garbage-first heap   total 157696K, used 17747K [0x0000000081c00000, 0x0000000100000000)
  region size 1024K, 8 young (8192K), 8 survivors (8192K)
 Metaspace       used 34717K, capacity 35785K, committed 35888K, reserved 1081344K
  class space    used 4245K, capacity 4677K, committed 4736K, reserved 1048576K
}
Event: 8.304 GC heap before
{Heap before GC invocations=11 (full 0):
 garbage-first heap   total 157696K, used 20819K [0x0000000081c00000, 0x0000000100000000)
  region size 1024K, 12 young (12288K), 8 survivors (8192K)
 Metaspace       used 35635K, capacity 36621K, committed 36784K, reserved 1087488K
  class space    used 4328K, capacity 4742K, committed 4864K, reserved 1048576K
}

Deoptimization events (0 events):
No events

Classes redefined (0 events):
No events

Internal exceptions (10 events):
Event: 7.970 Thread 0x000002b69fc41000 Exception <a 'java/lang/ClassNotFoundException'{0x00000000887ba638}: com/zaxxer/hikari/HikariDataSourceCustomizer> (0x00000000887ba638) thrown at [t:/workspace/open/src/hotspot/share/classfile/systemDictionary.cpp, line 231]
Event: 7.975 Thread 0x000002b69fc41000 Exception <a 'java/lang/ClassNotFoundException'{0x00000000887f0cb0}: javax/sql/DataSourceCustomizer> (0x00000000887f0cb0) thrown at [t:/workspace/open/src/hotspot/share/classfile/systemDictionary.cpp, line 231]
Event: 7.977 Thread 0x000002b69fc41000 Exception <a 'java/lang/ClassNotFoundException'{0x00000000887fbf18}: javax/sql/CommonDataSourceCustomizer> (0x00000000887fbf18) thrown at [t:/workspace/open/src/hotspot/share/classfile/systemDictionary.cpp, line 231]
Event: 7.980 Thread 0x000002b69fc41000 Exception <a 'java/lang/ClassNotFoundException'{0x0000000088606a90}: java/sql/WrapperCustomizer> (0x0000000088606a90) thrown at [t:/workspace/open/src/hotspot/share/classfile/systemDictionary.cpp, line 231]
Event: 7.982 Thread 0x000002b69fc41000 Exception <a 'java/lang/ClassNotFoundException'{0x0000000088619440}: com/zaxxer/hikari/HikariConfigMXBeanCustomizer> (0x0000000088619440) thrown at [t:/workspace/open/src/hotspot/share/classfile/systemDictionary.cpp, line 231]
Event: 8.013 Thread 0x000002b69fc41000 Exception <a 'java/lang/ClassNotFoundException'{0x00000000886b90f8}: java/lang/ObjectCustomizer> (0x00000000886b90f8) thrown at [t:/workspace/open/src/hotspot/share/classfile/systemDictionary.cpp, line 231]
Event: 8.015 Thread 0x000002b69fc41000 Exception <a 'java/lang/ClassNotFoundException'{0x00000000886d10b8}: org/springframework/boot/autoconfigure/jdbc/DataSourceInitializerInvokerCustomizer> (0x00000000886d10b8) thrown at [t:/workspace/open/src/hotspot/share/classfile/systemDictionary.cpp, li
Event: 8.019 Thread 0x000002b69fc41000 Exception <a 'java/lang/ClassNotFoundException'{0x00000000886e83e0}: org/springframework/context/ApplicationListenerCustomizer> (0x00000000886e83e0) thrown at [t:/workspace/open/src/hotspot/share/classfile/systemDictionary.cpp, line 231]
Event: 8.021 Thread 0x000002b69fc41000 Exception <a 'java/lang/ClassNotFoundException'{0x00000000886ee1d0}: java/util/EventListenerCustomizer> (0x00000000886ee1d0) thrown at [t:/workspace/open/src/hotspot/share/classfile/systemDictionary.cpp, line 231]
Event: 8.022 Thread 0x000002b69fc41000 Exception <a 'java/lang/ClassNotFoundException'{0x0000000088500a08}: org/springframework/beans/factory/InitializingBeanCustomizer> (0x0000000088500a08) thrown at [t:/workspace/open/src/hotspot/share/classfile/systemDictionary.cpp, line 231]

Events (10 events):
Event: 8.295 loading class com/zaxxer/hikari/pool/ProxyFactory done
Event: 8.296 loading class com/zaxxer/hikari/pool/HikariProxyConnection
Event: 8.296 loading class com/zaxxer/hikari/pool/HikariProxyConnection done
Event: 8.297 loading class com/zaxxer/hikari/pool/ProxyConnection
Event: 8.297 loading class com/zaxxer/hikari/pool/ProxyConnection done
Event: 8.299 loading class org/h2/jdbc/JdbcDatabaseMetaData
Event: 8.299 loading class org/h2/jdbc/JdbcDatabaseMetaData done
Event: 8.302 loading class org/h2/jdbc/JdbcDatabaseMetaDataBackwardsCompat
Event: 8.302 loading class org/h2/jdbc/JdbcDatabaseMetaDataBackwardsCompat done
Event: 8.304 Executing VM operation: CollectForMetadataAllocation


Dynamic libraries:
0x00007ff748fc0000 - 0x00007ff749007000 	C:\Program Files\Java\jdk-11.0.6\bin\java.exe
0x00007ffe24dc0000 - 0x00007ffe24fb0000 	C:\WINDOWS\SYSTEM32\ntdll.dll
0x00007ffe24cb0000 - 0x00007ffe24d62000 	C:\WINDOWS\System32\KERNEL32.DLL
0x00007ffe22170000 - 0x00007ffe22413000 	C:\WINDOWS\System32\KERNELBASE.dll
0x00007ffe23b30000 - 0x00007ffe23bd3000 	C:\WINDOWS\System32\ADVAPI32.dll
0x00007ffe24c10000 - 0x00007ffe24cae000 	C:\WINDOWS\System32\msvcrt.dll
0x00007ffe24ae0000 - 0x00007ffe24b77000 	C:\WINDOWS\System32\sechost.dll
0x00007ffe242d0000 - 0x00007ffe243f0000 	C:\WINDOWS\System32\RPCRT4.dll
0x00007ffe22ef0000 - 0x00007ffe23084000 	C:\WINDOWS\System32\USER32.dll
0x00007ffe22e40000 - 0x00007ffe22e61000 	C:\WINDOWS\System32\win32u.dll
0x00007ffe24b80000 - 0x00007ffe24ba6000 	C:\WINDOWS\System32\GDI32.dll
0x00007ffe21ef0000 - 0x00007ffe22084000 	C:\WINDOWS\System32\gdi32full.dll
0x00007ffe22c50000 - 0x00007ffe22cee000 	C:\WINDOWS\System32\msvcp_win.dll
0x00007ffe21dd0000 - 0x00007ffe21eca000 	C:\WINDOWS\System32\ucrtbase.dll
0x00007ffe13650000 - 0x00007ffe138d5000 	C:\WINDOWS\WinSxS\amd64_microsoft.windows.common-controls_6595b64144ccf1df_6.0.18362.778_none_e6c6b761130d4fb8\COMCTL32.dll
0x00007ffe19d30000 - 0x00007ffe19d3a000 	C:\WINDOWS\SYSTEM32\VERSION.dll
0x00007ffe23130000 - 0x00007ffe23466000 	C:\WINDOWS\System32\combase.dll
0x00007ffe220f0000 - 0x00007ffe22170000 	C:\WINDOWS\System32\bcryptPrimitives.dll
0x00007ffe23100000 - 0x00007ffe2312e000 	C:\WINDOWS\System32\IMM32.DLL
0x00007ffe15490000 - 0x00007ffe154a6000 	C:\Program Files\Java\jdk-11.0.6\bin\vcruntime140.dll
0x00007ffdf5ea0000 - 0x00007ffdf5f4a000 	C:\Program Files\Java\jdk-11.0.6\bin\msvcp140.dll
0x00007ffdd19f0000 - 0x00007ffdd2519000 	C:\Program Files\Java\jdk-11.0.6\bin\server\jvm.dll
0x00007ffe24d70000 - 0x00007ffe24d78000 	C:\WINDOWS\System32\PSAPI.DLL
0x00007ffe1ddf0000 - 0x00007ffe1de14000 	C:\WINDOWS\SYSTEM32\WINMM.dll
0x00007ffe0f450000 - 0x00007ffe0f459000 	C:\WINDOWS\SYSTEM32\WSOCK32.dll
0x00007ffe23090000 - 0x00007ffe230ff000 	C:\WINDOWS\System32\WS2_32.dll
0x00007ffe1dc80000 - 0x00007ffe1dcad000 	C:\WINDOWS\SYSTEM32\WINMMBASE.dll
0x00007ffe22e70000 - 0x00007ffe22eba000 	C:\WINDOWS\System32\cfgmgr32.dll
0x00007ffe21d10000 - 0x00007ffe21d21000 	C:\WINDOWS\System32\kernel.appcore.dll
0x00007ffe04b10000 - 0x00007ffe04b21000 	C:\Program Files\Java\jdk-11.0.6\bin\verify.dll
0x00007ffe205e0000 - 0x00007ffe207d4000 	C:\WINDOWS\SYSTEM32\DBGHELP.DLL
0x00007ffe0cea0000 - 0x00007ffe0ceca000 	C:\WINDOWS\SYSTEM32\dbgcore.DLL
0x00007ffdf5e70000 - 0x00007ffdf5e99000 	C:\Program Files\Java\jdk-11.0.6\bin\java.dll
0x00007ffdf1d00000 - 0x00007ffdf1d16000 	C:\Program Files\Java\jdk-11.0.6\bin\zip.dll
0x00007ffe04b00000 - 0x00007ffe04b0a000 	C:\Program Files\Java\jdk-11.0.6\bin\jimage.dll
0x00007ffe23be0000 - 0x00007ffe242c5000 	C:\WINDOWS\System32\SHELL32.dll
0x00007ffe23630000 - 0x00007ffe236d9000 	C:\WINDOWS\System32\shcore.dll
0x00007ffe22420000 - 0x00007ffe22ba0000 	C:\WINDOWS\System32\windows.storage.dll
0x00007ffe21d80000 - 0x00007ffe21da3000 	C:\WINDOWS\System32\profapi.dll
0x00007ffe21d30000 - 0x00007ffe21d7a000 	C:\WINDOWS\System32\powrprof.dll
0x00007ffe21d00000 - 0x00007ffe21d10000 	C:\WINDOWS\System32\UMPDC.dll
0x00007ffe236f0000 - 0x00007ffe23742000 	C:\WINDOWS\System32\shlwapi.dll
0x00007ffe21ed0000 - 0x00007ffe21ee7000 	C:\WINDOWS\System32\cryptsp.dll
0x00007ffdf0730000 - 0x00007ffdf0749000 	C:\Program Files\Java\jdk-11.0.6\bin\net.dll
0x00007ffe14ec0000 - 0x00007ffe14fb0000 	C:\WINDOWS\SYSTEM32\WINHTTP.dll
0x00007ffe21570000 - 0x00007ffe215d7000 	C:\WINDOWS\system32\mswsock.dll
0x00007ffdf1270000 - 0x00007ffdf1283000 	C:\Program Files\Java\jdk-11.0.6\bin\nio.dll
0x00007ffe04a80000 - 0x00007ffe04a89000 	C:\Program Files\Java\jdk-11.0.6\bin\management.dll
0x00007ffe04a70000 - 0x00007ffe04a7c000 	C:\Program Files\Java\jdk-11.0.6\bin\management_ext.dll
0x00007ffe095a0000 - 0x00007ffe095b6000 	C:\WINDOWS\system32\napinsp.dll
0x00007ffe09580000 - 0x00007ffe0959a000 	C:\WINDOWS\system32\pnrpnsp.dll
0x00007ffe212d0000 - 0x00007ffe2139a000 	C:\WINDOWS\SYSTEM32\DNSAPI.dll
0x00007ffe23470000 - 0x00007ffe23478000 	C:\WINDOWS\System32\NSI.dll
0x00007ffe21280000 - 0x00007ffe212ba000 	C:\WINDOWS\SYSTEM32\IPHLPAPI.DLL
0x00007ffe05730000 - 0x00007ffe0573e000 	C:\WINDOWS\System32\winrnr.dll
0x00007ffe1dc60000 - 0x00007ffe1dc7c000 	C:\WINDOWS\system32\NLAapi.dll
0x00007ffe05710000 - 0x00007ffe05725000 	C:\WINDOWS\system32\wshbth.dll
0x00007ffe13990000 - 0x00007ffe1399a000 	C:\Windows\System32\rasadhlp.dll
0x00007ffe15fe0000 - 0x00007ffe16057000 	C:\WINDOWS\System32\fwpuclnt.dll
0x00007ffe22ec0000 - 0x00007ffe22ee6000 	C:\WINDOWS\System32\bcrypt.dll
0x00007ffe210e0000 - 0x00007ffe21113000 	C:\WINDOWS\system32\rsaenh.dll
0x00007ffe21c20000 - 0x00007ffe21c45000 	C:\WINDOWS\SYSTEM32\USERENV.dll
0x00007ffe21740000 - 0x00007ffe2174c000 	C:\WINDOWS\SYSTEM32\CRYPTBASE.dll
0x00007ffe160c0000 - 0x00007ffe160d6000 	C:\WINDOWS\SYSTEM32\dhcpcsvc6.DLL
0x00007ffe19c40000 - 0x00007ffe19c5c000 	C:\WINDOWS\SYSTEM32\dhcpcsvc.DLL

dbghelp: loaded successfully - version: 4.0.5 - missing functions: none
symbol engine: initialized successfully - sym options: 0x614 - pdb path: .;C:\Program Files\Java\jdk-11.0.6\bin;C:\WINDOWS\SYSTEM32;C:\WINDOWS\WinSxS\amd64_microsoft.windows.common-controls_6595b64144ccf1df_6.0.18362.778_none_e6c6b761130d4fb8;C:\Program Files\Java\jdk-11.0.6\bin\server

VM Arguments:
jvm_args: -Xverify:none -XX:TieredStopAtLevel=1 
java_command: com.webcontroller.webcontroller.model.ReactandSpringDataRestApplication
java_class_path (initial): C:\Users\Dhanushguntha\Desktop\webcontroller\webcontroller\target\classes;C:\Users\Dhanushguntha\.m2\repository\org\springframework\boot\spring-boot-starter-data-jpa\2.2.5.RELEASE\spring-boot-starter-data-jpa-2.2.5.RELEASE.jar;C:\Users\Dhanushguntha\.m2\repository\org\springframework\boot\spring-boot-starter-aop\2.2.5.RELEASE\spring-boot-starter-aop-2.2.5.RELEASE.jar;C:\Users\Dhanushguntha\.m2\repository\org\springframework\spring-aop\5.2.4.RELEASE\spring-aop-5.2.4.RELEASE.jar;C:\Users\Dhanushguntha\.m2\repository\org\aspectj\aspectjweaver\1.9.5\aspectjweaver-1.9.5.jar;C:\Users\Dhanushguntha\.m2\repository\org\springframework\boot\spring-boot-starter-jdbc\2.2.5.RELEASE\spring-boot-starter-jdbc-2.2.5.RELEASE.jar;C:\Users\Dhanushguntha\.m2\repository\com\zaxxer\HikariCP\3.4.2\HikariCP-3.4.2.jar;C:\Users\Dhanushguntha\.m2\repository\org\springframework\spring-jdbc\5.2.4.RELEASE\spring-jdbc-5.2.4.RELEASE.jar;C:\Users\Dhanushguntha\.m2\repository\jakarta\activation\jakarta.activation-api\1.2.2\jakarta.activation-api-1.2.2.jar;C:\Users\Dhanushguntha\.m2\repository\jakarta\persistence\jakarta.persistence-api\2.2.3\jakarta.persistence-api-2.2.3.jar;C:\Users\Dhanushguntha\.m2\repository\jakarta\transaction\jakarta.transaction-api\1.3.3\jakarta.transaction-api-1.3.3.jar;C:\Users\Dhanushguntha\.m2\repository\org\hibernate\hibernate-core\5.4.12.Final\hibernate-core-5.4.12.Final.jar;C:\Users\Dhanushguntha\.m2\repository\org\jboss\logging\jboss-logging\3.4.1.Final\jboss-logging-3.4.1.Final.jar;C:\Users\Dhanushguntha\.m2\repository\org\javassist\javassist\3.24.0-GA\javassist-3.24.0-GA.jar;C:\Users\Dhanushguntha\.m2\repository\net\bytebuddy\byte-buddy\1.10.8\byte-buddy-1.10.8.jar;C:\Users\Dhanushguntha\.m2\repository\antlr\antlr\2.7.7\antlr-2.7.7.jar;C:\Users\Dhanushguntha\.m2\repository\org\jboss\jandex\2.1.1.Final\jandex-2.1.1.Final.jar;C:\Users\Dhanushguntha\.m2\repository\com\fasterxml\classmate\1.5.1\classmate-1.5.1.jar;C:\Users\Dhanushguntha\.m2\r
Launcher Type: SUN_STANDARD

[Global flags]
     bool BytecodeVerificationLocal                = false                                     {product} {command line}
     bool BytecodeVerificationRemote               = false                                     {product} {command line}
     intx CICompilerCount                          = 3                                         {product} {ergonomic}
     uint ConcGCThreads                            = 1                                         {product} {ergonomic}
     uint G1ConcRefinementThreads                  = 4                                         {product} {ergonomic}
   size_t G1HeapRegionSize                         = 1048576                                   {product} {ergonomic}
    uintx GCDrainStackTargetSize                   = 64                                        {product} {ergonomic}
   size_t InitialHeapSize                          = 134217728                                 {product} {ergonomic}
   size_t MarkStackSize                            = 4194304                                   {product} {ergonomic}
   size_t MaxHeapSize                              = 2118123520                                {product} {ergonomic}
   size_t MaxNewSize                               = 1270874112                                {product} {ergonomic}
   size_t MinHeapDeltaBytes                        = 1048576                                   {product} {ergonomic}
    uintx NonNMethodCodeHeapSize                   = 6973028                                {pd product} {ergonomic}
    uintx NonProfiledCodeHeapSize                  = 244685212                              {pd product} {ergonomic}
    uintx ProfiledCodeHeapSize                     = 0                                      {pd product} {ergonomic}
    uintx ReservedCodeCacheSize                    = 251658240                              {pd product} {ergonomic}
     bool SegmentedCodeCache                       = true                                      {product} {ergonomic}
     intx TieredStopAtLevel                        = 1                                         {product} {command line}
     bool UseCompressedClassPointers               = true                                 {lp64_product} {ergonomic}
     bool UseCompressedOops                        = true                                 {lp64_product} {ergonomic}
     bool UseG1GC                                  = true                                      {product} {ergonomic}
     bool UseLargePagesIndividualAllocation        = false                                  {pd product} {ergonomic}

Logging:
Log output configuration:
 #0: stdout all=warning uptime,level,tags
 #1: stderr all=off uptime,level,tags

Environment Variables:
JAVA_HOME=C:\Program Files\Java\jdk-11.0.6
PATH=C:\Program Files (x86)\Intel\iCLS Client\;C:\Program Files\Intel\iCLS Client\;C:\windows\system32;C:\windows;C:\windows\System32\Wbem;C:\windows\System32\WindowsPowerShell\v1.0\;C:\Program Files (x86)\Intel\Intel(R) Management Engine Components\DAL;C:\Program Files\Intel\Intel(R) Management Engine Components\DAL;C:\Program Files (x86)\Intel\Intel(R) Management Engine Components\IPT;C:\Program Files\Intel\Intel(R) Management Engine Components\IPT;C:\Program Files (x86)\NVIDIA Corporation\PhysX\Common;C:\WINDOWS\system32;C:\WINDOWS;C:\WINDOWS\System32\Wbem;C:\WINDOWS\System32\WindowsPowerShell\v1.0\;C:\WINDOWS\System32\OpenSSH\;C:\Program Files\Intel\WiFi\bin\;C:\Program Files\Common Files\Intel\WirelessCommon\;C:\Program Files\Git\cmd;C:\Program Files (x86)\Yarn\bin\;C:\Program Files\NVIDIA Corporation\NVIDIA NvDLISR;C:\Program Files\nodejs;C:\ProgramData\chocolatey\bin;C:\Program Files\nodejs\;C:\opt\apache-maven-3.6.3\bin;C:\Program Files\Java\jdk-11.0.6\bin;C:\Users\Dhanushguntha\AppData\Local\Programs\Python\Python38\Scripts\;C:\Users\Dhanushguntha\AppData\Local\Programs\Python\Python38\;C:\Users\Dhanushguntha\anaconda3;C:\Users\Dhanushguntha\anaconda3\Library\mingw-w64\bin;C:\Users\Dhanushguntha\anaconda3\Library\usr\bin;C:\Users\Dhanushguntha\anaconda3\Library\bin;C:\Users\Dhanushguntha\anaconda3\Scripts;C:\Users\Dhanushguntha\AppData\Local\Programs\Microsoft VS Code\bin;C:\Users\Dhanushguntha\AppData\Roaming\npm;
USERNAME=Dhanushguntha
OS=Windows_NT
PROCESSOR_IDENTIFIER=Intel64 Family 6 Model 142 Stepping 9, GenuineIntel



---------------  S Y S T E M  ---------------

OS: Windows 10 , 64 bit Build 18362 (10.0.18362.778)

CPU:total 4 (initial active 4) (2 cores per cpu, 2 threads per core) family 6 model 142 stepping 9, cmov, cx8, fxsr, mmx, sse, sse2, sse3, ssse3, sse4.1, sse4.2, popcnt, avx, avx2, aes, clmul, erms, 3dnowpref, lzcnt, ht, tsc, tscinvbit, bmi1, bmi2, adx, fma

Memory: 4k page, system-wide physical 8077M (1199M free)
TotalPageFile size 8077M (AvailPageFile size 4M)
current process WorkingSet (physical memory assigned to process): 190M, peak: 190M
current process commit charge ("private bytes"): 277M, peak: 308M

vm_info: Java HotSpot(TM) 64-Bit Server VM (11.0.6+8-LTS) for windows-amd64 JRE (11.0.6+8-LTS), built on Dec 11 2019 09:17:57 by "mach5one" with MS VC++ 15.5 (VS2017)

END.
