#
# There is insufficient memory for the Java Runtime Environment to continue.
# Native memory allocation (malloc) failed to allocate 773936 bytes for Chunk::new
# Possible reasons:
#   The system is out of physical RAM or swap space
#   The process is running with CompressedOops enabled, and the Java Heap may be blocking the growth of the native heap
# Possible solutions:
#   Reduce memory load on the system
#   Increase physical memory or swap space
#   Check if swap backing store is full
#   Decrease Java heap size (-Xmx/-Xms)
#   Decrease number of Java threads
#   Decrease Java thread stack sizes (-Xss)
#   Set larger code cache with -XX:ReservedCodeCacheSize=
#   JVM is running with Unscaled Compressed Oops mode in which the Java heap is
#     placed in the first 4GB address space. The Java Heap base address is the
#     maximum limit for the native heap growth. Please use -XX:HeapBaseMinAddress
#     to set the Java Heap base and to place the Java Heap above 4GB virtual address.
# This output file may be truncated or incomplete.
#
#  Out of Memory Error (t:/workspace/open/src/hotspot/share/memory/arena.cpp:197), pid=11060, tid=3984
#
# JRE version: Java(TM) SE Runtime Environment (11.0.6+8) (build 11.0.6+8-LTS)
# Java VM: Java HotSpot(TM) 64-Bit Server VM (11.0.6+8-LTS, mixed mode, tiered, compressed oops, g1 gc, windows-amd64)
# No core dump will be written. Minidumps are not enabled by default on client versions of Windows
#

---------------  S U M M A R Y ------------

Command Line: -Dmaven.multiModuleProjectDirectory=C:\Users\Dhanushguntha\Desktop\webcontroller\webcontroller -Dmaven.home=C:\Program Files\JetBrains\IntelliJ IDEA Community Edition 2019.3.4\plugins\maven\lib\maven3 -Dclassworlds.conf=C:\Program Files\JetBrains\IntelliJ IDEA Community Edition 2019.3.4\plugins\maven\lib\maven3\bin\m2.conf -Dmaven.ext.class.path=C:\Program Files\JetBrains\IntelliJ IDEA Community Edition 2019.3.4\plugins\maven\lib\maven-event-listener.jar -javaagent:C:\Program Files\JetBrains\IntelliJ IDEA Community Edition 2019.3.4\lib\idea_rt.jar=53808:C:\Program Files\JetBrains\IntelliJ IDEA Community Edition 2019.3.4\bin -Dfile.encoding=UTF-8 org.codehaus.classworlds.Launcher -Didea.version2019.3.4 spring-boot:run

Host: Intel(R) Core(TM) i5-7200U CPU @ 2.50GHz, 4 cores, 7G,  Windows 10 , 64 bit Build 18362 (10.0.18362.778)
Time: Mon Apr 27 12:53:03 2020 India Standard Time elapsed time: 9 seconds (0d 0h 0m 9s)

---------------  T H R E A D  ---------------

Current thread (0x000002c34b2ec800):  JavaThread "C2 CompilerThread0" daemon [_thread_in_native, id=3984, stack(0x000000ee6cd00000,0x000000ee6ce00000)]


Current CompileTask:
C2:   9002 2014   !   4       java.net.URL::<init> (543 bytes)

Stack: [0x000000ee6cd00000,0x000000ee6ce00000]
Native frames: (J=compiled Java code, j=interpreted, Vv=VM code, C=native code)
V  [jvm.dll+0x63679a]
V  [jvm.dll+0x7755bf]
V  [jvm.dll+0x776c65]
V  [jvm.dll+0x7772d3]
V  [jvm.dll+0x25e7f8]
V  [jvm.dll+0xc1c01]
V  [jvm.dll+0xc219c]
V  [jvm.dll+0x2cf424]
V  [jvm.dll+0x552d3f]
V  [jvm.dll+0x21a49f]
V  [jvm.dll+0x2173d6]
V  [jvm.dll+0x193a2c]
V  [jvm.dll+0x226544]
V  [jvm.dll+0x224b28]
V  [jvm.dll+0x73a9c5]
V  [jvm.dll+0x733905]
V  [jvm.dll+0x635846]
C  [ucrtbase.dll+0x20e72]
C  [KERNEL32.DLL+0x17bd4]
C  [ntdll.dll+0x6ce51]


---------------  P R O C E S S  ---------------

Threads class SMR info:
_java_thread_list=0x000002c34d510980, length=12, elements={
0x000002c32cf3b000, 0x000002c34b2d6800, 0x000002c34b2d7800, 0x000002c34bc52800,
0x000002c34b2ec000, 0x000002c34b2ec800, 0x000002c34b2f8800, 0x000002c34b300000,
0x000002c34b26b800, 0x000002c34beeb800, 0x000002c34bf4a000, 0x000002c34cede800
}

Java Threads: ( => current thread )
  0x000002c32cf3b000 JavaThread "main" [_thread_blocked, id=10852, stack(0x000000ee6c200000,0x000000ee6c300000)]
  0x000002c34b2d6800 JavaThread "Reference Handler" daemon [_thread_blocked, id=3876, stack(0x000000ee6c900000,0x000000ee6ca00000)]
  0x000002c34b2d7800 JavaThread "Finalizer" daemon [_thread_blocked, id=10284, stack(0x000000ee6ca00000,0x000000ee6cb00000)]
  0x000002c34bc52800 JavaThread "Signal Dispatcher" daemon [_thread_blocked, id=7484, stack(0x000000ee6cb00000,0x000000ee6cc00000)]
  0x000002c34b2ec000 JavaThread "Attach Listener" daemon [_thread_blocked, id=12176, stack(0x000000ee6cc00000,0x000000ee6cd00000)]
=>0x000002c34b2ec800 JavaThread "C2 CompilerThread0" daemon [_thread_in_native, id=3984, stack(0x000000ee6cd00000,0x000000ee6ce00000)]
  0x000002c34b2f8800 JavaThread "C1 CompilerThread0" daemon [_thread_in_native, id=11492, stack(0x000000ee6ce00000,0x000000ee6cf00000)]
  0x000002c34b300000 JavaThread "Sweeper thread" daemon [_thread_blocked, id=2756, stack(0x000000ee6cf00000,0x000000ee6d000000)]
  0x000002c34b26b800 JavaThread "Common-Cleaner" daemon [_thread_blocked, id=12800, stack(0x000000ee6d000000,0x000000ee6d100000)]
  0x000002c34beeb800 JavaThread "Monitor Ctrl-Break" daemon [_thread_in_native, id=13168, stack(0x000000ee6d100000,0x000000ee6d200000)]
  0x000002c34bf4a000 JavaThread "Service Thread" daemon [_thread_blocked, id=10460, stack(0x000000ee6d200000,0x000000ee6d300000)]
  0x000002c34cede800 JavaThread "C2 CompilerThread1" daemon [_thread_in_native, id=11616, stack(0x000000ee6d700000,0x000000ee6d800000)]

Other Threads:
  0x000002c34b2b0000 VMThread "VM Thread" [stack: 0x000000ee6c800000,0x000000ee6c900000] [id=9028]
  0x000002c34bf4f800 WatcherThread [stack: 0x000000ee6d300000,0x000000ee6d400000] [id=12512]
  0x000002c32cf50000 GCTaskThread "GC Thread#0" [stack: 0x000000ee6c300000,0x000000ee6c400000] [id=11688]
  0x000002c34cf08000 GCTaskThread "GC Thread#1" [stack: 0x000000ee6d400000,0x000000ee6d500000] [id=8396]
  0x000002c34cf09000 GCTaskThread "GC Thread#2" [stack: 0x000000ee6d500000,0x000000ee6d600000] [id=3120]
  0x000002c32cf7e800 ConcurrentGCThread "G1 Main Marker" [stack: 0x000000ee6c400000,0x000000ee6c500000] [id=4184]
  0x000002c32cf80000 ConcurrentGCThread "G1 Conc#0" [stack: 0x000000ee6c500000,0x000000ee6c600000] [id=11540]
  0x000002c32d007800 ConcurrentGCThread "G1 Refine#0" [stack: 0x000000ee6c600000,0x000000ee6c700000] [id=12360]
  0x000002c34bfdf000 ConcurrentGCThread "G1 Refine#1" [stack: 0x000000ee6d600000,0x000000ee6d700000] [id=8252]
  0x000002c34b120800 ConcurrentGCThread "G1 Young RemSet Sampling" [stack: 0x000000ee6c700000,0x000000ee6c800000] [id=6608]

Threads with active compile tasks:
C2 CompilerThread02014   !   4       java.net.URL::<init> (543 bytes)
C1 CompilerThread02099       3       org.apache.maven.model.io.xpp3.MavenXpp3ReaderEx::parseDependency (750 bytes)
C2 CompilerThread12089       4       org.codehaus.plexus.util.xml.pull.MXParser::nextImpl (1202 bytes)

VM state:at safepoint (normal execution)

VM Mutex/Monitor currently owned by a thread:  ([mutex/lock_event])
[0x000002c32cf37f80] Threads_lock - owner thread: 0x000002c34b2b0000
[0x000002c32cf38130] Heap_lock - owner thread: 0x000002c32cf3b000
[0x000002c32cf370e0] MethodData_lock - owner thread: 0x000002c32cf3b000

Heap address: 0x0000000081c00000, size: 2020 MB, Compressed Oops mode: 32-bit
Narrow klass base: 0x0000000000000000, Narrow klass shift: 3
Compressed class space size: 1073741824 Address: 0x0000000100000000

Heap:
 garbage-first heap   total 131072K, used 7533K [0x0000000081c00000, 0x0000000100000000)
  region size 1024K, 4 young (4096K), 4 survivors (4096K)
 Metaspace       used 20498K, capacity 20748K, committed 20864K, reserved 1075200K
  class space    used 2216K, capacity 2322K, committed 2432K, reserved 1048576K
Heap Regions: E=young(eden), S=young(survivor), O=old, HS=humongous(starts), HC=humongous(continues), CS=collection set, F=free, A=archive, TAMS=top-at-mark-start (previous, next)
|   0|0x0000000081c00000, 0x0000000081d00000, 0x0000000081d00000|100%| O|  |TAMS 0x0000000081c00000, 0x0000000081d00000| Untracked 
|   1|0x0000000081d00000, 0x0000000081e00000, 0x0000000081e00000|100%| O|  |TAMS 0x0000000081d00000, 0x0000000081e00000| Untracked 
|   2|0x0000000081e00000, 0x0000000081f00000, 0x0000000081f00000|100%| O|  |TAMS 0x0000000081e00000, 0x0000000081f00000| Untracked 
|   3|0x0000000081f00000, 0x0000000081f7ec00, 0x0000000082000000| 49%| O|  |TAMS 0x0000000081f00000, 0x0000000081f7ec00| Untracked 
|   4|0x0000000082000000, 0x0000000082000000, 0x0000000082100000|  0%| F|  |TAMS 0x0000000082000000, 0x0000000082000000| Untracked 
|   5|0x0000000082100000, 0x0000000082100000, 0x0000000082200000|  0%| F|  |TAMS 0x0000000082100000, 0x0000000082100000| Untracked 
|   6|0x0000000082200000, 0x0000000082200000, 0x0000000082300000|  0%| F|  |TAMS 0x0000000082200000, 0x0000000082200000| Untracked 
|   7|0x0000000082300000, 0x0000000082300000, 0x0000000082400000|  0%| F|  |TAMS 0x0000000082300000, 0x0000000082300000| Untracked 
|   8|0x0000000082400000, 0x0000000082400000, 0x0000000082500000|  0%| F|  |TAMS 0x0000000082400000, 0x0000000082400000| Untracked 
|   9|0x0000000082500000, 0x0000000082500000, 0x0000000082600000|  0%| F|  |TAMS 0x0000000082500000, 0x0000000082500000| Untracked 
|  10|0x0000000082600000, 0x0000000082600000, 0x0000000082700000|  0%| F|  |TAMS 0x0000000082600000, 0x0000000082600000| Untracked 
|  11|0x0000000082700000, 0x0000000082700000, 0x0000000082800000|  0%| F|  |TAMS 0x0000000082700000, 0x0000000082700000| Untracked 
|  12|0x0000000082800000, 0x0000000082800000, 0x0000000082900000|  0%| F|  |TAMS 0x0000000082800000, 0x0000000082800000| Untracked 
|  13|0x0000000082900000, 0x0000000082900000, 0x0000000082a00000|  0%| F|  |TAMS 0x0000000082900000, 0x0000000082900000| Untracked 
|  14|0x0000000082a00000, 0x0000000082a00000, 0x0000000082b00000|  0%| F|  |TAMS 0x0000000082a00000, 0x0000000082a00000| Untracked 
|  15|0x0000000082b00000, 0x0000000082b00000, 0x0000000082c00000|  0%| F|  |TAMS 0x0000000082b00000, 0x0000000082b00000| Untracked 
|  16|0x0000000082c00000, 0x0000000082c00000, 0x0000000082d00000|  0%| F|  |TAMS 0x0000000082c00000, 0x0000000082c00000| Untracked 
|  17|0x0000000082d00000, 0x0000000082d00000, 0x0000000082e00000|  0%| F|  |TAMS 0x0000000082d00000, 0x0000000082d00000| Untracked 
|  18|0x0000000082e00000, 0x0000000082e00000, 0x0000000082f00000|  0%| F|  |TAMS 0x0000000082e00000, 0x0000000082e00000| Untracked 
|  19|0x0000000082f00000, 0x0000000082f00000, 0x0000000083000000|  0%| F|  |TAMS 0x0000000082f00000, 0x0000000082f00000| Untracked 
|  20|0x0000000083000000, 0x0000000083000000, 0x0000000083100000|  0%| F|  |TAMS 0x0000000083000000, 0x0000000083000000| Untracked 
|  21|0x0000000083100000, 0x0000000083100000, 0x0000000083200000|  0%| F|  |TAMS 0x0000000083100000, 0x0000000083100000| Untracked 
|  22|0x0000000083200000, 0x0000000083200000, 0x0000000083300000|  0%| F|  |TAMS 0x0000000083200000, 0x0000000083200000| Untracked 
|  23|0x0000000083300000, 0x0000000083300000, 0x0000000083400000|  0%| F|  |TAMS 0x0000000083300000, 0x0000000083300000| Untracked 
|  24|0x0000000083400000, 0x0000000083400000, 0x0000000083500000|  0%| F|  |TAMS 0x0000000083400000, 0x0000000083400000| Untracked 
|  25|0x0000000083500000, 0x0000000083500000, 0x0000000083600000|  0%| F|  |TAMS 0x0000000083500000, 0x0000000083500000| Untracked 
|  26|0x0000000083600000, 0x0000000083600000, 0x0000000083700000|  0%| F|  |TAMS 0x0000000083600000, 0x0000000083600000| Untracked 
|  27|0x0000000083700000, 0x0000000083700000, 0x0000000083800000|  0%| F|  |TAMS 0x0000000083700000, 0x0000000083700000| Untracked 
|  28|0x0000000083800000, 0x0000000083800000, 0x0000000083900000|  0%| F|  |TAMS 0x0000000083800000, 0x0000000083800000| Untracked 
|  29|0x0000000083900000, 0x0000000083900000, 0x0000000083a00000|  0%| F|  |TAMS 0x0000000083900000, 0x0000000083900000| Untracked 
|  30|0x0000000083a00000, 0x0000000083a00000, 0x0000000083b00000|  0%| F|  |TAMS 0x0000000083a00000, 0x0000000083a00000| Untracked 
|  31|0x0000000083b00000, 0x0000000083b00000, 0x0000000083c00000|  0%| F|  |TAMS 0x0000000083b00000, 0x0000000083b00000| Untracked 
|  32|0x0000000083c00000, 0x0000000083c00000, 0x0000000083d00000|  0%| F|  |TAMS 0x0000000083c00000, 0x0000000083c00000| Untracked 
|  33|0x0000000083d00000, 0x0000000083d00000, 0x0000000083e00000|  0%| F|  |TAMS 0x0000000083d00000, 0x0000000083d00000| Untracked 
|  34|0x0000000083e00000, 0x0000000083e00000, 0x0000000083f00000|  0%| F|  |TAMS 0x0000000083e00000, 0x0000000083e00000| Untracked 
|  35|0x0000000083f00000, 0x0000000083f00000, 0x0000000084000000|  0%| F|  |TAMS 0x0000000083f00000, 0x0000000083f00000| Untracked 
|  36|0x0000000084000000, 0x0000000084000000, 0x0000000084100000|  0%| F|  |TAMS 0x0000000084000000, 0x0000000084000000| Untracked 
|  37|0x0000000084100000, 0x0000000084100000, 0x0000000084200000|  0%| F|  |TAMS 0x0000000084100000, 0x0000000084100000| Untracked 
|  38|0x0000000084200000, 0x0000000084200000, 0x0000000084300000|  0%| F|  |TAMS 0x0000000084200000, 0x0000000084200000| Untracked 
|  39|0x0000000084300000, 0x0000000084300000, 0x0000000084400000|  0%| F|  |TAMS 0x0000000084300000, 0x0000000084300000| Untracked 
|  40|0x0000000084400000, 0x0000000084400000, 0x0000000084500000|  0%| F|  |TAMS 0x0000000084400000, 0x0000000084400000| Untracked 
|  41|0x0000000084500000, 0x0000000084500000, 0x0000000084600000|  0%| F|  |TAMS 0x0000000084500000, 0x0000000084500000| Untracked 
|  42|0x0000000084600000, 0x0000000084600000, 0x0000000084700000|  0%| F|  |TAMS 0x0000000084600000, 0x0000000084600000| Untracked 
|  43|0x0000000084700000, 0x0000000084700000, 0x0000000084800000|  0%| F|  |TAMS 0x0000000084700000, 0x0000000084700000| Untracked 
|  44|0x0000000084800000, 0x0000000084800000, 0x0000000084900000|  0%| F|  |TAMS 0x0000000084800000, 0x0000000084800000| Untracked 
|  45|0x0000000084900000, 0x0000000084900000, 0x0000000084a00000|  0%| F|  |TAMS 0x0000000084900000, 0x0000000084900000| Untracked 
|  46|0x0000000084a00000, 0x0000000084a00000, 0x0000000084b00000|  0%| F|  |TAMS 0x0000000084a00000, 0x0000000084a00000| Untracked 
|  47|0x0000000084b00000, 0x0000000084b00000, 0x0000000084c00000|  0%| F|  |TAMS 0x0000000084b00000, 0x0000000084b00000| Untracked 
|  48|0x0000000084c00000, 0x0000000084c00000, 0x0000000084d00000|  0%| F|  |TAMS 0x0000000084c00000, 0x0000000084c00000| Untracked 
|  49|0x0000000084d00000, 0x0000000084d00000, 0x0000000084e00000|  0%| F|  |TAMS 0x0000000084d00000, 0x0000000084d00000| Untracked 
|  50|0x0000000084e00000, 0x0000000084e00000, 0x0000000084f00000|  0%| F|  |TAMS 0x0000000084e00000, 0x0000000084e00000| Untracked 
|  51|0x0000000084f00000, 0x0000000084f00000, 0x0000000085000000|  0%| F|  |TAMS 0x0000000084f00000, 0x0000000084f00000| Untracked 
|  52|0x0000000085000000, 0x0000000085000000, 0x0000000085100000|  0%| F|  |TAMS 0x0000000085000000, 0x0000000085000000| Untracked 
|  53|0x0000000085100000, 0x0000000085100000, 0x0000000085200000|  0%| F|  |TAMS 0x0000000085100000, 0x0000000085100000| Untracked 
|  54|0x0000000085200000, 0x0000000085200000, 0x0000000085300000|  0%| F|  |TAMS 0x0000000085200000, 0x0000000085200000| Untracked 
|  55|0x0000000085300000, 0x0000000085300000, 0x0000000085400000|  0%| F|  |TAMS 0x0000000085300000, 0x0000000085300000| Untracked 
|  56|0x0000000085400000, 0x0000000085400000, 0x0000000085500000|  0%| F|  |TAMS 0x0000000085400000, 0x0000000085400000| Untracked 
|  57|0x0000000085500000, 0x0000000085500000, 0x0000000085600000|  0%| F|  |TAMS 0x0000000085500000, 0x0000000085500000| Untracked 
|  58|0x0000000085600000, 0x0000000085600000, 0x0000000085700000|  0%| F|  |TAMS 0x0000000085600000, 0x0000000085600000| Untracked 
|  59|0x0000000085700000, 0x0000000085700000, 0x0000000085800000|  0%| F|  |TAMS 0x0000000085700000, 0x0000000085700000| Untracked 
|  60|0x0000000085800000, 0x0000000085800000, 0x0000000085900000|  0%| F|  |TAMS 0x0000000085800000, 0x0000000085800000| Untracked 
|  61|0x0000000085900000, 0x0000000085900000, 0x0000000085a00000|  0%| F|  |TAMS 0x0000000085900000, 0x0000000085900000| Untracked 
|  62|0x0000000085a00000, 0x0000000085a00000, 0x0000000085b00000|  0%| F|  |TAMS 0x0000000085a00000, 0x0000000085a00000| Untracked 
|  63|0x0000000085b00000, 0x0000000085b00000, 0x0000000085c00000|  0%| F|  |TAMS 0x0000000085b00000, 0x0000000085b00000| Untracked 
|  64|0x0000000085c00000, 0x0000000085c00000, 0x0000000085d00000|  0%| F|  |TAMS 0x0000000085c00000, 0x0000000085c00000| Untracked 
|  65|0x0000000085d00000, 0x0000000085d00000, 0x0000000085e00000|  0%| F|  |TAMS 0x0000000085d00000, 0x0000000085d00000| Untracked 
|  66|0x0000000085e00000, 0x0000000085e00000, 0x0000000085f00000|  0%| F|  |TAMS 0x0000000085e00000, 0x0000000085e00000| Untracked 
|  67|0x0000000085f00000, 0x0000000085f00000, 0x0000000086000000|  0%| F|  |TAMS 0x0000000085f00000, 0x0000000085f00000| Untracked 
|  68|0x0000000086000000, 0x0000000086000000, 0x0000000086100000|  0%| F|  |TAMS 0x0000000086000000, 0x0000000086000000| Untracked 
|  69|0x0000000086100000, 0x0000000086100000, 0x0000000086200000|  0%| F|  |TAMS 0x0000000086100000, 0x0000000086100000| Untracked 
|  70|0x0000000086200000, 0x0000000086200000, 0x0000000086300000|  0%| F|  |TAMS 0x0000000086200000, 0x0000000086200000| Untracked 
|  71|0x0000000086300000, 0x0000000086300000, 0x0000000086400000|  0%| F|  |TAMS 0x0000000086300000, 0x0000000086300000| Untracked 
|  72|0x0000000086400000, 0x0000000086400000, 0x0000000086500000|  0%| F|  |TAMS 0x0000000086400000, 0x0000000086400000| Untracked 
|  73|0x0000000086500000, 0x0000000086500000, 0x0000000086600000|  0%| F|  |TAMS 0x0000000086500000, 0x0000000086500000| Untracked 
|  74|0x0000000086600000, 0x0000000086600000, 0x0000000086700000|  0%| F|  |TAMS 0x0000000086600000, 0x0000000086600000| Untracked 
|  75|0x0000000086700000, 0x0000000086700000, 0x0000000086800000|  0%| F|  |TAMS 0x0000000086700000, 0x0000000086700000| Untracked 
|  76|0x0000000086800000, 0x0000000086800000, 0x0000000086900000|  0%| F|  |TAMS 0x0000000086800000, 0x0000000086800000| Untracked 
|  77|0x0000000086900000, 0x0000000086900000, 0x0000000086a00000|  0%| F|  |TAMS 0x0000000086900000, 0x0000000086900000| Untracked 
|  78|0x0000000086a00000, 0x0000000086a00000, 0x0000000086b00000|  0%| F|  |TAMS 0x0000000086a00000, 0x0000000086a00000| Untracked 
|  79|0x0000000086b00000, 0x0000000086b00000, 0x0000000086c00000|  0%| F|  |TAMS 0x0000000086b00000, 0x0000000086b00000| Untracked 
|  80|0x0000000086c00000, 0x0000000086c00000, 0x0000000086d00000|  0%| F|  |TAMS 0x0000000086c00000, 0x0000000086c00000| Untracked 
|  81|0x0000000086d00000, 0x0000000086d00000, 0x0000000086e00000|  0%| F|  |TAMS 0x0000000086d00000, 0x0000000086d00000| Untracked 
|  82|0x0000000086e00000, 0x0000000086e00000, 0x0000000086f00000|  0%| F|  |TAMS 0x0000000086e00000, 0x0000000086e00000| Untracked 
|  83|0x0000000086f00000, 0x0000000086f00000, 0x0000000087000000|  0%| F|  |TAMS 0x0000000086f00000, 0x0000000086f00000| Untracked 
|  84|0x0000000087000000, 0x0000000087000000, 0x0000000087100000|  0%| F|  |TAMS 0x0000000087000000, 0x0000000087000000| Untracked 
|  85|0x0000000087100000, 0x0000000087100000, 0x0000000087200000|  0%| F|  |TAMS 0x0000000087100000, 0x0000000087100000| Untracked 
|  86|0x0000000087200000, 0x0000000087200000, 0x0000000087300000|  0%| F|  |TAMS 0x0000000087200000, 0x0000000087200000| Untracked 
|  87|0x0000000087300000, 0x0000000087300000, 0x0000000087400000|  0%| F|  |TAMS 0x0000000087300000, 0x0000000087300000| Untracked 
|  88|0x0000000087400000, 0x00000000874dc840, 0x0000000087500000| 86%| S|CS|TAMS 0x0000000087400000, 0x0000000087400000| Complete 
|  89|0x0000000087500000, 0x0000000087600000, 0x0000000087600000|100%| S|CS|TAMS 0x0000000087500000, 0x0000000087500000| Complete 
|  90|0x0000000087600000, 0x0000000087700000, 0x0000000087700000|100%| S|CS|TAMS 0x0000000087600000, 0x0000000087600000| Complete 
|  91|0x0000000087700000, 0x0000000087800000, 0x0000000087800000|100%| S|CS|TAMS 0x0000000087700000, 0x0000000087700000| Complete 
|  92|0x0000000087800000, 0x0000000087800000, 0x0000000087900000|  0%| F|  |TAMS 0x0000000087800000, 0x0000000087800000| Untracked 
|  93|0x0000000087900000, 0x0000000087900000, 0x0000000087a00000|  0%| F|  |TAMS 0x0000000087900000, 0x0000000087900000| Untracked 
|  94|0x0000000087a00000, 0x0000000087a00000, 0x0000000087b00000|  0%| F|  |TAMS 0x0000000087a00000, 0x0000000087a00000| Untracked 
|  95|0x0000000087b00000, 0x0000000087b00000, 0x0000000087c00000|  0%| F|  |TAMS 0x0000000087b00000, 0x0000000087b00000| Untracked 
|  96|0x0000000087c00000, 0x0000000087c00000, 0x0000000087d00000|  0%| F|  |TAMS 0x0000000087c00000, 0x0000000087c00000| Untracked 
|  97|0x0000000087d00000, 0x0000000087d00000, 0x0000000087e00000|  0%| F|  |TAMS 0x0000000087d00000, 0x0000000087d00000| Untracked 
|  98|0x0000000087e00000, 0x0000000087e00000, 0x0000000087f00000|  0%| F|  |TAMS 0x0000000087e00000, 0x0000000087e00000| Untracked 
|  99|0x0000000087f00000, 0x0000000087f00000, 0x0000000088000000|  0%| F|  |TAMS 0x0000000087f00000, 0x0000000087f00000| Untracked 
| 100|0x0000000088000000, 0x0000000088000000, 0x0000000088100000|  0%| F|  |TAMS 0x0000000088000000, 0x0000000088000000| Untracked 
| 101|0x0000000088100000, 0x0000000088100000, 0x0000000088200000|  0%| F|  |TAMS 0x0000000088100000, 0x0000000088100000| Untracked 
| 102|0x0000000088200000, 0x0000000088200000, 0x0000000088300000|  0%| F|  |TAMS 0x0000000088200000, 0x0000000088200000| Untracked 
| 103|0x0000000088300000, 0x0000000088300000, 0x0000000088400000|  0%| F|  |TAMS 0x0000000088300000, 0x0000000088300000| Untracked 
| 104|0x0000000088400000, 0x0000000088400000, 0x0000000088500000|  0%| F|  |TAMS 0x0000000088400000, 0x0000000088400000| Untracked 
| 105|0x0000000088500000, 0x0000000088500000, 0x0000000088600000|  0%| F|  |TAMS 0x0000000088500000, 0x0000000088500000| Untracked 
| 106|0x0000000088600000, 0x0000000088600000, 0x0000000088700000|  0%| F|  |TAMS 0x0000000088600000, 0x0000000088600000| Untracked 
| 107|0x0000000088700000, 0x0000000088700000, 0x0000000088800000|  0%| F|  |TAMS 0x0000000088700000, 0x0000000088700000| Untracked 
| 108|0x0000000088800000, 0x0000000088800000, 0x0000000088900000|  0%| F|  |TAMS 0x0000000088800000, 0x0000000088800000| Untracked 
| 109|0x0000000088900000, 0x0000000088900000, 0x0000000088a00000|  0%| F|  |TAMS 0x0000000088900000, 0x0000000088900000| Untracked 
| 110|0x0000000088a00000, 0x0000000088a00000, 0x0000000088b00000|  0%| F|  |TAMS 0x0000000088a00000, 0x0000000088a00000| Untracked 
| 111|0x0000000088b00000, 0x0000000088b00000, 0x0000000088c00000|  0%| F|  |TAMS 0x0000000088b00000, 0x0000000088b00000| Untracked 
| 112|0x0000000088c00000, 0x0000000088c00000, 0x0000000088d00000|  0%| F|  |TAMS 0x0000000088c00000, 0x0000000088c00000| Untracked 
| 113|0x0000000088d00000, 0x0000000088d00000, 0x0000000088e00000|  0%| F|  |TAMS 0x0000000088d00000, 0x0000000088d00000| Untracked 
| 114|0x0000000088e00000, 0x0000000088e00000, 0x0000000088f00000|  0%| F|  |TAMS 0x0000000088e00000, 0x0000000088e00000| Untracked 
| 115|0x0000000088f00000, 0x0000000088f00000, 0x0000000089000000|  0%| F|  |TAMS 0x0000000088f00000, 0x0000000088f00000| Untracked 
| 116|0x0000000089000000, 0x0000000089000000, 0x0000000089100000|  0%| F|  |TAMS 0x0000000089000000, 0x0000000089000000| Untracked 
| 117|0x0000000089100000, 0x0000000089100000, 0x0000000089200000|  0%| F|  |TAMS 0x0000000089100000, 0x0000000089100000| Untracked 
| 118|0x0000000089200000, 0x0000000089200000, 0x0000000089300000|  0%| F|  |TAMS 0x0000000089200000, 0x0000000089200000| Untracked 
| 119|0x0000000089300000, 0x0000000089300000, 0x0000000089400000|  0%| F|  |TAMS 0x0000000089300000, 0x0000000089300000| Untracked 
| 120|0x0000000089400000, 0x0000000089400000, 0x0000000089500000|  0%| F|  |TAMS 0x0000000089400000, 0x0000000089400000| Untracked 
| 121|0x0000000089500000, 0x0000000089500000, 0x0000000089600000|  0%| F|  |TAMS 0x0000000089500000, 0x0000000089500000| Untracked 
| 122|0x0000000089600000, 0x0000000089600000, 0x0000000089700000|  0%| F|  |TAMS 0x0000000089600000, 0x0000000089600000| Untracked 
| 123|0x0000000089700000, 0x0000000089700000, 0x0000000089800000|  0%| F|  |TAMS 0x0000000089700000, 0x0000000089700000| Untracked 
| 124|0x0000000089800000, 0x0000000089800000, 0x0000000089900000|  0%| F|  |TAMS 0x0000000089800000, 0x0000000089800000| Untracked 
| 125|0x0000000089900000, 0x0000000089900000, 0x0000000089a00000|  0%| F|  |TAMS 0x0000000089900000, 0x0000000089900000| Untracked 
| 126|0x0000000089a00000, 0x0000000089a00000, 0x0000000089b00000|  0%| F|  |TAMS 0x0000000089a00000, 0x0000000089a00000| Untracked 
| 127|0x0000000089b00000, 0x0000000089b00000, 0x0000000089c00000|  0%| F|  |TAMS 0x0000000089b00000, 0x0000000089b00000| Untracked 

Card table byte_map: [0x000002c3446c0000,0x000002c344ac0000] _byte_map_base: 0x000002c3442b2000

Marking Bits (Prev, Next): (CMBitMap*) 0x000002c32cf75ef8, (CMBitMap*) 0x000002c32cf75f30
 Prev Bits: [0x000002c344ec0000, 0x000002c346e50000)
 Next Bits: [0x000002c346e50000, 0x000002c348de0000)

Polling page: 0x000002c32aef0000

Metaspace:

Usage:
  Non-class:     17.99 MB capacity,    17.85 MB (>99%) used,   120.23 KB ( <1%) free+waste,    23.63 KB ( <1%) overhead. 
      Class:      2.27 MB capacity,     2.16 MB ( 95%) used,    96.18 KB (  4%) free+waste,     9.63 KB ( <1%) overhead. 
       Both:     20.26 MB capacity,    20.02 MB ( 99%) used,   216.41 KB (  1%) free+waste,    33.25 KB ( <1%) overhead. 

Virtual space:
  Non-class space:       26.00 MB reserved,      18.00 MB ( 69%) committed 
      Class space:        1.00 GB reserved,       2.38 MB ( <1%) committed 
             Both:        1.03 GB reserved,      20.38 MB (  2%) committed 

Chunk freelists:
   Non-Class:  768 bytes
       Class:  1.75 KB
        Both:  2.50 KB

CodeHeap 'non-profiled nmethods': size=120064Kb used=810Kb max_used=810Kb free=119253Kb
 bounds [0x000002c33cd80000, 0x000002c33cff0000, 0x000002c3442c0000]
CodeHeap 'profiled nmethods': size=120000Kb used=4378Kb max_used=4378Kb free=115621Kb
 bounds [0x000002c335850000, 0x000002c335ca0000, 0x000002c33cd80000]
CodeHeap 'non-nmethods': size=5696Kb used=1105Kb max_used=1114Kb free=4591Kb
 bounds [0x000002c3352c0000, 0x000002c335530000, 0x000002c335850000]
 total_blobs=2973 nmethods=2093 adapters=332
 compilation: enabled
              stopped_count=0, restarted_count=0
 full_count=0

Compilation events (10 events):
Event: 8.958 Thread 0x000002c34b2f8800 2064   !   3       org.codehaus.plexus.util.xml.pull.MXParser::parseComment (486 bytes)
Event: 8.961 Thread 0x000002c34b2f8800 nmethod 2064 0x000002c335c7ef10 code [0x000002c335c7f380, 0x000002c335c81330]
Event: 8.961 Thread 0x000002c34b2f8800 2066       3       org.codehaus.plexus.util.xml.pull.MXParser::parseStartTag (1195 bytes)
Event: 8.970 Thread 0x000002c34b2f8800 nmethod 2066 0x000002c335c82110 code [0x000002c335c82d60, 0x000002c335c8a300]
Event: 8.970 Thread 0x000002c34b2f8800 2067       3       org.codehaus.plexus.util.xml.pull.MXParser::newString (11 bytes)
Event: 8.970 Thread 0x000002c34b2f8800 nmethod 2067 0x000002c335c8d190 code [0x000002c335c8d380, 0x000002c335c8d6c0]
Event: 8.970 Thread 0x000002c34b2f8800 2065       3       org.apache.maven.model.io.xpp3.MavenXpp3ReaderEx::checkFieldWithDuplicate (75 bytes)
Event: 8.971 Thread 0x000002c34b2f8800 nmethod 2065 0x000002c335c8d890 code [0x000002c335c8db80, 0x000002c335c8e7e0]
Event: 8.974 Thread 0x000002c34b2f8800 2068       3       java.util.regex.Matcher::groupCount (10 bytes)
Event: 8.974 Thread 0x000002c34b2f8800 nmethod 2068 0x000002c335c8ed10 code [0x000002c335c8eec0, 0x000002c335c8f038]

GC Heap History (6 events):
Event: 4.502 GC heap before
{Heap before GC invocations=0 (full 0):
 garbage-first heap   total 131072K, used 14336K [0x0000000081c00000, 0x0000000100000000)
  region size 1024K, 14 young (14336K), 0 survivors (0K)
 Metaspace       used 11466K, capacity 11676K, committed 12032K, reserved 1060864K
  class space    used 1078K, capacity 1171K, committed 1280K, reserved 1048576K
}
Event: 4.507 GC heap after
{Heap after GC invocations=1 (full 0):
 garbage-first heap   total 131072K, used 3407K [0x0000000081c00000, 0x0000000100000000)
  region size 1024K, 2 young (2048K), 2 survivors (2048K)
 Metaspace       used 11466K, capacity 11676K, committed 12032K, reserved 1060864K
  class space    used 1078K, capacity 1171K, committed 1280K, reserved 1048576K
}
Event: 5.034 GC heap before
{Heap before GC invocations=1 (full 0):
 garbage-first heap   total 131072K, used 7503K [0x0000000081c00000, 0x0000000100000000)
  region size 1024K, 6 young (6144K), 2 survivors (2048K)
 Metaspace       used 12378K, capacity 12636K, committed 12928K, reserved 1060864K
  class space    used 1193K, capacity 1299K, committed 1408K, reserved 1048576K
}
Event: 5.038 GC heap after
{Heap after GC invocations=2 (full 0):
 garbage-first heap   total 131072K, used 3813K [0x0000000081c00000, 0x0000000100000000)
  region size 1024K, 1 young (1024K), 1 survivors (1024K)
 Metaspace       used 12378K, capacity 12636K, committed 12928K, reserved 1060864K
  class space    used 1193K, capacity 1299K, committed 1408K, reserved 1048576K
}
Event: 7.606 GC heap before
{Heap before GC invocations=2 (full 0):
 garbage-first heap   total 131072K, used 26341K [0x0000000081c00000, 0x0000000100000000)
  region size 1024K, 23 young (23552K), 1 survivors (1024K)
 Metaspace       used 14985K, capacity 15234K, committed 15488K, reserved 1062912K
  class space    used 1539K, capacity 1628K, committed 1664K, reserved 1048576K
}
Event: 7.609 GC heap after
{Heap after GC invocations=3 (full 0):
 garbage-first heap   total 131072K, used 4534K [0x0000000081c00000, 0x0000000100000000)
  region size 1024K, 1 young (1024K), 1 survivors (1024K)
 Metaspace       used 14985K, capacity 15234K, committed 15488K, reserved 1062912K
  class space    used 1539K, capacity 1628K, committed 1664K, reserved 1048576K
}

Deoptimization events (10 events):
Event: 6.191 Thread 0x000002c32cf3b000 Uncommon trap: reason=unstable_if action=reinterpret pc=0x000002c33cdd9af4 method=sun.nio.cs.StreamDecoder.implRead([CII)I @ 197 c2
Event: 6.192 Thread 0x000002c32cf3b000 Uncommon trap: reason=unstable_if action=reinterpret pc=0x000002c33cddd5cc method=java.io.Reader.read()I @ 12 c2
Event: 6.306 Thread 0x000002c32cf3b000 Uncommon trap: reason=unstable_if action=reinterpret pc=0x000002c33cdea3c0 method=org.codehaus.plexus.util.xml.pull.MXParser.nextImpl()I @ 200 c2
Event: 6.510 Thread 0x000002c32cf3b000 Uncommon trap: reason=unstable_if action=reinterpret pc=0x000002c33cde06f0 method=sun.nio.cs.StreamDecoder.read0()I @ 39 c2
Event: 6.510 Thread 0x000002c32cf3b000 Uncommon trap: reason=unstable_if action=reinterpret pc=0x000002c33cdddcfc method=java.io.Reader.read()I @ 12 c2
Event: 6.516 Thread 0x000002c32cf3b000 Uncommon trap: reason=unstable_if action=reinterpret pc=0x000002c33cded720 method=org.codehaus.plexus.util.xml.pull.MXParser.nextImpl()I @ 241 c2
Event: 6.604 Thread 0x000002c32cf3b000 Uncommon trap: reason=unstable_if action=reinterpret pc=0x000002c33cde53a4 method=sun.nio.cs.StreamDecoder.read0()I @ 39 c2
Event: 8.872 Thread 0x000002c32cf3b000 Uncommon trap: reason=unstable_if action=reinterpret pc=0x000002c33cdf8c64 method=org.codehaus.plexus.util.xml.pull.MXParser.parseStartTag()I @ 443 c2
Event: 8.956 Thread 0x000002c32cf3b000 Uncommon trap: reason=unstable_if action=reinterpret pc=0x000002c33cdadd88 method=java.lang.AbstractStringBuilder.append(Ljava/lang/String;)Ljava/lang/AbstractStringBuilder; @ 1 c2
Event: 8.956 Thread 0x000002c32cf3b000 Uncommon trap: reason=unstable_if action=reinterpret pc=0x000002c33cdc3780 method=java.lang.AbstractStringBuilder.append(Ljava/lang/String;)Ljava/lang/AbstractStringBuilder; @ 1 c2

Classes redefined (0 events):
No events

Internal exceptions (8 events):
Event: 1.574 Thread 0x000002c32cf3b000 Exception <a 'java/lang/NoSuchMethodError'{0x00000000897ca590}: java.lang.invoke.DirectMethodHandle$Holder.invokeSpecialIFC(Ljava/lang/Object;Ljava/lang/Object;I)I> (0x00000000897ca590) thrown at [t:/workspace/open/src/hotspot/share/interpreter/linkResolv
Event: 1.855 Thread 0x000002c32cf3b000 Exception <a 'java/lang/NoSuchMethodError'{0x0000000089516700}: java.lang.invoke.DirectMethodHandle$Holder.invokeStaticInit(Ljava/lang/Object;IIII)Ljava/lang/Object;> (0x0000000089516700) thrown at [t:/workspace/open/src/hotspot/share/interpreter/linkReso
Event: 3.956 Thread 0x000002c32cf3b000 Exception <a 'java/lang/NoSuchMethodError'{0x00000000895ad378}: java.lang.invoke.DirectMethodHandle$Holder.invokeStaticInit(Ljava/lang/Object;Ljava/lang/Object;IIII)Ljava/lang/Object;> (0x00000000895ad378) thrown at [t:/workspace/open/src/hotspot/share/in
Event: 8.764 Thread 0x000002c32cf3b000 Exception <a 'java/lang/NoClassDefFoundError'{0x00000000883274f8}: com/google/inject/servlet/ServletModuleTargetVisitor> (0x00000000883274f8) thrown at [t:/workspace/open/src/hotspot/share/classfile/systemDictionary.cpp, line 220]
Event: 8.764 Thread 0x000002c32cf3b000 Exception <a 'java/lang/NoClassDefFoundError'{0x00000000883274f8}> (0x00000000883274f8) thrown at [t:/workspace/open/src/hotspot/share/prims/jvm.cpp, line 1300]
Event: 8.764 Thread 0x000002c32cf3b000 Exception <a 'java/lang/NoClassDefFoundError'{0x000000008832a7c8}: javax/annotation/Priority> (0x000000008832a7c8) thrown at [t:/workspace/open/src/hotspot/share/classfile/systemDictionary.cpp, line 220]
Event: 8.956 Thread 0x000002c32cf3b000 Implicit null exception at 0x000002c33cdad874 to 0x000002c33cdadd6e
Event: 8.956 Thread 0x000002c32cf3b000 Implicit null exception at 0x000002c33cdc3274 to 0x000002c33cdc3766

Events (10 events):
Event: 8.972 loading class org/apache/maven/project/ReactorModelPool$CacheKey
Event: 8.972 loading class org/apache/maven/project/ReactorModelPool$CacheKey done
Event: 8.972 loading class org/eclipse/aether/internal/impl/DefaultSyncContextFactory$DefaultSyncContext
Event: 8.972 loading class org/eclipse/aether/internal/impl/DefaultSyncContextFactory$DefaultSyncContext done
Event: 8.972 loading class org/eclipse/aether/RepositoryEvent$Builder
Event: 8.972 loading class org/eclipse/aether/RepositoryEvent$Builder done
Event: 8.973 loading class org/eclipse/aether/RepositoryEvent$EventType
Event: 8.973 loading class org/eclipse/aether/RepositoryEvent$EventType done
Event: 8.973 loading class org/eclipse/aether/internal/impl/DefaultRepositoryEventDispatcher$1
Event: 8.973 loading class org/eclipse/aether/internal/impl/DefaultRepositoryEventDispatcher$1 done


Dynamic libraries:
0x00007ff608800000 - 0x00007ff608847000 	C:\Program Files\Java\jdk-11.0.6\bin\java.exe
0x00007ffc4e880000 - 0x00007ffc4ea70000 	C:\WINDOWS\SYSTEM32\ntdll.dll
0x00007ffc4e420000 - 0x00007ffc4e4d2000 	C:\WINDOWS\System32\KERNEL32.DLL
0x00007ffc4ba60000 - 0x00007ffc4bd03000 	C:\WINDOWS\System32\KERNELBASE.dll
0x00007ffc4e720000 - 0x00007ffc4e7c3000 	C:\WINDOWS\System32\ADVAPI32.dll
0x00007ffc4e4e0000 - 0x00007ffc4e57e000 	C:\WINDOWS\System32\msvcrt.dll
0x00007ffc4cf10000 - 0x00007ffc4cfa7000 	C:\WINDOWS\System32\sechost.dll
0x00007ffc4da10000 - 0x00007ffc4db30000 	C:\WINDOWS\System32\RPCRT4.dll
0x00007ffc4e580000 - 0x00007ffc4e714000 	C:\WINDOWS\System32\USER32.dll
0x00007ffc4b870000 - 0x00007ffc4b891000 	C:\WINDOWS\System32\win32u.dll
0x00007ffc4cde0000 - 0x00007ffc4ce06000 	C:\WINDOWS\System32\GDI32.dll
0x00007ffc4b8c0000 - 0x00007ffc4ba54000 	C:\WINDOWS\System32\gdi32full.dll
0x00007ffc4bd70000 - 0x00007ffc4be0e000 	C:\WINDOWS\System32\msvcp_win.dll
0x00007ffc4c5c0000 - 0x00007ffc4c6ba000 	C:\WINDOWS\System32\ucrtbase.dll
0x00007ffc3d050000 - 0x00007ffc3d2d5000 	C:\WINDOWS\WinSxS\amd64_microsoft.windows.common-controls_6595b64144ccf1df_6.0.18362.778_none_e6c6b761130d4fb8\COMCTL32.dll
0x00007ffc4dba0000 - 0x00007ffc4ded6000 	C:\WINDOWS\System32\combase.dll
0x00007ffc43590000 - 0x00007ffc4359a000 	C:\WINDOWS\SYSTEM32\VERSION.dll
0x00007ffc4c6c0000 - 0x00007ffc4c740000 	C:\WINDOWS\System32\bcryptPrimitives.dll
0x00007ffc4ce10000 - 0x00007ffc4ce3e000 	C:\WINDOWS\System32\IMM32.DLL
0x00007ffc2bfc0000 - 0x00007ffc2bfd6000 	C:\Program Files\Java\jdk-11.0.6\bin\vcruntime140.dll
0x00007ffc23d40000 - 0x00007ffc23dea000 	C:\Program Files\Java\jdk-11.0.6\bin\msvcp140.dll
0x00007ffbf6860000 - 0x00007ffbf7389000 	C:\Program Files\Java\jdk-11.0.6\bin\server\jvm.dll
0x00007ffc4e7d0000 - 0x00007ffc4e7d8000 	C:\WINDOWS\System32\PSAPI.DLL
0x00007ffc38a70000 - 0x00007ffc38a79000 	C:\WINDOWS\SYSTEM32\WSOCK32.dll
0x00007ffc4db30000 - 0x00007ffc4db9f000 	C:\WINDOWS\System32\WS2_32.dll
0x00007ffc47660000 - 0x00007ffc47684000 	C:\WINDOWS\SYSTEM32\WINMM.dll
0x00007ffc47630000 - 0x00007ffc4765d000 	C:\WINDOWS\SYSTEM32\WINMMBASE.dll
0x00007ffc4c740000 - 0x00007ffc4c78a000 	C:\WINDOWS\System32\cfgmgr32.dll
0x00007ffc4b850000 - 0x00007ffc4b861000 	C:\WINDOWS\System32\kernel.appcore.dll
0x00007ffc2b5b0000 - 0x00007ffc2b5c1000 	C:\Program Files\Java\jdk-11.0.6\bin\verify.dll
0x00007ffc4a080000 - 0x00007ffc4a274000 	C:\WINDOWS\SYSTEM32\DBGHELP.DLL
0x00007ffc35c10000 - 0x00007ffc35c3a000 	C:\WINDOWS\SYSTEM32\dbgcore.DLL
0x00007ffc27f70000 - 0x00007ffc27f99000 	C:\Program Files\Java\jdk-11.0.6\bin\java.dll
0x00007ffc27f40000 - 0x00007ffc27f6f000 	C:\Program Files\Java\jdk-11.0.6\bin\instrument.dll
0x00007ffc2b4f0000 - 0x00007ffc2b506000 	C:\Program Files\Java\jdk-11.0.6\bin\zip.dll
0x00007ffc3a090000 - 0x00007ffc3a09a000 	C:\Program Files\Java\jdk-11.0.6\bin\jimage.dll
0x00007ffc4d2a0000 - 0x00007ffc4d985000 	C:\WINDOWS\System32\SHELL32.dll
0x00007ffc4cfb0000 - 0x00007ffc4d059000 	C:\WINDOWS\System32\shcore.dll
0x00007ffc4be40000 - 0x00007ffc4c5c0000 	C:\WINDOWS\System32\windows.storage.dll
0x00007ffc4b820000 - 0x00007ffc4b843000 	C:\WINDOWS\System32\profapi.dll
0x00007ffc4b7d0000 - 0x00007ffc4b81a000 	C:\WINDOWS\System32\powrprof.dll
0x00007ffc4b7a0000 - 0x00007ffc4b7b0000 	C:\WINDOWS\System32\UMPDC.dll
0x00007ffc4d060000 - 0x00007ffc4d0b2000 	C:\WINDOWS\System32\shlwapi.dll
0x00007ffc4b8a0000 - 0x00007ffc4b8b7000 	C:\WINDOWS\System32\cryptsp.dll
0x00007ffc27f20000 - 0x00007ffc27f39000 	C:\Program Files\Java\jdk-11.0.6\bin\net.dll
0x00007ffc3ebe0000 - 0x00007ffc3ecd0000 	C:\WINDOWS\SYSTEM32\WINHTTP.dll
0x00007ffc4b010000 - 0x00007ffc4b077000 	C:\WINDOWS\system32\mswsock.dll
0x00007ffc27eb0000 - 0x00007ffc27ec3000 	C:\Program Files\Java\jdk-11.0.6\bin\nio.dll
0x00007ffc27e90000 - 0x00007ffc27eaa000 	C:\Program Files\JetBrains\IntelliJ IDEA Community Edition 2019.3.4\bin\breakgen64.dll
0x00007ffc4ab80000 - 0x00007ffc4abb3000 	C:\WINDOWS\system32\rsaenh.dll
0x00007ffc4be10000 - 0x00007ffc4be36000 	C:\WINDOWS\System32\bcrypt.dll
0x00007ffc4b690000 - 0x00007ffc4b6b5000 	C:\WINDOWS\SYSTEM32\USERENV.dll
0x00007ffc4b1e0000 - 0x00007ffc4b1ec000 	C:\WINDOWS\SYSTEM32\CRYPTBASE.dll
0x00007ffc4ad20000 - 0x00007ffc4ad5a000 	C:\WINDOWS\SYSTEM32\IPHLPAPI.DLL
0x00007ffc4c990000 - 0x00007ffc4c998000 	C:\WINDOWS\System32\NSI.dll
0x00007ffc3fb10000 - 0x00007ffc3fb26000 	C:\WINDOWS\SYSTEM32\dhcpcsvc6.DLL
0x00007ffc40310000 - 0x00007ffc4032c000 	C:\WINDOWS\SYSTEM32\dhcpcsvc.DLL
0x00007ffc4adc0000 - 0x00007ffc4ae8a000 	C:\WINDOWS\SYSTEM32\DNSAPI.dll
0x00007ffc37140000 - 0x00007ffc3714a000 	C:\Users\Dhanushguntha\AppData\Local\Temp\jansi-1.17.1-8479360908999695765.dll
0x00007ffc35e70000 - 0x00007ffc35e7a000 	C:\Users\Dhanushguntha\AppData\Local\Temp\jansi-1.17.1-8386810257982477700.dll

dbghelp: loaded successfully - version: 4.0.5 - missing functions: none
symbol engine: initialized successfully - sym options: 0x614 - pdb path: .;C:\Program Files\Java\jdk-11.0.6\bin;C:\WINDOWS\SYSTEM32;C:\WINDOWS\WinSxS\amd64_microsoft.windows.common-controls_6595b64144ccf1df_6.0.18362.778_none_e6c6b761130d4fb8;C:\Program Files\Java\jdk-11.0.6\bin\server;C:\Program Files\JetBrains\IntelliJ IDEA Community Edition 2019.3.4\bin;C:\Users\Dhanushguntha\AppData\Local\Temp

VM Arguments:
jvm_args: -Dmaven.multiModuleProjectDirectory=C:\Users\Dhanushguntha\Desktop\webcontroller\webcontroller -Dmaven.home=C:\Program Files\JetBrains\IntelliJ IDEA Community Edition 2019.3.4\plugins\maven\lib\maven3 -Dclassworlds.conf=C:\Program Files\JetBrains\IntelliJ IDEA Community Edition 2019.3.4\plugins\maven\lib\maven3\bin\m2.conf -Dmaven.ext.class.path=C:\Program Files\JetBrains\IntelliJ IDEA Community Edition 2019.3.4\plugins\maven\lib\maven-event-listener.jar -javaagent:C:\Program Files\JetBrains\IntelliJ IDEA Community Edition 2019.3.4\lib\idea_rt.jar=53808:C:\Program Files\JetBrains\IntelliJ IDEA Community Edition 2019.3.4\bin -Dfile.encoding=UTF-8 
java_command: org.codehaus.classworlds.Launcher -Didea.version2019.3.4 spring-boot:run
java_class_path (initial): C:\Program Files\JetBrains\IntelliJ IDEA Community Edition 2019.3.4\plugins\maven\lib\maven3\boot\plexus-classworlds-2.6.0.jar
Launcher Type: SUN_STANDARD

[Global flags]
     intx CICompilerCount                          = 3                                         {product} {ergonomic}
     uint ConcGCThreads                            = 1                                         {product} {ergonomic}
     uint G1ConcRefinementThreads                  = 4                                         {product} {ergonomic}
   size_t G1HeapRegionSize                         = 1048576                                   {product} {ergonomic}
    uintx GCDrainStackTargetSize                   = 64                                        {product} {ergonomic}
   size_t InitialHeapSize                          = 134217728                                 {product} {ergonomic}
   size_t MarkStackSize                            = 4194304                                   {product} {ergonomic}
   size_t MaxHeapSize                              = 2118123520                                {product} {ergonomic}
   size_t MaxNewSize                               = 1270874112                                {product} {ergonomic}
   size_t MinHeapDeltaBytes                        = 1048576                                   {product} {ergonomic}
    uintx NonNMethodCodeHeapSize                   = 5830732                                {pd product} {ergonomic}
    uintx NonProfiledCodeHeapSize                  = 122913754                              {pd product} {ergonomic}
    uintx ProfiledCodeHeapSize                     = 122913754                              {pd product} {ergonomic}
    uintx ReservedCodeCacheSize                    = 251658240                              {pd product} {ergonomic}
     bool SegmentedCodeCache                       = true                                      {product} {ergonomic}
     bool UseCompressedClassPointers               = true                                 {lp64_product} {ergonomic}
     bool UseCompressedOops                        = true                                 {lp64_product} {ergonomic}
     bool UseG1GC                                  = true                                      {product} {ergonomic}
     bool UseLargePagesIndividualAllocation        = false                                  {pd product} {ergonomic}

Logging:
Log output configuration:
 #0: stdout all=warning uptime,level,tags
 #1: stderr all=off uptime,level,tags

Environment Variables:
JAVA_HOME=C:\Program Files\Java\jdk-11.0.6
PATH=C:\Program Files (x86)\Intel\iCLS Client\;C:\Program Files\Intel\iCLS Client\;C:\windows\system32;C:\windows;C:\windows\System32\Wbem;C:\windows\System32\WindowsPowerShell\v1.0\;C:\Program Files (x86)\Intel\Intel(R) Management Engine Components\DAL;C:\Program Files\Intel\Intel(R) Management Engine Components\DAL;C:\Program Files (x86)\Intel\Intel(R) Management Engine Components\IPT;C:\Program Files\Intel\Intel(R) Management Engine Components\IPT;C:\Program Files (x86)\NVIDIA Corporation\PhysX\Common;C:\WINDOWS\system32;C:\WINDOWS;C:\WINDOWS\System32\Wbem;C:\WINDOWS\System32\WindowsPowerShell\v1.0\;C:\WINDOWS\System32\OpenSSH\;C:\Program Files\Intel\WiFi\bin\;C:\Program Files\Common Files\Intel\WirelessCommon\;C:\Program Files\Git\cmd;C:\Program Files (x86)\Yarn\bin\;C:\Program Files\NVIDIA Corporation\NVIDIA NvDLISR;C:\Program Files\nodejs;C:\ProgramData\chocolatey\bin;C:\Program Files\nodejs\;C:\opt\apache-maven-3.6.3\bin;C:\Program Files\Java\jdk-11.0.6\bin;C:\Users\Dhanushguntha\AppData\Local\Programs\Python\Python38\Scripts\;C:\Users\Dhanushguntha\AppData\Local\Programs\Python\Python38\;C:\Users\Dhanushguntha\anaconda3;C:\Users\Dhanushguntha\anaconda3\Library\mingw-w64\bin;C:\Users\Dhanushguntha\anaconda3\Library\usr\bin;C:\Users\Dhanushguntha\anaconda3\Library\bin;C:\Users\Dhanushguntha\anaconda3\Scripts;C:\Users\Dhanushguntha\AppData\Local\Programs\Microsoft VS Code\bin;C:\Users\Dhanushguntha\AppData\Roaming\npm;
USERNAME=Dhanushguntha
OS=Windows_NT
PROCESSOR_IDENTIFIER=Intel64 Family 6 Model 142 Stepping 9, GenuineIntel



---------------  S Y S T E M  ---------------

OS: Windows 10 , 64 bit Build 18362 (10.0.18362.778)

CPU:total 4 (initial active 4) (2 cores per cpu, 2 threads per core) family 6 model 142 stepping 9, cmov, cx8, fxsr, mmx, sse, sse2, sse3, ssse3, sse4.1, sse4.2, popcnt, avx, avx2, aes, clmul, erms, 3dnowpref, lzcnt, ht, tsc, tscinvbit, bmi1, bmi2, adx, fma

Memory: 4k page, system-wide physical 8077M (998M free)
TotalPageFile size 8077M (AvailPageFile size 3M)
current process WorkingSet (physical memory assigned to process): 117M, peak: 117M
current process commit charge ("private bytes"): 234M, peak: 235M

vm_info: Java HotSpot(TM) 64-Bit Server VM (11.0.6+8-LTS) for windows-amd64 JRE (11.0.6+8-LTS), built on Dec 11 2019 09:17:57 by "mach5one" with MS VC++ 15.5 (VS2017)

END.
