#
# There is insufficient memory for the Java Runtime Environment to continue.
# Native memory allocation (malloc) failed to allocate 636016 bytes for Chunk::new
# Possible reasons:
#   The system is out of physical RAM or swap space
#   The process is running with CompressedOops enabled, and the Java Heap may be blocking the growth of the native heap
# Possible solutions:
#   Reduce memory load on the system
#   Increase physical memory or swap space
#   Check if swap backing store is full
#   Decrease Java heap size (-Xmx/-Xms)
#   Decrease number of Java threads
#   Decrease Java thread stack sizes (-Xss)
#   Set larger code cache with -XX:ReservedCodeCacheSize=
#   JVM is running with Unscaled Compressed Oops mode in which the Java heap is
#     placed in the first 4GB address space. The Java Heap base address is the
#     maximum limit for the native heap growth. Please use -XX:HeapBaseMinAddress
#     to set the Java Heap base and to place the Java Heap above 4GB virtual address.
# This output file may be truncated or incomplete.
#
#  Out of Memory Error (t:/workspace/open/src/hotspot/share/memory/arena.cpp:197), pid=7744, tid=12720
#
# JRE version: Java(TM) SE Runtime Environment (11.0.6+8) (build 11.0.6+8-LTS)
# Java VM: Java HotSpot(TM) 64-Bit Server VM (11.0.6+8-LTS, mixed mode, tiered, compressed oops, g1 gc, windows-amd64)
# No core dump will be written. Minidumps are not enabled by default on client versions of Windows
#

---------------  S U M M A R Y ------------

Command Line: -Dmaven.multiModuleProjectDirectory=C:\Users\Dhanushguntha\Desktop\webcontroller\webcontroller -Dmaven.home=C:\Program Files\JetBrains\IntelliJ IDEA Community Edition 2019.3.4\plugins\maven\lib\maven3 -Dclassworlds.conf=C:\Program Files\JetBrains\IntelliJ IDEA Community Edition 2019.3.4\plugins\maven\lib\maven3\bin\m2.conf -Dmaven.ext.class.path=C:\Program Files\JetBrains\IntelliJ IDEA Community Edition 2019.3.4\plugins\maven\lib\maven-event-listener.jar -javaagent:C:\Program Files\JetBrains\IntelliJ IDEA Community Edition 2019.3.4\lib\idea_rt.jar=58199:C:\Program Files\JetBrains\IntelliJ IDEA Community Edition 2019.3.4\bin -Dfile.encoding=UTF-8 org.codehaus.classworlds.Launcher -Didea.version2019.3.4 spring-boot:run

Host: Intel(R) Core(TM) i5-7200U CPU @ 2.50GHz, 4 cores, 7G,  Windows 10 , 64 bit Build 18362 (10.0.18362.329)
Time: Wed Apr 15 18:21:32 2020 India Standard Time elapsed time: 2 seconds (0d 0h 0m 2s)

---------------  T H R E A D  ---------------

Current thread (0x000001f7a2c7f800):  JavaThread "C2 CompilerThread0" daemon [_thread_in_native, id=12720, stack(0x0000001341900000,0x0000001341a00000)]


Current CompileTask:
C2:   2745 2023   !   4       java.net.URL::<init> (543 bytes)

Stack: [0x0000001341900000,0x0000001341a00000]
Native frames: (J=compiled Java code, j=interpreted, Vv=VM code, C=native code)
V  [jvm.dll+0x63679a]
V  [jvm.dll+0x7755bf]
V  [jvm.dll+0x776c65]
V  [jvm.dll+0x7772d3]
V  [jvm.dll+0x25e7f8]
V  [jvm.dll+0xc1c01]
V  [jvm.dll+0xc219c]
V  [jvm.dll+0x36d977]
V  [jvm.dll+0x1a8db9]
V  [jvm.dll+0x218462]
V  [jvm.dll+0x2174fa]
V  [jvm.dll+0x193a2c]
V  [jvm.dll+0x226544]
V  [jvm.dll+0x224b28]
V  [jvm.dll+0x73a9c5]
V  [jvm.dll+0x733905]
V  [jvm.dll+0x635846]
C  [ucrtbase.dll+0x20e72]
C  [KERNEL32.DLL+0x17bd4]
C  [ntdll.dll+0x6ced1]


---------------  P R O C E S S  ---------------

Threads class SMR info:
_java_thread_list=0x000001f7a3cd2290, length=12, elements={
0x000001f7848ca000, 0x000001f7a2c65800, 0x000001f7a2c6f000, 0x000001f7a35e2800,
0x000001f7a2c7c000, 0x000001f7a2c7f800, 0x000001f7a2c83000, 0x000001f7a2c8a800,
0x000001f7a2bfa800, 0x000001f7a3882000, 0x000001f7a3885800, 0x000001f7a3cbb000
}

Java Threads: ( => current thread )
  0x000001f7848ca000 JavaThread "main" [_thread_in_Java, id=13964, stack(0x0000001340e00000,0x0000001340f00000)]
  0x000001f7a2c65800 JavaThread "Reference Handler" daemon [_thread_blocked, id=13328, stack(0x0000001341500000,0x0000001341600000)]
  0x000001f7a2c6f000 JavaThread "Finalizer" daemon [_thread_blocked, id=2252, stack(0x0000001341600000,0x0000001341700000)]
  0x000001f7a35e2800 JavaThread "Signal Dispatcher" daemon [_thread_blocked, id=13236, stack(0x0000001341700000,0x0000001341800000)]
  0x000001f7a2c7c000 JavaThread "Attach Listener" daemon [_thread_blocked, id=12416, stack(0x0000001341800000,0x0000001341900000)]
=>0x000001f7a2c7f800 JavaThread "C2 CompilerThread0" daemon [_thread_in_native, id=12720, stack(0x0000001341900000,0x0000001341a00000)]
  0x000001f7a2c83000 JavaThread "C1 CompilerThread0" daemon [_thread_in_vm, id=2656, stack(0x0000001341a00000,0x0000001341b00000)]
  0x000001f7a2c8a800 JavaThread "Sweeper thread" daemon [_thread_blocked, id=13920, stack(0x0000001341b00000,0x0000001341c00000)]
  0x000001f7a2bfa800 JavaThread "Common-Cleaner" daemon [_thread_blocked, id=12404, stack(0x0000001341c00000,0x0000001341d00000)]
  0x000001f7a3882000 JavaThread "Monitor Ctrl-Break" daemon [_thread_in_native, id=2600, stack(0x0000001341d00000,0x0000001341e00000)]
  0x000001f7a3885800 JavaThread "Service Thread" daemon [_thread_blocked, id=14204, stack(0x0000001341e00000,0x0000001341f00000)]
  0x000001f7a3cbb000 JavaThread "C2 CompilerThread1" daemon [_thread_in_native, id=11576, stack(0x0000001342100000,0x0000001342200000)]

Other Threads:
  0x000001f7a2c3d800 VMThread "VM Thread" [stack: 0x0000001341400000,0x0000001341500000] [id=14020]
  0x000001f7a37b5000 WatcherThread [stack: 0x0000001341f00000,0x0000001342000000] [id=12036]
  0x000001f7848e1800 GCTaskThread "GC Thread#0" [stack: 0x0000001340f00000,0x0000001341000000] [id=2180]
  0x000001f7a3e95000 GCTaskThread "GC Thread#1" [stack: 0x0000001342000000,0x0000001342100000] [id=3456]
  0x000001f7a4113000 GCTaskThread "GC Thread#2" [stack: 0x0000001342200000,0x0000001342300000] [id=13216]
  0x000001f784912000 ConcurrentGCThread "G1 Main Marker" [stack: 0x0000001341000000,0x0000001341100000] [id=9228]
  0x000001f784913000 ConcurrentGCThread "G1 Conc#0" [stack: 0x0000001341100000,0x0000001341200000] [id=5116]
  0x000001f7a2ab0800 ConcurrentGCThread "G1 Refine#0" [stack: 0x0000001341200000,0x0000001341300000] [id=13668]
  0x000001f7a37c1800 ConcurrentGCThread "G1 Refine#1" [stack: 0x0000001342300000,0x0000001342400000] [id=7656]
  0x000001f7a2ab1800 ConcurrentGCThread "G1 Young RemSet Sampling" [stack: 0x0000001341300000,0x0000001341400000] [id=3708]

Threads with active compile tasks:
C2 CompilerThread02023   !   4       java.net.URL::<init> (543 bytes)
C1 CompilerThread02338       3       java.lang.reflect.AccessibleObject::checkCanSetAccessible (386 bytes)
C2 CompilerThread12278       4       org.eclipse.sisu.plexus.RealmFilteredBeans$FilteredItr::hasNext (81 bytes)

VM state:not at safepoint (normal execution)

VM Mutex/Monitor currently owned by a thread: None

Heap address: 0x0000000081c00000, size: 2020 MB, Compressed Oops mode: 32-bit
Narrow klass base: 0x0000000000000000, Narrow klass shift: 3
Compressed class space size: 1073741824 Address: 0x0000000100000000

Heap:
 garbage-first heap   total 131072K, used 39374K [0x0000000081c00000, 0x0000000100000000)
  region size 1024K, 37 young (37888K), 2 survivors (2048K)
 Metaspace       used 20755K, capacity 21103K, committed 21296K, reserved 1073152K
  class space    used 2230K, capacity 2355K, committed 2432K, reserved 1048576K
Heap Regions: E=young(eden), S=young(survivor), O=old, HS=humongous(starts), HC=humongous(continues), CS=collection set, F=free, A=archive, TAMS=top-at-mark-start (previous, next)
|   0|0x0000000081c00000, 0x0000000081d00000, 0x0000000081d00000|100%| O|  |TAMS 0x0000000081c00000, 0x0000000081c00000| Untracked 
|   1|0x0000000081d00000, 0x0000000081e00000, 0x0000000081e00000|100%| O|  |TAMS 0x0000000081d00000, 0x0000000081d00000| Untracked 
|   2|0x0000000081e00000, 0x0000000081f00000, 0x0000000081f00000|100%| O|  |TAMS 0x0000000081e00000, 0x0000000081e00000| Untracked 
|   3|0x0000000081f00000, 0x0000000081f5d400, 0x0000000082000000| 36%| O|  |TAMS 0x0000000081f00000, 0x0000000081f00000| Untracked 
|   4|0x0000000082000000, 0x0000000082000000, 0x0000000082100000|  0%| F|  |TAMS 0x0000000082000000, 0x0000000082000000| Untracked 
|   5|0x0000000082100000, 0x0000000082100000, 0x0000000082200000|  0%| F|  |TAMS 0x0000000082100000, 0x0000000082100000| Untracked 
|   6|0x0000000082200000, 0x0000000082200000, 0x0000000082300000|  0%| F|  |TAMS 0x0000000082200000, 0x0000000082200000| Untracked 
|   7|0x0000000082300000, 0x0000000082300000, 0x0000000082400000|  0%| F|  |TAMS 0x0000000082300000, 0x0000000082300000| Untracked 
|   8|0x0000000082400000, 0x0000000082400000, 0x0000000082500000|  0%| F|  |TAMS 0x0000000082400000, 0x0000000082400000| Untracked 
|   9|0x0000000082500000, 0x0000000082500000, 0x0000000082600000|  0%| F|  |TAMS 0x0000000082500000, 0x0000000082500000| Untracked 
|  10|0x0000000082600000, 0x0000000082600000, 0x0000000082700000|  0%| F|  |TAMS 0x0000000082600000, 0x0000000082600000| Untracked 
|  11|0x0000000082700000, 0x0000000082700000, 0x0000000082800000|  0%| F|  |TAMS 0x0000000082700000, 0x0000000082700000| Untracked 
|  12|0x0000000082800000, 0x0000000082800000, 0x0000000082900000|  0%| F|  |TAMS 0x0000000082800000, 0x0000000082800000| Untracked 
|  13|0x0000000082900000, 0x0000000082900000, 0x0000000082a00000|  0%| F|  |TAMS 0x0000000082900000, 0x0000000082900000| Untracked 
|  14|0x0000000082a00000, 0x0000000082a00000, 0x0000000082b00000|  0%| F|  |TAMS 0x0000000082a00000, 0x0000000082a00000| Untracked 
|  15|0x0000000082b00000, 0x0000000082b00000, 0x0000000082c00000|  0%| F|  |TAMS 0x0000000082b00000, 0x0000000082b00000| Untracked 
|  16|0x0000000082c00000, 0x0000000082c00000, 0x0000000082d00000|  0%| F|  |TAMS 0x0000000082c00000, 0x0000000082c00000| Untracked 
|  17|0x0000000082d00000, 0x0000000082d00000, 0x0000000082e00000|  0%| F|  |TAMS 0x0000000082d00000, 0x0000000082d00000| Untracked 
|  18|0x0000000082e00000, 0x0000000082e00000, 0x0000000082f00000|  0%| F|  |TAMS 0x0000000082e00000, 0x0000000082e00000| Untracked 
|  19|0x0000000082f00000, 0x0000000082f00000, 0x0000000083000000|  0%| F|  |TAMS 0x0000000082f00000, 0x0000000082f00000| Untracked 
|  20|0x0000000083000000, 0x0000000083000000, 0x0000000083100000|  0%| F|  |TAMS 0x0000000083000000, 0x0000000083000000| Untracked 
|  21|0x0000000083100000, 0x0000000083100000, 0x0000000083200000|  0%| F|  |TAMS 0x0000000083100000, 0x0000000083100000| Untracked 
|  22|0x0000000083200000, 0x0000000083200000, 0x0000000083300000|  0%| F|  |TAMS 0x0000000083200000, 0x0000000083200000| Untracked 
|  23|0x0000000083300000, 0x0000000083300000, 0x0000000083400000|  0%| F|  |TAMS 0x0000000083300000, 0x0000000083300000| Untracked 
|  24|0x0000000083400000, 0x0000000083400000, 0x0000000083500000|  0%| F|  |TAMS 0x0000000083400000, 0x0000000083400000| Untracked 
|  25|0x0000000083500000, 0x0000000083500000, 0x0000000083600000|  0%| F|  |TAMS 0x0000000083500000, 0x0000000083500000| Untracked 
|  26|0x0000000083600000, 0x0000000083600000, 0x0000000083700000|  0%| F|  |TAMS 0x0000000083600000, 0x0000000083600000| Untracked 
|  27|0x0000000083700000, 0x0000000083700000, 0x0000000083800000|  0%| F|  |TAMS 0x0000000083700000, 0x0000000083700000| Untracked 
|  28|0x0000000083800000, 0x0000000083800000, 0x0000000083900000|  0%| F|  |TAMS 0x0000000083800000, 0x0000000083800000| Untracked 
|  29|0x0000000083900000, 0x0000000083900000, 0x0000000083a00000|  0%| F|  |TAMS 0x0000000083900000, 0x0000000083900000| Untracked 
|  30|0x0000000083a00000, 0x0000000083a00000, 0x0000000083b00000|  0%| F|  |TAMS 0x0000000083a00000, 0x0000000083a00000| Untracked 
|  31|0x0000000083b00000, 0x0000000083b00000, 0x0000000083c00000|  0%| F|  |TAMS 0x0000000083b00000, 0x0000000083b00000| Untracked 
|  32|0x0000000083c00000, 0x0000000083c00000, 0x0000000083d00000|  0%| F|  |TAMS 0x0000000083c00000, 0x0000000083c00000| Untracked 
|  33|0x0000000083d00000, 0x0000000083d00000, 0x0000000083e00000|  0%| F|  |TAMS 0x0000000083d00000, 0x0000000083d00000| Untracked 
|  34|0x0000000083e00000, 0x0000000083e00000, 0x0000000083f00000|  0%| F|  |TAMS 0x0000000083e00000, 0x0000000083e00000| Untracked 
|  35|0x0000000083f00000, 0x0000000083f00000, 0x0000000084000000|  0%| F|  |TAMS 0x0000000083f00000, 0x0000000083f00000| Untracked 
|  36|0x0000000084000000, 0x0000000084000000, 0x0000000084100000|  0%| F|  |TAMS 0x0000000084000000, 0x0000000084000000| Untracked 
|  37|0x0000000084100000, 0x0000000084100000, 0x0000000084200000|  0%| F|  |TAMS 0x0000000084100000, 0x0000000084100000| Untracked 
|  38|0x0000000084200000, 0x0000000084200000, 0x0000000084300000|  0%| F|  |TAMS 0x0000000084200000, 0x0000000084200000| Untracked 
|  39|0x0000000084300000, 0x0000000084300000, 0x0000000084400000|  0%| F|  |TAMS 0x0000000084300000, 0x0000000084300000| Untracked 
|  40|0x0000000084400000, 0x0000000084400000, 0x0000000084500000|  0%| F|  |TAMS 0x0000000084400000, 0x0000000084400000| Untracked 
|  41|0x0000000084500000, 0x0000000084500000, 0x0000000084600000|  0%| F|  |TAMS 0x0000000084500000, 0x0000000084500000| Untracked 
|  42|0x0000000084600000, 0x0000000084600000, 0x0000000084700000|  0%| F|  |TAMS 0x0000000084600000, 0x0000000084600000| Untracked 
|  43|0x0000000084700000, 0x0000000084700000, 0x0000000084800000|  0%| F|  |TAMS 0x0000000084700000, 0x0000000084700000| Untracked 
|  44|0x0000000084800000, 0x0000000084800000, 0x0000000084900000|  0%| F|  |TAMS 0x0000000084800000, 0x0000000084800000| Untracked 
|  45|0x0000000084900000, 0x0000000084900000, 0x0000000084a00000|  0%| F|  |TAMS 0x0000000084900000, 0x0000000084900000| Untracked 
|  46|0x0000000084a00000, 0x0000000084a00000, 0x0000000084b00000|  0%| F|  |TAMS 0x0000000084a00000, 0x0000000084a00000| Untracked 
|  47|0x0000000084b00000, 0x0000000084b00000, 0x0000000084c00000|  0%| F|  |TAMS 0x0000000084b00000, 0x0000000084b00000| Untracked 
|  48|0x0000000084c00000, 0x0000000084c00000, 0x0000000084d00000|  0%| F|  |TAMS 0x0000000084c00000, 0x0000000084c00000| Untracked 
|  49|0x0000000084d00000, 0x0000000084d00000, 0x0000000084e00000|  0%| F|  |TAMS 0x0000000084d00000, 0x0000000084d00000| Untracked 
|  50|0x0000000084e00000, 0x0000000084e00000, 0x0000000084f00000|  0%| F|  |TAMS 0x0000000084e00000, 0x0000000084e00000| Untracked 
|  51|0x0000000084f00000, 0x0000000084f00000, 0x0000000085000000|  0%| F|  |TAMS 0x0000000084f00000, 0x0000000084f00000| Untracked 
|  52|0x0000000085000000, 0x0000000085000000, 0x0000000085100000|  0%| F|  |TAMS 0x0000000085000000, 0x0000000085000000| Untracked 
|  53|0x0000000085100000, 0x0000000085100000, 0x0000000085200000|  0%| F|  |TAMS 0x0000000085100000, 0x0000000085100000| Untracked 
|  54|0x0000000085200000, 0x0000000085200000, 0x0000000085300000|  0%| F|  |TAMS 0x0000000085200000, 0x0000000085200000| Untracked 
|  55|0x0000000085300000, 0x0000000085300000, 0x0000000085400000|  0%| F|  |TAMS 0x0000000085300000, 0x0000000085300000| Untracked 
|  56|0x0000000085400000, 0x0000000085400000, 0x0000000085500000|  0%| F|  |TAMS 0x0000000085400000, 0x0000000085400000| Untracked 
|  57|0x0000000085500000, 0x0000000085500000, 0x0000000085600000|  0%| F|  |TAMS 0x0000000085500000, 0x0000000085500000| Untracked 
|  58|0x0000000085600000, 0x0000000085600000, 0x0000000085700000|  0%| F|  |TAMS 0x0000000085600000, 0x0000000085600000| Untracked 
|  59|0x0000000085700000, 0x0000000085700000, 0x0000000085800000|  0%| F|  |TAMS 0x0000000085700000, 0x0000000085700000| Untracked 
|  60|0x0000000085800000, 0x0000000085800000, 0x0000000085900000|  0%| F|  |TAMS 0x0000000085800000, 0x0000000085800000| Untracked 
|  61|0x0000000085900000, 0x0000000085900000, 0x0000000085a00000|  0%| F|  |TAMS 0x0000000085900000, 0x0000000085900000| Untracked 
|  62|0x0000000085a00000, 0x0000000085a00000, 0x0000000085b00000|  0%| F|  |TAMS 0x0000000085a00000, 0x0000000085a00000| Untracked 
|  63|0x0000000085b00000, 0x0000000085b00000, 0x0000000085c00000|  0%| F|  |TAMS 0x0000000085b00000, 0x0000000085b00000| Untracked 
|  64|0x0000000085c00000, 0x0000000085c00000, 0x0000000085d00000|  0%| F|  |TAMS 0x0000000085c00000, 0x0000000085c00000| Untracked 
|  65|0x0000000085d00000, 0x0000000085d00000, 0x0000000085e00000|  0%| F|  |TAMS 0x0000000085d00000, 0x0000000085d00000| Untracked 
|  66|0x0000000085e00000, 0x0000000085e00000, 0x0000000085f00000|  0%| F|  |TAMS 0x0000000085e00000, 0x0000000085e00000| Untracked 
|  67|0x0000000085f00000, 0x0000000085f00000, 0x0000000086000000|  0%| F|  |TAMS 0x0000000085f00000, 0x0000000085f00000| Untracked 
|  68|0x0000000086000000, 0x0000000086000000, 0x0000000086100000|  0%| F|  |TAMS 0x0000000086000000, 0x0000000086000000| Untracked 
|  69|0x0000000086100000, 0x0000000086100000, 0x0000000086200000|  0%| F|  |TAMS 0x0000000086100000, 0x0000000086100000| Untracked 
|  70|0x0000000086200000, 0x0000000086200000, 0x0000000086300000|  0%| F|  |TAMS 0x0000000086200000, 0x0000000086200000| Untracked 
|  71|0x0000000086300000, 0x0000000086300000, 0x0000000086400000|  0%| F|  |TAMS 0x0000000086300000, 0x0000000086300000| Untracked 
|  72|0x0000000086400000, 0x0000000086400000, 0x0000000086500000|  0%| F|  |TAMS 0x0000000086400000, 0x0000000086400000| Untracked 
|  73|0x0000000086500000, 0x0000000086500000, 0x0000000086600000|  0%| F|  |TAMS 0x0000000086500000, 0x0000000086500000| Untracked 
|  74|0x0000000086600000, 0x0000000086600000, 0x0000000086700000|  0%| F|  |TAMS 0x0000000086600000, 0x0000000086600000| Untracked 
|  75|0x0000000086700000, 0x0000000086700000, 0x0000000086800000|  0%| F|  |TAMS 0x0000000086700000, 0x0000000086700000| Untracked 
|  76|0x0000000086800000, 0x0000000086800000, 0x0000000086900000|  0%| F|  |TAMS 0x0000000086800000, 0x0000000086800000| Untracked 
|  77|0x0000000086900000, 0x0000000086900000, 0x0000000086a00000|  0%| F|  |TAMS 0x0000000086900000, 0x0000000086900000| Untracked 
|  78|0x0000000086a00000, 0x0000000086a00000, 0x0000000086b00000|  0%| F|  |TAMS 0x0000000086a00000, 0x0000000086a00000| Untracked 
|  79|0x0000000086b00000, 0x0000000086b00000, 0x0000000086c00000|  0%| F|  |TAMS 0x0000000086b00000, 0x0000000086b00000| Untracked 
|  80|0x0000000086c00000, 0x0000000086c00000, 0x0000000086d00000|  0%| F|  |TAMS 0x0000000086c00000, 0x0000000086c00000| Untracked 
|  81|0x0000000086d00000, 0x0000000086d00000, 0x0000000086e00000|  0%| F|  |TAMS 0x0000000086d00000, 0x0000000086d00000| Untracked 
|  82|0x0000000086e00000, 0x0000000086e00000, 0x0000000086f00000|  0%| F|  |TAMS 0x0000000086e00000, 0x0000000086e00000| Untracked 
|  83|0x0000000086f00000, 0x0000000086f00000, 0x0000000087000000|  0%| F|  |TAMS 0x0000000086f00000, 0x0000000086f00000| Untracked 
|  84|0x0000000087000000, 0x0000000087000000, 0x0000000087100000|  0%| F|  |TAMS 0x0000000087000000, 0x0000000087000000| Untracked 
|  85|0x0000000087100000, 0x0000000087100000, 0x0000000087200000|  0%| F|  |TAMS 0x0000000087100000, 0x0000000087100000| Untracked 
|  86|0x0000000087200000, 0x0000000087200000, 0x0000000087300000|  0%| F|  |TAMS 0x0000000087200000, 0x0000000087200000| Untracked 
|  87|0x0000000087300000, 0x0000000087300000, 0x0000000087400000|  0%| F|  |TAMS 0x0000000087300000, 0x0000000087300000| Untracked 
|  88|0x0000000087400000, 0x0000000087400000, 0x0000000087500000|  0%| F|  |TAMS 0x0000000087400000, 0x0000000087400000| Untracked 
|  89|0x0000000087500000, 0x0000000087500000, 0x0000000087600000|  0%| F|  |TAMS 0x0000000087500000, 0x0000000087500000| Untracked 
|  90|0x0000000087600000, 0x0000000087600000, 0x0000000087700000|  0%| F|  |TAMS 0x0000000087600000, 0x0000000087600000| Untracked 
|  91|0x0000000087700000, 0x0000000087780800, 0x0000000087800000| 50%| E|  |TAMS 0x0000000087700000, 0x0000000087700000| Complete 
|  92|0x0000000087800000, 0x0000000087900000, 0x0000000087900000|100%| E|CS|TAMS 0x0000000087800000, 0x0000000087800000| Complete 
|  93|0x0000000087900000, 0x0000000087a00000, 0x0000000087a00000|100%| E|CS|TAMS 0x0000000087900000, 0x0000000087900000| Complete 
|  94|0x0000000087a00000, 0x0000000087b00000, 0x0000000087b00000|100%| E|CS|TAMS 0x0000000087a00000, 0x0000000087a00000| Complete 
|  95|0x0000000087b00000, 0x0000000087c00000, 0x0000000087c00000|100%| E|CS|TAMS 0x0000000087b00000, 0x0000000087b00000| Complete 
|  96|0x0000000087c00000, 0x0000000087d00000, 0x0000000087d00000|100%| E|CS|TAMS 0x0000000087c00000, 0x0000000087c00000| Complete 
|  97|0x0000000087d00000, 0x0000000087e00000, 0x0000000087e00000|100%| E|CS|TAMS 0x0000000087d00000, 0x0000000087d00000| Complete 
|  98|0x0000000087e00000, 0x0000000087f00000, 0x0000000087f00000|100%| E|CS|TAMS 0x0000000087e00000, 0x0000000087e00000| Complete 
|  99|0x0000000087f00000, 0x0000000088000000, 0x0000000088000000|100%| E|CS|TAMS 0x0000000087f00000, 0x0000000087f00000| Complete 
| 100|0x0000000088000000, 0x0000000088100000, 0x0000000088100000|100%| E|CS|TAMS 0x0000000088000000, 0x0000000088000000| Complete 
| 101|0x0000000088100000, 0x00000000881165c0, 0x0000000088200000|  8%| S|CS|TAMS 0x0000000088100000, 0x0000000088100000| Complete 
| 102|0x0000000088200000, 0x0000000088300000, 0x0000000088300000|100%| S|CS|TAMS 0x0000000088200000, 0x0000000088200000| Complete 
| 103|0x0000000088300000, 0x0000000088400000, 0x0000000088400000|100%| E|CS|TAMS 0x0000000088300000, 0x0000000088300000| Complete 
| 104|0x0000000088400000, 0x0000000088500000, 0x0000000088500000|100%| E|CS|TAMS 0x0000000088400000, 0x0000000088400000| Complete 
| 105|0x0000000088500000, 0x0000000088600000, 0x0000000088600000|100%| E|CS|TAMS 0x0000000088500000, 0x0000000088500000| Complete 
| 106|0x0000000088600000, 0x0000000088700000, 0x0000000088700000|100%| E|CS|TAMS 0x0000000088600000, 0x0000000088600000| Complete 
| 107|0x0000000088700000, 0x0000000088800000, 0x0000000088800000|100%| E|CS|TAMS 0x0000000088700000, 0x0000000088700000| Complete 
| 108|0x0000000088800000, 0x0000000088900000, 0x0000000088900000|100%| E|CS|TAMS 0x0000000088800000, 0x0000000088800000| Complete 
| 109|0x0000000088900000, 0x0000000088a00000, 0x0000000088a00000|100%| E|CS|TAMS 0x0000000088900000, 0x0000000088900000| Complete 
| 110|0x0000000088a00000, 0x0000000088b00000, 0x0000000088b00000|100%| E|CS|TAMS 0x0000000088a00000, 0x0000000088a00000| Complete 
| 111|0x0000000088b00000, 0x0000000088c00000, 0x0000000088c00000|100%| E|CS|TAMS 0x0000000088b00000, 0x0000000088b00000| Complete 
| 112|0x0000000088c00000, 0x0000000088d00000, 0x0000000088d00000|100%| E|CS|TAMS 0x0000000088c00000, 0x0000000088c00000| Complete 
| 113|0x0000000088d00000, 0x0000000088e00000, 0x0000000088e00000|100%| E|CS|TAMS 0x0000000088d00000, 0x0000000088d00000| Complete 
| 114|0x0000000088e00000, 0x0000000088f00000, 0x0000000088f00000|100%| E|CS|TAMS 0x0000000088e00000, 0x0000000088e00000| Complete 
| 115|0x0000000088f00000, 0x0000000089000000, 0x0000000089000000|100%| E|CS|TAMS 0x0000000088f00000, 0x0000000088f00000| Complete 
| 116|0x0000000089000000, 0x0000000089100000, 0x0000000089100000|100%| E|CS|TAMS 0x0000000089000000, 0x0000000089000000| Complete 
| 117|0x0000000089100000, 0x0000000089200000, 0x0000000089200000|100%| E|CS|TAMS 0x0000000089100000, 0x0000000089100000| Complete 
| 118|0x0000000089200000, 0x0000000089300000, 0x0000000089300000|100%| E|CS|TAMS 0x0000000089200000, 0x0000000089200000| Complete 
| 119|0x0000000089300000, 0x0000000089400000, 0x0000000089400000|100%| E|CS|TAMS 0x0000000089300000, 0x0000000089300000| Complete 
| 120|0x0000000089400000, 0x0000000089500000, 0x0000000089500000|100%| E|CS|TAMS 0x0000000089400000, 0x0000000089400000| Complete 
| 121|0x0000000089500000, 0x0000000089600000, 0x0000000089600000|100%| E|CS|TAMS 0x0000000089500000, 0x0000000089500000| Complete 
| 122|0x0000000089600000, 0x0000000089700000, 0x0000000089700000|100%| E|CS|TAMS 0x0000000089600000, 0x0000000089600000| Complete 
| 123|0x0000000089700000, 0x0000000089800000, 0x0000000089800000|100%| E|CS|TAMS 0x0000000089700000, 0x0000000089700000| Complete 
| 124|0x0000000089800000, 0x0000000089900000, 0x0000000089900000|100%| E|CS|TAMS 0x0000000089800000, 0x0000000089800000| Complete 
| 125|0x0000000089900000, 0x0000000089a00000, 0x0000000089a00000|100%| E|CS|TAMS 0x0000000089900000, 0x0000000089900000| Complete 
| 126|0x0000000089a00000, 0x0000000089b00000, 0x0000000089b00000|100%| E|CS|TAMS 0x0000000089a00000, 0x0000000089a00000| Complete 
| 127|0x0000000089b00000, 0x0000000089c00000, 0x0000000089c00000|100%| E|CS|TAMS 0x0000000089b00000, 0x0000000089b00000| Complete 

Card table byte_map: [0x000001f79c050000,0x000001f79c450000] _byte_map_base: 0x000001f79bc42000

Marking Bits (Prev, Next): (CMBitMap*) 0x000001f784909228, (CMBitMap*) 0x000001f784909260
 Prev Bits: [0x000001f79c850000, 0x000001f79e7e0000)
 Next Bits: [0x000001f79e7e0000, 0x000001f7a0770000)

Polling page: 0x000001f7827b0000

Metaspace:

Usage:
  Non-class:     18.31 MB capacity,    18.09 MB ( 99%) used,   198.69 KB (  1%) free+waste,    24.06 KB ( <1%) overhead. 
      Class:      2.30 MB capacity,     2.18 MB ( 95%) used,   114.67 KB (  5%) free+waste,     9.75 KB ( <1%) overhead. 
       Both:     20.61 MB capacity,    20.27 MB ( 98%) used,   313.36 KB (  1%) free+waste,    33.81 KB ( <1%) overhead. 

Virtual space:
  Non-class space:       24.00 MB reserved,      18.42 MB ( 77%) committed 
      Class space:        1.00 GB reserved,       2.38 MB ( <1%) committed 
             Both:        1.02 GB reserved,      20.80 MB (  2%) committed 

Chunk freelists:
   Non-Class:  512 bytes
       Class:  1.63 KB
        Both:  2.13 KB

CodeHeap 'non-profiled nmethods': size=120064Kb used=896Kb max_used=896Kb free=119167Kb
 bounds [0x000001f794710000, 0x000001f794980000, 0x000001f79bc50000]
CodeHeap 'profiled nmethods': size=120000Kb used=4867Kb max_used=4867Kb free=115132Kb
 bounds [0x000001f78d1e0000, 0x000001f78d6b0000, 0x000001f794710000]
CodeHeap 'non-nmethods': size=5696Kb used=1106Kb max_used=1130Kb free=4589Kb
 bounds [0x000001f78cc50000, 0x000001f78cec0000, 0x000001f78d1e0000]
 total_blobs=3229 nmethods=2327 adapters=332
 compilation: enabled
              stopped_count=0, restarted_count=0
 full_count=0

Compilation events (10 events):
Event: 2.721 Thread 0x000001f7a2c83000 nmethod 2137 0x000001f78d624910 code [0x000001f78d624b00, 0x000001f78d624e80]
Event: 2.731 Thread 0x000001f7a2c83000 2138       3       java.lang.reflect.AccessibleObject::checkPermission (16 bytes)
Event: 2.731 Thread 0x000001f7a2c83000 nmethod 2138 0x000001f78d624f90 code [0x000001f78d625160, 0x000001f78d625410]
Event: 2.731 Thread 0x000001f7a2c83000 2139       3       java.lang.reflect.AccessibleObject::setAccessible0 (7 bytes)
Event: 2.731 Thread 0x000001f7a2c83000 nmethod 2139 0x000001f78d625510 code [0x000001f78d6256c0, 0x000001f78d625838]
Event: 2.731 Thread 0x000001f7a2c83000 2140       1       java.lang.reflect.AccessibleObject::isAccessible (5 bytes)
Event: 2.731 Thread 0x000001f7a2c83000 nmethod 2140 0x000001f7947dc190 code [0x000001f7947dc340, 0x000001f7947dc458]
Event: 2.732 Thread 0x000001f7a2c83000 2141       1       java.lang.reflect.Field::getRoot (5 bytes)
Event: 2.732 Thread 0x000001f7a2c83000 nmethod 2141 0x000001f7947dc510 code [0x000001f7947dc6c0, 0x000001f7947dc7d8]
Event: 2.732 Thread 0x000001f7a2c83000 2142       3       java.lang.reflect.Field::setFieldAccessor (34 bytes)

GC Heap History (6 events):
Event: 1.497 GC heap before
{Heap before GC invocations=0 (full 0):
 garbage-first heap   total 131072K, used 13312K [0x0000000081c00000, 0x0000000100000000)
  region size 1024K, 14 young (14336K), 0 survivors (0K)
 Metaspace       used 11533K, capacity 11804K, committed 12032K, reserved 1060864K
  class space    used 1087K, capacity 1171K, committed 1280K, reserved 1048576K
}
Event: 1.503 GC heap after
{Heap after GC invocations=1 (full 0):
 garbage-first heap   total 131072K, used 3407K [0x0000000081c00000, 0x0000000100000000)
  region size 1024K, 2 young (2048K), 2 survivors (2048K)
 Metaspace       used 11533K, capacity 11804K, committed 12032K, reserved 1060864K
  class space    used 1087K, capacity 1171K, committed 1280K, reserved 1048576K
}
Event: 1.650 GC heap before
{Heap before GC invocations=1 (full 0):
 garbage-first heap   total 131072K, used 9551K [0x0000000081c00000, 0x0000000100000000)
  region size 1024K, 8 young (8192K), 2 survivors (2048K)
 Metaspace       used 13096K, capacity 13384K, committed 13440K, reserved 1060864K
  class space    used 1302K, capacity 1399K, committed 1408K, reserved 1048576K
}
Event: 1.653 GC heap after
{Heap after GC invocations=2 (full 0):
 garbage-first heap   total 131072K, used 3755K [0x0000000081c00000, 0x0000000100000000)
  region size 1024K, 1 young (1024K), 1 survivors (1024K)
 Metaspace       used 13096K, capacity 13384K, committed 13440K, reserved 1060864K
  class space    used 1302K, capacity 1399K, committed 1408K, reserved 1048576K
}
Event: 2.055 GC heap before
{Heap before GC invocations=2 (full 0):
 garbage-first heap   total 131072K, used 28331K [0x0000000081c00000, 0x0000000100000000)
  region size 1024K, 25 young (25600K), 1 survivors (1024K)
 Metaspace       used 15607K, capacity 15888K, committed 16128K, reserved 1062912K
  class space    used 1615K, capacity 1697K, committed 1792K, reserved 1048576K
}
Event: 2.057 GC heap after
{Heap after GC invocations=3 (full 0):
 garbage-first heap   total 131072K, used 4558K [0x0000000081c00000, 0x0000000100000000)
  region size 1024K, 2 young (2048K), 2 survivors (2048K)
 Metaspace       used 15607K, capacity 15888K, committed 16128K, reserved 1062912K
  class space    used 1615K, capacity 1697K, committed 1792K, reserved 1048576K
}

Deoptimization events (10 events):
Event: 1.778 Thread 0x000001f7848ca000 Uncommon trap: reason=unstable_if action=reinterpret pc=0x000001f7947726cc method=sun.nio.cs.StreamDecoder.implRead([CII)I @ 197 c2
Event: 1.798 Thread 0x000001f7848ca000 Uncommon trap: reason=unstable_if action=reinterpret pc=0x000001f794776410 method=org.codehaus.plexus.util.xml.pull.MXParser.nextImpl()I @ 1046 c2
Event: 1.877 Thread 0x000001f7848ca000 Uncommon trap: reason=unstable_if action=reinterpret pc=0x000001f7947651a0 method=java.util.HashMap.getNode(ILjava/lang/Object;)Ljava/util/HashMap$Node; @ 129 c2
Event: 2.061 Thread 0x000001f7848ca000 Uncommon trap: reason=speculate_class_check action=maybe_recompile pc=0x000001f7947a0728 method=java.lang.reflect.Executable.declaredAnnotations()Ljava/util/Map; @ 23 c2
Event: 2.063 Thread 0x000001f7848ca000 Uncommon trap: reason=speculate_class_check action=maybe_recompile pc=0x000001f7947a0728 method=java.lang.reflect.Executable.declaredAnnotations()Ljava/util/Map; @ 23 c2
Event: 2.063 Thread 0x000001f7848ca000 Uncommon trap: reason=speculate_class_check action=maybe_recompile pc=0x000001f7947a0728 method=java.lang.reflect.Executable.declaredAnnotations()Ljava/util/Map; @ 23 c2
Event: 2.067 Thread 0x000001f7848ca000 Uncommon trap: reason=speculate_class_check action=maybe_recompile pc=0x000001f7947a0728 method=java.lang.reflect.Executable.declaredAnnotations()Ljava/util/Map; @ 23 c2
Event: 2.628 Thread 0x000001f7848ca000 Uncommon trap: reason=unstable_if action=reinterpret pc=0x000001f794747a88 method=java.lang.AbstractStringBuilder.append(Ljava/lang/String;)Ljava/lang/AbstractStringBuilder; @ 1 c2
Event: 2.628 Thread 0x000001f7848ca000 Uncommon trap: reason=unstable_if action=reinterpret pc=0x000001f794748f00 method=java.lang.AbstractStringBuilder.append(Ljava/lang/String;)Ljava/lang/AbstractStringBuilder; @ 1 c2
Event: 2.677 Thread 0x000001f7848ca000 Uncommon trap: reason=unstable_if action=reinterpret pc=0x000001f794792434 method=java.lang.String.replace(CC)Ljava/lang/String; @ 2 c2

Classes redefined (0 events):
No events

Internal exceptions (8 events):
Event: 0.577 Thread 0x000001f7848ca000 Exception <a 'java/lang/NoSuchMethodError'{0x00000000897270d0}: java.lang.invoke.DirectMethodHandle$Holder.invokeSpecialIFC(Ljava/lang/Object;Ljava/lang/Object;I)I> (0x00000000897270d0) thrown at [t:/workspace/open/src/hotspot/share/interpreter/linkResolv
Event: 0.683 Thread 0x000001f7848ca000 Exception <a 'java/lang/NoSuchMethodError'{0x000000008964c0b8}: java.lang.invoke.DirectMethodHandle$Holder.invokeStaticInit(Ljava/lang/Object;IIII)Ljava/lang/Object;> (0x000000008964c0b8) thrown at [t:/workspace/open/src/hotspot/share/interpreter/linkReso
Event: 0.902 Thread 0x000001f7848ca000 Exception <a 'java/lang/NoSuchMethodError'{0x00000000896ad4a0}: java.lang.invoke.DirectMethodHandle$Holder.invokeStaticInit(Ljava/lang/Object;Ljava/lang/Object;IIII)Ljava/lang/Object;> (0x00000000896ad4a0) thrown at [t:/workspace/open/src/hotspot/share/in
Event: 2.410 Thread 0x000001f7848ca000 Exception <a 'java/lang/NoClassDefFoundError'{0x00000000888886e8}: com/google/inject/servlet/ServletModuleTargetVisitor> (0x00000000888886e8) thrown at [t:/workspace/open/src/hotspot/share/classfile/systemDictionary.cpp, line 220]
Event: 2.410 Thread 0x000001f7848ca000 Exception <a 'java/lang/NoClassDefFoundError'{0x00000000888886e8}> (0x00000000888886e8) thrown at [t:/workspace/open/src/hotspot/share/prims/jvm.cpp, line 1300]
Event: 2.410 Thread 0x000001f7848ca000 Exception <a 'java/lang/NoClassDefFoundError'{0x000000008888b6a8}: javax/annotation/Priority> (0x000000008888b6a8) thrown at [t:/workspace/open/src/hotspot/share/classfile/systemDictionary.cpp, line 220]
Event: 2.628 Thread 0x000001f7848ca000 Implicit null exception at 0x000001f794747574 to 0x000001f794747a6e
Event: 2.628 Thread 0x000001f7848ca000 Implicit null exception at 0x000001f7947489f4 to 0x000001f794748ee6

Events (10 events):
Event: 2.730 loading class org/apache/maven/model/interpolation/StringSearchModelInterpolator$InterpolateObjectAction$ObjectField
Event: 2.730 loading class org/apache/maven/model/interpolation/StringSearchModelInterpolator$InterpolateObjectAction$ObjectField done
Event: 2.730 loading class org/apache/maven/model/interpolation/StringSearchModelInterpolator$InterpolateObjectAction$ListField
Event: 2.730 loading class org/apache/maven/model/interpolation/StringSearchModelInterpolator$InterpolateObjectAction$ListField done
Event: 2.731 loading class org/apache/maven/model/DistributionManagement
Event: 2.731 loading class org/apache/maven/model/DistributionManagement done
Event: 2.731 loading class org/apache/maven/model/interpolation/StringSearchModelInterpolator$InterpolateObjectAction$MapField
Event: 2.731 loading class org/apache/maven/model/interpolation/StringSearchModelInterpolator$InterpolateObjectAction$MapField done
Event: 2.732 loading class org/codehaus/plexus/interpolation/util/ValueSourceUtils
Event: 2.732 loading class org/codehaus/plexus/interpolation/util/ValueSourceUtils done


Dynamic libraries:
0x00007ff78a0f0000 - 0x00007ff78a137000 	C:\Program Files\Java\jdk-11.0.6\bin\java.exe
0x00007ff80e840000 - 0x00007ff80ea30000 	C:\WINDOWS\SYSTEM32\ntdll.dll
0x00007ff80e730000 - 0x00007ff80e7e2000 	C:\WINDOWS\System32\KERNEL32.DLL
0x00007ff80c310000 - 0x00007ff80c5b3000 	C:\WINDOWS\System32\KERNELBASE.dll
0x00007ff80dd40000 - 0x00007ff80dde3000 	C:\WINDOWS\System32\ADVAPI32.dll
0x00007ff80db80000 - 0x00007ff80dc1e000 	C:\WINDOWS\System32\msvcrt.dll
0x00007ff80dca0000 - 0x00007ff80dd37000 	C:\WINDOWS\System32\sechost.dll
0x00007ff80c970000 - 0x00007ff80ca90000 	C:\WINDOWS\System32\RPCRT4.dll
0x00007ff80d700000 - 0x00007ff80d894000 	C:\WINDOWS\System32\USER32.dll
0x00007ff80b9a0000 - 0x00007ff80b9c1000 	C:\WINDOWS\System32\win32u.dll
0x00007ff80e6f0000 - 0x00007ff80e716000 	C:\WINDOWS\System32\GDI32.dll
0x00007ff80c150000 - 0x00007ff80c2e4000 	C:\WINDOWS\System32\gdi32full.dll
0x00007ff80c6f0000 - 0x00007ff80c78e000 	C:\WINDOWS\System32\msvcp_win.dll
0x00007ff80b8a0000 - 0x00007ff80b99a000 	C:\WINDOWS\System32\ucrtbase.dll
0x00007ffffd1f0000 - 0x00007ffffd475000 	C:\WINDOWS\WinSxS\amd64_microsoft.windows.common-controls_6595b64144ccf1df_6.0.18362.720_none_e6beb5c51314836b\COMCTL32.dll
0x00007ff803cb0000 - 0x00007ff803cba000 	C:\WINDOWS\SYSTEM32\VERSION.dll
0x00007ff80cb70000 - 0x00007ff80cea6000 	C:\WINDOWS\System32\combase.dll
0x00007ff80c5c0000 - 0x00007ff80c640000 	C:\WINDOWS\System32\bcryptPrimitives.dll
0x00007ff80ceb0000 - 0x00007ff80cede000 	C:\WINDOWS\System32\IMM32.DLL
0x00007ff807950000 - 0x00007ff807966000 	C:\Program Files\Java\jdk-11.0.6\bin\vcruntime140.dll
0x00007ffff6d80000 - 0x00007ffff6e2a000 	C:\Program Files\Java\jdk-11.0.6\bin\msvcp140.dll
0x00007fffd3ff0000 - 0x00007fffd4b19000 	C:\Program Files\Java\jdk-11.0.6\bin\server\jvm.dll
0x00007ff80e720000 - 0x00007ff80e728000 	C:\WINDOWS\System32\PSAPI.DLL
0x00007ffff6980000 - 0x00007ffff6989000 	C:\WINDOWS\SYSTEM32\WSOCK32.dll
0x00007ff80e680000 - 0x00007ff80e6ef000 	C:\WINDOWS\System32\WS2_32.dll
0x00007ff807700000 - 0x00007ff807724000 	C:\WINDOWS\SYSTEM32\WINMM.dll
0x00007ff8076d0000 - 0x00007ff8076fd000 	C:\WINDOWS\SYSTEM32\WINMMBASE.dll
0x00007ff80b850000 - 0x00007ff80b89a000 	C:\WINDOWS\System32\cfgmgr32.dll
0x00007ff80b830000 - 0x00007ff80b841000 	C:\WINDOWS\System32\kernel.appcore.dll
0x00007ff8071c0000 - 0x00007ff8071d1000 	C:\Program Files\Java\jdk-11.0.6\bin\verify.dll
0x00007ff80a060000 - 0x00007ff80a254000 	C:\WINDOWS\SYSTEM32\DBGHELP.DLL
0x00007ffff7370000 - 0x00007ffff739a000 	C:\WINDOWS\SYSTEM32\dbgcore.DLL
0x00007ff805430000 - 0x00007ff805459000 	C:\Program Files\Java\jdk-11.0.6\bin\java.dll
0x00007ff8050a0000 - 0x00007ff8050cf000 	C:\Program Files\Java\jdk-11.0.6\bin\instrument.dll
0x00007ff805410000 - 0x00007ff805426000 	C:\Program Files\Java\jdk-11.0.6\bin\zip.dll
0x00007ff8077b0000 - 0x00007ff8077ba000 	C:\Program Files\Java\jdk-11.0.6\bin\jimage.dll
0x00007ff80dea0000 - 0x00007ff80e585000 	C:\WINDOWS\System32\SHELL32.dll
0x00007ff80ddf0000 - 0x00007ff80de99000 	C:\WINDOWS\System32\shcore.dll
0x00007ff80b9d0000 - 0x00007ff80c150000 	C:\WINDOWS\System32\windows.storage.dll
0x00007ff80b790000 - 0x00007ff80b7b3000 	C:\WINDOWS\System32\profapi.dll
0x00007ff80b7c0000 - 0x00007ff80b80a000 	C:\WINDOWS\System32\powrprof.dll
0x00007ff80b780000 - 0x00007ff80b790000 	C:\WINDOWS\System32\UMPDC.dll
0x00007ff80d6a0000 - 0x00007ff80d6f2000 	C:\WINDOWS\System32\shlwapi.dll
0x00007ff80c2f0000 - 0x00007ff80c307000 	C:\WINDOWS\System32\cryptsp.dll
0x00007ff805380000 - 0x00007ff805399000 	C:\Program Files\Java\jdk-11.0.6\bin\net.dll
0x00007ffffeb60000 - 0x00007ffffec51000 	C:\WINDOWS\SYSTEM32\WINHTTP.dll
0x00007ff80aff0000 - 0x00007ff80b057000 	C:\WINDOWS\system32\mswsock.dll
0x00007ff805290000 - 0x00007ff8052a3000 	C:\Program Files\Java\jdk-11.0.6\bin\nio.dll
0x00007ff804ec0000 - 0x00007ff804eda000 	C:\Program Files\JetBrains\IntelliJ IDEA Community Edition 2019.3.4\bin\breakgen64.dll
0x00007ff80ab60000 - 0x00007ff80ab93000 	C:\WINDOWS\system32\rsaenh.dll
0x00007ff80c940000 - 0x00007ff80c966000 	C:\WINDOWS\System32\bcrypt.dll
0x00007ff80b6a0000 - 0x00007ff80b6c5000 	C:\WINDOWS\SYSTEM32\USERENV.dll
0x00007ff80b1c0000 - 0x00007ff80b1cc000 	C:\WINDOWS\SYSTEM32\CRYPTBASE.dll
0x00007ff80ad00000 - 0x00007ff80ad3a000 	C:\WINDOWS\SYSTEM32\IPHLPAPI.DLL
0x00007ff80e7f0000 - 0x00007ff80e7f8000 	C:\WINDOWS\System32\NSI.dll
0x00007fffffad0000 - 0x00007fffffae6000 	C:\WINDOWS\SYSTEM32\dhcpcsvc6.DLL
0x00007ff800010000 - 0x00007ff80002c000 	C:\WINDOWS\SYSTEM32\dhcpcsvc.DLL
0x00007ff80ad40000 - 0x00007ff80ae0a000 	C:\WINDOWS\SYSTEM32\DNSAPI.dll
0x00007ff805600000 - 0x00007ff80560a000 	C:\Users\Dhanushguntha\AppData\Local\Temp\jansi-1.17.1-17121040140290634040.dll
0x00007ff8055f0000 - 0x00007ff8055fa000 	C:\Users\Dhanushguntha\AppData\Local\Temp\jansi-1.17.1-6263157116848815872.dll

dbghelp: loaded successfully - version: 4.0.5 - missing functions: none
symbol engine: initialized successfully - sym options: 0x614 - pdb path: .;C:\Program Files\Java\jdk-11.0.6\bin;C:\WINDOWS\SYSTEM32;C:\WINDOWS\WinSxS\amd64_microsoft.windows.common-controls_6595b64144ccf1df_6.0.18362.720_none_e6beb5c51314836b;C:\Program Files\Java\jdk-11.0.6\bin\server;C:\Program Files\JetBrains\IntelliJ IDEA Community Edition 2019.3.4\bin;C:\Users\Dhanushguntha\AppData\Local\Temp

VM Arguments:
jvm_args: -Dmaven.multiModuleProjectDirectory=C:\Users\Dhanushguntha\Desktop\webcontroller\webcontroller -Dmaven.home=C:\Program Files\JetBrains\IntelliJ IDEA Community Edition 2019.3.4\plugins\maven\lib\maven3 -Dclassworlds.conf=C:\Program Files\JetBrains\IntelliJ IDEA Community Edition 2019.3.4\plugins\maven\lib\maven3\bin\m2.conf -Dmaven.ext.class.path=C:\Program Files\JetBrains\IntelliJ IDEA Community Edition 2019.3.4\plugins\maven\lib\maven-event-listener.jar -javaagent:C:\Program Files\JetBrains\IntelliJ IDEA Community Edition 2019.3.4\lib\idea_rt.jar=58199:C:\Program Files\JetBrains\IntelliJ IDEA Community Edition 2019.3.4\bin -Dfile.encoding=UTF-8 
java_command: org.codehaus.classworlds.Launcher -Didea.version2019.3.4 spring-boot:run
java_class_path (initial): C:\Program Files\JetBrains\IntelliJ IDEA Community Edition 2019.3.4\plugins\maven\lib\maven3\boot\plexus-classworlds-2.6.0.jar
Launcher Type: SUN_STANDARD

[Global flags]
     intx CICompilerCount                          = 3                                         {product} {ergonomic}
     uint ConcGCThreads                            = 1                                         {product} {ergonomic}
     uint G1ConcRefinementThreads                  = 4                                         {product} {ergonomic}
   size_t G1HeapRegionSize                         = 1048576                                   {product} {ergonomic}
    uintx GCDrainStackTargetSize                   = 64                                        {product} {ergonomic}
   size_t InitialHeapSize                          = 134217728                                 {product} {ergonomic}
   size_t MarkStackSize                            = 4194304                                   {product} {ergonomic}
   size_t MaxHeapSize                              = 2118123520                                {product} {ergonomic}
   size_t MaxNewSize                               = 1270874112                                {product} {ergonomic}
   size_t MinHeapDeltaBytes                        = 1048576                                   {product} {ergonomic}
    uintx NonNMethodCodeHeapSize                   = 5830732                                {pd product} {ergonomic}
    uintx NonProfiledCodeHeapSize                  = 122913754                              {pd product} {ergonomic}
    uintx ProfiledCodeHeapSize                     = 122913754                              {pd product} {ergonomic}
    uintx ReservedCodeCacheSize                    = 251658240                              {pd product} {ergonomic}
     bool SegmentedCodeCache                       = true                                      {product} {ergonomic}
     bool UseCompressedClassPointers               = true                                 {lp64_product} {ergonomic}
     bool UseCompressedOops                        = true                                 {lp64_product} {ergonomic}
     bool UseG1GC                                  = true                                      {product} {ergonomic}
     bool UseLargePagesIndividualAllocation        = false                                  {pd product} {ergonomic}

Logging:
Log output configuration:
 #0: stdout all=warning uptime,level,tags
 #1: stderr all=off uptime,level,tags

Environment Variables:
JAVA_HOME=C:\Program Files\Java\jdk-11.0.6
PATH=C:\Program Files (x86)\Intel\iCLS Client\;C:\Program Files\Intel\iCLS Client\;C:\windows\system32;C:\windows;C:\windows\System32\Wbem;C:\windows\System32\WindowsPowerShell\v1.0\;C:\Program Files (x86)\Intel\Intel(R) Management Engine Components\DAL;C:\Program Files\Intel\Intel(R) Management Engine Components\DAL;C:\Program Files (x86)\Intel\Intel(R) Management Engine Components\IPT;C:\Program Files\Intel\Intel(R) Management Engine Components\IPT;C:\Program Files (x86)\NVIDIA Corporation\PhysX\Common;C:\WINDOWS\system32;C:\WINDOWS;C:\WINDOWS\System32\Wbem;C:\WINDOWS\System32\WindowsPowerShell\v1.0\;C:\WINDOWS\System32\OpenSSH\;C:\Program Files\Intel\WiFi\bin\;C:\Program Files\Common Files\Intel\WirelessCommon\;C:\Program Files\Git\cmd;C:\Program Files (x86)\Yarn\bin\;C:\Program Files\NVIDIA Corporation\NVIDIA NvDLISR;C:\Program Files\nodejs;C:\ProgramData\chocolatey\bin;C:\Program Files\nodejs\;C:\opt\apache-maven-3.6.3\bin;C:\Program Files\Java\jdk-11.0.6\bin;C:\Users\Dhanushguntha\AppData\Local\Programs\Python\Python38\Scripts\;C:\Users\Dhanushguntha\AppData\Local\Programs\Python\Python38\;C:\Users\Dhanushguntha\anaconda3;C:\Users\Dhanushguntha\anaconda3\Library\mingw-w64\bin;C:\Users\Dhanushguntha\anaconda3\Library\usr\bin;C:\Users\Dhanushguntha\anaconda3\Library\bin;C:\Users\Dhanushguntha\anaconda3\Scripts;C:\Users\Dhanushguntha\AppData\Local\Programs\Microsoft VS Code\bin;C:\Users\Dhanushguntha\AppData\Roaming\npm;C:\Users\Dhanushguntha\AppData\Local\Programs\Python\Python38-32\Scripts;
USERNAME=Dhanushguntha
OS=Windows_NT
PROCESSOR_IDENTIFIER=Intel64 Family 6 Model 142 Stepping 9, GenuineIntel



---------------  S Y S T E M  ---------------

OS: Windows 10 , 64 bit Build 18362 (10.0.18362.329)

CPU:total 4 (initial active 4) (2 cores per cpu, 2 threads per core) family 6 model 142 stepping 9, cmov, cx8, fxsr, mmx, sse, sse2, sse3, ssse3, sse4.1, sse4.2, popcnt, avx, avx2, aes, clmul, erms, 3dnowpref, lzcnt, ht, tsc, tscinvbit, bmi1, bmi2, adx, fma

Memory: 4k page, system-wide physical 8077M (1186M free)
TotalPageFile size 8077M (AvailPageFile size 5M)
current process WorkingSet (physical memory assigned to process): 123M, peak: 123M
current process commit charge ("private bytes"): 244M, peak: 246M

vm_info: Java HotSpot(TM) 64-Bit Server VM (11.0.6+8-LTS) for windows-amd64 JRE (11.0.6+8-LTS), built on Dec 11 2019 09:17:57 by "mach5one" with MS VC++ 15.5 (VS2017)

END.
