#
# There is insufficient memory for the Java Runtime Environment to continue.
# Native memory allocation (malloc) failed to allocate 1219856 bytes for Chunk::new
# Possible reasons:
#   The system is out of physical RAM or swap space
#   The process is running with CompressedOops enabled, and the Java Heap may be blocking the growth of the native heap
# Possible solutions:
#   Reduce memory load on the system
#   Increase physical memory or swap space
#   Check if swap backing store is full
#   Decrease Java heap size (-Xmx/-Xms)
#   Decrease number of Java threads
#   Decrease Java thread stack sizes (-Xss)
#   Set larger code cache with -XX:ReservedCodeCacheSize=
#   JVM is running with Unscaled Compressed Oops mode in which the Java heap is
#     placed in the first 4GB address space. The Java Heap base address is the
#     maximum limit for the native heap growth. Please use -XX:HeapBaseMinAddress
#     to set the Java Heap base and to place the Java Heap above 4GB virtual address.
# This output file may be truncated or incomplete.
#
#  Out of Memory Error (t:/workspace/open/src/hotspot/share/memory/arena.cpp:197), pid=236, tid=8512
#
# JRE version: Java(TM) SE Runtime Environment (11.0.6+8) (build 11.0.6+8-LTS)
# Java VM: Java HotSpot(TM) 64-Bit Server VM (11.0.6+8-LTS, mixed mode, tiered, compressed oops, g1 gc, windows-amd64)
# No core dump will be written. Minidumps are not enabled by default on client versions of Windows
#

---------------  S U M M A R Y ------------

Command Line: -Dmaven.multiModuleProjectDirectory=c:\Users\Dhanushguntha\Desktop\webcontroller\webcontroller org.apache.maven.wrapper.MavenWrapperMain help:effective-pom -Doutput=c:\Users\Dhanushguntha\AppData\Roaming\Code\User\workspaceStorage\d205c3bc679c17d61fcbf72b5db58983\vscjava.vscode-maven\ee71d183c705c5bfe83b0961adc837d2 -f c:\Users\Dhanushguntha\Desktop\webcontroller\webcontroller\pom.xml

Host: Intel(R) Core(TM) i5-7200U CPU @ 2.50GHz, 4 cores, 7G,  Windows 10 , 64 bit Build 18362 (10.0.18362.329)
Time: Sat Apr  4 15:42:57 2020 India Standard Time elapsed time: 9 seconds (0d 0h 0m 9s)

---------------  T H R E A D  ---------------

Current thread (0x00000236f28a2000):  JavaThread "C2 CompilerThread0" daemon [_thread_in_native, id=8512, stack(0x000000b234c00000,0x000000b234d00000)]


Current CompileTask:
C2:   9778 2750       4       org.codehaus.plexus.util.xml.Xpp3Dom::<init> (125 bytes)

Stack: [0x000000b234c00000,0x000000b234d00000]
Native frames: (J=compiled Java code, j=interpreted, Vv=VM code, C=native code)
V  [jvm.dll+0x63679a]
V  [jvm.dll+0x7755bf]
V  [jvm.dll+0x776c65]
V  [jvm.dll+0x7772d3]
V  [jvm.dll+0x25e7f8]
V  [jvm.dll+0xc1c01]
V  [jvm.dll+0xc219c]
V  [jvm.dll+0x36d932]
V  [jvm.dll+0x33a7b3]
V  [jvm.dll+0x339b8a]
V  [jvm.dll+0x218355]
V  [jvm.dll+0x2174fa]
V  [jvm.dll+0x193a2c]
V  [jvm.dll+0x226544]
V  [jvm.dll+0x224b28]
V  [jvm.dll+0x73a9c5]
V  [jvm.dll+0x733905]
V  [jvm.dll+0x635846]
C  [ucrtbase.dll+0x20e72]
C  [KERNEL32.DLL+0x17bd4]
C  [ntdll.dll+0x6ced1]


---------------  P R O C E S S  ---------------

Threads class SMR info:
_java_thread_list=0x00000236f497f050, length=11, elements={
0x00000236d2595800, 0x00000236f2860800, 0x00000236f2882000, 0x00000236f28a0800,
0x00000236f28a1800, 0x00000236f28a2000, 0x00000236f28a5000, 0x00000236f28be800,
0x00000236f3354000, 0x00000236f3367000, 0x00000236f4bf0000
}

Java Threads: ( => current thread )
  0x00000236d2595800 JavaThread "main" [_thread_in_native, id=11876, stack(0x000000b234100000,0x000000b234200000)]
  0x00000236f2860800 JavaThread "Reference Handler" daemon [_thread_blocked, id=9608, stack(0x000000b234800000,0x000000b234900000)]
  0x00000236f2882000 JavaThread "Finalizer" daemon [_thread_blocked, id=15036, stack(0x000000b234900000,0x000000b234a00000)]
  0x00000236f28a0800 JavaThread "Signal Dispatcher" daemon [_thread_blocked, id=14396, stack(0x000000b234a00000,0x000000b234b00000)]
  0x00000236f28a1800 JavaThread "Attach Listener" daemon [_thread_blocked, id=9560, stack(0x000000b234b00000,0x000000b234c00000)]
=>0x00000236f28a2000 JavaThread "C2 CompilerThread0" daemon [_thread_in_native, id=8512, stack(0x000000b234c00000,0x000000b234d00000)]
  0x00000236f28a5000 JavaThread "C1 CompilerThread0" daemon [_thread_blocked, id=9128, stack(0x000000b234d00000,0x000000b234e00000)]
  0x00000236f28be800 JavaThread "Sweeper thread" daemon [_thread_blocked, id=6808, stack(0x000000b234e00000,0x000000b234f00000)]
  0x00000236f3354000 JavaThread "Service Thread" daemon [_thread_blocked, id=15372, stack(0x000000b234f00000,0x000000b235000000)]
  0x00000236f3367000 JavaThread "Common-Cleaner" daemon [_thread_blocked, id=9424, stack(0x000000b235100000,0x000000b235200000)]
  0x00000236f4bf0000 JavaThread "C2 CompilerThread1" daemon [_thread_in_native, id=14692, stack(0x000000b235400000,0x000000b235500000)]

Other Threads:
  0x00000236f285c000 VMThread "VM Thread" [stack: 0x000000b234700000,0x000000b234800000] [id=1400]
  0x00000236f3364000 WatcherThread [stack: 0x000000b235000000,0x000000b235100000] [id=14220]
  0x00000236d25ad800 GCTaskThread "GC Thread#0" [stack: 0x000000b234200000,0x000000b234300000] [id=10204]
  0x00000236f44e8000 GCTaskThread "GC Thread#1" [stack: 0x000000b235200000,0x000000b235300000] [id=2676]
  0x00000236f44e8800 GCTaskThread "GC Thread#2" [stack: 0x000000b235300000,0x000000b235400000] [id=10120]
  0x00000236d25dd000 ConcurrentGCThread "G1 Main Marker" [stack: 0x000000b234300000,0x000000b234400000] [id=3300]
  0x00000236d25de800 ConcurrentGCThread "G1 Conc#0" [stack: 0x000000b234400000,0x000000b234500000] [id=4176]
  0x00000236f26d0800 ConcurrentGCThread "G1 Refine#0" [stack: 0x000000b234500000,0x000000b234600000] [id=13688]
  0x00000236f26d1800 ConcurrentGCThread "G1 Young RemSet Sampling" [stack: 0x000000b234600000,0x000000b234700000] [id=5748]

Threads with active compile tasks:
C2 CompilerThread02750       4       org.codehaus.plexus.util.xml.Xpp3Dom::<init> (125 bytes)
C2 CompilerThread12744       4       org.codehaus.plexus.configuration.xml.XmlPlexusConfiguration::<init> (93 bytes)

VM state:not at safepoint (normal execution)

VM Mutex/Monitor currently owned by a thread: None

Heap address: 0x0000000081c00000, size: 2020 MB, Compressed Oops mode: 32-bit
Narrow klass base: 0x0000000000000000, Narrow klass shift: 3
Compressed class space size: 1073741824 Address: 0x0000000100000000

Heap:
 garbage-first heap   total 131072K, used 31439K [0x0000000081c00000, 0x0000000100000000)
  region size 1024K, 29 young (29696K), 5 survivors (5120K)
 Metaspace       used 21059K, capacity 21418K, committed 21552K, reserved 1069056K
  class space    used 2232K, capacity 2354K, committed 2432K, reserved 1048576K
Heap Regions: E=young(eden), S=young(survivor), O=old, HS=humongous(starts), HC=humongous(continues), CS=collection set, F=free, A=archive, TAMS=top-at-mark-start (previous, next)
|   0|0x0000000081c00000, 0x0000000081d00000, 0x0000000081d00000|100%| O|  |TAMS 0x0000000081d00000, 0x0000000081c00000| Untracked 
|   1|0x0000000081d00000, 0x0000000081e00000, 0x0000000081e00000|100%| O|  |TAMS 0x0000000081e00000, 0x0000000081d00000| Untracked 
|   2|0x0000000081e00000, 0x0000000081f00000, 0x0000000081f00000|100%| O|  |TAMS 0x0000000081f00000, 0x0000000081e00000| Untracked 
|   3|0x0000000081f00000, 0x0000000081f20800, 0x0000000082000000| 12%| O|  |TAMS 0x0000000081f20800, 0x0000000081f00000| Untracked 
|   4|0x0000000082000000, 0x0000000082000000, 0x0000000082100000|  0%| F|  |TAMS 0x0000000082000000, 0x0000000082000000| Untracked 
|   5|0x0000000082100000, 0x0000000082100000, 0x0000000082200000|  0%| F|  |TAMS 0x0000000082100000, 0x0000000082100000| Untracked 
|   6|0x0000000082200000, 0x0000000082200000, 0x0000000082300000|  0%| F|  |TAMS 0x0000000082200000, 0x0000000082200000| Untracked 
|   7|0x0000000082300000, 0x0000000082300000, 0x0000000082400000|  0%| F|  |TAMS 0x0000000082300000, 0x0000000082300000| Untracked 
|   8|0x0000000082400000, 0x0000000082400000, 0x0000000082500000|  0%| F|  |TAMS 0x0000000082400000, 0x0000000082400000| Untracked 
|   9|0x0000000082500000, 0x0000000082500000, 0x0000000082600000|  0%| F|  |TAMS 0x0000000082500000, 0x0000000082500000| Untracked 
|  10|0x0000000082600000, 0x0000000082600000, 0x0000000082700000|  0%| F|  |TAMS 0x0000000082600000, 0x0000000082600000| Untracked 
|  11|0x0000000082700000, 0x0000000082700000, 0x0000000082800000|  0%| F|  |TAMS 0x0000000082700000, 0x0000000082700000| Untracked 
|  12|0x0000000082800000, 0x0000000082800000, 0x0000000082900000|  0%| F|  |TAMS 0x0000000082800000, 0x0000000082800000| Untracked 
|  13|0x0000000082900000, 0x0000000082900000, 0x0000000082a00000|  0%| F|  |TAMS 0x0000000082900000, 0x0000000082900000| Untracked 
|  14|0x0000000082a00000, 0x0000000082a00000, 0x0000000082b00000|  0%| F|  |TAMS 0x0000000082a00000, 0x0000000082a00000| Untracked 
|  15|0x0000000082b00000, 0x0000000082b00000, 0x0000000082c00000|  0%| F|  |TAMS 0x0000000082b00000, 0x0000000082b00000| Untracked 
|  16|0x0000000082c00000, 0x0000000082c00000, 0x0000000082d00000|  0%| F|  |TAMS 0x0000000082c00000, 0x0000000082c00000| Untracked 
|  17|0x0000000082d00000, 0x0000000082d00000, 0x0000000082e00000|  0%| F|  |TAMS 0x0000000082d00000, 0x0000000082d00000| Untracked 
|  18|0x0000000082e00000, 0x0000000082e00000, 0x0000000082f00000|  0%| F|  |TAMS 0x0000000082e00000, 0x0000000082e00000| Untracked 
|  19|0x0000000082f00000, 0x0000000082f00000, 0x0000000083000000|  0%| F|  |TAMS 0x0000000082f00000, 0x0000000082f00000| Untracked 
|  20|0x0000000083000000, 0x0000000083000000, 0x0000000083100000|  0%| F|  |TAMS 0x0000000083000000, 0x0000000083000000| Untracked 
|  21|0x0000000083100000, 0x0000000083100000, 0x0000000083200000|  0%| F|  |TAMS 0x0000000083100000, 0x0000000083100000| Untracked 
|  22|0x0000000083200000, 0x0000000083200000, 0x0000000083300000|  0%| F|  |TAMS 0x0000000083200000, 0x0000000083200000| Untracked 
|  23|0x0000000083300000, 0x0000000083300000, 0x0000000083400000|  0%| F|  |TAMS 0x0000000083300000, 0x0000000083300000| Untracked 
|  24|0x0000000083400000, 0x0000000083400000, 0x0000000083500000|  0%| F|  |TAMS 0x0000000083400000, 0x0000000083400000| Untracked 
|  25|0x0000000083500000, 0x0000000083500000, 0x0000000083600000|  0%| F|  |TAMS 0x0000000083500000, 0x0000000083500000| Untracked 
|  26|0x0000000083600000, 0x0000000083600000, 0x0000000083700000|  0%| F|  |TAMS 0x0000000083600000, 0x0000000083600000| Untracked 
|  27|0x0000000083700000, 0x0000000083700000, 0x0000000083800000|  0%| F|  |TAMS 0x0000000083700000, 0x0000000083700000| Untracked 
|  28|0x0000000083800000, 0x0000000083800000, 0x0000000083900000|  0%| F|  |TAMS 0x0000000083800000, 0x0000000083800000| Untracked 
|  29|0x0000000083900000, 0x0000000083900000, 0x0000000083a00000|  0%| F|  |TAMS 0x0000000083900000, 0x0000000083900000| Untracked 
|  30|0x0000000083a00000, 0x0000000083a00000, 0x0000000083b00000|  0%| F|  |TAMS 0x0000000083a00000, 0x0000000083a00000| Untracked 
|  31|0x0000000083b00000, 0x0000000083b00000, 0x0000000083c00000|  0%| F|  |TAMS 0x0000000083b00000, 0x0000000083b00000| Untracked 
|  32|0x0000000083c00000, 0x0000000083c00000, 0x0000000083d00000|  0%| F|  |TAMS 0x0000000083c00000, 0x0000000083c00000| Untracked 
|  33|0x0000000083d00000, 0x0000000083d00000, 0x0000000083e00000|  0%| F|  |TAMS 0x0000000083d00000, 0x0000000083d00000| Untracked 
|  34|0x0000000083e00000, 0x0000000083e00000, 0x0000000083f00000|  0%| F|  |TAMS 0x0000000083e00000, 0x0000000083e00000| Untracked 
|  35|0x0000000083f00000, 0x0000000083f00000, 0x0000000084000000|  0%| F|  |TAMS 0x0000000083f00000, 0x0000000083f00000| Untracked 
|  36|0x0000000084000000, 0x0000000084000000, 0x0000000084100000|  0%| F|  |TAMS 0x0000000084000000, 0x0000000084000000| Untracked 
|  37|0x0000000084100000, 0x0000000084100000, 0x0000000084200000|  0%| F|  |TAMS 0x0000000084100000, 0x0000000084100000| Untracked 
|  38|0x0000000084200000, 0x0000000084200000, 0x0000000084300000|  0%| F|  |TAMS 0x0000000084200000, 0x0000000084200000| Untracked 
|  39|0x0000000084300000, 0x0000000084300000, 0x0000000084400000|  0%| F|  |TAMS 0x0000000084300000, 0x0000000084300000| Untracked 
|  40|0x0000000084400000, 0x0000000084400000, 0x0000000084500000|  0%| F|  |TAMS 0x0000000084400000, 0x0000000084400000| Untracked 
|  41|0x0000000084500000, 0x0000000084500000, 0x0000000084600000|  0%| F|  |TAMS 0x0000000084500000, 0x0000000084500000| Untracked 
|  42|0x0000000084600000, 0x0000000084600000, 0x0000000084700000|  0%| F|  |TAMS 0x0000000084600000, 0x0000000084600000| Untracked 
|  43|0x0000000084700000, 0x0000000084700000, 0x0000000084800000|  0%| F|  |TAMS 0x0000000084700000, 0x0000000084700000| Untracked 
|  44|0x0000000084800000, 0x0000000084800000, 0x0000000084900000|  0%| F|  |TAMS 0x0000000084800000, 0x0000000084800000| Untracked 
|  45|0x0000000084900000, 0x0000000084900000, 0x0000000084a00000|  0%| F|  |TAMS 0x0000000084900000, 0x0000000084900000| Untracked 
|  46|0x0000000084a00000, 0x0000000084a00000, 0x0000000084b00000|  0%| F|  |TAMS 0x0000000084a00000, 0x0000000084a00000| Untracked 
|  47|0x0000000084b00000, 0x0000000084b00000, 0x0000000084c00000|  0%| F|  |TAMS 0x0000000084b00000, 0x0000000084b00000| Untracked 
|  48|0x0000000084c00000, 0x0000000084c00000, 0x0000000084d00000|  0%| F|  |TAMS 0x0000000084c00000, 0x0000000084c00000| Untracked 
|  49|0x0000000084d00000, 0x0000000084d00000, 0x0000000084e00000|  0%| F|  |TAMS 0x0000000084d00000, 0x0000000084d00000| Untracked 
|  50|0x0000000084e00000, 0x0000000084e00000, 0x0000000084f00000|  0%| F|  |TAMS 0x0000000084e00000, 0x0000000084e00000| Untracked 
|  51|0x0000000084f00000, 0x0000000084f00000, 0x0000000085000000|  0%| F|  |TAMS 0x0000000084f00000, 0x0000000084f00000| Untracked 
|  52|0x0000000085000000, 0x0000000085000000, 0x0000000085100000|  0%| F|  |TAMS 0x0000000085000000, 0x0000000085000000| Untracked 
|  53|0x0000000085100000, 0x0000000085100000, 0x0000000085200000|  0%| F|  |TAMS 0x0000000085100000, 0x0000000085100000| Untracked 
|  54|0x0000000085200000, 0x0000000085200000, 0x0000000085300000|  0%| F|  |TAMS 0x0000000085200000, 0x0000000085200000| Untracked 
|  55|0x0000000085300000, 0x0000000085300000, 0x0000000085400000|  0%| F|  |TAMS 0x0000000085300000, 0x0000000085300000| Untracked 
|  56|0x0000000085400000, 0x0000000085400000, 0x0000000085500000|  0%| F|  |TAMS 0x0000000085400000, 0x0000000085400000| Untracked 
|  57|0x0000000085500000, 0x0000000085500000, 0x0000000085600000|  0%| F|  |TAMS 0x0000000085500000, 0x0000000085500000| Untracked 
|  58|0x0000000085600000, 0x0000000085600000, 0x0000000085700000|  0%| F|  |TAMS 0x0000000085600000, 0x0000000085600000| Untracked 
|  59|0x0000000085700000, 0x0000000085700000, 0x0000000085800000|  0%| F|  |TAMS 0x0000000085700000, 0x0000000085700000| Untracked 
|  60|0x0000000085800000, 0x0000000085800000, 0x0000000085900000|  0%| F|  |TAMS 0x0000000085800000, 0x0000000085800000| Untracked 
|  61|0x0000000085900000, 0x0000000085900000, 0x0000000085a00000|  0%| F|  |TAMS 0x0000000085900000, 0x0000000085900000| Untracked 
|  62|0x0000000085a00000, 0x0000000085a00000, 0x0000000085b00000|  0%| F|  |TAMS 0x0000000085a00000, 0x0000000085a00000| Untracked 
|  63|0x0000000085b00000, 0x0000000085b00000, 0x0000000085c00000|  0%| F|  |TAMS 0x0000000085b00000, 0x0000000085b00000| Untracked 
|  64|0x0000000085c00000, 0x0000000085c00000, 0x0000000085d00000|  0%| F|  |TAMS 0x0000000085c00000, 0x0000000085c00000| Untracked 
|  65|0x0000000085d00000, 0x0000000085d00000, 0x0000000085e00000|  0%| F|  |TAMS 0x0000000085d00000, 0x0000000085d00000| Untracked 
|  66|0x0000000085e00000, 0x0000000085e00000, 0x0000000085f00000|  0%| F|  |TAMS 0x0000000085e00000, 0x0000000085e00000| Untracked 
|  67|0x0000000085f00000, 0x0000000085f00000, 0x0000000086000000|  0%| F|  |TAMS 0x0000000085f00000, 0x0000000085f00000| Untracked 
|  68|0x0000000086000000, 0x0000000086000000, 0x0000000086100000|  0%| F|  |TAMS 0x0000000086000000, 0x0000000086000000| Untracked 
|  69|0x0000000086100000, 0x0000000086100000, 0x0000000086200000|  0%| F|  |TAMS 0x0000000086100000, 0x0000000086100000| Untracked 
|  70|0x0000000086200000, 0x0000000086200000, 0x0000000086300000|  0%| F|  |TAMS 0x0000000086200000, 0x0000000086200000| Untracked 
|  71|0x0000000086300000, 0x0000000086300000, 0x0000000086400000|  0%| F|  |TAMS 0x0000000086300000, 0x0000000086300000| Untracked 
|  72|0x0000000086400000, 0x0000000086400000, 0x0000000086500000|  0%| F|  |TAMS 0x0000000086400000, 0x0000000086400000| Untracked 
|  73|0x0000000086500000, 0x0000000086500000, 0x0000000086600000|  0%| F|  |TAMS 0x0000000086500000, 0x0000000086500000| Untracked 
|  74|0x0000000086600000, 0x0000000086600000, 0x0000000086700000|  0%| F|  |TAMS 0x0000000086600000, 0x0000000086600000| Untracked 
|  75|0x0000000086700000, 0x0000000086700000, 0x0000000086800000|  0%| F|  |TAMS 0x0000000086700000, 0x0000000086700000| Untracked 
|  76|0x0000000086800000, 0x0000000086800000, 0x0000000086900000|  0%| F|  |TAMS 0x0000000086800000, 0x0000000086800000| Untracked 
|  77|0x0000000086900000, 0x0000000086900000, 0x0000000086a00000|  0%| F|  |TAMS 0x0000000086900000, 0x0000000086900000| Untracked 
|  78|0x0000000086a00000, 0x0000000086a00000, 0x0000000086b00000|  0%| F|  |TAMS 0x0000000086a00000, 0x0000000086a00000| Untracked 
|  79|0x0000000086b00000, 0x0000000086b00000, 0x0000000086c00000|  0%| F|  |TAMS 0x0000000086b00000, 0x0000000086b00000| Untracked 
|  80|0x0000000086c00000, 0x0000000086c00000, 0x0000000086d00000|  0%| F|  |TAMS 0x0000000086c00000, 0x0000000086c00000| Untracked 
|  81|0x0000000086d00000, 0x0000000086d00000, 0x0000000086e00000|  0%| F|  |TAMS 0x0000000086d00000, 0x0000000086d00000| Untracked 
|  82|0x0000000086e00000, 0x0000000086e00000, 0x0000000086f00000|  0%| F|  |TAMS 0x0000000086e00000, 0x0000000086e00000| Untracked 
|  83|0x0000000086f00000, 0x0000000086f00000, 0x0000000087000000|  0%| F|  |TAMS 0x0000000086f00000, 0x0000000086f00000| Untracked 
|  84|0x0000000087000000, 0x0000000087000000, 0x0000000087100000|  0%| F|  |TAMS 0x0000000087000000, 0x0000000087000000| Untracked 
|  85|0x0000000087100000, 0x0000000087100000, 0x0000000087200000|  0%| F|  |TAMS 0x0000000087100000, 0x0000000087100000| Untracked 
|  86|0x0000000087200000, 0x0000000087200000, 0x0000000087300000|  0%| F|  |TAMS 0x0000000087200000, 0x0000000087200000| Untracked 
|  87|0x0000000087300000, 0x0000000087300000, 0x0000000087400000|  0%| F|  |TAMS 0x0000000087300000, 0x0000000087300000| Untracked 
|  88|0x0000000087400000, 0x0000000087400000, 0x0000000087500000|  0%| F|  |TAMS 0x0000000087400000, 0x0000000087400000| Untracked 
|  89|0x0000000087500000, 0x0000000087500000, 0x0000000087600000|  0%| F|  |TAMS 0x0000000087500000, 0x0000000087500000| Untracked 
|  90|0x0000000087600000, 0x0000000087600000, 0x0000000087700000|  0%| F|  |TAMS 0x0000000087600000, 0x0000000087600000| Untracked 
|  91|0x0000000087700000, 0x0000000087700000, 0x0000000087800000|  0%| F|  |TAMS 0x0000000087700000, 0x0000000087700000| Untracked 
|  92|0x0000000087800000, 0x0000000087893658, 0x0000000087900000| 57%| S|CS|TAMS 0x0000000087800000, 0x0000000087800000| Complete 
|  93|0x0000000087900000, 0x0000000087a00000, 0x0000000087a00000|100%| S|CS|TAMS 0x0000000087900000, 0x0000000087900000| Complete 
|  94|0x0000000087a00000, 0x0000000087b00000, 0x0000000087b00000|100%| S|CS|TAMS 0x0000000087a00000, 0x0000000087a00000| Complete 
|  95|0x0000000087b00000, 0x0000000087c00000, 0x0000000087c00000|100%| S|CS|TAMS 0x0000000087b00000, 0x0000000087b00000| Complete 
|  96|0x0000000087c00000, 0x0000000087d00000, 0x0000000087d00000|100%| S|CS|TAMS 0x0000000087c00000, 0x0000000087c00000| Complete 
|  97|0x0000000087d00000, 0x0000000087d00000, 0x0000000087e00000|  0%| F|  |TAMS 0x0000000087d00000, 0x0000000087d00000| Untracked 
|  98|0x0000000087e00000, 0x0000000087e00000, 0x0000000087f00000|  0%| F|  |TAMS 0x0000000087e00000, 0x0000000087e00000| Untracked 
|  99|0x0000000087f00000, 0x0000000087f00000, 0x0000000088000000|  0%| F|  |TAMS 0x0000000087f00000, 0x0000000087f00000| Untracked 
| 100|0x0000000088000000, 0x0000000088000000, 0x0000000088100000|  0%| F|  |TAMS 0x0000000088000000, 0x0000000088000000| Untracked 
| 101|0x0000000088100000, 0x0000000088100000, 0x0000000088200000|  0%| F|  |TAMS 0x0000000088100000, 0x0000000088100000| Untracked 
| 102|0x0000000088200000, 0x0000000088200000, 0x0000000088300000|  0%| F|  |TAMS 0x0000000088200000, 0x0000000088200000| Untracked 
| 103|0x0000000088300000, 0x0000000088300000, 0x0000000088400000|  0%| F|  |TAMS 0x0000000088300000, 0x0000000088300000| Untracked 
| 104|0x0000000088400000, 0x0000000088500000, 0x0000000088500000|100%| E|  |TAMS 0x0000000088400000, 0x0000000088400000| Complete 
| 105|0x0000000088500000, 0x0000000088600000, 0x0000000088600000|100%| E|CS|TAMS 0x0000000088500000, 0x0000000088500000| Complete 
| 106|0x0000000088600000, 0x0000000088700000, 0x0000000088700000|100%| E|CS|TAMS 0x0000000088600000, 0x0000000088600000| Complete 
| 107|0x0000000088700000, 0x0000000088800000, 0x0000000088800000|100%| E|CS|TAMS 0x0000000088700000, 0x0000000088700000| Complete 
| 108|0x0000000088800000, 0x0000000088900000, 0x0000000088900000|100%| E|CS|TAMS 0x0000000088800000, 0x0000000088800000| Complete 
| 109|0x0000000088900000, 0x0000000088a00000, 0x0000000088a00000|100%| E|CS|TAMS 0x0000000088900000, 0x0000000088900000| Complete 
| 110|0x0000000088a00000, 0x0000000088b00000, 0x0000000088b00000|100%| E|CS|TAMS 0x0000000088a00000, 0x0000000088a00000| Complete 
| 111|0x0000000088b00000, 0x0000000088c00000, 0x0000000088c00000|100%| E|CS|TAMS 0x0000000088b00000, 0x0000000088b00000| Complete 
| 112|0x0000000088c00000, 0x0000000088d00000, 0x0000000088d00000|100%| E|CS|TAMS 0x0000000088c00000, 0x0000000088c00000| Complete 
| 113|0x0000000088d00000, 0x0000000088e00000, 0x0000000088e00000|100%| E|CS|TAMS 0x0000000088d00000, 0x0000000088d00000| Complete 
| 114|0x0000000088e00000, 0x0000000088f00000, 0x0000000088f00000|100%| E|CS|TAMS 0x0000000088e00000, 0x0000000088e00000| Complete 
| 115|0x0000000088f00000, 0x0000000089000000, 0x0000000089000000|100%| E|CS|TAMS 0x0000000088f00000, 0x0000000088f00000| Complete 
| 116|0x0000000089000000, 0x0000000089100000, 0x0000000089100000|100%| E|CS|TAMS 0x0000000089000000, 0x0000000089000000| Complete 
| 117|0x0000000089100000, 0x0000000089200000, 0x0000000089200000|100%| E|CS|TAMS 0x0000000089100000, 0x0000000089100000| Complete 
| 118|0x0000000089200000, 0x0000000089300000, 0x0000000089300000|100%| E|CS|TAMS 0x0000000089200000, 0x0000000089200000| Complete 
| 119|0x0000000089300000, 0x0000000089400000, 0x0000000089400000|100%| E|CS|TAMS 0x0000000089300000, 0x0000000089300000| Complete 
| 120|0x0000000089400000, 0x0000000089500000, 0x0000000089500000|100%| E|CS|TAMS 0x0000000089400000, 0x0000000089400000| Complete 
| 121|0x0000000089500000, 0x0000000089600000, 0x0000000089600000|100%| E|CS|TAMS 0x0000000089500000, 0x0000000089500000| Complete 
| 122|0x0000000089600000, 0x0000000089700000, 0x0000000089700000|100%| E|CS|TAMS 0x0000000089600000, 0x0000000089600000| Complete 
| 123|0x0000000089700000, 0x0000000089800000, 0x0000000089800000|100%| E|CS|TAMS 0x0000000089700000, 0x0000000089700000| Complete 
| 124|0x0000000089800000, 0x0000000089900000, 0x0000000089900000|100%| E|CS|TAMS 0x0000000089800000, 0x0000000089800000| Complete 
| 125|0x0000000089900000, 0x0000000089a00000, 0x0000000089a00000|100%| E|CS|TAMS 0x0000000089900000, 0x0000000089900000| Complete 
| 126|0x0000000089a00000, 0x0000000089b00000, 0x0000000089b00000|100%| E|CS|TAMS 0x0000000089a00000, 0x0000000089a00000| Complete 
| 127|0x0000000089b00000, 0x0000000089c00000, 0x0000000089c00000|100%| E|CS|TAMS 0x0000000089b00000, 0x0000000089b00000| Complete 

Card table byte_map: [0x00000236ebb60000,0x00000236ebf60000] _byte_map_base: 0x00000236eb752000

Marking Bits (Prev, Next): (CMBitMap*) 0x00000236d25d4840, (CMBitMap*) 0x00000236d25d4808
 Prev Bits: [0x00000236ee2f0000, 0x00000236f0280000)
 Next Bits: [0x00000236ec360000, 0x00000236ee2f0000)

Polling page: 0x00000236d23e0000

Metaspace:

Usage:
  Non-class:     18.62 MB capacity,    18.39 MB ( 99%) used,   213.05 KB (  1%) free+waste,    23.75 KB ( <1%) overhead. 
      Class:      2.30 MB capacity,     2.18 MB ( 95%) used,   112.07 KB (  5%) free+waste,     9.50 KB ( <1%) overhead. 
       Both:     20.92 MB capacity,    20.57 MB ( 98%) used,   325.12 KB (  2%) free+waste,    33.25 KB ( <1%) overhead. 

Virtual space:
  Non-class space:       20.00 MB reserved,      18.67 MB ( 93%) committed 
      Class space:        1.00 GB reserved,       2.38 MB ( <1%) committed 
             Both:        1.02 GB reserved,      21.05 MB (  2%) committed 

Chunk freelists:
   Non-Class:  1.00 KB
       Class:  1.75 KB
        Both:  2.75 KB

CodeHeap 'non-profiled nmethods': size=120064Kb used=1377Kb max_used=1377Kb free=118686Kb
 bounds [0x00000236e3c00000, 0x00000236e3e70000, 0x00000236eb140000]
CodeHeap 'profiled nmethods': size=120000Kb used=5856Kb max_used=5856Kb free=114143Kb
 bounds [0x00000236dc6d0000, 0x00000236dcc90000, 0x00000236e3c00000]
CodeHeap 'non-nmethods': size=5696Kb used=1111Kb max_used=1143Kb free=4584Kb
 bounds [0x00000236dc140000, 0x00000236dc3b0000, 0x00000236dc6d0000]
 total_blobs=3837 nmethods=2752 adapters=339
 compilation: enabled
              stopped_count=0, restarted_count=0
 full_count=0

Compilation events (10 events):
Event: 9.619 Thread 0x00000236f28a2000 nmethod 2745 0x00000236e3d57410 code [0x00000236e3d575c0, 0x00000236e3d57938]
Event: 9.619 Thread 0x00000236f28a2000 2746       4       org.codehaus.plexus.configuration.DefaultPlexusConfiguration::addChild (7 bytes)
Event: 9.619 Thread 0x00000236f28a2000 nmethod 2746 0x00000236e3d57b10 code [0x00000236e3d57ca0, 0x00000236e3d57d28]
Event: 9.658 Thread 0x00000236f28a5000 2747   !   3       java.util.concurrent.ConcurrentHashMap::tryPresize (192 bytes)
Event: 9.659 Thread 0x00000236f28a5000 nmethod 2747 0x00000236dcc7c610 code [0x00000236dcc7c840, 0x00000236dcc7d110]
Event: 9.661 Thread 0x00000236f28a5000 2748       3       java.util.Collections$1::next (25 bytes)
Event: 9.661 Thread 0x00000236f28a5000 nmethod 2748 0x00000236dcc7d310 code [0x00000236dcc7d4e0, 0x00000236dcc7d750]
Event: 9.661 Thread 0x00000236f28a5000 2749       3       org.eclipse.aether.artifact.AbstractArtifact::getProperty (24 bytes)
Event: 9.661 Thread 0x00000236f28a5000 nmethod 2749 0x00000236dcc7d810 code [0x00000236dcc7da00, 0x00000236dcc7de40]
Event: 9.665 Thread 0x00000236f28a2000 2750       4       org.codehaus.plexus.util.xml.Xpp3Dom::<init> (125 bytes)

GC Heap History (8 events):
Event: 3.441 GC heap before
{Heap before GC invocations=0 (full 0):
 garbage-first heap   total 131072K, used 14336K [0x0000000081c00000, 0x0000000100000000)
  region size 1024K, 14 young (14336K), 0 survivors (0K)
 Metaspace       used 11478K, capacity 11762K, committed 12032K, reserved 1060864K
  class space    used 1084K, capacity 1199K, committed 1280K, reserved 1048576K
}
Event: 3.475 GC heap after
{Heap after GC invocations=1 (full 0):
 garbage-first heap   total 131072K, used 3123K [0x0000000081c00000, 0x0000000100000000)
  region size 1024K, 2 young (2048K), 2 survivors (2048K)
 Metaspace       used 11478K, capacity 11762K, committed 12032K, reserved 1060864K
  class space    used 1084K, capacity 1199K, committed 1280K, reserved 1048576K
}
Event: 4.186 GC heap before
{Heap before GC invocations=1 (full 0):
 garbage-first heap   total 131072K, used 13363K [0x0000000081c00000, 0x0000000100000000)
  region size 1024K, 12 young (12288K), 2 survivors (2048K)
 Metaspace       used 13314K, capacity 13534K, committed 13824K, reserved 1060864K
  class space    used 1347K, capacity 1427K, committed 1536K, reserved 1048576K
}
Event: 4.190 GC heap after
{Heap after GC invocations=2 (full 0):
 garbage-first heap   total 131072K, used 3824K [0x0000000081c00000, 0x0000000100000000)
  region size 1024K, 1 young (1024K), 1 survivors (1024K)
 Metaspace       used 13314K, capacity 13534K, committed 13824K, reserved 1060864K
  class space    used 1347K, capacity 1427K, committed 1536K, reserved 1048576K
}
Event: 5.379 GC heap before
{Heap before GC invocations=2 (full 0):
 garbage-first heap   total 131072K, used 32496K [0x0000000081c00000, 0x0000000100000000)
  region size 1024K, 29 young (29696K), 1 survivors (1024K)
 Metaspace       used 16878K, capacity 17199K, committed 17280K, reserved 1064960K
  class space    used 1793K, capacity 1920K, committed 1920K, reserved 1048576K
}
Event: 5.383 GC heap after
{Heap after GC invocations=3 (full 0):
 garbage-first heap   total 131072K, used 4741K [0x0000000081c00000, 0x0000000100000000)
  region size 1024K, 2 young (2048K), 2 survivors (2048K)
 Metaspace       used 16878K, capacity 17199K, committed 17280K, reserved 1064960K
  class space    used 1793K, capacity 1920K, committed 1920K, reserved 1048576K
}
Event: 7.690 GC heap before
{Heap before GC invocations=3 (full 0):
 garbage-first heap   total 131072K, used 33413K [0x0000000081c00000, 0x0000000100000000)
  region size 1024K, 31 young (31744K), 2 survivors (2048K)
 Metaspace       used 20792K, capacity 21161K, committed 21296K, reserved 1069056K
  class space    used 2221K, capacity 2354K, committed 2432K, reserved 1048576K
}
Event: 7.701 GC heap after
{Heap after GC invocations=4 (full 0):
 garbage-first heap   total 131072K, used 7887K [0x0000000081c00000, 0x0000000100000000)
  region size 1024K, 5 young (5120K), 5 survivors (5120K)
 Metaspace       used 20792K, capacity 21161K, committed 21296K, reserved 1069056K
  class space    used 2221K, capacity 2354K, committed 2432K, reserved 1048576K
}

Deoptimization events (10 events):
Event: 8.287 Thread 0x00000236d2595800 Uncommon trap: reason=array_check action=maybe_recompile pc=0x00000236e3d27400 method=java.util.AbstractCollection.toArray([Ljava/lang/Object;)[Ljava/lang/Object; @ 116 c2
Event: 8.287 Thread 0x00000236d2595800 Uncommon trap: reason=array_check action=maybe_recompile pc=0x00000236e3d27400 method=java.util.AbstractCollection.toArray([Ljava/lang/Object;)[Ljava/lang/Object; @ 116 c2
Event: 8.302 Thread 0x00000236d2595800 Uncommon trap: reason=unstable_if action=reinterpret pc=0x00000236e3cd27bc method=java.lang.StringUTF16.compress([CII)[B @ 13 c2
Event: 8.321 Thread 0x00000236d2595800 Uncommon trap: reason=unstable_if action=reinterpret pc=0x00000236e3c92ae4 method=java.lang.String.indexOf(Ljava/lang/String;)I @ 8 c2
Event: 8.692 Thread 0x00000236d2595800 Uncommon trap: reason=unstable_if action=reinterpret pc=0x00000236e3d1b86c method=org.codehaus.plexus.util.xml.pull.MXParser.nextImpl()I @ 972 c2
Event: 8.915 Thread 0x00000236d2595800 Uncommon trap: reason=unstable_if action=reinterpret pc=0x00000236e3ceac04 method=java.util.regex.Pattern$BmpCharPredicate.lambda$union$2(Ljava/util/regex/Pattern$CharPredicate;I)Z @ 17 c2
Event: 8.916 Thread 0x00000236d2595800 Uncommon trap: reason=unstable_if action=reinterpret pc=0x00000236e3d3b2dc method=org.apache.maven.model.ConfigurationContainer.getLocation(Ljava/lang/Object;)Lorg/apache/maven/model/InputLocation; @ 18 c2
Event: 9.259 Thread 0x00000236d2595800 Uncommon trap: reason=unstable_if action=reinterpret pc=0x00000236e3d43120 method=org.codehaus.plexus.util.xml.pull.MXParser.nextImpl()I @ 732 c2
Event: 9.614 Thread 0x00000236d2595800 Uncommon trap: reason=class_check action=make_not_entrant pc=0x00000236e3d54524 method=java.util.ArrayList.toArray([Ljava/lang/Object;)[Ljava/lang/Object; @ 21 c2
Event: 9.614 Thread 0x00000236d2595800 Uncommon trap: reason=class_check action=make_not_entrant pc=0x00000236e3d50f98 method=java.util.ArrayList.toArray([Ljava/lang/Object;)[Ljava/lang/Object; @ 21 c2

Classes redefined (0 events):
No events

Internal exceptions (8 events):
Event: 1.091 Thread 0x00000236d2595800 Exception <a 'java/lang/NoSuchMethodError'{0x00000000898ff0b8}: java.lang.invoke.DirectMethodHandle$Holder.invokeSpecialIFC(Ljava/lang/Object;Ljava/lang/Object;I)I> (0x00000000898ff0b8) thrown at [t:/workspace/open/src/hotspot/share/interpreter/linkResolv
Event: 1.183 Thread 0x00000236d2595800 Exception <a 'java/lang/NoSuchMethodError'{0x00000000897f5a58}: java.lang.invoke.DirectMethodHandle$Holder.invokeStaticInit(Ljava/lang/Object;IIII)Ljava/lang/Object;> (0x00000000897f5a58) thrown at [t:/workspace/open/src/hotspot/share/interpreter/linkReso
Event: 2.476 Thread 0x00000236d2595800 Exception <a 'java/lang/NoSuchMethodError'{0x0000000089652d30}: java.lang.invoke.DirectMethodHandle$Holder.invokeStaticInit(Ljava/lang/Object;Ljava/lang/Object;IIII)Ljava/lang/Object;> (0x0000000089652d30) thrown at [t:/workspace/open/src/hotspot/share/in
Event: 6.162 Thread 0x00000236d2595800 Exception <a 'java/lang/NoClassDefFoundError'{0x0000000089103a78}: com/google/inject/servlet/ServletModuleTargetVisitor> (0x0000000089103a78) thrown at [t:/workspace/open/src/hotspot/share/classfile/systemDictionary.cpp, line 220]
Event: 6.162 Thread 0x00000236d2595800 Exception <a 'java/lang/NoClassDefFoundError'{0x0000000089103a78}> (0x0000000089103a78) thrown at [t:/workspace/open/src/hotspot/share/prims/jvm.cpp, line 1300]
Event: 6.163 Thread 0x00000236d2595800 Exception <a 'java/lang/NoClassDefFoundError'{0x00000000891079f8}: javax/annotation/Priority> (0x00000000891079f8) thrown at [t:/workspace/open/src/hotspot/share/classfile/systemDictionary.cpp, line 220]
Event: 6.642 Thread 0x00000236d2595800 Implicit null exception at 0x00000236e3c28f74 to 0x00000236e3c2946e
Event: 6.642 Thread 0x00000236d2595800 Implicit null exception at 0x00000236e3c29a74 to 0x00000236e3c29f66

Events (10 events):
Event: 9.259 Thread 0x00000236d2595800 Uncommon trap: trap_request=0xffffff4d fr.pc=0x00000236e3d43120 relative=0x0000000000000f60
Event: 9.259 Thread 0x00000236d2595800 DEOPT PACKING pc=0x00000236e3d43120 sp=0x000000b2341fcdd0
Event: 9.259 Thread 0x00000236d2595800 DEOPT UNPACKING pc=0x00000236dc168f2f sp=0x000000b2341fcd58 mode 2
Event: 9.272 Thread 0x00000236f4bf0000 Thread added: 0x00000236f4bf0000
Event: 9.614 Thread 0x00000236d2595800 Uncommon trap: trap_request=0xffffffdc fr.pc=0x00000236e3d54524 relative=0x0000000000002f44
Event: 9.614 Thread 0x00000236d2595800 DEOPT PACKING pc=0x00000236e3d54524 sp=0x000000b2341fd060
Event: 9.614 Thread 0x00000236d2595800 DEOPT UNPACKING pc=0x00000236dc168f2f sp=0x000000b2341fcfc8 mode 2
Event: 9.614 Thread 0x00000236d2595800 Uncommon trap: trap_request=0xffffffdc fr.pc=0x00000236e3d50f98 relative=0x0000000000000258
Event: 9.614 Thread 0x00000236d2595800 DEOPT PACKING pc=0x00000236e3d50f98 sp=0x000000b2341fcfd0
Event: 9.614 Thread 0x00000236d2595800 DEOPT UNPACKING pc=0x00000236dc168f2f sp=0x000000b2341fcf28 mode 2


Dynamic libraries:
0x00007ff6f48f0000 - 0x00007ff6f4937000 	C:\Program Files\Java\jdk-11.0.6\bin\java.exe
0x00007ffc288c0000 - 0x00007ffc28ab0000 	C:\WINDOWS\SYSTEM32\ntdll.dll
0x00007ffc28610000 - 0x00007ffc286c2000 	C:\WINDOWS\System32\KERNEL32.DLL
0x00007ffc258b0000 - 0x00007ffc25b53000 	C:\WINDOWS\System32\KERNELBASE.dll
0x00007ffc269d0000 - 0x00007ffc26a73000 	C:\WINDOWS\System32\ADVAPI32.dll
0x00007ffc27f60000 - 0x00007ffc27ffe000 	C:\WINDOWS\System32\msvcrt.dll
0x00007ffc27520000 - 0x00007ffc275b7000 	C:\WINDOWS\System32\sechost.dll
0x00007ffc27e30000 - 0x00007ffc27f50000 	C:\WINDOWS\System32\RPCRT4.dll
0x00007ffc28470000 - 0x00007ffc28604000 	C:\WINDOWS\System32\USER32.dll
0x00007ffc25c30000 - 0x00007ffc25c51000 	C:\WINDOWS\System32\win32u.dll
0x00007ffc26b70000 - 0x00007ffc26b96000 	C:\WINDOWS\System32\GDI32.dll
0x00007ffc25d10000 - 0x00007ffc25ea4000 	C:\WINDOWS\System32\gdi32full.dll
0x00007ffc25eb0000 - 0x00007ffc25f4e000 	C:\WINDOWS\System32\msvcp_win.dll
0x00007ffc260a0000 - 0x00007ffc2619a000 	C:\WINDOWS\System32\ucrtbase.dll
0x00007ffc15c40000 - 0x00007ffc15ec5000 	C:\WINDOWS\WinSxS\amd64_microsoft.windows.common-controls_6595b64144ccf1df_6.0.18362.720_none_e6beb5c51314836b\COMCTL32.dll
0x00007ffc1d7c0000 - 0x00007ffc1d7ca000 	C:\WINDOWS\SYSTEM32\VERSION.dll
0x00007ffc26dc0000 - 0x00007ffc270f6000 	C:\WINDOWS\System32\combase.dll
0x00007ffc25b60000 - 0x00007ffc25be0000 	C:\WINDOWS\System32\bcryptPrimitives.dll
0x00007ffc27da0000 - 0x00007ffc27dce000 	C:\WINDOWS\System32\IMM32.DLL
0x00007ffc18280000 - 0x00007ffc18296000 	C:\Program Files\Java\jdk-11.0.6\bin\vcruntime140.dll
0x00007ffbeeec0000 - 0x00007ffbeef6a000 	C:\Program Files\Java\jdk-11.0.6\bin\msvcp140.dll
0x00007ffbd2fa0000 - 0x00007ffbd3ac9000 	C:\Program Files\Java\jdk-11.0.6\bin\server\jvm.dll
0x00007ffc27d10000 - 0x00007ffc27d18000 	C:\WINDOWS\System32\PSAPI.DLL
0x00007ffc14300000 - 0x00007ffc14309000 	C:\WINDOWS\SYSTEM32\WSOCK32.dll
0x00007ffc27280000 - 0x00007ffc272ef000 	C:\WINDOWS\System32\WS2_32.dll
0x00007ffc218d0000 - 0x00007ffc218f4000 	C:\WINDOWS\SYSTEM32\WINMM.dll
0x00007ffc218a0000 - 0x00007ffc218cd000 	C:\WINDOWS\SYSTEM32\WINMMBASE.dll
0x00007ffc25be0000 - 0x00007ffc25c2a000 	C:\WINDOWS\System32\cfgmgr32.dll
0x00007ffc257f0000 - 0x00007ffc25801000 	C:\WINDOWS\System32\kernel.appcore.dll
0x00007ffc18260000 - 0x00007ffc18271000 	C:\Program Files\Java\jdk-11.0.6\bin\verify.dll
0x00007ffc240b0000 - 0x00007ffc242a4000 	C:\WINDOWS\SYSTEM32\DBGHELP.DLL
0x00007ffc0ff00000 - 0x00007ffc0ff2a000 	C:\WINDOWS\SYSTEM32\dbgcore.DLL
0x00007ffbf1770000 - 0x00007ffbf1799000 	C:\Program Files\Java\jdk-11.0.6\bin\java.dll
0x00007ffbf1510000 - 0x00007ffbf1526000 	C:\Program Files\Java\jdk-11.0.6\bin\zip.dll
0x00007ffbf1760000 - 0x00007ffbf176a000 	C:\Program Files\Java\jdk-11.0.6\bin\jimage.dll
0x00007ffc275c0000 - 0x00007ffc27ca5000 	C:\WINDOWS\System32\SHELL32.dll
0x00007ffc271d0000 - 0x00007ffc27279000 	C:\WINDOWS\System32\shcore.dll
0x00007ffc26230000 - 0x00007ffc269b0000 	C:\WINDOWS\System32\windows.storage.dll
0x00007ffc25860000 - 0x00007ffc25883000 	C:\WINDOWS\System32\profapi.dll
0x00007ffc25810000 - 0x00007ffc2585a000 	C:\WINDOWS\System32\powrprof.dll
0x00007ffc257e0000 - 0x00007ffc257f0000 	C:\WINDOWS\System32\UMPDC.dll
0x00007ffc27dd0000 - 0x00007ffc27e22000 	C:\WINDOWS\System32\shlwapi.dll
0x00007ffc269b0000 - 0x00007ffc269c7000 	C:\WINDOWS\System32\cryptsp.dll
0x00007ffbf14f0000 - 0x00007ffbf1509000 	C:\Program Files\Java\jdk-11.0.6\bin\net.dll
0x00007ffc18f20000 - 0x00007ffc19011000 	C:\WINDOWS\SYSTEM32\WINHTTP.dll
0x00007ffc25050000 - 0x00007ffc250b7000 	C:\WINDOWS\system32\mswsock.dll
0x00007ffbeeea0000 - 0x00007ffbeeeb3000 	C:\Program Files\Java\jdk-11.0.6\bin\nio.dll
0x00007ffc24bc0000 - 0x00007ffc24bf3000 	C:\WINDOWS\system32\rsaenh.dll
0x00007ffc26200000 - 0x00007ffc26226000 	C:\WINDOWS\System32\bcrypt.dll
0x00007ffc25700000 - 0x00007ffc25725000 	C:\WINDOWS\SYSTEM32\USERENV.dll
0x00007ffc25220000 - 0x00007ffc2522c000 	C:\WINDOWS\SYSTEM32\CRYPTBASE.dll
0x00007ffc24d60000 - 0x00007ffc24d9a000 	C:\WINDOWS\SYSTEM32\IPHLPAPI.DLL
0x00007ffc26c50000 - 0x00007ffc26c58000 	C:\WINDOWS\System32\NSI.dll
0x00007ffc19b50000 - 0x00007ffc19b66000 	C:\WINDOWS\SYSTEM32\dhcpcsvc6.DLL
0x00007ffc19c20000 - 0x00007ffc19c3c000 	C:\WINDOWS\SYSTEM32\dhcpcsvc.DLL
0x00007ffc24da0000 - 0x00007ffc24e6a000 	C:\WINDOWS\SYSTEM32\DNSAPI.dll
0x00007ffc0a0a0000 - 0x00007ffc0a0aa000 	C:\Users\Dhanushguntha\AppData\Local\Temp\jansi-1.17.1-8687079232037283928.dll
0x00007ffc09e60000 - 0x00007ffc09e6a000 	C:\Users\Dhanushguntha\AppData\Local\Temp\jansi-1.17.1-12354597004643405688.dll

dbghelp: loaded successfully - version: 4.0.5 - missing functions: none
symbol engine: initialized successfully - sym options: 0x614 - pdb path: .;C:\Program Files\Java\jdk-11.0.6\bin;C:\WINDOWS\SYSTEM32;C:\WINDOWS\WinSxS\amd64_microsoft.windows.common-controls_6595b64144ccf1df_6.0.18362.720_none_e6beb5c51314836b;C:\Program Files\Java\jdk-11.0.6\bin\server;C:\Users\Dhanushguntha\AppData\Local\Temp

VM Arguments:
jvm_args: -Dmaven.multiModuleProjectDirectory=c:\Users\Dhanushguntha\Desktop\webcontroller\webcontroller 
java_command: org.apache.maven.wrapper.MavenWrapperMain help:effective-pom -Doutput=c:\Users\Dhanushguntha\AppData\Roaming\Code\User\workspaceStorage\d205c3bc679c17d61fcbf72b5db58983\vscjava.vscode-maven\ee71d183c705c5bfe83b0961adc837d2 -f c:\Users\Dhanushguntha\Desktop\webcontroller\webcontroller\pom.xml
java_class_path (initial): c:\Users\Dhanushguntha\Desktop\webcontroller\webcontroller\.mvn\wrapper\maven-wrapper.jar
Launcher Type: SUN_STANDARD

[Global flags]
     intx CICompilerCount                          = 3                                         {product} {ergonomic}
     uint ConcGCThreads                            = 1                                         {product} {ergonomic}
     uint G1ConcRefinementThreads                  = 4                                         {product} {ergonomic}
   size_t G1HeapRegionSize                         = 1048576                                   {product} {ergonomic}
    uintx GCDrainStackTargetSize                   = 64                                        {product} {ergonomic}
   size_t InitialHeapSize                          = 134217728                                 {product} {ergonomic}
   size_t MarkStackSize                            = 4194304                                   {product} {ergonomic}
   size_t MaxHeapSize                              = 2118123520                                {product} {ergonomic}
   size_t MaxNewSize                               = 1270874112                                {product} {ergonomic}
   size_t MinHeapDeltaBytes                        = 1048576                                   {product} {ergonomic}
    uintx NonNMethodCodeHeapSize                   = 5830732                                {pd product} {ergonomic}
    uintx NonProfiledCodeHeapSize                  = 122913754                              {pd product} {ergonomic}
    uintx ProfiledCodeHeapSize                     = 122913754                              {pd product} {ergonomic}
    uintx ReservedCodeCacheSize                    = 251658240                              {pd product} {ergonomic}
     bool SegmentedCodeCache                       = true                                      {product} {ergonomic}
     bool UseCompressedClassPointers               = true                                 {lp64_product} {ergonomic}
     bool UseCompressedOops                        = true                                 {lp64_product} {ergonomic}
     bool UseG1GC                                  = true                                      {product} {ergonomic}
     bool UseLargePagesIndividualAllocation        = false                                  {pd product} {ergonomic}

Logging:
Log output configuration:
 #0: stdout all=warning uptime,level,tags
 #1: stderr all=off uptime,level,tags

Environment Variables:
JAVA_HOME=C:\Program Files\Java\jdk-11.0.6
PATH=C:\Python27\;C:\Python27\Scripts;C:\Program Files (x86)\Intel\iCLS Client\;C:\Program Files\Intel\iCLS Client\;C:\windows\system32;C:\windows;C:\windows\System32\Wbem;C:\windows\System32\WindowsPowerShell\v1.0\;C:\Program Files (x86)\Intel\Intel(R) Management Engine Components\DAL;C:\Program Files\Intel\Intel(R) Management Engine Components\DAL;C:\Program Files (x86)\Intel\Intel(R) Management Engine Components\IPT;C:\Program Files\Intel\Intel(R) Management Engine Components\IPT;C:\Program Files (x86)\NVIDIA Corporation\PhysX\Common;C:\WINDOWS\system32;C:\WINDOWS;C:\WINDOWS\System32\Wbem;C:\WINDOWS\System32\WindowsPowerShell\v1.0\;C:\WINDOWS\System32\OpenSSH\;C:\Users\Dhanushguntha\AppData\Local\Programs\Python\Python37;C:\Program Files\Intel\WiFi\bin\;C:\Program Files\Common Files\Intel\WirelessCommon\;C:\Program Files\Git\cmd;C:\Program Files (x86)\Yarn\bin\;C:\Program Files\NVIDIA Corporation\NVIDIA NvDLISR;C:\Program Files\nodejs;C:\ProgramData\chocolatey\bin;C:\Program Files\nodejs\;C:\opt\apache-maven-3.6.3\bin;C:\Program Files\Java\jdk-11.0.6\bin;C:\Users\Dhanushguntha\Anaconda3\Scripts;C:\Users\Dhanushguntha\Anaconda3\Scripts;C:\Users\Dhanushguntha\AppData\Local\Programs\Microsoft VS Code\bin;C:\Users\Dhanushguntha\AppData\Roaming\npm;
USERNAME=Dhanushguntha
OS=Windows_NT
PROCESSOR_IDENTIFIER=Intel64 Family 6 Model 142 Stepping 9, GenuineIntel



---------------  S Y S T E M  ---------------

OS: Windows 10 , 64 bit Build 18362 (10.0.18362.329)

CPU:total 4 (initial active 4) (2 cores per cpu, 2 threads per core) family 6 model 142 stepping 9, cmov, cx8, fxsr, mmx, sse, sse2, sse3, ssse3, sse4.1, sse4.2, popcnt, avx, avx2, aes, clmul, erms, 3dnowpref, lzcnt, ht, tsc, tscinvbit, bmi1, bmi2, adx, fma

Memory: 4k page, system-wide physical 8077M (1163M free)
TotalPageFile size 8077M (AvailPageFile size 5M)
current process WorkingSet (physical memory assigned to process): 125M, peak: 125M
current process commit charge ("private bytes"): 247M, peak: 248M

vm_info: Java HotSpot(TM) 64-Bit Server VM (11.0.6+8-LTS) for windows-amd64 JRE (11.0.6+8-LTS), built on Dec 11 2019 09:17:57 by "mach5one" with MS VC++ 15.5 (VS2017)

END.
