#
# There is insufficient memory for the Java Runtime Environment to continue.
# Native memory allocation (mmap) failed to map 45088768 bytes for Failed to commit area from 0x000000008b600000 to 0x000000008e100000 of length 45088768.
# Possible reasons:
#   The system is out of physical RAM or swap space
#   The process is running with CompressedOops enabled, and the Java Heap may be blocking the growth of the native heap
# Possible solutions:
#   Reduce memory load on the system
#   Increase physical memory or swap space
#   Check if swap backing store is full
#   Decrease Java heap size (-Xmx/-Xms)
#   Decrease number of Java threads
#   Decrease Java thread stack sizes (-Xss)
#   Set larger code cache with -XX:ReservedCodeCacheSize=
#   JVM is running with Unscaled Compressed Oops mode in which the Java heap is
#     placed in the first 4GB address space. The Java Heap base address is the
#     maximum limit for the native heap growth. Please use -XX:HeapBaseMinAddress
#     to set the Java Heap base and to place the Java Heap above 4GB virtual address.
# This output file may be truncated or incomplete.
#
#  Out of Memory Error (t:/workspace/open/src/hotspot/os/windows/os_windows.cpp:3271), pid=1064, tid=8044
#
# JRE version: Java(TM) SE Runtime Environment (11.0.6+8) (build 11.0.6+8-LTS)
# Java VM: Java HotSpot(TM) 64-Bit Server VM (11.0.6+8-LTS, mixed mode, tiered, compressed oops, g1 gc, windows-amd64)
# No core dump will be written. Minidumps are not enabled by default on client versions of Windows
#

---------------  S U M M A R Y ------------

Command Line: -Xverify:none -XX:TieredStopAtLevel=1 com.webcontroller.webcontroller.model.ReactandSpringDataRestApplication

Host: Intel(R) Core(TM) i5-7200U CPU @ 2.50GHz, 4 cores, 7G,  Windows 10 , 64 bit Build 18362 (10.0.18362.778)
Time: Mon Apr 27 12:55:23 2020 India Standard Time elapsed time: 4 seconds (0d 0h 0m 4s)

---------------  T H R E A D  ---------------

Current thread (0x000001d67feb8000):  VMThread "VM Thread" [stack: 0x0000002c28600000,0x0000002c28700000] [id=8044]

Stack: [0x0000002c28600000,0x0000002c28700000]
[error occurred during error reporting (printing stack bounds), id 0xc0000005, EXCEPTION_ACCESS_VIOLATION (0xc0000005) at pc=0x000001d600000bad]

Native frames: (J=compiled Java code, j=interpreted, Vv=VM code, C=native code)
V  [jvm.dll+0x63679a]
V  [jvm.dll+0x7755bf]
V  [jvm.dll+0x776c65]
V  [jvm.dll+0x777235]
V  [jvm.dll+0x7771eb]
V  [jvm.dll+0x635e96]
V  [jvm.dll+0x636268]
C  [ntdll.dll+0xa11cf]
C  [ntdll.dll+0x6a209]
C  [ntdll.dll+0x9fe3e]
C  0x000001d600000bad

VM_Operation (0x0000002c294fa430): G1CollectForAllocation, mode: safepoint, requested by thread 0x000001d614191000


---------------  P R O C E S S  ---------------

Threads class SMR info:
_java_thread_list=0x000001d6178ab1f0, length=17, elements={
0x000001d674ab2800, 0x000001d67fecf000, 0x000001d67fed0800, 0x000001d67fec8000,
0x000001d67fec9800, 0x000001d67fedc800, 0x000001d67fedf800, 0x000001d6138ef000,
0x000001d6138f7800, 0x000001d614199000, 0x000001d614191000, 0x000001d6154ce800,
0x000001d6152b9800, 0x000001d615a71800, 0x000001d615a99000, 0x000001d615a9b000,
0x000001d6177f7800
}

Java Threads: ( => current thread )
  0x000001d674ab2800 JavaThread "main" [_thread_blocked, id=8464, stack(0x0000002c28000000,0x0000002c28100000)]
  0x000001d67fecf000 JavaThread "Reference Handler" daemon [_thread_blocked, id=10868, stack(0x0000002c28700000,0x0000002c28800000)]
  0x000001d67fed0800 JavaThread "Finalizer" daemon [_thread_blocked, id=12216, stack(0x0000002c28800000,0x0000002c28900000)]
  0x000001d67fec8000 JavaThread "Signal Dispatcher" daemon [_thread_blocked, id=13144, stack(0x0000002c28900000,0x0000002c28a00000)]
  0x000001d67fec9800 JavaThread "Attach Listener" daemon [_thread_blocked, id=8296, stack(0x0000002c28a00000,0x0000002c28b00000)]
  0x000001d67fedc800 JavaThread "C1 CompilerThread0" daemon [_thread_blocked, id=4564, stack(0x0000002c28b00000,0x0000002c28c00000)]
  0x000001d67fedf800 JavaThread "Sweeper thread" daemon [_thread_blocked, id=13296, stack(0x0000002c28c00000,0x0000002c28d00000)]
  0x000001d6138ef000 JavaThread "Service Thread" daemon [_thread_blocked, id=1772, stack(0x0000002c28d00000,0x0000002c28e00000)]
  0x000001d6138f7800 JavaThread "Common-Cleaner" daemon [_thread_blocked, id=2312, stack(0x0000002c28f00000,0x0000002c29000000)]
  0x000001d614199000 JavaThread "Thread-0" [_thread_blocked, id=6308, stack(0x0000002c29300000,0x0000002c29400000)]
  0x000001d614191000 JavaThread "restartedMain" [_thread_blocked, id=7616, stack(0x0000002c29400000,0x0000002c29500000)]
  0x000001d6154ce800 JavaThread "HikariPool-1 housekeeper" daemon [_thread_blocked, id=3712, stack(0x0000002c29500000,0x0000002c29600000)]
  0x000001d6152b9800 JavaThread "Catalina-utility-1" [_thread_blocked, id=12620, stack(0x0000002c29700000,0x0000002c29800000)]
  0x000001d615a71800 JavaThread "Catalina-utility-2" [_thread_blocked, id=11584, stack(0x0000002c29800000,0x0000002c29900000)]
  0x000001d615a99000 JavaThread "container-0" [_thread_blocked, id=1004, stack(0x0000002c29900000,0x0000002c29a00000)]
  0x000001d615a9b000 JavaThread "HikariPool-1 connection adder" daemon [_thread_blocked, id=6912, stack(0x0000002c29a00000,0x0000002c29b00000)]
  0x000001d6177f7800 JavaThread "Live Reload Server" daemon [_thread_in_native, id=8404, stack(0x0000002c29c00000,0x0000002c29d00000)]

Other Threads:
=>0x000001d67feb8000 VMThread "VM Thread" [stack: 0x0000002c28600000,0x0000002c28700000] [id=8044]
  0x000001d6138f2000 WatcherThread [stack: 0x0000002c28e00000,0x0000002c28f00000] [id=8696]
  0x000001d674ac9800 GCTaskThread "GC Thread#0" [stack: 0x0000002c28100000,0x0000002c28200000] [id=11540]
  0x000001d61412d800 GCTaskThread "GC Thread#1" [stack: 0x0000002c29000000,0x0000002c29100000] [id=11060]
  0x000001d614132800 GCTaskThread "GC Thread#2" [stack: 0x0000002c29100000,0x0000002c29200000] [id=1416]
  0x000001d614b43000 GCTaskThread "GC Thread#3" [stack: 0x0000002c29600000,0x0000002c29700000] [id=4732]
  0x000001d674af9000 ConcurrentGCThread "G1 Main Marker" [stack: 0x0000002c28200000,0x0000002c28300000] [id=7020]
  0x000001d674afa800 ConcurrentGCThread "G1 Conc#0" [stack: 0x0000002c28300000,0x0000002c28400000] [id=5448]
  0x000001d67fd00800 ConcurrentGCThread "G1 Refine#0" [stack: 0x0000002c28400000,0x0000002c28500000] [id=12360]
  0x000001d613b82800 ConcurrentGCThread "G1 Refine#1" [stack: 0x0000002c29200000,0x0000002c29300000] [id=6104]
  0x000001d674b7c000 ConcurrentGCThread "G1 Young RemSet Sampling" [stack: 0x0000002c28500000,0x0000002c28600000] [id=12608]

Threads with active compile tasks:
C1 CompilerThread04187       1       sun.nio.fs.WindowsPath::normalize (365 bytes)

VM state:at safepoint (normal execution)

VM Mutex/Monitor currently owned by a thread:  ([mutex/lock_event])
[0x000001d674ab1ad0] Threads_lock - owner thread: 0x000001d67feb8000
[0x000001d674ab1890] Heap_lock - owner thread: 0x000001d614191000

Heap address: 0x0000000081c00000, size: 2020 MB, Compressed Oops mode: 32-bit
Narrow klass base: 0x0000000000000000, Narrow klass shift: 3
Compressed class space size: 1073741824 Address: 0x0000000100000000

Heap:
 garbage-first heap   total 201728K, used 21257K [0x0000000081c00000, 0x0000000100000000)
  region size 1024K, 9 young (9216K), 9 survivors (9216K)
 Metaspace       used 49801K, capacity 50949K, committed 51120K, reserved 1093632K
  class space    used 6438K, capacity 6905K, committed 6912K, reserved 1048576K
Heap Regions: E=young(eden), S=young(survivor), O=old, HS=humongous(starts), HC=humongous(continues), CS=collection set, F=free, A=archive, TAMS=top-at-mark-start (previous, next)
|   0|0x0000000081c00000, 0x0000000081d00000, 0x0000000081d00000|100%|HS|  |TAMS 0x0000000081d00000, 0x0000000081d00000| Complete 
|   1|0x0000000081d00000, 0x0000000081e00000, 0x0000000081e00000|100%| O|  |TAMS 0x0000000081e00000, 0x0000000081e00000| Untracked 
|   2|0x0000000081e00000, 0x0000000081f00000, 0x0000000081f00000|100%| O|  |TAMS 0x0000000081f00000, 0x0000000081f00000| Untracked 
|   3|0x0000000081f00000, 0x0000000082000000, 0x0000000082000000|100%| O|  |TAMS 0x0000000082000000, 0x0000000082000000| Untracked 
|   4|0x0000000082000000, 0x0000000082100000, 0x0000000082100000|100%| O|  |TAMS 0x0000000082100000, 0x0000000082100000| Untracked 
|   5|0x0000000082100000, 0x0000000082200000, 0x0000000082200000|100%| O|  |TAMS 0x0000000082200000, 0x0000000082200000| Untracked 
|   6|0x0000000082200000, 0x0000000082300000, 0x0000000082300000|100%| O|  |TAMS 0x0000000082300000, 0x0000000082300000| Untracked 
|   7|0x0000000082300000, 0x0000000082400000, 0x0000000082400000|100%| O|  |TAMS 0x0000000082400000, 0x0000000082400000| Untracked 
|   8|0x0000000082400000, 0x0000000082500000, 0x0000000082500000|100%| O|  |TAMS 0x0000000082500000, 0x0000000082500000| Untracked 
|   9|0x0000000082500000, 0x0000000082600000, 0x0000000082600000|100%| O|  |TAMS 0x0000000082540c00, 0x0000000082600000| Untracked 
|  10|0x0000000082600000, 0x0000000082700000, 0x0000000082700000|100%| O|  |TAMS 0x0000000082600000, 0x0000000082700000| Untracked 
|  11|0x0000000082700000, 0x00000000827c2400, 0x0000000082800000| 75%| O|  |TAMS 0x0000000082700000, 0x00000000827c2400| Untracked 
|  12|0x0000000082800000, 0x0000000082800000, 0x0000000082900000|  0%| F|  |TAMS 0x0000000082800000, 0x0000000082800000| Untracked 
|  13|0x0000000082900000, 0x0000000082900000, 0x0000000082a00000|  0%| F|  |TAMS 0x0000000082900000, 0x0000000082900000| Untracked 
|  14|0x0000000082a00000, 0x0000000082a00000, 0x0000000082b00000|  0%| F|  |TAMS 0x0000000082a00000, 0x0000000082a00000| Untracked 
|  15|0x0000000082b00000, 0x0000000082b00000, 0x0000000082c00000|  0%| F|  |TAMS 0x0000000082b00000, 0x0000000082b00000| Untracked 
|  16|0x0000000082c00000, 0x0000000082c00000, 0x0000000082d00000|  0%| F|  |TAMS 0x0000000082c00000, 0x0000000082c00000| Untracked 
|  17|0x0000000082d00000, 0x0000000082d00000, 0x0000000082e00000|  0%| F|  |TAMS 0x0000000082d00000, 0x0000000082d00000| Untracked 
|  18|0x0000000082e00000, 0x0000000082e00000, 0x0000000082f00000|  0%| F|  |TAMS 0x0000000082e00000, 0x0000000082e00000| Untracked 
|  19|0x0000000082f00000, 0x0000000082f00000, 0x0000000083000000|  0%| F|  |TAMS 0x0000000082f00000, 0x0000000082f00000| Untracked 
|  20|0x0000000083000000, 0x0000000083000000, 0x0000000083100000|  0%| F|  |TAMS 0x0000000083000000, 0x0000000083000000| Untracked 
|  21|0x0000000083100000, 0x0000000083100000, 0x0000000083200000|  0%| F|  |TAMS 0x0000000083100000, 0x0000000083100000| Untracked 
|  22|0x0000000083200000, 0x0000000083200000, 0x0000000083300000|  0%| F|  |TAMS 0x0000000083200000, 0x0000000083200000| Untracked 
|  23|0x0000000083300000, 0x0000000083300000, 0x0000000083400000|  0%| F|  |TAMS 0x0000000083300000, 0x0000000083300000| Untracked 
|  24|0x0000000083400000, 0x0000000083400000, 0x0000000083500000|  0%| F|  |TAMS 0x0000000083400000, 0x0000000083400000| Untracked 
|  25|0x0000000083500000, 0x0000000083500000, 0x0000000083600000|  0%| F|  |TAMS 0x0000000083500000, 0x0000000083500000| Untracked 
|  26|0x0000000083600000, 0x0000000083600000, 0x0000000083700000|  0%| F|  |TAMS 0x0000000083600000, 0x0000000083600000| Untracked 
|  27|0x0000000083700000, 0x0000000083700000, 0x0000000083800000|  0%| F|  |TAMS 0x0000000083700000, 0x0000000083700000| Untracked 
|  28|0x0000000083800000, 0x0000000083800000, 0x0000000083900000|  0%| F|  |TAMS 0x0000000083800000, 0x0000000083800000| Untracked 
|  29|0x0000000083900000, 0x0000000083900000, 0x0000000083a00000|  0%| F|  |TAMS 0x0000000083900000, 0x0000000083900000| Untracked 
|  30|0x0000000083a00000, 0x0000000083a00000, 0x0000000083b00000|  0%| F|  |TAMS 0x0000000083a00000, 0x0000000083a00000| Untracked 
|  31|0x0000000083b00000, 0x0000000083b00000, 0x0000000083c00000|  0%| F|  |TAMS 0x0000000083b00000, 0x0000000083b00000| Untracked 
|  32|0x0000000083c00000, 0x0000000083c00000, 0x0000000083d00000|  0%| F|  |TAMS 0x0000000083c00000, 0x0000000083c00000| Untracked 
|  33|0x0000000083d00000, 0x0000000083d00000, 0x0000000083e00000|  0%| F|  |TAMS 0x0000000083d00000, 0x0000000083d00000| Untracked 
|  34|0x0000000083e00000, 0x0000000083e00000, 0x0000000083f00000|  0%| F|  |TAMS 0x0000000083e00000, 0x0000000083e00000| Untracked 
|  35|0x0000000083f00000, 0x0000000083f00000, 0x0000000084000000|  0%| F|  |TAMS 0x0000000083f00000, 0x0000000083f00000| Untracked 
|  36|0x0000000084000000, 0x0000000084000000, 0x0000000084100000|  0%| F|  |TAMS 0x0000000084000000, 0x0000000084000000| Untracked 
|  37|0x0000000084100000, 0x0000000084100000, 0x0000000084200000|  0%| F|  |TAMS 0x0000000084100000, 0x0000000084100000| Untracked 
|  38|0x0000000084200000, 0x0000000084200000, 0x0000000084300000|  0%| F|  |TAMS 0x0000000084200000, 0x0000000084200000| Untracked 
|  39|0x0000000084300000, 0x0000000084300000, 0x0000000084400000|  0%| F|  |TAMS 0x0000000084300000, 0x0000000084300000| Untracked 
|  40|0x0000000084400000, 0x0000000084400000, 0x0000000084500000|  0%| F|  |TAMS 0x0000000084400000, 0x0000000084400000| Untracked 
|  41|0x0000000084500000, 0x0000000084500000, 0x0000000084600000|  0%| F|  |TAMS 0x0000000084500000, 0x0000000084500000| Untracked 
|  42|0x0000000084600000, 0x0000000084600000, 0x0000000084700000|  0%| F|  |TAMS 0x0000000084600000, 0x0000000084600000| Untracked 
|  43|0x0000000084700000, 0x0000000084700000, 0x0000000084800000|  0%| F|  |TAMS 0x0000000084700000, 0x0000000084700000| Untracked 
|  44|0x0000000084800000, 0x0000000084800000, 0x0000000084900000|  0%| F|  |TAMS 0x0000000084800000, 0x0000000084800000| Untracked 
|  45|0x0000000084900000, 0x0000000084900000, 0x0000000084a00000|  0%| F|  |TAMS 0x0000000084900000, 0x0000000084900000| Untracked 
|  46|0x0000000084a00000, 0x0000000084a00000, 0x0000000084b00000|  0%| F|  |TAMS 0x0000000084a00000, 0x0000000084a00000| Untracked 
|  47|0x0000000084b00000, 0x0000000084b00000, 0x0000000084c00000|  0%| F|  |TAMS 0x0000000084b00000, 0x0000000084b00000| Untracked 
|  48|0x0000000084c00000, 0x0000000084c00000, 0x0000000084d00000|  0%| F|  |TAMS 0x0000000084c00000, 0x0000000084c00000| Untracked 
|  49|0x0000000084d00000, 0x0000000084d00000, 0x0000000084e00000|  0%| F|  |TAMS 0x0000000084d00000, 0x0000000084d00000| Untracked 
|  50|0x0000000084e00000, 0x0000000084e00000, 0x0000000084f00000|  0%| F|  |TAMS 0x0000000084e00000, 0x0000000084e00000| Untracked 
|  51|0x0000000084f00000, 0x0000000084f00000, 0x0000000085000000|  0%| F|  |TAMS 0x0000000084f00000, 0x0000000084f00000| Untracked 
|  52|0x0000000085000000, 0x0000000085000000, 0x0000000085100000|  0%| F|  |TAMS 0x0000000085000000, 0x0000000085000000| Untracked 
|  53|0x0000000085100000, 0x0000000085100000, 0x0000000085200000|  0%| F|  |TAMS 0x0000000085100000, 0x0000000085100000| Untracked 
|  54|0x0000000085200000, 0x0000000085300000, 0x0000000085300000|100%| S|CS|TAMS 0x0000000085200000, 0x0000000085200000| Complete 
|  55|0x0000000085300000, 0x0000000085400000, 0x0000000085400000|100%| S|CS|TAMS 0x0000000085300000, 0x0000000085300000| Complete 
|  56|0x0000000085400000, 0x0000000085500000, 0x0000000085500000|100%| S|CS|TAMS 0x0000000085400000, 0x0000000085400000| Complete 
|  57|0x0000000085500000, 0x0000000085600000, 0x0000000085600000|100%| S|CS|TAMS 0x0000000085500000, 0x0000000085500000| Complete 
|  58|0x0000000085600000, 0x0000000085700000, 0x0000000085700000|100%| S|CS|TAMS 0x0000000085600000, 0x0000000085600000| Complete 
|  59|0x0000000085700000, 0x0000000085800000, 0x0000000085800000|100%| S|CS|TAMS 0x0000000085700000, 0x0000000085700000| Complete 
|  60|0x0000000085800000, 0x0000000085900000, 0x0000000085900000|100%| S|CS|TAMS 0x0000000085800000, 0x0000000085800000| Complete 
|  61|0x0000000085900000, 0x0000000085a00000, 0x0000000085a00000|100%| S|CS|TAMS 0x0000000085900000, 0x0000000085900000| Complete 
|  62|0x0000000085a00000, 0x0000000085b00000, 0x0000000085b00000|100%| S|CS|TAMS 0x0000000085a00000, 0x0000000085a00000| Complete 
|  63|0x0000000085b00000, 0x0000000085b00000, 0x0000000085c00000|  0%| F|  |TAMS 0x0000000085b00000, 0x0000000085b00000| Untracked 
|  64|0x0000000085c00000, 0x0000000085c00000, 0x0000000085d00000|  0%| F|  |TAMS 0x0000000085c00000, 0x0000000085c00000| Untracked 
|  65|0x0000000085d00000, 0x0000000085d00000, 0x0000000085e00000|  0%| F|  |TAMS 0x0000000085d00000, 0x0000000085d00000| Untracked 
|  66|0x0000000085e00000, 0x0000000085e00000, 0x0000000085f00000|  0%| F|  |TAMS 0x0000000085e00000, 0x0000000085e00000| Untracked 
|  67|0x0000000085f00000, 0x0000000085f00000, 0x0000000086000000|  0%| F|  |TAMS 0x0000000085f00000, 0x0000000085f00000| Untracked 
|  68|0x0000000086000000, 0x0000000086000000, 0x0000000086100000|  0%| F|  |TAMS 0x0000000086000000, 0x0000000086000000| Untracked 
|  69|0x0000000086100000, 0x0000000086100000, 0x0000000086200000|  0%| F|  |TAMS 0x0000000086100000, 0x0000000086100000| Untracked 
|  70|0x0000000086200000, 0x0000000086200000, 0x0000000086300000|  0%| F|  |TAMS 0x0000000086200000, 0x0000000086200000| Untracked 
|  71|0x0000000086300000, 0x0000000086300000, 0x0000000086400000|  0%| F|  |TAMS 0x0000000086300000, 0x0000000086300000| Untracked 
|  72|0x0000000086400000, 0x0000000086400000, 0x0000000086500000|  0%| F|  |TAMS 0x0000000086400000, 0x0000000086400000| Untracked 
|  73|0x0000000086500000, 0x0000000086500000, 0x0000000086600000|  0%| F|  |TAMS 0x0000000086500000, 0x0000000086500000| Untracked 
|  74|0x0000000086600000, 0x0000000086600000, 0x0000000086700000|  0%| F|  |TAMS 0x0000000086600000, 0x0000000086600000| Untracked 
|  75|0x0000000086700000, 0x0000000086700000, 0x0000000086800000|  0%| F|  |TAMS 0x0000000086700000, 0x0000000086700000| Untracked 
|  76|0x0000000086800000, 0x0000000086800000, 0x0000000086900000|  0%| F|  |TAMS 0x0000000086800000, 0x0000000086800000| Untracked 
|  77|0x0000000086900000, 0x0000000086900000, 0x0000000086a00000|  0%| F|  |TAMS 0x0000000086900000, 0x0000000086900000| Untracked 
|  78|0x0000000086a00000, 0x0000000086a00000, 0x0000000086b00000|  0%| F|  |TAMS 0x0000000086a00000, 0x0000000086a00000| Untracked 
|  79|0x0000000086b00000, 0x0000000086b00000, 0x0000000086c00000|  0%| F|  |TAMS 0x0000000086b00000, 0x0000000086b00000| Untracked 
|  80|0x0000000086c00000, 0x0000000086c00000, 0x0000000086d00000|  0%| F|  |TAMS 0x0000000086c00000, 0x0000000086c00000| Untracked 
|  81|0x0000000086d00000, 0x0000000086d00000, 0x0000000086e00000|  0%| F|  |TAMS 0x0000000086d00000, 0x0000000086d00000| Untracked 
|  82|0x0000000086e00000, 0x0000000086e00000, 0x0000000086f00000|  0%| F|  |TAMS 0x0000000086e00000, 0x0000000086e00000| Untracked 
|  83|0x0000000086f00000, 0x0000000086f00000, 0x0000000087000000|  0%| F|  |TAMS 0x0000000086f00000, 0x0000000086f00000| Untracked 
|  84|0x0000000087000000, 0x0000000087000000, 0x0000000087100000|  0%| F|  |TAMS 0x0000000087000000, 0x0000000087000000| Untracked 
|  85|0x0000000087100000, 0x0000000087100000, 0x0000000087200000|  0%| F|  |TAMS 0x0000000087100000, 0x0000000087100000| Untracked 
|  86|0x0000000087200000, 0x0000000087200000, 0x0000000087300000|  0%| F|  |TAMS 0x0000000087200000, 0x0000000087200000| Untracked 
|  87|0x0000000087300000, 0x0000000087300000, 0x0000000087400000|  0%| F|  |TAMS 0x0000000087300000, 0x0000000087300000| Untracked 
|  88|0x0000000087400000, 0x0000000087400000, 0x0000000087500000|  0%| F|  |TAMS 0x0000000087400000, 0x0000000087400000| Untracked 
|  89|0x0000000087500000, 0x0000000087500000, 0x0000000087600000|  0%| F|  |TAMS 0x0000000087500000, 0x0000000087500000| Untracked 
|  90|0x0000000087600000, 0x0000000087600000, 0x0000000087700000|  0%| F|  |TAMS 0x0000000087600000, 0x0000000087600000| Untracked 
|  91|0x0000000087700000, 0x0000000087700000, 0x0000000087800000|  0%| F|  |TAMS 0x0000000087700000, 0x0000000087700000| Untracked 
|  92|0x0000000087800000, 0x0000000087800000, 0x0000000087900000|  0%| F|  |TAMS 0x0000000087800000, 0x0000000087800000| Untracked 
|  93|0x0000000087900000, 0x0000000087900000, 0x0000000087a00000|  0%| F|  |TAMS 0x0000000087900000, 0x0000000087900000| Untracked 
|  94|0x0000000087a00000, 0x0000000087a00000, 0x0000000087b00000|  0%| F|  |TAMS 0x0000000087a00000, 0x0000000087a00000| Untracked 
|  95|0x0000000087b00000, 0x0000000087b00000, 0x0000000087c00000|  0%| F|  |TAMS 0x0000000087b00000, 0x0000000087b00000| Untracked 
|  96|0x0000000087c00000, 0x0000000087c00000, 0x0000000087d00000|  0%| F|  |TAMS 0x0000000087c00000, 0x0000000087c00000| Untracked 
|  97|0x0000000087d00000, 0x0000000087d00000, 0x0000000087e00000|  0%| F|  |TAMS 0x0000000087d00000, 0x0000000087d00000| Untracked 
|  98|0x0000000087e00000, 0x0000000087e00000, 0x0000000087f00000|  0%| F|  |TAMS 0x0000000087e00000, 0x0000000087e00000| Untracked 
|  99|0x0000000087f00000, 0x0000000087f00000, 0x0000000088000000|  0%| F|  |TAMS 0x0000000087f00000, 0x0000000087f00000| Untracked 
| 100|0x0000000088000000, 0x0000000088000000, 0x0000000088100000|  0%| F|  |TAMS 0x0000000088000000, 0x0000000088000000| Untracked 
| 101|0x0000000088100000, 0x0000000088100000, 0x0000000088200000|  0%| F|  |TAMS 0x0000000088100000, 0x0000000088100000| Untracked 
| 102|0x0000000088200000, 0x0000000088200000, 0x0000000088300000|  0%| F|  |TAMS 0x0000000088200000, 0x0000000088200000| Untracked 
| 103|0x0000000088300000, 0x0000000088300000, 0x0000000088400000|  0%| F|  |TAMS 0x0000000088300000, 0x0000000088300000| Untracked 
| 104|0x0000000088400000, 0x0000000088400000, 0x0000000088500000|  0%| F|  |TAMS 0x0000000088400000, 0x0000000088400000| Untracked 
| 105|0x0000000088500000, 0x0000000088500000, 0x0000000088600000|  0%| F|  |TAMS 0x0000000088500000, 0x0000000088500000| Untracked 
| 106|0x0000000088600000, 0x0000000088600000, 0x0000000088700000|  0%| F|  |TAMS 0x0000000088600000, 0x0000000088600000| Untracked 
| 107|0x0000000088700000, 0x0000000088700000, 0x0000000088800000|  0%| F|  |TAMS 0x0000000088700000, 0x0000000088700000| Untracked 
| 108|0x0000000088800000, 0x0000000088800000, 0x0000000088900000|  0%| F|  |TAMS 0x0000000088800000, 0x0000000088800000| Untracked 
| 109|0x0000000088900000, 0x0000000088900000, 0x0000000088a00000|  0%| F|  |TAMS 0x0000000088900000, 0x0000000088900000| Untracked 
| 110|0x0000000088a00000, 0x0000000088a00000, 0x0000000088b00000|  0%| F|  |TAMS 0x0000000088a00000, 0x0000000088a00000| Untracked 
| 111|0x0000000088b00000, 0x0000000088b00000, 0x0000000088c00000|  0%| F|  |TAMS 0x0000000088b00000, 0x0000000088b00000| Untracked 
| 112|0x0000000088c00000, 0x0000000088c00000, 0x0000000088d00000|  0%| F|  |TAMS 0x0000000088c00000, 0x0000000088c00000| Untracked 
| 113|0x0000000088d00000, 0x0000000088d00000, 0x0000000088e00000|  0%| F|  |TAMS 0x0000000088d00000, 0x0000000088d00000| Untracked 
| 114|0x0000000088e00000, 0x0000000088e00000, 0x0000000088f00000|  0%| F|  |TAMS 0x0000000088e00000, 0x0000000088e00000| Untracked 
| 115|0x0000000088f00000, 0x0000000088f00000, 0x0000000089000000|  0%| F|  |TAMS 0x0000000088f00000, 0x0000000088f00000| Untracked 
| 116|0x0000000089000000, 0x0000000089000000, 0x0000000089100000|  0%| F|  |TAMS 0x0000000089000000, 0x0000000089000000| Untracked 
| 117|0x0000000089100000, 0x0000000089100000, 0x0000000089200000|  0%| F|  |TAMS 0x0000000089100000, 0x0000000089100000| Untracked 
| 118|0x0000000089200000, 0x0000000089200000, 0x0000000089300000|  0%| F|  |TAMS 0x0000000089200000, 0x0000000089200000| Untracked 
| 119|0x0000000089300000, 0x0000000089300000, 0x0000000089400000|  0%| F|  |TAMS 0x0000000089300000, 0x0000000089300000| Untracked 
| 120|0x0000000089400000, 0x0000000089400000, 0x0000000089500000|  0%| F|  |TAMS 0x0000000089400000, 0x0000000089400000| Untracked 
| 121|0x0000000089500000, 0x0000000089500000, 0x0000000089600000|  0%| F|  |TAMS 0x0000000089500000, 0x0000000089500000| Untracked 
| 122|0x0000000089600000, 0x0000000089600000, 0x0000000089700000|  0%| F|  |TAMS 0x0000000089600000, 0x0000000089600000| Untracked 
| 123|0x0000000089700000, 0x0000000089700000, 0x0000000089800000|  0%| F|  |TAMS 0x0000000089700000, 0x0000000089700000| Untracked 
| 124|0x0000000089800000, 0x0000000089800000, 0x0000000089900000|  0%| F|  |TAMS 0x0000000089800000, 0x0000000089800000| Untracked 
| 125|0x0000000089900000, 0x0000000089900000, 0x0000000089a00000|  0%| F|  |TAMS 0x0000000089900000, 0x0000000089900000| Untracked 
| 126|0x0000000089a00000, 0x0000000089a00000, 0x0000000089b00000|  0%| F|  |TAMS 0x0000000089a00000, 0x0000000089a00000| Untracked 
| 127|0x0000000089b00000, 0x0000000089b00000, 0x0000000089c00000|  0%| F|  |TAMS 0x0000000089b00000, 0x0000000089b00000| Untracked 
| 128|0x0000000089c00000, 0x0000000089c00000, 0x0000000089d00000|  0%| F|  |TAMS 0x0000000089c00000, 0x0000000089c00000| Untracked 
| 129|0x0000000089d00000, 0x0000000089d00000, 0x0000000089e00000|  0%| F|  |TAMS 0x0000000089d00000, 0x0000000089d00000| Untracked 
| 130|0x0000000089e00000, 0x0000000089e00000, 0x0000000089f00000|  0%| F|  |TAMS 0x0000000089e00000, 0x0000000089e00000| Untracked 
| 131|0x0000000089f00000, 0x0000000089f00000, 0x000000008a000000|  0%| F|  |TAMS 0x0000000089f00000, 0x0000000089f00000| Untracked 
| 132|0x000000008a000000, 0x000000008a000000, 0x000000008a100000|  0%| F|  |TAMS 0x000000008a000000, 0x000000008a000000| Untracked 
| 133|0x000000008a100000, 0x000000008a100000, 0x000000008a200000|  0%| F|  |TAMS 0x000000008a100000, 0x000000008a100000| Untracked 
| 134|0x000000008a200000, 0x000000008a200000, 0x000000008a300000|  0%| F|  |TAMS 0x000000008a200000, 0x000000008a200000| Untracked 
| 135|0x000000008a300000, 0x000000008a300000, 0x000000008a400000|  0%| F|  |TAMS 0x000000008a300000, 0x000000008a300000| Untracked 
| 136|0x000000008a400000, 0x000000008a400000, 0x000000008a500000|  0%| F|  |TAMS 0x000000008a400000, 0x000000008a400000| Untracked 
| 137|0x000000008a500000, 0x000000008a500000, 0x000000008a600000|  0%| F|  |TAMS 0x000000008a500000, 0x000000008a500000| Untracked 
| 138|0x000000008a600000, 0x000000008a600000, 0x000000008a700000|  0%| F|  |TAMS 0x000000008a600000, 0x000000008a600000| Untracked 
| 139|0x000000008a700000, 0x000000008a700000, 0x000000008a800000|  0%| F|  |TAMS 0x000000008a700000, 0x000000008a700000| Untracked 
| 140|0x000000008a800000, 0x000000008a800000, 0x000000008a900000|  0%| F|  |TAMS 0x000000008a800000, 0x000000008a800000| Untracked 
| 141|0x000000008a900000, 0x000000008a900000, 0x000000008aa00000|  0%| F|  |TAMS 0x000000008a900000, 0x000000008a900000| Untracked 
| 142|0x000000008aa00000, 0x000000008aa00000, 0x000000008ab00000|  0%| F|  |TAMS 0x000000008aa00000, 0x000000008aa00000| Untracked 
| 143|0x000000008ab00000, 0x000000008ab00000, 0x000000008ac00000|  0%| F|  |TAMS 0x000000008ab00000, 0x000000008ab00000| Untracked 
| 144|0x000000008ac00000, 0x000000008ac00000, 0x000000008ad00000|  0%| F|  |TAMS 0x000000008ac00000, 0x000000008ac00000| Untracked 
| 145|0x000000008ad00000, 0x000000008ad00000, 0x000000008ae00000|  0%| F|  |TAMS 0x000000008ad00000, 0x000000008ad00000| Untracked 
| 146|0x000000008ae00000, 0x000000008ae00000, 0x000000008af00000|  0%| F|  |TAMS 0x000000008ae00000, 0x000000008ae00000| Untracked 
| 147|0x000000008af00000, 0x000000008af00000, 0x000000008b000000|  0%| F|  |TAMS 0x000000008af00000, 0x000000008af00000| Untracked 
| 148|0x000000008b000000, 0x000000008b000000, 0x000000008b100000|  0%| F|  |TAMS 0x000000008b000000, 0x000000008b000000| Untracked 
| 149|0x000000008b100000, 0x000000008b100000, 0x000000008b200000|  0%| F|  |TAMS 0x000000008b100000, 0x000000008b100000| Untracked 
| 150|0x000000008b200000, 0x000000008b200000, 0x000000008b300000|  0%| F|  |TAMS 0x000000008b200000, 0x000000008b200000| Untracked 
| 151|0x000000008b300000, 0x000000008b300000, 0x000000008b400000|  0%| F|  |TAMS 0x000000008b300000, 0x000000008b300000| Untracked 
| 152|0x000000008b400000, 0x000000008b400000, 0x000000008b500000|  0%| F|  |TAMS 0x000000008b400000, 0x000000008b400000| Untracked 
| 153|0x000000008b500000, 0x000000008b500000, 0x000000008b600000|  0%| F|  |TAMS 0x000000008b500000, 0x000000008b500000| Untracked 

Card table byte_map: [0x000001d67d230000,0x000001d67d630000] _byte_map_base: 0x000001d67ce22000

Marking Bits (Prev, Next): (CMBitMap*) 0x000001d674aef938, (CMBitMap*) 0x000001d674aef970
 Prev Bits: [0x000001d67da30000, 0x000001d67f9c0000)
 Next Bits: [0x000001d60f000000, 0x000001d610f90000)

Polling page: 0x000001d672a50000

Metaspace:

Usage:
  Non-class:     43.01 MB capacity,    42.35 MB ( 98%) used,   544.41 KB (  1%) free+waste,   136.75 KB ( <1%) overhead. 
      Class:      6.74 MB capacity,     6.29 MB ( 93%) used,   400.82 KB (  6%) free+waste,    65.63 KB ( <1%) overhead. 
       Both:     49.75 MB capacity,    48.63 MB ( 98%) used,   945.23 KB (  2%) free+waste,   202.38 KB ( <1%) overhead. 

Virtual space:
  Non-class space:       44.00 MB reserved,      43.17 MB ( 98%) committed 
      Class space:        1.00 GB reserved,       6.75 MB ( <1%) committed 
             Both:        1.04 GB reserved,      49.92 MB (  5%) committed 

Chunk freelists:
   Non-Class:  4.50 KB
       Class:  896 bytes
        Both:  5.38 KB

CodeHeap 'non-profiled nmethods': size=238912Kb used=6886Kb max_used=6886Kb free=232025Kb
 bounds [0x000001d6006b0000, 0x000001d600d70000, 0x000001d60f000000]
CodeHeap 'non-nmethods': size=6848Kb used=1205Kb max_used=1205Kb free=5642Kb
 bounds [0x000001d600000000, 0x000001d600270000, 0x000001d6006b0000]
 total_blobs=4766 nmethods=4165 adapters=490
 compilation: enabled
              stopped_count=0, restarted_count=0
 full_count=0

Compilation events (10 events):
Event: 4.331 Thread 0x000001d67fedc800 nmethod 4182 0x000001d600d67090 code [0x000001d600d67260, 0x000001d600d674a0]
Event: 4.331 Thread 0x000001d67fedc800 4183       1       org.springframework.util.ClassUtils::findMethodCandidatesByName (68 bytes)
Event: 4.331 Thread 0x000001d67fedc800 nmethod 4183 0x000001d600d67590 code [0x000001d600d677c0, 0x000001d600d67bd0]
Event: 4.331 Thread 0x000001d67fedc800 4184       1       java.util.HashSet::<init> (17 bytes)
Event: 4.331 Thread 0x000001d67fedc800 nmethod 4184 0x000001d600d67e90 code [0x000001d600d68080, 0x000001d600d68290]
Event: 4.339 Thread 0x000001d67fedc800 4185   !   1       com.sun.beans.introspect.MethodInfo::get (143 bytes)
Event: 4.340 Thread 0x000001d67fedc800 nmethod 4185 0x000001d600d68390 code [0x000001d600d68620, 0x000001d600d68f90]
Event: 4.341 Thread 0x000001d67fedc800 4186       1       org.springframework.beans.factory.support.AbstractBeanFactory::isPrototypeCurrentlyInCreation (46 bytes)
Event: 4.342 Thread 0x000001d67fedc800 nmethod 4186 0x000001d600d69410 code [0x000001d600d695e0, 0x000001d600d69870]
Event: 4.345 Thread 0x000001d67fedc800 4187       1       sun.nio.fs.WindowsPath::normalize (365 bytes)

GC Heap History (10 events):
Event: 1.242 GC heap after
{Heap after GC invocations=5 (full 0):
 garbage-first heap   total 131072K, used 8821K [0x0000000081c00000, 0x0000000100000000)
  region size 1024K, 3 young (3072K), 3 survivors (3072K)
 Metaspace       used 20690K, capacity 21145K, committed 21296K, reserved 1069056K
  class space    used 2449K, capacity 2640K, committed 2688K, reserved 1048576K
}
Event: 1.510 GC heap before
{Heap before GC invocations=6 (full 0):
 garbage-first heap   total 131072K, used 65141K [0x0000000081c00000, 0x0000000100000000)
  region size 1024K, 59 young (60416K), 3 survivors (3072K)
 Metaspace       used 23359K, capacity 23968K, committed 24240K, reserved 1071104K
  class space    used 2794K, capacity 3006K, committed 3072K, reserved 1048576K
}
Event: 1.517 GC heap after
{Heap after GC invocations=7 (full 0):
 garbage-first heap   total 157696K, used 9833K [0x0000000081c00000, 0x0000000100000000)
  region size 1024K, 4 young (4096K), 4 survivors (4096K)
 Metaspace       used 23359K, capacity 23968K, committed 24240K, reserved 1071104K
  class space    used 2794K, capacity 3006K, committed 3072K, reserved 1048576K
}
Event: 2.277 GC heap before
{Heap before GC invocations=7 (full 0):
 garbage-first heap   total 157696K, used 81513K [0x0000000081c00000, 0x0000000100000000)
  region size 1024K, 74 young (75776K), 4 survivors (4096K)
 Metaspace       used 27220K, capacity 28048K, committed 28208K, reserved 1073152K
  class space    used 3381K, capacity 3678K, committed 3712K, reserved 1048576K
}
Event: 2.284 GC heap after
{Heap after GC invocations=8 (full 0):
 garbage-first heap   total 157696K, used 12659K [0x0000000081c00000, 0x0000000100000000)
  region size 1024K, 7 young (7168K), 7 survivors (7168K)
 Metaspace       used 27220K, capacity 28048K, committed 28208K, reserved 1073152K
  class space    used 3381K, capacity 3678K, committed 3712K, reserved 1048576K
}
Event: 3.037 GC heap before
{Heap before GC invocations=8 (full 0):
 garbage-first heap   total 157696K, used 92531K [0x0000000081c00000, 0x0000000100000000)
  region size 1024K, 86 young (88064K), 7 survivors (7168K)
 Metaspace       used 32679K, capacity 33708K, committed 33840K, reserved 1079296K
  class space    used 4045K, capacity 4427K, committed 4480K, reserved 1048576K
}
Event: 3.048 GC heap after
{Heap after GC invocations=9 (full 0):
 garbage-first heap   total 157696K, used 15816K [0x0000000081c00000, 0x0000000100000000)
  region size 1024K, 8 young (8192K), 8 survivors (8192K)
 Metaspace       used 32679K, capacity 33708K, committed 33840K, reserved 1079296K
  class space    used 4045K, capacity 4427K, committed 4480K, reserved 1048576K
}
Event: 3.250 GC heap before
{Heap before GC invocations=9 (full 0):
 garbage-first heap   total 157696K, used 68040K [0x0000000081c00000, 0x0000000100000000)
  region size 1024K, 61 young (62464K), 8 survivors (8192K)
 Metaspace       used 34728K, capacity 35797K, committed 35888K, reserved 1081344K
  class space    used 4242K, capacity 4677K, committed 4736K, reserved 1048576K
}
Event: 3.264 GC heap after
{Heap after GC invocations=10 (full 0):
 garbage-first heap   total 157696K, used 17667K [0x0000000081c00000, 0x0000000100000000)
  region size 1024K, 8 young (8192K), 8 survivors (8192K)
 Metaspace       used 34728K, capacity 35797K, committed 35888K, reserved 1081344K
  class space    used 4242K, capacity 4677K, committed 4736K, reserved 1048576K
}
Event: 4.347 GC heap before
{Heap before GC invocations=11 (full 0):
 garbage-first heap   total 157696K, used 102659K [0x0000000081c00000, 0x0000000100000000)
  region size 1024K, 91 young (93184K), 8 survivors (8192K)
 Metaspace       used 49801K, capacity 50949K, committed 51120K, reserved 1093632K
  class space    used 6438K, capacity 6905K, committed 6912K, reserved 1048576K
}

Deoptimization events (0 events):
No events

Classes redefined (0 events):
No events

Internal exceptions (10 events):
Event: 4.338 Thread 0x000001d614191000 Exception <a 'java/lang/ClassNotFoundException'{0x0000000085cf7560}: java/lang/ObjectCustomizer> (0x0000000085cf7560) thrown at [t:/workspace/open/src/hotspot/share/classfile/systemDictionary.cpp, line 231]
Event: 4.338 Thread 0x000001d614191000 Exception <a 'java/lang/ClassNotFoundException'{0x0000000085b0b098}: org/springframework/core/io/support/PropertiesLoaderSupportCustomizer> (0x0000000085b0b098) thrown at [t:/workspace/open/src/hotspot/share/classfile/systemDictionary.cpp, line 231]
Event: 4.339 Thread 0x000001d614191000 Exception <a 'java/lang/ClassNotFoundException'{0x0000000085b23f00}: org/springframework/beans/factory/config/PropertiesFactoryBeanCustomizer> (0x0000000085b23f00) thrown at [t:/workspace/open/src/hotspot/share/classfile/systemDictionary.cpp, line 231]
Event: 4.340 Thread 0x000001d614191000 Exception <a 'java/lang/ClassNotFoundException'{0x0000000085b42ba8}: org/springframework/beans/factory/FactoryBeanCustomizer> (0x0000000085b42ba8) thrown at [t:/workspace/open/src/hotspot/share/classfile/systemDictionary.cpp, line 231]
Event: 4.340 Thread 0x000001d614191000 Exception <a 'java/lang/ClassNotFoundException'{0x0000000085b548f8}: org/springframework/beans/factory/InitializingBeanCustomizer> (0x0000000085b548f8) thrown at [t:/workspace/open/src/hotspot/share/classfile/systemDictionary.cpp, line 231]
Event: 4.342 Thread 0x000001d614191000 Exception <a 'java/lang/ClassNotFoundException'{0x0000000085b7eeb8}: java/lang/ObjectCustomizer> (0x0000000085b7eeb8) thrown at [t:/workspace/open/src/hotspot/share/classfile/systemDictionary.cpp, line 231]
Event: 4.343 Thread 0x000001d614191000 Exception <a 'java/lang/ClassNotFoundException'{0x0000000085b93bf0}: org/springframework/data/repository/core/support/PropertiesBasedNamedQueriesCustomizer> (0x0000000085b93bf0) thrown at [t:/workspace/open/src/hotspot/share/classfile/systemDictionary.cpp
Event: 4.343 Thread 0x000001d614191000 Exception <a 'java/lang/ClassNotFoundException'{0x0000000085ba52b0}: org/springframework/data/repository/core/NamedQueriesCustomizer> (0x0000000085ba52b0) thrown at [t:/workspace/open/src/hotspot/share/classfile/systemDictionary.cpp, line 231]
Event: 4.346 Thread 0x000001d614191000 Exception <a 'java/lang/ClassNotFoundException'{0x0000000085bddf70}: java/lang/ObjectCustomizer> (0x0000000085bddf70) thrown at [t:/workspace/open/src/hotspot/share/classfile/systemDictionary.cpp, line 231]
Event: 4.346 Thread 0x000001d614191000 Exception <a 'java/lang/ClassNotFoundException'{0x0000000085bf2bd8}: org/springframework/data/repository/core/support/RepositoryFragmentsFactoryBeanCustomizer> (0x0000000085bf2bd8) thrown at [t:/workspace/open/src/hotspot/share/classfile/systemDictionary.

Events (10 events):
Event: 4.346 loading class org/springframework/data/repository/core/support/RepositoryFragmentsFactoryBeanCustomizer done
Event: 4.346 loading class org/springframework/data/repository/core/support/RepositoryFragmentsFactoryBeanCustomizer
Event: 4.346 loading class org/springframework/data/repository/core/support/RepositoryFragmentsFactoryBeanCustomizer done
Event: 4.346 loading class org/springframework/data/repository/core/support/RepositoryFragmentsFactoryBeanCustomizer
Event: 4.346 loading class org/springframework/data/repository/core/support/RepositoryFragmentsFactoryBeanCustomizer done
Event: 4.346 loading class javax/annotation/Nonnull
Event: 4.346 loading class javax/annotation/Nonnull done
Event: 4.347 loading class javax/annotation/Nonnull
Event: 4.347 loading class javax/annotation/Nonnull done
Event: 4.347 Executing VM operation: G1CollectForAllocation


Dynamic libraries:
0x00007ff608800000 - 0x00007ff608847000 	C:\Program Files\Java\jdk-11.0.6\bin\java.exe
0x00007ffc4e880000 - 0x00007ffc4ea70000 	C:\WINDOWS\SYSTEM32\ntdll.dll
0x00007ffc4e420000 - 0x00007ffc4e4d2000 	C:\WINDOWS\System32\KERNEL32.DLL
0x00007ffc4ba60000 - 0x00007ffc4bd03000 	C:\WINDOWS\System32\KERNELBASE.dll
0x00007ffc4e720000 - 0x00007ffc4e7c3000 	C:\WINDOWS\System32\ADVAPI32.dll
0x00007ffc4e4e0000 - 0x00007ffc4e57e000 	C:\WINDOWS\System32\msvcrt.dll
0x00007ffc4cf10000 - 0x00007ffc4cfa7000 	C:\WINDOWS\System32\sechost.dll
0x00007ffc4da10000 - 0x00007ffc4db30000 	C:\WINDOWS\System32\RPCRT4.dll
0x00007ffc4e580000 - 0x00007ffc4e714000 	C:\WINDOWS\System32\USER32.dll
0x00007ffc4b870000 - 0x00007ffc4b891000 	C:\WINDOWS\System32\win32u.dll
0x00007ffc4cde0000 - 0x00007ffc4ce06000 	C:\WINDOWS\System32\GDI32.dll
0x00007ffc4b8c0000 - 0x00007ffc4ba54000 	C:\WINDOWS\System32\gdi32full.dll
0x00007ffc4bd70000 - 0x00007ffc4be0e000 	C:\WINDOWS\System32\msvcp_win.dll
0x00007ffc4c5c0000 - 0x00007ffc4c6ba000 	C:\WINDOWS\System32\ucrtbase.dll
0x00007ffc3d050000 - 0x00007ffc3d2d5000 	C:\WINDOWS\WinSxS\amd64_microsoft.windows.common-controls_6595b64144ccf1df_6.0.18362.778_none_e6c6b761130d4fb8\COMCTL32.dll
0x00007ffc4dba0000 - 0x00007ffc4ded6000 	C:\WINDOWS\System32\combase.dll
0x00007ffc43590000 - 0x00007ffc4359a000 	C:\WINDOWS\SYSTEM32\VERSION.dll
0x00007ffc4c6c0000 - 0x00007ffc4c740000 	C:\WINDOWS\System32\bcryptPrimitives.dll
0x00007ffc4ce10000 - 0x00007ffc4ce3e000 	C:\WINDOWS\System32\IMM32.DLL
0x00007ffc342b0000 - 0x00007ffc342c6000 	C:\Program Files\Java\jdk-11.0.6\bin\vcruntime140.dll
0x00007ffc1e9b0000 - 0x00007ffc1ea5a000 	C:\Program Files\Java\jdk-11.0.6\bin\msvcp140.dll
0x00007ffbfeed0000 - 0x00007ffbff9f9000 	C:\Program Files\Java\jdk-11.0.6\bin\server\jvm.dll
0x00007ffc4e7d0000 - 0x00007ffc4e7d8000 	C:\WINDOWS\System32\PSAPI.DLL
0x00007ffc38a70000 - 0x00007ffc38a79000 	C:\WINDOWS\SYSTEM32\WSOCK32.dll
0x00007ffc4db30000 - 0x00007ffc4db9f000 	C:\WINDOWS\System32\WS2_32.dll
0x00007ffc47660000 - 0x00007ffc47684000 	C:\WINDOWS\SYSTEM32\WINMM.dll
0x00007ffc47630000 - 0x00007ffc4765d000 	C:\WINDOWS\SYSTEM32\WINMMBASE.dll
0x00007ffc4c740000 - 0x00007ffc4c78a000 	C:\WINDOWS\System32\cfgmgr32.dll
0x00007ffc4b850000 - 0x00007ffc4b861000 	C:\WINDOWS\System32\kernel.appcore.dll
0x00007ffc2c0b0000 - 0x00007ffc2c0c1000 	C:\Program Files\Java\jdk-11.0.6\bin\verify.dll
0x00007ffc4a080000 - 0x00007ffc4a274000 	C:\WINDOWS\SYSTEM32\DBGHELP.DLL
0x00007ffc35c10000 - 0x00007ffc35c3a000 	C:\WINDOWS\SYSTEM32\dbgcore.DLL
0x00007ffc27f30000 - 0x00007ffc27f59000 	C:\Program Files\Java\jdk-11.0.6\bin\java.dll
0x00007ffc2b4f0000 - 0x00007ffc2b506000 	C:\Program Files\Java\jdk-11.0.6\bin\zip.dll
0x00007ffc44e80000 - 0x00007ffc44e8a000 	C:\Program Files\Java\jdk-11.0.6\bin\jimage.dll
0x00007ffc4d2a0000 - 0x00007ffc4d985000 	C:\WINDOWS\System32\SHELL32.dll
0x00007ffc4cfb0000 - 0x00007ffc4d059000 	C:\WINDOWS\System32\shcore.dll
0x00007ffc4be40000 - 0x00007ffc4c5c0000 	C:\WINDOWS\System32\windows.storage.dll
0x00007ffc4b820000 - 0x00007ffc4b843000 	C:\WINDOWS\System32\profapi.dll
0x00007ffc4b7d0000 - 0x00007ffc4b81a000 	C:\WINDOWS\System32\powrprof.dll
0x00007ffc4b7a0000 - 0x00007ffc4b7b0000 	C:\WINDOWS\System32\UMPDC.dll
0x00007ffc4d060000 - 0x00007ffc4d0b2000 	C:\WINDOWS\System32\shlwapi.dll
0x00007ffc4b8a0000 - 0x00007ffc4b8b7000 	C:\WINDOWS\System32\cryptsp.dll
0x00007ffc27de0000 - 0x00007ffc27df9000 	C:\Program Files\Java\jdk-11.0.6\bin\net.dll
0x00007ffc3ebe0000 - 0x00007ffc3ecd0000 	C:\WINDOWS\SYSTEM32\WINHTTP.dll
0x00007ffc4b010000 - 0x00007ffc4b077000 	C:\WINDOWS\system32\mswsock.dll
0x00007ffc27dc0000 - 0x00007ffc27dd3000 	C:\Program Files\Java\jdk-11.0.6\bin\nio.dll
0x00007ffc37930000 - 0x00007ffc37939000 	C:\Program Files\Java\jdk-11.0.6\bin\management.dll
0x00007ffc37140000 - 0x00007ffc3714c000 	C:\Program Files\Java\jdk-11.0.6\bin\management_ext.dll
0x00007ffc2f6b0000 - 0x00007ffc2f6c6000 	C:\WINDOWS\system32\napinsp.dll
0x00007ffc2f690000 - 0x00007ffc2f6aa000 	C:\WINDOWS\system32\pnrpnsp.dll
0x00007ffc4adc0000 - 0x00007ffc4ae8a000 	C:\WINDOWS\SYSTEM32\DNSAPI.dll
0x00007ffc4c990000 - 0x00007ffc4c998000 	C:\WINDOWS\System32\NSI.dll
0x00007ffc4ad20000 - 0x00007ffc4ad5a000 	C:\WINDOWS\SYSTEM32\IPHLPAPI.DLL
0x00007ffc31e00000 - 0x00007ffc31e0e000 	C:\WINDOWS\System32\winrnr.dll
0x00007ffc47830000 - 0x00007ffc4784c000 	C:\WINDOWS\system32\NLAapi.dll
0x00007ffc2f670000 - 0x00007ffc2f685000 	C:\WINDOWS\system32\wshbth.dll
0x00007ffc3db90000 - 0x00007ffc3db9a000 	C:\Windows\System32\rasadhlp.dll
0x00007ffc3f7e0000 - 0x00007ffc3f857000 	C:\WINDOWS\System32\fwpuclnt.dll
0x00007ffc4be10000 - 0x00007ffc4be36000 	C:\WINDOWS\System32\bcrypt.dll
0x00007ffc4ab80000 - 0x00007ffc4abb3000 	C:\WINDOWS\system32\rsaenh.dll
0x00007ffc4b690000 - 0x00007ffc4b6b5000 	C:\WINDOWS\SYSTEM32\USERENV.dll
0x00007ffc4b1e0000 - 0x00007ffc4b1ec000 	C:\WINDOWS\SYSTEM32\CRYPTBASE.dll
0x00007ffc3fb10000 - 0x00007ffc3fb26000 	C:\WINDOWS\SYSTEM32\dhcpcsvc6.DLL
0x00007ffc40310000 - 0x00007ffc4032c000 	C:\WINDOWS\SYSTEM32\dhcpcsvc.DLL

dbghelp: loaded successfully - version: 4.0.5 - missing functions: none
symbol engine: initialized successfully - sym options: 0x614 - pdb path: .;C:\Program Files\Java\jdk-11.0.6\bin;C:\WINDOWS\SYSTEM32;C:\WINDOWS\WinSxS\amd64_microsoft.windows.common-controls_6595b64144ccf1df_6.0.18362.778_none_e6c6b761130d4fb8;C:\Program Files\Java\jdk-11.0.6\bin\server

VM Arguments:
jvm_args: -Xverify:none -XX:TieredStopAtLevel=1 
java_command: com.webcontroller.webcontroller.model.ReactandSpringDataRestApplication
java_class_path (initial): C:\Users\Dhanushguntha\Desktop\webcontroller\webcontroller\target\classes;C:\Users\Dhanushguntha\.m2\repository\org\springframework\boot\spring-boot-starter-data-jpa\2.2.5.RELEASE\spring-boot-starter-data-jpa-2.2.5.RELEASE.jar;C:\Users\Dhanushguntha\.m2\repository\org\springframework\boot\spring-boot-starter-aop\2.2.5.RELEASE\spring-boot-starter-aop-2.2.5.RELEASE.jar;C:\Users\Dhanushguntha\.m2\repository\org\springframework\spring-aop\5.2.4.RELEASE\spring-aop-5.2.4.RELEASE.jar;C:\Users\Dhanushguntha\.m2\repository\org\aspectj\aspectjweaver\1.9.5\aspectjweaver-1.9.5.jar;C:\Users\Dhanushguntha\.m2\repository\org\springframework\boot\spring-boot-starter-jdbc\2.2.5.RELEASE\spring-boot-starter-jdbc-2.2.5.RELEASE.jar;C:\Users\Dhanushguntha\.m2\repository\com\zaxxer\HikariCP\3.4.2\HikariCP-3.4.2.jar;C:\Users\Dhanushguntha\.m2\repository\org\springframework\spring-jdbc\5.2.4.RELEASE\spring-jdbc-5.2.4.RELEASE.jar;C:\Users\Dhanushguntha\.m2\repository\jakarta\activation\jakarta.activation-api\1.2.2\jakarta.activation-api-1.2.2.jar;C:\Users\Dhanushguntha\.m2\repository\jakarta\persistence\jakarta.persistence-api\2.2.3\jakarta.persistence-api-2.2.3.jar;C:\Users\Dhanushguntha\.m2\repository\jakarta\transaction\jakarta.transaction-api\1.3.3\jakarta.transaction-api-1.3.3.jar;C:\Users\Dhanushguntha\.m2\repository\org\hibernate\hibernate-core\5.4.12.Final\hibernate-core-5.4.12.Final.jar;C:\Users\Dhanushguntha\.m2\repository\org\jboss\logging\jboss-logging\3.4.1.Final\jboss-logging-3.4.1.Final.jar;C:\Users\Dhanushguntha\.m2\repository\org\javassist\javassist\3.24.0-GA\javassist-3.24.0-GA.jar;C:\Users\Dhanushguntha\.m2\repository\net\bytebuddy\byte-buddy\1.10.8\byte-buddy-1.10.8.jar;C:\Users\Dhanushguntha\.m2\repository\antlr\antlr\2.7.7\antlr-2.7.7.jar;C:\Users\Dhanushguntha\.m2\repository\org\jboss\jandex\2.1.1.Final\jandex-2.1.1.Final.jar;C:\Users\Dhanushguntha\.m2\repository\com\fasterxml\classmate\1.5.1\classmate-1.5.1.jar;C:\Users\Dhanushguntha\.m2\r
Launcher Type: SUN_STANDARD

[Global flags]
     bool BytecodeVerificationLocal                = false                                     {product} {command line}
     bool BytecodeVerificationRemote               = false                                     {product} {command line}
     intx CICompilerCount                          = 3                                         {product} {ergonomic}
     uint ConcGCThreads                            = 1                                         {product} {ergonomic}
     uint G1ConcRefinementThreads                  = 4                                         {product} {ergonomic}
   size_t G1HeapRegionSize                         = 1048576                                   {product} {ergonomic}
    uintx GCDrainStackTargetSize                   = 64                                        {product} {ergonomic}
   size_t InitialHeapSize                          = 134217728                                 {product} {ergonomic}
   size_t MarkStackSize                            = 4194304                                   {product} {ergonomic}
   size_t MaxHeapSize                              = 2118123520                                {product} {ergonomic}
   size_t MaxNewSize                               = 1270874112                                {product} {ergonomic}
   size_t MinHeapDeltaBytes                        = 1048576                                   {product} {ergonomic}
    uintx NonNMethodCodeHeapSize                   = 6973028                                {pd product} {ergonomic}
    uintx NonProfiledCodeHeapSize                  = 244685212                              {pd product} {ergonomic}
    uintx ProfiledCodeHeapSize                     = 0                                      {pd product} {ergonomic}
    uintx ReservedCodeCacheSize                    = 251658240                              {pd product} {ergonomic}
     bool SegmentedCodeCache                       = true                                      {product} {ergonomic}
     intx TieredStopAtLevel                        = 1                                         {product} {command line}
     bool UseCompressedClassPointers               = true                                 {lp64_product} {ergonomic}
     bool UseCompressedOops                        = true                                 {lp64_product} {ergonomic}
     bool UseG1GC                                  = true                                      {product} {ergonomic}
     bool UseLargePagesIndividualAllocation        = false                                  {pd product} {ergonomic}

Logging:
Log output configuration:
 #0: stdout all=warning uptime,level,tags
 #1: stderr all=off uptime,level,tags

Environment Variables:
JAVA_HOME=C:\Program Files\Java\jdk-11.0.6
PATH=C:\Program Files (x86)\Intel\iCLS Client\;C:\Program Files\Intel\iCLS Client\;C:\windows\system32;C:\windows;C:\windows\System32\Wbem;C:\windows\System32\WindowsPowerShell\v1.0\;C:\Program Files (x86)\Intel\Intel(R) Management Engine Components\DAL;C:\Program Files\Intel\Intel(R) Management Engine Components\DAL;C:\Program Files (x86)\Intel\Intel(R) Management Engine Components\IPT;C:\Program Files\Intel\Intel(R) Management Engine Components\IPT;C:\Program Files (x86)\NVIDIA Corporation\PhysX\Common;C:\WINDOWS\system32;C:\WINDOWS;C:\WINDOWS\System32\Wbem;C:\WINDOWS\System32\WindowsPowerShell\v1.0\;C:\WINDOWS\System32\OpenSSH\;C:\Program Files\Intel\WiFi\bin\;C:\Program Files\Common Files\Intel\WirelessCommon\;C:\Program Files\Git\cmd;C:\Program Files (x86)\Yarn\bin\;C:\Program Files\NVIDIA Corporation\NVIDIA NvDLISR;C:\Program Files\nodejs;C:\ProgramData\chocolatey\bin;C:\Program Files\nodejs\;C:\opt\apache-maven-3.6.3\bin;C:\Program Files\Java\jdk-11.0.6\bin;C:\Users\Dhanushguntha\AppData\Local\Programs\Python\Python38\Scripts\;C:\Users\Dhanushguntha\AppData\Local\Programs\Python\Python38\;C:\Users\Dhanushguntha\anaconda3;C:\Users\Dhanushguntha\anaconda3\Library\mingw-w64\bin;C:\Users\Dhanushguntha\anaconda3\Library\usr\bin;C:\Users\Dhanushguntha\anaconda3\Library\bin;C:\Users\Dhanushguntha\anaconda3\Scripts;C:\Users\Dhanushguntha\AppData\Local\Programs\Microsoft VS Code\bin;C:\Users\Dhanushguntha\AppData\Roaming\npm;
USERNAME=Dhanushguntha
OS=Windows_NT
PROCESSOR_IDENTIFIER=Intel64 Family 6 Model 142 Stepping 9, GenuineIntel



---------------  S Y S T E M  ---------------

OS: Windows 10 , 64 bit Build 18362 (10.0.18362.778)

CPU:total 4 (initial active 4) (2 cores per cpu, 2 threads per core) family 6 model 142 stepping 9, cmov, cx8, fxsr, mmx, sse, sse2, sse3, ssse3, sse4.1, sse4.2, popcnt, avx, avx2, aes, clmul, erms, 3dnowpref, lzcnt, ht, tsc, tscinvbit, bmi1, bmi2, adx, fma

Memory: 4k page, system-wide physical 8077M (1035M free)
TotalPageFile size 8077M (AvailPageFile size 41M)
current process WorkingSet (physical memory assigned to process): 220M, peak: 220M
current process commit charge ("private bytes"): 299M, peak: 342M

vm_info: Java HotSpot(TM) 64-Bit Server VM (11.0.6+8-LTS) for windows-amd64 JRE (11.0.6+8-LTS), built on Dec 11 2019 09:17:57 by "mach5one" with MS VC++ 15.5 (VS2017)

END.
