#
# There is insufficient memory for the Java Runtime Environment to continue.
# Native memory allocation (malloc) failed to allocate 32744 bytes for ChunkPool::allocate
# Possible reasons:
#   The system is out of physical RAM or swap space
#   The process is running with CompressedOops enabled, and the Java Heap may be blocking the growth of the native heap
# Possible solutions:
#   Reduce memory load on the system
#   Increase physical memory or swap space
#   Check if swap backing store is full
#   Decrease Java heap size (-Xmx/-Xms)
#   Decrease number of Java threads
#   Decrease Java thread stack sizes (-Xss)
#   Set larger code cache with -XX:ReservedCodeCacheSize=
#   JVM is running with Unscaled Compressed Oops mode in which the Java heap is
#     placed in the first 4GB address space. The Java Heap base address is the
#     maximum limit for the native heap growth. Please use -XX:HeapBaseMinAddress
#     to set the Java Heap base and to place the Java Heap above 4GB virtual address.
# This output file may be truncated or incomplete.
#
#  Out of Memory Error (t:/workspace/open/src/hotspot/share/memory/arena.cpp:81), pid=3088, tid=8560
#
# JRE version: Java(TM) SE Runtime Environment (11.0.6+8) (build 11.0.6+8-LTS)
# Java VM: Java HotSpot(TM) 64-Bit Server VM (11.0.6+8-LTS, mixed mode, tiered, compressed oops, g1 gc, windows-amd64)
# No core dump will be written. Minidumps are not enabled by default on client versions of Windows
#

---------------  S U M M A R Y ------------

Command Line: -Dmaven.multiModuleProjectDirectory=c:\Users\Dhanushguntha\Desktop\webcontroller\webcontroller org.apache.maven.wrapper.MavenWrapperMain help:effective-pom -Doutput=c:\Users\Dhanushguntha\AppData\Roaming\Code\User\workspaceStorage\d205c3bc679c17d61fcbf72b5db58983\vscjava.vscode-maven\ee71d183c705c5bfe83b0961adc837d2 -f c:\Users\Dhanushguntha\Desktop\webcontroller\webcontroller\pom.xml

Host: Intel(R) Core(TM) i5-7200U CPU @ 2.50GHz, 4 cores, 7G,  Windows 10 , 64 bit Build 18362 (10.0.18362.329)
Time: Sun Apr  5 17:05:37 2020 India Standard Time elapsed time: 4 seconds (0d 0h 0m 4s)

---------------  T H R E A D  ---------------

Current thread (0x000001f15546c000):  JavaThread "C1 CompilerThread0" daemon [_thread_in_native, id=8560, stack(0x0000001b5c800000,0x0000001b5c900000)]


Current CompileTask:
C1:   4448  619       3       java.net.URLStreamHandler::parseURL (1201 bytes)

Stack: [0x0000001b5c800000,0x0000001b5c900000]
Native frames: (J=compiled Java code, j=interpreted, Vv=VM code, C=native code)
V  [jvm.dll+0x63679a]
V  [jvm.dll+0x7755bf]
V  [jvm.dll+0x776c65]
V  [jvm.dll+0x7772d3]
V  [jvm.dll+0x25e7f8]
V  [jvm.dll+0xc1e3b]
V  [jvm.dll+0xc219c]
V  [jvm.dll+0x114abc]
V  [jvm.dll+0x178736]
V  [jvm.dll+0x178ef3]
V  [jvm.dll+0x12c7bf]
V  [jvm.dll+0x12bfc9]
V  [jvm.dll+0x12c1ff]
V  [jvm.dll+0x12b377]
V  [jvm.dll+0x12d417]
V  [jvm.dll+0x226544]
V  [jvm.dll+0x224b28]
V  [jvm.dll+0x73a9c5]
V  [jvm.dll+0x733905]
V  [jvm.dll+0x635846]
C  [ucrtbase.dll+0x20e72]
C  [KERNEL32.DLL+0x17bd4]
C  [ntdll.dll+0x6ced1]


---------------  P R O C E S S  ---------------

Threads class SMR info:
_java_thread_list=0x000001f15555b7e0, length=10, elements={
0x000001f134796800, 0x000001f154a8f000, 0x000001f154a90000, 0x000001f154aaf800,
0x000001f154ab0000, 0x000001f154ab1000, 0x000001f15546c000, 0x000001f15546d000,
0x000001f155598000, 0x000001f155586800
}

Java Threads: ( => current thread )
  0x000001f134796800 JavaThread "main" [_thread_in_vm, id=13052, stack(0x0000001b5bb00000,0x0000001b5bc00000)]
  0x000001f154a8f000 JavaThread "Reference Handler" daemon [_thread_blocked, id=5840, stack(0x0000001b5c300000,0x0000001b5c400000)]
  0x000001f154a90000 JavaThread "Finalizer" daemon [_thread_blocked, id=8312, stack(0x0000001b5c400000,0x0000001b5c500000)]
  0x000001f154aaf800 JavaThread "Signal Dispatcher" daemon [_thread_blocked, id=13576, stack(0x0000001b5c500000,0x0000001b5c600000)]
  0x000001f154ab0000 JavaThread "Attach Listener" daemon [_thread_blocked, id=13388, stack(0x0000001b5c600000,0x0000001b5c700000)]
  0x000001f154ab1000 JavaThread "C2 CompilerThread0" daemon [_thread_in_native, id=2020, stack(0x0000001b5c700000,0x0000001b5c800000)]
=>0x000001f15546c000 JavaThread "C1 CompilerThread0" daemon [_thread_in_native, id=8560, stack(0x0000001b5c800000,0x0000001b5c900000)]
  0x000001f15546d000 JavaThread "Sweeper thread" daemon [_thread_blocked, id=4316, stack(0x0000001b5c900000,0x0000001b5ca00000)]
  0x000001f155598000 JavaThread "Service Thread" daemon [_thread_blocked, id=14116, stack(0x0000001b5ca00000,0x0000001b5cb00000)]
  0x000001f155586800 JavaThread "Common-Cleaner" daemon [_thread_blocked, id=10656, stack(0x0000001b5cc00000,0x0000001b5cd00000)]

Other Threads:
  0x000001f154a69000 VMThread "VM Thread" [stack: 0x0000001b5c200000,0x0000001b5c300000] [id=9832]
  0x000001f155585800 WatcherThread [stack: 0x0000001b5cb00000,0x0000001b5cc00000] [id=12684]
  0x000001f1347ad800 GCTaskThread "GC Thread#0" [stack: 0x0000001b5bd00000,0x0000001b5be00000] [id=11380]
  0x000001f1347dc800 ConcurrentGCThread "G1 Main Marker" [stack: 0x0000001b5be00000,0x0000001b5bf00000] [id=10180]
  0x000001f1347dd800 ConcurrentGCThread "G1 Conc#0" [stack: 0x0000001b5bf00000,0x0000001b5c000000] [id=2292]
  0x000001f1548e0800 ConcurrentGCThread "G1 Refine#0" [stack: 0x0000001b5c000000,0x0000001b5c100000] [id=6104]
  0x000001f1548e1000 ConcurrentGCThread "G1 Young RemSet Sampling" [stack: 0x0000001b5c100000,0x0000001b5c200000] [id=4444]

Threads with active compile tasks:
C2 CompilerThread0 622       4       java.lang.String::startsWith (138 bytes)
C1 CompilerThread0 619       3       java.net.URLStreamHandler::parseURL (1201 bytes)

VM state:not at safepoint (normal execution)

VM Mutex/Monitor currently owned by a thread: None

Heap address: 0x0000000081c00000, size: 2020 MB, Compressed Oops mode: 32-bit
Narrow klass base: 0x0000000000000000, Narrow klass shift: 3
Compressed class space size: 1073741824 Address: 0x0000000100000000

Heap:
 garbage-first heap   total 131072K, used 9216K [0x0000000081c00000, 0x0000000100000000)
  region size 1024K, 10 young (10240K), 0 survivors (0K)
 Metaspace       used 9087K, capacity 9287K, committed 9344K, reserved 1058816K
  class space    used 812K, capacity 883K, committed 896K, reserved 1048576K
Heap Regions: E=young(eden), S=young(survivor), O=old, HS=humongous(starts), HC=humongous(continues), CS=collection set, F=free, A=archive, TAMS=top-at-mark-start (previous, next)
|   0|0x0000000081c00000, 0x0000000081c00000, 0x0000000081d00000|  0%| F|  |TAMS 0x0000000081c00000, 0x0000000081c00000| Untracked 
|   1|0x0000000081d00000, 0x0000000081d00000, 0x0000000081e00000|  0%| F|  |TAMS 0x0000000081d00000, 0x0000000081d00000| Untracked 
|   2|0x0000000081e00000, 0x0000000081e00000, 0x0000000081f00000|  0%| F|  |TAMS 0x0000000081e00000, 0x0000000081e00000| Untracked 
|   3|0x0000000081f00000, 0x0000000081f00000, 0x0000000082000000|  0%| F|  |TAMS 0x0000000081f00000, 0x0000000081f00000| Untracked 
|   4|0x0000000082000000, 0x0000000082000000, 0x0000000082100000|  0%| F|  |TAMS 0x0000000082000000, 0x0000000082000000| Untracked 
|   5|0x0000000082100000, 0x0000000082100000, 0x0000000082200000|  0%| F|  |TAMS 0x0000000082100000, 0x0000000082100000| Untracked 
|   6|0x0000000082200000, 0x0000000082200000, 0x0000000082300000|  0%| F|  |TAMS 0x0000000082200000, 0x0000000082200000| Untracked 
|   7|0x0000000082300000, 0x0000000082300000, 0x0000000082400000|  0%| F|  |TAMS 0x0000000082300000, 0x0000000082300000| Untracked 
|   8|0x0000000082400000, 0x0000000082400000, 0x0000000082500000|  0%| F|  |TAMS 0x0000000082400000, 0x0000000082400000| Untracked 
|   9|0x0000000082500000, 0x0000000082500000, 0x0000000082600000|  0%| F|  |TAMS 0x0000000082500000, 0x0000000082500000| Untracked 
|  10|0x0000000082600000, 0x0000000082600000, 0x0000000082700000|  0%| F|  |TAMS 0x0000000082600000, 0x0000000082600000| Untracked 
|  11|0x0000000082700000, 0x0000000082700000, 0x0000000082800000|  0%| F|  |TAMS 0x0000000082700000, 0x0000000082700000| Untracked 
|  12|0x0000000082800000, 0x0000000082800000, 0x0000000082900000|  0%| F|  |TAMS 0x0000000082800000, 0x0000000082800000| Untracked 
|  13|0x0000000082900000, 0x0000000082900000, 0x0000000082a00000|  0%| F|  |TAMS 0x0000000082900000, 0x0000000082900000| Untracked 
|  14|0x0000000082a00000, 0x0000000082a00000, 0x0000000082b00000|  0%| F|  |TAMS 0x0000000082a00000, 0x0000000082a00000| Untracked 
|  15|0x0000000082b00000, 0x0000000082b00000, 0x0000000082c00000|  0%| F|  |TAMS 0x0000000082b00000, 0x0000000082b00000| Untracked 
|  16|0x0000000082c00000, 0x0000000082c00000, 0x0000000082d00000|  0%| F|  |TAMS 0x0000000082c00000, 0x0000000082c00000| Untracked 
|  17|0x0000000082d00000, 0x0000000082d00000, 0x0000000082e00000|  0%| F|  |TAMS 0x0000000082d00000, 0x0000000082d00000| Untracked 
|  18|0x0000000082e00000, 0x0000000082e00000, 0x0000000082f00000|  0%| F|  |TAMS 0x0000000082e00000, 0x0000000082e00000| Untracked 
|  19|0x0000000082f00000, 0x0000000082f00000, 0x0000000083000000|  0%| F|  |TAMS 0x0000000082f00000, 0x0000000082f00000| Untracked 
|  20|0x0000000083000000, 0x0000000083000000, 0x0000000083100000|  0%| F|  |TAMS 0x0000000083000000, 0x0000000083000000| Untracked 
|  21|0x0000000083100000, 0x0000000083100000, 0x0000000083200000|  0%| F|  |TAMS 0x0000000083100000, 0x0000000083100000| Untracked 
|  22|0x0000000083200000, 0x0000000083200000, 0x0000000083300000|  0%| F|  |TAMS 0x0000000083200000, 0x0000000083200000| Untracked 
|  23|0x0000000083300000, 0x0000000083300000, 0x0000000083400000|  0%| F|  |TAMS 0x0000000083300000, 0x0000000083300000| Untracked 
|  24|0x0000000083400000, 0x0000000083400000, 0x0000000083500000|  0%| F|  |TAMS 0x0000000083400000, 0x0000000083400000| Untracked 
|  25|0x0000000083500000, 0x0000000083500000, 0x0000000083600000|  0%| F|  |TAMS 0x0000000083500000, 0x0000000083500000| Untracked 
|  26|0x0000000083600000, 0x0000000083600000, 0x0000000083700000|  0%| F|  |TAMS 0x0000000083600000, 0x0000000083600000| Untracked 
|  27|0x0000000083700000, 0x0000000083700000, 0x0000000083800000|  0%| F|  |TAMS 0x0000000083700000, 0x0000000083700000| Untracked 
|  28|0x0000000083800000, 0x0000000083800000, 0x0000000083900000|  0%| F|  |TAMS 0x0000000083800000, 0x0000000083800000| Untracked 
|  29|0x0000000083900000, 0x0000000083900000, 0x0000000083a00000|  0%| F|  |TAMS 0x0000000083900000, 0x0000000083900000| Untracked 
|  30|0x0000000083a00000, 0x0000000083a00000, 0x0000000083b00000|  0%| F|  |TAMS 0x0000000083a00000, 0x0000000083a00000| Untracked 
|  31|0x0000000083b00000, 0x0000000083b00000, 0x0000000083c00000|  0%| F|  |TAMS 0x0000000083b00000, 0x0000000083b00000| Untracked 
|  32|0x0000000083c00000, 0x0000000083c00000, 0x0000000083d00000|  0%| F|  |TAMS 0x0000000083c00000, 0x0000000083c00000| Untracked 
|  33|0x0000000083d00000, 0x0000000083d00000, 0x0000000083e00000|  0%| F|  |TAMS 0x0000000083d00000, 0x0000000083d00000| Untracked 
|  34|0x0000000083e00000, 0x0000000083e00000, 0x0000000083f00000|  0%| F|  |TAMS 0x0000000083e00000, 0x0000000083e00000| Untracked 
|  35|0x0000000083f00000, 0x0000000083f00000, 0x0000000084000000|  0%| F|  |TAMS 0x0000000083f00000, 0x0000000083f00000| Untracked 
|  36|0x0000000084000000, 0x0000000084000000, 0x0000000084100000|  0%| F|  |TAMS 0x0000000084000000, 0x0000000084000000| Untracked 
|  37|0x0000000084100000, 0x0000000084100000, 0x0000000084200000|  0%| F|  |TAMS 0x0000000084100000, 0x0000000084100000| Untracked 
|  38|0x0000000084200000, 0x0000000084200000, 0x0000000084300000|  0%| F|  |TAMS 0x0000000084200000, 0x0000000084200000| Untracked 
|  39|0x0000000084300000, 0x0000000084300000, 0x0000000084400000|  0%| F|  |TAMS 0x0000000084300000, 0x0000000084300000| Untracked 
|  40|0x0000000084400000, 0x0000000084400000, 0x0000000084500000|  0%| F|  |TAMS 0x0000000084400000, 0x0000000084400000| Untracked 
|  41|0x0000000084500000, 0x0000000084500000, 0x0000000084600000|  0%| F|  |TAMS 0x0000000084500000, 0x0000000084500000| Untracked 
|  42|0x0000000084600000, 0x0000000084600000, 0x0000000084700000|  0%| F|  |TAMS 0x0000000084600000, 0x0000000084600000| Untracked 
|  43|0x0000000084700000, 0x0000000084700000, 0x0000000084800000|  0%| F|  |TAMS 0x0000000084700000, 0x0000000084700000| Untracked 
|  44|0x0000000084800000, 0x0000000084800000, 0x0000000084900000|  0%| F|  |TAMS 0x0000000084800000, 0x0000000084800000| Untracked 
|  45|0x0000000084900000, 0x0000000084900000, 0x0000000084a00000|  0%| F|  |TAMS 0x0000000084900000, 0x0000000084900000| Untracked 
|  46|0x0000000084a00000, 0x0000000084a00000, 0x0000000084b00000|  0%| F|  |TAMS 0x0000000084a00000, 0x0000000084a00000| Untracked 
|  47|0x0000000084b00000, 0x0000000084b00000, 0x0000000084c00000|  0%| F|  |TAMS 0x0000000084b00000, 0x0000000084b00000| Untracked 
|  48|0x0000000084c00000, 0x0000000084c00000, 0x0000000084d00000|  0%| F|  |TAMS 0x0000000084c00000, 0x0000000084c00000| Untracked 
|  49|0x0000000084d00000, 0x0000000084d00000, 0x0000000084e00000|  0%| F|  |TAMS 0x0000000084d00000, 0x0000000084d00000| Untracked 
|  50|0x0000000084e00000, 0x0000000084e00000, 0x0000000084f00000|  0%| F|  |TAMS 0x0000000084e00000, 0x0000000084e00000| Untracked 
|  51|0x0000000084f00000, 0x0000000084f00000, 0x0000000085000000|  0%| F|  |TAMS 0x0000000084f00000, 0x0000000084f00000| Untracked 
|  52|0x0000000085000000, 0x0000000085000000, 0x0000000085100000|  0%| F|  |TAMS 0x0000000085000000, 0x0000000085000000| Untracked 
|  53|0x0000000085100000, 0x0000000085100000, 0x0000000085200000|  0%| F|  |TAMS 0x0000000085100000, 0x0000000085100000| Untracked 
|  54|0x0000000085200000, 0x0000000085200000, 0x0000000085300000|  0%| F|  |TAMS 0x0000000085200000, 0x0000000085200000| Untracked 
|  55|0x0000000085300000, 0x0000000085300000, 0x0000000085400000|  0%| F|  |TAMS 0x0000000085300000, 0x0000000085300000| Untracked 
|  56|0x0000000085400000, 0x0000000085400000, 0x0000000085500000|  0%| F|  |TAMS 0x0000000085400000, 0x0000000085400000| Untracked 
|  57|0x0000000085500000, 0x0000000085500000, 0x0000000085600000|  0%| F|  |TAMS 0x0000000085500000, 0x0000000085500000| Untracked 
|  58|0x0000000085600000, 0x0000000085600000, 0x0000000085700000|  0%| F|  |TAMS 0x0000000085600000, 0x0000000085600000| Untracked 
|  59|0x0000000085700000, 0x0000000085700000, 0x0000000085800000|  0%| F|  |TAMS 0x0000000085700000, 0x0000000085700000| Untracked 
|  60|0x0000000085800000, 0x0000000085800000, 0x0000000085900000|  0%| F|  |TAMS 0x0000000085800000, 0x0000000085800000| Untracked 
|  61|0x0000000085900000, 0x0000000085900000, 0x0000000085a00000|  0%| F|  |TAMS 0x0000000085900000, 0x0000000085900000| Untracked 
|  62|0x0000000085a00000, 0x0000000085a00000, 0x0000000085b00000|  0%| F|  |TAMS 0x0000000085a00000, 0x0000000085a00000| Untracked 
|  63|0x0000000085b00000, 0x0000000085b00000, 0x0000000085c00000|  0%| F|  |TAMS 0x0000000085b00000, 0x0000000085b00000| Untracked 
|  64|0x0000000085c00000, 0x0000000085c00000, 0x0000000085d00000|  0%| F|  |TAMS 0x0000000085c00000, 0x0000000085c00000| Untracked 
|  65|0x0000000085d00000, 0x0000000085d00000, 0x0000000085e00000|  0%| F|  |TAMS 0x0000000085d00000, 0x0000000085d00000| Untracked 
|  66|0x0000000085e00000, 0x0000000085e00000, 0x0000000085f00000|  0%| F|  |TAMS 0x0000000085e00000, 0x0000000085e00000| Untracked 
|  67|0x0000000085f00000, 0x0000000085f00000, 0x0000000086000000|  0%| F|  |TAMS 0x0000000085f00000, 0x0000000085f00000| Untracked 
|  68|0x0000000086000000, 0x0000000086000000, 0x0000000086100000|  0%| F|  |TAMS 0x0000000086000000, 0x0000000086000000| Untracked 
|  69|0x0000000086100000, 0x0000000086100000, 0x0000000086200000|  0%| F|  |TAMS 0x0000000086100000, 0x0000000086100000| Untracked 
|  70|0x0000000086200000, 0x0000000086200000, 0x0000000086300000|  0%| F|  |TAMS 0x0000000086200000, 0x0000000086200000| Untracked 
|  71|0x0000000086300000, 0x0000000086300000, 0x0000000086400000|  0%| F|  |TAMS 0x0000000086300000, 0x0000000086300000| Untracked 
|  72|0x0000000086400000, 0x0000000086400000, 0x0000000086500000|  0%| F|  |TAMS 0x0000000086400000, 0x0000000086400000| Untracked 
|  73|0x0000000086500000, 0x0000000086500000, 0x0000000086600000|  0%| F|  |TAMS 0x0000000086500000, 0x0000000086500000| Untracked 
|  74|0x0000000086600000, 0x0000000086600000, 0x0000000086700000|  0%| F|  |TAMS 0x0000000086600000, 0x0000000086600000| Untracked 
|  75|0x0000000086700000, 0x0000000086700000, 0x0000000086800000|  0%| F|  |TAMS 0x0000000086700000, 0x0000000086700000| Untracked 
|  76|0x0000000086800000, 0x0000000086800000, 0x0000000086900000|  0%| F|  |TAMS 0x0000000086800000, 0x0000000086800000| Untracked 
|  77|0x0000000086900000, 0x0000000086900000, 0x0000000086a00000|  0%| F|  |TAMS 0x0000000086900000, 0x0000000086900000| Untracked 
|  78|0x0000000086a00000, 0x0000000086a00000, 0x0000000086b00000|  0%| F|  |TAMS 0x0000000086a00000, 0x0000000086a00000| Untracked 
|  79|0x0000000086b00000, 0x0000000086b00000, 0x0000000086c00000|  0%| F|  |TAMS 0x0000000086b00000, 0x0000000086b00000| Untracked 
|  80|0x0000000086c00000, 0x0000000086c00000, 0x0000000086d00000|  0%| F|  |TAMS 0x0000000086c00000, 0x0000000086c00000| Untracked 
|  81|0x0000000086d00000, 0x0000000086d00000, 0x0000000086e00000|  0%| F|  |TAMS 0x0000000086d00000, 0x0000000086d00000| Untracked 
|  82|0x0000000086e00000, 0x0000000086e00000, 0x0000000086f00000|  0%| F|  |TAMS 0x0000000086e00000, 0x0000000086e00000| Untracked 
|  83|0x0000000086f00000, 0x0000000086f00000, 0x0000000087000000|  0%| F|  |TAMS 0x0000000086f00000, 0x0000000086f00000| Untracked 
|  84|0x0000000087000000, 0x0000000087000000, 0x0000000087100000|  0%| F|  |TAMS 0x0000000087000000, 0x0000000087000000| Untracked 
|  85|0x0000000087100000, 0x0000000087100000, 0x0000000087200000|  0%| F|  |TAMS 0x0000000087100000, 0x0000000087100000| Untracked 
|  86|0x0000000087200000, 0x0000000087200000, 0x0000000087300000|  0%| F|  |TAMS 0x0000000087200000, 0x0000000087200000| Untracked 
|  87|0x0000000087300000, 0x0000000087300000, 0x0000000087400000|  0%| F|  |TAMS 0x0000000087300000, 0x0000000087300000| Untracked 
|  88|0x0000000087400000, 0x0000000087400000, 0x0000000087500000|  0%| F|  |TAMS 0x0000000087400000, 0x0000000087400000| Untracked 
|  89|0x0000000087500000, 0x0000000087500000, 0x0000000087600000|  0%| F|  |TAMS 0x0000000087500000, 0x0000000087500000| Untracked 
|  90|0x0000000087600000, 0x0000000087600000, 0x0000000087700000|  0%| F|  |TAMS 0x0000000087600000, 0x0000000087600000| Untracked 
|  91|0x0000000087700000, 0x0000000087700000, 0x0000000087800000|  0%| F|  |TAMS 0x0000000087700000, 0x0000000087700000| Untracked 
|  92|0x0000000087800000, 0x0000000087800000, 0x0000000087900000|  0%| F|  |TAMS 0x0000000087800000, 0x0000000087800000| Untracked 
|  93|0x0000000087900000, 0x0000000087900000, 0x0000000087a00000|  0%| F|  |TAMS 0x0000000087900000, 0x0000000087900000| Untracked 
|  94|0x0000000087a00000, 0x0000000087a00000, 0x0000000087b00000|  0%| F|  |TAMS 0x0000000087a00000, 0x0000000087a00000| Untracked 
|  95|0x0000000087b00000, 0x0000000087b00000, 0x0000000087c00000|  0%| F|  |TAMS 0x0000000087b00000, 0x0000000087b00000| Untracked 
|  96|0x0000000087c00000, 0x0000000087c00000, 0x0000000087d00000|  0%| F|  |TAMS 0x0000000087c00000, 0x0000000087c00000| Untracked 
|  97|0x0000000087d00000, 0x0000000087d00000, 0x0000000087e00000|  0%| F|  |TAMS 0x0000000087d00000, 0x0000000087d00000| Untracked 
|  98|0x0000000087e00000, 0x0000000087e00000, 0x0000000087f00000|  0%| F|  |TAMS 0x0000000087e00000, 0x0000000087e00000| Untracked 
|  99|0x0000000087f00000, 0x0000000087f00000, 0x0000000088000000|  0%| F|  |TAMS 0x0000000087f00000, 0x0000000087f00000| Untracked 
| 100|0x0000000088000000, 0x0000000088000000, 0x0000000088100000|  0%| F|  |TAMS 0x0000000088000000, 0x0000000088000000| Untracked 
| 101|0x0000000088100000, 0x0000000088100000, 0x0000000088200000|  0%| F|  |TAMS 0x0000000088100000, 0x0000000088100000| Untracked 
| 102|0x0000000088200000, 0x0000000088200000, 0x0000000088300000|  0%| F|  |TAMS 0x0000000088200000, 0x0000000088200000| Untracked 
| 103|0x0000000088300000, 0x0000000088300000, 0x0000000088400000|  0%| F|  |TAMS 0x0000000088300000, 0x0000000088300000| Untracked 
| 104|0x0000000088400000, 0x0000000088400000, 0x0000000088500000|  0%| F|  |TAMS 0x0000000088400000, 0x0000000088400000| Untracked 
| 105|0x0000000088500000, 0x0000000088500000, 0x0000000088600000|  0%| F|  |TAMS 0x0000000088500000, 0x0000000088500000| Untracked 
| 106|0x0000000088600000, 0x0000000088600000, 0x0000000088700000|  0%| F|  |TAMS 0x0000000088600000, 0x0000000088600000| Untracked 
| 107|0x0000000088700000, 0x0000000088700000, 0x0000000088800000|  0%| F|  |TAMS 0x0000000088700000, 0x0000000088700000| Untracked 
| 108|0x0000000088800000, 0x0000000088800000, 0x0000000088900000|  0%| F|  |TAMS 0x0000000088800000, 0x0000000088800000| Untracked 
| 109|0x0000000088900000, 0x0000000088900000, 0x0000000088a00000|  0%| F|  |TAMS 0x0000000088900000, 0x0000000088900000| Untracked 
| 110|0x0000000088a00000, 0x0000000088a00000, 0x0000000088b00000|  0%| F|  |TAMS 0x0000000088a00000, 0x0000000088a00000| Untracked 
| 111|0x0000000088b00000, 0x0000000088b00000, 0x0000000088c00000|  0%| F|  |TAMS 0x0000000088b00000, 0x0000000088b00000| Untracked 
| 112|0x0000000088c00000, 0x0000000088c00000, 0x0000000088d00000|  0%| F|  |TAMS 0x0000000088c00000, 0x0000000088c00000| Untracked 
| 113|0x0000000088d00000, 0x0000000088d00000, 0x0000000088e00000|  0%| F|  |TAMS 0x0000000088d00000, 0x0000000088d00000| Untracked 
| 114|0x0000000088e00000, 0x0000000088e00000, 0x0000000088f00000|  0%| F|  |TAMS 0x0000000088e00000, 0x0000000088e00000| Untracked 
| 115|0x0000000088f00000, 0x0000000088f00000, 0x0000000089000000|  0%| F|  |TAMS 0x0000000088f00000, 0x0000000088f00000| Untracked 
| 116|0x0000000089000000, 0x0000000089000000, 0x0000000089100000|  0%| F|  |TAMS 0x0000000089000000, 0x0000000089000000| Untracked 
| 117|0x0000000089100000, 0x0000000089100000, 0x0000000089200000|  0%| F|  |TAMS 0x0000000089100000, 0x0000000089100000| Untracked 
| 118|0x0000000089200000, 0x0000000089248f10, 0x0000000089300000| 28%| E|  |TAMS 0x0000000089200000, 0x0000000089200000| Complete 
| 119|0x0000000089300000, 0x0000000089400000, 0x0000000089400000|100%| E|CS|TAMS 0x0000000089300000, 0x0000000089300000| Complete 
| 120|0x0000000089400000, 0x0000000089500000, 0x0000000089500000|100%| E|CS|TAMS 0x0000000089400000, 0x0000000089400000| Complete 
| 121|0x0000000089500000, 0x0000000089600000, 0x0000000089600000|100%| E|CS|TAMS 0x0000000089500000, 0x0000000089500000| Complete 
| 122|0x0000000089600000, 0x0000000089700000, 0x0000000089700000|100%| E|CS|TAMS 0x0000000089600000, 0x0000000089600000| Complete 
| 123|0x0000000089700000, 0x0000000089800000, 0x0000000089800000|100%| E|CS|TAMS 0x0000000089700000, 0x0000000089700000| Complete 
| 124|0x0000000089800000, 0x0000000089900000, 0x0000000089900000|100%| E|CS|TAMS 0x0000000089800000, 0x0000000089800000| Complete 
| 125|0x0000000089900000, 0x0000000089a00000, 0x0000000089a00000|100%| E|CS|TAMS 0x0000000089900000, 0x0000000089900000| Complete 
| 126|0x0000000089a00000, 0x0000000089b00000, 0x0000000089b00000|100%| E|CS|TAMS 0x0000000089a00000, 0x0000000089a00000| Complete 
| 127|0x0000000089b00000, 0x0000000089c00000, 0x0000000089c00000|100%| E|CS|TAMS 0x0000000089b00000, 0x0000000089b00000| Complete 

Card table byte_map: [0x000001f14dd20000,0x000001f14e120000] _byte_map_base: 0x000001f14d912000

Marking Bits (Prev, Next): (CMBitMap*) 0x000001f1347d39c8, (CMBitMap*) 0x000001f1347d3a00
 Prev Bits: [0x000001f14e520000, 0x000001f1504b0000)
 Next Bits: [0x000001f1504b0000, 0x000001f152440000)

Polling page: 0x000001f134870000

Metaspace:

Usage:
  Non-class:      8.21 MB capacity,     8.08 MB ( 98%) used,   121.68 KB (  1%) free+waste,     7.00 KB ( <1%) overhead. 
      Class:    883.00 KB capacity,   812.30 KB ( 92%) used,    67.58 KB (  8%) free+waste,     3.13 KB ( <1%) overhead. 
       Both:      9.07 MB capacity,     8.87 MB ( 98%) used,   189.26 KB (  2%) free+waste,    10.13 KB ( <1%) overhead. 

Virtual space:
  Non-class space:       10.00 MB reserved,       8.25 MB ( 83%) committed 
      Class space:        1.00 GB reserved,     896.00 KB ( <1%) committed 
             Both:        1.01 GB reserved,       9.13 MB ( <1%) committed 

Chunk freelists:
   Non-Class:  5.50 KB
       Class:  1.63 KB
        Both:  7.13 KB

CodeHeap 'non-profiled nmethods': size=120064Kb used=187Kb max_used=187Kb free=119876Kb
 bounds [0x000001f145dc0000, 0x000001f146030000, 0x000001f14d300000]
CodeHeap 'profiled nmethods': size=120000Kb used=1049Kb max_used=1049Kb free=118951Kb
 bounds [0x000001f13e890000, 0x000001f13eb00000, 0x000001f145dc0000]
CodeHeap 'non-nmethods': size=5696Kb used=1069Kb max_used=1082Kb free=4626Kb
 bounds [0x000001f13e300000, 0x000001f13e570000, 0x000001f13e890000]
 total_blobs=1146 nmethods=617 adapters=276
 compilation: enabled
              stopped_count=0, restarted_count=0
 full_count=0

Compilation events (10 events):
Event: 4.417 Thread 0x000001f15546c000  615       3       java.util.WeakHashMap::put (162 bytes)
Event: 4.417 Thread 0x000001f154ab1000  617       4       java.lang.StringUTF16::compress (50 bytes)
Event: 4.419 Thread 0x000001f15546c000 nmethod 615 0x000001f13e994090 code [0x000001f13e994320, 0x000001f13e9952a0]
Event: 4.419 Thread 0x000001f15546c000  616       3       java.util.WeakHashMap$Entry::<init> (24 bytes)
Event: 4.419 Thread 0x000001f15546c000 nmethod 616 0x000001f13e995790 code [0x000001f13e995960, 0x000001f13e995db8]
Event: 4.419 Thread 0x000001f15546c000  618       3       java.util.Collections$SetFromMap::add (22 bytes)
Event: 4.420 Thread 0x000001f15546c000 nmethod 618 0x000001f13e995f10 code [0x000001f13e9960e0, 0x000001f13e996370]
Event: 4.422 Thread 0x000001f15546c000  619       3       java.net.URLStreamHandler::parseURL (1201 bytes)
Event: 4.429 Thread 0x000001f154ab1000 nmethod 617 0x000001f145dee810 code [0x000001f145dee9a0, 0x000001f145deecb8]
Event: 4.437 Thread 0x000001f154ab1000  622       4       java.lang.String::startsWith (138 bytes)

GC Heap History (0 events):
No events

Deoptimization events (2 events):
Event: 0.620 Thread 0x000001f134796800 Uncommon trap: reason=unstable_if action=reinterpret pc=0x000001f145dc5310 method=java.lang.String.hashCode()I @ 14 c2
Event: 3.938 Thread 0x000001f134796800 Uncommon trap: reason=unstable_if action=reinterpret pc=0x000001f145de4638 method=java.lang.String.startsWith(Ljava/lang/String;I)Z @ 14 c2

Classes redefined (0 events):
No events

Internal exceptions (3 events):
Event: 1.945 Thread 0x000001f134796800 Exception <a 'java/lang/NoSuchMethodError'{0x00000000898ff140}: java.lang.invoke.DirectMethodHandle$Holder.invokeSpecialIFC(Ljava/lang/Object;Ljava/lang/Object;I)I> (0x00000000898ff140) thrown at [t:/workspace/open/src/hotspot/share/interpreter/linkResolv
Event: 2.130 Thread 0x000001f134796800 Exception <a 'java/lang/NoSuchMethodError'{0x00000000897f59e0}: java.lang.invoke.DirectMethodHandle$Holder.invokeStaticInit(Ljava/lang/Object;IIII)Ljava/lang/Object;> (0x00000000897f59e0) thrown at [t:/workspace/open/src/hotspot/share/interpreter/linkReso
Event: 3.757 Thread 0x000001f134796800 Exception <a 'java/lang/NoSuchMethodError'{0x0000000089653e68}: java.lang.invoke.DirectMethodHandle$Holder.invokeStaticInit(Ljava/lang/Object;Ljava/lang/Object;IIII)Ljava/lang/Object;> (0x0000000089653e68) thrown at [t:/workspace/open/src/hotspot/share/in

Events (10 events):
Event: 4.431 loading class org/eclipse/sisu/inject/ImplicitBindings
Event: 4.431 loading class org/eclipse/sisu/inject/ImplicitBindings done
Event: 4.433 loading class org/codehaus/plexus/DefaultPlexusContainer$ContainerModule
Event: 4.433 loading class org/codehaus/plexus/DefaultPlexusContainer$ContainerModule done
Event: 4.434 loading class org/codehaus/plexus/DefaultPlexusContainer$DefaultsModule
Event: 4.434 loading class org/codehaus/plexus/DefaultPlexusContainer$DefaultsModule done
Event: 4.435 loading class org/codehaus/plexus/DefaultPlexusContainer$LoggerProvider
Event: 4.435 loading class org/codehaus/plexus/DefaultPlexusContainer$LoggerProvider done
Event: 4.436 loading class org/eclipse/sisu/plexus/PlexusDateTypeConverter
Event: 4.436 loading class org/eclipse/sisu/plexus/PlexusDateTypeConverter done


Dynamic libraries:
0x00007ff62f870000 - 0x00007ff62f8b7000 	C:\Program Files\Java\jdk-11.0.6\bin\java.exe
0x00007ff98ac60000 - 0x00007ff98ae50000 	C:\WINDOWS\SYSTEM32\ntdll.dll
0x00007ff988db0000 - 0x00007ff988e62000 	C:\WINDOWS\System32\KERNEL32.DLL
0x00007ff987fe0000 - 0x00007ff988283000 	C:\WINDOWS\System32\KERNELBASE.dll
0x00007ff989d00000 - 0x00007ff989da3000 	C:\WINDOWS\System32\ADVAPI32.dll
0x00007ff9890d0000 - 0x00007ff98916e000 	C:\WINDOWS\System32\msvcrt.dll
0x00007ff989f00000 - 0x00007ff989f97000 	C:\WINDOWS\System32\sechost.dll
0x00007ff98a140000 - 0x00007ff98a260000 	C:\WINDOWS\System32\RPCRT4.dll
0x00007ff989fa0000 - 0x00007ff98a134000 	C:\WINDOWS\System32\USER32.dll
0x00007ff987d70000 - 0x00007ff987d91000 	C:\WINDOWS\System32\win32u.dll
0x00007ff989cd0000 - 0x00007ff989cf6000 	C:\WINDOWS\System32\GDI32.dll
0x00007ff987e40000 - 0x00007ff987fd4000 	C:\WINDOWS\System32\gdi32full.dll
0x00007ff988cf0000 - 0x00007ff988d8e000 	C:\WINDOWS\System32\msvcp_win.dll
0x00007ff987c70000 - 0x00007ff987d6a000 	C:\WINDOWS\System32\ucrtbase.dll
0x00007ff9790d0000 - 0x00007ff979355000 	C:\WINDOWS\WinSxS\amd64_microsoft.windows.common-controls_6595b64144ccf1df_6.0.18362.720_none_e6beb5c51314836b\COMCTL32.dll
0x00007ff98a260000 - 0x00007ff98a596000 	C:\WINDOWS\System32\combase.dll
0x00007ff9882f0000 - 0x00007ff988370000 	C:\WINDOWS\System32\bcryptPrimitives.dll
0x00007ff9805d0000 - 0x00007ff9805da000 	C:\WINDOWS\SYSTEM32\VERSION.dll
0x00007ff989170000 - 0x00007ff98919e000 	C:\WINDOWS\System32\IMM32.DLL
0x00007ff96aef0000 - 0x00007ff96af06000 	C:\Program Files\Java\jdk-11.0.6\bin\vcruntime140.dll
0x00007ff965470000 - 0x00007ff96551a000 	C:\Program Files\Java\jdk-11.0.6\bin\msvcp140.dll
0x00007ff9375f0000 - 0x00007ff938119000 	C:\Program Files\Java\jdk-11.0.6\bin\server\jvm.dll
0x00007ff988d90000 - 0x00007ff988d98000 	C:\WINDOWS\System32\PSAPI.DLL
0x00007ff977240000 - 0x00007ff977249000 	C:\WINDOWS\SYSTEM32\WSOCK32.dll
0x00007ff98aa70000 - 0x00007ff98aadf000 	C:\WINDOWS\System32\WS2_32.dll
0x00007ff983a60000 - 0x00007ff983a84000 	C:\WINDOWS\SYSTEM32\WINMM.dll
0x00007ff983a10000 - 0x00007ff983a3d000 	C:\WINDOWS\SYSTEM32\WINMMBASE.dll
0x00007ff987da0000 - 0x00007ff987dea000 	C:\WINDOWS\System32\cfgmgr32.dll
0x00007ff987c30000 - 0x00007ff987c41000 	C:\WINDOWS\System32\kernel.appcore.dll
0x00007ff969b50000 - 0x00007ff969b61000 	C:\Program Files\Java\jdk-11.0.6\bin\verify.dll
0x00007ff986470000 - 0x00007ff986664000 	C:\WINDOWS\SYSTEM32\DBGHELP.DLL
0x00007ff976490000 - 0x00007ff9764ba000 	C:\WINDOWS\SYSTEM32\dbgcore.DLL
0x00007ff968d20000 - 0x00007ff968d49000 	C:\Program Files\Java\jdk-11.0.6\bin\java.dll
0x00007ff968d00000 - 0x00007ff968d16000 	C:\Program Files\Java\jdk-11.0.6\bin\zip.dll
0x00007ff983d80000 - 0x00007ff983d8a000 	C:\Program Files\Java\jdk-11.0.6\bin\jimage.dll
0x00007ff9891a0000 - 0x00007ff989885000 	C:\WINDOWS\System32\SHELL32.dll
0x00007ff989a40000 - 0x00007ff989ae9000 	C:\WINDOWS\System32\shcore.dll
0x00007ff988370000 - 0x00007ff988af0000 	C:\WINDOWS\System32\windows.storage.dll
0x00007ff987c00000 - 0x00007ff987c23000 	C:\WINDOWS\System32\profapi.dll
0x00007ff987bb0000 - 0x00007ff987bfa000 	C:\WINDOWS\System32\powrprof.dll
0x00007ff987ba0000 - 0x00007ff987bb0000 	C:\WINDOWS\System32\UMPDC.dll
0x00007ff9899d0000 - 0x00007ff989a22000 	C:\WINDOWS\System32\shlwapi.dll
0x00007ff987df0000 - 0x00007ff987e07000 	C:\WINDOWS\System32\cryptsp.dll
0x00007ff968ce0000 - 0x00007ff968cf9000 	C:\Program Files\Java\jdk-11.0.6\bin\net.dll
0x00007ff97af90000 - 0x00007ff97b081000 	C:\WINDOWS\SYSTEM32\WINHTTP.dll
0x00007ff987410000 - 0x00007ff987477000 	C:\WINDOWS\system32\mswsock.dll
0x00007ff968b70000 - 0x00007ff968b83000 	C:\Program Files\Java\jdk-11.0.6\bin\nio.dll
0x00007ff986f80000 - 0x00007ff986fb3000 	C:\WINDOWS\system32\rsaenh.dll
0x00007ff987e10000 - 0x00007ff987e36000 	C:\WINDOWS\System32\bcrypt.dll
0x00007ff987a90000 - 0x00007ff987ab5000 	C:\WINDOWS\SYSTEM32\USERENV.dll
0x00007ff9875e0000 - 0x00007ff9875ec000 	C:\WINDOWS\SYSTEM32\CRYPTBASE.dll
0x00007ff987120000 - 0x00007ff98715a000 	C:\WINDOWS\SYSTEM32\IPHLPAPI.DLL
0x00007ff988da0000 - 0x00007ff988da8000 	C:\WINDOWS\System32\NSI.dll
0x00007ff97c180000 - 0x00007ff97c196000 	C:\WINDOWS\SYSTEM32\dhcpcsvc6.DLL
0x00007ff97f910000 - 0x00007ff97f92c000 	C:\WINDOWS\SYSTEM32\dhcpcsvc.DLL
0x00007ff9871b0000 - 0x00007ff98727a000 	C:\WINDOWS\SYSTEM32\DNSAPI.dll
0x00007ff983af0000 - 0x00007ff983afa000 	C:\Users\Dhanushguntha\AppData\Local\Temp\jansi-1.17.1-7562336350236382301.dll
0x00007ff982ed0000 - 0x00007ff982eda000 	C:\Users\Dhanushguntha\AppData\Local\Temp\jansi-1.17.1-3005861749785295949.dll

dbghelp: loaded successfully - version: 4.0.5 - missing functions: none
symbol engine: initialized successfully - sym options: 0x614 - pdb path: .;C:\Program Files\Java\jdk-11.0.6\bin;C:\WINDOWS\SYSTEM32;C:\WINDOWS\WinSxS\amd64_microsoft.windows.common-controls_6595b64144ccf1df_6.0.18362.720_none_e6beb5c51314836b;C:\Program Files\Java\jdk-11.0.6\bin\server;C:\Users\Dhanushguntha\AppData\Local\Temp

VM Arguments:
jvm_args: -Dmaven.multiModuleProjectDirectory=c:\Users\Dhanushguntha\Desktop\webcontroller\webcontroller 
java_command: org.apache.maven.wrapper.MavenWrapperMain help:effective-pom -Doutput=c:\Users\Dhanushguntha\AppData\Roaming\Code\User\workspaceStorage\d205c3bc679c17d61fcbf72b5db58983\vscjava.vscode-maven\ee71d183c705c5bfe83b0961adc837d2 -f c:\Users\Dhanushguntha\Desktop\webcontroller\webcontroller\pom.xml
java_class_path (initial): c:\Users\Dhanushguntha\Desktop\webcontroller\webcontroller\.mvn\wrapper\maven-wrapper.jar
Launcher Type: SUN_STANDARD

[Global flags]
     intx CICompilerCount                          = 3                                         {product} {ergonomic}
     uint ConcGCThreads                            = 1                                         {product} {ergonomic}
     uint G1ConcRefinementThreads                  = 4                                         {product} {ergonomic}
   size_t G1HeapRegionSize                         = 1048576                                   {product} {ergonomic}
    uintx GCDrainStackTargetSize                   = 64                                        {product} {ergonomic}
   size_t InitialHeapSize                          = 134217728                                 {product} {ergonomic}
   size_t MarkStackSize                            = 4194304                                   {product} {ergonomic}
   size_t MaxHeapSize                              = 2118123520                                {product} {ergonomic}
   size_t MaxNewSize                               = 1270874112                                {product} {ergonomic}
   size_t MinHeapDeltaBytes                        = 1048576                                   {product} {ergonomic}
    uintx NonNMethodCodeHeapSize                   = 5830732                                {pd product} {ergonomic}
    uintx NonProfiledCodeHeapSize                  = 122913754                              {pd product} {ergonomic}
    uintx ProfiledCodeHeapSize                     = 122913754                              {pd product} {ergonomic}
    uintx ReservedCodeCacheSize                    = 251658240                              {pd product} {ergonomic}
     bool SegmentedCodeCache                       = true                                      {product} {ergonomic}
     bool UseCompressedClassPointers               = true                                 {lp64_product} {ergonomic}
     bool UseCompressedOops                        = true                                 {lp64_product} {ergonomic}
     bool UseG1GC                                  = true                                      {product} {ergonomic}
     bool UseLargePagesIndividualAllocation        = false                                  {pd product} {ergonomic}

Logging:
Log output configuration:
 #0: stdout all=warning uptime,level,tags
 #1: stderr all=off uptime,level,tags

Environment Variables:
JAVA_HOME=C:\Program Files\Java\jdk-11.0.6
PATH=C:\Python27\;C:\Python27\Scripts;C:\Program Files (x86)\Intel\iCLS Client\;C:\Program Files\Intel\iCLS Client\;C:\windows\system32;C:\windows;C:\windows\System32\Wbem;C:\windows\System32\WindowsPowerShell\v1.0\;C:\Program Files (x86)\Intel\Intel(R) Management Engine Components\DAL;C:\Program Files\Intel\Intel(R) Management Engine Components\DAL;C:\Program Files (x86)\Intel\Intel(R) Management Engine Components\IPT;C:\Program Files\Intel\Intel(R) Management Engine Components\IPT;C:\Program Files (x86)\NVIDIA Corporation\PhysX\Common;C:\WINDOWS\system32;C:\WINDOWS;C:\WINDOWS\System32\Wbem;C:\WINDOWS\System32\WindowsPowerShell\v1.0\;C:\WINDOWS\System32\OpenSSH\;C:\Users\Dhanushguntha\AppData\Local\Programs\Python\Python37;C:\Program Files\Intel\WiFi\bin\;C:\Program Files\Common Files\Intel\WirelessCommon\;C:\Program Files\Git\cmd;C:\Program Files (x86)\Yarn\bin\;C:\Program Files\NVIDIA Corporation\NVIDIA NvDLISR;C:\Program Files\nodejs;C:\ProgramData\chocolatey\bin;C:\Program Files\nodejs\;C:\opt\apache-maven-3.6.3\bin;C:\Program Files\Java\jdk-11.0.6\bin;C:\Users\Dhanushguntha\Anaconda3\Scripts;C:\Users\Dhanushguntha\Anaconda3\Scripts;C:\Users\Dhanushguntha\AppData\Local\Programs\Microsoft VS Code\bin;C:\Users\Dhanushguntha\AppData\Roaming\npm;
USERNAME=Dhanushguntha
OS=Windows_NT
PROCESSOR_IDENTIFIER=Intel64 Family 6 Model 142 Stepping 9, GenuineIntel



---------------  S Y S T E M  ---------------

OS: Windows 10 , 64 bit Build 18362 (10.0.18362.329)

CPU:total 4 (initial active 4) (2 cores per cpu, 2 threads per core) family 6 model 142 stepping 9, cmov, cx8, fxsr, mmx, sse, sse2, sse3, ssse3, sse4.1, sse4.2, popcnt, avx, avx2, aes, clmul, erms, 3dnowpref, lzcnt, ht, tsc, tscinvbit, bmi1, bmi2, adx, fma

Memory: 4k page, system-wide physical 8077M (1447M free)
TotalPageFile size 8077M (AvailPageFile size 196M)
current process WorkingSet (physical memory assigned to process): 54M, peak: 54M
current process commit charge ("private bytes"): 207M, peak: 207M

vm_info: Java HotSpot(TM) 64-Bit Server VM (11.0.6+8-LTS) for windows-amd64 JRE (11.0.6+8-LTS), built on Dec 11 2019 09:17:57 by "mach5one" with MS VC++ 15.5 (VS2017)

END.
