#
# There is insufficient memory for the Java Runtime Environment to continue.
# Native memory allocation (malloc) failed to allocate 650736 bytes for Chunk::new
# Possible reasons:
#   The system is out of physical RAM or swap space
#   The process is running with CompressedOops enabled, and the Java Heap may be blocking the growth of the native heap
# Possible solutions:
#   Reduce memory load on the system
#   Increase physical memory or swap space
#   Check if swap backing store is full
#   Decrease Java heap size (-Xmx/-Xms)
#   Decrease number of Java threads
#   Decrease Java thread stack sizes (-Xss)
#   Set larger code cache with -XX:ReservedCodeCacheSize=
#   JVM is running with Unscaled Compressed Oops mode in which the Java heap is
#     placed in the first 4GB address space. The Java Heap base address is the
#     maximum limit for the native heap growth. Please use -XX:HeapBaseMinAddress
#     to set the Java Heap base and to place the Java Heap above 4GB virtual address.
# This output file may be truncated or incomplete.
#
#  Out of Memory Error (t:/workspace/open/src/hotspot/share/memory/arena.cpp:197), pid=12040, tid=3208
#
# JRE version: Java(TM) SE Runtime Environment (11.0.6+8) (build 11.0.6+8-LTS)
# Java VM: Java HotSpot(TM) 64-Bit Server VM (11.0.6+8-LTS, mixed mode, tiered, compressed oops, g1 gc, windows-amd64)
# No core dump will be written. Minidumps are not enabled by default on client versions of Windows
#

---------------  S U M M A R Y ------------

Command Line: -Dmaven.multiModuleProjectDirectory=c:\Users\Dhanushguntha\Desktop\webcontroller\webcontroller org.apache.maven.wrapper.MavenWrapperMain help:effective-pom -Doutput=c:\Users\Dhanushguntha\AppData\Roaming\Code\User\workspaceStorage\eed235c3c9f73297663ac7777d28cf48\vscjava.vscode-maven\ee71d183c705c5bfe83b0961adc837d2 -f c:\Users\Dhanushguntha\Desktop\webcontroller\webcontroller\pom.xml

Host: Intel(R) Core(TM) i5-7200U CPU @ 2.50GHz, 4 cores, 7G,  Windows 10 , 64 bit Build 18362 (10.0.18362.329)
Time: Fri Mar 27 18:15:17 2020 India Standard Time elapsed time: 8 seconds (0d 0h 0m 8s)

---------------  T H R E A D  ---------------

Current thread (0x00000256c2051000):  JavaThread "C2 CompilerThread0" daemon [_thread_in_native, id=3208, stack(0x000000bf32b00000,0x000000bf32c00000)]


Current CompileTask:
C2:   8966 3257       4       org.apache.maven.model.inheritance.DefaultInheritanceAssembler$InheritanceModelMerger::mergePlugin (71 bytes)

Stack: [0x000000bf32b00000,0x000000bf32c00000]
Native frames: (J=compiled Java code, j=interpreted, Vv=VM code, C=native code)
V  [jvm.dll+0x63679a]
V  [jvm.dll+0x7755bf]
V  [jvm.dll+0x776c65]
V  [jvm.dll+0x7772d3]
V  [jvm.dll+0x25e7f8]
V  [jvm.dll+0xc1c01]
V  [jvm.dll+0xc219c]
V  [jvm.dll+0x36d932]
V  [jvm.dll+0x1a8f0f]
V  [jvm.dll+0x218462]
V  [jvm.dll+0x2174fa]
V  [jvm.dll+0x193a2c]
V  [jvm.dll+0x226544]
V  [jvm.dll+0x224b28]
V  [jvm.dll+0x73a9c5]
V  [jvm.dll+0x733905]
V  [jvm.dll+0x635846]
C  [ucrtbase.dll+0x20e72]
C  [KERNEL32.DLL+0x17bd4]
C  [ntdll.dll+0x6ced1]


---------------  P R O C E S S  ---------------

Threads class SMR info:
_java_thread_list=0x00000256c3f23fb0, length=11, elements={
0x00000256a1d26800, 0x00000256c202f000, 0x00000256c2030000, 0x00000256c204f000,
0x00000256c2050000, 0x00000256c2051000, 0x00000256c2054000, 0x00000256c2a01000,
0x00000256c2afd800, 0x00000256c2b06800, 0x00000256c58bc000
}

Java Threads: ( => current thread )
  0x00000256a1d26800 JavaThread "main" [_thread_in_native, id=7508, stack(0x000000bf32000000,0x000000bf32100000)]
  0x00000256c202f000 JavaThread "Reference Handler" daemon [_thread_blocked, id=7180, stack(0x000000bf32700000,0x000000bf32800000)]
  0x00000256c2030000 JavaThread "Finalizer" daemon [_thread_blocked, id=8232, stack(0x000000bf32800000,0x000000bf32900000)]
  0x00000256c204f000 JavaThread "Signal Dispatcher" daemon [_thread_blocked, id=16348, stack(0x000000bf32900000,0x000000bf32a00000)]
  0x00000256c2050000 JavaThread "Attach Listener" daemon [_thread_blocked, id=5352, stack(0x000000bf32a00000,0x000000bf32b00000)]
=>0x00000256c2051000 JavaThread "C2 CompilerThread0" daemon [_thread_in_native, id=3208, stack(0x000000bf32b00000,0x000000bf32c00000)]
  0x00000256c2054000 JavaThread "C1 CompilerThread0" daemon [_thread_blocked, id=10504, stack(0x000000bf32c00000,0x000000bf32d00000)]
  0x00000256c2a01000 JavaThread "Sweeper thread" daemon [_thread_blocked, id=9336, stack(0x000000bf32d00000,0x000000bf32e00000)]
  0x00000256c2afd800 JavaThread "Service Thread" daemon [_thread_blocked, id=14840, stack(0x000000bf32e00000,0x000000bf32f00000)]
  0x00000256c2b06800 JavaThread "Common-Cleaner" daemon [_thread_blocked, id=15044, stack(0x000000bf33000000,0x000000bf33100000)]
  0x00000256c58bc000 JavaThread "C2 CompilerThread1" daemon [_thread_in_native, id=13476, stack(0x000000bf33100000,0x000000bf33200000)]

Other Threads:
  0x00000256c2009800 VMThread "VM Thread" [stack: 0x000000bf32600000,0x000000bf32700000] [id=9624]
  0x00000256c2b05800 WatcherThread [stack: 0x000000bf32f00000,0x000000bf33000000] [id=13588]
  0x00000256a1d3d800 GCTaskThread "GC Thread#0" [stack: 0x000000bf32100000,0x000000bf32200000] [id=4520]
  0x00000256c3c5d000 GCTaskThread "GC Thread#1" [stack: 0x000000bf33200000,0x000000bf33300000] [id=5312]
  0x00000256c3284000 GCTaskThread "GC Thread#2" [stack: 0x000000bf33300000,0x000000bf33400000] [id=10608]
  0x00000256a1d6c000 ConcurrentGCThread "G1 Main Marker" [stack: 0x000000bf32200000,0x000000bf32300000] [id=8288]
  0x00000256a1d6d800 ConcurrentGCThread "G1 Conc#0" [stack: 0x000000bf32300000,0x000000bf32400000] [id=13516]
  0x00000256c1e70800 ConcurrentGCThread "G1 Refine#0" [stack: 0x000000bf32400000,0x000000bf32500000] [id=9848]
  0x00000256c1e71000 ConcurrentGCThread "G1 Young RemSet Sampling" [stack: 0x000000bf32500000,0x000000bf32600000] [id=13964]

Threads with active compile tasks:
C2 CompilerThread03257       4       org.apache.maven.model.inheritance.DefaultInheritanceAssembler$InheritanceModelMerger::mergePlugin (71 bytes)
C2 CompilerThread13283       4       java.util.regex.Pattern$CharPropertyGreedy::match (122 bytes)

VM state:not at safepoint (normal execution)

VM Mutex/Monitor currently owned by a thread: None

Heap address: 0x0000000081c00000, size: 2020 MB, Compressed Oops mode: 32-bit
Narrow klass base: 0x0000000000000000, Narrow klass shift: 3
Compressed class space size: 1073741824 Address: 0x0000000100000000

Heap:
 garbage-first heap   total 131072K, used 23182K [0x0000000081c00000, 0x0000000100000000)
  region size 1024K, 19 young (19456K), 8 survivors (8192K)
 Metaspace       used 21540K, capacity 21918K, committed 22064K, reserved 1069056K
  class space    used 2255K, capacity 2392K, committed 2432K, reserved 1048576K
Heap Regions: E=young(eden), S=young(survivor), O=old, HS=humongous(starts), HC=humongous(continues), CS=collection set, F=free, A=archive, TAMS=top-at-mark-start (previous, next)
|   0|0x0000000081c00000, 0x0000000081d00000, 0x0000000081d00000|100%| O|  |TAMS 0x0000000081d00000, 0x0000000081c00000| Untracked 
|   1|0x0000000081d00000, 0x0000000081e00000, 0x0000000081e00000|100%| O|  |TAMS 0x0000000081e00000, 0x0000000081d00000| Untracked 
|   2|0x0000000081e00000, 0x0000000081f00000, 0x0000000081f00000|100%| O|  |TAMS 0x0000000081f00000, 0x0000000081e00000| Untracked 
|   3|0x0000000081f00000, 0x0000000082000000, 0x0000000082000000|100%| O|  |TAMS 0x0000000081f4ee00, 0x0000000081f00000| Untracked 
|   4|0x0000000082000000, 0x00000000820a3a00, 0x0000000082100000| 63%| O|  |TAMS 0x0000000082000000, 0x0000000082000000| Untracked 
|   5|0x0000000082100000, 0x0000000082100000, 0x0000000082200000|  0%| F|  |TAMS 0x0000000082100000, 0x0000000082100000| Untracked 
|   6|0x0000000082200000, 0x0000000082200000, 0x0000000082300000|  0%| F|  |TAMS 0x0000000082200000, 0x0000000082200000| Untracked 
|   7|0x0000000082300000, 0x0000000082300000, 0x0000000082400000|  0%| F|  |TAMS 0x0000000082300000, 0x0000000082300000| Untracked 
|   8|0x0000000082400000, 0x0000000082400000, 0x0000000082500000|  0%| F|  |TAMS 0x0000000082400000, 0x0000000082400000| Untracked 
|   9|0x0000000082500000, 0x0000000082500000, 0x0000000082600000|  0%| F|  |TAMS 0x0000000082500000, 0x0000000082500000| Untracked 
|  10|0x0000000082600000, 0x0000000082600000, 0x0000000082700000|  0%| F|  |TAMS 0x0000000082600000, 0x0000000082600000| Untracked 
|  11|0x0000000082700000, 0x0000000082700000, 0x0000000082800000|  0%| F|  |TAMS 0x0000000082700000, 0x0000000082700000| Untracked 
|  12|0x0000000082800000, 0x0000000082800000, 0x0000000082900000|  0%| F|  |TAMS 0x0000000082800000, 0x0000000082800000| Untracked 
|  13|0x0000000082900000, 0x0000000082900000, 0x0000000082a00000|  0%| F|  |TAMS 0x0000000082900000, 0x0000000082900000| Untracked 
|  14|0x0000000082a00000, 0x0000000082a00000, 0x0000000082b00000|  0%| F|  |TAMS 0x0000000082a00000, 0x0000000082a00000| Untracked 
|  15|0x0000000082b00000, 0x0000000082b00000, 0x0000000082c00000|  0%| F|  |TAMS 0x0000000082b00000, 0x0000000082b00000| Untracked 
|  16|0x0000000082c00000, 0x0000000082c00000, 0x0000000082d00000|  0%| F|  |TAMS 0x0000000082c00000, 0x0000000082c00000| Untracked 
|  17|0x0000000082d00000, 0x0000000082d00000, 0x0000000082e00000|  0%| F|  |TAMS 0x0000000082d00000, 0x0000000082d00000| Untracked 
|  18|0x0000000082e00000, 0x0000000082e00000, 0x0000000082f00000|  0%| F|  |TAMS 0x0000000082e00000, 0x0000000082e00000| Untracked 
|  19|0x0000000082f00000, 0x0000000082f00000, 0x0000000083000000|  0%| F|  |TAMS 0x0000000082f00000, 0x0000000082f00000| Untracked 
|  20|0x0000000083000000, 0x0000000083000000, 0x0000000083100000|  0%| F|  |TAMS 0x0000000083000000, 0x0000000083000000| Untracked 
|  21|0x0000000083100000, 0x0000000083100000, 0x0000000083200000|  0%| F|  |TAMS 0x0000000083100000, 0x0000000083100000| Untracked 
|  22|0x0000000083200000, 0x0000000083200000, 0x0000000083300000|  0%| F|  |TAMS 0x0000000083200000, 0x0000000083200000| Untracked 
|  23|0x0000000083300000, 0x0000000083300000, 0x0000000083400000|  0%| F|  |TAMS 0x0000000083300000, 0x0000000083300000| Untracked 
|  24|0x0000000083400000, 0x0000000083400000, 0x0000000083500000|  0%| F|  |TAMS 0x0000000083400000, 0x0000000083400000| Untracked 
|  25|0x0000000083500000, 0x0000000083500000, 0x0000000083600000|  0%| F|  |TAMS 0x0000000083500000, 0x0000000083500000| Untracked 
|  26|0x0000000083600000, 0x0000000083600000, 0x0000000083700000|  0%| F|  |TAMS 0x0000000083600000, 0x0000000083600000| Untracked 
|  27|0x0000000083700000, 0x0000000083700000, 0x0000000083800000|  0%| F|  |TAMS 0x0000000083700000, 0x0000000083700000| Untracked 
|  28|0x0000000083800000, 0x0000000083800000, 0x0000000083900000|  0%| F|  |TAMS 0x0000000083800000, 0x0000000083800000| Untracked 
|  29|0x0000000083900000, 0x0000000083900000, 0x0000000083a00000|  0%| F|  |TAMS 0x0000000083900000, 0x0000000083900000| Untracked 
|  30|0x0000000083a00000, 0x0000000083a00000, 0x0000000083b00000|  0%| F|  |TAMS 0x0000000083a00000, 0x0000000083a00000| Untracked 
|  31|0x0000000083b00000, 0x0000000083b00000, 0x0000000083c00000|  0%| F|  |TAMS 0x0000000083b00000, 0x0000000083b00000| Untracked 
|  32|0x0000000083c00000, 0x0000000083c00000, 0x0000000083d00000|  0%| F|  |TAMS 0x0000000083c00000, 0x0000000083c00000| Untracked 
|  33|0x0000000083d00000, 0x0000000083d00000, 0x0000000083e00000|  0%| F|  |TAMS 0x0000000083d00000, 0x0000000083d00000| Untracked 
|  34|0x0000000083e00000, 0x0000000083e00000, 0x0000000083f00000|  0%| F|  |TAMS 0x0000000083e00000, 0x0000000083e00000| Untracked 
|  35|0x0000000083f00000, 0x0000000083f00000, 0x0000000084000000|  0%| F|  |TAMS 0x0000000083f00000, 0x0000000083f00000| Untracked 
|  36|0x0000000084000000, 0x0000000084000000, 0x0000000084100000|  0%| F|  |TAMS 0x0000000084000000, 0x0000000084000000| Untracked 
|  37|0x0000000084100000, 0x0000000084100000, 0x0000000084200000|  0%| F|  |TAMS 0x0000000084100000, 0x0000000084100000| Untracked 
|  38|0x0000000084200000, 0x0000000084200000, 0x0000000084300000|  0%| F|  |TAMS 0x0000000084200000, 0x0000000084200000| Untracked 
|  39|0x0000000084300000, 0x0000000084300000, 0x0000000084400000|  0%| F|  |TAMS 0x0000000084300000, 0x0000000084300000| Untracked 
|  40|0x0000000084400000, 0x0000000084400000, 0x0000000084500000|  0%| F|  |TAMS 0x0000000084400000, 0x0000000084400000| Untracked 
|  41|0x0000000084500000, 0x0000000084500000, 0x0000000084600000|  0%| F|  |TAMS 0x0000000084500000, 0x0000000084500000| Untracked 
|  42|0x0000000084600000, 0x0000000084600000, 0x0000000084700000|  0%| F|  |TAMS 0x0000000084600000, 0x0000000084600000| Untracked 
|  43|0x0000000084700000, 0x0000000084700000, 0x0000000084800000|  0%| F|  |TAMS 0x0000000084700000, 0x0000000084700000| Untracked 
|  44|0x0000000084800000, 0x0000000084800000, 0x0000000084900000|  0%| F|  |TAMS 0x0000000084800000, 0x0000000084800000| Untracked 
|  45|0x0000000084900000, 0x0000000084900000, 0x0000000084a00000|  0%| F|  |TAMS 0x0000000084900000, 0x0000000084900000| Untracked 
|  46|0x0000000084a00000, 0x0000000084a00000, 0x0000000084b00000|  0%| F|  |TAMS 0x0000000084a00000, 0x0000000084a00000| Untracked 
|  47|0x0000000084b00000, 0x0000000084b00000, 0x0000000084c00000|  0%| F|  |TAMS 0x0000000084b00000, 0x0000000084b00000| Untracked 
|  48|0x0000000084c00000, 0x0000000084c00000, 0x0000000084d00000|  0%| F|  |TAMS 0x0000000084c00000, 0x0000000084c00000| Untracked 
|  49|0x0000000084d00000, 0x0000000084d00000, 0x0000000084e00000|  0%| F|  |TAMS 0x0000000084d00000, 0x0000000084d00000| Untracked 
|  50|0x0000000084e00000, 0x0000000084e00000, 0x0000000084f00000|  0%| F|  |TAMS 0x0000000084e00000, 0x0000000084e00000| Untracked 
|  51|0x0000000084f00000, 0x0000000084f00000, 0x0000000085000000|  0%| F|  |TAMS 0x0000000084f00000, 0x0000000084f00000| Untracked 
|  52|0x0000000085000000, 0x0000000085000000, 0x0000000085100000|  0%| F|  |TAMS 0x0000000085000000, 0x0000000085000000| Untracked 
|  53|0x0000000085100000, 0x0000000085100000, 0x0000000085200000|  0%| F|  |TAMS 0x0000000085100000, 0x0000000085100000| Untracked 
|  54|0x0000000085200000, 0x0000000085200000, 0x0000000085300000|  0%| F|  |TAMS 0x0000000085200000, 0x0000000085200000| Untracked 
|  55|0x0000000085300000, 0x0000000085300000, 0x0000000085400000|  0%| F|  |TAMS 0x0000000085300000, 0x0000000085300000| Untracked 
|  56|0x0000000085400000, 0x0000000085400000, 0x0000000085500000|  0%| F|  |TAMS 0x0000000085400000, 0x0000000085400000| Untracked 
|  57|0x0000000085500000, 0x0000000085500000, 0x0000000085600000|  0%| F|  |TAMS 0x0000000085500000, 0x0000000085500000| Untracked 
|  58|0x0000000085600000, 0x0000000085600000, 0x0000000085700000|  0%| F|  |TAMS 0x0000000085600000, 0x0000000085600000| Untracked 
|  59|0x0000000085700000, 0x0000000085700000, 0x0000000085800000|  0%| F|  |TAMS 0x0000000085700000, 0x0000000085700000| Untracked 
|  60|0x0000000085800000, 0x0000000085800000, 0x0000000085900000|  0%| F|  |TAMS 0x0000000085800000, 0x0000000085800000| Untracked 
|  61|0x0000000085900000, 0x0000000085900000, 0x0000000085a00000|  0%| F|  |TAMS 0x0000000085900000, 0x0000000085900000| Untracked 
|  62|0x0000000085a00000, 0x0000000085a00000, 0x0000000085b00000|  0%| F|  |TAMS 0x0000000085a00000, 0x0000000085a00000| Untracked 
|  63|0x0000000085b00000, 0x0000000085c00000, 0x0000000085c00000|100%| S|CS|TAMS 0x0000000085b00000, 0x0000000085b00000| Complete 
|  64|0x0000000085c00000, 0x0000000085d00000, 0x0000000085d00000|100%| S|CS|TAMS 0x0000000085c00000, 0x0000000085c00000| Complete 
|  65|0x0000000085d00000, 0x0000000085e00000, 0x0000000085e00000|100%| S|CS|TAMS 0x0000000085d00000, 0x0000000085d00000| Complete 
|  66|0x0000000085e00000, 0x0000000085f00000, 0x0000000085f00000|100%| S|CS|TAMS 0x0000000085e00000, 0x0000000085e00000| Complete 
|  67|0x0000000085f00000, 0x0000000086000000, 0x0000000086000000|100%| S|CS|TAMS 0x0000000085f00000, 0x0000000085f00000| Complete 
|  68|0x0000000086000000, 0x0000000086100000, 0x0000000086100000|100%| S|CS|TAMS 0x0000000086000000, 0x0000000086000000| Complete 
|  69|0x0000000086100000, 0x0000000086200000, 0x0000000086200000|100%| S|CS|TAMS 0x0000000086100000, 0x0000000086100000| Complete 
|  70|0x0000000086200000, 0x0000000086300000, 0x0000000086300000|100%| S|CS|TAMS 0x0000000086200000, 0x0000000086200000| Complete 
|  71|0x0000000086300000, 0x0000000086300000, 0x0000000086400000|  0%| F|  |TAMS 0x0000000086300000, 0x0000000086300000| Untracked 
|  72|0x0000000086400000, 0x0000000086400000, 0x0000000086500000|  0%| F|  |TAMS 0x0000000086400000, 0x0000000086400000| Untracked 
|  73|0x0000000086500000, 0x0000000086500000, 0x0000000086600000|  0%| F|  |TAMS 0x0000000086500000, 0x0000000086500000| Untracked 
|  74|0x0000000086600000, 0x0000000086600000, 0x0000000086700000|  0%| F|  |TAMS 0x0000000086600000, 0x0000000086600000| Untracked 
|  75|0x0000000086700000, 0x0000000086700000, 0x0000000086800000|  0%| F|  |TAMS 0x0000000086700000, 0x0000000086700000| Untracked 
|  76|0x0000000086800000, 0x0000000086800000, 0x0000000086900000|  0%| F|  |TAMS 0x0000000086800000, 0x0000000086800000| Untracked 
|  77|0x0000000086900000, 0x0000000086900000, 0x0000000086a00000|  0%| F|  |TAMS 0x0000000086900000, 0x0000000086900000| Untracked 
|  78|0x0000000086a00000, 0x0000000086a00000, 0x0000000086b00000|  0%| F|  |TAMS 0x0000000086a00000, 0x0000000086a00000| Untracked 
|  79|0x0000000086b00000, 0x0000000086b00000, 0x0000000086c00000|  0%| F|  |TAMS 0x0000000086b00000, 0x0000000086b00000| Untracked 
|  80|0x0000000086c00000, 0x0000000086c00000, 0x0000000086d00000|  0%| F|  |TAMS 0x0000000086c00000, 0x0000000086c00000| Untracked 
|  81|0x0000000086d00000, 0x0000000086d00000, 0x0000000086e00000|  0%| F|  |TAMS 0x0000000086d00000, 0x0000000086d00000| Untracked 
|  82|0x0000000086e00000, 0x0000000086e00000, 0x0000000086f00000|  0%| F|  |TAMS 0x0000000086e00000, 0x0000000086e00000| Untracked 
|  83|0x0000000086f00000, 0x0000000086f00000, 0x0000000087000000|  0%| F|  |TAMS 0x0000000086f00000, 0x0000000086f00000| Untracked 
|  84|0x0000000087000000, 0x0000000087000000, 0x0000000087100000|  0%| F|  |TAMS 0x0000000087000000, 0x0000000087000000| Untracked 
|  85|0x0000000087100000, 0x0000000087100000, 0x0000000087200000|  0%| F|  |TAMS 0x0000000087100000, 0x0000000087100000| Untracked 
|  86|0x0000000087200000, 0x0000000087200000, 0x0000000087300000|  0%| F|  |TAMS 0x0000000087200000, 0x0000000087200000| Untracked 
|  87|0x0000000087300000, 0x0000000087300000, 0x0000000087400000|  0%| F|  |TAMS 0x0000000087300000, 0x0000000087300000| Untracked 
|  88|0x0000000087400000, 0x0000000087400000, 0x0000000087500000|  0%| F|  |TAMS 0x0000000087400000, 0x0000000087400000| Untracked 
|  89|0x0000000087500000, 0x0000000087500000, 0x0000000087600000|  0%| F|  |TAMS 0x0000000087500000, 0x0000000087500000| Untracked 
|  90|0x0000000087600000, 0x0000000087600000, 0x0000000087700000|  0%| F|  |TAMS 0x0000000087600000, 0x0000000087600000| Untracked 
|  91|0x0000000087700000, 0x0000000087700000, 0x0000000087800000|  0%| F|  |TAMS 0x0000000087700000, 0x0000000087700000| Untracked 
|  92|0x0000000087800000, 0x0000000087800000, 0x0000000087900000|  0%| F|  |TAMS 0x0000000087800000, 0x0000000087800000| Untracked 
|  93|0x0000000087900000, 0x0000000087900000, 0x0000000087a00000|  0%| F|  |TAMS 0x0000000087900000, 0x0000000087900000| Untracked 
|  94|0x0000000087a00000, 0x0000000087a00000, 0x0000000087b00000|  0%| F|  |TAMS 0x0000000087a00000, 0x0000000087a00000| Untracked 
|  95|0x0000000087b00000, 0x0000000087b00000, 0x0000000087c00000|  0%| F|  |TAMS 0x0000000087b00000, 0x0000000087b00000| Untracked 
|  96|0x0000000087c00000, 0x0000000087c00000, 0x0000000087d00000|  0%| F|  |TAMS 0x0000000087c00000, 0x0000000087c00000| Untracked 
|  97|0x0000000087d00000, 0x0000000087d00000, 0x0000000087e00000|  0%| F|  |TAMS 0x0000000087d00000, 0x0000000087d00000| Untracked 
|  98|0x0000000087e00000, 0x0000000087e00000, 0x0000000087f00000|  0%| F|  |TAMS 0x0000000087e00000, 0x0000000087e00000| Untracked 
|  99|0x0000000087f00000, 0x0000000087f00000, 0x0000000088000000|  0%| F|  |TAMS 0x0000000087f00000, 0x0000000087f00000| Untracked 
| 100|0x0000000088000000, 0x0000000088000000, 0x0000000088100000|  0%| F|  |TAMS 0x0000000088000000, 0x0000000088000000| Untracked 
| 101|0x0000000088100000, 0x0000000088100000, 0x0000000088200000|  0%| F|  |TAMS 0x0000000088100000, 0x0000000088100000| Untracked 
| 102|0x0000000088200000, 0x0000000088200000, 0x0000000088300000|  0%| F|  |TAMS 0x0000000088200000, 0x0000000088200000| Untracked 
| 103|0x0000000088300000, 0x0000000088300000, 0x0000000088400000|  0%| F|  |TAMS 0x0000000088300000, 0x0000000088300000| Untracked 
| 104|0x0000000088400000, 0x0000000088400000, 0x0000000088500000|  0%| F|  |TAMS 0x0000000088400000, 0x0000000088400000| Untracked 
| 105|0x0000000088500000, 0x0000000088500000, 0x0000000088600000|  0%| F|  |TAMS 0x0000000088500000, 0x0000000088500000| Untracked 
| 106|0x0000000088600000, 0x0000000088600000, 0x0000000088700000|  0%| F|  |TAMS 0x0000000088600000, 0x0000000088600000| Untracked 
| 107|0x0000000088700000, 0x0000000088700000, 0x0000000088800000|  0%| F|  |TAMS 0x0000000088700000, 0x0000000088700000| Untracked 
| 108|0x0000000088800000, 0x0000000088800000, 0x0000000088900000|  0%| F|  |TAMS 0x0000000088800000, 0x0000000088800000| Untracked 
| 109|0x0000000088900000, 0x0000000088900000, 0x0000000088a00000|  0%| F|  |TAMS 0x0000000088900000, 0x0000000088900000| Untracked 
| 110|0x0000000088a00000, 0x0000000088a00000, 0x0000000088b00000|  0%| F|  |TAMS 0x0000000088a00000, 0x0000000088a00000| Untracked 
| 111|0x0000000088b00000, 0x0000000088b00000, 0x0000000088c00000|  0%| F|  |TAMS 0x0000000088b00000, 0x0000000088b00000| Untracked 
| 112|0x0000000088c00000, 0x0000000088c00000, 0x0000000088d00000|  0%| F|  |TAMS 0x0000000088c00000, 0x0000000088c00000| Untracked 
| 113|0x0000000088d00000, 0x0000000088d00000, 0x0000000088e00000|  0%| F|  |TAMS 0x0000000088d00000, 0x0000000088d00000| Untracked 
| 114|0x0000000088e00000, 0x0000000088e00000, 0x0000000088f00000|  0%| F|  |TAMS 0x0000000088e00000, 0x0000000088e00000| Untracked 
| 115|0x0000000088f00000, 0x0000000088f00000, 0x0000000089000000|  0%| F|  |TAMS 0x0000000088f00000, 0x0000000088f00000| Untracked 
| 116|0x0000000089000000, 0x0000000089000000, 0x0000000089100000|  0%| F|  |TAMS 0x0000000089000000, 0x0000000089000000| Untracked 
| 117|0x0000000089100000, 0x0000000089200000, 0x0000000089200000|100%| E|  |TAMS 0x0000000089100000, 0x0000000089100000| Complete 
| 118|0x0000000089200000, 0x0000000089300000, 0x0000000089300000|100%| E|CS|TAMS 0x0000000089200000, 0x0000000089200000| Complete 
| 119|0x0000000089300000, 0x0000000089400000, 0x0000000089400000|100%| E|CS|TAMS 0x0000000089300000, 0x0000000089300000| Complete 
| 120|0x0000000089400000, 0x0000000089500000, 0x0000000089500000|100%| E|CS|TAMS 0x0000000089400000, 0x0000000089400000| Complete 
| 121|0x0000000089500000, 0x0000000089600000, 0x0000000089600000|100%| E|CS|TAMS 0x0000000089500000, 0x0000000089500000| Complete 
| 122|0x0000000089600000, 0x0000000089700000, 0x0000000089700000|100%| E|CS|TAMS 0x0000000089600000, 0x0000000089600000| Complete 
| 123|0x0000000089700000, 0x0000000089800000, 0x0000000089800000|100%| E|CS|TAMS 0x0000000089700000, 0x0000000089700000| Complete 
| 124|0x0000000089800000, 0x0000000089900000, 0x0000000089900000|100%| E|CS|TAMS 0x0000000089800000, 0x0000000089800000| Complete 
| 125|0x0000000089900000, 0x0000000089a00000, 0x0000000089a00000|100%| E|CS|TAMS 0x0000000089900000, 0x0000000089900000| Complete 
| 126|0x0000000089a00000, 0x0000000089b00000, 0x0000000089b00000|100%| E|CS|TAMS 0x0000000089a00000, 0x0000000089a00000| Complete 
| 127|0x0000000089b00000, 0x0000000089c00000, 0x0000000089c00000|100%| E|CS|TAMS 0x0000000089b00000, 0x0000000089b00000| Complete 

Card table byte_map: [0x00000256bb2c0000,0x00000256bb6c0000] _byte_map_base: 0x00000256baeb2000

Marking Bits (Prev, Next): (CMBitMap*) 0x00000256a1d638f0, (CMBitMap*) 0x00000256a1d638b8
 Prev Bits: [0x00000256bda50000, 0x00000256bf9e0000)
 Next Bits: [0x00000256bbac0000, 0x00000256bda50000)

Polling page: 0x00000256a1bf0000

Metaspace:

Usage:
  Non-class:     19.07 MB capacity,    18.83 MB ( 99%) used,   216.05 KB (  1%) free+waste,    25.06 KB ( <1%) overhead. 
      Class:      2.34 MB capacity,     2.20 MB ( 94%) used,   126.37 KB (  5%) free+waste,     9.94 KB ( <1%) overhead. 
       Both:     21.40 MB capacity,    21.04 MB ( 98%) used,   342.41 KB (  2%) free+waste,    35.00 KB ( <1%) overhead. 

Virtual space:
  Non-class space:       20.00 MB reserved,      19.17 MB ( 96%) committed 
      Class space:        1.00 GB reserved,       2.38 MB ( <1%) committed 
             Both:        1.02 GB reserved,      21.55 MB (  2%) committed 

Chunk freelists:
   Non-Class:  7.25 KB
       Class:  1.00 KB
        Both:  8.25 KB

CodeHeap 'non-profiled nmethods': size=120064Kb used=2004Kb max_used=2004Kb free=118059Kb
 bounds [0x00000256b3360000, 0x00000256b35d0000, 0x00000256ba8a0000]
CodeHeap 'profiled nmethods': size=120000Kb used=6957Kb max_used=6957Kb free=113042Kb
 bounds [0x00000256abe30000, 0x00000256ac500000, 0x00000256b3360000]
CodeHeap 'non-nmethods': size=5696Kb used=1115Kb max_used=1163Kb free=4580Kb
 bounds [0x00000256ab8a0000, 0x00000256abb10000, 0x00000256abe30000]
 total_blobs=4515 nmethods=3281 adapters=340
 compilation: enabled
              stopped_count=0, restarted_count=0
 full_count=0

Compilation events (10 events):
Event: 8.882 Thread 0x00000256c2054000 3269       3       java.util.regex.Pattern::nextEscaped (19 bytes)
Event: 8.883 Thread 0x00000256c2054000 nmethod 3269 0x00000256ac4f5790 code [0x00000256ac4f5940, 0x00000256ac4f5ad8]
Event: 8.883 Thread 0x00000256c2054000 3271       1       org.eclipse.aether.repository.RemoteRepository::getHost (5 bytes)
Event: 8.883 Thread 0x00000256c2054000 nmethod 3271 0x00000256b354a410 code [0x00000256b354a5c0, 0x00000256b354a6d8]
Event: 8.883 Thread 0x00000256c2054000 3272       1       org.eclipse.aether.repository.RemoteRepository::getProtocol (5 bytes)
Event: 8.883 Thread 0x00000256c2054000 nmethod 3272 0x00000256b354a790 code [0x00000256b354a940, 0x00000256b354aa58]
Event: 8.893 Thread 0x00000256c58bc000 nmethod 3253 0x00000256b354ab10 code [0x00000256b354ae00, 0x00000256b354d350]
Event: 8.893 Thread 0x00000256c58bc000 3266 % !   4       sun.nio.cs.ISO_8859_1$Decoder::decodeArrayLoop @ 129 (263 bytes)
Event: 8.920 Thread 0x00000256c58bc000 nmethod 3266% 0x00000256b354ea10 code [0x00000256b354ec00, 0x00000256b354f558]
Event: 8.920 Thread 0x00000256c58bc000 3270       4       java.util.concurrent.ConcurrentHashMap::putAll (63 bytes)

GC Heap History (10 events):
Event: 1.804 GC heap before
{Heap before GC invocations=0 (full 0):
 garbage-first heap   total 131072K, used 14336K [0x0000000081c00000, 0x0000000100000000)
  region size 1024K, 14 young (14336K), 0 survivors (0K)
 Metaspace       used 11506K, capacity 11794K, committed 12032K, reserved 1060864K
  class space    used 1095K, capacity 1231K, committed 1280K, reserved 1048576K
}
Event: 1.815 GC heap after
{Heap after GC invocations=1 (full 0):
 garbage-first heap   total 131072K, used 3155K [0x0000000081c00000, 0x0000000100000000)
  region size 1024K, 2 young (2048K), 2 survivors (2048K)
 Metaspace       used 11506K, capacity 11794K, committed 12032K, reserved 1060864K
  class space    used 1095K, capacity 1231K, committed 1280K, reserved 1048576K
}
Event: 2.176 GC heap before
{Heap before GC invocations=1 (full 0):
 garbage-first heap   total 131072K, used 13395K [0x0000000081c00000, 0x0000000100000000)
  region size 1024K, 12 young (12288K), 2 survivors (2048K)
 Metaspace       used 13283K, capacity 13534K, committed 13824K, reserved 1060864K
  class space    used 1345K, capacity 1427K, committed 1536K, reserved 1048576K
}
Event: 2.181 GC heap after
{Heap after GC invocations=2 (full 0):
 garbage-first heap   total 131072K, used 3933K [0x0000000081c00000, 0x0000000100000000)
  region size 1024K, 1 young (1024K), 1 survivors (1024K)
 Metaspace       used 13283K, capacity 13534K, committed 13824K, reserved 1060864K
  class space    used 1345K, capacity 1427K, committed 1536K, reserved 1048576K
}
Event: 3.131 GC heap before
{Heap before GC invocations=2 (full 0):
 garbage-first heap   total 131072K, used 32605K [0x0000000081c00000, 0x0000000100000000)
  region size 1024K, 29 young (29696K), 1 survivors (1024K)
 Metaspace       used 16915K, capacity 17231K, committed 17408K, reserved 1064960K
  class space    used 1800K, capacity 1952K, committed 2048K, reserved 1048576K
}
Event: 3.135 GC heap after
{Heap after GC invocations=3 (full 0):
 garbage-first heap   total 131072K, used 4997K [0x0000000081c00000, 0x0000000100000000)
  region size 1024K, 2 young (2048K), 2 survivors (2048K)
 Metaspace       used 16915K, capacity 17231K, committed 17408K, reserved 1064960K
  class space    used 1800K, capacity 1952K, committed 2048K, reserved 1048576K
}
Event: 5.025 GC heap before
{Heap before GC invocations=3 (full 0):
 garbage-first heap   total 131072K, used 35717K [0x0000000081c00000, 0x0000000100000000)
  region size 1024K, 33 young (33792K), 2 survivors (2048K)
 Metaspace       used 20843K, capacity 21161K, committed 21296K, reserved 1069056K
  class space    used 2223K, capacity 2354K, committed 2432K, reserved 1048576K
}
Event: 5.038 GC heap after
{Heap after GC invocations=4 (full 0):
 garbage-first heap   total 131072K, used 8766K [0x0000000081c00000, 0x0000000100000000)
  region size 1024K, 6 young (6144K), 6 survivors (6144K)
 Metaspace       used 20843K, capacity 21161K, committed 21296K, reserved 1069056K
  class space    used 2223K, capacity 2354K, committed 2432K, reserved 1048576K
}
Event: 8.251 GC heap before
{Heap before GC invocations=5 (full 0):
 garbage-first heap   total 131072K, used 60990K [0x0000000081c00000, 0x0000000100000000)
  region size 1024K, 57 young (58368K), 6 survivors (6144K)
 Metaspace       used 21453K, capacity 21854K, committed 22064K, reserved 1069056K
  class space    used 2255K, capacity 2392K, committed 2432K, reserved 1048576K
}
Event: 8.267 GC heap after
{Heap after GC invocations=6 (full 0):
 garbage-first heap   total 131072K, used 12942K [0x0000000081c00000, 0x0000000100000000)
  region size 1024K, 8 young (8192K), 8 survivors (8192K)
 Metaspace       used 21453K, capacity 21854K, committed 22064K, reserved 1069056K
  class space    used 2255K, capacity 2392K, committed 2432K, reserved 1048576K
}

Deoptimization events (10 events):
Event: 5.758 Thread 0x00000256a1d26800 Uncommon trap: reason=unstable_if action=reinterpret pc=0x00000256b34a590c method=org.codehaus.plexus.util.xml.pull.MXParser.nextImpl()I @ 732 c2
Event: 5.982 Thread 0x00000256a1d26800 Uncommon trap: reason=class_check action=make_not_entrant pc=0x00000256b34b8f18 method=java.util.ArrayList.toArray([Ljava/lang/Object;)[Ljava/lang/Object; @ 21 c2
Event: 6.109 Thread 0x00000256a1d26800 Uncommon trap: reason=unstable_if action=reinterpret pc=0x00000256b34b5b28 method=org.codehaus.plexus.util.xml.pull.MXParser.nextImpl()I @ 901 c2
Event: 6.122 Thread 0x00000256a1d26800 Uncommon trap: reason=class_check action=make_not_entrant pc=0x00000256b34bf934 method=java.util.ArrayList.toArray([Ljava/lang/Object;)[Ljava/lang/Object; @ 21 c2
Event: 6.514 Thread 0x00000256a1d26800 Uncommon trap: reason=unstable_if action=reinterpret pc=0x00000256b345fa74 method=java.util.HashMap.hash(Ljava/lang/Object;)I @ 1 c2
Event: 6.514 Thread 0x00000256a1d26800 Uncommon trap: reason=unstable_if action=reinterpret pc=0x00000256b344ab38 method=java.util.HashMap.hash(Ljava/lang/Object;)I @ 1 c2
Event: 6.515 Thread 0x00000256a1d26800 Uncommon trap: reason=unstable_if action=reinterpret pc=0x00000256b33ac754 method=java.util.HashMap.hash(Ljava/lang/Object;)I @ 1 c2
Event: 6.515 Thread 0x00000256a1d26800 Uncommon trap: reason=unstable_if action=reinterpret pc=0x00000256b33adca8 method=java.util.HashMap.hash(Ljava/lang/Object;)I @ 1 c2
Event: 8.451 Thread 0x00000256a1d26800 Uncommon trap: reason=unstable_if action=reinterpret pc=0x00000256b34dc9d0 method=org.codehaus.plexus.util.xml.pull.MXParser.parseEntityRef()[C @ 747 c2
Event: 8.694 Thread 0x00000256a1d26800 Uncommon trap: reason=predicate action=maybe_recompile pc=0x00000256b33bd0b4 method=java.nio.charset.CharsetDecoder.decode(Ljava/nio/ByteBuffer;Ljava/nio/CharBuffer;Z)Ljava/nio/charset/CoderResult; @ 54 c2

Classes redefined (0 events):
No events

Internal exceptions (10 events):
Event: 1.263 Thread 0x00000256a1d26800 Exception <a 'java/lang/NoSuchMethodError'{0x00000000896102b8}: java.lang.invoke.DirectMethodHandle$Holder.invokeStaticInit(Ljava/lang/Object;Ljava/lang/Object;IIII)Ljava/lang/Object;> (0x00000000896102b8) thrown at [t:/workspace/open/src/hotspot/share/in
Event: 3.579 Thread 0x00000256a1d26800 Exception <a 'java/lang/NoClassDefFoundError'{0x00000000892a5ff0}: com/google/inject/servlet/ServletModuleTargetVisitor> (0x00000000892a5ff0) thrown at [t:/workspace/open/src/hotspot/share/classfile/systemDictionary.cpp, line 220]
Event: 3.579 Thread 0x00000256a1d26800 Exception <a 'java/lang/NoClassDefFoundError'{0x00000000892a5ff0}> (0x00000000892a5ff0) thrown at [t:/workspace/open/src/hotspot/share/prims/jvm.cpp, line 1300]
Event: 3.580 Thread 0x00000256a1d26800 Exception <a 'java/lang/NoClassDefFoundError'{0x00000000892a9f70}: javax/annotation/Priority> (0x00000000892a9f70) thrown at [t:/workspace/open/src/hotspot/share/classfile/systemDictionary.cpp, line 220]
Event: 4.045 Thread 0x00000256a1d26800 Implicit null exception at 0x00000256b338c5f4 to 0x00000256b338caee
Event: 4.045 Thread 0x00000256a1d26800 Implicit null exception at 0x00000256b33998f4 to 0x00000256b3399dd6
Event: 6.514 Thread 0x00000256a1d26800 Implicit null exception at 0x00000256b345f81a to 0x00000256b345fa5e
Event: 6.514 Thread 0x00000256a1d26800 Implicit null exception at 0x00000256b3448f9a to 0x00000256b344ab22
Event: 6.515 Thread 0x00000256a1d26800 Implicit null exception at 0x00000256b33ac575 to 0x00000256b33ac742
Event: 6.515 Thread 0x00000256a1d26800 Implicit null exception at 0x00000256b33ad5bb to 0x00000256b33adc8d

Events (10 events):
Event: 8.250 Executing VM operation: G1CollectForAllocation
Event: 8.267 Executing VM operation: G1CollectForAllocation done
Event: 8.451 Thread 0x00000256a1d26800 Uncommon trap: trap_request=0xffffff4d fr.pc=0x00000256b34dc9d0 relative=0x0000000000000790
Event: 8.451 Thread 0x00000256a1d26800 DEOPT PACKING pc=0x00000256b34dc9d0 sp=0x000000bf320fb900
Event: 8.451 Thread 0x00000256a1d26800 DEOPT UNPACKING pc=0x00000256ab8c8f2f sp=0x000000bf320fb898 mode 2
Event: 8.693 loading class sun/nio/cs/ISO_8859_1$Decoder
Event: 8.694 loading class sun/nio/cs/ISO_8859_1$Decoder done
Event: 8.694 Thread 0x00000256a1d26800 Uncommon trap: trap_request=0xffffff7e fr.pc=0x00000256b33bd0b4 relative=0x0000000000000274
Event: 8.694 Thread 0x00000256a1d26800 DEOPT PACKING pc=0x00000256b33bd0b4 sp=0x000000bf320fb9d0
Event: 8.694 Thread 0x00000256a1d26800 DEOPT UNPACKING pc=0x00000256ab8c8f2f sp=0x000000bf320fb970 mode 2


Dynamic libraries:
0x00007ff7a3c10000 - 0x00007ff7a3c57000 	C:\Program Files\Java\jdk-11.0.6\bin\java.exe
0x00007ffcc4fc0000 - 0x00007ffcc51b0000 	C:\WINDOWS\SYSTEM32\ntdll.dll
0x00007ffcc44e0000 - 0x00007ffcc4592000 	C:\WINDOWS\System32\KERNEL32.DLL
0x00007ffcc2aa0000 - 0x00007ffcc2d43000 	C:\WINDOWS\System32\KERNELBASE.dll
0x00007ffcc30d0000 - 0x00007ffcc3173000 	C:\WINDOWS\System32\ADVAPI32.dll
0x00007ffcc4640000 - 0x00007ffcc46de000 	C:\WINDOWS\System32\msvcrt.dll
0x00007ffcc4e00000 - 0x00007ffcc4e97000 	C:\WINDOWS\System32\sechost.dll
0x00007ffcc3c50000 - 0x00007ffcc3d70000 	C:\WINDOWS\System32\RPCRT4.dll
0x00007ffcc3340000 - 0x00007ffcc34d4000 	C:\WINDOWS\System32\USER32.dll
0x00007ffcc30a0000 - 0x00007ffcc30c1000 	C:\WINDOWS\System32\win32u.dll
0x00007ffcc34e0000 - 0x00007ffcc3506000 	C:\WINDOWS\System32\GDI32.dll
0x00007ffcc2d80000 - 0x00007ffcc2f14000 	C:\WINDOWS\System32\gdi32full.dll
0x00007ffcc2860000 - 0x00007ffcc28fe000 	C:\WINDOWS\System32\msvcp_win.dll
0x00007ffcc2f80000 - 0x00007ffcc307a000 	C:\WINDOWS\System32\ucrtbase.dll
0x00007ffcb2320000 - 0x00007ffcb25a5000 	C:\WINDOWS\WinSxS\amd64_microsoft.windows.common-controls_6595b64144ccf1df_6.0.18362.720_none_e6beb5c51314836b\COMCTL32.dll
0x00007ffcc3510000 - 0x00007ffcc3846000 	C:\WINDOWS\System32\combase.dll
0x00007ffcb69f0000 - 0x00007ffcb69fa000 	C:\WINDOWS\SYSTEM32\VERSION.dll
0x00007ffcc1fb0000 - 0x00007ffcc2030000 	C:\WINDOWS\System32\bcryptPrimitives.dll
0x00007ffcc4dd0000 - 0x00007ffcc4dfe000 	C:\WINDOWS\System32\IMM32.DLL
0x00007ffca6210000 - 0x00007ffca6226000 	C:\Program Files\Java\jdk-11.0.6\bin\vcruntime140.dll
0x00007ffc8bd00000 - 0x00007ffc8bdaa000 	C:\Program Files\Java\jdk-11.0.6\bin\msvcp140.dll
0x00007ffc62770000 - 0x00007ffc63299000 	C:\Program Files\Java\jdk-11.0.6\bin\server\jvm.dll
0x00007ffcc31f0000 - 0x00007ffcc31f8000 	C:\WINDOWS\System32\PSAPI.DLL
0x00007ffcad950000 - 0x00007ffcad959000 	C:\WINDOWS\SYSTEM32\WSOCK32.dll
0x00007ffcc4ea0000 - 0x00007ffcc4f0f000 	C:\WINDOWS\System32\WS2_32.dll
0x00007ffcbdd80000 - 0x00007ffcbdda4000 	C:\WINDOWS\SYSTEM32\WINMM.dll
0x00007ffcbdd50000 - 0x00007ffcbdd7d000 	C:\WINDOWS\SYSTEM32\WINMMBASE.dll
0x00007ffcc2900000 - 0x00007ffcc294a000 	C:\WINDOWS\System32\cfgmgr32.dll
0x00007ffcc1ef0000 - 0x00007ffcc1f01000 	C:\WINDOWS\System32\kernel.appcore.dll
0x00007ffca4470000 - 0x00007ffca4481000 	C:\Program Files\Java\jdk-11.0.6\bin\verify.dll
0x00007ffcc07b0000 - 0x00007ffcc09a4000 	C:\WINDOWS\SYSTEM32\DBGHELP.DLL
0x00007ffcb05e0000 - 0x00007ffcb060a000 	C:\WINDOWS\SYSTEM32\dbgcore.DLL
0x00007ffca3e30000 - 0x00007ffca3e59000 	C:\Program Files\Java\jdk-11.0.6\bin\java.dll
0x00007ffc9fb80000 - 0x00007ffc9fb96000 	C:\Program Files\Java\jdk-11.0.6\bin\zip.dll
0x00007ffcb0ec0000 - 0x00007ffcb0eca000 	C:\Program Files\Java\jdk-11.0.6\bin\jimage.dll
0x00007ffcc3df0000 - 0x00007ffcc44d5000 	C:\WINDOWS\System32\SHELL32.dll
0x00007ffcc3ba0000 - 0x00007ffcc3c49000 	C:\WINDOWS\System32\shcore.dll
0x00007ffcc2030000 - 0x00007ffcc27b0000 	C:\WINDOWS\System32\windows.storage.dll
0x00007ffcc1f10000 - 0x00007ffcc1f33000 	C:\WINDOWS\System32\profapi.dll
0x00007ffcc1f60000 - 0x00007ffcc1faa000 	C:\WINDOWS\System32\powrprof.dll
0x00007ffcc1ee0000 - 0x00007ffcc1ef0000 	C:\WINDOWS\System32\UMPDC.dll
0x00007ffcc4f10000 - 0x00007ffcc4f62000 	C:\WINDOWS\System32\shlwapi.dll
0x00007ffcc3080000 - 0x00007ffcc3097000 	C:\WINDOWS\System32\cryptsp.dll
0x00007ffc98400000 - 0x00007ffc98419000 	C:\Program Files\Java\jdk-11.0.6\bin\net.dll
0x00007ffcb5a10000 - 0x00007ffcb5b01000 	C:\WINDOWS\SYSTEM32\WINHTTP.dll
0x00007ffcc1750000 - 0x00007ffcc17b7000 	C:\WINDOWS\system32\mswsock.dll
0x00007ffc97f20000 - 0x00007ffc97f33000 	C:\Program Files\Java\jdk-11.0.6\bin\nio.dll
0x00007ffcc12c0000 - 0x00007ffcc12f3000 	C:\WINDOWS\system32\rsaenh.dll
0x00007ffcc2d50000 - 0x00007ffcc2d76000 	C:\WINDOWS\System32\bcrypt.dll
0x00007ffcc1e00000 - 0x00007ffcc1e25000 	C:\WINDOWS\SYSTEM32\USERENV.dll
0x00007ffcc1920000 - 0x00007ffcc192c000 	C:\WINDOWS\SYSTEM32\CRYPTBASE.dll
0x00007ffcc1460000 - 0x00007ffcc149a000 	C:\WINDOWS\SYSTEM32\IPHLPAPI.DLL
0x00007ffcc4f70000 - 0x00007ffcc4f78000 	C:\WINDOWS\System32\NSI.dll
0x00007ffcb6990000 - 0x00007ffcb69a6000 	C:\WINDOWS\SYSTEM32\dhcpcsvc6.DLL
0x00007ffcb6ab0000 - 0x00007ffcb6acc000 	C:\WINDOWS\SYSTEM32\dhcpcsvc.DLL
0x00007ffcc14a0000 - 0x00007ffcc156a000 	C:\WINDOWS\SYSTEM32\DNSAPI.dll
0x00007ffcadd70000 - 0x00007ffcadd7a000 	C:\Users\Dhanushguntha\AppData\Local\Temp\jansi-1.17.1-7348239741850194829.dll
0x00007ffcabca0000 - 0x00007ffcabcaa000 	C:\Users\Dhanushguntha\AppData\Local\Temp\jansi-1.17.1-6537992177233495480.dll

dbghelp: loaded successfully - version: 4.0.5 - missing functions: none
symbol engine: initialized successfully - sym options: 0x614 - pdb path: .;C:\Program Files\Java\jdk-11.0.6\bin;C:\WINDOWS\SYSTEM32;C:\WINDOWS\WinSxS\amd64_microsoft.windows.common-controls_6595b64144ccf1df_6.0.18362.720_none_e6beb5c51314836b;C:\Program Files\Java\jdk-11.0.6\bin\server;C:\Users\Dhanushguntha\AppData\Local\Temp

VM Arguments:
jvm_args: -Dmaven.multiModuleProjectDirectory=c:\Users\Dhanushguntha\Desktop\webcontroller\webcontroller 
java_command: org.apache.maven.wrapper.MavenWrapperMain help:effective-pom -Doutput=c:\Users\Dhanushguntha\AppData\Roaming\Code\User\workspaceStorage\eed235c3c9f73297663ac7777d28cf48\vscjava.vscode-maven\ee71d183c705c5bfe83b0961adc837d2 -f c:\Users\Dhanushguntha\Desktop\webcontroller\webcontroller\pom.xml
java_class_path (initial): c:\Users\Dhanushguntha\Desktop\webcontroller\webcontroller\.mvn\wrapper\maven-wrapper.jar
Launcher Type: SUN_STANDARD

[Global flags]
     intx CICompilerCount                          = 3                                         {product} {ergonomic}
     uint ConcGCThreads                            = 1                                         {product} {ergonomic}
     uint G1ConcRefinementThreads                  = 4                                         {product} {ergonomic}
   size_t G1HeapRegionSize                         = 1048576                                   {product} {ergonomic}
    uintx GCDrainStackTargetSize                   = 64                                        {product} {ergonomic}
   size_t InitialHeapSize                          = 134217728                                 {product} {ergonomic}
   size_t MarkStackSize                            = 4194304                                   {product} {ergonomic}
   size_t MaxHeapSize                              = 2118123520                                {product} {ergonomic}
   size_t MaxNewSize                               = 1270874112                                {product} {ergonomic}
   size_t MinHeapDeltaBytes                        = 1048576                                   {product} {ergonomic}
    uintx NonNMethodCodeHeapSize                   = 5830732                                {pd product} {ergonomic}
    uintx NonProfiledCodeHeapSize                  = 122913754                              {pd product} {ergonomic}
    uintx ProfiledCodeHeapSize                     = 122913754                              {pd product} {ergonomic}
    uintx ReservedCodeCacheSize                    = 251658240                              {pd product} {ergonomic}
     bool SegmentedCodeCache                       = true                                      {product} {ergonomic}
     bool UseCompressedClassPointers               = true                                 {lp64_product} {ergonomic}
     bool UseCompressedOops                        = true                                 {lp64_product} {ergonomic}
     bool UseG1GC                                  = true                                      {product} {ergonomic}
     bool UseLargePagesIndividualAllocation        = false                                  {pd product} {ergonomic}

Logging:
Log output configuration:
 #0: stdout all=warning uptime,level,tags
 #1: stderr all=off uptime,level,tags

Environment Variables:
JAVA_HOME=C:\Program Files\Java\jdk-11.0.6
PATH=C:\Python27\;C:\Python27\Scripts;C:\Program Files (x86)\Intel\iCLS Client\;C:\Program Files\Intel\iCLS Client\;C:\windows\system32;C:\windows;C:\windows\System32\Wbem;C:\windows\System32\WindowsPowerShell\v1.0\;C:\Program Files (x86)\Intel\Intel(R) Management Engine Components\DAL;C:\Program Files\Intel\Intel(R) Management Engine Components\DAL;C:\Program Files (x86)\Intel\Intel(R) Management Engine Components\IPT;C:\Program Files\Intel\Intel(R) Management Engine Components\IPT;C:\Program Files (x86)\NVIDIA Corporation\PhysX\Common;C:\WINDOWS\system32;C:\WINDOWS;C:\WINDOWS\System32\Wbem;C:\WINDOWS\System32\WindowsPowerShell\v1.0\;C:\WINDOWS\System32\OpenSSH\;C:\Users\Dhanushguntha\AppData\Local\Programs\Python\Python37;C:\Program Files\Intel\WiFi\bin\;C:\Program Files\Common Files\Intel\WirelessCommon\;C:\Program Files\Git\cmd;C:\Program Files (x86)\Yarn\bin\;C:\Program Files\NVIDIA Corporation\NVIDIA NvDLISR;C:\Program Files\nodejs;C:\ProgramData\chocolatey\bin;C:\Program Files\nodejs\;C:\opt\apache-maven-3.6.3\bin;C:\Program Files\Java\jdk-11.0.6\bin;C:\Users\Dhanushguntha\Anaconda3\Scripts;C:\Users\Dhanushguntha\Anaconda3\Scripts;C:\Users\Dhanushguntha\AppData\Local\Programs\Microsoft VS Code\bin;C:\Users\Dhanushguntha\AppData\Roaming\npm;
USERNAME=Dhanushguntha
OS=Windows_NT
PROCESSOR_IDENTIFIER=Intel64 Family 6 Model 142 Stepping 9, GenuineIntel



---------------  S Y S T E M  ---------------

OS: Windows 10 , 64 bit Build 18362 (10.0.18362.329)

CPU:total 4 (initial active 4) (2 cores per cpu, 2 threads per core) family 6 model 142 stepping 9, cmov, cx8, fxsr, mmx, sse, sse2, sse3, ssse3, sse4.1, sse4.2, popcnt, avx, avx2, aes, clmul, erms, 3dnowpref, lzcnt, ht, tsc, tscinvbit, bmi1, bmi2, adx, fma

Memory: 4k page, system-wide physical 8077M (1155M free)
TotalPageFile size 8077M (AvailPageFile size 12M)
current process WorkingSet (physical memory assigned to process): 162M, peak: 165M
current process commit charge ("private bytes"): 253M, peak: 257M

vm_info: Java HotSpot(TM) 64-Bit Server VM (11.0.6+8-LTS) for windows-amd64 JRE (11.0.6+8-LTS), built on Dec 11 2019 09:17:57 by "mach5one" with MS VC++ 15.5 (VS2017)

END.
