#
# There is insufficient memory for the Java Runtime Environment to continue.
# Native memory allocation (malloc) failed to allocate 1048576 bytes for AllocateHeap
# Possible reasons:
#   The system is out of physical RAM or swap space
#   The process is running with CompressedOops enabled, and the Java Heap may be blocking the growth of the native heap
# Possible solutions:
#   Reduce memory load on the system
#   Increase physical memory or swap space
#   Check if swap backing store is full
#   Decrease Java heap size (-Xmx/-Xms)
#   Decrease number of Java threads
#   Decrease Java thread stack sizes (-Xss)
#   Set larger code cache with -XX:ReservedCodeCacheSize=
#   JVM is running with Unscaled Compressed Oops mode in which the Java heap is
#     placed in the first 4GB address space. The Java Heap base address is the
#     maximum limit for the native heap growth. Please use -XX:HeapBaseMinAddress
#     to set the Java Heap base and to place the Java Heap above 4GB virtual address.
# This output file may be truncated or incomplete.
#
#  Out of Memory Error (t:/workspace/open/src/hotspot/share/memory/allocation.cpp:46), pid=12572, tid=1604
#
# JRE version: Java(TM) SE Runtime Environment (11.0.6+8) (build 11.0.6+8-LTS)
# Java VM: Java HotSpot(TM) 64-Bit Server VM (11.0.6+8-LTS, mixed mode, tiered, compressed oops, g1 gc, windows-amd64)
# No core dump will be written. Minidumps are not enabled by default on client versions of Windows
#

---------------  S U M M A R Y ------------

Command Line: -Dspring.lsp.client-port=45556 -Dserver.port=45556 -Dsts.lsp.client=vscode -Dsts.log.file=/dev/null -XX:TieredStopAtLevel=1 -Dspring.config.location=file:c:\Users\Dhanushguntha\.vscode\extensions\pivotal.vscode-spring-boot-1.16.0\language-server\BOOT-INF\classes\application.properties org.springframework.ide.vscode.boot.app.BootLanguagServerBootApp

Host: Intel(R) Core(TM) i5-7200U CPU @ 2.50GHz, 4 cores, 7G,  Windows 10 , 64 bit Build 18362 (10.0.18362.329)
Time: Sat Apr  4 15:43:16 2020 India Standard Time elapsed time: 3 seconds (0d 0h 0m 3s)

---------------  T H R E A D  ---------------

Current thread (0x000001fc391d7800):  VMThread "VM Thread" [stack: 0x000000b4f3e00000,0x000000b4f3f00000] [id=1604]

Stack: [0x000000b4f3e00000,0x000000b4f3f00000]
[error occurred during error reporting (printing stack bounds), id 0xc0000005, EXCEPTION_ACCESS_VIOLATION (0xc0000005) at pc=0x000001fc231f0bad]

Native frames: (J=compiled Java code, j=interpreted, Vv=VM code, C=native code)
V  [jvm.dll+0x63679a]
V  [jvm.dll+0x7755bf]
V  [jvm.dll+0x776c65]
V  [jvm.dll+0x777235]
V  [jvm.dll+0x7771eb]
V  [jvm.dll+0x635e96]
V  [jvm.dll+0x636268]
C  [ntdll.dll+0xa121f]
C  [ntdll.dll+0x6a289]
C  [ntdll.dll+0x9fe8e]
C  0x000001fc231f0bad

VM_Operation (0x000000b4f38fab30): CollectForMetadataAllocation, mode: safepoint, requested by thread 0x000001fc1ae6b000


---------------  P R O C E S S  ---------------

Threads class SMR info:
_java_thread_list=0x000001fc39c7fbf0, length=9, elements={
0x000001fc1ae6b000, 0x000001fc39212800, 0x000001fc39213800, 0x000001fc39b83800,
0x000001fc39221800, 0x000001fc39224000, 0x000001fc3922c000, 0x000001fc39c85800,
0x000001fc39c91800
}

Java Threads: ( => current thread )
  0x000001fc1ae6b000 JavaThread "main" [_thread_blocked, id=13304, stack(0x000000b4f3800000,0x000000b4f3900000)]
  0x000001fc39212800 JavaThread "Reference Handler" daemon [_thread_blocked, id=8760, stack(0x000000b4f3f00000,0x000000b4f4000000)]
  0x000001fc39213800 JavaThread "Finalizer" daemon [_thread_blocked, id=11680, stack(0x000000b4f4000000,0x000000b4f4100000)]
  0x000001fc39b83800 JavaThread "Signal Dispatcher" daemon [_thread_blocked, id=9300, stack(0x000000b4f4100000,0x000000b4f4200000)]
  0x000001fc39221800 JavaThread "Attach Listener" daemon [_thread_blocked, id=2216, stack(0x000000b4f4200000,0x000000b4f4300000)]
  0x000001fc39224000 JavaThread "C1 CompilerThread0" daemon [_thread_blocked, id=15892, stack(0x000000b4f4300000,0x000000b4f4400000)]
  0x000001fc3922c000 JavaThread "Sweeper thread" daemon [_thread_blocked, id=228, stack(0x000000b4f4400000,0x000000b4f4500000)]
  0x000001fc39c85800 JavaThread "Service Thread" daemon [_thread_blocked, id=9508, stack(0x000000b4f4500000,0x000000b4f4600000)]
  0x000001fc39c91800 JavaThread "Common-Cleaner" daemon [_thread_blocked, id=15020, stack(0x000000b4f4700000,0x000000b4f4800000)]

Other Threads:
=>0x000001fc391d7800 VMThread "VM Thread" [stack: 0x000000b4f3e00000,0x000000b4f3f00000] [id=1604]
  0x000001fc39c89000 WatcherThread [stack: 0x000000b4f4600000,0x000000b4f4700000] [id=14808]
  0x000001fc1ae82000 GCTaskThread "GC Thread#0" [stack: 0x000000b4f3900000,0x000000b4f3a00000] [id=13496]
  0x000001fc3a3e7800 GCTaskThread "GC Thread#1" [stack: 0x000000b4f4800000,0x000000b4f4900000] [id=10116]
  0x000001fc3a3f9000 GCTaskThread "GC Thread#2" [stack: 0x000000b4f4900000,0x000000b4f4a00000] [id=9568]
  0x000001fc1aeb1800 ConcurrentGCThread "G1 Main Marker" [stack: 0x000000b4f3a00000,0x000000b4f3b00000] [id=11888]
  0x000001fc1aeb2800 ConcurrentGCThread "G1 Conc#0" [stack: 0x000000b4f3b00000,0x000000b4f3c00000] [id=12492]
  0x000001fc1af34000 ConcurrentGCThread "G1 Refine#0" [stack: 0x000000b4f3c00000,0x000000b4f3d00000] [id=8528]
  0x000001fc39050800 ConcurrentGCThread "G1 Young RemSet Sampling" [stack: 0x000000b4f3d00000,0x000000b4f3e00000] [id=13736]

Threads with active compile tasks:

VM state:at safepoint (normal execution)

VM Mutex/Monitor currently owned by a thread:  ([mutex/lock_event])
[0x000001fc1ae672e0] Threads_lock - owner thread: 0x000001fc391d7800
[0x000001fc1ae67910] Heap_lock - owner thread: 0x000001fc1ae6b000

Heap address: 0x0000000081c00000, size: 2020 MB, Compressed Oops mode: 32-bit
Narrow klass base: 0x0000000000000000, Narrow klass shift: 3
Compressed class space size: 1073741824 Address: 0x0000000100000000

Heap:
 garbage-first heap   total 131072K, used 4674K [0x0000000081c00000, 0x0000000100000000)
  region size 1024K, 1 young (1024K), 1 survivors (1024K)
 Metaspace       used 9625K, capacity 9737K, committed 9856K, reserved 1073152K
  class space    used 1012K, capacity 1053K, committed 1152K, reserved 1048576K
Heap Regions: E=young(eden), S=young(survivor), O=old, HS=humongous(starts), HC=humongous(continues), CS=collection set, F=free, A=archive, TAMS=top-at-mark-start (previous, next)
|   0|0x0000000081c00000, 0x0000000081d00000, 0x0000000081d00000|100%| O|  |TAMS 0x0000000081d00000, 0x0000000081d00000| Untracked 
|   1|0x0000000081d00000, 0x0000000081e00000, 0x0000000081e00000|100%| O|  |TAMS 0x0000000081e00000, 0x0000000081e00000| Untracked 
|   2|0x0000000081e00000, 0x0000000081f00000, 0x0000000081f00000|100%| O|  |TAMS 0x0000000081f00000, 0x0000000081f00000| Untracked 
|   3|0x0000000081f00000, 0x0000000082000000, 0x0000000082000000|100%| O|  |TAMS 0x0000000082000000, 0x0000000082000000| Untracked 
|   4|0x0000000082000000, 0x0000000082000000, 0x0000000082100000|  0%| F|  |TAMS 0x0000000082000000, 0x0000000082000000| Untracked 
|   5|0x0000000082100000, 0x0000000082100000, 0x0000000082200000|  0%| F|  |TAMS 0x0000000082100000, 0x0000000082100000| Untracked 
|   6|0x0000000082200000, 0x0000000082200000, 0x0000000082300000|  0%| F|  |TAMS 0x0000000082200000, 0x0000000082200000| Untracked 
|   7|0x0000000082300000, 0x0000000082300000, 0x0000000082400000|  0%| F|  |TAMS 0x0000000082300000, 0x0000000082300000| Untracked 
|   8|0x0000000082400000, 0x0000000082400000, 0x0000000082500000|  0%| F|  |TAMS 0x0000000082400000, 0x0000000082400000| Untracked 
|   9|0x0000000082500000, 0x0000000082500000, 0x0000000082600000|  0%| F|  |TAMS 0x0000000082500000, 0x0000000082500000| Untracked 
|  10|0x0000000082600000, 0x0000000082600000, 0x0000000082700000|  0%| F|  |TAMS 0x0000000082600000, 0x0000000082600000| Untracked 
|  11|0x0000000082700000, 0x0000000082700000, 0x0000000082800000|  0%| F|  |TAMS 0x0000000082700000, 0x0000000082700000| Untracked 
|  12|0x0000000082800000, 0x0000000082800000, 0x0000000082900000|  0%| F|  |TAMS 0x0000000082800000, 0x0000000082800000| Untracked 
|  13|0x0000000082900000, 0x0000000082900000, 0x0000000082a00000|  0%| F|  |TAMS 0x0000000082900000, 0x0000000082900000| Untracked 
|  14|0x0000000082a00000, 0x0000000082a00000, 0x0000000082b00000|  0%| F|  |TAMS 0x0000000082a00000, 0x0000000082a00000| Untracked 
|  15|0x0000000082b00000, 0x0000000082b00000, 0x0000000082c00000|  0%| F|  |TAMS 0x0000000082b00000, 0x0000000082b00000| Untracked 
|  16|0x0000000082c00000, 0x0000000082c00000, 0x0000000082d00000|  0%| F|  |TAMS 0x0000000082c00000, 0x0000000082c00000| Untracked 
|  17|0x0000000082d00000, 0x0000000082d00000, 0x0000000082e00000|  0%| F|  |TAMS 0x0000000082d00000, 0x0000000082d00000| Untracked 
|  18|0x0000000082e00000, 0x0000000082e00000, 0x0000000082f00000|  0%| F|  |TAMS 0x0000000082e00000, 0x0000000082e00000| Untracked 
|  19|0x0000000082f00000, 0x0000000082f00000, 0x0000000083000000|  0%| F|  |TAMS 0x0000000082f00000, 0x0000000082f00000| Untracked 
|  20|0x0000000083000000, 0x0000000083000000, 0x0000000083100000|  0%| F|  |TAMS 0x0000000083000000, 0x0000000083000000| Untracked 
|  21|0x0000000083100000, 0x0000000083100000, 0x0000000083200000|  0%| F|  |TAMS 0x0000000083100000, 0x0000000083100000| Untracked 
|  22|0x0000000083200000, 0x0000000083200000, 0x0000000083300000|  0%| F|  |TAMS 0x0000000083200000, 0x0000000083200000| Untracked 
|  23|0x0000000083300000, 0x0000000083300000, 0x0000000083400000|  0%| F|  |TAMS 0x0000000083300000, 0x0000000083300000| Untracked 
|  24|0x0000000083400000, 0x0000000083400000, 0x0000000083500000|  0%| F|  |TAMS 0x0000000083400000, 0x0000000083400000| Untracked 
|  25|0x0000000083500000, 0x0000000083500000, 0x0000000083600000|  0%| F|  |TAMS 0x0000000083500000, 0x0000000083500000| Untracked 
|  26|0x0000000083600000, 0x0000000083600000, 0x0000000083700000|  0%| F|  |TAMS 0x0000000083600000, 0x0000000083600000| Untracked 
|  27|0x0000000083700000, 0x0000000083700000, 0x0000000083800000|  0%| F|  |TAMS 0x0000000083700000, 0x0000000083700000| Untracked 
|  28|0x0000000083800000, 0x0000000083800000, 0x0000000083900000|  0%| F|  |TAMS 0x0000000083800000, 0x0000000083800000| Untracked 
|  29|0x0000000083900000, 0x0000000083900000, 0x0000000083a00000|  0%| F|  |TAMS 0x0000000083900000, 0x0000000083900000| Untracked 
|  30|0x0000000083a00000, 0x0000000083a00000, 0x0000000083b00000|  0%| F|  |TAMS 0x0000000083a00000, 0x0000000083a00000| Untracked 
|  31|0x0000000083b00000, 0x0000000083b00000, 0x0000000083c00000|  0%| F|  |TAMS 0x0000000083b00000, 0x0000000083b00000| Untracked 
|  32|0x0000000083c00000, 0x0000000083c00000, 0x0000000083d00000|  0%| F|  |TAMS 0x0000000083c00000, 0x0000000083c00000| Untracked 
|  33|0x0000000083d00000, 0x0000000083d00000, 0x0000000083e00000|  0%| F|  |TAMS 0x0000000083d00000, 0x0000000083d00000| Untracked 
|  34|0x0000000083e00000, 0x0000000083e00000, 0x0000000083f00000|  0%| F|  |TAMS 0x0000000083e00000, 0x0000000083e00000| Untracked 
|  35|0x0000000083f00000, 0x0000000083f00000, 0x0000000084000000|  0%| F|  |TAMS 0x0000000083f00000, 0x0000000083f00000| Untracked 
|  36|0x0000000084000000, 0x0000000084000000, 0x0000000084100000|  0%| F|  |TAMS 0x0000000084000000, 0x0000000084000000| Untracked 
|  37|0x0000000084100000, 0x0000000084100000, 0x0000000084200000|  0%| F|  |TAMS 0x0000000084100000, 0x0000000084100000| Untracked 
|  38|0x0000000084200000, 0x0000000084200000, 0x0000000084300000|  0%| F|  |TAMS 0x0000000084200000, 0x0000000084200000| Untracked 
|  39|0x0000000084300000, 0x0000000084300000, 0x0000000084400000|  0%| F|  |TAMS 0x0000000084300000, 0x0000000084300000| Untracked 
|  40|0x0000000084400000, 0x0000000084400000, 0x0000000084500000|  0%| F|  |TAMS 0x0000000084400000, 0x0000000084400000| Untracked 
|  41|0x0000000084500000, 0x0000000084500000, 0x0000000084600000|  0%| F|  |TAMS 0x0000000084500000, 0x0000000084500000| Untracked 
|  42|0x0000000084600000, 0x0000000084600000, 0x0000000084700000|  0%| F|  |TAMS 0x0000000084600000, 0x0000000084600000| Untracked 
|  43|0x0000000084700000, 0x0000000084700000, 0x0000000084800000|  0%| F|  |TAMS 0x0000000084700000, 0x0000000084700000| Untracked 
|  44|0x0000000084800000, 0x0000000084800000, 0x0000000084900000|  0%| F|  |TAMS 0x0000000084800000, 0x0000000084800000| Untracked 
|  45|0x0000000084900000, 0x0000000084900000, 0x0000000084a00000|  0%| F|  |TAMS 0x0000000084900000, 0x0000000084900000| Untracked 
|  46|0x0000000084a00000, 0x0000000084a00000, 0x0000000084b00000|  0%| F|  |TAMS 0x0000000084a00000, 0x0000000084a00000| Untracked 
|  47|0x0000000084b00000, 0x0000000084b00000, 0x0000000084c00000|  0%| F|  |TAMS 0x0000000084b00000, 0x0000000084b00000| Untracked 
|  48|0x0000000084c00000, 0x0000000084c00000, 0x0000000084d00000|  0%| F|  |TAMS 0x0000000084c00000, 0x0000000084c00000| Untracked 
|  49|0x0000000084d00000, 0x0000000084d00000, 0x0000000084e00000|  0%| F|  |TAMS 0x0000000084d00000, 0x0000000084d00000| Untracked 
|  50|0x0000000084e00000, 0x0000000084e00000, 0x0000000084f00000|  0%| F|  |TAMS 0x0000000084e00000, 0x0000000084e00000| Untracked 
|  51|0x0000000084f00000, 0x0000000084f00000, 0x0000000085000000|  0%| F|  |TAMS 0x0000000084f00000, 0x0000000084f00000| Untracked 
|  52|0x0000000085000000, 0x0000000085000000, 0x0000000085100000|  0%| F|  |TAMS 0x0000000085000000, 0x0000000085000000| Untracked 
|  53|0x0000000085100000, 0x0000000085100000, 0x0000000085200000|  0%| F|  |TAMS 0x0000000085100000, 0x0000000085100000| Untracked 
|  54|0x0000000085200000, 0x0000000085200000, 0x0000000085300000|  0%| F|  |TAMS 0x0000000085200000, 0x0000000085200000| Untracked 
|  55|0x0000000085300000, 0x0000000085300000, 0x0000000085400000|  0%| F|  |TAMS 0x0000000085300000, 0x0000000085300000| Untracked 
|  56|0x0000000085400000, 0x0000000085400000, 0x0000000085500000|  0%| F|  |TAMS 0x0000000085400000, 0x0000000085400000| Untracked 
|  57|0x0000000085500000, 0x0000000085500000, 0x0000000085600000|  0%| F|  |TAMS 0x0000000085500000, 0x0000000085500000| Untracked 
|  58|0x0000000085600000, 0x0000000085600000, 0x0000000085700000|  0%| F|  |TAMS 0x0000000085600000, 0x0000000085600000| Untracked 
|  59|0x0000000085700000, 0x0000000085700000, 0x0000000085800000|  0%| F|  |TAMS 0x0000000085700000, 0x0000000085700000| Untracked 
|  60|0x0000000085800000, 0x0000000085800000, 0x0000000085900000|  0%| F|  |TAMS 0x0000000085800000, 0x0000000085800000| Untracked 
|  61|0x0000000085900000, 0x0000000085900000, 0x0000000085a00000|  0%| F|  |TAMS 0x0000000085900000, 0x0000000085900000| Untracked 
|  62|0x0000000085a00000, 0x0000000085a00000, 0x0000000085b00000|  0%| F|  |TAMS 0x0000000085a00000, 0x0000000085a00000| Untracked 
|  63|0x0000000085b00000, 0x0000000085b00000, 0x0000000085c00000|  0%| F|  |TAMS 0x0000000085b00000, 0x0000000085b00000| Untracked 
|  64|0x0000000085c00000, 0x0000000085c00000, 0x0000000085d00000|  0%| F|  |TAMS 0x0000000085c00000, 0x0000000085c00000| Untracked 
|  65|0x0000000085d00000, 0x0000000085d00000, 0x0000000085e00000|  0%| F|  |TAMS 0x0000000085d00000, 0x0000000085d00000| Untracked 
|  66|0x0000000085e00000, 0x0000000085e00000, 0x0000000085f00000|  0%| F|  |TAMS 0x0000000085e00000, 0x0000000085e00000| Untracked 
|  67|0x0000000085f00000, 0x0000000085f00000, 0x0000000086000000|  0%| F|  |TAMS 0x0000000085f00000, 0x0000000085f00000| Untracked 
|  68|0x0000000086000000, 0x0000000086000000, 0x0000000086100000|  0%| F|  |TAMS 0x0000000086000000, 0x0000000086000000| Untracked 
|  69|0x0000000086100000, 0x0000000086100000, 0x0000000086200000|  0%| F|  |TAMS 0x0000000086100000, 0x0000000086100000| Untracked 
|  70|0x0000000086200000, 0x0000000086200000, 0x0000000086300000|  0%| F|  |TAMS 0x0000000086200000, 0x0000000086200000| Untracked 
|  71|0x0000000086300000, 0x0000000086300000, 0x0000000086400000|  0%| F|  |TAMS 0x0000000086300000, 0x0000000086300000| Untracked 
|  72|0x0000000086400000, 0x0000000086400000, 0x0000000086500000|  0%| F|  |TAMS 0x0000000086400000, 0x0000000086400000| Untracked 
|  73|0x0000000086500000, 0x0000000086500000, 0x0000000086600000|  0%| F|  |TAMS 0x0000000086500000, 0x0000000086500000| Untracked 
|  74|0x0000000086600000, 0x0000000086600000, 0x0000000086700000|  0%| F|  |TAMS 0x0000000086600000, 0x0000000086600000| Untracked 
|  75|0x0000000086700000, 0x0000000086700000, 0x0000000086800000|  0%| F|  |TAMS 0x0000000086700000, 0x0000000086700000| Untracked 
|  76|0x0000000086800000, 0x0000000086800000, 0x0000000086900000|  0%| F|  |TAMS 0x0000000086800000, 0x0000000086800000| Untracked 
|  77|0x0000000086900000, 0x0000000086900000, 0x0000000086a00000|  0%| F|  |TAMS 0x0000000086900000, 0x0000000086900000| Untracked 
|  78|0x0000000086a00000, 0x0000000086a00000, 0x0000000086b00000|  0%| F|  |TAMS 0x0000000086a00000, 0x0000000086a00000| Untracked 
|  79|0x0000000086b00000, 0x0000000086b00000, 0x0000000086c00000|  0%| F|  |TAMS 0x0000000086b00000, 0x0000000086b00000| Untracked 
|  80|0x0000000086c00000, 0x0000000086c00000, 0x0000000086d00000|  0%| F|  |TAMS 0x0000000086c00000, 0x0000000086c00000| Untracked 
|  81|0x0000000086d00000, 0x0000000086d00000, 0x0000000086e00000|  0%| F|  |TAMS 0x0000000086d00000, 0x0000000086d00000| Untracked 
|  82|0x0000000086e00000, 0x0000000086e00000, 0x0000000086f00000|  0%| F|  |TAMS 0x0000000086e00000, 0x0000000086e00000| Untracked 
|  83|0x0000000086f00000, 0x0000000086f00000, 0x0000000087000000|  0%| F|  |TAMS 0x0000000086f00000, 0x0000000086f00000| Untracked 
|  84|0x0000000087000000, 0x0000000087000000, 0x0000000087100000|  0%| F|  |TAMS 0x0000000087000000, 0x0000000087000000| Untracked 
|  85|0x0000000087100000, 0x0000000087100000, 0x0000000087200000|  0%| F|  |TAMS 0x0000000087100000, 0x0000000087100000| Untracked 
|  86|0x0000000087200000, 0x0000000087200000, 0x0000000087300000|  0%| F|  |TAMS 0x0000000087200000, 0x0000000087200000| Untracked 
|  87|0x0000000087300000, 0x0000000087300000, 0x0000000087400000|  0%| F|  |TAMS 0x0000000087300000, 0x0000000087300000| Untracked 
|  88|0x0000000087400000, 0x0000000087400000, 0x0000000087500000|  0%| F|  |TAMS 0x0000000087400000, 0x0000000087400000| Untracked 
|  89|0x0000000087500000, 0x0000000087500000, 0x0000000087600000|  0%| F|  |TAMS 0x0000000087500000, 0x0000000087500000| Untracked 
|  90|0x0000000087600000, 0x0000000087600000, 0x0000000087700000|  0%| F|  |TAMS 0x0000000087600000, 0x0000000087600000| Untracked 
|  91|0x0000000087700000, 0x0000000087700000, 0x0000000087800000|  0%| F|  |TAMS 0x0000000087700000, 0x0000000087700000| Untracked 
|  92|0x0000000087800000, 0x0000000087800000, 0x0000000087900000|  0%| F|  |TAMS 0x0000000087800000, 0x0000000087800000| Untracked 
|  93|0x0000000087900000, 0x0000000087900000, 0x0000000087a00000|  0%| F|  |TAMS 0x0000000087900000, 0x0000000087900000| Untracked 
|  94|0x0000000087a00000, 0x0000000087a00000, 0x0000000087b00000|  0%| F|  |TAMS 0x0000000087a00000, 0x0000000087a00000| Untracked 
|  95|0x0000000087b00000, 0x0000000087b00000, 0x0000000087c00000|  0%| F|  |TAMS 0x0000000087b00000, 0x0000000087b00000| Untracked 
|  96|0x0000000087c00000, 0x0000000087c00000, 0x0000000087d00000|  0%| F|  |TAMS 0x0000000087c00000, 0x0000000087c00000| Untracked 
|  97|0x0000000087d00000, 0x0000000087d00000, 0x0000000087e00000|  0%| F|  |TAMS 0x0000000087d00000, 0x0000000087d00000| Untracked 
|  98|0x0000000087e00000, 0x0000000087e00000, 0x0000000087f00000|  0%| F|  |TAMS 0x0000000087e00000, 0x0000000087e00000| Untracked 
|  99|0x0000000087f00000, 0x0000000087f00000, 0x0000000088000000|  0%| F|  |TAMS 0x0000000087f00000, 0x0000000087f00000| Untracked 
| 100|0x0000000088000000, 0x0000000088000000, 0x0000000088100000|  0%| F|  |TAMS 0x0000000088000000, 0x0000000088000000| Untracked 
| 101|0x0000000088100000, 0x0000000088100000, 0x0000000088200000|  0%| F|  |TAMS 0x0000000088100000, 0x0000000088100000| Untracked 
| 102|0x0000000088200000, 0x0000000088200000, 0x0000000088300000|  0%| F|  |TAMS 0x0000000088200000, 0x0000000088200000| Untracked 
| 103|0x0000000088300000, 0x0000000088300000, 0x0000000088400000|  0%| F|  |TAMS 0x0000000088300000, 0x0000000088300000| Untracked 
| 104|0x0000000088400000, 0x0000000088400000, 0x0000000088500000|  0%| F|  |TAMS 0x0000000088400000, 0x0000000088400000| Untracked 
| 105|0x0000000088500000, 0x0000000088500000, 0x0000000088600000|  0%| F|  |TAMS 0x0000000088500000, 0x0000000088500000| Untracked 
| 106|0x0000000088600000, 0x0000000088600000, 0x0000000088700000|  0%| F|  |TAMS 0x0000000088600000, 0x0000000088600000| Untracked 
| 107|0x0000000088700000, 0x0000000088700000, 0x0000000088800000|  0%| F|  |TAMS 0x0000000088700000, 0x0000000088700000| Untracked 
| 108|0x0000000088800000, 0x0000000088800000, 0x0000000088900000|  0%| F|  |TAMS 0x0000000088800000, 0x0000000088800000| Untracked 
| 109|0x0000000088900000, 0x0000000088900000, 0x0000000088a00000|  0%| F|  |TAMS 0x0000000088900000, 0x0000000088900000| Untracked 
| 110|0x0000000088a00000, 0x0000000088a00000, 0x0000000088b00000|  0%| F|  |TAMS 0x0000000088a00000, 0x0000000088a00000| Untracked 
| 111|0x0000000088b00000, 0x0000000088b00000, 0x0000000088c00000|  0%| F|  |TAMS 0x0000000088b00000, 0x0000000088b00000| Untracked 
| 112|0x0000000088c00000, 0x0000000088c00000, 0x0000000088d00000|  0%| F|  |TAMS 0x0000000088c00000, 0x0000000088c00000| Untracked 
| 113|0x0000000088d00000, 0x0000000088d00000, 0x0000000088e00000|  0%| F|  |TAMS 0x0000000088d00000, 0x0000000088d00000| Untracked 
| 114|0x0000000088e00000, 0x0000000088e00000, 0x0000000088f00000|  0%| F|  |TAMS 0x0000000088e00000, 0x0000000088e00000| Untracked 
| 115|0x0000000088f00000, 0x0000000088f00000, 0x0000000089000000|  0%| F|  |TAMS 0x0000000088f00000, 0x0000000088f00000| Untracked 
| 116|0x0000000089000000, 0x0000000089000000, 0x0000000089100000|  0%| F|  |TAMS 0x0000000089000000, 0x0000000089000000| Untracked 
| 117|0x0000000089100000, 0x0000000089100000, 0x0000000089200000|  0%| F|  |TAMS 0x0000000089100000, 0x0000000089100000| Untracked 
| 118|0x0000000089200000, 0x0000000089200000, 0x0000000089300000|  0%| F|  |TAMS 0x0000000089200000, 0x0000000089200000| Untracked 
| 119|0x0000000089300000, 0x0000000089300000, 0x0000000089400000|  0%| F|  |TAMS 0x0000000089300000, 0x0000000089300000| Untracked 
| 120|0x0000000089400000, 0x0000000089400000, 0x0000000089500000|  0%| F|  |TAMS 0x0000000089400000, 0x0000000089400000| Untracked 
| 121|0x0000000089500000, 0x0000000089500000, 0x0000000089600000|  0%| F|  |TAMS 0x0000000089500000, 0x0000000089500000| Untracked 
| 122|0x0000000089600000, 0x0000000089600000, 0x0000000089700000|  0%| F|  |TAMS 0x0000000089600000, 0x0000000089600000| Untracked 
| 123|0x0000000089700000, 0x0000000089700000, 0x0000000089800000|  0%| F|  |TAMS 0x0000000089700000, 0x0000000089700000| Untracked 
| 124|0x0000000089800000, 0x0000000089800000, 0x0000000089900000|  0%| F|  |TAMS 0x0000000089800000, 0x0000000089800000| Untracked 
| 125|0x0000000089900000, 0x0000000089900000, 0x0000000089a00000|  0%| F|  |TAMS 0x0000000089900000, 0x0000000089900000| Untracked 
| 126|0x0000000089a00000, 0x0000000089a908d0, 0x0000000089b00000| 56%| S|CS|TAMS 0x0000000089a00000, 0x0000000089a00000| Complete 
| 127|0x0000000089b00000, 0x0000000089b00000, 0x0000000089c00000|  0%| F|  |TAMS 0x0000000089b00000, 0x0000000089b00000| Untracked 

Card table byte_map: [0x000001fc325f0000,0x000001fc329f0000] _byte_map_base: 0x000001fc321e2000

Marking Bits (Prev, Next): (CMBitMap*) 0x000001fc1aea8ae0, (CMBitMap*) 0x000001fc1aea8aa8
 Prev Bits: [0x000001fc34d80000, 0x000001fc36d10000)
 Next Bits: [0x000001fc32df0000, 0x000001fc34d80000)

Polling page: 0x000001fc18bb0000

Metaspace:

Usage:
  Non-class:      8.48 MB capacity,     8.41 MB (>99%) used,    61.58 KB ( <1%) free+waste,     9.50 KB ( <1%) overhead. 
      Class:      1.03 MB capacity,  1012.45 KB ( 96%) used,    36.05 KB (  3%) free+waste,     4.50 KB ( <1%) overhead. 
       Both:      9.51 MB capacity,     9.40 MB ( 99%) used,    97.63 KB (  1%) free+waste,    14.00 KB ( <1%) overhead. 

Virtual space:
  Non-class space:       24.00 MB reserved,       8.50 MB ( 35%) committed 
      Class space:        1.00 GB reserved,       1.13 MB ( <1%) committed 
             Both:        1.02 GB reserved,       9.63 MB ( <1%) committed 

Chunk freelists:
   Non-Class:  2.50 KB
       Class:  384 bytes
        Both:  2.88 KB

CodeHeap 'non-profiled nmethods': size=238912Kb used=1172Kb max_used=1172Kb free=237739Kb
 bounds [0x000001fc238a0000, 0x000001fc23b10000, 0x000001fc321f0000]
CodeHeap 'non-nmethods': size=6848Kb used=1066Kb max_used=1066Kb free=5781Kb
 bounds [0x000001fc231f0000, 0x000001fc23460000, 0x000001fc238a0000]
 total_blobs=1155 nmethods=785 adapters=281
 compilation: enabled
              stopped_count=0, restarted_count=0
 full_count=0

Compilation events (10 events):
Event: 3.832 Thread 0x000001fc39224000  781       1       jdk.internal.org.objectweb.asm.ByteVector::putByteArray (49 bytes)
Event: 3.832 Thread 0x000001fc39224000 nmethod 781 0x000001fc239c2910 code [0x000001fc239c2ae0, 0x000001fc239c2d40]
Event: 3.833 Thread 0x000001fc39224000  782       1       java.util.StringTokenizer::scanToken (179 bytes)
Event: 3.835 Thread 0x000001fc39224000 nmethod 782 0x000001fc239c2e10 code [0x000001fc239c3080, 0x000001fc239c3780]
Event: 3.835 Thread 0x000001fc39224000  784       1       java.util.StringTokenizer::skipDelimiters (116 bytes)
Event: 3.836 Thread 0x000001fc39224000 nmethod 784 0x000001fc239c3c90 code [0x000001fc239c3ea0, 0x000001fc239c4390]
Event: 3.836 Thread 0x000001fc39224000  783       1       java.util.StringTokenizer::hasMoreTokens (29 bytes)
Event: 3.837 Thread 0x000001fc39224000 nmethod 783 0x000001fc239c4710 code [0x000001fc239c48c0, 0x000001fc239c4a30]
Event: 3.837 Thread 0x000001fc39224000  785       1       java.util.StringTokenizer::nextToken (92 bytes)
Event: 3.837 Thread 0x000001fc39224000 nmethod 785 0x000001fc239c4b10 code [0x000001fc239c4d00, 0x000001fc239c4fa0]

GC Heap History (6 events):
Event: 3.495 GC heap before
{Heap before GC invocations=0 (full 0):
 garbage-first heap   total 131072K, used 14336K [0x0000000081c00000, 0x0000000100000000)
  region size 1024K, 14 young (14336K), 0 survivors (0K)
 Metaspace       used 8213K, capacity 8378K, committed 8576K, reserved 1056768K
  class space    used 813K, capacity 856K, committed 896K, reserved 1048576K
}
Event: 3.503 GC heap after
{Heap after GC invocations=1 (full 0):
 garbage-first heap   total 131072K, used 3895K [0x0000000081c00000, 0x0000000100000000)
  region size 1024K, 2 young (2048K), 2 survivors (2048K)
 Metaspace       used 8213K, capacity 8378K, committed 8576K, reserved 1056768K
  class space    used 813K, capacity 856K, committed 896K, reserved 1048576K
}
Event: 3.819 GC heap before
{Heap before GC invocations=1 (full 0):
 garbage-first heap   total 131072K, used 7991K [0x0000000081c00000, 0x0000000100000000)
  region size 1024K, 7 young (7168K), 2 survivors (2048K)
 Metaspace       used 9341K, capacity 9472K, committed 9600K, reserved 1064960K
  class space    used 987K, capacity 1050K, committed 1152K, reserved 1048576K
}
Event: 3.822 GC heap after
{Heap after GC invocations=2 (full 0):
 garbage-first heap   total 131072K, used 4581K [0x0000000081c00000, 0x0000000100000000)
  region size 1024K, 1 young (1024K), 1 survivors (1024K)
 Metaspace       used 9341K, capacity 9472K, committed 9600K, reserved 1064960K
  class space    used 987K, capacity 1050K, committed 1152K, reserved 1048576K
}
Event: 3.838 GC heap before
{Heap before GC invocations=3 (full 0):
 garbage-first heap   total 131072K, used 4581K [0x0000000081c00000, 0x0000000100000000)
  region size 1024K, 2 young (2048K), 1 survivors (1024K)
 Metaspace       used 9625K, capacity 9737K, committed 9856K, reserved 1071104K
  class space    used 1012K, capacity 1053K, committed 1152K, reserved 1048576K
}
Event: 3.840 GC heap after
{Heap after GC invocations=4 (full 0):
 garbage-first heap   total 131072K, used 4674K [0x0000000081c00000, 0x0000000100000000)
  region size 1024K, 1 young (1024K), 1 survivors (1024K)
 Metaspace       used 9625K, capacity 9737K, committed 9856K, reserved 1071104K
  class space    used 1012K, capacity 1053K, committed 1152K, reserved 1048576K
}

Deoptimization events (0 events):
No events

Classes redefined (0 events):
No events

Internal exceptions (7 events):
Event: 2.842 Thread 0x000001fc1ae6b000 Exception <a 'java/lang/ClassNotFoundException'{0x000000008948f018}: javax/smartcardio/CardPermission> (0x000000008948f018) thrown at [t:/workspace/open/src/hotspot/share/classfile/systemDictionary.cpp, line 231]
Event: 2.847 Thread 0x000001fc1ae6b000 Exception <a 'java/io/FileNotFoundException'{0x00000000894e5190}> (0x00000000894e5190) thrown at [t:/workspace/open/src/hotspot/share/prims/jni.cpp, line 615]
Event: 3.082 Thread 0x000001fc1ae6b000 Exception <a 'java/lang/NoSuchMethodError'{0x00000000892b1cb0}: java.lang.invoke.DirectMethodHandle$Holder.invokeStatic(Ljava/lang/Object;Ljava/lang/Object;Ljava/lang/Object;Ljava/lang/Object;Ljava/lang/Object;Ljava/lang/Object;Ljava/lang/Object;Ljava/lan
Event: 3.088 Thread 0x000001fc1ae6b000 Exception <a 'java/lang/NoSuchMethodError'{0x00000000892bfce8}: java.lang.invoke.DirectMethodHandle$Holder.invokeStatic(Ljava/lang/Object;Ljava/lang/Object;Ljava/lang/Object;Ljava/lang/Object;Ljava/lang/Object;Ljava/lang/Object;Ljava/lang/Object;Ljava/lan
Event: 3.092 Thread 0x000001fc1ae6b000 Exception <a 'java/lang/NoSuchMethodError'{0x00000000892cee58}: java.lang.invoke.DirectMethodHandle$Holder.invokeSpecial(Ljava/lang/Object;Ljava/lang/Object;IILjava/lang/Object;Ljava/lang/Object;Ljava/lang/Object;)Ljava/lang/Object;> (0x00000000892cee58) 
Event: 3.105 Thread 0x000001fc1ae6b000 Exception <a 'java/lang/NoSuchMethodError'{0x00000000892d23e0}: java.lang.invoke.DelegatingMethodHandle$Holder.reinvoke_L(Ljava/lang/Object;IILjava/lang/Object;Ljava/lang/Object;Ljava/lang/Object;)Ljava/lang/Object;> (0x00000000892d23e0) thrown at [t:/wor
Event: 3.106 Thread 0x000001fc1ae6b000 Exception <a 'java/lang/NoSuchMethodError'{0x00000000892d6860}: java.lang.invoke.DirectMethodHandle$Holder.invokeStatic(Ljava/lang/Object;Ljava/lang/Object;Ljava/lang/Object;Ljava/lang/Object;I)Ljava/lang/Object;> (0x00000000892d6860) thrown at [t:/worksp

Events (10 events):
Event: 3.838 loading class java/text/spi/DateFormatProvider
Event: 3.838 loading class java/text/spi/DateFormatProvider done
Event: 3.838 loading class java/text/spi/DateFormatSymbolsProvider
Event: 3.838 loading class java/text/spi/DateFormatSymbolsProvider done
Event: 3.838 loading class java/text/spi/DecimalFormatSymbolsProvider
Event: 3.838 loading class java/text/spi/DecimalFormatSymbolsProvider done
Event: 3.838 loading class java/text/spi/NumberFormatProvider
Event: 3.838 loading class java/text/spi/NumberFormatProvider done
Event: 3.838 loading class java/util/spi/CurrencyNameProvider
Event: 3.838 Executing VM operation: CollectForMetadataAllocation


Dynamic libraries:
0x00007ff6f48f0000 - 0x00007ff6f4937000 	C:\Program Files\Java\jdk-11.0.6\bin\java.exe
0x00007ffc288c0000 - 0x00007ffc28ab0000 	C:\WINDOWS\SYSTEM32\ntdll.dll
0x00007ffc28610000 - 0x00007ffc286c2000 	C:\WINDOWS\System32\KERNEL32.DLL
0x00007ffc258b0000 - 0x00007ffc25b53000 	C:\WINDOWS\System32\KERNELBASE.dll
0x00007ffc269d0000 - 0x00007ffc26a73000 	C:\WINDOWS\System32\ADVAPI32.dll
0x00007ffc27f60000 - 0x00007ffc27ffe000 	C:\WINDOWS\System32\msvcrt.dll
0x00007ffc27520000 - 0x00007ffc275b7000 	C:\WINDOWS\System32\sechost.dll
0x00007ffc27e30000 - 0x00007ffc27f50000 	C:\WINDOWS\System32\RPCRT4.dll
0x00007ffc28470000 - 0x00007ffc28604000 	C:\WINDOWS\System32\USER32.dll
0x00007ffc25c30000 - 0x00007ffc25c51000 	C:\WINDOWS\System32\win32u.dll
0x00007ffc26b70000 - 0x00007ffc26b96000 	C:\WINDOWS\System32\GDI32.dll
0x00007ffc25d10000 - 0x00007ffc25ea4000 	C:\WINDOWS\System32\gdi32full.dll
0x00007ffc25eb0000 - 0x00007ffc25f4e000 	C:\WINDOWS\System32\msvcp_win.dll
0x00007ffc260a0000 - 0x00007ffc2619a000 	C:\WINDOWS\System32\ucrtbase.dll
0x00007ffc15c40000 - 0x00007ffc15ec5000 	C:\WINDOWS\WinSxS\amd64_microsoft.windows.common-controls_6595b64144ccf1df_6.0.18362.720_none_e6beb5c51314836b\COMCTL32.dll
0x00007ffc26dc0000 - 0x00007ffc270f6000 	C:\WINDOWS\System32\combase.dll
0x00007ffc1d7c0000 - 0x00007ffc1d7ca000 	C:\WINDOWS\SYSTEM32\VERSION.dll
0x00007ffc25b60000 - 0x00007ffc25be0000 	C:\WINDOWS\System32\bcryptPrimitives.dll
0x00007ffc27da0000 - 0x00007ffc27dce000 	C:\WINDOWS\System32\IMM32.DLL
0x00007ffc18280000 - 0x00007ffc18296000 	C:\Program Files\Java\jdk-11.0.6\bin\vcruntime140.dll
0x00007ffbeeec0000 - 0x00007ffbeef6a000 	C:\Program Files\Java\jdk-11.0.6\bin\msvcp140.dll
0x00007ffbd2fa0000 - 0x00007ffbd3ac9000 	C:\Program Files\Java\jdk-11.0.6\bin\server\jvm.dll
0x00007ffc27d10000 - 0x00007ffc27d18000 	C:\WINDOWS\System32\PSAPI.DLL
0x00007ffc14300000 - 0x00007ffc14309000 	C:\WINDOWS\SYSTEM32\WSOCK32.dll
0x00007ffc27280000 - 0x00007ffc272ef000 	C:\WINDOWS\System32\WS2_32.dll
0x00007ffc218d0000 - 0x00007ffc218f4000 	C:\WINDOWS\SYSTEM32\WINMM.dll
0x00007ffc218a0000 - 0x00007ffc218cd000 	C:\WINDOWS\SYSTEM32\WINMMBASE.dll
0x00007ffc25be0000 - 0x00007ffc25c2a000 	C:\WINDOWS\System32\cfgmgr32.dll
0x00007ffc257f0000 - 0x00007ffc25801000 	C:\WINDOWS\System32\kernel.appcore.dll
0x00007ffc18260000 - 0x00007ffc18271000 	C:\Program Files\Java\jdk-11.0.6\bin\verify.dll
0x00007ffc240b0000 - 0x00007ffc242a4000 	C:\WINDOWS\SYSTEM32\DBGHELP.DLL
0x00007ffc0ff00000 - 0x00007ffc0ff2a000 	C:\WINDOWS\SYSTEM32\dbgcore.DLL
0x00007ffbf1770000 - 0x00007ffbf1799000 	C:\Program Files\Java\jdk-11.0.6\bin\java.dll
0x00007ffbf1510000 - 0x00007ffbf1526000 	C:\Program Files\Java\jdk-11.0.6\bin\zip.dll
0x00007ffbf1760000 - 0x00007ffbf176a000 	C:\Program Files\Java\jdk-11.0.6\bin\jimage.dll
0x00007ffc275c0000 - 0x00007ffc27ca5000 	C:\WINDOWS\System32\SHELL32.dll
0x00007ffc271d0000 - 0x00007ffc27279000 	C:\WINDOWS\System32\shcore.dll
0x00007ffc26230000 - 0x00007ffc269b0000 	C:\WINDOWS\System32\windows.storage.dll
0x00007ffc25860000 - 0x00007ffc25883000 	C:\WINDOWS\System32\profapi.dll
0x00007ffc25810000 - 0x00007ffc2585a000 	C:\WINDOWS\System32\powrprof.dll
0x00007ffc257e0000 - 0x00007ffc257f0000 	C:\WINDOWS\System32\UMPDC.dll
0x00007ffc27dd0000 - 0x00007ffc27e22000 	C:\WINDOWS\System32\shlwapi.dll
0x00007ffc269b0000 - 0x00007ffc269c7000 	C:\WINDOWS\System32\cryptsp.dll
0x00007ffbf14f0000 - 0x00007ffbf1509000 	C:\Program Files\Java\jdk-11.0.6\bin\net.dll
0x00007ffc18f20000 - 0x00007ffc19011000 	C:\WINDOWS\SYSTEM32\WINHTTP.dll
0x00007ffc25050000 - 0x00007ffc250b7000 	C:\WINDOWS\system32\mswsock.dll
0x00007ffbeeea0000 - 0x00007ffbeeeb3000 	C:\Program Files\Java\jdk-11.0.6\bin\nio.dll

dbghelp: loaded successfully - version: 4.0.5 - missing functions: none
symbol engine: initialized successfully - sym options: 0x614 - pdb path: .;C:\Program Files\Java\jdk-11.0.6\bin;C:\WINDOWS\SYSTEM32;C:\WINDOWS\WinSxS\amd64_microsoft.windows.common-controls_6595b64144ccf1df_6.0.18362.720_none_e6beb5c51314836b;C:\Program Files\Java\jdk-11.0.6\bin\server

VM Arguments:
jvm_args: -Dspring.lsp.client-port=45556 -Dserver.port=45556 -Dsts.lsp.client=vscode -Dsts.log.file=/dev/null -XX:TieredStopAtLevel=1 -Dspring.config.location=file:c:\Users\Dhanushguntha\.vscode\extensions\pivotal.vscode-spring-boot-1.16.0\language-server\BOOT-INF\classes\application.properties 
java_command: org.springframework.ide.vscode.boot.app.BootLanguagServerBootApp
java_class_path (initial): c:\Users\Dhanushguntha\.vscode\extensions\pivotal.vscode-spring-boot-1.16.0\language-server\BOOT-INF\classes;c:\Users\Dhanushguntha\.vscode\extensions\pivotal.vscode-spring-boot-1.16.0\language-server\BOOT-INF\lib\antlr4-runtime-4.5.3.jar;c:\Users\Dhanushguntha\.vscode\extensions\pivotal.vscode-spring-boot-1.16.0\language-server\BOOT-INF\lib\byte-buddy-1.10.4.jar;c:\Users\Dhanushguntha\.vscode\extensions\pivotal.vscode-spring-boot-1.16.0\language-server\BOOT-INF\lib\commons-codec-1.13.jar;c:\Users\Dhanushguntha\.vscode\extensions\pivotal.vscode-spring-boot-1.16.0\language-server\BOOT-INF\lib\commons-io-2.4.jar;c:\Users\Dhanushguntha\.vscode\extensions\pivotal.vscode-spring-boot-1.16.0\language-server\BOOT-INF\lib\commons-java-1.16.0-SNAPSHOT.jar;c:\Users\Dhanushguntha\.vscode\extensions\pivotal.vscode-spring-boot-1.16.0\language-server\BOOT-INF\lib\commons-lang3-3.9.jar;c:\Users\Dhanushguntha\.vscode\extensions\pivotal.vscode-spring-boot-1.16.0\language-server\BOOT-INF\lib\commons-language-server-1.16.0-SNAPSHOT.jar;c:\Users\Dhanushguntha\.vscode\extensions\pivotal.vscode-spring-boot-1.16.0\language-server\BOOT-INF\lib\commons-lsp-extensions-1.16.0-SNAPSHOT.jar;c:\Users\Dhanushguntha\.vscode\extensions\pivotal.vscode-spring-boot-1.16.0\language-server\BOOT-INF\lib\commons-util-1.16.0-SNAPSHOT.jar;c:\Users\Dhanushguntha\.vscode\extensions\pivotal.vscode-spring-boot-1.16.0\language-server\BOOT-INF\lib\commons-yaml-1.16.0-SNAPSHOT.jar;c:\Users\Dhanushguntha\.vscode\extensions\pivotal.vscode-spring-boot-1.16.0\language-server\BOOT-INF\lib\gson-2.8.6.jar;c:\Users\Dhanushguntha\.vscode\extensions\pivotal.vscode-spring-boot-1.16.0\language-server\BOOT-INF\lib\guava-19.0.jar;c:\Users\Dhanushguntha\.vscode\extensions\pivotal.vscode-spring-boot-1.16.0\language-server\BOOT-INF\lib\jakarta.annotation-api-1.3.5.jar;c:\Users\Dhanushguntha\.vscode\extensions\pivotal.vscode-spring-boot-1.16.0\language-server\BOOT-INF\lib\jandex-2.0.5.Final.jar;c:\Users\
Launcher Type: SUN_STANDARD

[Global flags]
     intx CICompilerCount                          = 3                                         {product} {ergonomic}
     uint ConcGCThreads                            = 1                                         {product} {ergonomic}
     uint G1ConcRefinementThreads                  = 4                                         {product} {ergonomic}
   size_t G1HeapRegionSize                         = 1048576                                   {product} {ergonomic}
    uintx GCDrainStackTargetSize                   = 64                                        {product} {ergonomic}
   size_t InitialHeapSize                          = 134217728                                 {product} {ergonomic}
   size_t MarkStackSize                            = 4194304                                   {product} {ergonomic}
   size_t MaxHeapSize                              = 2118123520                                {product} {ergonomic}
   size_t MaxNewSize                               = 1270874112                                {product} {ergonomic}
   size_t MinHeapDeltaBytes                        = 1048576                                   {product} {ergonomic}
    uintx NonNMethodCodeHeapSize                   = 6973028                                {pd product} {ergonomic}
    uintx NonProfiledCodeHeapSize                  = 244685212                              {pd product} {ergonomic}
    uintx ProfiledCodeHeapSize                     = 0                                      {pd product} {ergonomic}
    uintx ReservedCodeCacheSize                    = 251658240                              {pd product} {ergonomic}
     bool SegmentedCodeCache                       = true                                      {product} {ergonomic}
     intx TieredStopAtLevel                        = 1                                         {product} {command line}
     bool UseCompressedClassPointers               = true                                 {lp64_product} {ergonomic}
     bool UseCompressedOops                        = true                                 {lp64_product} {ergonomic}
     bool UseG1GC                                  = true                                      {product} {ergonomic}
     bool UseLargePagesIndividualAllocation        = false                                  {pd product} {ergonomic}

Logging:
Log output configuration:
 #0: stdout all=warning uptime,level,tags
 #1: stderr all=off uptime,level,tags

Environment Variables:
JAVA_HOME=C:\Program Files\Java\jdk-11.0.6
PATH=C:\Python27\;C:\Python27\Scripts;C:\Program Files (x86)\Intel\iCLS Client\;C:\Program Files\Intel\iCLS Client\;C:\windows\system32;C:\windows;C:\windows\System32\Wbem;C:\windows\System32\WindowsPowerShell\v1.0\;C:\Program Files (x86)\Intel\Intel(R) Management Engine Components\DAL;C:\Program Files\Intel\Intel(R) Management Engine Components\DAL;C:\Program Files (x86)\Intel\Intel(R) Management Engine Components\IPT;C:\Program Files\Intel\Intel(R) Management Engine Components\IPT;C:\Program Files (x86)\NVIDIA Corporation\PhysX\Common;C:\WINDOWS\system32;C:\WINDOWS;C:\WINDOWS\System32\Wbem;C:\WINDOWS\System32\WindowsPowerShell\v1.0\;C:\WINDOWS\System32\OpenSSH\;C:\Users\Dhanushguntha\AppData\Local\Programs\Python\Python37;C:\Program Files\Intel\WiFi\bin\;C:\Program Files\Common Files\Intel\WirelessCommon\;C:\Program Files\Git\cmd;C:\Program Files (x86)\Yarn\bin\;C:\Program Files\NVIDIA Corporation\NVIDIA NvDLISR;C:\Program Files\nodejs;C:\ProgramData\chocolatey\bin;C:\Program Files\nodejs\;C:\opt\apache-maven-3.6.3\bin;C:\Program Files\Java\jdk-11.0.6\bin;C:\Users\Dhanushguntha\Anaconda3\Scripts;C:\Users\Dhanushguntha\Anaconda3\Scripts;C:\Users\Dhanushguntha\AppData\Local\Programs\Microsoft VS Code\bin;C:\Users\Dhanushguntha\AppData\Roaming\npm;
USERNAME=Dhanushguntha
OS=Windows_NT
PROCESSOR_IDENTIFIER=Intel64 Family 6 Model 142 Stepping 9, GenuineIntel



---------------  S Y S T E M  ---------------

OS: Windows 10 , 64 bit Build 18362 (10.0.18362.329)

CPU:total 4 (initial active 4) (2 cores per cpu, 2 threads per core) family 6 model 142 stepping 9, cmov, cx8, fxsr, mmx, sse, sse2, sse3, ssse3, sse4.1, sse4.2, popcnt, avx, avx2, aes, clmul, erms, 3dnowpref, lzcnt, ht, tsc, tscinvbit, bmi1, bmi2, adx, fma

Memory: 4k page, system-wide physical 8077M (1143M free)
TotalPageFile size 8077M (AvailPageFile size 2M)
current process WorkingSet (physical memory assigned to process): 60M, peak: 60M
current process commit charge ("private bytes"): 204M, peak: 205M

vm_info: Java HotSpot(TM) 64-Bit Server VM (11.0.6+8-LTS) for windows-amd64 JRE (11.0.6+8-LTS), built on Dec 11 2019 09:17:57 by "mach5one" with MS VC++ 15.5 (VS2017)

END.
