#
# There is insufficient memory for the Java Runtime Environment to continue.
# Native memory allocation (malloc) failed to allocate 2558896 bytes for Chunk::new
# Possible reasons:
#   The system is out of physical RAM or swap space
#   The process is running with CompressedOops enabled, and the Java Heap may be blocking the growth of the native heap
# Possible solutions:
#   Reduce memory load on the system
#   Increase physical memory or swap space
#   Check if swap backing store is full
#   Decrease Java heap size (-Xmx/-Xms)
#   Decrease number of Java threads
#   Decrease Java thread stack sizes (-Xss)
#   Set larger code cache with -XX:ReservedCodeCacheSize=
#   JVM is running with Unscaled Compressed Oops mode in which the Java heap is
#     placed in the first 4GB address space. The Java Heap base address is the
#     maximum limit for the native heap growth. Please use -XX:HeapBaseMinAddress
#     to set the Java Heap base and to place the Java Heap above 4GB virtual address.
# This output file may be truncated or incomplete.
#
#  Out of Memory Error (t:/workspace/open/src/hotspot/share/memory/arena.cpp:197), pid=6136, tid=11360
#
# JRE version: Java(TM) SE Runtime Environment (11.0.6+8) (build 11.0.6+8-LTS)
# Java VM: Java HotSpot(TM) 64-Bit Server VM (11.0.6+8-LTS, mixed mode, tiered, compressed oops, g1 gc, windows-amd64)
# No core dump will be written. Minidumps are not enabled by default on client versions of Windows
#

---------------  S U M M A R Y ------------

Command Line: -Dmaven.multiModuleProjectDirectory=C:\Users\Dhanushguntha\Desktop\webcontroller\webcontroller -Dmaven.home=C:\Program Files\JetBrains\IntelliJ IDEA Community Edition 2019.3.4\plugins\maven\lib\maven3 -Dclassworlds.conf=C:\Program Files\JetBrains\IntelliJ IDEA Community Edition 2019.3.4\plugins\maven\lib\maven3\bin\m2.conf -Dmaven.ext.class.path=C:\Program Files\JetBrains\IntelliJ IDEA Community Edition 2019.3.4\plugins\maven\lib\maven-event-listener.jar -javaagent:C:\Program Files\JetBrains\IntelliJ IDEA Community Edition 2019.3.4\lib\idea_rt.jar=53655:C:\Program Files\JetBrains\IntelliJ IDEA Community Edition 2019.3.4\bin -Dfile.encoding=UTF-8 org.codehaus.classworlds.Launcher -Didea.version2019.3.4 spring-boot:run

Host: Intel(R) Core(TM) i5-7200U CPU @ 2.50GHz, 4 cores, 7G,  Windows 10 , 64 bit Build 18362 (10.0.18362.329)
Time: Mon Apr  6 13:11:32 2020 India Standard Time elapsed time: 13 seconds (0d 0h 0m 13s)

---------------  T H R E A D  ---------------

Current thread (0x0000019aff4ee000):  JavaThread "C2 CompilerThread0" daemon [_thread_in_native, id=11360, stack(0x000000891f100000,0x000000891f200000)]


Current CompileTask:
C2:  13421 6664   !   4       java.lang.ClassLoader::loadClass (122 bytes)

Stack: [0x000000891f100000,0x000000891f200000]
Native frames: (J=compiled Java code, j=interpreted, Vv=VM code, C=native code)
V  [jvm.dll+0x63679a]
V  [jvm.dll+0x7755bf]
V  [jvm.dll+0x776c65]
V  [jvm.dll+0x7772d3]
V  [jvm.dll+0x25e7f8]
V  [jvm.dll+0xc1c01]
V  [jvm.dll+0xc219c]
V  [jvm.dll+0x36d932]
V  [jvm.dll+0x33a7b3]
V  [jvm.dll+0x339b8a]
V  [jvm.dll+0x218355]
V  [jvm.dll+0x2174fa]
V  [jvm.dll+0x193a2c]
V  [jvm.dll+0x226544]
V  [jvm.dll+0x224b28]
V  [jvm.dll+0x73a9c5]
V  [jvm.dll+0x733905]
V  [jvm.dll+0x635846]
C  [ucrtbase.dll+0x20e72]
C  [KERNEL32.DLL+0x17bd4]
C  [ntdll.dll+0x6ced1]


---------------  P R O C E S S  ---------------

Threads class SMR info:
_java_thread_list=0x0000019a9cb53530, length=12, elements={
0x0000019afc37a000, 0x0000019aff4d6800, 0x0000019aff4e0000, 0x0000019a9b282800,
0x0000019aff4ed000, 0x0000019aff4ee000, 0x0000019aff4f1000, 0x0000019aff4fe800,
0x0000019aff46c000, 0x0000019a9b538000, 0x0000019a9b539000, 0x0000019a9d1b9800
}

Java Threads: ( => current thread )
  0x0000019afc37a000 JavaThread "main" [_thread_in_native, id=15880, stack(0x000000891e600000,0x000000891e700000)]
  0x0000019aff4d6800 JavaThread "Reference Handler" daemon [_thread_blocked, id=6592, stack(0x000000891ed00000,0x000000891ee00000)]
  0x0000019aff4e0000 JavaThread "Finalizer" daemon [_thread_blocked, id=2424, stack(0x000000891ee00000,0x000000891ef00000)]
  0x0000019a9b282800 JavaThread "Signal Dispatcher" daemon [_thread_blocked, id=13440, stack(0x000000891ef00000,0x000000891f000000)]
  0x0000019aff4ed000 JavaThread "Attach Listener" daemon [_thread_blocked, id=14420, stack(0x000000891f000000,0x000000891f100000)]
=>0x0000019aff4ee000 JavaThread "C2 CompilerThread0" daemon [_thread_in_native, id=11360, stack(0x000000891f100000,0x000000891f200000)]
  0x0000019aff4f1000 JavaThread "C1 CompilerThread0" daemon [_thread_blocked, id=14356, stack(0x000000891f200000,0x000000891f300000)]
  0x0000019aff4fe800 JavaThread "Sweeper thread" daemon [_thread_blocked, id=3156, stack(0x000000891f300000,0x000000891f400000)]
  0x0000019aff46c000 JavaThread "Common-Cleaner" daemon [_thread_blocked, id=16164, stack(0x000000891f400000,0x000000891f500000)]
  0x0000019a9b538000 JavaThread "Monitor Ctrl-Break" daemon [_thread_in_native, id=13180, stack(0x000000891f500000,0x000000891f600000)]
  0x0000019a9b539000 JavaThread "Service Thread" daemon [_thread_blocked, id=14208, stack(0x000000891f600000,0x000000891f700000)]
  0x0000019a9d1b9800 JavaThread "C2 CompilerThread1" daemon [_thread_in_native, id=3060, stack(0x000000891fb00000,0x000000891fc00000)]

Other Threads:
  0x0000019aff4af800 VMThread "VM Thread" [stack: 0x000000891ec00000,0x000000891ed00000] [id=14440]
  0x0000019a9b53e000 WatcherThread [stack: 0x000000891f700000,0x000000891f800000] [id=3928]
  0x0000019afc38f000 GCTaskThread "GC Thread#0" [stack: 0x000000891e700000,0x000000891e800000] [id=16296]
  0x0000019a9bb28000 GCTaskThread "GC Thread#1" [stack: 0x000000891f800000,0x000000891f900000] [id=12432]
  0x0000019a9bb28800 GCTaskThread "GC Thread#2" [stack: 0x000000891f900000,0x000000891fa00000] [id=14788]
  0x0000019afc3c1000 ConcurrentGCThread "G1 Main Marker" [stack: 0x000000891e800000,0x000000891e900000] [id=15172]
  0x0000019afc3c2800 ConcurrentGCThread "G1 Conc#0" [stack: 0x000000891e900000,0x000000891ea00000] [id=14428]
  0x0000019afc447800 ConcurrentGCThread "G1 Refine#0" [stack: 0x000000891ea00000,0x000000891eb00000] [id=15184]
  0x0000019a9b54b000 ConcurrentGCThread "G1 Refine#1" [stack: 0x000000891fa00000,0x000000891fb00000] [id=16264]
  0x0000019aff320800 ConcurrentGCThread "G1 Young RemSet Sampling" [stack: 0x000000891eb00000,0x000000891ec00000] [id=12712]

Threads with active compile tasks:
C2 CompilerThread06664   !   4       java.lang.ClassLoader::loadClass (122 bytes)
C2 CompilerThread16591   !   4       org.codehaus.plexus.interpolation.StringSearchInterpolator::interpolate (650 bytes)

VM state:not at safepoint (normal execution)

VM Mutex/Monitor currently owned by a thread: None

Heap address: 0x0000000081c00000, size: 2020 MB, Compressed Oops mode: 32-bit
Narrow klass base: 0x0000000000000000, Narrow klass shift: 3
Compressed class space size: 1073741824 Address: 0x0000000100000000

Heap:
 garbage-first heap   total 157696K, used 103349K [0x0000000081c00000, 0x0000000100000000)
  region size 1024K, 47 young (48128K), 3 survivors (3072K)
 Metaspace       used 38782K, capacity 39916K, committed 40016K, reserved 1085440K
  class space    used 4187K, capacity 4561K, committed 4608K, reserved 1048576K
Heap Regions: E=young(eden), S=young(survivor), O=old, HS=humongous(starts), HC=humongous(continues), CS=collection set, F=free, A=archive, TAMS=top-at-mark-start (previous, next)
|   0|0x0000000081c00000, 0x0000000081d00000, 0x0000000081d00000|100%| O|  |TAMS 0x0000000081d00000, 0x0000000081c00000| Untracked 
|   1|0x0000000081d00000, 0x0000000081e00000, 0x0000000081e00000|100%| O|  |TAMS 0x0000000081e00000, 0x0000000081d00000| Untracked 
|   2|0x0000000081e00000, 0x0000000081f00000, 0x0000000081f00000|100%| O|  |TAMS 0x0000000081f00000, 0x0000000081e00000| Untracked 
|   3|0x0000000081f00000, 0x0000000082000000, 0x0000000082000000|100%| O|  |TAMS 0x0000000082000000, 0x0000000081f00000| Untracked 
|   4|0x0000000082000000, 0x0000000082100000, 0x0000000082100000|100%| O|  |TAMS 0x0000000082100000, 0x0000000082000000| Untracked 
|   5|0x0000000082100000, 0x0000000082200000, 0x0000000082200000|100%| O|  |TAMS 0x0000000082200000, 0x0000000082100000| Untracked 
|   6|0x0000000082200000, 0x0000000082300000, 0x0000000082300000|100%| O|  |TAMS 0x0000000082300000, 0x0000000082200000| Untracked 
|   7|0x0000000082300000, 0x0000000082400000, 0x0000000082400000|100%| O|  |TAMS 0x0000000082400000, 0x0000000082300000| Untracked 
|   8|0x0000000082400000, 0x0000000082500000, 0x0000000082500000|100%| O|  |TAMS 0x0000000082500000, 0x0000000082400000| Untracked 
|   9|0x0000000082500000, 0x0000000082600000, 0x0000000082600000|100%| O|  |TAMS 0x0000000082600000, 0x0000000082500000| Untracked 
|  10|0x0000000082600000, 0x0000000082700000, 0x0000000082700000|100%| O|  |TAMS 0x0000000082700000, 0x0000000082600000| Untracked 
|  11|0x0000000082700000, 0x0000000082800000, 0x0000000082800000|100%| O|  |TAMS 0x0000000082800000, 0x0000000082700000| Untracked 
|  12|0x0000000082800000, 0x0000000082900000, 0x0000000082900000|100%| O|  |TAMS 0x0000000082900000, 0x0000000082800000| Untracked 
|  13|0x0000000082900000, 0x0000000082a00000, 0x0000000082a00000|100%| O|  |TAMS 0x0000000082a00000, 0x0000000082900000| Untracked 
|  14|0x0000000082a00000, 0x0000000082b00000, 0x0000000082b00000|100%| O|  |TAMS 0x0000000082b00000, 0x0000000082a00000| Untracked 
|  15|0x0000000082b00000, 0x0000000082c00000, 0x0000000082c00000|100%| O|  |TAMS 0x0000000082c00000, 0x0000000082b00000| Untracked 
|  16|0x0000000082c00000, 0x0000000082d00000, 0x0000000082d00000|100%| O|  |TAMS 0x0000000082d00000, 0x0000000082c00000| Untracked 
|  17|0x0000000082d00000, 0x0000000082e00000, 0x0000000082e00000|100%| O|  |TAMS 0x0000000082e00000, 0x0000000082d00000| Untracked 
|  18|0x0000000082e00000, 0x0000000082f00000, 0x0000000082f00000|100%| O|  |TAMS 0x0000000082f00000, 0x0000000082e00000| Untracked 
|  19|0x0000000082f00000, 0x0000000083000000, 0x0000000083000000|100%| O|  |TAMS 0x0000000083000000, 0x0000000082f00000| Untracked 
|  20|0x0000000083000000, 0x0000000083100000, 0x0000000083100000|100%| O|  |TAMS 0x0000000083000000, 0x0000000083000000| Untracked 
|  21|0x0000000083100000, 0x0000000083200000, 0x0000000083200000|100%|HS|  |TAMS 0x0000000083200000, 0x0000000083100000| Complete 
|  22|0x0000000083200000, 0x0000000083300000, 0x0000000083300000|100%| O|  |TAMS 0x0000000083300000, 0x0000000083200000| Untracked 
|  23|0x0000000083300000, 0x0000000083400000, 0x0000000083400000|100%| O|  |TAMS 0x0000000083400000, 0x0000000083300000| Untracked 
|  24|0x0000000083400000, 0x0000000083500000, 0x0000000083500000|100%| O|  |TAMS 0x0000000083500000, 0x0000000083400000| Untracked 
|  25|0x0000000083500000, 0x0000000083600000, 0x0000000083600000|100%| O|  |TAMS 0x0000000083600000, 0x0000000083500000| Untracked 
|  26|0x0000000083600000, 0x0000000083700000, 0x0000000083700000|100%| O|  |TAMS 0x0000000083700000, 0x0000000083600000| Untracked 
|  27|0x0000000083700000, 0x0000000083800000, 0x0000000083800000|100%| O|  |TAMS 0x0000000083800000, 0x0000000083700000| Untracked 
|  28|0x0000000083800000, 0x0000000083900000, 0x0000000083900000|100%| O|  |TAMS 0x0000000083900000, 0x0000000083800000| Untracked 
|  29|0x0000000083900000, 0x0000000083a00000, 0x0000000083a00000|100%| O|  |TAMS 0x0000000083a00000, 0x0000000083900000| Untracked 
|  30|0x0000000083a00000, 0x0000000083b00000, 0x0000000083b00000|100%| O|  |TAMS 0x0000000083b00000, 0x0000000083a00000| Untracked 
|  31|0x0000000083b00000, 0x0000000083c00000, 0x0000000083c00000|100%| O|  |TAMS 0x0000000083c00000, 0x0000000083b00000| Untracked 
|  32|0x0000000083c00000, 0x0000000083d00000, 0x0000000083d00000|100%| O|  |TAMS 0x0000000083d00000, 0x0000000083c00000| Untracked 
|  33|0x0000000083d00000, 0x0000000083e00000, 0x0000000083e00000|100%| O|  |TAMS 0x0000000083e00000, 0x0000000083d00000| Untracked 
|  34|0x0000000083e00000, 0x0000000083f00000, 0x0000000083f00000|100%| O|  |TAMS 0x0000000083f00000, 0x0000000083e00000| Untracked 
|  35|0x0000000083f00000, 0x0000000084000000, 0x0000000084000000|100%| O|  |TAMS 0x0000000084000000, 0x0000000083f00000| Untracked 
|  36|0x0000000084000000, 0x0000000084100000, 0x0000000084100000|100%| O|  |TAMS 0x0000000084100000, 0x0000000084000000| Untracked 
|  37|0x0000000084100000, 0x0000000084200000, 0x0000000084200000|100%| O|  |TAMS 0x0000000084200000, 0x0000000084100000| Untracked 
|  38|0x0000000084200000, 0x0000000084300000, 0x0000000084300000|100%| O|  |TAMS 0x0000000084300000, 0x0000000084200000| Untracked 
|  39|0x0000000084300000, 0x0000000084400000, 0x0000000084400000|100%| O|  |TAMS 0x0000000084400000, 0x0000000084300000| Untracked 
|  40|0x0000000084400000, 0x0000000084500000, 0x0000000084500000|100%| O|  |TAMS 0x0000000084500000, 0x0000000084400000| Untracked 
|  41|0x0000000084500000, 0x0000000084600000, 0x0000000084600000|100%| O|  |TAMS 0x0000000084500000, 0x0000000084500000| Untracked 
|  42|0x0000000084600000, 0x0000000084600000, 0x0000000084700000|  0%| F|  |TAMS 0x0000000084600000, 0x0000000084600000| Untracked 
|  43|0x0000000084700000, 0x0000000084800000, 0x0000000084800000|100%|HS|  |TAMS 0x0000000084700000, 0x0000000084700000| Complete 
|  44|0x0000000084800000, 0x0000000084900000, 0x0000000084900000|100%| O|  |TAMS 0x0000000084800000, 0x0000000084800000| Untracked 
|  45|0x0000000084900000, 0x0000000084a00000, 0x0000000084a00000|100%| O|  |TAMS 0x0000000084900000, 0x0000000084900000| Untracked 
|  46|0x0000000084a00000, 0x0000000084b00000, 0x0000000084b00000|100%| O|  |TAMS 0x0000000084a00000, 0x0000000084a00000| Untracked 
|  47|0x0000000084b00000, 0x0000000084c00000, 0x0000000084c00000|100%| O|  |TAMS 0x0000000084b00000, 0x0000000084b00000| Untracked 
|  48|0x0000000084c00000, 0x0000000084d00000, 0x0000000084d00000|100%| O|  |TAMS 0x0000000084c00000, 0x0000000084c00000| Untracked 
|  49|0x0000000084d00000, 0x0000000084e00000, 0x0000000084e00000|100%| O|  |TAMS 0x0000000084d00000, 0x0000000084d00000| Untracked 
|  50|0x0000000084e00000, 0x0000000084f00000, 0x0000000084f00000|100%| O|  |TAMS 0x0000000084e00000, 0x0000000084e00000| Untracked 
|  51|0x0000000084f00000, 0x0000000085000000, 0x0000000085000000|100%| O|  |TAMS 0x0000000084f00000, 0x0000000084f00000| Untracked 
|  52|0x0000000085000000, 0x0000000085100000, 0x0000000085100000|100%| O|  |TAMS 0x0000000085000000, 0x0000000085000000| Untracked 
|  53|0x0000000085100000, 0x0000000085200000, 0x0000000085200000|100%| O|  |TAMS 0x0000000085100000, 0x0000000085100000| Untracked 
|  54|0x0000000085200000, 0x0000000085300000, 0x0000000085300000|100%| O|  |TAMS 0x0000000085200000, 0x0000000085200000| Untracked 
|  55|0x0000000085300000, 0x0000000085400000, 0x0000000085400000|100%| O|  |TAMS 0x0000000085300000, 0x0000000085300000| Untracked 
|  56|0x0000000085400000, 0x000000008547f800, 0x0000000085500000| 49%| O|  |TAMS 0x0000000085400000, 0x0000000085400000| Untracked 
|  57|0x0000000085500000, 0x0000000085500000, 0x0000000085600000|  0%| F|  |TAMS 0x0000000085500000, 0x0000000085500000| Untracked 
|  58|0x0000000085600000, 0x0000000085600000, 0x0000000085700000|  0%| F|  |TAMS 0x0000000085600000, 0x0000000085600000| Untracked 
|  59|0x0000000085700000, 0x0000000085700000, 0x0000000085800000|  0%| F|  |TAMS 0x0000000085700000, 0x0000000085700000| Untracked 
|  60|0x0000000085800000, 0x0000000085800000, 0x0000000085900000|  0%| F|  |TAMS 0x0000000085800000, 0x0000000085800000| Untracked 
|  61|0x0000000085900000, 0x0000000085900000, 0x0000000085a00000|  0%| F|  |TAMS 0x0000000085900000, 0x0000000085900000| Untracked 
|  62|0x0000000085a00000, 0x0000000085a00000, 0x0000000085b00000|  0%| F|  |TAMS 0x0000000085a00000, 0x0000000085a00000| Untracked 
|  63|0x0000000085b00000, 0x0000000085b00000, 0x0000000085c00000|  0%| F|  |TAMS 0x0000000085b00000, 0x0000000085b00000| Untracked 
|  64|0x0000000085c00000, 0x0000000085c00000, 0x0000000085d00000|  0%| F|  |TAMS 0x0000000085c00000, 0x0000000085c00000| Untracked 
|  65|0x0000000085d00000, 0x0000000085d00000, 0x0000000085e00000|  0%| F|  |TAMS 0x0000000085d00000, 0x0000000085d00000| Untracked 
|  66|0x0000000085e00000, 0x0000000085e00000, 0x0000000085f00000|  0%| F|  |TAMS 0x0000000085e00000, 0x0000000085e00000| Untracked 
|  67|0x0000000085f00000, 0x0000000085f00000, 0x0000000086000000|  0%| F|  |TAMS 0x0000000085f00000, 0x0000000085f00000| Untracked 
|  68|0x0000000086000000, 0x0000000086000000, 0x0000000086100000|  0%| F|  |TAMS 0x0000000086000000, 0x0000000086000000| Untracked 
|  69|0x0000000086100000, 0x0000000086100000, 0x0000000086200000|  0%| F|  |TAMS 0x0000000086100000, 0x0000000086100000| Untracked 
|  70|0x0000000086200000, 0x0000000086200000, 0x0000000086300000|  0%| F|  |TAMS 0x0000000086200000, 0x0000000086200000| Untracked 
|  71|0x0000000086300000, 0x0000000086300000, 0x0000000086400000|  0%| F|  |TAMS 0x0000000086300000, 0x0000000086300000| Untracked 
|  72|0x0000000086400000, 0x0000000086400000, 0x0000000086500000|  0%| F|  |TAMS 0x0000000086400000, 0x0000000086400000| Untracked 
|  73|0x0000000086500000, 0x0000000086500000, 0x0000000086600000|  0%| F|  |TAMS 0x0000000086500000, 0x0000000086500000| Untracked 
|  74|0x0000000086600000, 0x0000000086600000, 0x0000000086700000|  0%| F|  |TAMS 0x0000000086600000, 0x0000000086600000| Untracked 
|  75|0x0000000086700000, 0x0000000086700000, 0x0000000086800000|  0%| F|  |TAMS 0x0000000086700000, 0x0000000086700000| Untracked 
|  76|0x0000000086800000, 0x0000000086800000, 0x0000000086900000|  0%| F|  |TAMS 0x0000000086800000, 0x0000000086800000| Untracked 
|  77|0x0000000086900000, 0x0000000086900000, 0x0000000086a00000|  0%| F|  |TAMS 0x0000000086900000, 0x0000000086900000| Untracked 
|  78|0x0000000086a00000, 0x0000000086a00000, 0x0000000086b00000|  0%| F|  |TAMS 0x0000000086a00000, 0x0000000086a00000| Untracked 
|  79|0x0000000086b00000, 0x0000000086b00000, 0x0000000086c00000|  0%| F|  |TAMS 0x0000000086b00000, 0x0000000086b00000| Untracked 
|  80|0x0000000086c00000, 0x0000000086c00000, 0x0000000086d00000|  0%| F|  |TAMS 0x0000000086c00000, 0x0000000086c00000| Untracked 
|  81|0x0000000086d00000, 0x0000000086d00000, 0x0000000086e00000|  0%| F|  |TAMS 0x0000000086d00000, 0x0000000086d00000| Untracked 
|  82|0x0000000086e00000, 0x0000000086e00000, 0x0000000086f00000|  0%| F|  |TAMS 0x0000000086e00000, 0x0000000086e00000| Untracked 
|  83|0x0000000086f00000, 0x0000000086f00000, 0x0000000087000000|  0%| F|  |TAMS 0x0000000086f00000, 0x0000000086f00000| Untracked 
|  84|0x0000000087000000, 0x0000000087000000, 0x0000000087100000|  0%| F|  |TAMS 0x0000000087000000, 0x0000000087000000| Untracked 
|  85|0x0000000087100000, 0x0000000087100000, 0x0000000087200000|  0%| F|  |TAMS 0x0000000087100000, 0x0000000087100000| Untracked 
|  86|0x0000000087200000, 0x0000000087200000, 0x0000000087300000|  0%| F|  |TAMS 0x0000000087200000, 0x0000000087200000| Untracked 
|  87|0x0000000087300000, 0x0000000087300000, 0x0000000087400000|  0%| F|  |TAMS 0x0000000087300000, 0x0000000087300000| Untracked 
|  88|0x0000000087400000, 0x0000000087400000, 0x0000000087500000|  0%| F|  |TAMS 0x0000000087400000, 0x0000000087400000| Untracked 
|  89|0x0000000087500000, 0x0000000087500000, 0x0000000087600000|  0%| F|  |TAMS 0x0000000087500000, 0x0000000087500000| Untracked 
|  90|0x0000000087600000, 0x0000000087600000, 0x0000000087700000|  0%| F|  |TAMS 0x0000000087600000, 0x0000000087600000| Untracked 
|  91|0x0000000087700000, 0x0000000087700000, 0x0000000087800000|  0%| F|  |TAMS 0x0000000087700000, 0x0000000087700000| Untracked 
|  92|0x0000000087800000, 0x0000000087800000, 0x0000000087900000|  0%| F|  |TAMS 0x0000000087800000, 0x0000000087800000| Untracked 
|  93|0x0000000087900000, 0x0000000087900000, 0x0000000087a00000|  0%| F|  |TAMS 0x0000000087900000, 0x0000000087900000| Untracked 
|  94|0x0000000087a00000, 0x0000000087a00000, 0x0000000087b00000|  0%| F|  |TAMS 0x0000000087a00000, 0x0000000087a00000| Untracked 
|  95|0x0000000087b00000, 0x0000000087b00000, 0x0000000087c00000|  0%| F|  |TAMS 0x0000000087b00000, 0x0000000087b00000| Untracked 
|  96|0x0000000087c00000, 0x0000000087c00000, 0x0000000087d00000|  0%| F|  |TAMS 0x0000000087c00000, 0x0000000087c00000| Untracked 
|  97|0x0000000087d00000, 0x0000000087d6dd10, 0x0000000087e00000| 42%| S|CS|TAMS 0x0000000087d00000, 0x0000000087d00000| Complete 
|  98|0x0000000087e00000, 0x0000000087f00000, 0x0000000087f00000|100%| S|CS|TAMS 0x0000000087e00000, 0x0000000087e00000| Complete 
|  99|0x0000000087f00000, 0x0000000088000000, 0x0000000088000000|100%| S|CS|TAMS 0x0000000087f00000, 0x0000000087f00000| Complete 
| 100|0x0000000088000000, 0x0000000088000000, 0x0000000088100000|  0%| F|  |TAMS 0x0000000088000000, 0x0000000088000000| Untracked 
| 101|0x0000000088100000, 0x0000000088100000, 0x0000000088200000|  0%| F|  |TAMS 0x0000000088100000, 0x0000000088100000| Untracked 
| 102|0x0000000088200000, 0x0000000088200000, 0x0000000088300000|  0%| F|  |TAMS 0x0000000088200000, 0x0000000088200000| Untracked 
| 103|0x0000000088300000, 0x0000000088300000, 0x0000000088400000|  0%| F|  |TAMS 0x0000000088300000, 0x0000000088300000| Untracked 
| 104|0x0000000088400000, 0x0000000088400000, 0x0000000088500000|  0%| F|  |TAMS 0x0000000088400000, 0x0000000088400000| Untracked 
| 105|0x0000000088500000, 0x0000000088500000, 0x0000000088600000|  0%| F|  |TAMS 0x0000000088500000, 0x0000000088500000| Untracked 
| 106|0x0000000088600000, 0x0000000088600000, 0x0000000088700000|  0%| F|  |TAMS 0x0000000088600000, 0x0000000088600000| Untracked 
| 107|0x0000000088700000, 0x0000000088700000, 0x0000000088800000|  0%| F|  |TAMS 0x0000000088700000, 0x0000000088700000| Untracked 
| 108|0x0000000088800000, 0x0000000088800000, 0x0000000088900000|  0%| F|  |TAMS 0x0000000088800000, 0x0000000088800000| Untracked 
| 109|0x0000000088900000, 0x0000000088900000, 0x0000000088a00000|  0%| F|  |TAMS 0x0000000088900000, 0x0000000088900000| Untracked 
| 110|0x0000000088a00000, 0x0000000088a85040, 0x0000000088b00000| 51%| E|  |TAMS 0x0000000088a00000, 0x0000000088a00000| Complete 
| 111|0x0000000088b00000, 0x0000000088c00000, 0x0000000088c00000|100%| E|CS|TAMS 0x0000000088b00000, 0x0000000088b00000| Complete 
| 112|0x0000000088c00000, 0x0000000088d00000, 0x0000000088d00000|100%| E|CS|TAMS 0x0000000088c00000, 0x0000000088c00000| Complete 
| 113|0x0000000088d00000, 0x0000000088e00000, 0x0000000088e00000|100%| E|CS|TAMS 0x0000000088d00000, 0x0000000088d00000| Complete 
| 114|0x0000000088e00000, 0x0000000088f00000, 0x0000000088f00000|100%| E|CS|TAMS 0x0000000088e00000, 0x0000000088e00000| Complete 
| 115|0x0000000088f00000, 0x0000000089000000, 0x0000000089000000|100%| E|CS|TAMS 0x0000000088f00000, 0x0000000088f00000| Complete 
| 116|0x0000000089000000, 0x0000000089100000, 0x0000000089100000|100%| E|CS|TAMS 0x0000000089000000, 0x0000000089000000| Complete 
| 117|0x0000000089100000, 0x0000000089200000, 0x0000000089200000|100%| E|CS|TAMS 0x0000000089100000, 0x0000000089100000| Complete 
| 118|0x0000000089200000, 0x0000000089300000, 0x0000000089300000|100%| E|CS|TAMS 0x0000000089200000, 0x0000000089200000| Complete 
| 119|0x0000000089300000, 0x0000000089400000, 0x0000000089400000|100%| E|CS|TAMS 0x0000000089300000, 0x0000000089300000| Complete 
| 120|0x0000000089400000, 0x0000000089500000, 0x0000000089500000|100%| E|CS|TAMS 0x0000000089400000, 0x0000000089400000| Complete 
| 121|0x0000000089500000, 0x0000000089600000, 0x0000000089600000|100%| E|CS|TAMS 0x0000000089500000, 0x0000000089500000| Complete 
| 122|0x0000000089600000, 0x0000000089700000, 0x0000000089700000|100%| E|CS|TAMS 0x0000000089600000, 0x0000000089600000| Complete 
| 123|0x0000000089700000, 0x0000000089800000, 0x0000000089800000|100%| E|CS|TAMS 0x0000000089700000, 0x0000000089700000| Complete 
| 124|0x0000000089800000, 0x0000000089900000, 0x0000000089900000|100%| E|CS|TAMS 0x0000000089800000, 0x0000000089800000| Complete 
| 125|0x0000000089900000, 0x0000000089a00000, 0x0000000089a00000|100%| E|CS|TAMS 0x0000000089900000, 0x0000000089900000| Complete 
| 126|0x0000000089a00000, 0x0000000089b00000, 0x0000000089b00000|100%| E|CS|TAMS 0x0000000089a00000, 0x0000000089a00000| Complete 
| 127|0x0000000089b00000, 0x0000000089c00000, 0x0000000089c00000|100%| E|CS|TAMS 0x0000000089b00000, 0x0000000089b00000| Complete 
| 128|0x0000000089c00000, 0x0000000089d00000, 0x0000000089d00000|100%| E|CS|TAMS 0x0000000089c00000, 0x0000000089c00000| Complete 
| 129|0x0000000089d00000, 0x0000000089e00000, 0x0000000089e00000|100%| E|CS|TAMS 0x0000000089d00000, 0x0000000089d00000| Complete 
| 130|0x0000000089e00000, 0x0000000089f00000, 0x0000000089f00000|100%| E|CS|TAMS 0x0000000089e00000, 0x0000000089e00000| Complete 
| 131|0x0000000089f00000, 0x000000008a000000, 0x000000008a000000|100%| E|CS|TAMS 0x0000000089f00000, 0x0000000089f00000| Complete 
| 132|0x000000008a000000, 0x000000008a100000, 0x000000008a100000|100%| E|CS|TAMS 0x000000008a000000, 0x000000008a000000| Complete 
| 133|0x000000008a100000, 0x000000008a200000, 0x000000008a200000|100%| E|CS|TAMS 0x000000008a100000, 0x000000008a100000| Complete 
| 134|0x000000008a200000, 0x000000008a300000, 0x000000008a300000|100%| E|CS|TAMS 0x000000008a200000, 0x000000008a200000| Complete 
| 135|0x000000008a300000, 0x000000008a400000, 0x000000008a400000|100%| E|CS|TAMS 0x000000008a300000, 0x000000008a300000| Complete 
| 136|0x000000008a400000, 0x000000008a500000, 0x000000008a500000|100%| E|CS|TAMS 0x000000008a400000, 0x000000008a400000| Complete 
| 137|0x000000008a500000, 0x000000008a600000, 0x000000008a600000|100%| E|CS|TAMS 0x000000008a500000, 0x000000008a500000| Complete 
| 138|0x000000008a600000, 0x000000008a700000, 0x000000008a700000|100%| E|CS|TAMS 0x000000008a600000, 0x000000008a600000| Complete 
| 139|0x000000008a700000, 0x000000008a800000, 0x000000008a800000|100%| E|CS|TAMS 0x000000008a700000, 0x000000008a700000| Complete 
| 140|0x000000008a800000, 0x000000008a900000, 0x000000008a900000|100%| E|CS|TAMS 0x000000008a800000, 0x000000008a800000| Complete 
| 141|0x000000008a900000, 0x000000008aa00000, 0x000000008aa00000|100%| E|CS|TAMS 0x000000008a900000, 0x000000008a900000| Complete 
| 142|0x000000008aa00000, 0x000000008ab00000, 0x000000008ab00000|100%| E|CS|TAMS 0x000000008aa00000, 0x000000008aa00000| Complete 
| 143|0x000000008ab00000, 0x000000008ac00000, 0x000000008ac00000|100%| E|CS|TAMS 0x000000008ab00000, 0x000000008ab00000| Complete 
| 144|0x000000008ac00000, 0x000000008ad00000, 0x000000008ad00000|100%| E|CS|TAMS 0x000000008ac00000, 0x000000008ac00000| Complete 
| 145|0x000000008ad00000, 0x000000008ae00000, 0x000000008ae00000|100%| E|CS|TAMS 0x000000008ad00000, 0x000000008ad00000| Complete 
| 146|0x000000008ae00000, 0x000000008af00000, 0x000000008af00000|100%| E|CS|TAMS 0x000000008ae00000, 0x000000008ae00000| Complete 
| 147|0x000000008af00000, 0x000000008b000000, 0x000000008b000000|100%| E|CS|TAMS 0x000000008af00000, 0x000000008af00000| Complete 
| 148|0x000000008b000000, 0x000000008b100000, 0x000000008b100000|100%| E|CS|TAMS 0x000000008b000000, 0x000000008b000000| Complete 
| 149|0x000000008b100000, 0x000000008b200000, 0x000000008b200000|100%| E|CS|TAMS 0x000000008b100000, 0x000000008b100000| Complete 
| 150|0x000000008b200000, 0x000000008b300000, 0x000000008b300000|100%| E|CS|TAMS 0x000000008b200000, 0x000000008b200000| Complete 
| 151|0x000000008b300000, 0x000000008b400000, 0x000000008b400000|100%| E|CS|TAMS 0x000000008b300000, 0x000000008b300000| Complete 
| 152|0x000000008b400000, 0x000000008b500000, 0x000000008b500000|100%| E|CS|TAMS 0x000000008b400000, 0x000000008b400000| Complete 
| 153|0x000000008b500000, 0x000000008b600000, 0x000000008b600000|100%| E|CS|TAMS 0x000000008b500000, 0x000000008b500000| Complete 

Card table byte_map: [0x0000019afc850000,0x0000019afcc50000] _byte_map_base: 0x0000019afc442000

Marking Bits (Prev, Next): (CMBitMap*) 0x0000019afc3b8838, (CMBitMap*) 0x0000019afc3b8870
 Prev Bits: [0x0000019afd050000, 0x0000019afefe0000)
 Next Bits: [0x0000019a972b0000, 0x0000019a99240000)

Polling page: 0x0000019afa2d0000

Metaspace:

Usage:
  Non-class:     34.53 MB capacity,    33.78 MB ( 98%) used,   688.20 KB (  2%) free+waste,    72.19 KB ( <1%) overhead. 
      Class:      4.45 MB capacity,     4.09 MB ( 92%) used,   341.82 KB (  7%) free+waste,    31.25 KB ( <1%) overhead. 
       Both:     38.98 MB capacity,    37.87 MB ( 97%) used,     1.01 MB (  3%) free+waste,   103.44 KB ( <1%) overhead. 

Virtual space:
  Non-class space:       36.00 MB reserved,      34.58 MB ( 96%) committed 
      Class space:        1.00 GB reserved,       4.50 MB ( <1%) committed 
             Both:        1.04 GB reserved,      39.08 MB (  4%) committed 

Chunk freelists:
   Non-Class:  6.63 KB
       Class:  1.88 KB
        Both:  8.50 KB

CodeHeap 'non-profiled nmethods': size=120064Kb used=4416Kb max_used=4416Kb free=115647Kb
 bounds [0x0000019a8fd70000, 0x0000019a901d0000, 0x0000019a972b0000]
CodeHeap 'profiled nmethods': size=120000Kb used=16320Kb max_used=16320Kb free=103679Kb
 bounds [0x0000019a88840000, 0x0000019a89840000, 0x0000019a8fd70000]
CodeHeap 'non-nmethods': size=5696Kb used=1156Kb max_used=1198Kb free=4539Kb
 bounds [0x0000019a882b0000, 0x0000019a88520000, 0x0000019a88840000]
 total_blobs=9038 nmethods=6696 adapters=403
 compilation: enabled
              stopped_count=0, restarted_count=0
 full_count=0

Compilation events (10 events):
Event: 13.299 Thread 0x0000019aff4f1000 6738       3       jdk.internal.org.objectweb.asm.MethodWriter::visitAnnotation (82 bytes)
Event: 13.299 Thread 0x0000019aff4f1000 nmethod 6738 0x0000019a8982c390 code [0x0000019a8982c5e0, 0x0000019a8982cf00]
Event: 13.299 Thread 0x0000019aff4f1000 6739       3       jdk.internal.org.objectweb.asm.AnnotationWriter::visitEnd (43 bytes)
Event: 13.299 Thread 0x0000019aff4f1000 nmethod 6739 0x0000019a8982d190 code [0x0000019a8982d340, 0x0000019a8982d538]
Event: 13.300 Thread 0x0000019aff4f1000 6741       3       jdk.internal.org.objectweb.asm.Type::getDescriptor (87 bytes)
Event: 13.301 Thread 0x0000019aff4f1000 nmethod 6741 0x0000019a8982d690 code [0x0000019a8982d8c0, 0x0000019a8982de10]
Event: 13.301 Thread 0x0000019aff4f1000 6742       3       jdk.internal.org.objectweb.asm.Type::getDescriptor (18 bytes)
Event: 13.301 Thread 0x0000019aff4f1000 nmethod 6742 0x0000019a8982e090 code [0x0000019a8982e2c0, 0x0000019a8982e960]
Event: 13.307 Thread 0x0000019aff4f1000 6746       3       java.lang.invoke.MethodHandles$Lookup::getDirectMethodCommon (275 bytes)
Event: 13.309 Thread 0x0000019aff4f1000 nmethod 6746 0x0000019a8982eb90 code [0x0000019a8982eee0, 0x0000019a898301c0]

GC Heap History (10 events):
Event: 9.912 GC heap before
{Heap before GC invocations=9 (full 0):
 garbage-first heap   total 157696K, used 113478K [0x0000000081c00000, 0x0000000100000000)
  region size 1024K, 91 young (93184K), 10 survivors (10240K)
 Metaspace       used 33546K, capacity 34234K, committed 34352K, reserved 1079296K
  class space    used 3550K, capacity 3858K, committed 3968K, reserved 1048576K
}
Event: 9.932 GC heap after
{Heap after GC invocations=10 (full 0):
 garbage-first heap   total 157696K, used 42257K [0x0000000081c00000, 0x0000000100000000)
  region size 1024K, 11 young (11264K), 11 survivors (11264K)
 Metaspace       used 33546K, capacity 34234K, committed 34352K, reserved 1079296K
  class space    used 3550K, capacity 3858K, committed 3968K, reserved 1048576K
}
Event: 10.300 GC heap before
{Heap before GC invocations=10 (full 0):
 garbage-first heap   total 157696K, used 61713K [0x0000000081c00000, 0x0000000100000000)
  region size 1024K, 32 young (32768K), 11 survivors (11264K)
 Metaspace       used 34956K, capacity 35761K, committed 35920K, reserved 1081344K
  class space    used 3694K, capacity 3983K, committed 4096K, reserved 1048576K
}
Event: 10.310 GC heap after
{Heap after GC invocations=11 (full 0):
 garbage-first heap   total 157696K, used 43520K [0x0000000081c00000, 0x0000000100000000)
  region size 1024K, 2 young (2048K), 2 survivors (2048K)
 Metaspace       used 34956K, capacity 35761K, committed 35920K, reserved 1081344K
  class space    used 3694K, capacity 3983K, committed 4096K, reserved 1048576K
}
Event: 11.261 GC heap before
{Heap before GC invocations=12 (full 0):
 garbage-first heap   total 157696K, used 109056K [0x0000000081c00000, 0x0000000100000000)
  region size 1024K, 64 young (65536K), 2 survivors (2048K)
 Metaspace       used 35860K, capacity 36717K, committed 37072K, reserved 1083392K
  class space    used 3806K, capacity 4131K, committed 4224K, reserved 1048576K
}
Event: 11.268 GC heap after
{Heap after GC invocations=13 (full 0):
 garbage-first heap   total 157696K, used 49058K [0x0000000081c00000, 0x0000000100000000)
  region size 1024K, 6 young (6144K), 6 survivors (6144K)
 Metaspace       used 35860K, capacity 36717K, committed 37072K, reserved 1083392K
  class space    used 3806K, capacity 4131K, committed 4224K, reserved 1048576K
}
Event: 11.933 GC heap before
{Heap before GC invocations=13 (full 0):
 garbage-first heap   total 157696K, used 110498K [0x0000000081c00000, 0x0000000100000000)
  region size 1024K, 67 young (68608K), 6 survivors (6144K)
 Metaspace       used 35952K, capacity 36857K, committed 37072K, reserved 1083392K
  class space    used 3809K, capacity 4135K, committed 4224K, reserved 1048576K
}
Event: 11.944 GC heap after
{Heap after GC invocations=14 (full 0):
 garbage-first heap   total 157696K, used 58368K [0x0000000081c00000, 0x0000000100000000)
  region size 1024K, 9 young (9216K), 9 survivors (9216K)
 Metaspace       used 35952K, capacity 36857K, committed 37072K, reserved 1083392K
  class space    used 3809K, capacity 4135K, committed 4224K, reserved 1048576K
}
Event: 12.605 GC heap before
{Heap before GC invocations=14 (full 0):
 garbage-first heap   total 157696K, used 112640K [0x0000000081c00000, 0x0000000100000000)
  region size 1024K, 63 young (64512K), 9 survivors (9216K)
 Metaspace       used 37273K, capacity 38315K, committed 38480K, reserved 1083392K
  class space    used 3959K, capacity 4303K, committed 4352K, reserved 1048576K
}
Event: 12.615 GC heap after
{Heap after GC invocations=15 (full 0):
 garbage-first heap   total 157696K, used 59317K [0x0000000081c00000, 0x0000000100000000)
  region size 1024K, 3 young (3072K), 3 survivors (3072K)
 Metaspace       used 37273K, capacity 38315K, committed 38480K, reserved 1083392K
  class space    used 3959K, capacity 4303K, committed 4352K, reserved 1048576K
}

Deoptimization events (10 events):
Event: 13.132 Thread 0x0000019afc37a000 Uncommon trap: reason=unstable_if action=reinterpret pc=0x0000019a900935a4 method=java.lang.StringLatin1.lastIndexOf([BI[BII)I @ 86 c2
Event: 13.256 Thread 0x0000019afc37a000 Uncommon trap: reason=unstable_if action=reinterpret pc=0x0000019a8ff90f60 method=java.lang.ThreadLocal$ThreadLocalMap.getEntry(Ljava/lang/ThreadLocal;)Ljava/lang/ThreadLocal$ThreadLocalMap$Entry; @ 29 c2
Event: 13.261 Thread 0x0000019afc37a000 Uncommon trap: reason=unstable_if action=reinterpret pc=0x0000019a8fe36c34 method=com.google.inject.internal.MoreTypes.canonicalize(Ljava/lang/reflect/Type;)Ljava/lang/reflect/Type; @ 16 c2
Event: 13.261 Thread 0x0000019afc37a000 Uncommon trap: reason=class_check action=maybe_recompile pc=0x0000019a8fe39b1c method=com.google.inject.internal.MoreTypes.getRawType(Ljava/lang/reflect/Type;)Ljava/lang/Class; @ 13 c2
Event: 13.261 Thread 0x0000019afc37a000 Uncommon trap: reason=class_check action=maybe_recompile pc=0x0000019a8fe39b1c method=com.google.inject.internal.MoreTypes.getRawType(Ljava/lang/reflect/Type;)Ljava/lang/Class; @ 13 c2
Event: 13.262 Thread 0x0000019afc37a000 Uncommon trap: reason=class_check action=maybe_recompile pc=0x0000019a8fe39b1c method=com.google.inject.internal.MoreTypes.getRawType(Ljava/lang/reflect/Type;)Ljava/lang/Class; @ 13 c2
Event: 13.263 Thread 0x0000019afc37a000 Uncommon trap: reason=class_check action=maybe_recompile pc=0x0000019a8fe39b1c method=com.google.inject.internal.MoreTypes.getRawType(Ljava/lang/reflect/Type;)Ljava/lang/Class; @ 13 c2
Event: 13.282 Thread 0x0000019afc37a000 Uncommon trap: reason=class_check action=maybe_recompile pc=0x0000019a8ff45c04 method=java.util.Collections$UnmodifiableMap.size()I @ 4 c2
Event: 13.292 Thread 0x0000019afc37a000 Uncommon trap: reason=unstable_if action=reinterpret pc=0x0000019a90094388 method=jdk.internal.org.objectweb.asm.Type.getArgumentsAndReturnSizes(Ljava/lang/String;)I @ 136 c2
Event: 13.310 Thread 0x0000019afc37a000 Uncommon trap: reason=class_check action=maybe_recompile pc=0x0000019a8ff3e94c method=java.util.Hashtable.get(Ljava/lang/Object;)Ljava/lang/Object; @ 6 c2

Classes redefined (0 events):
No events

Internal exceptions (10 events):
Event: 12.289 Thread 0x0000019afc37a000 Exception <a 'sun/nio/fs/WindowsException'{0x0000000089685df0}> (0x0000000089685df0) thrown at [t:/workspace/open/src/hotspot/share/prims/jni.cpp, line 615]
Event: 12.291 Thread 0x0000019afc37a000 Exception <a 'sun/nio/fs/WindowsException'{0x00000000896a2750}> (0x00000000896a2750) thrown at [t:/workspace/open/src/hotspot/share/prims/jni.cpp, line 615]
Event: 12.293 Thread 0x0000019afc37a000 Exception <a 'sun/nio/fs/WindowsException'{0x00000000896c7660}> (0x00000000896c7660) thrown at [t:/workspace/open/src/hotspot/share/prims/jni.cpp, line 615]
Event: 13.191 Thread 0x0000019afc37a000 Exception <a 'java/lang/NoClassDefFoundError'{0x00000000890ff9f8}: org/sonatype/aether/version/VersionConstraint> (0x00000000890ff9f8) thrown at [t:/workspace/open/src/hotspot/share/classfile/systemDictionary.cpp, line 220]
Event: 13.292 Thread 0x0000019afc37a000 Exception <a 'java/lang/NoSuchMethodError'{0x0000000088a25ca8}: java.lang.invoke.DirectMethodHandle$Holder.invokeStatic(Ljava/lang/Object;J)V> (0x0000000088a25ca8) thrown at [t:/workspace/open/src/hotspot/share/interpreter/linkResolver.cpp, line 772]
Event: 13.295 Thread 0x0000019afc37a000 Exception <a 'java/lang/NoSuchMethodError'{0x0000000088a2aeb8}: java.lang.invoke.DirectMethodHandle$Holder.invokeStatic(Ljava/lang/Object;J)Ljava/lang/Object;> (0x0000000088a2aeb8) thrown at [t:/workspace/open/src/hotspot/share/interpreter/linkResolver.cp
Event: 13.296 Thread 0x0000019afc37a000 Exception <a 'java/lang/NoSuchMethodError'{0x0000000088a30f90}: java.lang.invoke.Invokers$Holder.linkToTargetMethod(JLjava/lang/Object;)Ljava/lang/Object;> (0x0000000088a30f90) thrown at [t:/workspace/open/src/hotspot/share/interpreter/linkResolver.cpp, l
Event: 13.299 Thread 0x0000019afc37a000 Exception <a 'java/lang/NoSuchMethodError'{0x0000000088a395a8}: java.lang.invoke.DirectMethodHandle$Holder.invokeStaticInit(Ljava/lang/Object;Ljava/lang/Object;JLjava/lang/Object;)Ljava/lang/Object;> (0x0000000088a395a8) thrown at [t:/workspace/open/src/h
Event: 13.300 Thread 0x0000019afc37a000 Exception <a 'java/lang/NoSuchMethodError'{0x0000000088a3f4c8}: java.lang.invoke.DirectMethodHandle$Holder.invokeStatic(Ljava/lang/Object;Ljava/lang/Object;J)Ljava/lang/Object;> (0x0000000088a3f4c8) thrown at [t:/workspace/open/src/hotspot/share/interpret
Event: 13.302 Thread 0x0000019afc37a000 Exception <a 'java/lang/NoSuchMethodError'{0x0000000088a45798}: java.lang.invoke.Invokers$Holder.linkToTargetMethod(Ljava/lang/Object;JLjava/lang/Object;)Ljava/lang/Object;> (0x0000000088a45798) thrown at [t:/workspace/open/src/hotspot/share/interpreter/l

Events (10 events):
Event: 13.306 loading class sun/misc/Signal done
Event: 13.309 loading class sun/misc/SignalHandler
Event: 13.309 loading class sun/misc/SignalHandler done
Event: 13.310 loading class sun/misc/Signal$InternalMiscHandler
Event: 13.310 loading class sun/misc/Signal$InternalMiscHandler done
Event: 13.310 loading class sun/misc/Signal$SunMiscHandler
Event: 13.310 loading class sun/misc/Signal$SunMiscHandler done
Event: 13.310 Thread 0x0000019afc37a000 Uncommon trap: trap_request=0xffffffde fr.pc=0x0000019a8ff3e94c relative=0x000000000000048c
Event: 13.310 Thread 0x0000019afc37a000 DEOPT PACKING pc=0x0000019a8ff3e94c sp=0x000000891e6fdcd0
Event: 13.310 Thread 0x0000019afc37a000 DEOPT UNPACKING pc=0x0000019a882d8f2f sp=0x000000891e6fdc80 mode 2


Dynamic libraries:
0x00007ff6f4d50000 - 0x00007ff6f4d97000 	C:\Program Files\Java\jdk-11.0.6\bin\java.exe
0x00007ffda1040000 - 0x00007ffda1230000 	C:\WINDOWS\SYSTEM32\ntdll.dll
0x00007ffd9f1d0000 - 0x00007ffd9f282000 	C:\WINDOWS\System32\KERNEL32.DLL
0x00007ffd9e130000 - 0x00007ffd9e3d3000 	C:\WINDOWS\System32\KERNELBASE.dll
0x00007ffda0a30000 - 0x00007ffda0ad3000 	C:\WINDOWS\System32\ADVAPI32.dll
0x00007ffda0890000 - 0x00007ffda092e000 	C:\WINDOWS\System32\msvcrt.dll
0x00007ffd9f900000 - 0x00007ffd9f997000 	C:\WINDOWS\System32\sechost.dll
0x00007ffda0af0000 - 0x00007ffda0c10000 	C:\WINDOWS\System32\RPCRT4.dll
0x00007ffd9f2c0000 - 0x00007ffd9f454000 	C:\WINDOWS\System32\USER32.dll
0x00007ffd9e0b0000 - 0x00007ffd9e0d1000 	C:\WINDOWS\System32\win32u.dll
0x00007ffd9f290000 - 0x00007ffd9f2b6000 	C:\WINDOWS\System32\GDI32.dll
0x00007ffd9ef50000 - 0x00007ffd9f0e4000 	C:\WINDOWS\System32\gdi32full.dll
0x00007ffd9ecb0000 - 0x00007ffd9ed4e000 	C:\WINDOWS\System32\msvcp_win.dll
0x00007ffd9ebb0000 - 0x00007ffd9ecaa000 	C:\WINDOWS\System32\ucrtbase.dll
0x00007ffd94c20000 - 0x00007ffd94ea5000 	C:\WINDOWS\WinSxS\amd64_microsoft.windows.common-controls_6595b64144ccf1df_6.0.18362.720_none_e6beb5c51314836b\COMCTL32.dll
0x00007ffd99910000 - 0x00007ffd9991a000 	C:\WINDOWS\SYSTEM32\VERSION.dll
0x00007ffda0c10000 - 0x00007ffda0f46000 	C:\WINDOWS\System32\combase.dll
0x00007ffd9f150000 - 0x00007ffd9f1d0000 	C:\WINDOWS\System32\bcryptPrimitives.dll
0x00007ffda0a00000 - 0x00007ffda0a2e000 	C:\WINDOWS\System32\IMM32.DLL
0x00007ffd805d0000 - 0x00007ffd805e6000 	C:\Program Files\Java\jdk-11.0.6\bin\vcruntime140.dll
0x00007ffd6b4d0000 - 0x00007ffd6b57a000 	C:\Program Files\Java\jdk-11.0.6\bin\msvcp140.dll
0x00007ffd37b90000 - 0x00007ffd386b9000 	C:\Program Files\Java\jdk-11.0.6\bin\server\jvm.dll
0x00007ffda0ae0000 - 0x00007ffda0ae8000 	C:\WINDOWS\System32\PSAPI.DLL
0x00007ffd91f00000 - 0x00007ffd91f09000 	C:\WINDOWS\SYSTEM32\WSOCK32.dll
0x00007ffd9ad10000 - 0x00007ffd9ad34000 	C:\WINDOWS\SYSTEM32\WINMM.dll
0x00007ffd9f7c0000 - 0x00007ffd9f82f000 	C:\WINDOWS\System32\WS2_32.dll
0x00007ffd9a5f0000 - 0x00007ffd9a61d000 	C:\WINDOWS\SYSTEM32\winmmbase.dll
0x00007ffd9e0e0000 - 0x00007ffd9e12a000 	C:\WINDOWS\System32\cfgmgr32.dll
0x00007ffd9dff0000 - 0x00007ffd9e001000 	C:\WINDOWS\System32\kernel.appcore.dll
0x00007ffd7ed20000 - 0x00007ffd7ed31000 	C:\Program Files\Java\jdk-11.0.6\bin\verify.dll
0x00007ffd9c8c0000 - 0x00007ffd9cab4000 	C:\WINDOWS\SYSTEM32\DBGHELP.DLL
0x00007ffd8e600000 - 0x00007ffd8e62a000 	C:\WINDOWS\SYSTEM32\dbgcore.DLL
0x00007ffd7d330000 - 0x00007ffd7d359000 	C:\Program Files\Java\jdk-11.0.6\bin\java.dll
0x00007ffd77760000 - 0x00007ffd7778f000 	C:\Program Files\Java\jdk-11.0.6\bin\instrument.dll
0x00007ffd7eca0000 - 0x00007ffd7ecb6000 	C:\Program Files\Java\jdk-11.0.6\bin\zip.dll
0x00007ffd8d730000 - 0x00007ffd8d73a000 	C:\Program Files\Java\jdk-11.0.6\bin\jimage.dll
0x00007ffd9f9a0000 - 0x00007ffda0085000 	C:\WINDOWS\System32\SHELL32.dll
0x00007ffda0090000 - 0x00007ffda0139000 	C:\WINDOWS\System32\shcore.dll
0x00007ffd9e3e0000 - 0x00007ffd9eb60000 	C:\WINDOWS\System32\windows.storage.dll
0x00007ffd9e060000 - 0x00007ffd9e083000 	C:\WINDOWS\System32\profapi.dll
0x00007ffd9e010000 - 0x00007ffd9e05a000 	C:\WINDOWS\System32\powrprof.dll
0x00007ffd9dfe0000 - 0x00007ffd9dff0000 	C:\WINDOWS\System32\UMPDC.dll
0x00007ffda01b0000 - 0x00007ffda0202000 	C:\WINDOWS\System32\shlwapi.dll
0x00007ffd9eb60000 - 0x00007ffd9eb77000 	C:\WINDOWS\System32\cryptsp.dll
0x00007ffd7e890000 - 0x00007ffd7e8a9000 	C:\Program Files\Java\jdk-11.0.6\bin\net.dll
0x00007ffd955d0000 - 0x00007ffd956c1000 	C:\WINDOWS\SYSTEM32\WINHTTP.dll
0x00007ffd9d850000 - 0x00007ffd9d8b7000 	C:\WINDOWS\system32\mswsock.dll
0x00007ffd7e090000 - 0x00007ffd7e0a3000 	C:\Program Files\Java\jdk-11.0.6\bin\nio.dll
0x00007ffd77600000 - 0x00007ffd7761a000 	C:\Program Files\JetBrains\IntelliJ IDEA Community Edition 2019.3.4\bin\breakgen64.dll
0x00007ffd9d3c0000 - 0x00007ffd9d3f3000 	C:\WINDOWS\system32\rsaenh.dll
0x00007ffd9eb80000 - 0x00007ffd9eba6000 	C:\WINDOWS\System32\bcrypt.dll
0x00007ffd9df00000 - 0x00007ffd9df25000 	C:\WINDOWS\SYSTEM32\USERENV.dll
0x00007ffd9da20000 - 0x00007ffd9da2c000 	C:\WINDOWS\SYSTEM32\CRYPTBASE.dll
0x00007ffd9d560000 - 0x00007ffd9d59a000 	C:\WINDOWS\SYSTEM32\IPHLPAPI.DLL
0x00007ffda0f50000 - 0x00007ffda0f58000 	C:\WINDOWS\System32\NSI.dll
0x00007ffd96eb0000 - 0x00007ffd96ec6000 	C:\WINDOWS\SYSTEM32\dhcpcsvc6.DLL
0x00007ffd97470000 - 0x00007ffd9748c000 	C:\WINDOWS\SYSTEM32\dhcpcsvc.DLL
0x00007ffd9d5a0000 - 0x00007ffd9d66a000 	C:\WINDOWS\SYSTEM32\DNSAPI.dll
0x00007ffd8d6a0000 - 0x00007ffd8d6aa000 	C:\Users\Dhanushguntha\AppData\Local\Temp\jansi-1.17.1-14921969982451789084.dll
0x00007ffd8b720000 - 0x00007ffd8b72a000 	C:\Users\Dhanushguntha\AppData\Local\Temp\jansi-1.17.1-9709867482755299153.dll

dbghelp: loaded successfully - version: 4.0.5 - missing functions: none
symbol engine: initialized successfully - sym options: 0x614 - pdb path: .;C:\Program Files\Java\jdk-11.0.6\bin;C:\WINDOWS\SYSTEM32;C:\WINDOWS\WinSxS\amd64_microsoft.windows.common-controls_6595b64144ccf1df_6.0.18362.720_none_e6beb5c51314836b;C:\Program Files\Java\jdk-11.0.6\bin\server;C:\Program Files\JetBrains\IntelliJ IDEA Community Edition 2019.3.4\bin;C:\Users\Dhanushguntha\AppData\Local\Temp

VM Arguments:
jvm_args: -Dmaven.multiModuleProjectDirectory=C:\Users\Dhanushguntha\Desktop\webcontroller\webcontroller -Dmaven.home=C:\Program Files\JetBrains\IntelliJ IDEA Community Edition 2019.3.4\plugins\maven\lib\maven3 -Dclassworlds.conf=C:\Program Files\JetBrains\IntelliJ IDEA Community Edition 2019.3.4\plugins\maven\lib\maven3\bin\m2.conf -Dmaven.ext.class.path=C:\Program Files\JetBrains\IntelliJ IDEA Community Edition 2019.3.4\plugins\maven\lib\maven-event-listener.jar -javaagent:C:\Program Files\JetBrains\IntelliJ IDEA Community Edition 2019.3.4\lib\idea_rt.jar=53655:C:\Program Files\JetBrains\IntelliJ IDEA Community Edition 2019.3.4\bin -Dfile.encoding=UTF-8 
java_command: org.codehaus.classworlds.Launcher -Didea.version2019.3.4 spring-boot:run
java_class_path (initial): C:\Program Files\JetBrains\IntelliJ IDEA Community Edition 2019.3.4\plugins\maven\lib\maven3\boot\plexus-classworlds-2.6.0.jar
Launcher Type: SUN_STANDARD

[Global flags]
     intx CICompilerCount                          = 3                                         {product} {ergonomic}
     uint ConcGCThreads                            = 1                                         {product} {ergonomic}
     uint G1ConcRefinementThreads                  = 4                                         {product} {ergonomic}
   size_t G1HeapRegionSize                         = 1048576                                   {product} {ergonomic}
    uintx GCDrainStackTargetSize                   = 64                                        {product} {ergonomic}
   size_t InitialHeapSize                          = 134217728                                 {product} {ergonomic}
   size_t MarkStackSize                            = 4194304                                   {product} {ergonomic}
   size_t MaxHeapSize                              = 2118123520                                {product} {ergonomic}
   size_t MaxNewSize                               = 1270874112                                {product} {ergonomic}
   size_t MinHeapDeltaBytes                        = 1048576                                   {product} {ergonomic}
    uintx NonNMethodCodeHeapSize                   = 5830732                                {pd product} {ergonomic}
    uintx NonProfiledCodeHeapSize                  = 122913754                              {pd product} {ergonomic}
    uintx ProfiledCodeHeapSize                     = 122913754                              {pd product} {ergonomic}
    uintx ReservedCodeCacheSize                    = 251658240                              {pd product} {ergonomic}
     bool SegmentedCodeCache                       = true                                      {product} {ergonomic}
     bool UseCompressedClassPointers               = true                                 {lp64_product} {ergonomic}
     bool UseCompressedOops                        = true                                 {lp64_product} {ergonomic}
     bool UseG1GC                                  = true                                      {product} {ergonomic}
     bool UseLargePagesIndividualAllocation        = false                                  {pd product} {ergonomic}

Logging:
Log output configuration:
 #0: stdout all=warning uptime,level,tags
 #1: stderr all=off uptime,level,tags

Environment Variables:
JAVA_HOME=C:\Program Files\Java\jdk-11.0.6
PATH=C:\Python27\;C:\Python27\Scripts;C:\Program Files (x86)\Intel\iCLS Client\;C:\Program Files\Intel\iCLS Client\;C:\windows\system32;C:\windows;C:\windows\System32\Wbem;C:\windows\System32\WindowsPowerShell\v1.0\;C:\Program Files (x86)\Intel\Intel(R) Management Engine Components\DAL;C:\Program Files\Intel\Intel(R) Management Engine Components\DAL;C:\Program Files (x86)\Intel\Intel(R) Management Engine Components\IPT;C:\Program Files\Intel\Intel(R) Management Engine Components\IPT;C:\Program Files (x86)\NVIDIA Corporation\PhysX\Common;C:\WINDOWS\system32;C:\WINDOWS;C:\WINDOWS\System32\Wbem;C:\WINDOWS\System32\WindowsPowerShell\v1.0\;C:\WINDOWS\System32\OpenSSH\;C:\Users\Dhanushguntha\AppData\Local\Programs\Python\Python37;C:\Program Files\Intel\WiFi\bin\;C:\Program Files\Common Files\Intel\WirelessCommon\;C:\Program Files\Git\cmd;C:\Program Files (x86)\Yarn\bin\;C:\Program Files\NVIDIA Corporation\NVIDIA NvDLISR;C:\Program Files\nodejs;C:\ProgramData\chocolatey\bin;C:\Program Files\nodejs\;C:\opt\apache-maven-3.6.3\bin;C:\Program Files\Java\jdk-11.0.6\bin;C:\Users\Dhanushguntha\Anaconda3\Scripts;C:\Users\Dhanushguntha\Anaconda3\Scripts;C:\Users\Dhanushguntha\AppData\Local\Programs\Microsoft VS Code\bin;C:\Users\Dhanushguntha\AppData\Roaming\npm;
USERNAME=Dhanushguntha
OS=Windows_NT
PROCESSOR_IDENTIFIER=Intel64 Family 6 Model 142 Stepping 9, GenuineIntel



---------------  S Y S T E M  ---------------

OS: Windows 10 , 64 bit Build 18362 (10.0.18362.329)

CPU:total 4 (initial active 4) (2 cores per cpu, 2 threads per core) family 6 model 142 stepping 9, cmov, cx8, fxsr, mmx, sse, sse2, sse3, ssse3, sse4.1, sse4.2, popcnt, avx, avx2, aes, clmul, erms, 3dnowpref, lzcnt, ht, tsc, tscinvbit, bmi1, bmi2, adx, fma

Memory: 4k page, system-wide physical 8077M (1328M free)
TotalPageFile size 8077M (AvailPageFile size 6M)
current process WorkingSet (physical memory assigned to process): 308M, peak: 312M
current process commit charge ("private bytes"): 340M, peak: 344M

vm_info: Java HotSpot(TM) 64-Bit Server VM (11.0.6+8-LTS) for windows-amd64 JRE (11.0.6+8-LTS), built on Dec 11 2019 09:17:57 by "mach5one" with MS VC++ 15.5 (VS2017)

END.
