#
# There is insufficient memory for the Java Runtime Environment to continue.
# Native memory allocation (malloc) failed to allocate 643536 bytes for Chunk::new
# Possible reasons:
#   The system is out of physical RAM or swap space
#   The process is running with CompressedOops enabled, and the Java Heap may be blocking the growth of the native heap
# Possible solutions:
#   Reduce memory load on the system
#   Increase physical memory or swap space
#   Check if swap backing store is full
#   Decrease Java heap size (-Xmx/-Xms)
#   Decrease number of Java threads
#   Decrease Java thread stack sizes (-Xss)
#   Set larger code cache with -XX:ReservedCodeCacheSize=
#   JVM is running with Unscaled Compressed Oops mode in which the Java heap is
#     placed in the first 4GB address space. The Java Heap base address is the
#     maximum limit for the native heap growth. Please use -XX:HeapBaseMinAddress
#     to set the Java Heap base and to place the Java Heap above 4GB virtual address.
# This output file may be truncated or incomplete.
#
#  Out of Memory Error (t:/workspace/open/src/hotspot/share/memory/arena.cpp:197), pid=10204, tid=11744
#
# JRE version: Java(TM) SE Runtime Environment (11.0.6+8) (build 11.0.6+8-LTS)
# Java VM: Java HotSpot(TM) 64-Bit Server VM (11.0.6+8-LTS, mixed mode, tiered, compressed oops, parallel gc, windows-amd64)
# No core dump will be written. Minidumps are not enabled by default on client versions of Windows
#

---------------  S U M M A R Y ------------

Command Line: --add-modules=ALL-SYSTEM --add-opens=java.base/java.util=ALL-UNNAMED --add-opens=java.base/java.lang=ALL-UNNAMED -Declipse.application=org.eclipse.jdt.ls.core.id1 -Dosgi.bundles.defaultStartLevel=4 -Declipse.product=org.eclipse.jdt.ls.core.product -Dfile.encoding=utf8 -DwatchParentProcess=false -XX:+UseParallelGC -XX:GCTimeRatio=4 -XX:AdaptiveSizePolicyWeight=90 -Dsun.zip.disableMemoryMapping=true -Xmx1G -Xms100m -Xverify:none c:\Users\Dhanushguntha\.vscode\extensions\redhat.java-0.59.0\server\plugins\org.eclipse.equinox.launcher_1.5.700.v20200207-2156.jar -configuration c:\Users\Dhanushguntha\AppData\Roaming\Code\User\globalStorage\redhat.java\0.59.0\config_ss_win -data c:\Users\Dhanushguntha\AppData\Roaming\Code\User\workspaceStorage\d205c3bc679c17d61fcbf72b5db58983\redhat.java\ss_ws

Host: Intel(R) Core(TM) i5-7200U CPU @ 2.50GHz, 4 cores, 7G,  Windows 10 , 64 bit Build 18362 (10.0.18362.329)
Time: Sat Apr  4 15:42:20 2020 India Standard Time elapsed time: 8 seconds (0d 0h 0m 8s)

---------------  T H R E A D  ---------------

Current thread (0x0000013d8169d000):  JavaThread "C2 CompilerThread1" daemon [_thread_in_native, id=11744, stack(0x0000003c28700000,0x0000003c28800000)]


Current CompileTask:
C2:   8712 2807       4       org.eclipse.jdt.internal.core.JarPackageFragmentRoot::initRawPackageInfo (349 bytes)

Stack: [0x0000003c28700000,0x0000003c28800000]
Native frames: (J=compiled Java code, j=interpreted, Vv=VM code, C=native code)
V  [jvm.dll+0x63679a]
V  [jvm.dll+0x7755bf]
V  [jvm.dll+0x776c65]
V  [jvm.dll+0x7772d3]
V  [jvm.dll+0x25e7f8]
V  [jvm.dll+0xc1c01]
V  [jvm.dll+0xc219c]
V  [jvm.dll+0x36d977]
V  [jvm.dll+0x1a8f0f]
V  [jvm.dll+0x218462]
V  [jvm.dll+0x2174fa]
V  [jvm.dll+0x193a2c]
V  [jvm.dll+0x226544]
V  [jvm.dll+0x224b28]
V  [jvm.dll+0x73a9c5]
V  [jvm.dll+0x733905]
V  [jvm.dll+0x635846]
C  [ucrtbase.dll+0x20e72]
C  [KERNEL32.DLL+0x17bd4]
C  [ntdll.dll+0x6ced1]


---------------  P R O C E S S  ---------------

Threads class SMR info:
_java_thread_list=0x0000013d8167ca50, length=19, elements={
0x0000013de61b5000, 0x0000013dffeef800, 0x0000013dffee3800, 0x0000013d81133800,
0x0000013dffefa000, 0x0000013dffefb000, 0x0000013dffefd000, 0x0000013d81148800,
0x0000013d81257000, 0x0000013d81403000, 0x0000013d81a9e800, 0x0000013d81b6d000,
0x0000013d81cae800, 0x0000013d82556800, 0x0000013d82996800, 0x0000013d8259f800,
0x0000013d8267c800, 0x0000013d82812000, 0x0000013d8169d000
}

Java Threads: ( => current thread )
  0x0000013de61b5000 JavaThread "main" [_thread_blocked, id=11508, stack(0x0000003c27000000,0x0000003c27100000)]
  0x0000013dffeef800 JavaThread "Reference Handler" daemon [_thread_blocked, id=10048, stack(0x0000003c27300000,0x0000003c27400000)]
  0x0000013dffee3800 JavaThread "Finalizer" daemon [_thread_blocked, id=12860, stack(0x0000003c27400000,0x0000003c27500000)]
  0x0000013d81133800 JavaThread "Signal Dispatcher" daemon [_thread_blocked, id=7248, stack(0x0000003c27500000,0x0000003c27600000)]
  0x0000013dffefa000 JavaThread "Attach Listener" daemon [_thread_blocked, id=232, stack(0x0000003c27600000,0x0000003c27700000)]
  0x0000013dffefb000 JavaThread "C2 CompilerThread0" daemon [_thread_in_native, id=6128, stack(0x0000003c27700000,0x0000003c27800000)]
  0x0000013dffefd000 JavaThread "C1 CompilerThread0" daemon [_thread_blocked, id=7844, stack(0x0000003c27800000,0x0000003c27900000)]
  0x0000013d81148800 JavaThread "Sweeper thread" daemon [_thread_blocked, id=15772, stack(0x0000003c27900000,0x0000003c27a00000)]
  0x0000013d81257000 JavaThread "Common-Cleaner" daemon [_thread_blocked, id=14540, stack(0x0000003c27a00000,0x0000003c27b00000)]
  0x0000013d81403000 JavaThread "Service Thread" daemon [_thread_blocked, id=15132, stack(0x0000003c27b00000,0x0000003c27c00000)]
  0x0000013d81a9e800 JavaThread "Active Thread: Equinox Container: 405bfeb0-81e9-47c7-a282-a26e2600fb61" [_thread_blocked, id=16344, stack(0x0000003c27e00000,0x0000003c27f00000)]
  0x0000013d81b6d000 JavaThread "Framework Event Dispatcher: Equinox Container: 405bfeb0-81e9-47c7-a282-a26e2600fb61" daemon [_thread_blocked, id=2112, stack(0x0000003c27d00000,0x0000003c27e00000)]
  0x0000013d81cae800 JavaThread "Start Level: Equinox Container: 405bfeb0-81e9-47c7-a282-a26e2600fb61" daemon [_thread_blocked, id=552, stack(0x0000003c27f00000,0x0000003c28000000)]
  0x0000013d82556800 JavaThread "Worker-JM" [_thread_blocked, id=6244, stack(0x0000003c28300000,0x0000003c28400000)]
  0x0000013d82996800 JavaThread "Worker-0" [_thread_blocked, id=1904, stack(0x0000003c28400000,0x0000003c28500000)]
  0x0000013d8259f800 JavaThread "Worker-1" [_thread_blocked, id=12348, stack(0x0000003c28500000,0x0000003c28600000)]
  0x0000013d8267c800 JavaThread "Worker-2: Initialize Workspace" [_thread_blocked, id=14284, stack(0x0000003c28600000,0x0000003c28700000)]
  0x0000013d82812000 JavaThread "pool-1-thread-1" [_thread_blocked, id=13332, stack(0x0000003c28800000,0x0000003c28900000)]
=>0x0000013d8169d000 JavaThread "C2 CompilerThread1" daemon [_thread_in_native, id=11744, stack(0x0000003c28700000,0x0000003c28800000)]

Other Threads:
  0x0000013de627e800 VMThread "VM Thread" [stack: 0x0000003c27200000,0x0000003c27300000] [id=8]
  0x0000013d81354000 WatcherThread [stack: 0x0000003c27c00000,0x0000003c27d00000] [id=8764]
  0x0000013de61cd000 GCTaskThread "ParGC Thread#0" [stack: 0x0000003c27100000,0x0000003c27200000] [id=3564]
  0x0000013d81a0e000 GCTaskThread "ParGC Thread#1" [stack: 0x0000003c28000000,0x0000003c28100000] [id=13644]
  0x0000013d81a0f000 GCTaskThread "ParGC Thread#2" [stack: 0x0000003c28100000,0x0000003c28200000] [id=10224]
  0x0000013d81a10000 GCTaskThread "ParGC Thread#3" [stack: 0x0000003c28200000,0x0000003c28300000] [id=6788]

Threads with active compile tasks:
C2 CompilerThread02810       4       jdk.internal.jimage.ImageReader$SharedImageReader::visitLocation (73 bytes)
C2 CompilerThread12807       4       org.eclipse.jdt.internal.core.JarPackageFragmentRoot::initRawPackageInfo (349 bytes)

VM state:at safepoint (normal execution)

VM Mutex/Monitor currently owned by a thread:  ([mutex/lock_event])
[0x0000013de61b4240] Threads_lock - owner thread: 0x0000013de627e800
[0x0000013de61b45a0] Heap_lock - owner thread: 0x0000013d8267c800

Heap address: 0x00000000c0000000, size: 1024 MB, Compressed Oops mode: 32-bit
Narrow klass base: 0x0000000000000000, Narrow klass shift: 3
Compressed class space size: 1073741824 Address: 0x0000000100000000

Heap:
 PSYoungGen      total 31232K, used 31200K [0x00000000eab00000, 0x00000000ed080000, 0x0000000100000000)
  eden space 24576K, 100% used [0x00000000eab00000,0x00000000ec300000,0x00000000ec300000)
  from space 6656K, 99% used [0x00000000eca00000,0x00000000ed078010,0x00000000ed080000)
  to   space 6656K, 86% used [0x00000000ec380000,0x00000000ec918010,0x00000000eca00000)
 ParOldGen       total 68608K, used 23646K [0x00000000c0000000, 0x00000000c4300000, 0x00000000eab00000)
  object space 68608K, 34% used [0x00000000c0000000,0x00000000c1717ae0,0x00000000c4300000)
 Metaspace       used 28803K, capacity 30381K, committed 30640K, reserved 1077248K
  class space    used 2726K, capacity 3215K, committed 3328K, reserved 1048576K

Card table byte_map: [0x0000013de5ba0000,0x0000013de5db0000] _byte_map_base: 0x0000013de55a0000

Marking Bits: (ParMarkBitMap*) 0x00007ffbd3a0fca0
 Begin Bits: [0x0000013dfd540000, 0x0000013dfe540000)
 End Bits:   [0x0000013dfe540000, 0x0000013dff540000)

Polling page: 0x0000013de5990000

Metaspace:

Usage:
  Non-class:     26.53 MB capacity,    25.47 MB ( 96%) used,     1.01 MB (  4%) free+waste,    56.13 KB ( <1%) overhead. 
      Class:      3.14 MB capacity,     2.66 MB ( 85%) used,   462.12 KB ( 14%) free+waste,    26.06 KB ( <1%) overhead. 
       Both:     29.67 MB capacity,    28.13 MB ( 95%) used,     1.46 MB (  5%) free+waste,    82.19 KB ( <1%) overhead. 

Virtual space:
  Non-class space:       28.00 MB reserved,      26.67 MB ( 95%) committed 
      Class space:        1.00 GB reserved,       3.25 MB ( <1%) committed 
             Both:        1.03 GB reserved,      29.92 MB (  3%) committed 

Chunk freelists:
   Non-Class:  2.25 KB
       Class:  2.13 KB
        Both:  4.38 KB

CodeHeap 'non-profiled nmethods': size=120064Kb used=1157Kb max_used=1157Kb free=118906Kb
 bounds [0x0000013df6000000, 0x0000013df6270000, 0x0000013dfd540000]
CodeHeap 'profiled nmethods': size=120000Kb used=5393Kb max_used=5393Kb free=114606Kb
 bounds [0x0000013deead0000, 0x0000013def020000, 0x0000013df6000000]
CodeHeap 'non-nmethods': size=5696Kb used=1178Kb max_used=1230Kb free=4517Kb
 bounds [0x0000013dee540000, 0x0000013dee7b0000, 0x0000013deead0000]
 total_blobs=3997 nmethods=2572 adapters=437
 compilation: enabled
              stopped_count=0, restarted_count=0
 full_count=0

Compilation events (10 events):
Event: 8.659 Thread 0x0000013dffefb000 nmethod 2806 0x0000013df611e190 code [0x0000013df611e3a0, 0x0000013df611f058]
Event: 8.659 Thread 0x0000013dffefb000 2802       4       org.eclipse.jdt.internal.compiler.util.JrtFileSystem$2::visitFile (79 bytes)
Event: 8.665 Thread 0x0000013dffefb000 nmethod 2802 0x0000013df611f910 code [0x0000013df611fb40, 0x0000013df611ff20]
Event: 8.665 Thread 0x0000013dffefb000 2803       4       org.eclipse.jdt.internal.compiler.util.JrtFileSystem$2::visitFile (10 bytes)
Event: 8.671 Thread 0x0000013dffefb000 nmethod 2803 0x0000013df6120410 code [0x0000013df6120640, 0x0000013df6120a00]
Event: 8.671 Thread 0x0000013dffefb000 2804       4       org.eclipse.jdt.internal.core.JrtPackageFragmentRoot$1::visitFile (14 bytes)
Event: 8.673 Thread 0x0000013dffefb000 nmethod 2804 0x0000013df6120f10 code [0x0000013df61210c0, 0x0000013df6121208]
Event: 8.673 Thread 0x0000013dffefb000 2808       4       java.util.stream.StreamOpFlag::getMask (30 bytes)
Event: 8.674 Thread 0x0000013dffefb000 nmethod 2808 0x0000013df6121390 code [0x0000013df6121520, 0x0000013df6121598]
Event: 8.694 Thread 0x0000013dffefb000 2810       4       jdk.internal.jimage.ImageReader$SharedImageReader::visitLocation (73 bytes)

GC Heap History (10 events):
Event: 7.212 GC heap before
{Heap before GC invocations=4 (full 1):
 PSYoungGen      total 29696K, used 25600K [0x00000000eab00000, 0x00000000ecc00000, 0x0000000100000000)
  eden space 25600K, 100% used [0x00000000eab00000,0x00000000ec400000,0x00000000ec400000)
  from space 4096K, 0% used [0x00000000ec800000,0x00000000ec800000,0x00000000ecc00000)
  to   space 4096K, 0% used [0x00000000ec400000,0x00000000ec400000,0x00000000ec800000)
 ParOldGen       total 68608K, used 14129K [0x00000000c0000000, 0x00000000c4300000, 0x00000000eab00000)
  object space 68608K, 20% used [0x00000000c0000000,0x00000000c0dcc740,0x00000000c4300000)
 Metaspace       used 27192K, capacity 28721K, committed 28848K, reserved 1075200K
  class space    used 2572K, capacity 3005K, committed 3072K, reserved 1048576K
}
Event: 7.216 GC heap after
{Heap after GC invocations=4 (full 1):
 PSYoungGen      total 29696K, used 2409K [0x00000000eab00000, 0x00000000ecc00000, 0x0000000100000000)
  eden space 25600K, 0% used [0x00000000eab00000,0x00000000eab00000,0x00000000ec400000)
  from space 4096K, 58% used [0x00000000ec400000,0x00000000ec65a620,0x00000000ec800000)
  to   space 4096K, 0% used [0x00000000ec800000,0x00000000ec800000,0x00000000ecc00000)
 ParOldGen       total 68608K, used 14145K [0x00000000c0000000, 0x00000000c4300000, 0x00000000eab00000)
  object space 68608K, 20% used [0x00000000c0000000,0x00000000c0dd0758,0x00000000c4300000)
 Metaspace       used 27192K, capacity 28721K, committed 28848K, reserved 1075200K
  class space    used 2572K, capacity 3005K, committed 3072K, reserved 1048576K
}
Event: 8.045 GC heap before
{Heap before GC invocations=5 (full 1):
 PSYoungGen      total 29696K, used 28009K [0x00000000eab00000, 0x00000000ecc00000, 0x0000000100000000)
  eden space 25600K, 100% used [0x00000000eab00000,0x00000000ec400000,0x00000000ec400000)
  from space 4096K, 58% used [0x00000000ec400000,0x00000000ec65a620,0x00000000ec800000)
  to   space 4096K, 0% used [0x00000000ec800000,0x00000000ec800000,0x00000000ecc00000)
 ParOldGen       total 68608K, used 14145K [0x00000000c0000000, 0x00000000c4300000, 0x00000000eab00000)
  object space 68608K, 20% used [0x00000000c0000000,0x00000000c0dd0758,0x00000000c4300000)
 Metaspace       used 28564K, capacity 30123K, committed 30384K, reserved 1077248K
  class space    used 2711K, capacity 3215K, committed 3328K, reserved 1048576K
}
Event: 8.056 GC heap after
{Heap after GC invocations=5 (full 1):
 PSYoungGen      total 29696K, used 4073K [0x00000000eab00000, 0x00000000ecc00000, 0x0000000100000000)
  eden space 25600K, 0% used [0x00000000eab00000,0x00000000eab00000,0x00000000ec400000)
  from space 4096K, 99% used [0x00000000ec800000,0x00000000ecbfa630,0x00000000ecc00000)
  to   space 4096K, 0% used [0x00000000ec400000,0x00000000ec400000,0x00000000ec800000)
 ParOldGen       total 68608K, used 14641K [0x00000000c0000000, 0x00000000c4300000, 0x00000000eab00000)
  object space 68608K, 21% used [0x00000000c0000000,0x00000000c0e4c758,0x00000000c4300000)
 Metaspace       used 28564K, capacity 30123K, committed 30384K, reserved 1077248K
  class space    used 2711K, capacity 3215K, committed 3328K, reserved 1048576K
}
Event: 8.354 GC heap before
{Heap before GC invocations=6 (full 1):
 PSYoungGen      total 29696K, used 29673K [0x00000000eab00000, 0x00000000ecc00000, 0x0000000100000000)
  eden space 25600K, 100% used [0x00000000eab00000,0x00000000ec400000,0x00000000ec400000)
  from space 4096K, 99% used [0x00000000ec800000,0x00000000ecbfa630,0x00000000ecc00000)
  to   space 4096K, 0% used [0x00000000ec400000,0x00000000ec400000,0x00000000ec800000)
 ParOldGen       total 68608K, used 14641K [0x00000000c0000000, 0x00000000c4300000, 0x00000000eab00000)
  object space 68608K, 21% used [0x00000000c0000000,0x00000000c0e4c758,0x00000000c4300000)
 Metaspace       used 28620K, capacity 30188K, committed 30384K, reserved 1077248K
  class space    used 2714K, capacity 3215K, committed 3328K, reserved 1048576K
}
Event: 8.365 GC heap after
{Heap after GC invocations=6 (full 1):
 PSYoungGen      total 29184K, used 4089K [0x00000000eab00000, 0x00000000ed080000, 0x0000000100000000)
  eden space 25088K, 0% used [0x00000000eab00000,0x00000000eab00000,0x00000000ec380000)
  from space 4096K, 99% used [0x00000000ec400000,0x00000000ec7fe5d0,0x00000000ec800000)
  to   space 6656K, 0% used [0x00000000eca00000,0x00000000eca00000,0x00000000ed080000)
 ParOldGen       total 68608K, used 16572K [0x00000000c0000000, 0x00000000c4300000, 0x00000000eab00000)
  object space 68608K, 24% used [0x00000000c0000000,0x00000000c102f210,0x00000000c4300000)
 Metaspace       used 28620K, capacity 30188K, committed 30384K, reserved 1077248K
  class space    used 2714K, capacity 3215K, committed 3328K, reserved 1048576K
}
Event: 8.520 GC heap before
{Heap before GC invocations=7 (full 1):
 PSYoungGen      total 29184K, used 29177K [0x00000000eab00000, 0x00000000ed080000, 0x0000000100000000)
  eden space 25088K, 100% used [0x00000000eab00000,0x00000000ec380000,0x00000000ec380000)
  from space 4096K, 99% used [0x00000000ec400000,0x00000000ec7fe5d0,0x00000000ec800000)
  to   space 6656K, 0% used [0x00000000eca00000,0x00000000eca00000,0x00000000ed080000)
 ParOldGen       total 68608K, used 16572K [0x00000000c0000000, 0x00000000c4300000, 0x00000000eab00000)
  object space 68608K, 24% used [0x00000000c0000000,0x00000000c102f210,0x00000000c4300000)
 Metaspace       used 28719K, capacity 30252K, committed 30384K, reserved 1077248K
  class space    used 2718K, capacity 3215K, committed 3328K, reserved 1048576K
}
Event: 8.530 GC heap after
{Heap after GC invocations=7 (full 1):
 PSYoungGen      total 31232K, used 6161K [0x00000000eab00000, 0x00000000ed080000, 0x0000000100000000)
  eden space 24576K, 0% used [0x00000000eab00000,0x00000000eab00000,0x00000000ec300000)
  from space 6656K, 92% used [0x00000000eca00000,0x00000000ed004600,0x00000000ed080000)
  to   space 6656K, 0% used [0x00000000ec380000,0x00000000ec380000,0x00000000eca00000)
 ParOldGen       total 68608K, used 16572K [0x00000000c0000000, 0x00000000c4300000, 0x00000000eab00000)
  object space 68608K, 24% used [0x00000000c0000000,0x00000000c102f210,0x00000000c4300000)
 Metaspace       used 28719K, capacity 30252K, committed 30384K, reserved 1077248K
  class space    used 2718K, capacity 3215K, committed 3328K, reserved 1048576K
}
Event: 8.624 GC heap before
{Heap before GC invocations=8 (full 1):
 PSYoungGen      total 31232K, used 30737K [0x00000000eab00000, 0x00000000ed080000, 0x0000000100000000)
  eden space 24576K, 100% used [0x00000000eab00000,0x00000000ec300000,0x00000000ec300000)
  from space 6656K, 92% used [0x00000000eca00000,0x00000000ed004600,0x00000000ed080000)
  to   space 6656K, 0% used [0x00000000ec380000,0x00000000ec380000,0x00000000eca00000)
 ParOldGen       total 68608K, used 16572K [0x00000000c0000000, 0x00000000c4300000, 0x00000000eab00000)
  object space 68608K, 24% used [0x00000000c0000000,0x00000000c102f210,0x00000000c4300000)
 Metaspace       used 28802K, capacity 30380K, committed 30640K, reserved 1077248K
  class space    used 2726K, capacity 3215K, committed 3328K, reserved 1048576K
}
Event: 8.633 GC heap after
{Heap after GC invocations=8 (full 1):
 PSYoungGen      total 31232K, used 6641K [0x00000000eab00000, 0x00000000ed080000, 0x0000000100000000)
  eden space 24576K, 0% used [0x00000000eab00000,0x00000000eab00000,0x00000000ec300000)
  from space 6656K, 99% used [0x00000000ec380000,0x00000000ec9fc600,0x00000000eca00000)
  to   space 6656K, 0% used [0x00000000eca00000,0x00000000eca00000,0x00000000ed080000)
 ParOldGen       total 68608K, used 18457K [0x00000000c0000000, 0x00000000c4300000, 0x00000000eab00000)
  object space 68608K, 26% used [0x00000000c0000000,0x00000000c1206578,0x00000000c4300000)
 Metaspace       used 28802K, capacity 30380K, committed 30640K, reserved 1077248K
  class space    used 2726K, capacity 3215K, committed 3328K, reserved 1048576K
}

Deoptimization events (10 events):
Event: 7.557 Thread 0x0000013d8267c800 Uncommon trap: reason=bimorphic_or_optimized_type_check action=maybe_recompile pc=0x0000013df60d0c48 method=jdk.internal.jimage.ImageReader$SharedImageReader.findNode(Ljava/lang/String;)Ljdk/internal/jimage/ImageReader$Node; @ 22 c2
Event: 7.557 Thread 0x0000013d8267c800 Uncommon trap: reason=bimorphic_or_optimized_type_check action=maybe_recompile pc=0x0000013df60d0c48 method=jdk.internal.jimage.ImageReader$SharedImageReader.findNode(Ljava/lang/String;)Ljdk/internal/jimage/ImageReader$Node; @ 22 c2
Event: 8.388 Thread 0x0000013d8267c800 Uncommon trap: reason=profile_predicate action=maybe_recompile pc=0x0000013df60f902c method=org.eclipse.jdt.internal.core.util.HashtableOfArrayToObject.getKey([Ljava/lang/Object;I)[Ljava/lang/Object; @ 61 c2
Event: 8.392 Thread 0x0000013d8267c800 Uncommon trap: reason=profile_predicate action=maybe_recompile pc=0x0000013df60f902c method=org.eclipse.jdt.internal.core.util.HashtableOfArrayToObject.getKey([Ljava/lang/Object;I)[Ljava/lang/Object; @ 61 c2
Event: 8.394 Thread 0x0000013d8267c800 Uncommon trap: reason=profile_predicate action=maybe_recompile pc=0x0000013df60f902c method=org.eclipse.jdt.internal.core.util.HashtableOfArrayToObject.getKey([Ljava/lang/Object;I)[Ljava/lang/Object; @ 61 c2
Event: 8.396 Thread 0x0000013d8267c800 Uncommon trap: reason=profile_predicate action=maybe_recompile pc=0x0000013df60f902c method=org.eclipse.jdt.internal.core.util.HashtableOfArrayToObject.getKey([Ljava/lang/Object;I)[Ljava/lang/Object; @ 61 c2
Event: 8.410 Thread 0x0000013d8267c800 Uncommon trap: reason=profile_predicate action=maybe_recompile pc=0x0000013df60fa2e4 method=org.eclipse.jdt.internal.core.util.HashtableOfArrayToObject.get([Ljava/lang/Object;)Ljava/lang/Object; @ 64 c2
Event: 8.410 Thread 0x0000013d8267c800 Uncommon trap: reason=profile_predicate action=maybe_recompile pc=0x0000013df60fa2e4 method=org.eclipse.jdt.internal.core.util.HashtableOfArrayToObject.get([Ljava/lang/Object;)Ljava/lang/Object; @ 64 c2
Event: 8.411 Thread 0x0000013d8267c800 Uncommon trap: reason=profile_predicate action=maybe_recompile pc=0x0000013df60fa2e4 method=org.eclipse.jdt.internal.core.util.HashtableOfArrayToObject.get([Ljava/lang/Object;)Ljava/lang/Object; @ 64 c2
Event: 8.411 Thread 0x0000013d8267c800 Uncommon trap: reason=profile_predicate action=maybe_recompile pc=0x0000013df60fa2e4 method=org.eclipse.jdt.internal.core.util.HashtableOfArrayToObject.get([Ljava/lang/Object;)Ljava/lang/Object; @ 64 c2

Classes redefined (0 events):
No events

Internal exceptions (10 events):
Event: 4.036 Thread 0x0000013d81cae800 Exception <a 'java/lang/NoSuchMethodError'{0x00000000ebff3af8}: java.lang.invoke.DirectMethodHandle$Holder.invokeStaticInit(Ljava/lang/Object;Ljava/lang/Object;Ljava/lang/Object;)I> (0x00000000ebff3af8) thrown at [t:/workspace/open/src/hotspot/share/inter
Event: 4.071 Thread 0x0000013d81cae800 Exception <a 'java/io/FileNotFoundException'{0x00000000ec08e168}> (0x00000000ec08e168) thrown at [t:/workspace/open/src/hotspot/share/prims/jni.cpp, line 615]
Event: 4.671 Thread 0x0000013d81cae800 Exception <a 'java/lang/ClassNotFoundException'{0x00000000eb6cb198}: com/sun/org/apache/xerces/internal/impl/msg/spi/DOMMessagesProvider> (0x00000000eb6cb198) thrown at [t:/workspace/open/src/hotspot/share/classfile/systemDictionary.cpp, line 231]
Event: 4.674 Thread 0x0000013d81cae800 Exception <a 'java/lang/ClassNotFoundException'{0x00000000eb6e0000}: com/sun/org/apache/xerces/internal/impl/msg/spi/XMLSerializerMessagesProvider> (0x00000000eb6e0000) thrown at [t:/workspace/open/src/hotspot/share/classfile/systemDictionary.cpp, line 23
Event: 4.675 Thread 0x0000013d81cae800 Exception <a 'java/lang/ClassNotFoundException'{0x00000000eb6eb720}: com/sun/org/apache/xerces/internal/impl/msg/spi/XMLMessagesProvider> (0x00000000eb6eb720) thrown at [t:/workspace/open/src/hotspot/share/classfile/systemDictionary.cpp, line 231]
Event: 6.571 Thread 0x0000013d81cae800 Exception <a 'java/lang/ClassNotFoundException'{0x00000000eb8bb4c0}: com/sun/org/apache/xml/internal/serializer/spi/XMLEntitiesProvider> (0x00000000eb8bb4c0) thrown at [t:/workspace/open/src/hotspot/share/classfile/systemDictionary.cpp, line 231]
Event: 6.792 Thread 0x0000013de61b5000 Exception <a 'java/lang/NoSuchMethodError'{0x00000000ebc43a68}: java.lang.invoke.DirectMethodHandle$Holder.invokeStatic(Ljava/lang/Object;Ljava/lang/Object;Ljava/lang/Object;Ljava/lang/Object;)V> (0x00000000ebc43a68) thrown at [t:/workspace/open/src/hotsp
Event: 6.988 Thread 0x0000013d82812000 Exception <a 'java/io/FileNotFoundException'{0x00000000ec0c7de0}> (0x00000000ec0c7de0) thrown at [t:/workspace/open/src/hotspot/share/prims/jni.cpp, line 615]
Event: 7.934 Thread 0x0000013d8267c800 Exception <a 'java/io/FileNotFoundException'{0x00000000ebc8b658}> (0x00000000ebc8b658) thrown at [t:/workspace/open/src/hotspot/share/prims/jni.cpp, line 615]
Event: 7.934 Thread 0x0000013d8267c800 Exception <a 'java/io/FileNotFoundException'{0x00000000ebc8d468}> (0x00000000ebc8d468) thrown at [t:/workspace/open/src/hotspot/share/prims/jni.cpp, line 615]

Events (10 events):
Event: 8.411 Thread 0x0000013d8267c800 DEOPT PACKING pc=0x0000013df60fa2e4 sp=0x0000003c286fddc0
Event: 8.411 Thread 0x0000013d8267c800 DEOPT UNPACKING pc=0x0000013dee56872f sp=0x0000003c286fdd80 mode 2
Event: 8.520 Executing VM operation: ParallelGCFailedAllocation
Event: 8.530 Executing VM operation: ParallelGCFailedAllocation done
Event: 8.610 Executing VM operation: ParallelGCFailedAllocation
Event: 8.633 Executing VM operation: ParallelGCFailedAllocation done
Event: 8.691 Executing VM operation: RevokeBias
Event: 8.691 Executing VM operation: RevokeBias done
Event: 8.691 Executing VM operation: RevokeBias
Event: 8.692 Executing VM operation: RevokeBias done


Dynamic libraries:
0x00007ff6f48f0000 - 0x00007ff6f4937000 	C:\Program Files\Java\jdk-11.0.6\bin\java.exe
0x00007ffc288c0000 - 0x00007ffc28ab0000 	C:\WINDOWS\SYSTEM32\ntdll.dll
0x00007ffc28610000 - 0x00007ffc286c2000 	C:\WINDOWS\System32\KERNEL32.DLL
0x00007ffc258b0000 - 0x00007ffc25b53000 	C:\WINDOWS\System32\KERNELBASE.dll
0x00007ffc269d0000 - 0x00007ffc26a73000 	C:\WINDOWS\System32\ADVAPI32.dll
0x00007ffc27f60000 - 0x00007ffc27ffe000 	C:\WINDOWS\System32\msvcrt.dll
0x00007ffc27520000 - 0x00007ffc275b7000 	C:\WINDOWS\System32\sechost.dll
0x00007ffc27e30000 - 0x00007ffc27f50000 	C:\WINDOWS\System32\RPCRT4.dll
0x00007ffc28470000 - 0x00007ffc28604000 	C:\WINDOWS\System32\USER32.dll
0x00007ffc25c30000 - 0x00007ffc25c51000 	C:\WINDOWS\System32\win32u.dll
0x00007ffc26b70000 - 0x00007ffc26b96000 	C:\WINDOWS\System32\GDI32.dll
0x00007ffc25d10000 - 0x00007ffc25ea4000 	C:\WINDOWS\System32\gdi32full.dll
0x00007ffc25eb0000 - 0x00007ffc25f4e000 	C:\WINDOWS\System32\msvcp_win.dll
0x00007ffc260a0000 - 0x00007ffc2619a000 	C:\WINDOWS\System32\ucrtbase.dll
0x00007ffc15c40000 - 0x00007ffc15ec5000 	C:\WINDOWS\WinSxS\amd64_microsoft.windows.common-controls_6595b64144ccf1df_6.0.18362.720_none_e6beb5c51314836b\COMCTL32.dll
0x00007ffc26dc0000 - 0x00007ffc270f6000 	C:\WINDOWS\System32\combase.dll
0x00007ffc1d7c0000 - 0x00007ffc1d7ca000 	C:\WINDOWS\SYSTEM32\VERSION.dll
0x00007ffc25b60000 - 0x00007ffc25be0000 	C:\WINDOWS\System32\bcryptPrimitives.dll
0x00007ffc27da0000 - 0x00007ffc27dce000 	C:\WINDOWS\System32\IMM32.DLL
0x00007ffc18280000 - 0x00007ffc18296000 	C:\Program Files\Java\jdk-11.0.6\bin\vcruntime140.dll
0x00007ffbeeec0000 - 0x00007ffbeef6a000 	C:\Program Files\Java\jdk-11.0.6\bin\msvcp140.dll
0x00007ffbd2fa0000 - 0x00007ffbd3ac9000 	C:\Program Files\Java\jdk-11.0.6\bin\server\jvm.dll
0x00007ffc27d10000 - 0x00007ffc27d18000 	C:\WINDOWS\System32\PSAPI.DLL
0x00007ffc14300000 - 0x00007ffc14309000 	C:\WINDOWS\SYSTEM32\WSOCK32.dll
0x00007ffc27280000 - 0x00007ffc272ef000 	C:\WINDOWS\System32\WS2_32.dll
0x00007ffc218d0000 - 0x00007ffc218f4000 	C:\WINDOWS\SYSTEM32\WINMM.dll
0x00007ffc218a0000 - 0x00007ffc218cd000 	C:\WINDOWS\SYSTEM32\WINMMBASE.dll
0x00007ffc25be0000 - 0x00007ffc25c2a000 	C:\WINDOWS\System32\cfgmgr32.dll
0x00007ffc257f0000 - 0x00007ffc25801000 	C:\WINDOWS\System32\kernel.appcore.dll
0x00007ffc18260000 - 0x00007ffc18271000 	C:\Program Files\Java\jdk-11.0.6\bin\verify.dll
0x00007ffc240b0000 - 0x00007ffc242a4000 	C:\WINDOWS\SYSTEM32\DBGHELP.DLL
0x00007ffc0ff00000 - 0x00007ffc0ff2a000 	C:\WINDOWS\SYSTEM32\dbgcore.DLL
0x00007ffbf1770000 - 0x00007ffbf1799000 	C:\Program Files\Java\jdk-11.0.6\bin\java.dll
0x00007ffbf1510000 - 0x00007ffbf1526000 	C:\Program Files\Java\jdk-11.0.6\bin\zip.dll
0x00007ffbf1760000 - 0x00007ffbf176a000 	C:\Program Files\Java\jdk-11.0.6\bin\jimage.dll
0x00007ffc275c0000 - 0x00007ffc27ca5000 	C:\WINDOWS\System32\SHELL32.dll
0x00007ffc271d0000 - 0x00007ffc27279000 	C:\WINDOWS\System32\shcore.dll
0x00007ffc26230000 - 0x00007ffc269b0000 	C:\WINDOWS\System32\windows.storage.dll
0x00007ffc25860000 - 0x00007ffc25883000 	C:\WINDOWS\System32\profapi.dll
0x00007ffc25810000 - 0x00007ffc2585a000 	C:\WINDOWS\System32\powrprof.dll
0x00007ffc257e0000 - 0x00007ffc257f0000 	C:\WINDOWS\System32\UMPDC.dll
0x00007ffc27dd0000 - 0x00007ffc27e22000 	C:\WINDOWS\System32\shlwapi.dll
0x00007ffc269b0000 - 0x00007ffc269c7000 	C:\WINDOWS\System32\cryptsp.dll
0x00007ffbf14f0000 - 0x00007ffbf1509000 	C:\Program Files\Java\jdk-11.0.6\bin\net.dll
0x00007ffc18f20000 - 0x00007ffc19011000 	C:\WINDOWS\SYSTEM32\WINHTTP.dll
0x00007ffc25050000 - 0x00007ffc250b7000 	C:\WINDOWS\system32\mswsock.dll
0x00007ffbeeea0000 - 0x00007ffbeeeb3000 	C:\Program Files\Java\jdk-11.0.6\bin\nio.dll
0x00007ffc24bc0000 - 0x00007ffc24bf3000 	C:\WINDOWS\system32\rsaenh.dll
0x00007ffc26200000 - 0x00007ffc26226000 	C:\WINDOWS\System32\bcrypt.dll
0x00007ffc25700000 - 0x00007ffc25725000 	C:\WINDOWS\SYSTEM32\USERENV.dll
0x00007ffc25220000 - 0x00007ffc2522c000 	C:\WINDOWS\SYSTEM32\CRYPTBASE.dll
0x00007ffc24d60000 - 0x00007ffc24d9a000 	C:\WINDOWS\SYSTEM32\IPHLPAPI.DLL
0x00007ffc26c50000 - 0x00007ffc26c58000 	C:\WINDOWS\System32\NSI.dll
0x00007ffc19b50000 - 0x00007ffc19b66000 	C:\WINDOWS\SYSTEM32\dhcpcsvc6.DLL
0x00007ffc19c20000 - 0x00007ffc19c3c000 	C:\WINDOWS\SYSTEM32\dhcpcsvc.DLL
0x00007ffc24da0000 - 0x00007ffc24e6a000 	C:\WINDOWS\SYSTEM32\DNSAPI.dll
0x00007ffbf8740000 - 0x00007ffbf8769000 	C:\Users\Dhanushguntha\AppData\Roaming\Code\User\globalStorage\redhat.java\0.59.0\config_ss_win\org.eclipse.equinox.launcher\org.eclipse.equinox.launcher.win32.win32.x86_64_1.1.1100.v20190907-0426\eclipse_1902.dll

dbghelp: loaded successfully - version: 4.0.5 - missing functions: none
symbol engine: initialized successfully - sym options: 0x614 - pdb path: .;C:\Program Files\Java\jdk-11.0.6\bin;C:\WINDOWS\SYSTEM32;C:\WINDOWS\WinSxS\amd64_microsoft.windows.common-controls_6595b64144ccf1df_6.0.18362.720_none_e6beb5c51314836b;C:\Program Files\Java\jdk-11.0.6\bin\server;C:\Users\Dhanushguntha\AppData\Roaming\Code\User\globalStorage\redhat.java\0.59.0\config_ss_win\org.eclipse.equinox.launcher\org.eclipse.equinox.launcher.win32.win32.x86_64_1.1.1100.v20190907-0426

VM Arguments:
jvm_args: --add-modules=ALL-SYSTEM --add-opens=java.base/java.util=ALL-UNNAMED --add-opens=java.base/java.lang=ALL-UNNAMED -Declipse.application=org.eclipse.jdt.ls.core.id1 -Dosgi.bundles.defaultStartLevel=4 -Declipse.product=org.eclipse.jdt.ls.core.product -Dfile.encoding=utf8 -DwatchParentProcess=false -XX:+UseParallelGC -XX:GCTimeRatio=4 -XX:AdaptiveSizePolicyWeight=90 -Dsun.zip.disableMemoryMapping=true -Xmx1G -Xms100m -Xverify:none 
java_command: c:\Users\Dhanushguntha\.vscode\extensions\redhat.java-0.59.0\server\plugins\org.eclipse.equinox.launcher_1.5.700.v20200207-2156.jar -configuration c:\Users\Dhanushguntha\AppData\Roaming\Code\User\globalStorage\redhat.java\0.59.0\config_ss_win -data c:\Users\Dhanushguntha\AppData\Roaming\Code\User\workspaceStorage\d205c3bc679c17d61fcbf72b5db58983\redhat.java\ss_ws
java_class_path (initial): c:\Users\Dhanushguntha\.vscode\extensions\redhat.java-0.59.0\server\plugins\org.eclipse.equinox.launcher_1.5.700.v20200207-2156.jar
Launcher Type: SUN_STANDARD

[Global flags]
    uintx AdaptiveSizePolicyWeight                 = 90                                        {product} {command line}
     bool BytecodeVerificationLocal                = false                                     {product} {command line}
     bool BytecodeVerificationRemote               = false                                     {product} {command line}
     intx CICompilerCount                          = 3                                         {product} {ergonomic}
    uintx GCTimeRatio                              = 4                                         {product} {command line}
   size_t InitialHeapSize                          = 104857600                                 {product} {command line}
   size_t MaxHeapSize                              = 1073741824                                {product} {command line}
   size_t MaxNewSize                               = 357564416                                 {product} {ergonomic}
   size_t MinHeapDeltaBytes                        = 524288                                    {product} {ergonomic}
   size_t NewSize                                  = 34603008                                  {product} {ergonomic}
    uintx NonNMethodCodeHeapSize                   = 5830732                                {pd product} {ergonomic}
    uintx NonProfiledCodeHeapSize                  = 122913754                              {pd product} {ergonomic}
   size_t OldSize                                  = 70254592                                  {product} {ergonomic}
    uintx ProfiledCodeHeapSize                     = 122913754                              {pd product} {ergonomic}
    uintx ReservedCodeCacheSize                    = 251658240                              {pd product} {ergonomic}
     bool SegmentedCodeCache                       = true                                      {product} {ergonomic}
     bool UseCompressedClassPointers               = true                                 {lp64_product} {ergonomic}
     bool UseCompressedOops                        = true                                 {lp64_product} {ergonomic}
     bool UseLargePagesIndividualAllocation        = false                                  {pd product} {ergonomic}
     bool UseParallelGC                            = true                                      {product} {command line}

Logging:
Log output configuration:
 #0: stdout all=warning uptime,level,tags
 #1: stderr all=off uptime,level,tags

Environment Variables:
JAVA_HOME=C:\Program Files\Java\jdk-11.0.6
PATH=C:\Python27\;C:\Python27\Scripts;C:\Program Files (x86)\Intel\iCLS Client\;C:\Program Files\Intel\iCLS Client\;C:\windows\system32;C:\windows;C:\windows\System32\Wbem;C:\windows\System32\WindowsPowerShell\v1.0\;C:\Program Files (x86)\Intel\Intel(R) Management Engine Components\DAL;C:\Program Files\Intel\Intel(R) Management Engine Components\DAL;C:\Program Files (x86)\Intel\Intel(R) Management Engine Components\IPT;C:\Program Files\Intel\Intel(R) Management Engine Components\IPT;C:\Program Files (x86)\NVIDIA Corporation\PhysX\Common;C:\WINDOWS\system32;C:\WINDOWS;C:\WINDOWS\System32\Wbem;C:\WINDOWS\System32\WindowsPowerShell\v1.0\;C:\WINDOWS\System32\OpenSSH\;C:\Users\Dhanushguntha\AppData\Local\Programs\Python\Python37;C:\Program Files\Intel\WiFi\bin\;C:\Program Files\Common Files\Intel\WirelessCommon\;C:\Program Files\Git\cmd;C:\Program Files (x86)\Yarn\bin\;C:\Program Files\NVIDIA Corporation\NVIDIA NvDLISR;C:\Program Files\nodejs;C:\ProgramData\chocolatey\bin;C:\Program Files\nodejs\;C:\opt\apache-maven-3.6.3\bin;C:\Program Files\Java\jdk-11.0.6\bin;C:\Users\Dhanushguntha\Anaconda3\Scripts;C:\Users\Dhanushguntha\Anaconda3\Scripts;C:\Users\Dhanushguntha\AppData\Local\Programs\Microsoft VS Code\bin;C:\Users\Dhanushguntha\AppData\Roaming\npm;
USERNAME=Dhanushguntha
OS=Windows_NT
PROCESSOR_IDENTIFIER=Intel64 Family 6 Model 142 Stepping 9, GenuineIntel



---------------  S Y S T E M  ---------------

OS: Windows 10 , 64 bit Build 18362 (10.0.18362.329)

CPU:total 4 (initial active 4) (2 cores per cpu, 2 threads per core) family 6 model 142 stepping 9, cmov, cx8, fxsr, mmx, sse, sse2, sse3, ssse3, sse4.1, sse4.2, popcnt, avx, avx2, aes, clmul, erms, 3dnowpref, lzcnt, ht, tsc, tscinvbit, bmi1, bmi2, adx, fma

Memory: 4k page, system-wide physical 8077M (1208M free)
TotalPageFile size 8077M (AvailPageFile size 3M)
current process WorkingSet (physical memory assigned to process): 151M, peak: 151M
current process commit charge ("private bytes"): 234M, peak: 238M

vm_info: Java HotSpot(TM) 64-Bit Server VM (11.0.6+8-LTS) for windows-amd64 JRE (11.0.6+8-LTS), built on Dec 11 2019 09:17:57 by "mach5one" with MS VC++ 15.5 (VS2017)

END.
