#
# There is insufficient memory for the Java Runtime Environment to continue.
# Native memory allocation (malloc) failed to allocate 1739696 bytes for Chunk::new
# Possible reasons:
#   The system is out of physical RAM or swap space
#   The process is running with CompressedOops enabled, and the Java Heap may be blocking the growth of the native heap
# Possible solutions:
#   Reduce memory load on the system
#   Increase physical memory or swap space
#   Check if swap backing store is full
#   Decrease Java heap size (-Xmx/-Xms)
#   Decrease number of Java threads
#   Decrease Java thread stack sizes (-Xss)
#   Set larger code cache with -XX:ReservedCodeCacheSize=
#   JVM is running with Unscaled Compressed Oops mode in which the Java heap is
#     placed in the first 4GB address space. The Java Heap base address is the
#     maximum limit for the native heap growth. Please use -XX:HeapBaseMinAddress
#     to set the Java Heap base and to place the Java Heap above 4GB virtual address.
# This output file may be truncated or incomplete.
#
#  Out of Memory Error (t:/workspace/open/src/hotspot/share/memory/arena.cpp:197), pid=3164, tid=12076
#
# JRE version: Java(TM) SE Runtime Environment (11.0.6+8) (build 11.0.6+8-LTS)
# Java VM: Java HotSpot(TM) 64-Bit Server VM (11.0.6+8-LTS, mixed mode, tiered, compressed oops, g1 gc, windows-amd64)
# No core dump will be written. Minidumps are not enabled by default on client versions of Windows
#

---------------  S U M M A R Y ------------

Command Line: -Dmaven.multiModuleProjectDirectory=C:\Users\Dhanushguntha\Desktop\webcontroller\webcontroller -Dmaven.home=C:\Program Files\JetBrains\IntelliJ IDEA Community Edition 2019.3.4\plugins\maven\lib\maven3 -Dclassworlds.conf=C:\Program Files\JetBrains\IntelliJ IDEA Community Edition 2019.3.4\plugins\maven\lib\maven3\bin\m2.conf -Dmaven.ext.class.path=C:\Program Files\JetBrains\IntelliJ IDEA Community Edition 2019.3.4\plugins\maven\lib\maven-event-listener.jar -javaagent:C:\Program Files\JetBrains\IntelliJ IDEA Community Edition 2019.3.4\lib\idea_rt.jar=53498:C:\Program Files\JetBrains\IntelliJ IDEA Community Edition 2019.3.4\bin -Dfile.encoding=UTF-8 org.codehaus.classworlds.Launcher -Didea.version2019.3.4 spring-boot:run

Host: Intel(R) Core(TM) i5-7200U CPU @ 2.50GHz, 4 cores, 7G,  Windows 10 , 64 bit Build 18362 (10.0.18362.778)
Time: Sat Apr 25 17:54:07 2020 India Standard Time elapsed time: 26 seconds (0d 0h 0m 26s)

---------------  T H R E A D  ---------------

Current thread (0x00000247ce6ad000):  JavaThread "C2 CompilerThread0" daemon [_thread_in_native, id=12076, stack(0x0000008f29d00000,0x0000008f29e00000)]


Current CompileTask:
C2:  26814 4515   !   4       com.google.inject.spi.InjectionPoint::getInjectionPoints (489 bytes)

Stack: [0x0000008f29d00000,0x0000008f29e00000]
Native frames: (J=compiled Java code, j=interpreted, Vv=VM code, C=native code)
V  [jvm.dll+0x63679a]
V  [jvm.dll+0x7755bf]
V  [jvm.dll+0x776c65]
V  [jvm.dll+0x7772d3]
V  [jvm.dll+0x25e7f8]
V  [jvm.dll+0xc1c01]
V  [jvm.dll+0xc219c]
V  [jvm.dll+0x36d977]
V  [jvm.dll+0x1a9101]
V  [jvm.dll+0x218462]
V  [jvm.dll+0x2174fa]
V  [jvm.dll+0x193a2c]
V  [jvm.dll+0x226544]
V  [jvm.dll+0x224b28]
V  [jvm.dll+0x73a9c5]
V  [jvm.dll+0x733905]
V  [jvm.dll+0x635846]
C  [ucrtbase.dll+0x20e72]
C  [KERNEL32.DLL+0x17bd4]
C  [ntdll.dll+0x6ce51]


---------------  P R O C E S S  ---------------

Threads class SMR info:
_java_thread_list=0x00000247d1096770, length=12, elements={
0x00000247b02fa000, 0x00000247ce695800, 0x00000247ce696000, 0x00000247cf012800,
0x00000247ce6ab800, 0x00000247ce6ad000, 0x00000247ce6b1800, 0x00000247ce6ba800,
0x00000247cf15e000, 0x00000247cf15d000, 0x00000247cf161800, 0x00000247d28b8800
}

Java Threads: ( => current thread )
  0x00000247b02fa000 JavaThread "main" [_thread_in_native, id=11868, stack(0x0000008f29200000,0x0000008f29300000)]
  0x00000247ce695800 JavaThread "Reference Handler" daemon [_thread_blocked, id=9116, stack(0x0000008f29900000,0x0000008f29a00000)]
  0x00000247ce696000 JavaThread "Finalizer" daemon [_thread_blocked, id=12988, stack(0x0000008f29a00000,0x0000008f29b00000)]
  0x00000247cf012800 JavaThread "Signal Dispatcher" daemon [_thread_blocked, id=11780, stack(0x0000008f29b00000,0x0000008f29c00000)]
  0x00000247ce6ab800 JavaThread "Attach Listener" daemon [_thread_blocked, id=6988, stack(0x0000008f29c00000,0x0000008f29d00000)]
=>0x00000247ce6ad000 JavaThread "C2 CompilerThread0" daemon [_thread_in_native, id=12076, stack(0x0000008f29d00000,0x0000008f29e00000)]
  0x00000247ce6b1800 JavaThread "C1 CompilerThread0" daemon [_thread_blocked, id=5756, stack(0x0000008f29e00000,0x0000008f29f00000)]
  0x00000247ce6ba800 JavaThread "Sweeper thread" daemon [_thread_blocked, id=14304, stack(0x0000008f29f00000,0x0000008f2a000000)]
  0x00000247cf15e000 JavaThread "Common-Cleaner" daemon [_thread_blocked, id=1964, stack(0x0000008f2a000000,0x0000008f2a100000)]
  0x00000247cf15d000 JavaThread "Monitor Ctrl-Break" daemon [_thread_in_native, id=10440, stack(0x0000008f2a100000,0x0000008f2a200000)]
  0x00000247cf161800 JavaThread "Service Thread" daemon [_thread_blocked, id=12888, stack(0x0000008f2a200000,0x0000008f2a300000)]
  0x00000247d28b8800 JavaThread "C2 CompilerThread1" daemon [_thread_blocked, id=11748, stack(0x0000008f2a400000,0x0000008f2a500000)]

Other Threads:
  0x00000247ce66d800 VMThread "VM Thread" [stack: 0x0000008f29800000,0x0000008f29900000] [id=7512]
  0x00000247cf298800 WatcherThread [stack: 0x0000008f2a300000,0x0000008f2a400000] [id=11068]
  0x00000247b030f000 GCTaskThread "GC Thread#0" [stack: 0x0000008f29300000,0x0000008f29400000] [id=11076]
  0x00000247cf8ee800 GCTaskThread "GC Thread#1" [stack: 0x0000008f2a500000,0x0000008f2a600000] [id=11324]
  0x00000247d033c000 GCTaskThread "GC Thread#2" [stack: 0x0000008f2a600000,0x0000008f2a700000] [id=12404]
  0x00000247b033f800 ConcurrentGCThread "G1 Main Marker" [stack: 0x0000008f29400000,0x0000008f29500000] [id=9336]
  0x00000247b0341000 ConcurrentGCThread "G1 Conc#0" [stack: 0x0000008f29500000,0x0000008f29600000] [id=12112]
  0x00000247ce4e0800 ConcurrentGCThread "G1 Refine#0" [stack: 0x0000008f29600000,0x0000008f29700000] [id=5284]
  0x00000247cf36d000 ConcurrentGCThread "G1 Refine#1" [stack: 0x0000008f2a700000,0x0000008f2a800000] [id=8548]
  0x00000247ce4e1800 ConcurrentGCThread "G1 Young RemSet Sampling" [stack: 0x0000008f29700000,0x0000008f29800000] [id=3608]

Threads with active compile tasks:
C2 CompilerThread04515   !   4       com.google.inject.spi.InjectionPoint::getInjectionPoints (489 bytes)

VM state:not at safepoint (normal execution)

VM Mutex/Monitor currently owned by a thread: None

Heap address: 0x0000000081c00000, size: 2020 MB, Compressed Oops mode: 32-bit
Narrow klass base: 0x0000000000000000, Narrow klass shift: 3
Compressed class space size: 1073741824 Address: 0x0000000100000000

Heap:
 garbage-first heap   total 131072K, used 65536K [0x0000000081c00000, 0x0000000100000000)
  region size 1024K, 50 young (51200K), 9 survivors (9216K)
 Metaspace       used 25555K, capacity 26100K, committed 26416K, reserved 1073152K
  class space    used 2674K, capacity 2873K, committed 2944K, reserved 1048576K
Heap Regions: E=young(eden), S=young(survivor), O=old, HS=humongous(starts), HC=humongous(continues), CS=collection set, F=free, A=archive, TAMS=top-at-mark-start (previous, next)
|   0|0x0000000081c00000, 0x0000000081d00000, 0x0000000081d00000|100%| O|  |TAMS 0x0000000081d00000, 0x0000000081c00000| Untracked 
|   1|0x0000000081d00000, 0x0000000081e00000, 0x0000000081e00000|100%| O|  |TAMS 0x0000000081e00000, 0x0000000081d00000| Untracked 
|   2|0x0000000081e00000, 0x0000000081f00000, 0x0000000081f00000|100%| O|  |TAMS 0x0000000081f00000, 0x0000000081e00000| Untracked 
|   3|0x0000000081f00000, 0x0000000082000000, 0x0000000082000000|100%| O|  |TAMS 0x0000000081f6a400, 0x0000000081f00000| Untracked 
|   4|0x0000000082000000, 0x0000000082100000, 0x0000000082100000|100%| O|  |TAMS 0x0000000082000000, 0x0000000082000000| Untracked 
|   5|0x0000000082100000, 0x0000000082200000, 0x0000000082200000|100%| O|  |TAMS 0x0000000082100000, 0x0000000082100000| Untracked 
|   6|0x0000000082200000, 0x0000000082300000, 0x0000000082300000|100%| O|  |TAMS 0x0000000082200000, 0x0000000082200000| Untracked 
|   7|0x0000000082300000, 0x0000000082400000, 0x0000000082400000|100%| O|  |TAMS 0x0000000082300000, 0x0000000082300000| Untracked 
|   8|0x0000000082400000, 0x0000000082500000, 0x0000000082500000|100%| O|  |TAMS 0x0000000082400000, 0x0000000082400000| Untracked 
|   9|0x0000000082500000, 0x0000000082600000, 0x0000000082600000|100%| O|  |TAMS 0x0000000082500000, 0x0000000082500000| Untracked 
|  10|0x0000000082600000, 0x0000000082700000, 0x0000000082700000|100%| O|  |TAMS 0x0000000082600000, 0x0000000082600000| Untracked 
|  11|0x0000000082700000, 0x0000000082800000, 0x0000000082800000|100%| O|  |TAMS 0x0000000082700000, 0x0000000082700000| Untracked 
|  12|0x0000000082800000, 0x0000000082900000, 0x0000000082900000|100%| O|  |TAMS 0x0000000082800000, 0x0000000082800000| Untracked 
|  13|0x0000000082900000, 0x0000000082a00000, 0x0000000082a00000|100%| O|  |TAMS 0x0000000082900000, 0x0000000082900000| Untracked 
|  14|0x0000000082a00000, 0x0000000082b00000, 0x0000000082b00000|100%| O|  |TAMS 0x0000000082a00000, 0x0000000082a00000| Untracked 
|  15|0x0000000082b00000, 0x0000000082b00000, 0x0000000082c00000|  0%| F|  |TAMS 0x0000000082b00000, 0x0000000082b00000| Untracked 
|  16|0x0000000082c00000, 0x0000000082c00000, 0x0000000082d00000|  0%| F|  |TAMS 0x0000000082c00000, 0x0000000082c00000| Untracked 
|  17|0x0000000082d00000, 0x0000000082d00000, 0x0000000082e00000|  0%| F|  |TAMS 0x0000000082d00000, 0x0000000082d00000| Untracked 
|  18|0x0000000082e00000, 0x0000000082e00000, 0x0000000082f00000|  0%| F|  |TAMS 0x0000000082e00000, 0x0000000082e00000| Untracked 
|  19|0x0000000082f00000, 0x0000000082f00000, 0x0000000083000000|  0%| F|  |TAMS 0x0000000082f00000, 0x0000000082f00000| Untracked 
|  20|0x0000000083000000, 0x0000000083000000, 0x0000000083100000|  0%| F|  |TAMS 0x0000000083000000, 0x0000000083000000| Untracked 
|  21|0x0000000083100000, 0x0000000083100000, 0x0000000083200000|  0%| F|  |TAMS 0x0000000083100000, 0x0000000083100000| Untracked 
|  22|0x0000000083200000, 0x0000000083200000, 0x0000000083300000|  0%| F|  |TAMS 0x0000000083200000, 0x0000000083200000| Untracked 
|  23|0x0000000083300000, 0x0000000083300000, 0x0000000083400000|  0%| F|  |TAMS 0x0000000083300000, 0x0000000083300000| Untracked 
|  24|0x0000000083400000, 0x0000000083400000, 0x0000000083500000|  0%| F|  |TAMS 0x0000000083400000, 0x0000000083400000| Untracked 
|  25|0x0000000083500000, 0x0000000083500000, 0x0000000083600000|  0%| F|  |TAMS 0x0000000083500000, 0x0000000083500000| Untracked 
|  26|0x0000000083600000, 0x0000000083600000, 0x0000000083700000|  0%| F|  |TAMS 0x0000000083600000, 0x0000000083600000| Untracked 
|  27|0x0000000083700000, 0x0000000083700000, 0x0000000083800000|  0%| F|  |TAMS 0x0000000083700000, 0x0000000083700000| Untracked 
|  28|0x0000000083800000, 0x0000000083800000, 0x0000000083900000|  0%| F|  |TAMS 0x0000000083800000, 0x0000000083800000| Untracked 
|  29|0x0000000083900000, 0x0000000083900000, 0x0000000083a00000|  0%| F|  |TAMS 0x0000000083900000, 0x0000000083900000| Untracked 
|  30|0x0000000083a00000, 0x0000000083a00000, 0x0000000083b00000|  0%| F|  |TAMS 0x0000000083a00000, 0x0000000083a00000| Untracked 
|  31|0x0000000083b00000, 0x0000000083b00000, 0x0000000083c00000|  0%| F|  |TAMS 0x0000000083b00000, 0x0000000083b00000| Untracked 
|  32|0x0000000083c00000, 0x0000000083c00000, 0x0000000083d00000|  0%| F|  |TAMS 0x0000000083c00000, 0x0000000083c00000| Untracked 
|  33|0x0000000083d00000, 0x0000000083d00000, 0x0000000083e00000|  0%| F|  |TAMS 0x0000000083d00000, 0x0000000083d00000| Untracked 
|  34|0x0000000083e00000, 0x0000000083e00000, 0x0000000083f00000|  0%| F|  |TAMS 0x0000000083e00000, 0x0000000083e00000| Untracked 
|  35|0x0000000083f00000, 0x0000000083f00000, 0x0000000084000000|  0%| F|  |TAMS 0x0000000083f00000, 0x0000000083f00000| Untracked 
|  36|0x0000000084000000, 0x0000000084000000, 0x0000000084100000|  0%| F|  |TAMS 0x0000000084000000, 0x0000000084000000| Untracked 
|  37|0x0000000084100000, 0x0000000084100000, 0x0000000084200000|  0%| F|  |TAMS 0x0000000084100000, 0x0000000084100000| Untracked 
|  38|0x0000000084200000, 0x0000000084200000, 0x0000000084300000|  0%| F|  |TAMS 0x0000000084200000, 0x0000000084200000| Untracked 
|  39|0x0000000084300000, 0x0000000084300000, 0x0000000084400000|  0%| F|  |TAMS 0x0000000084300000, 0x0000000084300000| Untracked 
|  40|0x0000000084400000, 0x0000000084400000, 0x0000000084500000|  0%| F|  |TAMS 0x0000000084400000, 0x0000000084400000| Untracked 
|  41|0x0000000084500000, 0x0000000084500000, 0x0000000084600000|  0%| F|  |TAMS 0x0000000084500000, 0x0000000084500000| Untracked 
|  42|0x0000000084600000, 0x0000000084600000, 0x0000000084700000|  0%| F|  |TAMS 0x0000000084600000, 0x0000000084600000| Untracked 
|  43|0x0000000084700000, 0x0000000084700000, 0x0000000084800000|  0%| F|  |TAMS 0x0000000084700000, 0x0000000084700000| Untracked 
|  44|0x0000000084800000, 0x0000000084800000, 0x0000000084900000|  0%| F|  |TAMS 0x0000000084800000, 0x0000000084800000| Untracked 
|  45|0x0000000084900000, 0x0000000084900000, 0x0000000084a00000|  0%| F|  |TAMS 0x0000000084900000, 0x0000000084900000| Untracked 
|  46|0x0000000084a00000, 0x0000000084b00000, 0x0000000084b00000|100%| S|CS|TAMS 0x0000000084a00000, 0x0000000084a00000| Complete 
|  47|0x0000000084b00000, 0x0000000084c00000, 0x0000000084c00000|100%| S|CS|TAMS 0x0000000084b00000, 0x0000000084b00000| Complete 
|  48|0x0000000084c00000, 0x0000000084d00000, 0x0000000084d00000|100%| S|CS|TAMS 0x0000000084c00000, 0x0000000084c00000| Complete 
|  49|0x0000000084d00000, 0x0000000084e00000, 0x0000000084e00000|100%| S|CS|TAMS 0x0000000084d00000, 0x0000000084d00000| Complete 
|  50|0x0000000084e00000, 0x0000000084f00000, 0x0000000084f00000|100%| S|CS|TAMS 0x0000000084e00000, 0x0000000084e00000| Complete 
|  51|0x0000000084f00000, 0x0000000085000000, 0x0000000085000000|100%| S|CS|TAMS 0x0000000084f00000, 0x0000000084f00000| Complete 
|  52|0x0000000085000000, 0x0000000085100000, 0x0000000085100000|100%| S|CS|TAMS 0x0000000085000000, 0x0000000085000000| Complete 
|  53|0x0000000085100000, 0x0000000085200000, 0x0000000085200000|100%| S|CS|TAMS 0x0000000085100000, 0x0000000085100000| Complete 
|  54|0x0000000085200000, 0x0000000085300000, 0x0000000085300000|100%| S|CS|TAMS 0x0000000085200000, 0x0000000085200000| Complete 
|  55|0x0000000085300000, 0x0000000085300000, 0x0000000085400000|  0%| F|  |TAMS 0x0000000085300000, 0x0000000085300000| Untracked 
|  56|0x0000000085400000, 0x0000000085400000, 0x0000000085500000|  0%| F|  |TAMS 0x0000000085400000, 0x0000000085400000| Untracked 
|  57|0x0000000085500000, 0x0000000085500000, 0x0000000085600000|  0%| F|  |TAMS 0x0000000085500000, 0x0000000085500000| Untracked 
|  58|0x0000000085600000, 0x0000000085600000, 0x0000000085700000|  0%| F|  |TAMS 0x0000000085600000, 0x0000000085600000| Untracked 
|  59|0x0000000085700000, 0x0000000085700000, 0x0000000085800000|  0%| F|  |TAMS 0x0000000085700000, 0x0000000085700000| Untracked 
|  60|0x0000000085800000, 0x0000000085800000, 0x0000000085900000|  0%| F|  |TAMS 0x0000000085800000, 0x0000000085800000| Untracked 
|  61|0x0000000085900000, 0x0000000085900000, 0x0000000085a00000|  0%| F|  |TAMS 0x0000000085900000, 0x0000000085900000| Untracked 
|  62|0x0000000085a00000, 0x0000000085a00000, 0x0000000085b00000|  0%| F|  |TAMS 0x0000000085a00000, 0x0000000085a00000| Untracked 
|  63|0x0000000085b00000, 0x0000000085b00000, 0x0000000085c00000|  0%| F|  |TAMS 0x0000000085b00000, 0x0000000085b00000| Untracked 
|  64|0x0000000085c00000, 0x0000000085c00000, 0x0000000085d00000|  0%| F|  |TAMS 0x0000000085c00000, 0x0000000085c00000| Untracked 
|  65|0x0000000085d00000, 0x0000000085d00000, 0x0000000085e00000|  0%| F|  |TAMS 0x0000000085d00000, 0x0000000085d00000| Untracked 
|  66|0x0000000085e00000, 0x0000000085e00000, 0x0000000085f00000|  0%| F|  |TAMS 0x0000000085e00000, 0x0000000085e00000| Untracked 
|  67|0x0000000085f00000, 0x0000000085f00000, 0x0000000086000000|  0%| F|  |TAMS 0x0000000085f00000, 0x0000000085f00000| Untracked 
|  68|0x0000000086000000, 0x0000000086000000, 0x0000000086100000|  0%| F|  |TAMS 0x0000000086000000, 0x0000000086000000| Untracked 
|  69|0x0000000086100000, 0x0000000086100000, 0x0000000086200000|  0%| F|  |TAMS 0x0000000086100000, 0x0000000086100000| Untracked 
|  70|0x0000000086200000, 0x0000000086200000, 0x0000000086300000|  0%| F|  |TAMS 0x0000000086200000, 0x0000000086200000| Untracked 
|  71|0x0000000086300000, 0x0000000086300000, 0x0000000086400000|  0%| F|  |TAMS 0x0000000086300000, 0x0000000086300000| Untracked 
|  72|0x0000000086400000, 0x0000000086400000, 0x0000000086500000|  0%| F|  |TAMS 0x0000000086400000, 0x0000000086400000| Untracked 
|  73|0x0000000086500000, 0x0000000086500000, 0x0000000086600000|  0%| F|  |TAMS 0x0000000086500000, 0x0000000086500000| Untracked 
|  74|0x0000000086600000, 0x0000000086600000, 0x0000000086700000|  0%| F|  |TAMS 0x0000000086600000, 0x0000000086600000| Untracked 
|  75|0x0000000086700000, 0x0000000086700000, 0x0000000086800000|  0%| F|  |TAMS 0x0000000086700000, 0x0000000086700000| Untracked 
|  76|0x0000000086800000, 0x0000000086800000, 0x0000000086900000|  0%| F|  |TAMS 0x0000000086800000, 0x0000000086800000| Untracked 
|  77|0x0000000086900000, 0x0000000086900000, 0x0000000086a00000|  0%| F|  |TAMS 0x0000000086900000, 0x0000000086900000| Untracked 
|  78|0x0000000086a00000, 0x0000000086a00000, 0x0000000086b00000|  0%| F|  |TAMS 0x0000000086a00000, 0x0000000086a00000| Untracked 
|  79|0x0000000086b00000, 0x0000000086b00000, 0x0000000086c00000|  0%| F|  |TAMS 0x0000000086b00000, 0x0000000086b00000| Untracked 
|  80|0x0000000086c00000, 0x0000000086c00000, 0x0000000086d00000|  0%| F|  |TAMS 0x0000000086c00000, 0x0000000086c00000| Untracked 
|  81|0x0000000086d00000, 0x0000000086d00000, 0x0000000086e00000|  0%| F|  |TAMS 0x0000000086d00000, 0x0000000086d00000| Untracked 
|  82|0x0000000086e00000, 0x0000000086e00000, 0x0000000086f00000|  0%| F|  |TAMS 0x0000000086e00000, 0x0000000086e00000| Untracked 
|  83|0x0000000086f00000, 0x0000000086f00000, 0x0000000087000000|  0%| F|  |TAMS 0x0000000086f00000, 0x0000000086f00000| Untracked 
|  84|0x0000000087000000, 0x0000000087000000, 0x0000000087100000|  0%| F|  |TAMS 0x0000000087000000, 0x0000000087000000| Untracked 
|  85|0x0000000087100000, 0x0000000087100000, 0x0000000087200000|  0%| F|  |TAMS 0x0000000087100000, 0x0000000087100000| Untracked 
|  86|0x0000000087200000, 0x0000000087200000, 0x0000000087300000|  0%| F|  |TAMS 0x0000000087200000, 0x0000000087200000| Untracked 
|  87|0x0000000087300000, 0x0000000087400000, 0x0000000087400000|100%| E|  |TAMS 0x0000000087300000, 0x0000000087300000| Complete 
|  88|0x0000000087400000, 0x0000000087500000, 0x0000000087500000|100%| E|CS|TAMS 0x0000000087400000, 0x0000000087400000| Complete 
|  89|0x0000000087500000, 0x0000000087600000, 0x0000000087600000|100%| E|CS|TAMS 0x0000000087500000, 0x0000000087500000| Complete 
|  90|0x0000000087600000, 0x0000000087700000, 0x0000000087700000|100%| E|CS|TAMS 0x0000000087600000, 0x0000000087600000| Complete 
|  91|0x0000000087700000, 0x0000000087800000, 0x0000000087800000|100%| E|CS|TAMS 0x0000000087700000, 0x0000000087700000| Complete 
|  92|0x0000000087800000, 0x0000000087900000, 0x0000000087900000|100%| E|CS|TAMS 0x0000000087800000, 0x0000000087800000| Complete 
|  93|0x0000000087900000, 0x0000000087a00000, 0x0000000087a00000|100%| E|CS|TAMS 0x0000000087900000, 0x0000000087900000| Complete 
|  94|0x0000000087a00000, 0x0000000087b00000, 0x0000000087b00000|100%| E|CS|TAMS 0x0000000087a00000, 0x0000000087a00000| Complete 
|  95|0x0000000087b00000, 0x0000000087c00000, 0x0000000087c00000|100%| E|CS|TAMS 0x0000000087b00000, 0x0000000087b00000| Complete 
|  96|0x0000000087c00000, 0x0000000087d00000, 0x0000000087d00000|100%| E|CS|TAMS 0x0000000087c00000, 0x0000000087c00000| Complete 
|  97|0x0000000087d00000, 0x0000000087e00000, 0x0000000087e00000|100%| E|CS|TAMS 0x0000000087d00000, 0x0000000087d00000| Complete 
|  98|0x0000000087e00000, 0x0000000087f00000, 0x0000000087f00000|100%| E|CS|TAMS 0x0000000087e00000, 0x0000000087e00000| Complete 
|  99|0x0000000087f00000, 0x0000000088000000, 0x0000000088000000|100%| E|CS|TAMS 0x0000000087f00000, 0x0000000087f00000| Complete 
| 100|0x0000000088000000, 0x0000000088100000, 0x0000000088100000|100%| E|CS|TAMS 0x0000000088000000, 0x0000000088000000| Complete 
| 101|0x0000000088100000, 0x0000000088200000, 0x0000000088200000|100%| E|CS|TAMS 0x0000000088100000, 0x0000000088100000| Complete 
| 102|0x0000000088200000, 0x0000000088300000, 0x0000000088300000|100%| E|CS|TAMS 0x0000000088200000, 0x0000000088200000| Complete 
| 103|0x0000000088300000, 0x0000000088400000, 0x0000000088400000|100%| E|CS|TAMS 0x0000000088300000, 0x0000000088300000| Complete 
| 104|0x0000000088400000, 0x0000000088500000, 0x0000000088500000|100%| E|CS|TAMS 0x0000000088400000, 0x0000000088400000| Complete 
| 105|0x0000000088500000, 0x0000000088600000, 0x0000000088600000|100%| E|CS|TAMS 0x0000000088500000, 0x0000000088500000| Complete 
| 106|0x0000000088600000, 0x0000000088700000, 0x0000000088700000|100%| E|CS|TAMS 0x0000000088600000, 0x0000000088600000| Complete 
| 107|0x0000000088700000, 0x0000000088800000, 0x0000000088800000|100%| E|CS|TAMS 0x0000000088700000, 0x0000000088700000| Complete 
| 108|0x0000000088800000, 0x0000000088900000, 0x0000000088900000|100%| E|CS|TAMS 0x0000000088800000, 0x0000000088800000| Complete 
| 109|0x0000000088900000, 0x0000000088a00000, 0x0000000088a00000|100%| E|CS|TAMS 0x0000000088900000, 0x0000000088900000| Complete 
| 110|0x0000000088a00000, 0x0000000088b00000, 0x0000000088b00000|100%| E|CS|TAMS 0x0000000088a00000, 0x0000000088a00000| Complete 
| 111|0x0000000088b00000, 0x0000000088c00000, 0x0000000088c00000|100%| E|CS|TAMS 0x0000000088b00000, 0x0000000088b00000| Complete 
| 112|0x0000000088c00000, 0x0000000088d00000, 0x0000000088d00000|100%| E|CS|TAMS 0x0000000088c00000, 0x0000000088c00000| Complete 
| 113|0x0000000088d00000, 0x0000000088e00000, 0x0000000088e00000|100%| E|CS|TAMS 0x0000000088d00000, 0x0000000088d00000| Complete 
| 114|0x0000000088e00000, 0x0000000088f00000, 0x0000000088f00000|100%| E|CS|TAMS 0x0000000088e00000, 0x0000000088e00000| Complete 
| 115|0x0000000088f00000, 0x0000000089000000, 0x0000000089000000|100%| E|CS|TAMS 0x0000000088f00000, 0x0000000088f00000| Complete 
| 116|0x0000000089000000, 0x0000000089100000, 0x0000000089100000|100%| E|CS|TAMS 0x0000000089000000, 0x0000000089000000| Complete 
| 117|0x0000000089100000, 0x0000000089200000, 0x0000000089200000|100%| E|CS|TAMS 0x0000000089100000, 0x0000000089100000| Complete 
| 118|0x0000000089200000, 0x0000000089300000, 0x0000000089300000|100%| E|CS|TAMS 0x0000000089200000, 0x0000000089200000| Complete 
| 119|0x0000000089300000, 0x0000000089400000, 0x0000000089400000|100%| E|CS|TAMS 0x0000000089300000, 0x0000000089300000| Complete 
| 120|0x0000000089400000, 0x0000000089500000, 0x0000000089500000|100%| E|CS|TAMS 0x0000000089400000, 0x0000000089400000| Complete 
| 121|0x0000000089500000, 0x0000000089600000, 0x0000000089600000|100%| E|CS|TAMS 0x0000000089500000, 0x0000000089500000| Complete 
| 122|0x0000000089600000, 0x0000000089700000, 0x0000000089700000|100%| E|CS|TAMS 0x0000000089600000, 0x0000000089600000| Complete 
| 123|0x0000000089700000, 0x0000000089800000, 0x0000000089800000|100%| E|CS|TAMS 0x0000000089700000, 0x0000000089700000| Complete 
| 124|0x0000000089800000, 0x0000000089900000, 0x0000000089900000|100%| E|CS|TAMS 0x0000000089800000, 0x0000000089800000| Complete 
| 125|0x0000000089900000, 0x0000000089a00000, 0x0000000089a00000|100%| E|CS|TAMS 0x0000000089900000, 0x0000000089900000| Complete 
| 126|0x0000000089a00000, 0x0000000089b00000, 0x0000000089b00000|100%| E|CS|TAMS 0x0000000089a00000, 0x0000000089a00000| Complete 
| 127|0x0000000089b00000, 0x0000000089c00000, 0x0000000089c00000|100%| E|CS|TAMS 0x0000000089b00000, 0x0000000089b00000| Complete 

Card table byte_map: [0x00000247c7a80000,0x00000247c7e80000] _byte_map_base: 0x00000247c7672000

Marking Bits (Prev, Next): (CMBitMap*) 0x00000247b03370d0, (CMBitMap*) 0x00000247b0337098
 Prev Bits: [0x00000247ca210000, 0x00000247cc1a0000)
 Next Bits: [0x00000247c8280000, 0x00000247ca210000)

Polling page: 0x00000247ae110000

Metaspace:

Usage:
  Non-class:     22.68 MB capacity,    22.34 MB ( 99%) used,   312.41 KB (  1%) free+waste,    33.63 KB ( <1%) overhead. 
      Class:      2.81 MB capacity,     2.61 MB ( 93%) used,   184.30 KB (  6%) free+waste,    14.00 KB ( <1%) overhead. 
       Both:     25.49 MB capacity,    24.96 MB ( 98%) used,   496.70 KB (  2%) free+waste,    47.63 KB ( <1%) overhead. 

Virtual space:
  Non-class space:       24.00 MB reserved,      22.92 MB ( 96%) committed 
      Class space:        1.00 GB reserved,       2.88 MB ( <1%) committed 
             Both:        1.02 GB reserved,      25.80 MB (  2%) committed 

Chunk freelists:
   Non-Class:  0 bytes
       Class:  896 bytes
        Both:  896 bytes

CodeHeap 'non-profiled nmethods': size=120064Kb used=3342Kb max_used=3342Kb free=116721Kb
 bounds [0x00000247c0140000, 0x00000247c0490000, 0x00000247c7680000]
CodeHeap 'profiled nmethods': size=120000Kb used=11043Kb max_used=11043Kb free=108956Kb
 bounds [0x00000247b8c10000, 0x00000247b96e0000, 0x00000247c0140000]
CodeHeap 'non-nmethods': size=5696Kb used=1120Kb max_used=1160Kb free=4575Kb
 bounds [0x00000247b8680000, 0x00000247b88f0000, 0x00000247b8c10000]
 total_blobs=6319 nmethods=4567 adapters=353
 compilation: enabled
              stopped_count=0, restarted_count=0
 full_count=0

Compilation events (10 events):
Event: 26.480 Thread 0x00000247ce6b1800 nmethod 4590 0x00000247b96d9010 code [0x00000247b96d91c0, 0x00000247b96d9338]
Event: 26.595 Thread 0x00000247d28b8800 nmethod 4519 0x00000247c047a810 code [0x00000247c047ae00, 0x00000247c047f440]
Event: 26.595 Thread 0x00000247d28b8800 4551       4       jdk.internal.org.objectweb.asm.ByteVector::putUTF8 (142 bytes)
Event: 26.611 Thread 0x00000247d28b8800 nmethod 4551 0x00000247c0482190 code [0x00000247c0482340, 0x00000247c0482ac8]
Event: 26.611 Thread 0x00000247d28b8800 4549       4       java.lang.String::contains (19 bytes)
Event: 26.613 Thread 0x00000247d28b8800 nmethod 4549 0x00000247c0482e90 code [0x00000247c0483020, 0x00000247c0483398]
Event: 26.613 Thread 0x00000247d28b8800 4567       4       java.lang.Character::toUpperCase (6 bytes)
Event: 26.614 Thread 0x00000247d28b8800 nmethod 4567 0x00000247c0483490 code [0x00000247c0483620, 0x00000247c04836f8]
Event: 26.614 Thread 0x00000247d28b8800 4520       4       java.lang.Module::isNamed (13 bytes)
Event: 26.615 Thread 0x00000247d28b8800 nmethod 4520 0x00000247c0483810 code [0x00000247c04839a0, 0x00000247c0483a18]

GC Heap History (10 events):
Event: 6.357 GC heap before
{Heap before GC invocations=2 (full 0):
 garbage-first heap   total 131072K, used 27282K [0x0000000081c00000, 0x0000000100000000)
  region size 1024K, 24 young (24576K), 1 survivors (1024K)
 Metaspace       used 15410K, capacity 15690K, committed 15872K, reserved 1062912K
  class space    used 1584K, capacity 1695K, committed 1792K, reserved 1048576K
}
Event: 6.364 GC heap after
{Heap after GC invocations=3 (full 0):
 garbage-first heap   total 131072K, used 4547K [0x0000000081c00000, 0x0000000100000000)
  region size 1024K, 2 young (2048K), 2 survivors (2048K)
 Metaspace       used 15410K, capacity 15690K, committed 15872K, reserved 1062912K
  class space    used 1584K, capacity 1695K, committed 1792K, reserved 1048576K
}
Event: 8.978 GC heap before
{Heap before GC invocations=3 (full 0):
 garbage-first heap   total 131072K, used 43459K [0x0000000081c00000, 0x0000000100000000)
  region size 1024K, 41 young (41984K), 2 survivors (2048K)
 Metaspace       used 20880K, capacity 21179K, committed 21296K, reserved 1069056K
  class space    used 2235K, capacity 2360K, committed 2432K, reserved 1048576K
}
Event: 8.989 GC heap after
{Heap after GC invocations=4 (full 0):
 garbage-first heap   total 131072K, used 8039K [0x0000000081c00000, 0x0000000100000000)
  region size 1024K, 5 young (5120K), 5 survivors (5120K)
 Metaspace       used 20880K, capacity 21179K, committed 21296K, reserved 1069056K
  class space    used 2235K, capacity 2360K, committed 2432K, reserved 1048576K
}
Event: 13.041 GC heap before
{Heap before GC invocations=5 (full 0):
 garbage-first heap   total 131072K, used 80743K [0x0000000081c00000, 0x0000000100000000)
  region size 1024K, 76 young (77824K), 5 survivors (5120K)
 Metaspace       used 21719K, capacity 22011K, committed 22320K, reserved 1069056K
  class space    used 2279K, capacity 2400K, committed 2432K, reserved 1048576K
}
Event: 13.063 GC heap after
{Heap after GC invocations=6 (full 0):
 garbage-first heap   total 131072K, used 15264K [0x0000000081c00000, 0x0000000100000000)
  region size 1024K, 10 young (10240K), 10 survivors (10240K)
 Metaspace       used 21719K, capacity 22011K, committed 22320K, reserved 1069056K
  class space    used 2279K, capacity 2400K, committed 2432K, reserved 1048576K
}
Event: 20.258 GC heap before
{Heap before GC invocations=6 (full 0):
 garbage-first heap   total 131072K, used 82848K [0x0000000081c00000, 0x0000000100000000)
  region size 1024K, 76 young (77824K), 10 survivors (10240K)
 Metaspace       used 22271K, capacity 22664K, committed 22832K, reserved 1069056K
  class space    used 2296K, capacity 2404K, committed 2432K, reserved 1048576K
}
Event: 20.284 GC heap after
{Heap after GC invocations=7 (full 0):
 garbage-first heap   total 131072K, used 20480K [0x0000000081c00000, 0x0000000100000000)
  region size 1024K, 5 young (5120K), 5 survivors (5120K)
 Metaspace       used 22271K, capacity 22664K, committed 22832K, reserved 1069056K
  class space    used 2296K, capacity 2404K, committed 2432K, reserved 1048576K
}
Event: 23.976 GC heap before
{Heap before GC invocations=7 (full 0):
 garbage-first heap   total 131072K, used 90112K [0x0000000081c00000, 0x0000000100000000)
  region size 1024K, 73 young (74752K), 5 survivors (5120K)
 Metaspace       used 23963K, capacity 24434K, committed 24624K, reserved 1071104K
  class space    used 2436K, capacity 2614K, committed 2688K, reserved 1048576K
}
Event: 24.014 GC heap after
{Heap after GC invocations=8 (full 0):
 garbage-first heap   total 131072K, used 24576K [0x0000000081c00000, 0x0000000100000000)
  region size 1024K, 9 young (9216K), 9 survivors (9216K)
 Metaspace       used 23963K, capacity 24434K, committed 24624K, reserved 1071104K
  class space    used 2436K, capacity 2614K, committed 2688K, reserved 1048576K
}

Deoptimization events (10 events):
Event: 24.074 Thread 0x00000247b02fa000 Uncommon trap: reason=class_check action=maybe_recompile pc=0x00000247c02cdd94 method=org.codehaus.plexus.interpolation.MapBasedValueSource.getValue(Ljava/lang/String;)Ljava/lang/Object; @ 16 c2
Event: 25.728 Thread 0x00000247b02fa000 Uncommon trap: reason=class_check action=maybe_recompile pc=0x00000247c03e09bc method=org.eclipse.sisu.wire.EntryListAdapter$ValueIterator.hasNext()Z @ 4 c2
Event: 25.803 Thread 0x00000247b02fa000 Uncommon trap: reason=unstable_if action=reinterpret pc=0x00000247c01dc9ac method=java.util.jar.Manifest$FastInputStream.readLine([BII)I @ 130 c2
Event: 26.346 Thread 0x00000247b02fa000 Uncommon trap: reason=unstable_if action=reinterpret pc=0x00000247c0208fb4 method=com.google.inject.internal.MoreTypes.canonicalize(Ljava/lang/reflect/Type;)Ljava/lang/reflect/Type; @ 16 c2
Event: 26.347 Thread 0x00000247b02fa000 Uncommon trap: reason=class_check action=maybe_recompile pc=0x00000247c020f91c method=com.google.inject.internal.MoreTypes.getRawType(Ljava/lang/reflect/Type;)Ljava/lang/Class; @ 13 c2
Event: 26.347 Thread 0x00000247b02fa000 Uncommon trap: reason=class_check action=maybe_recompile pc=0x00000247c020f91c method=com.google.inject.internal.MoreTypes.getRawType(Ljava/lang/reflect/Type;)Ljava/lang/Class; @ 13 c2
Event: 26.348 Thread 0x00000247b02fa000 Uncommon trap: reason=class_check action=maybe_recompile pc=0x00000247c020f91c method=com.google.inject.internal.MoreTypes.getRawType(Ljava/lang/reflect/Type;)Ljava/lang/Class; @ 13 c2
Event: 26.349 Thread 0x00000247b02fa000 Uncommon trap: reason=class_check action=maybe_recompile pc=0x00000247c020f91c method=com.google.inject.internal.MoreTypes.getRawType(Ljava/lang/reflect/Type;)Ljava/lang/Class; @ 13 c2
Event: 26.386 Thread 0x00000247b02fa000 Uncommon trap: reason=class_check action=maybe_recompile pc=0x00000247c02f4684 method=java.util.Collections$UnmodifiableMap.size()I @ 4 c2
Event: 26.481 Thread 0x00000247b02fa000 Uncommon trap: reason=class_check action=maybe_recompile pc=0x00000247c0309a34 method=java.util.Hashtable.get(Ljava/lang/Object;)Ljava/lang/Object; @ 6 c2

Classes redefined (0 events):
No events

Internal exceptions (10 events):
Event: 10.485 Thread 0x00000247b02fa000 Implicit null exception at 0x00000247c01f15bb to 0x00000247c01f1c8a
Event: 19.723 Thread 0x00000247b02fa000 Implicit null exception at 0x00000247c0350386 to 0x00000247c0350e7a
Event: 21.235 Thread 0x00000247b02fa000 Implicit null exception at 0x00000247c03aaf2e to 0x00000247c03ab67a
Event: 26.323 Thread 0x00000247b02fa000 Exception <a 'java/lang/NoClassDefFoundError'{0x00000000875a9e88}: org/sonatype/aether/graph/DependencyNode> (0x00000000875a9e88) thrown at [t:/workspace/open/src/hotspot/share/classfile/systemDictionary.cpp, line 220]
Event: 26.393 Thread 0x00000247b02fa000 Exception <a 'java/lang/NoSuchMethodError'{0x0000000087361048}: java.lang.invoke.DirectMethodHandle$Holder.invokeStatic(Ljava/lang/Object;J)V> (0x0000000087361048) thrown at [t:/workspace/open/src/hotspot/share/interpreter/linkResolver.cpp, line 772]
Event: 26.394 Thread 0x00000247b02fa000 Exception <a 'java/lang/NoSuchMethodError'{0x0000000087366290}: java.lang.invoke.DirectMethodHandle$Holder.invokeStatic(Ljava/lang/Object;J)Ljava/lang/Object;> (0x0000000087366290) thrown at [t:/workspace/open/src/hotspot/share/interpreter/linkResolver.cp
Event: 26.399 Thread 0x00000247b02fa000 Exception <a 'java/lang/NoSuchMethodError'{0x00000000873746e8}: java.lang.invoke.DirectMethodHandle$Holder.invokeStaticInit(Ljava/lang/Object;Ljava/lang/Object;JLjava/lang/Object;)Ljava/lang/Object;> (0x00000000873746e8) thrown at [t:/workspace/open/src/h
Event: 26.402 Thread 0x00000247b02fa000 Exception <a 'java/lang/NoSuchMethodError'{0x000000008737a608}: java.lang.invoke.DirectMethodHandle$Holder.invokeStatic(Ljava/lang/Object;Ljava/lang/Object;J)Ljava/lang/Object;> (0x000000008737a608) thrown at [t:/workspace/open/src/hotspot/share/interpret
Event: 26.404 Thread 0x00000247b02fa000 Exception <a 'java/lang/NoSuchMethodError'{0x0000000087380b50}: java.lang.invoke.Invokers$Holder.linkToTargetMethod(Ljava/lang/Object;JLjava/lang/Object;)Ljava/lang/Object;> (0x0000000087380b50) thrown at [t:/workspace/open/src/hotspot/share/interpreter/l
Event: 26.464 Thread 0x00000247b02fa000 Exception <a 'java/lang/NoSuchMethodError'{0x0000000087384138}: java.lang.invoke.DirectMethodHandle$Holder.invokeVirtual(Ljava/lang/Object;Ljava/lang/Object;)I> (0x0000000087384138) thrown at [t:/workspace/open/src/hotspot/share/interpreter/linkResolver.c

Events (10 events):
Event: 26.479 loading class sun/invoke/util/VerifyAccess$1 done
Event: 26.479 loading class sun/misc/SignalHandler
Event: 26.479 loading class sun/misc/SignalHandler done
Event: 26.481 loading class sun/misc/Signal$InternalMiscHandler
Event: 26.481 loading class sun/misc/Signal$InternalMiscHandler done
Event: 26.481 loading class sun/misc/Signal$SunMiscHandler
Event: 26.481 loading class sun/misc/Signal$SunMiscHandler done
Event: 26.481 Thread 0x00000247b02fa000 Uncommon trap: trap_request=0xffffffde fr.pc=0x00000247c0309a34 relative=0x0000000000000474
Event: 26.481 Thread 0x00000247b02fa000 DEOPT PACKING pc=0x00000247c0309a34 sp=0x0000008f292fde70
Event: 26.481 Thread 0x00000247b02fa000 DEOPT UNPACKING pc=0x00000247b86a8f2f sp=0x0000008f292fde20 mode 2


Dynamic libraries:
0x00007ff63df90000 - 0x00007ff63dfd7000 	C:\Program Files\Java\jdk-11.0.6\bin\java.exe
0x00007ffe511c0000 - 0x00007ffe513b0000 	C:\WINDOWS\SYSTEM32\ntdll.dll
0x00007ffe4f3a0000 - 0x00007ffe4f452000 	C:\WINDOWS\System32\KERNEL32.DLL
0x00007ffe4ed50000 - 0x00007ffe4eff3000 	C:\WINDOWS\System32\KERNELBASE.dll
0x00007ffe50470000 - 0x00007ffe50513000 	C:\WINDOWS\System32\ADVAPI32.dll
0x00007ffe4f2e0000 - 0x00007ffe4f37e000 	C:\WINDOWS\System32\msvcrt.dll
0x00007ffe50e60000 - 0x00007ffe50ef7000 	C:\WINDOWS\System32\sechost.dll
0x00007ffe51060000 - 0x00007ffe51180000 	C:\WINDOWS\System32\RPCRT4.dll
0x00007ffe501f0000 - 0x00007ffe50384000 	C:\WINDOWS\System32\USER32.dll
0x00007ffe4e1b0000 - 0x00007ffe4e1d1000 	C:\WINDOWS\System32\win32u.dll
0x00007ffe50660000 - 0x00007ffe50686000 	C:\WINDOWS\System32\GDI32.dll
0x00007ffe4ea10000 - 0x00007ffe4eba4000 	C:\WINDOWS\System32\gdi32full.dll
0x00007ffe4f000000 - 0x00007ffe4f09e000 	C:\WINDOWS\System32\msvcp_win.dll
0x00007ffe4f0a0000 - 0x00007ffe4f19a000 	C:\WINDOWS\System32\ucrtbase.dll
0x00007ffe3f480000 - 0x00007ffe3f705000 	C:\WINDOWS\WinSxS\amd64_microsoft.windows.common-controls_6595b64144ccf1df_6.0.18362.778_none_e6c6b761130d4fb8\COMCTL32.dll
0x00007ffe4fd00000 - 0x00007ffe50036000 	C:\WINDOWS\System32\combase.dll
0x00007ffe4f200000 - 0x00007ffe4f280000 	C:\WINDOWS\System32\bcryptPrimitives.dll
0x00007ffe430d0000 - 0x00007ffe430da000 	C:\WINDOWS\SYSTEM32\VERSION.dll
0x00007ffe50630000 - 0x00007ffe5065e000 	C:\WINDOWS\System32\IMM32.DLL
0x00007ffe38960000 - 0x00007ffe38976000 	C:\Program Files\Java\jdk-11.0.6\bin\vcruntime140.dll
0x00007ffe08c50000 - 0x00007ffe08cfa000 	C:\Program Files\Java\jdk-11.0.6\bin\msvcp140.dll
0x00007ffdf4770000 - 0x00007ffdf5299000 	C:\Program Files\Java\jdk-11.0.6\bin\server\jvm.dll
0x00007ffe50690000 - 0x00007ffe50698000 	C:\WINDOWS\System32\PSAPI.DLL
0x00007ffe37650000 - 0x00007ffe37659000 	C:\WINDOWS\SYSTEM32\WSOCK32.dll
0x00007ffe50df0000 - 0x00007ffe50e5f000 	C:\WINDOWS\System32\WS2_32.dll
0x00007ffe4a1d0000 - 0x00007ffe4a1f4000 	C:\WINDOWS\SYSTEM32\WINMM.dll
0x00007ffe4a1a0000 - 0x00007ffe4a1cd000 	C:\WINDOWS\SYSTEM32\WINMMBASE.dll
0x00007ffe4ebb0000 - 0x00007ffe4ebfa000 	C:\WINDOWS\System32\cfgmgr32.dll
0x00007ffe4e170000 - 0x00007ffe4e181000 	C:\WINDOWS\System32\kernel.appcore.dll
0x00007ffe37da0000 - 0x00007ffe37db1000 	C:\Program Files\Java\jdk-11.0.6\bin\verify.dll
0x00007ffe4c870000 - 0x00007ffe4ca64000 	C:\WINDOWS\SYSTEM32\DBGHELP.DLL
0x00007ffe38f20000 - 0x00007ffe38f4a000 	C:\WINDOWS\SYSTEM32\dbgcore.DLL
0x00007ffe22210000 - 0x00007ffe22239000 	C:\Program Files\Java\jdk-11.0.6\bin\java.dll
0x00007ffe21320000 - 0x00007ffe2134f000 	C:\Program Files\Java\jdk-11.0.6\bin\instrument.dll
0x00007ffe32770000 - 0x00007ffe32786000 	C:\Program Files\Java\jdk-11.0.6\bin\zip.dll
0x00007ffe431a0000 - 0x00007ffe431aa000 	C:\Program Files\Java\jdk-11.0.6\bin\jimage.dll
0x00007ffe4f610000 - 0x00007ffe4fcf5000 	C:\WINDOWS\System32\SHELL32.dll
0x00007ffe508d0000 - 0x00007ffe50979000 	C:\WINDOWS\System32\shcore.dll
0x00007ffe4e290000 - 0x00007ffe4ea10000 	C:\WINDOWS\System32\windows.storage.dll
0x00007ffe4e0f0000 - 0x00007ffe4e113000 	C:\WINDOWS\System32\profapi.dll
0x00007ffe4e120000 - 0x00007ffe4e16a000 	C:\WINDOWS\System32\powrprof.dll
0x00007ffe4e0e0000 - 0x00007ffe4e0f0000 	C:\WINDOWS\System32\UMPDC.dll
0x00007ffe50520000 - 0x00007ffe50572000 	C:\WINDOWS\System32\shlwapi.dll
0x00007ffe4f280000 - 0x00007ffe4f297000 	C:\WINDOWS\System32\cryptsp.dll
0x00007ffe2e400000 - 0x00007ffe2e419000 	C:\Program Files\Java\jdk-11.0.6\bin\net.dll
0x00007ffe40af0000 - 0x00007ffe40be0000 	C:\WINDOWS\SYSTEM32\WINHTTP.dll
0x00007ffe4d950000 - 0x00007ffe4d9b7000 	C:\WINDOWS\system32\mswsock.dll
0x00007ffe2e300000 - 0x00007ffe2e313000 	C:\Program Files\Java\jdk-11.0.6\bin\nio.dll
0x00007ffe2d6f0000 - 0x00007ffe2d70a000 	C:\Program Files\JetBrains\IntelliJ IDEA Community Edition 2019.3.4\bin\breakgen64.dll
0x00007ffe4d4c0000 - 0x00007ffe4d4f3000 	C:\WINDOWS\system32\rsaenh.dll
0x00007ffe4f2a0000 - 0x00007ffe4f2c6000 	C:\WINDOWS\System32\bcrypt.dll
0x00007ffe4e000000 - 0x00007ffe4e025000 	C:\WINDOWS\SYSTEM32\USERENV.dll
0x00007ffe4db20000 - 0x00007ffe4db2c000 	C:\WINDOWS\SYSTEM32\CRYPTBASE.dll
0x00007ffe4d660000 - 0x00007ffe4d69a000 	C:\WINDOWS\SYSTEM32\IPHLPAPI.DLL
0x00007ffe50f00000 - 0x00007ffe50f08000 	C:\WINDOWS\System32\NSI.dll
0x00007ffe42450000 - 0x00007ffe42466000 	C:\WINDOWS\SYSTEM32\dhcpcsvc6.DLL
0x00007ffe42590000 - 0x00007ffe425ac000 	C:\WINDOWS\SYSTEM32\dhcpcsvc.DLL
0x00007ffe4d6a0000 - 0x00007ffe4d76a000 	C:\WINDOWS\SYSTEM32\DNSAPI.dll
0x00007ffe3b7e0000 - 0x00007ffe3b7ea000 	C:\Users\Dhanushguntha\AppData\Local\Temp\jansi-1.17.1-7092586665826578912.dll
0x00007ffe3b790000 - 0x00007ffe3b79a000 	C:\Users\Dhanushguntha\AppData\Local\Temp\jansi-1.17.1-1695639170365697896.dll

dbghelp: loaded successfully - version: 4.0.5 - missing functions: none
symbol engine: initialized successfully - sym options: 0x614 - pdb path: .;C:\Program Files\Java\jdk-11.0.6\bin;C:\WINDOWS\SYSTEM32;C:\WINDOWS\WinSxS\amd64_microsoft.windows.common-controls_6595b64144ccf1df_6.0.18362.778_none_e6c6b761130d4fb8;C:\Program Files\Java\jdk-11.0.6\bin\server;C:\Program Files\JetBrains\IntelliJ IDEA Community Edition 2019.3.4\bin;C:\Users\Dhanushguntha\AppData\Local\Temp

VM Arguments:
jvm_args: -Dmaven.multiModuleProjectDirectory=C:\Users\Dhanushguntha\Desktop\webcontroller\webcontroller -Dmaven.home=C:\Program Files\JetBrains\IntelliJ IDEA Community Edition 2019.3.4\plugins\maven\lib\maven3 -Dclassworlds.conf=C:\Program Files\JetBrains\IntelliJ IDEA Community Edition 2019.3.4\plugins\maven\lib\maven3\bin\m2.conf -Dmaven.ext.class.path=C:\Program Files\JetBrains\IntelliJ IDEA Community Edition 2019.3.4\plugins\maven\lib\maven-event-listener.jar -javaagent:C:\Program Files\JetBrains\IntelliJ IDEA Community Edition 2019.3.4\lib\idea_rt.jar=53498:C:\Program Files\JetBrains\IntelliJ IDEA Community Edition 2019.3.4\bin -Dfile.encoding=UTF-8 
java_command: org.codehaus.classworlds.Launcher -Didea.version2019.3.4 spring-boot:run
java_class_path (initial): C:\Program Files\JetBrains\IntelliJ IDEA Community Edition 2019.3.4\plugins\maven\lib\maven3\boot\plexus-classworlds-2.6.0.jar
Launcher Type: SUN_STANDARD

[Global flags]
     intx CICompilerCount                          = 3                                         {product} {ergonomic}
     uint ConcGCThreads                            = 1                                         {product} {ergonomic}
     uint G1ConcRefinementThreads                  = 4                                         {product} {ergonomic}
   size_t G1HeapRegionSize                         = 1048576                                   {product} {ergonomic}
    uintx GCDrainStackTargetSize                   = 64                                        {product} {ergonomic}
   size_t InitialHeapSize                          = 134217728                                 {product} {ergonomic}
   size_t MarkStackSize                            = 4194304                                   {product} {ergonomic}
   size_t MaxHeapSize                              = 2118123520                                {product} {ergonomic}
   size_t MaxNewSize                               = 1270874112                                {product} {ergonomic}
   size_t MinHeapDeltaBytes                        = 1048576                                   {product} {ergonomic}
    uintx NonNMethodCodeHeapSize                   = 5830732                                {pd product} {ergonomic}
    uintx NonProfiledCodeHeapSize                  = 122913754                              {pd product} {ergonomic}
    uintx ProfiledCodeHeapSize                     = 122913754                              {pd product} {ergonomic}
    uintx ReservedCodeCacheSize                    = 251658240                              {pd product} {ergonomic}
     bool SegmentedCodeCache                       = true                                      {product} {ergonomic}
     bool UseCompressedClassPointers               = true                                 {lp64_product} {ergonomic}
     bool UseCompressedOops                        = true                                 {lp64_product} {ergonomic}
     bool UseG1GC                                  = true                                      {product} {ergonomic}
     bool UseLargePagesIndividualAllocation        = false                                  {pd product} {ergonomic}

Logging:
Log output configuration:
 #0: stdout all=warning uptime,level,tags
 #1: stderr all=off uptime,level,tags

Environment Variables:
JAVA_HOME=C:\Program Files\Java\jdk-11.0.6
PATH=C:\Program Files (x86)\Intel\iCLS Client\;C:\Program Files\Intel\iCLS Client\;C:\windows\system32;C:\windows;C:\windows\System32\Wbem;C:\windows\System32\WindowsPowerShell\v1.0\;C:\Program Files (x86)\Intel\Intel(R) Management Engine Components\DAL;C:\Program Files\Intel\Intel(R) Management Engine Components\DAL;C:\Program Files (x86)\Intel\Intel(R) Management Engine Components\IPT;C:\Program Files\Intel\Intel(R) Management Engine Components\IPT;C:\Program Files (x86)\NVIDIA Corporation\PhysX\Common;C:\WINDOWS\system32;C:\WINDOWS;C:\WINDOWS\System32\Wbem;C:\WINDOWS\System32\WindowsPowerShell\v1.0\;C:\WINDOWS\System32\OpenSSH\;C:\Program Files\Intel\WiFi\bin\;C:\Program Files\Common Files\Intel\WirelessCommon\;C:\Program Files\Git\cmd;C:\Program Files (x86)\Yarn\bin\;C:\Program Files\NVIDIA Corporation\NVIDIA NvDLISR;C:\Program Files\nodejs;C:\ProgramData\chocolatey\bin;C:\Program Files\nodejs\;C:\opt\apache-maven-3.6.3\bin;C:\Program Files\Java\jdk-11.0.6\bin;C:\Users\Dhanushguntha\AppData\Local\Programs\Python\Python38\Scripts\;C:\Users\Dhanushguntha\AppData\Local\Programs\Python\Python38\;C:\Users\Dhanushguntha\anaconda3;C:\Users\Dhanushguntha\anaconda3\Library\mingw-w64\bin;C:\Users\Dhanushguntha\anaconda3\Library\usr\bin;C:\Users\Dhanushguntha\anaconda3\Library\bin;C:\Users\Dhanushguntha\anaconda3\Scripts;C:\Users\Dhanushguntha\AppData\Local\Programs\Microsoft VS Code\bin;C:\Users\Dhanushguntha\AppData\Roaming\npm;
USERNAME=Dhanushguntha
OS=Windows_NT
PROCESSOR_IDENTIFIER=Intel64 Family 6 Model 142 Stepping 9, GenuineIntel



---------------  S Y S T E M  ---------------

OS: Windows 10 , 64 bit Build 18362 (10.0.18362.778)

CPU:total 4 (initial active 4) (2 cores per cpu, 2 threads per core) family 6 model 142 stepping 9, cmov, cx8, fxsr, mmx, sse, sse2, sse3, ssse3, sse4.1, sse4.2, popcnt, avx, avx2, aes, clmul, erms, 3dnowpref, lzcnt, ht, tsc, tscinvbit, bmi1, bmi2, adx, fma

Memory: 4k page, system-wide physical 8077M (1173M free)
TotalPageFile size 8077M (AvailPageFile size 6M)
current process WorkingSet (physical memory assigned to process): 205M, peak: 221M
current process commit charge ("private bytes"): 265M, peak: 279M

vm_info: Java HotSpot(TM) 64-Bit Server VM (11.0.6+8-LTS) for windows-amd64 JRE (11.0.6+8-LTS), built on Dec 11 2019 09:17:57 by "mach5one" with MS VC++ 15.5 (VS2017)

END.
