#
# There is insufficient memory for the Java Runtime Environment to continue.
# Native memory allocation (malloc) failed to allocate 1153776 bytes for Chunk::new
# Possible reasons:
#   The system is out of physical RAM or swap space
#   The process is running with CompressedOops enabled, and the Java Heap may be blocking the growth of the native heap
# Possible solutions:
#   Reduce memory load on the system
#   Increase physical memory or swap space
#   Check if swap backing store is full
#   Decrease Java heap size (-Xmx/-Xms)
#   Decrease number of Java threads
#   Decrease Java thread stack sizes (-Xss)
#   Set larger code cache with -XX:ReservedCodeCacheSize=
#   JVM is running with Unscaled Compressed Oops mode in which the Java heap is
#     placed in the first 4GB address space. The Java Heap base address is the
#     maximum limit for the native heap growth. Please use -XX:HeapBaseMinAddress
#     to set the Java Heap base and to place the Java Heap above 4GB virtual address.
# This output file may be truncated or incomplete.
#
#  Out of Memory Error (t:/workspace/open/src/hotspot/share/memory/arena.cpp:197), pid=15484, tid=12784
#
# JRE version: Java(TM) SE Runtime Environment (11.0.6+8) (build 11.0.6+8-LTS)
# Java VM: Java HotSpot(TM) 64-Bit Server VM (11.0.6+8-LTS, mixed mode, tiered, compressed oops, g1 gc, windows-amd64)
# No core dump will be written. Minidumps are not enabled by default on client versions of Windows
#

---------------  S U M M A R Y ------------

Command Line: -Dmaven.multiModuleProjectDirectory=C:\Users\Dhanushguntha\Desktop\webcontroller\webcontroller -Dmaven.home=C:\Program Files\JetBrains\IntelliJ IDEA Community Edition 2019.3.4\plugins\maven\lib\maven3 -Dclassworlds.conf=C:\Program Files\JetBrains\IntelliJ IDEA Community Edition 2019.3.4\plugins\maven\lib\maven3\bin\m2.conf -Dmaven.ext.class.path=C:\Program Files\JetBrains\IntelliJ IDEA Community Edition 2019.3.4\plugins\maven\lib\maven-event-listener.jar -javaagent:C:\Program Files\JetBrains\IntelliJ IDEA Community Edition 2019.3.4\lib\idea_rt.jar=63678:C:\Program Files\JetBrains\IntelliJ IDEA Community Edition 2019.3.4\bin -Dfile.encoding=UTF-8 org.codehaus.classworlds.Launcher -Didea.version2019.3.4 spring-boot:run

Host: Intel(R) Core(TM) i5-7200U CPU @ 2.50GHz, 4 cores, 7G,  Windows 10 , 64 bit Build 18362 (10.0.18362.329)
Time: Tue Apr 14 19:02:44 2020 India Standard Time elapsed time: 17 seconds (0d 0h 0m 17s)

---------------  T H R E A D  ---------------

Current thread (0x0000021cd3357800):  JavaThread "C2 CompilerThread1" daemon [_thread_in_native, id=12784, stack(0x000000e8bcd00000,0x000000e8bce00000)]


Current CompileTask:
C2:  17666 6596       4       com.sun.tools.javac.code.Symbol::complete (30 bytes)

Stack: [0x000000e8bcd00000,0x000000e8bce00000]
Native frames: (J=compiled Java code, j=interpreted, Vv=VM code, C=native code)
V  [jvm.dll+0x63679a]
V  [jvm.dll+0x7755bf]
V  [jvm.dll+0x776c65]
V  [jvm.dll+0x7772d3]
V  [jvm.dll+0x25e7f8]
V  [jvm.dll+0xc1c01]
V  [jvm.dll+0xc219c]
V  [jvm.dll+0x36d977]
V  [jvm.dll+0x1a8f0f]
V  [jvm.dll+0x218462]
V  [jvm.dll+0x2174fa]
V  [jvm.dll+0x193a2c]
V  [jvm.dll+0x226544]
V  [jvm.dll+0x224b28]
V  [jvm.dll+0x73a9c5]
V  [jvm.dll+0x733905]
V  [jvm.dll+0x635846]
C  [ucrtbase.dll+0x20e72]
C  [KERNEL32.DLL+0x17bd4]
C  [ntdll.dll+0x6ced1]


---------------  P R O C E S S  ---------------

Threads class SMR info:
_java_thread_list=0x0000021cd46153f0, length=12, elements={
0x0000021caeafa800, 0x0000021ccedd5800, 0x0000021cceddf800, 0x0000021ccf752800,
0x0000021ccf753800, 0x0000021ccedee800, 0x0000021ccedf6800, 0x0000021ccedfa000,
0x0000021ccf8a5800, 0x0000021ccf946800, 0x0000021ccfaa9000, 0x0000021cd3357800
}

Java Threads: ( => current thread )
  0x0000021caeafa800 JavaThread "main" [_thread_in_native, id=9560, stack(0x000000e8bba00000,0x000000e8bbb00000)]
  0x0000021ccedd5800 JavaThread "Reference Handler" daemon [_thread_blocked, id=1632, stack(0x000000e8bc100000,0x000000e8bc200000)]
  0x0000021cceddf800 JavaThread "Finalizer" daemon [_thread_blocked, id=10976, stack(0x000000e8bc200000,0x000000e8bc300000)]
  0x0000021ccf752800 JavaThread "Signal Dispatcher" daemon [_thread_blocked, id=13624, stack(0x000000e8bc400000,0x000000e8bc500000)]
  0x0000021ccf753800 JavaThread "Attach Listener" daemon [_thread_blocked, id=15252, stack(0x000000e8bc500000,0x000000e8bc600000)]
  0x0000021ccedee800 JavaThread "C2 CompilerThread0" daemon [_thread_in_native, id=14140, stack(0x000000e8bc600000,0x000000e8bc700000)]
  0x0000021ccedf6800 JavaThread "C1 CompilerThread0" daemon [_thread_blocked, id=5268, stack(0x000000e8bc700000,0x000000e8bc800000)]
  0x0000021ccedfa000 JavaThread "Sweeper thread" daemon [_thread_blocked, id=2976, stack(0x000000e8bc800000,0x000000e8bc900000)]
  0x0000021ccf8a5800 JavaThread "Common-Cleaner" daemon [_thread_blocked, id=2208, stack(0x000000e8bc900000,0x000000e8bca00000)]
  0x0000021ccf946800 JavaThread "Monitor Ctrl-Break" daemon [_thread_in_native, id=10088, stack(0x000000e8bca00000,0x000000e8bcb00000)]
  0x0000021ccfaa9000 JavaThread "Service Thread" daemon [_thread_blocked, id=4360, stack(0x000000e8bcb00000,0x000000e8bcc00000)]
=>0x0000021cd3357800 JavaThread "C2 CompilerThread1" daemon [_thread_in_native, id=12784, stack(0x000000e8bcd00000,0x000000e8bce00000)]

Other Threads:
  0x0000021ccedae800 VMThread "VM Thread" [stack: 0x000000e8bc000000,0x000000e8bc100000] [id=11168]
  0x0000021ccf9a3800 WatcherThread [stack: 0x000000e8bcc00000,0x000000e8bcd00000] [id=6724]
  0x0000021caeb10000 GCTaskThread "GC Thread#0" [stack: 0x000000e8bbb00000,0x000000e8bbc00000] [id=7804]
  0x0000021cd030b800 GCTaskThread "GC Thread#1" [stack: 0x000000e8bce00000,0x000000e8bcf00000] [id=14024]
  0x0000021cd0b17000 GCTaskThread "GC Thread#2" [stack: 0x000000e8bcf00000,0x000000e8bd000000] [id=13632]
  0x0000021caeb40800 ConcurrentGCThread "G1 Main Marker" [stack: 0x000000e8bbc00000,0x000000e8bbd00000] [id=7672]
  0x0000021caeb42000 ConcurrentGCThread "G1 Conc#0" [stack: 0x000000e8bbd00000,0x000000e8bbe00000] [id=5292]
  0x0000021ccec20800 ConcurrentGCThread "G1 Refine#0" [stack: 0x000000e8bbe00000,0x000000e8bbf00000] [id=12336]
  0x0000021ccfc7b000 ConcurrentGCThread "G1 Refine#1" [stack: 0x000000e8bd000000,0x000000e8bd100000] [id=8860]
  0x0000021ccec21800 ConcurrentGCThread "G1 Young RemSet Sampling" [stack: 0x000000e8bbf00000,0x000000e8bc000000] [id=9552]

Threads with active compile tasks:
C2 CompilerThread06640       4       java.net.URLStreamHandler::parseURL (1201 bytes)
C2 CompilerThread16596       4       com.sun.tools.javac.code.Symbol::complete (30 bytes)

VM state:not at safepoint (normal execution)

VM Mutex/Monitor currently owned by a thread: None

OutOfMemory and StackOverflow Exception counts:
OutOfMemoryError java_heap_errors=2
LinkageErrors=19

Heap address: 0x0000000081c00000, size: 2020 MB, Compressed Oops mode: 32-bit
Narrow klass base: 0x0000000000000000, Narrow klass shift: 3
Compressed class space size: 1073741824 Address: 0x0000000100000000

Heap:
 garbage-first heap   total 157696K, used 108211K [0x0000000081c00000, 0x0000000100000000)
  region size 1024K, 57 young (58368K), 5 survivors (5120K)
 Metaspace       used 38484K, capacity 39466K, committed 39728K, reserved 1085440K
  class space    used 4092K, capacity 4450K, committed 4480K, reserved 1048576K
Heap Regions: E=young(eden), S=young(survivor), O=old, HS=humongous(starts), HC=humongous(continues), CS=collection set, F=free, A=archive, TAMS=top-at-mark-start (previous, next)
|   0|0x0000000081c00000, 0x0000000081d00000, 0x0000000081d00000|100%| O|  |TAMS 0x0000000081d00000, 0x0000000081c00000| Untracked 
|   1|0x0000000081d00000, 0x0000000081e00000, 0x0000000081e00000|100%| O|  |TAMS 0x0000000081e00000, 0x0000000081d00000| Untracked 
|   2|0x0000000081e00000, 0x0000000081f00000, 0x0000000081f00000|100%| O|  |TAMS 0x0000000081f00000, 0x0000000081e00000| Untracked 
|   3|0x0000000081f00000, 0x0000000082000000, 0x0000000082000000|100%| O|  |TAMS 0x0000000082000000, 0x0000000081f00000| Untracked 
|   4|0x0000000082000000, 0x0000000082100000, 0x0000000082100000|100%| O|  |TAMS 0x0000000082100000, 0x0000000082000000| Untracked 
|   5|0x0000000082100000, 0x0000000082200000, 0x0000000082200000|100%| O|  |TAMS 0x0000000082200000, 0x0000000082100000| Untracked 
|   6|0x0000000082200000, 0x0000000082300000, 0x0000000082300000|100%| O|  |TAMS 0x0000000082300000, 0x0000000082200000| Untracked 
|   7|0x0000000082300000, 0x0000000082400000, 0x0000000082400000|100%| O|  |TAMS 0x0000000082400000, 0x0000000082300000| Untracked 
|   8|0x0000000082400000, 0x0000000082500000, 0x0000000082500000|100%| O|  |TAMS 0x0000000082500000, 0x0000000082400000| Untracked 
|   9|0x0000000082500000, 0x0000000082600000, 0x0000000082600000|100%| O|  |TAMS 0x0000000082600000, 0x0000000082500000| Untracked 
|  10|0x0000000082600000, 0x0000000082700000, 0x0000000082700000|100%| O|  |TAMS 0x0000000082700000, 0x0000000082600000| Untracked 
|  11|0x0000000082700000, 0x0000000082800000, 0x0000000082800000|100%| O|  |TAMS 0x0000000082800000, 0x0000000082700000| Untracked 
|  12|0x0000000082800000, 0x0000000082900000, 0x0000000082900000|100%| O|  |TAMS 0x0000000082900000, 0x0000000082800000| Untracked 
|  13|0x0000000082900000, 0x0000000082a00000, 0x0000000082a00000|100%| O|  |TAMS 0x0000000082a00000, 0x0000000082900000| Untracked 
|  14|0x0000000082a00000, 0x0000000082b00000, 0x0000000082b00000|100%| O|  |TAMS 0x0000000082b00000, 0x0000000082a00000| Untracked 
|  15|0x0000000082b00000, 0x0000000082c00000, 0x0000000082c00000|100%| O|  |TAMS 0x0000000082c00000, 0x0000000082b00000| Untracked 
|  16|0x0000000082c00000, 0x0000000082d00000, 0x0000000082d00000|100%| O|  |TAMS 0x0000000082d00000, 0x0000000082c00000| Untracked 
|  17|0x0000000082d00000, 0x0000000082e00000, 0x0000000082e00000|100%| O|  |TAMS 0x0000000082e00000, 0x0000000082d00000| Untracked 
|  18|0x0000000082e00000, 0x0000000082f00000, 0x0000000082f00000|100%| O|  |TAMS 0x0000000082f00000, 0x0000000082e00000| Untracked 
|  19|0x0000000082f00000, 0x0000000083000000, 0x0000000083000000|100%| O|  |TAMS 0x0000000083000000, 0x0000000082f00000| Untracked 
|  20|0x0000000083000000, 0x0000000083100000, 0x0000000083100000|100%| O|  |TAMS 0x0000000083100000, 0x0000000083000000| Untracked 
|  21|0x0000000083100000, 0x0000000083100000, 0x0000000083200000|  0%| F|  |TAMS 0x0000000083100000, 0x0000000083100000| Untracked 
|  22|0x0000000083200000, 0x0000000083300000, 0x0000000083300000|100%|HS|  |TAMS 0x0000000083300000, 0x0000000083200000| Complete 
|  23|0x0000000083300000, 0x0000000083400000, 0x0000000083400000|100%| O|  |TAMS 0x0000000083400000, 0x0000000083300000| Untracked 
|  24|0x0000000083400000, 0x0000000083500000, 0x0000000083500000|100%| O|  |TAMS 0x0000000083500000, 0x0000000083400000| Untracked 
|  25|0x0000000083500000, 0x0000000083600000, 0x0000000083600000|100%| O|  |TAMS 0x0000000083600000, 0x0000000083500000| Untracked 
|  26|0x0000000083600000, 0x0000000083700000, 0x0000000083700000|100%| O|  |TAMS 0x0000000083700000, 0x0000000083600000| Untracked 
|  27|0x0000000083700000, 0x0000000083800000, 0x0000000083800000|100%| O|  |TAMS 0x0000000083800000, 0x0000000083700000| Untracked 
|  28|0x0000000083800000, 0x0000000083900000, 0x0000000083900000|100%| O|  |TAMS 0x0000000083900000, 0x0000000083800000| Untracked 
|  29|0x0000000083900000, 0x0000000083a00000, 0x0000000083a00000|100%| O|  |TAMS 0x0000000083a00000, 0x0000000083900000| Untracked 
|  30|0x0000000083a00000, 0x0000000083b00000, 0x0000000083b00000|100%| O|  |TAMS 0x0000000083b00000, 0x0000000083a00000| Untracked 
|  31|0x0000000083b00000, 0x0000000083c00000, 0x0000000083c00000|100%| O|  |TAMS 0x0000000083c00000, 0x0000000083b00000| Untracked 
|  32|0x0000000083c00000, 0x0000000083d00000, 0x0000000083d00000|100%| O|  |TAMS 0x0000000083d00000, 0x0000000083c00000| Untracked 
|  33|0x0000000083d00000, 0x0000000083e00000, 0x0000000083e00000|100%| O|  |TAMS 0x0000000083e00000, 0x0000000083d00000| Untracked 
|  34|0x0000000083e00000, 0x0000000083f00000, 0x0000000083f00000|100%| O|  |TAMS 0x0000000083f00000, 0x0000000083e00000| Untracked 
|  35|0x0000000083f00000, 0x0000000084000000, 0x0000000084000000|100%| O|  |TAMS 0x0000000084000000, 0x0000000083f00000| Untracked 
|  36|0x0000000084000000, 0x0000000084100000, 0x0000000084100000|100%| O|  |TAMS 0x0000000084100000, 0x0000000084000000| Untracked 
|  37|0x0000000084100000, 0x0000000084200000, 0x0000000084200000|100%| O|  |TAMS 0x0000000084200000, 0x0000000084100000| Untracked 
|  38|0x0000000084200000, 0x0000000084300000, 0x0000000084300000|100%| O|  |TAMS 0x0000000084300000, 0x0000000084200000| Untracked 
|  39|0x0000000084300000, 0x0000000084400000, 0x0000000084400000|100%| O|  |TAMS 0x0000000084400000, 0x0000000084300000| Untracked 
|  40|0x0000000084400000, 0x0000000084500000, 0x0000000084500000|100%| O|  |TAMS 0x0000000084500000, 0x0000000084400000| Untracked 
|  41|0x0000000084500000, 0x0000000084600000, 0x0000000084600000|100%|HS|  |TAMS 0x0000000084500000, 0x0000000084500000| Complete 
|  42|0x0000000084600000, 0x0000000084700000, 0x0000000084700000|100%| O|  |TAMS 0x0000000084600000, 0x0000000084600000| Untracked 
|  43|0x0000000084700000, 0x0000000084800000, 0x0000000084800000|100%| O|  |TAMS 0x0000000084700000, 0x0000000084700000| Untracked 
|  44|0x0000000084800000, 0x0000000084900000, 0x0000000084900000|100%| O|  |TAMS 0x0000000084800000, 0x0000000084800000| Untracked 
|  45|0x0000000084900000, 0x0000000084a00000, 0x0000000084a00000|100%| O|  |TAMS 0x0000000084900000, 0x0000000084900000| Untracked 
|  46|0x0000000084a00000, 0x0000000084b00000, 0x0000000084b00000|100%| O|  |TAMS 0x0000000084a00000, 0x0000000084a00000| Untracked 
|  47|0x0000000084b00000, 0x0000000084c00000, 0x0000000084c00000|100%| O|  |TAMS 0x0000000084b00000, 0x0000000084b00000| Untracked 
|  48|0x0000000084c00000, 0x0000000084d00000, 0x0000000084d00000|100%| O|  |TAMS 0x0000000084c00000, 0x0000000084c00000| Untracked 
|  49|0x0000000084d00000, 0x0000000084e00000, 0x0000000084e00000|100%| O|  |TAMS 0x0000000084d00000, 0x0000000084d00000| Untracked 
|  50|0x0000000084e00000, 0x0000000084f00000, 0x0000000084f00000|100%| O|  |TAMS 0x0000000084e00000, 0x0000000084e00000| Untracked 
|  51|0x0000000084f00000, 0x0000000084f59000, 0x0000000085000000| 34%| O|  |TAMS 0x0000000084f00000, 0x0000000084f00000| Untracked 
|  52|0x0000000085000000, 0x0000000085000000, 0x0000000085100000|  0%| F|  |TAMS 0x0000000085000000, 0x0000000085000000| Untracked 
|  53|0x0000000085100000, 0x0000000085100000, 0x0000000085200000|  0%| F|  |TAMS 0x0000000085100000, 0x0000000085100000| Untracked 
|  54|0x0000000085200000, 0x0000000085200000, 0x0000000085300000|  0%| F|  |TAMS 0x0000000085200000, 0x0000000085200000| Untracked 
|  55|0x0000000085300000, 0x0000000085300000, 0x0000000085400000|  0%| F|  |TAMS 0x0000000085300000, 0x0000000085300000| Untracked 
|  56|0x0000000085400000, 0x0000000085400000, 0x0000000085500000|  0%| F|  |TAMS 0x0000000085400000, 0x0000000085400000| Untracked 
|  57|0x0000000085500000, 0x0000000085500000, 0x0000000085600000|  0%| F|  |TAMS 0x0000000085500000, 0x0000000085500000| Untracked 
|  58|0x0000000085600000, 0x0000000085600000, 0x0000000085700000|  0%| F|  |TAMS 0x0000000085600000, 0x0000000085600000| Untracked 
|  59|0x0000000085700000, 0x0000000085700000, 0x0000000085800000|  0%| F|  |TAMS 0x0000000085700000, 0x0000000085700000| Untracked 
|  60|0x0000000085800000, 0x0000000085800000, 0x0000000085900000|  0%| F|  |TAMS 0x0000000085800000, 0x0000000085800000| Untracked 
|  61|0x0000000085900000, 0x0000000085900000, 0x0000000085a00000|  0%| F|  |TAMS 0x0000000085900000, 0x0000000085900000| Untracked 
|  62|0x0000000085a00000, 0x0000000085a00000, 0x0000000085b00000|  0%| F|  |TAMS 0x0000000085a00000, 0x0000000085a00000| Untracked 
|  63|0x0000000085b00000, 0x0000000085b00000, 0x0000000085c00000|  0%| F|  |TAMS 0x0000000085b00000, 0x0000000085b00000| Untracked 
|  64|0x0000000085c00000, 0x0000000085c00000, 0x0000000085d00000|  0%| F|  |TAMS 0x0000000085c00000, 0x0000000085c00000| Untracked 
|  65|0x0000000085d00000, 0x0000000085d00000, 0x0000000085e00000|  0%| F|  |TAMS 0x0000000085d00000, 0x0000000085d00000| Untracked 
|  66|0x0000000085e00000, 0x0000000085e00000, 0x0000000085f00000|  0%| F|  |TAMS 0x0000000085e00000, 0x0000000085e00000| Untracked 
|  67|0x0000000085f00000, 0x0000000085f00000, 0x0000000086000000|  0%| F|  |TAMS 0x0000000085f00000, 0x0000000085f00000| Untracked 
|  68|0x0000000086000000, 0x0000000086000000, 0x0000000086100000|  0%| F|  |TAMS 0x0000000086000000, 0x0000000086000000| Untracked 
|  69|0x0000000086100000, 0x0000000086100000, 0x0000000086200000|  0%| F|  |TAMS 0x0000000086100000, 0x0000000086100000| Untracked 
|  70|0x0000000086200000, 0x0000000086200000, 0x0000000086300000|  0%| F|  |TAMS 0x0000000086200000, 0x0000000086200000| Untracked 
|  71|0x0000000086300000, 0x0000000086300000, 0x0000000086400000|  0%| F|  |TAMS 0x0000000086300000, 0x0000000086300000| Untracked 
|  72|0x0000000086400000, 0x0000000086400000, 0x0000000086500000|  0%| F|  |TAMS 0x0000000086400000, 0x0000000086400000| Untracked 
|  73|0x0000000086500000, 0x0000000086500000, 0x0000000086600000|  0%| F|  |TAMS 0x0000000086500000, 0x0000000086500000| Untracked 
|  74|0x0000000086600000, 0x0000000086600000, 0x0000000086700000|  0%| F|  |TAMS 0x0000000086600000, 0x0000000086600000| Untracked 
|  75|0x0000000086700000, 0x0000000086700000, 0x0000000086800000|  0%| F|  |TAMS 0x0000000086700000, 0x0000000086700000| Untracked 
|  76|0x0000000086800000, 0x0000000086800000, 0x0000000086900000|  0%| F|  |TAMS 0x0000000086800000, 0x0000000086800000| Untracked 
|  77|0x0000000086900000, 0x0000000086900000, 0x0000000086a00000|  0%| F|  |TAMS 0x0000000086900000, 0x0000000086900000| Untracked 
|  78|0x0000000086a00000, 0x0000000086a00000, 0x0000000086b00000|  0%| F|  |TAMS 0x0000000086a00000, 0x0000000086a00000| Untracked 
|  79|0x0000000086b00000, 0x0000000086b00000, 0x0000000086c00000|  0%| F|  |TAMS 0x0000000086b00000, 0x0000000086b00000| Untracked 
|  80|0x0000000086c00000, 0x0000000086c00000, 0x0000000086d00000|  0%| F|  |TAMS 0x0000000086c00000, 0x0000000086c00000| Untracked 
|  81|0x0000000086d00000, 0x0000000086d00000, 0x0000000086e00000|  0%| F|  |TAMS 0x0000000086d00000, 0x0000000086d00000| Untracked 
|  82|0x0000000086e00000, 0x0000000086e00000, 0x0000000086f00000|  0%| F|  |TAMS 0x0000000086e00000, 0x0000000086e00000| Untracked 
|  83|0x0000000086f00000, 0x0000000086f00000, 0x0000000087000000|  0%| F|  |TAMS 0x0000000086f00000, 0x0000000086f00000| Untracked 
|  84|0x0000000087000000, 0x0000000087000000, 0x0000000087100000|  0%| F|  |TAMS 0x0000000087000000, 0x0000000087000000| Untracked 
|  85|0x0000000087100000, 0x0000000087100000, 0x0000000087200000|  0%| F|  |TAMS 0x0000000087100000, 0x0000000087100000| Untracked 
|  86|0x0000000087200000, 0x0000000087200000, 0x0000000087300000|  0%| F|  |TAMS 0x0000000087200000, 0x0000000087200000| Untracked 
|  87|0x0000000087300000, 0x0000000087300000, 0x0000000087400000|  0%| F|  |TAMS 0x0000000087300000, 0x0000000087300000| Untracked 
|  88|0x0000000087400000, 0x0000000087400000, 0x0000000087500000|  0%| F|  |TAMS 0x0000000087400000, 0x0000000087400000| Untracked 
|  89|0x0000000087500000, 0x0000000087500000, 0x0000000087600000|  0%| F|  |TAMS 0x0000000087500000, 0x0000000087500000| Untracked 
|  90|0x0000000087600000, 0x0000000087600000, 0x0000000087700000|  0%| F|  |TAMS 0x0000000087600000, 0x0000000087600000| Untracked 
|  91|0x0000000087700000, 0x0000000087700000, 0x0000000087800000|  0%| F|  |TAMS 0x0000000087700000, 0x0000000087700000| Untracked 
|  92|0x0000000087800000, 0x0000000087800000, 0x0000000087900000|  0%| F|  |TAMS 0x0000000087800000, 0x0000000087800000| Untracked 
|  93|0x0000000087900000, 0x0000000087900000, 0x0000000087a00000|  0%| F|  |TAMS 0x0000000087900000, 0x0000000087900000| Untracked 
|  94|0x0000000087a00000, 0x0000000087a00000, 0x0000000087b00000|  0%| F|  |TAMS 0x0000000087a00000, 0x0000000087a00000| Untracked 
|  95|0x0000000087b00000, 0x0000000087b53fd8, 0x0000000087c00000| 32%| S|CS|TAMS 0x0000000087b00000, 0x0000000087b00000| Complete 
|  96|0x0000000087c00000, 0x0000000087d00000, 0x0000000087d00000|100%| S|CS|TAMS 0x0000000087c00000, 0x0000000087c00000| Complete 
|  97|0x0000000087d00000, 0x0000000087e00000, 0x0000000087e00000|100%| S|CS|TAMS 0x0000000087d00000, 0x0000000087d00000| Complete 
|  98|0x0000000087e00000, 0x0000000087f00000, 0x0000000087f00000|100%| S|CS|TAMS 0x0000000087e00000, 0x0000000087e00000| Complete 
|  99|0x0000000087f00000, 0x0000000088000000, 0x0000000088000000|100%| S|CS|TAMS 0x0000000087f00000, 0x0000000087f00000| Complete 
| 100|0x0000000088000000, 0x0000000088000000, 0x0000000088100000|  0%| F|  |TAMS 0x0000000088000000, 0x0000000088000000| Untracked 
| 101|0x0000000088100000, 0x0000000088100000, 0x0000000088200000|  0%| F|  |TAMS 0x0000000088100000, 0x0000000088100000| Untracked 
| 102|0x0000000088200000, 0x0000000088280800, 0x0000000088300000| 50%| E|  |TAMS 0x0000000088200000, 0x0000000088200000| Complete 
| 103|0x0000000088300000, 0x0000000088400000, 0x0000000088400000|100%| E|CS|TAMS 0x0000000088300000, 0x0000000088300000| Complete 
| 104|0x0000000088400000, 0x0000000088500000, 0x0000000088500000|100%| E|CS|TAMS 0x0000000088400000, 0x0000000088400000| Complete 
| 105|0x0000000088500000, 0x0000000088600000, 0x0000000088600000|100%| E|CS|TAMS 0x0000000088500000, 0x0000000088500000| Complete 
| 106|0x0000000088600000, 0x0000000088700000, 0x0000000088700000|100%| E|CS|TAMS 0x0000000088600000, 0x0000000088600000| Complete 
| 107|0x0000000088700000, 0x0000000088800000, 0x0000000088800000|100%| E|CS|TAMS 0x0000000088700000, 0x0000000088700000| Complete 
| 108|0x0000000088800000, 0x0000000088900000, 0x0000000088900000|100%| E|CS|TAMS 0x0000000088800000, 0x0000000088800000| Complete 
| 109|0x0000000088900000, 0x0000000088a00000, 0x0000000088a00000|100%| E|CS|TAMS 0x0000000088900000, 0x0000000088900000| Complete 
| 110|0x0000000088a00000, 0x0000000088b00000, 0x0000000088b00000|100%| E|CS|TAMS 0x0000000088a00000, 0x0000000088a00000| Complete 
| 111|0x0000000088b00000, 0x0000000088c00000, 0x0000000088c00000|100%| E|CS|TAMS 0x0000000088b00000, 0x0000000088b00000| Complete 
| 112|0x0000000088c00000, 0x0000000088d00000, 0x0000000088d00000|100%| E|CS|TAMS 0x0000000088c00000, 0x0000000088c00000| Complete 
| 113|0x0000000088d00000, 0x0000000088e00000, 0x0000000088e00000|100%| E|CS|TAMS 0x0000000088d00000, 0x0000000088d00000| Complete 
| 114|0x0000000088e00000, 0x0000000088f00000, 0x0000000088f00000|100%| E|CS|TAMS 0x0000000088e00000, 0x0000000088e00000| Complete 
| 115|0x0000000088f00000, 0x0000000089000000, 0x0000000089000000|100%| E|CS|TAMS 0x0000000088f00000, 0x0000000088f00000| Complete 
| 116|0x0000000089000000, 0x0000000089100000, 0x0000000089100000|100%| E|CS|TAMS 0x0000000089000000, 0x0000000089000000| Complete 
| 117|0x0000000089100000, 0x0000000089200000, 0x0000000089200000|100%| E|CS|TAMS 0x0000000089100000, 0x0000000089100000| Complete 
| 118|0x0000000089200000, 0x0000000089300000, 0x0000000089300000|100%| E|CS|TAMS 0x0000000089200000, 0x0000000089200000| Complete 
| 119|0x0000000089300000, 0x0000000089400000, 0x0000000089400000|100%| E|CS|TAMS 0x0000000089300000, 0x0000000089300000| Complete 
| 120|0x0000000089400000, 0x0000000089500000, 0x0000000089500000|100%| E|CS|TAMS 0x0000000089400000, 0x0000000089400000| Complete 
| 121|0x0000000089500000, 0x0000000089600000, 0x0000000089600000|100%| E|CS|TAMS 0x0000000089500000, 0x0000000089500000| Complete 
| 122|0x0000000089600000, 0x0000000089700000, 0x0000000089700000|100%| E|CS|TAMS 0x0000000089600000, 0x0000000089600000| Complete 
| 123|0x0000000089700000, 0x0000000089800000, 0x0000000089800000|100%| E|CS|TAMS 0x0000000089700000, 0x0000000089700000| Complete 
| 124|0x0000000089800000, 0x0000000089900000, 0x0000000089900000|100%| E|CS|TAMS 0x0000000089800000, 0x0000000089800000| Complete 
| 125|0x0000000089900000, 0x0000000089a00000, 0x0000000089a00000|100%| E|CS|TAMS 0x0000000089900000, 0x0000000089900000| Complete 
| 126|0x0000000089a00000, 0x0000000089b00000, 0x0000000089b00000|100%| E|CS|TAMS 0x0000000089a00000, 0x0000000089a00000| Complete 
| 127|0x0000000089b00000, 0x0000000089c00000, 0x0000000089c00000|100%| E|CS|TAMS 0x0000000089b00000, 0x0000000089b00000| Complete 
| 128|0x0000000089c00000, 0x0000000089d00000, 0x0000000089d00000|100%| E|CS|TAMS 0x0000000089c00000, 0x0000000089c00000| Complete 
| 129|0x0000000089d00000, 0x0000000089e00000, 0x0000000089e00000|100%| E|CS|TAMS 0x0000000089d00000, 0x0000000089d00000| Complete 
| 130|0x0000000089e00000, 0x0000000089f00000, 0x0000000089f00000|100%| E|CS|TAMS 0x0000000089e00000, 0x0000000089e00000| Complete 
| 131|0x0000000089f00000, 0x000000008a000000, 0x000000008a000000|100%| E|CS|TAMS 0x0000000089f00000, 0x0000000089f00000| Complete 
| 132|0x000000008a000000, 0x000000008a100000, 0x000000008a100000|100%| E|CS|TAMS 0x000000008a000000, 0x000000008a000000| Complete 
| 133|0x000000008a100000, 0x000000008a200000, 0x000000008a200000|100%| E|CS|TAMS 0x000000008a100000, 0x000000008a100000| Complete 
| 134|0x000000008a200000, 0x000000008a300000, 0x000000008a300000|100%| E|CS|TAMS 0x000000008a200000, 0x000000008a200000| Complete 
| 135|0x000000008a300000, 0x000000008a400000, 0x000000008a400000|100%| E|CS|TAMS 0x000000008a300000, 0x000000008a300000| Complete 
| 136|0x000000008a400000, 0x000000008a500000, 0x000000008a500000|100%| E|CS|TAMS 0x000000008a400000, 0x000000008a400000| Complete 
| 137|0x000000008a500000, 0x000000008a600000, 0x000000008a600000|100%| E|CS|TAMS 0x000000008a500000, 0x000000008a500000| Complete 
| 138|0x000000008a600000, 0x000000008a700000, 0x000000008a700000|100%| E|CS|TAMS 0x000000008a600000, 0x000000008a600000| Complete 
| 139|0x000000008a700000, 0x000000008a800000, 0x000000008a800000|100%| E|CS|TAMS 0x000000008a700000, 0x000000008a700000| Complete 
| 140|0x000000008a800000, 0x000000008a900000, 0x000000008a900000|100%| E|CS|TAMS 0x000000008a800000, 0x000000008a800000| Complete 
| 141|0x000000008a900000, 0x000000008aa00000, 0x000000008aa00000|100%| E|CS|TAMS 0x000000008a900000, 0x000000008a900000| Complete 
| 142|0x000000008aa00000, 0x000000008ab00000, 0x000000008ab00000|100%| E|CS|TAMS 0x000000008aa00000, 0x000000008aa00000| Complete 
| 143|0x000000008ab00000, 0x000000008ac00000, 0x000000008ac00000|100%| E|CS|TAMS 0x000000008ab00000, 0x000000008ab00000| Complete 
| 144|0x000000008ac00000, 0x000000008ad00000, 0x000000008ad00000|100%| E|CS|TAMS 0x000000008ac00000, 0x000000008ac00000| Complete 
| 145|0x000000008ad00000, 0x000000008ae00000, 0x000000008ae00000|100%| E|CS|TAMS 0x000000008ad00000, 0x000000008ad00000| Complete 
| 146|0x000000008ae00000, 0x000000008af00000, 0x000000008af00000|100%| E|CS|TAMS 0x000000008ae00000, 0x000000008ae00000| Complete 
| 147|0x000000008af00000, 0x000000008b000000, 0x000000008b000000|100%| E|CS|TAMS 0x000000008af00000, 0x000000008af00000| Complete 
| 148|0x000000008b000000, 0x000000008b100000, 0x000000008b100000|100%| E|CS|TAMS 0x000000008b000000, 0x000000008b000000| Complete 
| 149|0x000000008b100000, 0x000000008b200000, 0x000000008b200000|100%| E|CS|TAMS 0x000000008b100000, 0x000000008b100000| Complete 
| 150|0x000000008b200000, 0x000000008b300000, 0x000000008b300000|100%| E|CS|TAMS 0x000000008b200000, 0x000000008b200000| Complete 
| 151|0x000000008b300000, 0x000000008b400000, 0x000000008b400000|100%| E|CS|TAMS 0x000000008b300000, 0x000000008b300000| Complete 
| 152|0x000000008b400000, 0x000000008b500000, 0x000000008b500000|100%| E|CS|TAMS 0x000000008b400000, 0x000000008b400000| Complete 
| 153|0x000000008b500000, 0x000000008b600000, 0x000000008b600000|100%| E|CS|TAMS 0x000000008b500000, 0x000000008b500000| Complete 

Card table byte_map: [0x0000021cc80b0000,0x0000021cc84b0000] _byte_map_base: 0x0000021cc7ca2000

Marking Bits (Prev, Next): (CMBitMap*) 0x0000021caeb380c8, (CMBitMap*) 0x0000021caeb38100
 Prev Bits: [0x0000021cc88b0000, 0x0000021cca840000)
 Next Bits: [0x0000021cca840000, 0x0000021ccc7d0000)

Polling page: 0x0000021cae950000

Metaspace:

Usage:
  Non-class:     34.20 MB capacity,    33.59 MB ( 98%) used,   552.27 KB (  2%) free+waste,    71.25 KB ( <1%) overhead. 
      Class:      4.35 MB capacity,     4.00 MB ( 92%) used,   327.44 KB (  7%) free+waste,    30.13 KB ( <1%) overhead. 
       Both:     38.54 MB capacity,    37.58 MB ( 98%) used,   879.71 KB (  2%) free+waste,   101.38 KB ( <1%) overhead. 

Virtual space:
  Non-class space:       36.00 MB reserved,      34.42 MB ( 96%) committed 
      Class space:        1.00 GB reserved,       4.38 MB ( <1%) committed 
             Both:        1.04 GB reserved,      38.80 MB (  4%) committed 

Chunk freelists:
   Non-Class:  5.00 KB
       Class:  3.75 KB
        Both:  8.75 KB

CodeHeap 'non-profiled nmethods': size=120064Kb used=4337Kb max_used=4337Kb free=115726Kb
 bounds [0x0000021cc0150000, 0x0000021cc0590000, 0x0000021cc7690000]
CodeHeap 'profiled nmethods': size=120000Kb used=16406Kb max_used=16406Kb free=103593Kb
 bounds [0x0000021cb8c20000, 0x0000021cb9c30000, 0x0000021cc0150000]
CodeHeap 'non-nmethods': size=5696Kb used=1156Kb max_used=1216Kb free=4539Kb
 bounds [0x0000021cb8690000, 0x0000021cb8900000, 0x0000021cb8c20000]
 total_blobs=9051 nmethods=6830 adapters=404
 compilation: enabled
              stopped_count=0, restarted_count=0
 full_count=0

Compilation events (10 events):
Event: 17.314 Thread 0x0000021ccedf6800 6651       3       sun.reflect.generics.parser.SignatureParser::parseTypeArgument (133 bytes)
Event: 17.315 Thread 0x0000021ccedf6800 nmethod 6651 0x0000021cb9b8b190 code [0x0000021cb9b8b4c0, 0x0000021cb9b8c9a0]
Event: 17.316 Thread 0x0000021ccedf6800 6652       3       java.lang.Class::isEnum (27 bytes)
Event: 17.316 Thread 0x0000021ccedf6800 nmethod 6652 0x0000021cb9b8ce90 code [0x0000021cb9b8d060, 0x0000021cb9b8d2e0]
Event: 17.320 Thread 0x0000021ccedf6800 6653       3       sun.reflect.generics.parser.SignatureParser::parseTypeArguments (109 bytes)
Event: 17.321 Thread 0x0000021ccedf6800 nmethod 6653 0x0000021cb9b8d390 code [0x0000021cb9b8d6c0, 0x0000021cb9b8e930]
Event: 17.321 Thread 0x0000021ccedf6800 6654       3       java.lang.Class::getTypeParameters (19 bytes)
Event: 17.322 Thread 0x0000021ccedf6800 nmethod 6654 0x0000021cb9b8ef10 code [0x0000021cb9b8f120, 0x0000021cb9b8f710]
Event: 17.322 Thread 0x0000021ccedf6800 6655       3       sun.reflect.generics.repository.GenericDeclRepository::getTypeParameters (27 bytes)
Event: 17.322 Thread 0x0000021ccedf6800 nmethod 6655 0x0000021cb9b8f890 code [0x0000021cb9b8fa80, 0x0000021cb9b8fe80]

GC Heap History (10 events):
Event: 12.522 GC heap before
{Heap before GC invocations=8 (full 0):
 garbage-first heap   total 131072K, used 95232K [0x0000000081c00000, 0x0000000100000000)
  region size 1024K, 71 young (72704K), 3 survivors (3072K)
 Metaspace       used 31346K, capacity 31960K, committed 32176K, reserved 1077248K
  class space    used 3329K, capacity 3549K, committed 3584K, reserved 1048576K
}
Event: 12.530 GC heap after
{Heap after GC invocations=9 (full 0):
 garbage-first heap   total 131072K, used 31435K [0x0000000081c00000, 0x0000000100000000)
  region size 1024K, 9 young (9216K), 9 survivors (9216K)
 Metaspace       used 31346K, capacity 31960K, committed 32176K, reserved 1077248K
  class space    used 3329K, capacity 3549K, committed 3584K, reserved 1048576K
}
Event: 13.762 GC heap before
{Heap before GC invocations=9 (full 0):
 garbage-first heap   total 131072K, used 96971K [0x0000000081c00000, 0x0000000100000000)
  region size 1024K, 74 young (75776K), 9 survivors (9216K)
 Metaspace       used 33597K, capacity 34333K, committed 34480K, reserved 1079296K
  class space    used 3553K, capacity 3826K, committed 3840K, reserved 1048576K
}
Event: 13.781 GC heap after
{Heap after GC invocations=10 (full 0):
 garbage-first heap   total 131072K, used 41487K [0x0000000081c00000, 0x0000000100000000)
  region size 1024K, 10 young (10240K), 10 survivors (10240K)
 Metaspace       used 33597K, capacity 34333K, committed 34480K, reserved 1079296K
  class space    used 3553K, capacity 3826K, committed 3840K, reserved 1048576K
}
Event: 14.460 GC heap before
{Heap before GC invocations=10 (full 0):
 garbage-first heap   total 131072K, used 70159K [0x0000000081c00000, 0x0000000100000000)
  region size 1024K, 39 young (39936K), 10 survivors (10240K)
 Metaspace       used 35128K, capacity 35885K, committed 35920K, reserved 1081344K
  class space    used 3694K, capacity 3954K, committed 3968K, reserved 1048576K
}
Event: 14.475 GC heap after
{Heap after GC invocations=11 (full 0):
 garbage-first heap   total 157696K, used 43520K [0x0000000081c00000, 0x0000000100000000)
  region size 1024K, 2 young (2048K), 2 survivors (2048K)
 Metaspace       used 35128K, capacity 35885K, committed 35920K, reserved 1081344K
  class space    used 3694K, capacity 3954K, committed 3968K, reserved 1048576K
}
Event: 15.780 GC heap before
{Heap before GC invocations=12 (full 0):
 garbage-first heap   total 157696K, used 99840K [0x0000000081c00000, 0x0000000100000000)
  region size 1024K, 57 young (58368K), 2 survivors (2048K)
 Metaspace       used 36243K, capacity 37116K, committed 37424K, reserved 1083392K
  class space    used 3819K, capacity 4132K, committed 4224K, reserved 1048576K
}
Event: 15.786 GC heap after
{Heap after GC invocations=13 (full 0):
 garbage-first heap   total 157696K, used 43692K [0x0000000081c00000, 0x0000000100000000)
  region size 1024K, 3 young (3072K), 3 survivors (3072K)
 Metaspace       used 36243K, capacity 37116K, committed 37424K, reserved 1083392K
  class space    used 3819K, capacity 4132K, committed 4224K, reserved 1048576K
}
Event: 16.751 GC heap before
{Heap before GC invocations=13 (full 0):
 garbage-first heap   total 157696K, used 105132K [0x0000000081c00000, 0x0000000100000000)
  region size 1024K, 62 young (63488K), 3 survivors (3072K)
 Metaspace       used 36290K, capacity 37190K, committed 37424K, reserved 1083392K
  class space    used 3819K, capacity 4134K, committed 4224K, reserved 1048576K
}
Event: 16.762 GC heap after
{Heap after GC invocations=14 (full 0):
 garbage-first heap   total 157696K, used 54926K [0x0000000081c00000, 0x0000000100000000)
  region size 1024K, 8 young (8192K), 8 survivors (8192K)
 Metaspace       used 36290K, capacity 37190K, committed 37424K, reserved 1083392K
  class space    used 3819K, capacity 4134K, committed 4224K, reserved 1048576K
}

Deoptimization events (10 events):
Event: 15.049 Thread 0x0000021caeafa800 Uncommon trap: reason=unstable_if action=reinterpret pc=0x0000021cc026909c method=java.io.BufferedWriter.flushBuffer()V @ 15 c2
Event: 15.094 Thread 0x0000021caeafa800 Uncommon trap: reason=class_check action=maybe_recompile pc=0x0000021cc026c33c method=sun.nio.cs.StreamEncoder.writeBytes()V @ 120 c2
Event: 15.190 Thread 0x0000021caeafa800 Uncommon trap: reason=unstable_if action=reinterpret pc=0x0000021cc04a02b8 method=com.sun.tools.javac.file.BaseFileManager.getKind(Ljava/lang/String;)Ljavax/tools/JavaFileObject$Kind; @ 27 c2
Event: 15.645 Thread 0x0000021caeafa800 Uncommon trap: reason=unstable_if action=reinterpret pc=0x0000021cc04245ac method=java.util.jar.Manifest$FastInputStream.readLine([BII)I @ 106 c2
Event: 15.646 Thread 0x0000021caeafa800 Uncommon trap: reason=unstable_if action=reinterpret pc=0x0000021cc0422f8c method=java.util.jar.Manifest$FastInputStream.readLine([BII)I @ 106 c2
Event: 15.954 Thread 0x0000021caeafa800 Uncommon trap: reason=unstable_if action=reinterpret pc=0x0000021cc043b77c method=java.io.WinNTFileSystem.prefixLength(Ljava/lang/String;)I @ 25 c2
Event: 15.955 Thread 0x0000021caeafa800 Uncommon trap: reason=class_check action=maybe_recompile pc=0x0000021cc01938e8 method=jdk.internal.loader.URLClassPath.getLoader(I)Ljdk/internal/loader/URLClassPath$Loader; @ 88 c2
Event: 15.955 Thread 0x0000021caeafa800 Uncommon trap: reason=class_check action=maybe_recompile pc=0x0000021cc01938e8 method=jdk.internal.loader.URLClassPath.getLoader(I)Ljdk/internal/loader/URLClassPath$Loader; @ 88 c2
Event: 16.697 Thread 0x0000021caeafa800 Uncommon trap: reason=unstable_if action=reinterpret pc=0x0000021cc055ea40 method=java.time.LocalDate.create(III)Ljava/time/LocalDate; @ 10 c2
Event: 17.160 Thread 0x0000021caeafa800 Uncommon trap: reason=speculate_class_check action=maybe_recompile pc=0x0000021cc02cee20 method=jdk.internal.reflect.UnsafeQualifiedObjectFieldAccessorImpl.get(Ljava/lang/Object;)Ljava/lang/Object; @ 13 c2

Classes redefined (0 events):
No events

Internal exceptions (10 events):
Event: 17.008 Thread 0x0000021caeafa800 Exception <a 'sun/nio/fs/WindowsException'{0x000000008aaced90}> (0x000000008aaced90) thrown at [t:/workspace/open/src/hotspot/share/prims/jni.cpp, line 615]
Event: 17.008 Thread 0x0000021caeafa800 Exception <a 'sun/nio/fs/WindowsException'{0x000000008aacf100}> (0x000000008aacf100) thrown at [t:/workspace/open/src/hotspot/share/prims/jni.cpp, line 615]
Event: 17.008 Thread 0x0000021caeafa800 Exception <a 'sun/nio/fs/WindowsException'{0x000000008aad05c0}> (0x000000008aad05c0) thrown at [t:/workspace/open/src/hotspot/share/prims/jni.cpp, line 615]
Event: 17.008 Thread 0x0000021caeafa800 Exception <a 'sun/nio/fs/WindowsException'{0x000000008aad0910}> (0x000000008aad0910) thrown at [t:/workspace/open/src/hotspot/share/prims/jni.cpp, line 615]
Event: 17.009 Thread 0x0000021caeafa800 Exception <a 'sun/nio/fs/WindowsException'{0x000000008aad1db0}> (0x000000008aad1db0) thrown at [t:/workspace/open/src/hotspot/share/prims/jni.cpp, line 615]
Event: 17.009 Thread 0x0000021caeafa800 Exception <a 'sun/nio/fs/WindowsException'{0x000000008aad20b0}> (0x000000008aad20b0) thrown at [t:/workspace/open/src/hotspot/share/prims/jni.cpp, line 615]
Event: 17.009 Thread 0x0000021caeafa800 Exception <a 'sun/nio/fs/WindowsException'{0x000000008aad3740}> (0x000000008aad3740) thrown at [t:/workspace/open/src/hotspot/share/prims/jni.cpp, line 615]
Event: 17.009 Thread 0x0000021caeafa800 Exception <a 'sun/nio/fs/WindowsException'{0x000000008aad3a90}> (0x000000008aad3a90) thrown at [t:/workspace/open/src/hotspot/share/prims/jni.cpp, line 615]
Event: 17.009 Thread 0x0000021caeafa800 Exception <a 'sun/nio/fs/WindowsException'{0x000000008aad5010}> (0x000000008aad5010) thrown at [t:/workspace/open/src/hotspot/share/prims/jni.cpp, line 615]
Event: 17.009 Thread 0x0000021caeafa800 Exception <a 'sun/nio/fs/WindowsException'{0x000000008aad5420}> (0x000000008aad5420) thrown at [t:/workspace/open/src/hotspot/share/prims/jni.cpp, line 615]

Events (10 events):
Event: 16.762 Executing VM operation: G1CollectForAllocation done
Event: 17.012 loading class lombok/launch/Main
Event: 17.012 loading class lombok/launch/Main done
Event: 17.012 loading class lombok/launch/ShadowClassLoader
Event: 17.012 loading class lombok/launch/ShadowClassLoader done
Event: 17.130 loading class lombok/launch/AnnotationProcessorHider$AstModificationNotifierData
Event: 17.130 loading class lombok/launch/AnnotationProcessorHider$AstModificationNotifierData done
Event: 17.160 Thread 0x0000021caeafa800 Uncommon trap: trap_request=0xffffff6e fr.pc=0x0000021cc02cee20 relative=0x00000000000000e0
Event: 17.160 Thread 0x0000021caeafa800 DEOPT PACKING pc=0x0000021cc02cee20 sp=0x000000e8bbafce40
Event: 17.160 Thread 0x0000021caeafa800 DEOPT UNPACKING pc=0x0000021cb86b8f2f sp=0x000000e8bbafcdd8 mode 2


Dynamic libraries:
0x00007ff6f5210000 - 0x00007ff6f5257000 	C:\Program Files\Java\jdk-11.0.6\bin\java.exe
0x00007ffe66600000 - 0x00007ffe667f0000 	C:\WINDOWS\SYSTEM32\ntdll.dll
0x00007ffe651a0000 - 0x00007ffe65252000 	C:\WINDOWS\System32\KERNEL32.DLL
0x00007ffe64030000 - 0x00007ffe642d3000 	C:\WINDOWS\System32\KERNELBASE.dll
0x00007ffe65b40000 - 0x00007ffe65be3000 	C:\WINDOWS\System32\ADVAPI32.dll
0x00007ffe65100000 - 0x00007ffe6519e000 	C:\WINDOWS\System32\msvcrt.dll
0x00007ffe65aa0000 - 0x00007ffe65b37000 	C:\WINDOWS\System32\sechost.dll
0x00007ffe65980000 - 0x00007ffe65aa0000 	C:\WINDOWS\System32\RPCRT4.dll
0x00007ffe65690000 - 0x00007ffe65824000 	C:\WINDOWS\System32\USER32.dll
0x00007ffe64000000 - 0x00007ffe64021000 	C:\WINDOWS\System32\win32u.dll
0x00007ffe65280000 - 0x00007ffe652a6000 	C:\WINDOWS\System32\GDI32.dll
0x00007ffe64510000 - 0x00007ffe646a4000 	C:\WINDOWS\System32\gdi32full.dll
0x00007ffe636e0000 - 0x00007ffe6377e000 	C:\WINDOWS\System32\msvcp_win.dll
0x00007ffe63f00000 - 0x00007ffe63ffa000 	C:\WINDOWS\System32\ucrtbase.dll
0x00007ffe53190000 - 0x00007ffe53415000 	C:\WINDOWS\WinSxS\amd64_microsoft.windows.common-controls_6595b64144ccf1df_6.0.18362.720_none_e6beb5c51314836b\COMCTL32.dll
0x00007ffe65cd0000 - 0x00007ffe66006000 	C:\WINDOWS\System32\combase.dll
0x00007ffe64340000 - 0x00007ffe643c0000 	C:\WINDOWS\System32\bcryptPrimitives.dll
0x00007ffe5b550000 - 0x00007ffe5b55a000 	C:\WINDOWS\SYSTEM32\VERSION.dll
0x00007ffe65940000 - 0x00007ffe6596e000 	C:\WINDOWS\System32\IMM32.DLL
0x00007ffe5f300000 - 0x00007ffe5f316000 	C:\Program Files\Java\jdk-11.0.6\bin\vcruntime140.dll
0x00007ffe46950000 - 0x00007ffe469fa000 	C:\Program Files\Java\jdk-11.0.6\bin\msvcp140.dll
0x00007ffe21670000 - 0x00007ffe22199000 	C:\Program Files\Java\jdk-11.0.6\bin\server\jvm.dll
0x00007ffe65970000 - 0x00007ffe65978000 	C:\WINDOWS\System32\PSAPI.DLL
0x00007ffe51280000 - 0x00007ffe51289000 	C:\WINDOWS\SYSTEM32\WSOCK32.dll
0x00007ffe65c50000 - 0x00007ffe65cbf000 	C:\WINDOWS\System32\WS2_32.dll
0x00007ffe5f5b0000 - 0x00007ffe5f5d4000 	C:\WINDOWS\SYSTEM32\WINMM.dll
0x00007ffe5f580000 - 0x00007ffe5f5ad000 	C:\WINDOWS\SYSTEM32\WINMMBASE.dll
0x00007ffe635b0000 - 0x00007ffe635fa000 	C:\WINDOWS\System32\cfgmgr32.dll
0x00007ffe634d0000 - 0x00007ffe634e1000 	C:\WINDOWS\System32\kernel.appcore.dll
0x00007ffe5f2e0000 - 0x00007ffe5f2f1000 	C:\Program Files\Java\jdk-11.0.6\bin\verify.dll
0x00007ffe61da0000 - 0x00007ffe61f94000 	C:\WINDOWS\SYSTEM32\DBGHELP.DLL
0x00007ffe50e70000 - 0x00007ffe50e9a000 	C:\WINDOWS\SYSTEM32\dbgcore.DLL
0x00007ffe513f0000 - 0x00007ffe51419000 	C:\Program Files\Java\jdk-11.0.6\bin\java.dll
0x00007ffe4c680000 - 0x00007ffe4c6af000 	C:\Program Files\Java\jdk-11.0.6\bin\instrument.dll
0x00007ffe5d2d0000 - 0x00007ffe5d2e6000 	C:\Program Files\Java\jdk-11.0.6\bin\zip.dll
0x00007ffe5f680000 - 0x00007ffe5f68a000 	C:\Program Files\Java\jdk-11.0.6\bin\jimage.dll
0x00007ffe64860000 - 0x00007ffe64f45000 	C:\WINDOWS\System32\SHELL32.dll
0x00007ffe652b0000 - 0x00007ffe65359000 	C:\WINDOWS\System32\shcore.dll
0x00007ffe63780000 - 0x00007ffe63f00000 	C:\WINDOWS\System32\windows.storage.dll
0x00007ffe63540000 - 0x00007ffe63563000 	C:\WINDOWS\System32\profapi.dll
0x00007ffe634f0000 - 0x00007ffe6353a000 	C:\WINDOWS\System32\powrprof.dll
0x00007ffe634c0000 - 0x00007ffe634d0000 	C:\WINDOWS\System32\UMPDC.dll
0x00007ffe65bf0000 - 0x00007ffe65c42000 	C:\WINDOWS\System32\shlwapi.dll
0x00007ffe63590000 - 0x00007ffe635a7000 	C:\WINDOWS\System32\cryptsp.dll
0x00007ffe5b630000 - 0x00007ffe5b649000 	C:\Program Files\Java\jdk-11.0.6\bin\net.dll
0x00007ffe57030000 - 0x00007ffe57121000 	C:\WINDOWS\SYSTEM32\WINHTTP.dll
0x00007ffe62d30000 - 0x00007ffe62d97000 	C:\WINDOWS\system32\mswsock.dll
0x00007ffe4c430000 - 0x00007ffe4c443000 	C:\Program Files\Java\jdk-11.0.6\bin\nio.dll
0x00007ffe4ba10000 - 0x00007ffe4ba2a000 	C:\Program Files\JetBrains\IntelliJ IDEA Community Edition 2019.3.4\bin\breakgen64.dll
0x00007ffe628a0000 - 0x00007ffe628d3000 	C:\WINDOWS\system32\rsaenh.dll
0x00007ffe636b0000 - 0x00007ffe636d6000 	C:\WINDOWS\System32\bcrypt.dll
0x00007ffe633b0000 - 0x00007ffe633d5000 	C:\WINDOWS\SYSTEM32\USERENV.dll
0x00007ffe62f00000 - 0x00007ffe62f0c000 	C:\WINDOWS\SYSTEM32\CRYPTBASE.dll
0x00007ffe62a40000 - 0x00007ffe62a7a000 	C:\WINDOWS\SYSTEM32\IPHLPAPI.DLL
0x00007ffe665b0000 - 0x00007ffe665b8000 	C:\WINDOWS\System32\NSI.dll
0x00007ffe57f00000 - 0x00007ffe57f16000 	C:\WINDOWS\SYSTEM32\dhcpcsvc6.DLL
0x00007ffe57fd0000 - 0x00007ffe57fec000 	C:\WINDOWS\SYSTEM32\dhcpcsvc.DLL
0x00007ffe62a80000 - 0x00007ffe62b4a000 	C:\WINDOWS\SYSTEM32\DNSAPI.dll
0x00007ffe5f640000 - 0x00007ffe5f64a000 	C:\Users\Dhanushguntha\AppData\Local\Temp\jansi-1.17.1-16788604017108320319.dll
0x00007ffe5f2d0000 - 0x00007ffe5f2da000 	C:\Users\Dhanushguntha\AppData\Local\Temp\jansi-1.17.1-5075401935416949988.dll

dbghelp: loaded successfully - version: 4.0.5 - missing functions: none
symbol engine: initialized successfully - sym options: 0x614 - pdb path: .;C:\Program Files\Java\jdk-11.0.6\bin;C:\WINDOWS\SYSTEM32;C:\WINDOWS\WinSxS\amd64_microsoft.windows.common-controls_6595b64144ccf1df_6.0.18362.720_none_e6beb5c51314836b;C:\Program Files\Java\jdk-11.0.6\bin\server;C:\Program Files\JetBrains\IntelliJ IDEA Community Edition 2019.3.4\bin;C:\Users\Dhanushguntha\AppData\Local\Temp

VM Arguments:
jvm_args: -Dmaven.multiModuleProjectDirectory=C:\Users\Dhanushguntha\Desktop\webcontroller\webcontroller -Dmaven.home=C:\Program Files\JetBrains\IntelliJ IDEA Community Edition 2019.3.4\plugins\maven\lib\maven3 -Dclassworlds.conf=C:\Program Files\JetBrains\IntelliJ IDEA Community Edition 2019.3.4\plugins\maven\lib\maven3\bin\m2.conf -Dmaven.ext.class.path=C:\Program Files\JetBrains\IntelliJ IDEA Community Edition 2019.3.4\plugins\maven\lib\maven-event-listener.jar -javaagent:C:\Program Files\JetBrains\IntelliJ IDEA Community Edition 2019.3.4\lib\idea_rt.jar=63678:C:\Program Files\JetBrains\IntelliJ IDEA Community Edition 2019.3.4\bin -Dfile.encoding=UTF-8 
java_command: org.codehaus.classworlds.Launcher -Didea.version2019.3.4 spring-boot:run
java_class_path (initial): C:\Program Files\JetBrains\IntelliJ IDEA Community Edition 2019.3.4\plugins\maven\lib\maven3\boot\plexus-classworlds-2.6.0.jar
Launcher Type: SUN_STANDARD

[Global flags]
     intx CICompilerCount                          = 3                                         {product} {ergonomic}
     uint ConcGCThreads                            = 1                                         {product} {ergonomic}
     uint G1ConcRefinementThreads                  = 4                                         {product} {ergonomic}
   size_t G1HeapRegionSize                         = 1048576                                   {product} {ergonomic}
    uintx GCDrainStackTargetSize                   = 64                                        {product} {ergonomic}
   size_t InitialHeapSize                          = 134217728                                 {product} {ergonomic}
   size_t MarkStackSize                            = 4194304                                   {product} {ergonomic}
   size_t MaxHeapSize                              = 2118123520                                {product} {ergonomic}
   size_t MaxNewSize                               = 1270874112                                {product} {ergonomic}
   size_t MinHeapDeltaBytes                        = 1048576                                   {product} {ergonomic}
    uintx NonNMethodCodeHeapSize                   = 5830732                                {pd product} {ergonomic}
    uintx NonProfiledCodeHeapSize                  = 122913754                              {pd product} {ergonomic}
    uintx ProfiledCodeHeapSize                     = 122913754                              {pd product} {ergonomic}
    uintx ReservedCodeCacheSize                    = 251658240                              {pd product} {ergonomic}
     bool SegmentedCodeCache                       = true                                      {product} {ergonomic}
     bool UseCompressedClassPointers               = true                                 {lp64_product} {ergonomic}
     bool UseCompressedOops                        = true                                 {lp64_product} {ergonomic}
     bool UseG1GC                                  = true                                      {product} {ergonomic}
     bool UseLargePagesIndividualAllocation        = false                                  {pd product} {ergonomic}

Logging:
Log output configuration:
 #0: stdout all=warning uptime,level,tags
 #1: stderr all=off uptime,level,tags

Environment Variables:
JAVA_HOME=C:\Program Files\Java\jdk-11.0.6
PATH=C:\Program Files (x86)\Intel\iCLS Client\;C:\Program Files\Intel\iCLS Client\;C:\windows\system32;C:\windows;C:\windows\System32\Wbem;C:\windows\System32\WindowsPowerShell\v1.0\;C:\Program Files (x86)\Intel\Intel(R) Management Engine Components\DAL;C:\Program Files\Intel\Intel(R) Management Engine Components\DAL;C:\Program Files (x86)\Intel\Intel(R) Management Engine Components\IPT;C:\Program Files\Intel\Intel(R) Management Engine Components\IPT;C:\Program Files (x86)\NVIDIA Corporation\PhysX\Common;C:\WINDOWS\system32;C:\WINDOWS;C:\WINDOWS\System32\Wbem;C:\WINDOWS\System32\WindowsPowerShell\v1.0\;C:\WINDOWS\System32\OpenSSH\;C:\Users\Dhanushguntha\AppData\Local\Programs\Python\Python37;C:\Program Files\Intel\WiFi\bin\;C:\Program Files\Common Files\Intel\WirelessCommon\;C:\Program Files\Git\cmd;C:\Program Files (x86)\Yarn\bin\;C:\Program Files\NVIDIA Corporation\NVIDIA NvDLISR;C:\Program Files\nodejs;C:\ProgramData\chocolatey\bin;C:\Program Files\nodejs\;C:\opt\apache-maven-3.6.3\bin;C:\Program Files\Java\jdk-11.0.6\bin;C:\Users\Dhanushguntha\AppData\Local\Programs\Python\Python38-32;C:\Users\Dhanushguntha\AppData\Local\Programs\Python\Python38-32\Scripts;C:\Users\Dhanushguntha\AppData\Local\Programs\Python\Python38-32\;C:\Users\Dhanushguntha\Anaconda3\Scripts;C:\Users\Dhanushguntha\Anaconda3\Scripts;C:\Users\Dhanushguntha\AppData\Local\Programs\Microsoft VS Code\bin;C:\Users\Dhanushguntha\AppData\Roaming\npm;C:\Users\Dhanushguntha\AppData\Local\Programs\Python\Python38-32\Scripts;
USERNAME=Dhanushguntha
OS=Windows_NT
PROCESSOR_IDENTIFIER=Intel64 Family 6 Model 142 Stepping 9, GenuineIntel



---------------  S Y S T E M  ---------------

OS: Windows 10 , 64 bit Build 18362 (10.0.18362.329)

CPU:total 4 (initial active 4) (2 cores per cpu, 2 threads per core) family 6 model 142 stepping 9, cmov, cx8, fxsr, mmx, sse, sse2, sse3, ssse3, sse4.1, sse4.2, popcnt, avx, avx2, aes, clmul, erms, 3dnowpref, lzcnt, ht, tsc, tscinvbit, bmi1, bmi2, adx, fma

Memory: 4k page, system-wide physical 8077M (875M free)
TotalPageFile size 8077M (AvailPageFile size 18M)
current process WorkingSet (physical memory assigned to process): 304M, peak: 312M
current process commit charge ("private bytes"): 335M, peak: 342M

vm_info: Java HotSpot(TM) 64-Bit Server VM (11.0.6+8-LTS) for windows-amd64 JRE (11.0.6+8-LTS), built on Dec 11 2019 09:17:57 by "mach5one" with MS VC++ 15.5 (VS2017)

END.
