#
# There is insufficient memory for the Java Runtime Environment to continue.
# Native memory allocation (malloc) failed to allocate 32744 bytes for ChunkPool::allocate
# Possible reasons:
#   The system is out of physical RAM or swap space
#   The process is running with CompressedOops enabled, and the Java Heap may be blocking the growth of the native heap
# Possible solutions:
#   Reduce memory load on the system
#   Increase physical memory or swap space
#   Check if swap backing store is full
#   Decrease Java heap size (-Xmx/-Xms)
#   Decrease number of Java threads
#   Decrease Java thread stack sizes (-Xss)
#   Set larger code cache with -XX:ReservedCodeCacheSize=
#   JVM is running with Unscaled Compressed Oops mode in which the Java heap is
#     placed in the first 4GB address space. The Java Heap base address is the
#     maximum limit for the native heap growth. Please use -XX:HeapBaseMinAddress
#     to set the Java Heap base and to place the Java Heap above 4GB virtual address.
# This output file may be truncated or incomplete.
#
#  Out of Memory Error (t:/workspace/open/src/hotspot/share/memory/arena.cpp:81), pid=12824, tid=6292
#
# JRE version: Java(TM) SE Runtime Environment (11.0.6+8) (build 11.0.6+8-LTS)
# Java VM: Java HotSpot(TM) 64-Bit Server VM (11.0.6+8-LTS, mixed mode, tiered, compressed oops, g1 gc, windows-amd64)
# No core dump will be written. Minidumps are not enabled by default on client versions of Windows
#

---------------  S U M M A R Y ------------

Command Line: -Dmaven.multiModuleProjectDirectory=C:\Users\Dhanushguntha\Desktop\webcontroller\webcontroller -Dmaven.home=C:\Program Files\JetBrains\IntelliJ IDEA Community Edition 2019.3.4\plugins\maven\lib\maven3 -Dclassworlds.conf=C:\Program Files\JetBrains\IntelliJ IDEA Community Edition 2019.3.4\plugins\maven\lib\maven3\bin\m2.conf -Dmaven.ext.class.path=C:\Program Files\JetBrains\IntelliJ IDEA Community Edition 2019.3.4\plugins\maven\lib\maven-event-listener.jar -javaagent:C:\Program Files\JetBrains\IntelliJ IDEA Community Edition 2019.3.4\lib\idea_rt.jar=52246:C:\Program Files\JetBrains\IntelliJ IDEA Community Edition 2019.3.4\bin -Dfile.encoding=UTF-8 org.codehaus.classworlds.Launcher -Didea.version2019.3.4 spring-boot:run

Host: Intel(R) Core(TM) i5-7200U CPU @ 2.50GHz, 4 cores, 7G,  Windows 10 , 64 bit Build 18362 (10.0.18362.329)
Time: Wed Apr 15 16:59:05 2020 India Standard Time elapsed time: 3 seconds (0d 0h 0m 3s)

---------------  T H R E A D  ---------------

Current thread (0x00000234ff74c800):  JavaThread "C2 CompilerThread0" daemon [_thread_in_native, id=6292, stack(0x0000006dac900000,0x0000006daca00000)]


Current CompileTask:
C2:   3809 2043   !   4       java.net.URL::<init> (543 bytes)

Stack: [0x0000006dac900000,0x0000006daca00000]
Native frames: (J=compiled Java code, j=interpreted, Vv=VM code, C=native code)
V  [jvm.dll+0x63679a]
V  [jvm.dll+0x7755bf]
V  [jvm.dll+0x776c65]
V  [jvm.dll+0x7772d3]
V  [jvm.dll+0x25e7f8]
V  [jvm.dll+0xc1e3b]
V  [jvm.dll+0xc219c]
V  [jvm.dll+0x373018]
V  [jvm.dll+0x372791]
V  [jvm.dll+0x3727d4]
V  [jvm.dll+0x537fc5]
V  [jvm.dll+0x537c58]
V  [jvm.dll+0x33a7e2]
V  [jvm.dll+0x339b8a]
V  [jvm.dll+0x218355]
V  [jvm.dll+0x2174fa]
V  [jvm.dll+0x193a2c]
V  [jvm.dll+0x226544]
V  [jvm.dll+0x224b28]
V  [jvm.dll+0x73a9c5]
V  [jvm.dll+0x733905]
V  [jvm.dll+0x635846]
C  [ucrtbase.dll+0x20e72]
C  [KERNEL32.DLL+0x17bd4]
C  [ntdll.dll+0x6ced1]


---------------  P R O C E S S  ---------------

Threads class SMR info:
_java_thread_list=0x000002349c7602f0, length=13, elements={
0x00000234fa67a000, 0x00000234ff735000, 0x00000234ff736000, 0x000002349b382800,
0x00000234ff74c000, 0x00000234ff74c800, 0x00000234ff768800, 0x00000234ff76a800,
0x00000234ff6c8000, 0x000002349b6bc800, 0x000002349b662000, 0x000002349c72f800,
0x000002349ca88000
}

Java Threads: ( => current thread )
  0x00000234fa67a000 JavaThread "main" [_thread_blocked, id=10840, stack(0x0000006dabe00000,0x0000006dabf00000)]
  0x00000234ff735000 JavaThread "Reference Handler" daemon [_thread_blocked, id=4248, stack(0x0000006dac500000,0x0000006dac600000)]
  0x00000234ff736000 JavaThread "Finalizer" daemon [_thread_blocked, id=5496, stack(0x0000006dac600000,0x0000006dac700000)]
  0x000002349b382800 JavaThread "Signal Dispatcher" daemon [_thread_blocked, id=4788, stack(0x0000006dac700000,0x0000006dac800000)]
  0x00000234ff74c000 JavaThread "Attach Listener" daemon [_thread_blocked, id=3776, stack(0x0000006dac800000,0x0000006dac900000)]
=>0x00000234ff74c800 JavaThread "C2 CompilerThread0" daemon [_thread_in_native, id=6292, stack(0x0000006dac900000,0x0000006daca00000)]
  0x00000234ff768800 JavaThread "C1 CompilerThread0" daemon [_thread_in_native, id=12128, stack(0x0000006daca00000,0x0000006dacb00000)]
  0x00000234ff76a800 JavaThread "Sweeper thread" daemon [_thread_blocked, id=12416, stack(0x0000006dacb00000,0x0000006dacc00000)]
  0x00000234ff6c8000 JavaThread "Common-Cleaner" daemon [_thread_blocked, id=12384, stack(0x0000006dacc00000,0x0000006dacd00000)]
  0x000002349b6bc800 JavaThread "Monitor Ctrl-Break" daemon [_thread_in_native, id=10720, stack(0x0000006dacd00000,0x0000006dace00000)]
  0x000002349b662000 JavaThread "Service Thread" daemon [_thread_blocked, id=3936, stack(0x0000006dace00000,0x0000006dacf00000)]
  0x000002349c72f800 JavaThread "Thread-0" [_thread_blocked, id=1740, stack(0x0000006dad000000,0x0000006dad100000)]
  0x000002349ca88000 JavaThread "Logging-Cleaner" [_thread_blocked, id=10028, stack(0x0000006dad400000,0x0000006dad500000)]

Other Threads:
  0x00000234ff70d800 VMThread "VM Thread" [stack: 0x0000006dac400000,0x0000006dac500000] [id=9696]
  0x000002349b5cd800 WatcherThread [stack: 0x0000006dacf00000,0x0000006dad000000] [id=12348]
  0x00000234fa68f800 GCTaskThread "GC Thread#0" [stack: 0x0000006dabf00000,0x0000006dac000000] [id=13444]
  0x000002349c61e800 GCTaskThread "GC Thread#1" [stack: 0x0000006dad100000,0x0000006dad200000] [id=9660]
  0x000002349be95000 GCTaskThread "GC Thread#2" [stack: 0x0000006dad200000,0x0000006dad300000] [id=7768]
  0x00000234fa6c0000 ConcurrentGCThread "G1 Main Marker" [stack: 0x0000006dac000000,0x0000006dac100000] [id=12828]
  0x00000234fa6c1800 ConcurrentGCThread "G1 Conc#0" [stack: 0x0000006dac100000,0x0000006dac200000] [id=8072]
  0x00000234ff580800 ConcurrentGCThread "G1 Refine#0" [stack: 0x0000006dac200000,0x0000006dac300000] [id=12700]
  0x000002349b6b8000 ConcurrentGCThread "G1 Refine#1" [stack: 0x0000006dad300000,0x0000006dad400000] [id=2700]
  0x00000234ff581800 ConcurrentGCThread "G1 Young RemSet Sampling" [stack: 0x0000006dac300000,0x0000006dac400000] [id=9292]

Threads with active compile tasks:
C2 CompilerThread02043   !   4       java.net.URL::<init> (543 bytes)
C1 CompilerThread02103   !   3       org.eclipse.sisu.inject.BeanCache::remove (88 bytes)

VM state:at safepoint (normal execution)

VM Mutex/Monitor currently owned by a thread:  ([mutex/lock_event])
[0x00000234fa676660] Threads_lock - owner thread: 0x00000234ff70d800

OutOfMemory and StackOverflow Exception counts:
OutOfMemoryError java_heap_errors=2
LinkageErrors=6

Heap address: 0x0000000081c00000, size: 2020 MB, Compressed Oops mode: 32-bit
Narrow klass base: 0x0000000000000000, Narrow klass shift: 3
Compressed class space size: 1073741824 Address: 0x0000000100000000

Heap:
 garbage-first heap   total 131072K, used 29286K [0x0000000081c00000, 0x0000000100000000)
  region size 1024K, 27 young (27648K), 2 survivors (2048K)
 Metaspace       used 19922K, capacity 20272K, committed 20480K, reserved 1067008K
  class space    used 2159K, capacity 2290K, committed 2304K, reserved 1048576K
Heap Regions: E=young(eden), S=young(survivor), O=old, HS=humongous(starts), HC=humongous(continues), CS=collection set, F=free, A=archive, TAMS=top-at-mark-start (previous, next)
|   0|0x0000000081c00000, 0x0000000081d00000, 0x0000000081d00000|100%| O|  |TAMS 0x0000000081c00000, 0x0000000081c00000| Untracked 
|   1|0x0000000081d00000, 0x0000000081e00000, 0x0000000081e00000|100%| O|  |TAMS 0x0000000081d00000, 0x0000000081d00000| Untracked 
|   2|0x0000000081e00000, 0x0000000081f00000, 0x0000000081f00000|100%| O|  |TAMS 0x0000000081e00000, 0x0000000081e00000| Untracked 
|   3|0x0000000081f00000, 0x0000000081f7a600, 0x0000000082000000| 47%| O|  |TAMS 0x0000000081f00000, 0x0000000081f00000| Untracked 
|   4|0x0000000082000000, 0x0000000082000000, 0x0000000082100000|  0%| F|  |TAMS 0x0000000082000000, 0x0000000082000000| Untracked 
|   5|0x0000000082100000, 0x0000000082100000, 0x0000000082200000|  0%| F|  |TAMS 0x0000000082100000, 0x0000000082100000| Untracked 
|   6|0x0000000082200000, 0x0000000082200000, 0x0000000082300000|  0%| F|  |TAMS 0x0000000082200000, 0x0000000082200000| Untracked 
|   7|0x0000000082300000, 0x0000000082300000, 0x0000000082400000|  0%| F|  |TAMS 0x0000000082300000, 0x0000000082300000| Untracked 
|   8|0x0000000082400000, 0x0000000082400000, 0x0000000082500000|  0%| F|  |TAMS 0x0000000082400000, 0x0000000082400000| Untracked 
|   9|0x0000000082500000, 0x0000000082500000, 0x0000000082600000|  0%| F|  |TAMS 0x0000000082500000, 0x0000000082500000| Untracked 
|  10|0x0000000082600000, 0x0000000082600000, 0x0000000082700000|  0%| F|  |TAMS 0x0000000082600000, 0x0000000082600000| Untracked 
|  11|0x0000000082700000, 0x0000000082700000, 0x0000000082800000|  0%| F|  |TAMS 0x0000000082700000, 0x0000000082700000| Untracked 
|  12|0x0000000082800000, 0x0000000082800000, 0x0000000082900000|  0%| F|  |TAMS 0x0000000082800000, 0x0000000082800000| Untracked 
|  13|0x0000000082900000, 0x0000000082900000, 0x0000000082a00000|  0%| F|  |TAMS 0x0000000082900000, 0x0000000082900000| Untracked 
|  14|0x0000000082a00000, 0x0000000082a00000, 0x0000000082b00000|  0%| F|  |TAMS 0x0000000082a00000, 0x0000000082a00000| Untracked 
|  15|0x0000000082b00000, 0x0000000082b00000, 0x0000000082c00000|  0%| F|  |TAMS 0x0000000082b00000, 0x0000000082b00000| Untracked 
|  16|0x0000000082c00000, 0x0000000082c00000, 0x0000000082d00000|  0%| F|  |TAMS 0x0000000082c00000, 0x0000000082c00000| Untracked 
|  17|0x0000000082d00000, 0x0000000082d00000, 0x0000000082e00000|  0%| F|  |TAMS 0x0000000082d00000, 0x0000000082d00000| Untracked 
|  18|0x0000000082e00000, 0x0000000082e00000, 0x0000000082f00000|  0%| F|  |TAMS 0x0000000082e00000, 0x0000000082e00000| Untracked 
|  19|0x0000000082f00000, 0x0000000082f00000, 0x0000000083000000|  0%| F|  |TAMS 0x0000000082f00000, 0x0000000082f00000| Untracked 
|  20|0x0000000083000000, 0x0000000083000000, 0x0000000083100000|  0%| F|  |TAMS 0x0000000083000000, 0x0000000083000000| Untracked 
|  21|0x0000000083100000, 0x0000000083100000, 0x0000000083200000|  0%| F|  |TAMS 0x0000000083100000, 0x0000000083100000| Untracked 
|  22|0x0000000083200000, 0x0000000083200000, 0x0000000083300000|  0%| F|  |TAMS 0x0000000083200000, 0x0000000083200000| Untracked 
|  23|0x0000000083300000, 0x0000000083300000, 0x0000000083400000|  0%| F|  |TAMS 0x0000000083300000, 0x0000000083300000| Untracked 
|  24|0x0000000083400000, 0x0000000083400000, 0x0000000083500000|  0%| F|  |TAMS 0x0000000083400000, 0x0000000083400000| Untracked 
|  25|0x0000000083500000, 0x0000000083500000, 0x0000000083600000|  0%| F|  |TAMS 0x0000000083500000, 0x0000000083500000| Untracked 
|  26|0x0000000083600000, 0x0000000083600000, 0x0000000083700000|  0%| F|  |TAMS 0x0000000083600000, 0x0000000083600000| Untracked 
|  27|0x0000000083700000, 0x0000000083700000, 0x0000000083800000|  0%| F|  |TAMS 0x0000000083700000, 0x0000000083700000| Untracked 
|  28|0x0000000083800000, 0x0000000083800000, 0x0000000083900000|  0%| F|  |TAMS 0x0000000083800000, 0x0000000083800000| Untracked 
|  29|0x0000000083900000, 0x0000000083900000, 0x0000000083a00000|  0%| F|  |TAMS 0x0000000083900000, 0x0000000083900000| Untracked 
|  30|0x0000000083a00000, 0x0000000083a00000, 0x0000000083b00000|  0%| F|  |TAMS 0x0000000083a00000, 0x0000000083a00000| Untracked 
|  31|0x0000000083b00000, 0x0000000083b00000, 0x0000000083c00000|  0%| F|  |TAMS 0x0000000083b00000, 0x0000000083b00000| Untracked 
|  32|0x0000000083c00000, 0x0000000083c00000, 0x0000000083d00000|  0%| F|  |TAMS 0x0000000083c00000, 0x0000000083c00000| Untracked 
|  33|0x0000000083d00000, 0x0000000083d00000, 0x0000000083e00000|  0%| F|  |TAMS 0x0000000083d00000, 0x0000000083d00000| Untracked 
|  34|0x0000000083e00000, 0x0000000083e00000, 0x0000000083f00000|  0%| F|  |TAMS 0x0000000083e00000, 0x0000000083e00000| Untracked 
|  35|0x0000000083f00000, 0x0000000083f00000, 0x0000000084000000|  0%| F|  |TAMS 0x0000000083f00000, 0x0000000083f00000| Untracked 
|  36|0x0000000084000000, 0x0000000084000000, 0x0000000084100000|  0%| F|  |TAMS 0x0000000084000000, 0x0000000084000000| Untracked 
|  37|0x0000000084100000, 0x0000000084100000, 0x0000000084200000|  0%| F|  |TAMS 0x0000000084100000, 0x0000000084100000| Untracked 
|  38|0x0000000084200000, 0x0000000084200000, 0x0000000084300000|  0%| F|  |TAMS 0x0000000084200000, 0x0000000084200000| Untracked 
|  39|0x0000000084300000, 0x0000000084300000, 0x0000000084400000|  0%| F|  |TAMS 0x0000000084300000, 0x0000000084300000| Untracked 
|  40|0x0000000084400000, 0x0000000084400000, 0x0000000084500000|  0%| F|  |TAMS 0x0000000084400000, 0x0000000084400000| Untracked 
|  41|0x0000000084500000, 0x0000000084500000, 0x0000000084600000|  0%| F|  |TAMS 0x0000000084500000, 0x0000000084500000| Untracked 
|  42|0x0000000084600000, 0x0000000084600000, 0x0000000084700000|  0%| F|  |TAMS 0x0000000084600000, 0x0000000084600000| Untracked 
|  43|0x0000000084700000, 0x0000000084700000, 0x0000000084800000|  0%| F|  |TAMS 0x0000000084700000, 0x0000000084700000| Untracked 
|  44|0x0000000084800000, 0x0000000084800000, 0x0000000084900000|  0%| F|  |TAMS 0x0000000084800000, 0x0000000084800000| Untracked 
|  45|0x0000000084900000, 0x0000000084900000, 0x0000000084a00000|  0%| F|  |TAMS 0x0000000084900000, 0x0000000084900000| Untracked 
|  46|0x0000000084a00000, 0x0000000084a00000, 0x0000000084b00000|  0%| F|  |TAMS 0x0000000084a00000, 0x0000000084a00000| Untracked 
|  47|0x0000000084b00000, 0x0000000084b00000, 0x0000000084c00000|  0%| F|  |TAMS 0x0000000084b00000, 0x0000000084b00000| Untracked 
|  48|0x0000000084c00000, 0x0000000084c00000, 0x0000000084d00000|  0%| F|  |TAMS 0x0000000084c00000, 0x0000000084c00000| Untracked 
|  49|0x0000000084d00000, 0x0000000084d00000, 0x0000000084e00000|  0%| F|  |TAMS 0x0000000084d00000, 0x0000000084d00000| Untracked 
|  50|0x0000000084e00000, 0x0000000084e00000, 0x0000000084f00000|  0%| F|  |TAMS 0x0000000084e00000, 0x0000000084e00000| Untracked 
|  51|0x0000000084f00000, 0x0000000084f00000, 0x0000000085000000|  0%| F|  |TAMS 0x0000000084f00000, 0x0000000084f00000| Untracked 
|  52|0x0000000085000000, 0x0000000085000000, 0x0000000085100000|  0%| F|  |TAMS 0x0000000085000000, 0x0000000085000000| Untracked 
|  53|0x0000000085100000, 0x0000000085100000, 0x0000000085200000|  0%| F|  |TAMS 0x0000000085100000, 0x0000000085100000| Untracked 
|  54|0x0000000085200000, 0x0000000085200000, 0x0000000085300000|  0%| F|  |TAMS 0x0000000085200000, 0x0000000085200000| Untracked 
|  55|0x0000000085300000, 0x0000000085300000, 0x0000000085400000|  0%| F|  |TAMS 0x0000000085300000, 0x0000000085300000| Untracked 
|  56|0x0000000085400000, 0x0000000085400000, 0x0000000085500000|  0%| F|  |TAMS 0x0000000085400000, 0x0000000085400000| Untracked 
|  57|0x0000000085500000, 0x0000000085500000, 0x0000000085600000|  0%| F|  |TAMS 0x0000000085500000, 0x0000000085500000| Untracked 
|  58|0x0000000085600000, 0x0000000085600000, 0x0000000085700000|  0%| F|  |TAMS 0x0000000085600000, 0x0000000085600000| Untracked 
|  59|0x0000000085700000, 0x0000000085700000, 0x0000000085800000|  0%| F|  |TAMS 0x0000000085700000, 0x0000000085700000| Untracked 
|  60|0x0000000085800000, 0x0000000085800000, 0x0000000085900000|  0%| F|  |TAMS 0x0000000085800000, 0x0000000085800000| Untracked 
|  61|0x0000000085900000, 0x0000000085900000, 0x0000000085a00000|  0%| F|  |TAMS 0x0000000085900000, 0x0000000085900000| Untracked 
|  62|0x0000000085a00000, 0x0000000085a00000, 0x0000000085b00000|  0%| F|  |TAMS 0x0000000085a00000, 0x0000000085a00000| Untracked 
|  63|0x0000000085b00000, 0x0000000085b00000, 0x0000000085c00000|  0%| F|  |TAMS 0x0000000085b00000, 0x0000000085b00000| Untracked 
|  64|0x0000000085c00000, 0x0000000085c00000, 0x0000000085d00000|  0%| F|  |TAMS 0x0000000085c00000, 0x0000000085c00000| Untracked 
|  65|0x0000000085d00000, 0x0000000085d00000, 0x0000000085e00000|  0%| F|  |TAMS 0x0000000085d00000, 0x0000000085d00000| Untracked 
|  66|0x0000000085e00000, 0x0000000085e00000, 0x0000000085f00000|  0%| F|  |TAMS 0x0000000085e00000, 0x0000000085e00000| Untracked 
|  67|0x0000000085f00000, 0x0000000085f00000, 0x0000000086000000|  0%| F|  |TAMS 0x0000000085f00000, 0x0000000085f00000| Untracked 
|  68|0x0000000086000000, 0x0000000086000000, 0x0000000086100000|  0%| F|  |TAMS 0x0000000086000000, 0x0000000086000000| Untracked 
|  69|0x0000000086100000, 0x0000000086100000, 0x0000000086200000|  0%| F|  |TAMS 0x0000000086100000, 0x0000000086100000| Untracked 
|  70|0x0000000086200000, 0x0000000086200000, 0x0000000086300000|  0%| F|  |TAMS 0x0000000086200000, 0x0000000086200000| Untracked 
|  71|0x0000000086300000, 0x0000000086300000, 0x0000000086400000|  0%| F|  |TAMS 0x0000000086300000, 0x0000000086300000| Untracked 
|  72|0x0000000086400000, 0x0000000086400000, 0x0000000086500000|  0%| F|  |TAMS 0x0000000086400000, 0x0000000086400000| Untracked 
|  73|0x0000000086500000, 0x0000000086500000, 0x0000000086600000|  0%| F|  |TAMS 0x0000000086500000, 0x0000000086500000| Untracked 
|  74|0x0000000086600000, 0x0000000086600000, 0x0000000086700000|  0%| F|  |TAMS 0x0000000086600000, 0x0000000086600000| Untracked 
|  75|0x0000000086700000, 0x0000000086700000, 0x0000000086800000|  0%| F|  |TAMS 0x0000000086700000, 0x0000000086700000| Untracked 
|  76|0x0000000086800000, 0x0000000086800000, 0x0000000086900000|  0%| F|  |TAMS 0x0000000086800000, 0x0000000086800000| Untracked 
|  77|0x0000000086900000, 0x0000000086900000, 0x0000000086a00000|  0%| F|  |TAMS 0x0000000086900000, 0x0000000086900000| Untracked 
|  78|0x0000000086a00000, 0x0000000086a00000, 0x0000000086b00000|  0%| F|  |TAMS 0x0000000086a00000, 0x0000000086a00000| Untracked 
|  79|0x0000000086b00000, 0x0000000086b00000, 0x0000000086c00000|  0%| F|  |TAMS 0x0000000086b00000, 0x0000000086b00000| Untracked 
|  80|0x0000000086c00000, 0x0000000086c00000, 0x0000000086d00000|  0%| F|  |TAMS 0x0000000086c00000, 0x0000000086c00000| Untracked 
|  81|0x0000000086d00000, 0x0000000086d00000, 0x0000000086e00000|  0%| F|  |TAMS 0x0000000086d00000, 0x0000000086d00000| Untracked 
|  82|0x0000000086e00000, 0x0000000086e00000, 0x0000000086f00000|  0%| F|  |TAMS 0x0000000086e00000, 0x0000000086e00000| Untracked 
|  83|0x0000000086f00000, 0x0000000086f00000, 0x0000000087000000|  0%| F|  |TAMS 0x0000000086f00000, 0x0000000086f00000| Untracked 
|  84|0x0000000087000000, 0x0000000087000000, 0x0000000087100000|  0%| F|  |TAMS 0x0000000087000000, 0x0000000087000000| Untracked 
|  85|0x0000000087100000, 0x0000000087100000, 0x0000000087200000|  0%| F|  |TAMS 0x0000000087100000, 0x0000000087100000| Untracked 
|  86|0x0000000087200000, 0x0000000087200000, 0x0000000087300000|  0%| F|  |TAMS 0x0000000087200000, 0x0000000087200000| Untracked 
|  87|0x0000000087300000, 0x0000000087300000, 0x0000000087400000|  0%| F|  |TAMS 0x0000000087300000, 0x0000000087300000| Untracked 
|  88|0x0000000087400000, 0x0000000087400000, 0x0000000087500000|  0%| F|  |TAMS 0x0000000087400000, 0x0000000087400000| Untracked 
|  89|0x0000000087500000, 0x0000000087500000, 0x0000000087600000|  0%| F|  |TAMS 0x0000000087500000, 0x0000000087500000| Untracked 
|  90|0x0000000087600000, 0x0000000087600000, 0x0000000087700000|  0%| F|  |TAMS 0x0000000087600000, 0x0000000087600000| Untracked 
|  91|0x0000000087700000, 0x0000000087700000, 0x0000000087800000|  0%| F|  |TAMS 0x0000000087700000, 0x0000000087700000| Untracked 
|  92|0x0000000087800000, 0x0000000087800000, 0x0000000087900000|  0%| F|  |TAMS 0x0000000087800000, 0x0000000087800000| Untracked 
|  93|0x0000000087900000, 0x0000000087900000, 0x0000000087a00000|  0%| F|  |TAMS 0x0000000087900000, 0x0000000087900000| Untracked 
|  94|0x0000000087a00000, 0x0000000087a00000, 0x0000000087b00000|  0%| F|  |TAMS 0x0000000087a00000, 0x0000000087a00000| Untracked 
|  95|0x0000000087b00000, 0x0000000087b00000, 0x0000000087c00000|  0%| F|  |TAMS 0x0000000087b00000, 0x0000000087b00000| Untracked 
|  96|0x0000000087c00000, 0x0000000087c00000, 0x0000000087d00000|  0%| F|  |TAMS 0x0000000087c00000, 0x0000000087c00000| Untracked 
|  97|0x0000000087d00000, 0x0000000087d00000, 0x0000000087e00000|  0%| F|  |TAMS 0x0000000087d00000, 0x0000000087d00000| Untracked 
|  98|0x0000000087e00000, 0x0000000087e00000, 0x0000000087f00000|  0%| F|  |TAMS 0x0000000087e00000, 0x0000000087e00000| Untracked 
|  99|0x0000000087f00000, 0x0000000087f00000, 0x0000000088000000|  0%| F|  |TAMS 0x0000000087f00000, 0x0000000087f00000| Untracked 
| 100|0x0000000088000000, 0x000000008801f5c0, 0x0000000088100000| 12%| S|CS|TAMS 0x0000000088000000, 0x0000000088000000| Complete 
| 101|0x0000000088100000, 0x0000000088200000, 0x0000000088200000|100%| S|CS|TAMS 0x0000000088100000, 0x0000000088100000| Complete 
| 102|0x0000000088200000, 0x0000000088200000, 0x0000000088300000|  0%| F|  |TAMS 0x0000000088200000, 0x0000000088200000| Untracked 
| 103|0x0000000088300000, 0x00000000883fb648, 0x0000000088400000| 98%| E|  |TAMS 0x0000000088300000, 0x0000000088300000| Complete 
| 104|0x0000000088400000, 0x0000000088500000, 0x0000000088500000|100%| E|CS|TAMS 0x0000000088400000, 0x0000000088400000| Complete 
| 105|0x0000000088500000, 0x0000000088600000, 0x0000000088600000|100%| E|CS|TAMS 0x0000000088500000, 0x0000000088500000| Complete 
| 106|0x0000000088600000, 0x0000000088700000, 0x0000000088700000|100%| E|CS|TAMS 0x0000000088600000, 0x0000000088600000| Complete 
| 107|0x0000000088700000, 0x0000000088800000, 0x0000000088800000|100%| E|CS|TAMS 0x0000000088700000, 0x0000000088700000| Complete 
| 108|0x0000000088800000, 0x0000000088900000, 0x0000000088900000|100%| E|CS|TAMS 0x0000000088800000, 0x0000000088800000| Complete 
| 109|0x0000000088900000, 0x0000000088a00000, 0x0000000088a00000|100%| E|CS|TAMS 0x0000000088900000, 0x0000000088900000| Complete 
| 110|0x0000000088a00000, 0x0000000088b00000, 0x0000000088b00000|100%| E|CS|TAMS 0x0000000088a00000, 0x0000000088a00000| Complete 
| 111|0x0000000088b00000, 0x0000000088c00000, 0x0000000088c00000|100%| E|CS|TAMS 0x0000000088b00000, 0x0000000088b00000| Complete 
| 112|0x0000000088c00000, 0x0000000088d00000, 0x0000000088d00000|100%| E|CS|TAMS 0x0000000088c00000, 0x0000000088c00000| Complete 
| 113|0x0000000088d00000, 0x0000000088e00000, 0x0000000088e00000|100%| E|CS|TAMS 0x0000000088d00000, 0x0000000088d00000| Complete 
| 114|0x0000000088e00000, 0x0000000088f00000, 0x0000000088f00000|100%| E|CS|TAMS 0x0000000088e00000, 0x0000000088e00000| Complete 
| 115|0x0000000088f00000, 0x0000000089000000, 0x0000000089000000|100%| E|CS|TAMS 0x0000000088f00000, 0x0000000088f00000| Complete 
| 116|0x0000000089000000, 0x0000000089100000, 0x0000000089100000|100%| E|CS|TAMS 0x0000000089000000, 0x0000000089000000| Complete 
| 117|0x0000000089100000, 0x0000000089200000, 0x0000000089200000|100%| E|CS|TAMS 0x0000000089100000, 0x0000000089100000| Complete 
| 118|0x0000000089200000, 0x0000000089300000, 0x0000000089300000|100%| E|CS|TAMS 0x0000000089200000, 0x0000000089200000| Complete 
| 119|0x0000000089300000, 0x0000000089400000, 0x0000000089400000|100%| E|CS|TAMS 0x0000000089300000, 0x0000000089300000| Complete 
| 120|0x0000000089400000, 0x0000000089500000, 0x0000000089500000|100%| E|CS|TAMS 0x0000000089400000, 0x0000000089400000| Complete 
| 121|0x0000000089500000, 0x0000000089600000, 0x0000000089600000|100%| E|CS|TAMS 0x0000000089500000, 0x0000000089500000| Complete 
| 122|0x0000000089600000, 0x0000000089700000, 0x0000000089700000|100%| E|CS|TAMS 0x0000000089600000, 0x0000000089600000| Complete 
| 123|0x0000000089700000, 0x0000000089800000, 0x0000000089800000|100%| E|CS|TAMS 0x0000000089700000, 0x0000000089700000| Complete 
| 124|0x0000000089800000, 0x0000000089900000, 0x0000000089900000|100%| E|CS|TAMS 0x0000000089800000, 0x0000000089800000| Complete 
| 125|0x0000000089900000, 0x0000000089a00000, 0x0000000089a00000|100%| E|CS|TAMS 0x0000000089900000, 0x0000000089900000| Complete 
| 126|0x0000000089a00000, 0x0000000089b00000, 0x0000000089b00000|100%| E|CS|TAMS 0x0000000089a00000, 0x0000000089a00000| Complete 
| 127|0x0000000089b00000, 0x0000000089c00000, 0x0000000089c00000|100%| E|CS|TAMS 0x0000000089b00000, 0x0000000089b00000| Complete 

Card table byte_map: [0x00000234fc950000,0x00000234fcd50000] _byte_map_base: 0x00000234fc542000

Marking Bits (Prev, Next): (CMBitMap*) 0x00000234fa6b7398, (CMBitMap*) 0x00000234fa6b73d0
 Prev Bits: [0x00000234fd150000, 0x00000234ff0e0000)
 Next Bits: [0x00000234972b0000, 0x0000023499240000)

Polling page: 0x00000234fa420000

Metaspace:

Usage:
  Non-class:     17.56 MB capacity,    17.35 MB ( 99%) used,   196.22 KB (  1%) free+waste,    23.25 KB ( <1%) overhead. 
      Class:      2.24 MB capacity,     2.11 MB ( 94%) used,   120.53 KB (  5%) free+waste,     9.56 KB ( <1%) overhead. 
       Both:     19.80 MB capacity,    19.46 MB ( 98%) used,   316.75 KB (  2%) free+waste,    32.81 KB ( <1%) overhead. 

Virtual space:
  Non-class space:       18.00 MB reserved,      17.75 MB ( 99%) committed 
      Class space:        1.00 GB reserved,       2.25 MB ( <1%) committed 
             Both:        1.02 GB reserved,      20.00 MB (  2%) committed 

Chunk freelists:
   Non-Class:  256 bytes
       Class:  1.75 KB
        Both:  2.00 KB

CodeHeap 'non-profiled nmethods': size=120064Kb used=838Kb max_used=838Kb free=119225Kb
 bounds [0x000002348fd70000, 0x000002348ffe0000, 0x00000234972b0000]
CodeHeap 'profiled nmethods': size=120000Kb used=4286Kb max_used=4286Kb free=115713Kb
 bounds [0x0000023488840000, 0x0000023488c70000, 0x000002348fd70000]
CodeHeap 'non-nmethods': size=5696Kb used=1106Kb max_used=1130Kb free=4589Kb
 bounds [0x00000234882b0000, 0x0000023488520000, 0x0000023488840000]
 total_blobs=2982 nmethods=2099 adapters=325
 compilation: enabled
              stopped_count=0, restarted_count=0
 full_count=0

Compilation events (10 events):
Event: 3.728 Thread 0x00000234ff768800 2088       3       sun.nio.cs.UTF_8$Encoder::encodeLoop (28 bytes)
Event: 3.729 Thread 0x00000234ff768800 nmethod 2088 0x0000023488c6af90 code [0x0000023488c6b180, 0x0000023488c6b5c0]
Event: 3.729 Thread 0x00000234ff768800 2092       3       sun.nio.cs.StreamEncoder::isOpen (13 bytes)
Event: 3.729 Thread 0x00000234ff768800 nmethod 2092 0x0000023488c6b710 code [0x0000023488c6b8c0, 0x0000023488c6ba78]
Event: 3.729 Thread 0x00000234ff768800 2093   !   3       java.io.PrintStream::write (69 bytes)
Event: 3.730 Thread 0x00000234ff768800 nmethod 2093 0x0000023488c6bb10 code [0x0000023488c6bd40, 0x0000023488c6c4e0]
Event: 3.730 Thread 0x00000234ff768800 2094  s    3       java.io.BufferedOutputStream::write (67 bytes)
Event: 3.730 Thread 0x00000234ff768800 nmethod 2094 0x0000023488c6c810 code [0x0000023488c6ca20, 0x0000023488c6d280]
Event: 3.745 Thread 0x00000234ff768800 2097       3       java.lang.Character::codePointBefore (48 bytes)
Event: 3.746 Thread 0x00000234ff768800 nmethod 2097 0x0000023488c6d490 code [0x0000023488c6d680, 0x0000023488c6dc80]

GC Heap History (6 events):
Event: 1.677 GC heap before
{Heap before GC invocations=0 (full 0):
 garbage-first heap   total 131072K, used 13312K [0x0000000081c00000, 0x0000000100000000)
  region size 1024K, 14 young (14336K), 0 survivors (0K)
 Metaspace       used 11533K, capacity 11808K, committed 12032K, reserved 1060864K
  class space    used 1082K, capacity 1171K, committed 1280K, reserved 1048576K
}
Event: 1.683 GC heap after
{Heap after GC invocations=1 (full 0):
 garbage-first heap   total 131072K, used 3579K [0x0000000081c00000, 0x0000000100000000)
  region size 1024K, 2 young (2048K), 2 survivors (2048K)
 Metaspace       used 11533K, capacity 11808K, committed 12032K, reserved 1060864K
  class space    used 1082K, capacity 1171K, committed 1280K, reserved 1048576K
}
Event: 1.968 GC heap before
{Heap before GC invocations=1 (full 0):
 garbage-first heap   total 131072K, used 10747K [0x0000000081c00000, 0x0000000100000000)
  region size 1024K, 9 young (9216K), 2 survivors (2048K)
 Metaspace       used 13519K, capacity 13740K, committed 14080K, reserved 1062912K
  class space    used 1351K, capacity 1431K, committed 1536K, reserved 1048576K
}
Event: 1.972 GC heap after
{Heap after GC invocations=2 (full 0):
 garbage-first heap   total 131072K, used 3962K [0x0000000081c00000, 0x0000000100000000)
  region size 1024K, 1 young (1024K), 1 survivors (1024K)
 Metaspace       used 13519K, capacity 13740K, committed 14080K, reserved 1062912K
  class space    used 1351K, capacity 1431K, committed 1536K, reserved 1048576K
}
Event: 2.705 GC heap before
{Heap before GC invocations=2 (full 0):
 garbage-first heap   total 131072K, used 28538K [0x0000000081c00000, 0x0000000100000000)
  region size 1024K, 26 young (26624K), 1 survivors (1024K)
 Metaspace       used 15987K, capacity 16212K, committed 16384K, reserved 1064960K
  class space    used 1669K, capacity 1761K, committed 1792K, reserved 1048576K
}
Event: 2.709 GC heap after
{Heap after GC invocations=3 (full 0):
 garbage-first heap   total 131072K, used 4710K [0x0000000081c00000, 0x0000000100000000)
  region size 1024K, 2 young (2048K), 2 survivors (2048K)
 Metaspace       used 15987K, capacity 16212K, committed 16384K, reserved 1064960K
  class space    used 1669K, capacity 1761K, committed 1792K, reserved 1048576K
}

Deoptimization events (10 events):
Event: 2.104 Thread 0x00000234fa67a000 Uncommon trap: reason=unstable_if action=reinterpret pc=0x000002348fdce434 method=sun.nio.cs.StreamDecoder.read0()I @ 39 c2
Event: 2.105 Thread 0x00000234fa67a000 Uncommon trap: reason=unstable_if action=reinterpret pc=0x000002348fdd43bc method=sun.nio.cs.StreamDecoder.implRead([CII)I @ 71 c2
Event: 2.109 Thread 0x00000234fa67a000 Uncommon trap: reason=unstable_if action=reinterpret pc=0x000002348fdd9e5c method=org.codehaus.plexus.util.xml.pull.MXParser.nextImpl()I @ 241 c2
Event: 2.125 Thread 0x00000234fa67a000 Uncommon trap: reason=unstable_if action=reinterpret pc=0x000002348fdd8998 method=sun.nio.cs.StreamDecoder.read0()I @ 39 c2
Event: 2.242 Thread 0x00000234fa67a000 Uncommon trap: reason=unstable_if action=reinterpret pc=0x000002348fdc6144 method=java.util.HashMap.getNode(ILjava/lang/Object;)Ljava/util/HashMap$Node; @ 129 c2
Event: 2.242 Thread 0x00000234fa67a000 Uncommon trap: reason=unstable_if action=reinterpret pc=0x000002348fdc4e28 method=java.util.HashMap.getNode(ILjava/lang/Object;)Ljava/util/HashMap$Node; @ 129 c2
Event: 2.595 Thread 0x00000234fa67a000 Uncommon trap: reason=speculate_class_check action=maybe_recompile pc=0x000002348fe05f28 method=java.lang.reflect.Executable.declaredAnnotations()Ljava/util/Map; @ 23 c2
Event: 2.605 Thread 0x00000234fa67a000 Uncommon trap: reason=speculate_class_check action=maybe_recompile pc=0x000002348fe05f28 method=java.lang.reflect.Executable.declaredAnnotations()Ljava/util/Map; @ 23 c2
Event: 2.608 Thread 0x00000234fa67a000 Uncommon trap: reason=speculate_class_check action=maybe_recompile pc=0x000002348fe05f28 method=java.lang.reflect.Executable.declaredAnnotations()Ljava/util/Map; @ 23 c2
Event: 2.610 Thread 0x00000234fa67a000 Uncommon trap: reason=speculate_class_check action=maybe_recompile pc=0x000002348fe05f28 method=java.lang.reflect.Executable.declaredAnnotations()Ljava/util/Map; @ 23 c2

Classes redefined (0 events):
No events

Internal exceptions (8 events):
Event: 0.653 Thread 0x00000234fa67a000 Exception <a 'java/lang/NoSuchMethodError'{0x0000000089726c50}: java.lang.invoke.DirectMethodHandle$Holder.invokeSpecialIFC(Ljava/lang/Object;Ljava/lang/Object;I)I> (0x0000000089726c50) thrown at [t:/workspace/open/src/hotspot/share/interpreter/linkResolv
Event: 0.735 Thread 0x00000234fa67a000 Exception <a 'java/lang/NoSuchMethodError'{0x000000008964c060}: java.lang.invoke.DirectMethodHandle$Holder.invokeStaticInit(Ljava/lang/Object;IIII)Ljava/lang/Object;> (0x000000008964c060) thrown at [t:/workspace/open/src/hotspot/share/interpreter/linkReso
Event: 1.078 Thread 0x00000234fa67a000 Exception <a 'java/lang/NoSuchMethodError'{0x00000000896a5578}: java.lang.invoke.DirectMethodHandle$Holder.invokeStaticInit(Ljava/lang/Object;Ljava/lang/Object;IIII)Ljava/lang/Object;> (0x00000000896a5578) thrown at [t:/workspace/open/src/hotspot/share/in
Event: 3.323 Thread 0x00000234fa67a000 Exception <a 'java/lang/NoClassDefFoundError'{0x0000000088bf9a88}: com/google/inject/servlet/ServletModuleTargetVisitor> (0x0000000088bf9a88) thrown at [t:/workspace/open/src/hotspot/share/classfile/systemDictionary.cpp, line 220]
Event: 3.323 Thread 0x00000234fa67a000 Exception <a 'java/lang/NoClassDefFoundError'{0x0000000088bf9a88}> (0x0000000088bf9a88) thrown at [t:/workspace/open/src/hotspot/share/prims/jvm.cpp, line 1300]
Event: 3.323 Thread 0x00000234fa67a000 Exception <a 'java/lang/NoClassDefFoundError'{0x0000000088bfca48}: javax/annotation/Priority> (0x0000000088bfca48) thrown at [t:/workspace/open/src/hotspot/share/classfile/systemDictionary.cpp, line 220]
Event: 3.755 Thread 0x00000234fa67a000 Exception <a 'java/lang/OutOfMemoryError'{0x000000008833ef30}> (0x000000008833ef30) thrown at [t:/workspace/open/src/hotspot/share/prims/jni.cpp, line 636]
Event: 3.755 Thread 0x00000234fa67a000 Exception <a 'java/lang/OutOfMemoryError'{0x000000008833ef30}> (0x000000008833ef30) thrown at [t:/workspace/open/src/hotspot/share/prims/jvm.cpp, line 1300]

Events (10 events):
Event: 3.750 loading class org/apache/maven/model/building/AbstractModelBuildingListener done
Event: 3.751 loading class org/apache/maven/model/building/DefaultModelBuildingResult
Event: 3.751 loading class org/apache/maven/model/building/DefaultModelBuildingResult done
Event: 3.752 loading class org/apache/maven/model/building/FileModelSource
Event: 3.752 loading class org/apache/maven/model/building/FileModelSource done
Event: 3.753 loading class org/apache/maven/model/building/ModelSource2
Event: 3.753 loading class org/apache/maven/model/building/ModelSource2 done
Event: 3.754 loading class org/apache/maven/model/io/xpp3/MavenXpp3ReaderEx
Event: 3.754 loading class org/apache/maven/model/io/xpp3/MavenXpp3ReaderEx done
Event: 3.756 loading class java/net/UnknownHostException


Dynamic libraries:
0x00007ff78a0f0000 - 0x00007ff78a137000 	C:\Program Files\Java\jdk-11.0.6\bin\java.exe
0x00007ff80e840000 - 0x00007ff80ea30000 	C:\WINDOWS\SYSTEM32\ntdll.dll
0x00007ff80e730000 - 0x00007ff80e7e2000 	C:\WINDOWS\System32\KERNEL32.DLL
0x00007ff80c310000 - 0x00007ff80c5b3000 	C:\WINDOWS\System32\KERNELBASE.dll
0x00007ff80dd40000 - 0x00007ff80dde3000 	C:\WINDOWS\System32\ADVAPI32.dll
0x00007ff80db80000 - 0x00007ff80dc1e000 	C:\WINDOWS\System32\msvcrt.dll
0x00007ff80dca0000 - 0x00007ff80dd37000 	C:\WINDOWS\System32\sechost.dll
0x00007ff80c970000 - 0x00007ff80ca90000 	C:\WINDOWS\System32\RPCRT4.dll
0x00007ff80d700000 - 0x00007ff80d894000 	C:\WINDOWS\System32\USER32.dll
0x00007ff80b9a0000 - 0x00007ff80b9c1000 	C:\WINDOWS\System32\win32u.dll
0x00007ff80e6f0000 - 0x00007ff80e716000 	C:\WINDOWS\System32\GDI32.dll
0x00007ff80c150000 - 0x00007ff80c2e4000 	C:\WINDOWS\System32\gdi32full.dll
0x00007ff80c6f0000 - 0x00007ff80c78e000 	C:\WINDOWS\System32\msvcp_win.dll
0x00007ff80b8a0000 - 0x00007ff80b99a000 	C:\WINDOWS\System32\ucrtbase.dll
0x00007ffffd1f0000 - 0x00007ffffd475000 	C:\WINDOWS\WinSxS\amd64_microsoft.windows.common-controls_6595b64144ccf1df_6.0.18362.720_none_e6beb5c51314836b\COMCTL32.dll
0x00007ff80cb70000 - 0x00007ff80cea6000 	C:\WINDOWS\System32\combase.dll
0x00007ff80c5c0000 - 0x00007ff80c640000 	C:\WINDOWS\System32\bcryptPrimitives.dll
0x00007ff803cb0000 - 0x00007ff803cba000 	C:\WINDOWS\SYSTEM32\VERSION.dll
0x00007ff80ceb0000 - 0x00007ff80cede000 	C:\WINDOWS\System32\IMM32.DLL
0x00007ffff6fd0000 - 0x00007ffff6fe6000 	C:\Program Files\Java\jdk-11.0.6\bin\vcruntime140.dll
0x00007ffff6d70000 - 0x00007ffff6e1a000 	C:\Program Files\Java\jdk-11.0.6\bin\msvcp140.dll
0x00007fffb5730000 - 0x00007fffb6259000 	C:\Program Files\Java\jdk-11.0.6\bin\server\jvm.dll
0x00007ff80e720000 - 0x00007ff80e728000 	C:\WINDOWS\System32\PSAPI.DLL
0x00007ffff6980000 - 0x00007ffff6989000 	C:\WINDOWS\SYSTEM32\WSOCK32.dll
0x00007ff80e680000 - 0x00007ff80e6ef000 	C:\WINDOWS\System32\WS2_32.dll
0x00007ff807700000 - 0x00007ff807724000 	C:\WINDOWS\SYSTEM32\WINMM.dll
0x00007ff8076d0000 - 0x00007ff8076fd000 	C:\WINDOWS\SYSTEM32\WINMMBASE.dll
0x00007ff80b850000 - 0x00007ff80b89a000 	C:\WINDOWS\System32\cfgmgr32.dll
0x00007ff80b830000 - 0x00007ff80b841000 	C:\WINDOWS\System32\kernel.appcore.dll
0x00007ffff6d50000 - 0x00007ffff6d61000 	C:\Program Files\Java\jdk-11.0.6\bin\verify.dll
0x00007ff80a060000 - 0x00007ff80a254000 	C:\WINDOWS\SYSTEM32\DBGHELP.DLL
0x00007ffff7370000 - 0x00007ffff739a000 	C:\WINDOWS\SYSTEM32\dbgcore.DLL
0x00007ffff6d20000 - 0x00007ffff6d49000 	C:\Program Files\Java\jdk-11.0.6\bin\java.dll
0x00007ffff6cf0000 - 0x00007ffff6d1f000 	C:\Program Files\Java\jdk-11.0.6\bin\instrument.dll
0x00007ffff6cd0000 - 0x00007ffff6ce6000 	C:\Program Files\Java\jdk-11.0.6\bin\zip.dll
0x00007ff8052a0000 - 0x00007ff8052aa000 	C:\Program Files\Java\jdk-11.0.6\bin\jimage.dll
0x00007ff80dea0000 - 0x00007ff80e585000 	C:\WINDOWS\System32\SHELL32.dll
0x00007ff80ddf0000 - 0x00007ff80de99000 	C:\WINDOWS\System32\shcore.dll
0x00007ff80b9d0000 - 0x00007ff80c150000 	C:\WINDOWS\System32\windows.storage.dll
0x00007ff80b790000 - 0x00007ff80b7b3000 	C:\WINDOWS\System32\profapi.dll
0x00007ff80b7c0000 - 0x00007ff80b80a000 	C:\WINDOWS\System32\powrprof.dll
0x00007ff80b780000 - 0x00007ff80b790000 	C:\WINDOWS\System32\UMPDC.dll
0x00007ff80d6a0000 - 0x00007ff80d6f2000 	C:\WINDOWS\System32\shlwapi.dll
0x00007ff80c2f0000 - 0x00007ff80c307000 	C:\WINDOWS\System32\cryptsp.dll
0x00007ffff6cb0000 - 0x00007ffff6cc9000 	C:\Program Files\Java\jdk-11.0.6\bin\net.dll
0x00007ffffeb60000 - 0x00007ffffec51000 	C:\WINDOWS\SYSTEM32\WINHTTP.dll
0x00007ff80aff0000 - 0x00007ff80b057000 	C:\WINDOWS\system32\mswsock.dll
0x00007ffff6c90000 - 0x00007ffff6ca3000 	C:\Program Files\Java\jdk-11.0.6\bin\nio.dll
0x00007ffff6c70000 - 0x00007ffff6c8a000 	C:\Program Files\JetBrains\IntelliJ IDEA Community Edition 2019.3.4\bin\breakgen64.dll
0x00007ff80ab60000 - 0x00007ff80ab93000 	C:\WINDOWS\system32\rsaenh.dll
0x00007ff80c940000 - 0x00007ff80c966000 	C:\WINDOWS\System32\bcrypt.dll
0x00007ff80b6a0000 - 0x00007ff80b6c5000 	C:\WINDOWS\SYSTEM32\USERENV.dll
0x00007ff80b1c0000 - 0x00007ff80b1cc000 	C:\WINDOWS\SYSTEM32\CRYPTBASE.dll
0x00007ff80ad00000 - 0x00007ff80ad3a000 	C:\WINDOWS\SYSTEM32\IPHLPAPI.DLL
0x00007ff80e7f0000 - 0x00007ff80e7f8000 	C:\WINDOWS\System32\NSI.dll
0x00007fffffad0000 - 0x00007fffffae6000 	C:\WINDOWS\SYSTEM32\dhcpcsvc6.DLL
0x00007ff800010000 - 0x00007ff80002c000 	C:\WINDOWS\SYSTEM32\dhcpcsvc.DLL
0x00007ff80ad40000 - 0x00007ff80ae0a000 	C:\WINDOWS\SYSTEM32\DNSAPI.dll
0x00007ffff6e20000 - 0x00007ffff6e2a000 	C:\Users\Dhanushguntha\AppData\Local\Temp\jansi-1.17.1-15337489156903205965.dll
0x00007ffff6c60000 - 0x00007ffff6c6a000 	C:\Users\Dhanushguntha\AppData\Local\Temp\jansi-1.17.1-17358703905010831329.dll

dbghelp: loaded successfully - version: 4.0.5 - missing functions: none
symbol engine: initialized successfully - sym options: 0x614 - pdb path: .;C:\Program Files\Java\jdk-11.0.6\bin;C:\WINDOWS\SYSTEM32;C:\WINDOWS\WinSxS\amd64_microsoft.windows.common-controls_6595b64144ccf1df_6.0.18362.720_none_e6beb5c51314836b;C:\Program Files\Java\jdk-11.0.6\bin\server;C:\Program Files\JetBrains\IntelliJ IDEA Community Edition 2019.3.4\bin;C:\Users\Dhanushguntha\AppData\Local\Temp

VM Arguments:
jvm_args: -Dmaven.multiModuleProjectDirectory=C:\Users\Dhanushguntha\Desktop\webcontroller\webcontroller -Dmaven.home=C:\Program Files\JetBrains\IntelliJ IDEA Community Edition 2019.3.4\plugins\maven\lib\maven3 -Dclassworlds.conf=C:\Program Files\JetBrains\IntelliJ IDEA Community Edition 2019.3.4\plugins\maven\lib\maven3\bin\m2.conf -Dmaven.ext.class.path=C:\Program Files\JetBrains\IntelliJ IDEA Community Edition 2019.3.4\plugins\maven\lib\maven-event-listener.jar -javaagent:C:\Program Files\JetBrains\IntelliJ IDEA Community Edition 2019.3.4\lib\idea_rt.jar=52246:C:\Program Files\JetBrains\IntelliJ IDEA Community Edition 2019.3.4\bin -Dfile.encoding=UTF-8 
java_command: org.codehaus.classworlds.Launcher -Didea.version2019.3.4 spring-boot:run
java_class_path (initial): C:\Program Files\JetBrains\IntelliJ IDEA Community Edition 2019.3.4\plugins\maven\lib\maven3\boot\plexus-classworlds-2.6.0.jar
Launcher Type: SUN_STANDARD

[Global flags]
     intx CICompilerCount                          = 3                                         {product} {ergonomic}
     uint ConcGCThreads                            = 1                                         {product} {ergonomic}
     uint G1ConcRefinementThreads                  = 4                                         {product} {ergonomic}
   size_t G1HeapRegionSize                         = 1048576                                   {product} {ergonomic}
    uintx GCDrainStackTargetSize                   = 64                                        {product} {ergonomic}
   size_t InitialHeapSize                          = 134217728                                 {product} {ergonomic}
   size_t MarkStackSize                            = 4194304                                   {product} {ergonomic}
   size_t MaxHeapSize                              = 2118123520                                {product} {ergonomic}
   size_t MaxNewSize                               = 1270874112                                {product} {ergonomic}
   size_t MinHeapDeltaBytes                        = 1048576                                   {product} {ergonomic}
    uintx NonNMethodCodeHeapSize                   = 5830732                                {pd product} {ergonomic}
    uintx NonProfiledCodeHeapSize                  = 122913754                              {pd product} {ergonomic}
    uintx ProfiledCodeHeapSize                     = 122913754                              {pd product} {ergonomic}
    uintx ReservedCodeCacheSize                    = 251658240                              {pd product} {ergonomic}
     bool SegmentedCodeCache                       = true                                      {product} {ergonomic}
     bool UseCompressedClassPointers               = true                                 {lp64_product} {ergonomic}
     bool UseCompressedOops                        = true                                 {lp64_product} {ergonomic}
     bool UseG1GC                                  = true                                      {product} {ergonomic}
     bool UseLargePagesIndividualAllocation        = false                                  {pd product} {ergonomic}

Logging:
Log output configuration:
 #0: stdout all=warning uptime,level,tags
 #1: stderr all=off uptime,level,tags

Environment Variables:
JAVA_HOME=C:\Program Files\Java\jdk-11.0.6
PATH=C:\Program Files (x86)\Intel\iCLS Client\;C:\Program Files\Intel\iCLS Client\;C:\windows\system32;C:\windows;C:\windows\System32\Wbem;C:\windows\System32\WindowsPowerShell\v1.0\;C:\Program Files (x86)\Intel\Intel(R) Management Engine Components\DAL;C:\Program Files\Intel\Intel(R) Management Engine Components\DAL;C:\Program Files (x86)\Intel\Intel(R) Management Engine Components\IPT;C:\Program Files\Intel\Intel(R) Management Engine Components\IPT;C:\Program Files (x86)\NVIDIA Corporation\PhysX\Common;C:\WINDOWS\system32;C:\WINDOWS;C:\WINDOWS\System32\Wbem;C:\WINDOWS\System32\WindowsPowerShell\v1.0\;C:\WINDOWS\System32\OpenSSH\;C:\Program Files\Intel\WiFi\bin\;C:\Program Files\Common Files\Intel\WirelessCommon\;C:\Program Files\Git\cmd;C:\Program Files (x86)\Yarn\bin\;C:\Program Files\NVIDIA Corporation\NVIDIA NvDLISR;C:\Program Files\nodejs;C:\ProgramData\chocolatey\bin;C:\Program Files\nodejs\;C:\opt\apache-maven-3.6.3\bin;C:\Program Files\Java\jdk-11.0.6\bin;C:\Users\Dhanushguntha\AppData\Local\Programs\Python\Python38\Scripts\;C:\Users\Dhanushguntha\AppData\Local\Programs\Python\Python38\;C:\Users\Dhanushguntha\anaconda3;C:\Users\Dhanushguntha\anaconda3\Library\mingw-w64\bin;C:\Users\Dhanushguntha\anaconda3\Library\usr\bin;C:\Users\Dhanushguntha\anaconda3\Library\bin;C:\Users\Dhanushguntha\anaconda3\Scripts;C:\Users\Dhanushguntha\AppData\Local\Programs\Microsoft VS Code\bin;C:\Users\Dhanushguntha\AppData\Roaming\npm;C:\Users\Dhanushguntha\AppData\Local\Programs\Python\Python38-32\Scripts;
USERNAME=Dhanushguntha
OS=Windows_NT
PROCESSOR_IDENTIFIER=Intel64 Family 6 Model 142 Stepping 9, GenuineIntel



---------------  S Y S T E M  ---------------

OS: Windows 10 , 64 bit Build 18362 (10.0.18362.329)

CPU:total 4 (initial active 4) (2 cores per cpu, 2 threads per core) family 6 model 142 stepping 9, cmov, cx8, fxsr, mmx, sse, sse2, sse3, ssse3, sse4.1, sse4.2, popcnt, avx, avx2, aes, clmul, erms, 3dnowpref, lzcnt, ht, tsc, tscinvbit, bmi1, bmi2, adx, fma

Memory: 4k page, system-wide physical 8077M (1149M free)
TotalPageFile size 8077M (AvailPageFile size 4M)
current process WorkingSet (physical memory assigned to process): 111M, peak: 111M
current process commit charge ("private bytes"): 241M, peak: 241M

vm_info: Java HotSpot(TM) 64-Bit Server VM (11.0.6+8-LTS) for windows-amd64 JRE (11.0.6+8-LTS), built on Dec 11 2019 09:17:57 by "mach5one" with MS VC++ 15.5 (VS2017)

END.
