#
# There is insufficient memory for the Java Runtime Environment to continue.
# Native memory allocation (malloc) failed to allocate 782896 bytes for Chunk::new
# Possible reasons:
#   The system is out of physical RAM or swap space
#   The process is running with CompressedOops enabled, and the Java Heap may be blocking the growth of the native heap
# Possible solutions:
#   Reduce memory load on the system
#   Increase physical memory or swap space
#   Check if swap backing store is full
#   Decrease Java heap size (-Xmx/-Xms)
#   Decrease number of Java threads
#   Decrease Java thread stack sizes (-Xss)
#   Set larger code cache with -XX:ReservedCodeCacheSize=
#   JVM is running with Unscaled Compressed Oops mode in which the Java heap is
#     placed in the first 4GB address space. The Java Heap base address is the
#     maximum limit for the native heap growth. Please use -XX:HeapBaseMinAddress
#     to set the Java Heap base and to place the Java Heap above 4GB virtual address.
# This output file may be truncated or incomplete.
#
#  Out of Memory Error (allocation.cpp:389), pid=1516, tid=0x00000000000017f4
#
# JRE version: Java(TM) SE Runtime Environment (8.0_241-b07) (build 1.8.0_241-b07)
# Java VM: Java HotSpot(TM) 64-Bit Server VM (25.241-b07 mixed mode windows-amd64 compressed oops)
# Failed to write core dump. Minidumps are not enabled by default on client versions of Windows
#

---------------  T H R E A D  ---------------

Current thread (0x000000001711a800):  JavaThread "C2 CompilerThread0" daemon [_thread_in_native, id=6132, stack(0x0000000018770000,0x0000000018870000)]

Stack: [0x0000000018770000,0x0000000018870000]
[error occurred during error reporting (printing stack bounds), id 0xc0000005]

Native frames: (J=compiled Java code, j=interpreted, Vv=VM code, C=native code)


Current CompileTask:
C2:   5086 1653       4       java.net.URLClassLoader$1::run (5 bytes)


---------------  P R O C E S S  ---------------

Java Threads: ( => current thread )
  0x0000000018a91000 JavaThread "Service Thread" daemon [_thread_blocked, id=11076, stack(0x0000000018e70000,0x0000000018f70000)]
  0x0000000017124000 JavaThread "C1 CompilerThread2" daemon [_thread_blocked, id=1424, stack(0x0000000018970000,0x0000000018a70000)]
  0x000000001711e000 JavaThread "C2 CompilerThread1" daemon [_thread_in_native, id=7068, stack(0x0000000018870000,0x0000000018970000)]
=>0x000000001711a800 JavaThread "C2 CompilerThread0" daemon [_thread_in_native, id=6132, stack(0x0000000018770000,0x0000000018870000)]
  0x0000000017117800 JavaThread "Attach Listener" daemon [_thread_blocked, id=10512, stack(0x0000000018670000,0x0000000018770000)]
  0x0000000017116800 JavaThread "Signal Dispatcher" daemon [_thread_blocked, id=4856, stack(0x0000000018570000,0x0000000018670000)]
  0x00000000025dc000 JavaThread "Finalizer" daemon [_thread_blocked, id=5076, stack(0x0000000018370000,0x0000000018470000)]
  0x00000000025d3000 JavaThread "Reference Handler" daemon [_thread_blocked, id=8324, stack(0x0000000018270000,0x0000000018370000)]
  0x00000000024e2800 JavaThread "main" [_thread_in_vm, id=11860, stack(0x0000000002350000,0x0000000002450000)]

Other Threads:
  0x00000000170d7800 VMThread [stack: 0x0000000018170000,0x0000000018270000] [id=2036]
  0x0000000018ac4800 WatcherThread [stack: 0x0000000018f70000,0x0000000019070000] [id=11356]

VM state:not at safepoint (normal execution)

VM Mutex/Monitor currently owned by a thread: None

heap address: 0x0000000081c00000, size: 2020 MB, Compressed Oops mode: 32-bit
Narrow klass base: 0x0000000000000000, Narrow klass shift: 3
Compressed class space size: 1073741824 Address: 0x0000000100000000

Heap:
 PSYoungGen      total 38400K, used 38369K [0x00000000d5f00000, 0x00000000d8980000, 0x0000000100000000)
  eden space 33280K, 100% used [0x00000000d5f00000,0x00000000d7f80000,0x00000000d7f80000)
  from space 5120K, 99% used [0x00000000d8480000,0x00000000d8978428,0x00000000d8980000)
  to   space 5120K, 0% used [0x00000000d7f80000,0x00000000d7f80000,0x00000000d8480000)
 ParOldGen       total 87552K, used 2118K [0x0000000081c00000, 0x0000000087180000, 0x00000000d5f00000)
  object space 87552K, 2% used [0x0000000081c00000,0x0000000081e11968,0x0000000087180000)
 Metaspace       used 15467K, capacity 15712K, committed 15872K, reserved 1062912K
  class space    used 1874K, capacity 1980K, committed 2048K, reserved 1048576K

Card table byte_map: [0x00000000119a0000,0x0000000011da0000] byte_map_base: 0x0000000011592000

Marking Bits: (ParMarkBitMap*) 0x0000000067cdbe30
 Begin Bits: [0x0000000012450000, 0x00000000143e0000)
 End Bits:   [0x00000000143e0000, 0x0000000016370000)

Polling page: 0x0000000000740000

CodeCache: size=245760Kb used=6348Kb max_used=6365Kb free=239411Kb
 bounds [0x00000000025e0000, 0x0000000002c20000, 0x00000000115e0000]
 total_blobs=2222 nmethods=1849 adapters=285
 compilation: enabled

Compilation events (10 events):
Event: 5.071 Thread 0x0000000017124000 1855       3       java.util.ArrayList::<init> (67 bytes)
Event: 5.071 Thread 0x0000000017124000 nmethod 1855 0x0000000002c12cd0 code [0x0000000002c12e80, 0x0000000002c133b8]
Event: 5.072 Thread 0x0000000017124000 1856       3       java.util.AbstractCollection::toArray (70 bytes)
Event: 5.072 Thread 0x0000000017124000 nmethod 1856 0x0000000002c13590 code [0x0000000002c13780, 0x0000000002c14108]
Event: 5.073 Thread 0x0000000017124000 1857       3       org.apache.maven.model.validation.DefaultModelValidator::isValidIdWithWildCards (34 bytes)
Event: 5.074 Thread 0x0000000017124000 nmethod 1857 0x0000000002c143d0 code [0x0000000002c14580, 0x0000000002c14c78]
Event: 5.077 Thread 0x0000000017124000 1859       3       java.util.StringTokenizer::nextToken (92 bytes)
Event: 5.077 Thread 0x0000000017124000 nmethod 1859 0x0000000002c14f50 code [0x0000000002c15100, 0x0000000002c15538]
Event: 5.084 Thread 0x000000001711e000 nmethod 1816 0x0000000002c19b10 code [0x0000000002c19e00, 0x0000000002c1b390]
Event: 5.084 Thread 0x000000001711e000 1850       4       sun.nio.cs.UTF_8$Decoder::decodeArrayLoop (691 bytes)

GC Heap History (4 events):
Event: 2.541 GC heap before
{Heap before GC invocations=1 (full 0):
 PSYoungGen      total 38400K, used 33280K [0x00000000d5f00000, 0x00000000d8980000, 0x0000000100000000)
  eden space 33280K, 100% used [0x00000000d5f00000,0x00000000d7f80000,0x00000000d7f80000)
  from space 5120K, 0% used [0x00000000d8480000,0x00000000d8480000,0x00000000d8980000)
  to   space 5120K, 0% used [0x00000000d7f80000,0x00000000d7f80000,0x00000000d8480000)
 ParOldGen       total 87552K, used 0K [0x0000000081c00000, 0x0000000087180000, 0x00000000d5f00000)
  object space 87552K, 0% used [0x0000000081c00000,0x0000000081c00000,0x0000000087180000)
 Metaspace       used 8987K, capacity 9140K, committed 9344K, reserved 1056768K
  class space    used 1075K, capacity 1152K, committed 1152K, reserved 1048576K
Event: 2.553 GC heap after
Heap after GC invocations=1 (full 0):
 PSYoungGen      total 38400K, used 5115K [0x00000000d5f00000, 0x00000000d8980000, 0x0000000100000000)
  eden space 33280K, 0% used [0x00000000d5f00000,0x00000000d5f00000,0x00000000d7f80000)
  from space 5120K, 99% used [0x00000000d7f80000,0x00000000d847efb0,0x00000000d8480000)
  to   space 5120K, 0% used [0x00000000d8480000,0x00000000d8480000,0x00000000d8980000)
 ParOldGen       total 87552K, used 218K [0x0000000081c00000, 0x0000000087180000, 0x00000000d5f00000)
  object space 87552K, 0% used [0x0000000081c00000,0x0000000081c36b30,0x0000000087180000)
 Metaspace       used 8987K, capacity 9140K, committed 9344K, reserved 1056768K
  class space    used 1075K, capacity 1152K, committed 1152K, reserved 1048576K
}
Event: 3.654 GC heap before
{Heap before GC invocations=2 (full 0):
 PSYoungGen      total 38400K, used 38395K [0x00000000d5f00000, 0x00000000d8980000, 0x0000000100000000)
  eden space 33280K, 100% used [0x00000000d5f00000,0x00000000d7f80000,0x00000000d7f80000)
  from space 5120K, 99% used [0x00000000d7f80000,0x00000000d847efb0,0x00000000d8480000)
  to   space 5120K, 0% used [0x00000000d8480000,0x00000000d8480000,0x00000000d8980000)
 ParOldGen       total 87552K, used 218K [0x0000000081c00000, 0x0000000087180000, 0x00000000d5f00000)
  object space 87552K, 0% used [0x0000000081c00000,0x0000000081c36b30,0x0000000087180000)
 Metaspace       used 12274K, capacity 12518K, committed 12672K, reserved 1060864K
  class space    used 1499K, capacity 1613K, committed 1664K, reserved 1048576K
Event: 3.666 GC heap after
Heap after GC invocations=2 (full 0):
 PSYoungGen      total 38400K, used 5089K [0x00000000d5f00000, 0x00000000d8980000, 0x0000000100000000)
  eden space 33280K, 0% used [0x00000000d5f00000,0x00000000d5f00000,0x00000000d7f80000)
  from space 5120K, 99% used [0x00000000d8480000,0x00000000d8978428,0x00000000d8980000)
  to   space 5120K, 0% used [0x00000000d7f80000,0x00000000d7f80000,0x00000000d8480000)
 ParOldGen       total 87552K, used 2118K [0x0000000081c00000, 0x0000000087180000, 0x00000000d5f00000)
  object space 87552K, 2% used [0x0000000081c00000,0x0000000081e11968,0x0000000087180000)
 Metaspace       used 12274K, capacity 12518K, committed 12672K, reserved 1060864K
  class space    used 1499K, capacity 1613K, committed 1664K, reserved 1048576K
}

Deoptimization events (10 events):
Event: 4.349 Thread 0x00000000024e2800 Uncommon trap: reason=unstable_if action=reinterpret pc=0x0000000002affd50 method=org.eclipse.sisu.inject.InjectorBindings.isAssignableFrom(Lcom/google/inject/TypeLiteral;Lcom/google/inject/Binding;)Z @ 14
Event: 4.563 Thread 0x00000000024e2800 Uncommon trap: reason=unstable_if action=reinterpret pc=0x00000000028a70d0 method=java.lang.AbstractStringBuilder.append(Ljava/lang/String;)Ljava/lang/AbstractStringBuilder; @ 1
Event: 4.563 Thread 0x00000000024e2800 Uncommon trap: reason=unstable_if action=reinterpret pc=0x00000000027f7cc4 method=java.lang.AbstractStringBuilder.append(Ljava/lang/String;)Ljava/lang/AbstractStringBuilder; @ 1
Event: 4.610 Thread 0x00000000024e2800 Uncommon trap: reason=unstable_if action=reinterpret pc=0x0000000002799c54 method=java.lang.String.replace(CC)Ljava/lang/String; @ 2
Event: 4.857 Thread 0x00000000024e2800 Uncommon trap: reason=unstable_if action=reinterpret pc=0x0000000002b3ec84 method=org.codehaus.plexus.util.xml.pull.MXParser.nextImpl()I @ 879
Event: 4.907 Thread 0x00000000024e2800 Uncommon trap: reason=null_check action=make_not_entrant pc=0x0000000002b99ee4 method=org.apache.maven.model.io.xpp3.MavenXpp3ReaderEx.checkFieldWithDuplicate(Lorg/codehaus/plexus/util/xml/pull/XmlPullParser;Ljava/lang/String;Ljava/lang/String;Ljava/util/
Event: 4.916 Thread 0x00000000024e2800 Uncommon trap: reason=unstable_if action=reinterpret pc=0x0000000002b6e570 method=java.lang.String.trim()Ljava/lang/String; @ 63
Event: 4.922 Thread 0x00000000024e2800 Uncommon trap: reason=unstable_if action=reinterpret pc=0x000000000285aec4 method=sun.nio.cs.UTF_8$Decoder.decode([BII[C)I @ 30
Event: 4.922 Thread 0x00000000024e2800 Uncommon trap: reason=unstable_if action=reinterpret pc=0x00000000028988d4 method=sun.nio.cs.UTF_8$Decoder.decodeArrayLoop(Ljava/nio/ByteBuffer;Ljava/nio/CharBuffer;)Ljava/nio/charset/CoderResult; @ 84
Event: 5.025 Thread 0x00000000024e2800 Uncommon trap: reason=unstable_if action=reinterpret pc=0x0000000002930e1c method=java.lang.String.regionMatches(ZILjava/lang/String;II)Z @ 25

Classes redefined (0 events):
No events

Internal exceptions (10 events):
Event: 4.115 Thread 0x00000000024e2800 Exception <a 'java/lang/NoClassDefFoundError': javax/annotation/Priority> (0x00000000d6a03788) thrown at [C:\ade\jenkins\workspace\8-2-build-windows-amd64-cygwin\jdk8u241\331\hotspot\src\share\vm\classfile\systemDictionary.cpp, line 199]
Event: 4.476 Thread 0x00000000024e2800 Exception <a 'java/lang/NullPointerException'> (0x00000000d6fdea20) thrown at [C:\ade\jenkins\workspace\8-2-build-windows-amd64-cygwin\jdk8u241\331\hotspot\src\share\vm\interpreter\linkResolver.cpp, line 1185]
Event: 4.477 Thread 0x00000000024e2800 Exception <a 'java/lang/NullPointerException'> (0x00000000d6fdec38) thrown at [C:\ade\jenkins\workspace\8-2-build-windows-amd64-cygwin\jdk8u241\331\hotspot\src\share\vm\interpreter\linkResolver.cpp, line 1185]
Event: 4.477 Thread 0x00000000024e2800 Exception <a 'java/lang/NullPointerException'> (0x00000000d6fdee50) thrown at [C:\ade\jenkins\workspace\8-2-build-windows-amd64-cygwin\jdk8u241\331\hotspot\src\share\vm\interpreter\linkResolver.cpp, line 1185]
Event: 4.478 Thread 0x00000000024e2800 Exception <a 'java/lang/NullPointerException'> (0x00000000d6fe7590) thrown at [C:\ade\jenkins\workspace\8-2-build-windows-amd64-cygwin\jdk8u241\331\hotspot\src\share\vm\interpreter\linkResolver.cpp, line 1185]
Event: 4.478 Thread 0x00000000024e2800 Exception <a 'java/lang/NullPointerException'> (0x00000000d6fe77a8) thrown at [C:\ade\jenkins\workspace\8-2-build-windows-amd64-cygwin\jdk8u241\331\hotspot\src\share\vm\interpreter\linkResolver.cpp, line 1185]
Event: 4.478 Thread 0x00000000024e2800 Exception <a 'java/lang/NullPointerException'> (0x00000000d6fe79c0) thrown at [C:\ade\jenkins\workspace\8-2-build-windows-amd64-cygwin\jdk8u241\331\hotspot\src\share\vm\interpreter\linkResolver.cpp, line 1185]
Event: 4.563 Thread 0x00000000024e2800 Implicit null exception at 0x00000000028a6d14 to 0x00000000028a70b9
Event: 4.563 Thread 0x00000000024e2800 Implicit null exception at 0x00000000027f7916 to 0x00000000027f7cad
Event: 4.907 Thread 0x00000000024e2800 Implicit null exception at 0x0000000002b98c10 to 0x0000000002b99ecd

Events (10 events):
Event: 5.081 loading class org/codehaus/plexus/util/dag/DAG
Event: 5.081 loading class org/codehaus/plexus/util/dag/DAG done
Event: 5.081 loading class org/codehaus/plexus/util/dag/Vertex
Event: 5.081 loading class org/codehaus/plexus/util/dag/Vertex done
Event: 5.082 loading class org/codehaus/plexus/util/dag/TopologicalSorter
Event: 5.082 loading class org/codehaus/plexus/util/dag/TopologicalSorter done
Event: 5.083 loading class java/util/LinkedList$ListItr
Event: 5.083 loading class java/util/LinkedList$ListItr done
Event: 5.084 loading class org/eclipse/aether/util/repository/ChainedWorkspaceReader
Event: 5.084 loading class org/eclipse/aether/util/repository/ChainedWorkspaceReader done


Dynamic libraries:
0x00007ff7de7c0000 - 0x00007ff7de7f7000 	C:\Program Files\Java\jdk1.8.0_241\bin\java.exe
0x00007ffc8fac0000 - 0x00007ffc8fcb0000 	C:\WINDOWS\SYSTEM32\ntdll.dll
0x00007ffc8e5e0000 - 0x00007ffc8e692000 	C:\WINDOWS\System32\KERNEL32.DLL
0x00007ffc8cff0000 - 0x00007ffc8d293000 	C:\WINDOWS\System32\KERNELBASE.dll
0x00007ffc8ec10000 - 0x00007ffc8ecb3000 	C:\WINDOWS\System32\ADVAPI32.dll
0x00007ffc8f450000 - 0x00007ffc8f4ee000 	C:\WINDOWS\System32\msvcrt.dll
0x00007ffc8eb50000 - 0x00007ffc8ebe7000 	C:\WINDOWS\System32\sechost.dll
0x00007ffc8ee70000 - 0x00007ffc8ef90000 	C:\WINDOWS\System32\RPCRT4.dll
0x00007ffc8f0c0000 - 0x00007ffc8f254000 	C:\WINDOWS\System32\USER32.dll
0x00007ffc8ce10000 - 0x00007ffc8ce31000 	C:\WINDOWS\System32\win32u.dll
0x00007ffc8e540000 - 0x00007ffc8e566000 	C:\WINDOWS\System32\GDI32.dll
0x00007ffc8cb70000 - 0x00007ffc8cd04000 	C:\WINDOWS\System32\gdi32full.dll
0x00007ffc8cad0000 - 0x00007ffc8cb6e000 	C:\WINDOWS\System32\msvcp_win.dll
0x00007ffc8cd10000 - 0x00007ffc8ce0a000 	C:\WINDOWS\System32\ucrtbase.dll
0x00007ffc82990000 - 0x00007ffc82c15000 	C:\WINDOWS\WinSxS\amd64_microsoft.windows.common-controls_6595b64144ccf1df_6.0.18362.720_none_e6beb5c51314836b\COMCTL32.dll
0x00007ffc8e800000 - 0x00007ffc8eb36000 	C:\WINDOWS\System32\combase.dll
0x00007ffc8d2f0000 - 0x00007ffc8d370000 	C:\WINDOWS\System32\bcryptPrimitives.dll
0x00007ffc8f260000 - 0x00007ffc8f28e000 	C:\WINDOWS\System32\IMM32.DLL
0x0000000067d60000 - 0x0000000067e32000 	C:\Program Files\Java\jdk1.8.0_241\jre\bin\msvcr100.dll
0x00000000674b0000 - 0x0000000067d5c000 	C:\Program Files\Java\jdk1.8.0_241\jre\bin\server\jvm.dll
0x00007ffc8f5a0000 - 0x00007ffc8f5a8000 	C:\WINDOWS\System32\PSAPI.DLL
0x00007ffc7c7c0000 - 0x00007ffc7c7c9000 	C:\WINDOWS\SYSTEM32\WSOCK32.dll
0x00007ffc8dbf0000 - 0x00007ffc8dc5f000 	C:\WINDOWS\System32\WS2_32.dll
0x00007ffc8a090000 - 0x00007ffc8a0b4000 	C:\WINDOWS\SYSTEM32\WINMM.dll
0x00007ffc87230000 - 0x00007ffc8723a000 	C:\WINDOWS\SYSTEM32\VERSION.dll
0x00007ffc8a060000 - 0x00007ffc8a08d000 	C:\WINDOWS\SYSTEM32\WINMMBASE.dll
0x00007ffc8d370000 - 0x00007ffc8d3ba000 	C:\WINDOWS\System32\cfgmgr32.dll
0x00007ffc88480000 - 0x00007ffc8848f000 	C:\Program Files\Java\jdk1.8.0_241\jre\bin\verify.dll
0x00007ffc71260000 - 0x00007ffc71289000 	C:\Program Files\Java\jdk1.8.0_241\jre\bin\java.dll
0x00007ffc70e10000 - 0x00007ffc70e26000 	C:\Program Files\Java\jdk1.8.0_241\jre\bin\zip.dll
0x00007ffc8dc60000 - 0x00007ffc8e345000 	C:\WINDOWS\System32\SHELL32.dll
0x00007ffc8f4f0000 - 0x00007ffc8f599000 	C:\WINDOWS\System32\shcore.dll
0x00007ffc8d3c0000 - 0x00007ffc8db40000 	C:\WINDOWS\System32\windows.storage.dll
0x00007ffc8caa0000 - 0x00007ffc8cac3000 	C:\WINDOWS\System32\profapi.dll
0x00007ffc8ca50000 - 0x00007ffc8ca9a000 	C:\WINDOWS\System32\powrprof.dll
0x00007ffc8ca00000 - 0x00007ffc8ca10000 	C:\WINDOWS\System32\UMPDC.dll
0x00007ffc8fa20000 - 0x00007ffc8fa72000 	C:\WINDOWS\System32\shlwapi.dll
0x00007ffc8ca30000 - 0x00007ffc8ca41000 	C:\WINDOWS\System32\kernel.appcore.dll
0x00007ffc8d2a0000 - 0x00007ffc8d2b7000 	C:\WINDOWS\System32\cryptsp.dll
0x00007ffc8bde0000 - 0x00007ffc8be13000 	C:\WINDOWS\system32\rsaenh.dll
0x00007ffc8d2c0000 - 0x00007ffc8d2e6000 	C:\WINDOWS\System32\bcrypt.dll
0x00007ffc8c8f0000 - 0x00007ffc8c915000 	C:\WINDOWS\SYSTEM32\USERENV.dll
0x00007ffc8c440000 - 0x00007ffc8c44c000 	C:\WINDOWS\SYSTEM32\CRYPTBASE.dll
0x00007ffc6e790000 - 0x00007ffc6e7aa000 	C:\Program Files\Java\jdk1.8.0_241\jre\bin\net.dll
0x00007ffc8c270000 - 0x00007ffc8c2d7000 	C:\WINDOWS\system32\mswsock.dll
0x00007ffc8bf80000 - 0x00007ffc8bfba000 	C:\WINDOWS\SYSTEM32\IPHLPAPI.DLL
0x00007ffc8e5d0000 - 0x00007ffc8e5d8000 	C:\WINDOWS\System32\NSI.dll
0x00007ffc823c0000 - 0x00007ffc823d6000 	C:\WINDOWS\SYSTEM32\dhcpcsvc6.DLL
0x00007ffc84ba0000 - 0x00007ffc84bbc000 	C:\WINDOWS\SYSTEM32\dhcpcsvc.DLL
0x00007ffc8bfd0000 - 0x00007ffc8c09a000 	C:\WINDOWS\SYSTEM32\DNSAPI.dll
0x00007ffc6e770000 - 0x00007ffc6e782000 	C:\Program Files\Java\jdk1.8.0_241\jre\bin\nio.dll
0x00007ffc88020000 - 0x00007ffc8802a000 	C:\Users\Dhanushguntha\AppData\Local\Temp\jansi-1.17.1-6708842033509233233.dll
0x00007ffc7a4b0000 - 0x00007ffc7a4ba000 	C:\Users\Dhanushguntha\AppData\Local\Temp\jansi-1.17.1-6312252717331744032.dll

VM Arguments:
jvm_args: -Dmaven.multiModuleProjectDirectory=c:\Users\Dhanushguntha\Downloads\webcontroller\webcontroller 
java_command: org.apache.maven.wrapper.MavenWrapperMain help:effective-pom -Doutput=c:\Users\Dhanushguntha\AppData\Roaming\Code\User\workspaceStorage\111477027ff87a81ed0e8a27e7e5d1fe\vscjava.vscode-maven\eb4c39b5e8ca6c1f0cb699f06f782fe0 -f c:\Users\Dhanushguntha\Downloads\webcontroller\webcontroller\pom.xml
java_class_path (initial): c:\Users\Dhanushguntha\Downloads\webcontroller\webcontroller\.mvn\wrapper\maven-wrapper.jar
Launcher Type: SUN_STANDARD

Environment Variables:
JAVA_HOME=C:\Program Files\Java\jdk1.8.0_241
PATH=C:\Program Files (x86)\Common Files\Oracle\Java\javapath;C:\Python27\;C:\Python27\Scripts;C:\Program Files (x86)\Intel\iCLS Client\;C:\Program Files\Intel\iCLS Client\;C:\windows\system32;C:\windows;C:\windows\System32\Wbem;C:\windows\System32\WindowsPowerShell\v1.0\;C:\Program Files (x86)\Intel\Intel(R) Management Engine Components\DAL;C:\Program Files\Intel\Intel(R) Management Engine Components\DAL;C:\Program Files (x86)\Intel\Intel(R) Management Engine Components\IPT;C:\Program Files\Intel\Intel(R) Management Engine Components\IPT;C:\Program Files (x86)\NVIDIA Corporation\PhysX\Common;C:\WINDOWS\system32;C:\WINDOWS;C:\WINDOWS\System32\Wbem;C:\WINDOWS\System32\WindowsPowerShell\v1.0\;C:\WINDOWS\System32\OpenSSH\;C:\Users\Dhanushguntha\AppData\Local\Programs\Python\Python37;C:\Program Files\Intel\WiFi\bin\;C:\Program Files\Common Files\Intel\WirelessCommon\;C:\Program Files\Git\cmd;C:\Program Files (x86)\Yarn\bin\;C:\Program Files\NVIDIA Corporation\NVIDIA NvDLISR;C:\Program Files\nodejs;C:\ProgramData\chocolatey\bin;C:\Program Files\nodejs\;C:\opt\apache-maven-3.6.3\bin;C:\Users\Dhanushguntha\Anaconda3\Scripts;C:\Users\Dhanushguntha\Anaconda3\Scripts;C:\Users\Dhanushguntha\AppData\Local\Programs\Microsoft VS Code\bin;C:\Users\Dhanushguntha\AppData\Roaming\npm;
USERNAME=Dhanushguntha
OS=Windows_NT
PROCESSOR_IDENTIFIER=Intel64 Family 6 Model 142 Stepping 9, GenuineIntel



---------------  S Y S T E M  ---------------

OS: Windows 10.0 , 64 bit Build 18362 (10.0.18362.329)

CPU:total 4 (initial active 4) (2 cores per cpu, 2 threads per core) family 6 model 142 stepping 9, cmov, cx8, fxsr, mmx, sse, sse2, sse3, ssse3, sse4.1, sse4.2, popcnt, avx, avx2, aes, clmul, erms, 3dnowpref, lzcnt, ht, tsc, tscinvbit, bmi1, bmi2, adx

Memory: 4k page, physical 8271076k(1654776k free), swap 8271076k(5124k free)

vm_info: Java HotSpot(TM) 64-Bit Server VM (25.241-b07) for windows-amd64 JRE (1.8.0_241-b07), built on Dec 11 2019 10:21:40 by "rejava" with MS VC++ 10.0 (VS2010)

time: Tue Mar 24 17:48:55 2020
timezone: India Standard Time
elapsed time: 5 seconds (0d 0h 0m 5s)

