#
# There is insufficient memory for the Java Runtime Environment to continue.
# Native memory allocation (malloc) failed to allocate 32744 bytes for ChunkPool::allocate
# Possible reasons:
#   The system is out of physical RAM or swap space
#   The process is running with CompressedOops enabled, and the Java Heap may be blocking the growth of the native heap
# Possible solutions:
#   Reduce memory load on the system
#   Increase physical memory or swap space
#   Check if swap backing store is full
#   Decrease Java heap size (-Xmx/-Xms)
#   Decrease number of Java threads
#   Decrease Java thread stack sizes (-Xss)
#   Set larger code cache with -XX:ReservedCodeCacheSize=
#   JVM is running with Unscaled Compressed Oops mode in which the Java heap is
#     placed in the first 4GB address space. The Java Heap base address is the
#     maximum limit for the native heap growth. Please use -XX:HeapBaseMinAddress
#     to set the Java Heap base and to place the Java Heap above 4GB virtual address.
# This output file may be truncated or incomplete.
#
#  Out of Memory Error (t:/workspace/open/src/hotspot/share/memory/arena.cpp:81), pid=4428, tid=13000
#
# JRE version: Java(TM) SE Runtime Environment (11.0.6+8) (build 11.0.6+8-LTS)
# Java VM: Java HotSpot(TM) 64-Bit Server VM (11.0.6+8-LTS, mixed mode, tiered, compressed oops, g1 gc, windows-amd64)
# No core dump will be written. Minidumps are not enabled by default on client versions of Windows
#

---------------  S U M M A R Y ------------

Command Line: -Dmaven.multiModuleProjectDirectory=C:\Users\Dhanushguntha\Desktop\webcontroller\webcontroller -Dmaven.home=C:\Program Files\JetBrains\IntelliJ IDEA Community Edition 2019.3.4\plugins\maven\lib\maven3 -Dclassworlds.conf=C:\Program Files\JetBrains\IntelliJ IDEA Community Edition 2019.3.4\plugins\maven\lib\maven3\bin\m2.conf -Dmaven.ext.class.path=C:\Program Files\JetBrains\IntelliJ IDEA Community Edition 2019.3.4\plugins\maven\lib\maven-event-listener.jar -javaagent:C:\Program Files\JetBrains\IntelliJ IDEA Community Edition 2019.3.4\lib\idea_rt.jar=53312:C:\Program Files\JetBrains\IntelliJ IDEA Community Edition 2019.3.4\bin -Dfile.encoding=UTF-8 org.codehaus.classworlds.Launcher -Didea.version2019.3.4 spring-boot:run

Host: Intel(R) Core(TM) i5-7200U CPU @ 2.50GHz, 4 cores, 7G,  Windows 10 , 64 bit Build 18362 (10.0.18362.329)
Time: Thu Apr  2 23:27:15 2020 India Standard Time elapsed time: 123 seconds (0d 0h 2m 3s)

---------------  T H R E A D  ---------------

Current thread (0x000002206e809000):  JavaThread "C1 CompilerThread0" daemon [_thread_in_native, id=13000, stack(0x0000009870c00000,0x0000009870d00000)]


Current CompileTask:
C1: 124040 4095   !   3       org.fusesource.jansi.AnsiPrintStream::processEscapeCommand (965 bytes)

Stack: [0x0000009870c00000,0x0000009870d00000]
Native frames: (J=compiled Java code, j=interpreted, Vv=VM code, C=native code)
V  [jvm.dll+0x63679a]
V  [jvm.dll+0x7755bf]
V  [jvm.dll+0x776c65]
V  [jvm.dll+0x7772d3]
V  [jvm.dll+0x25e7f8]
V  [jvm.dll+0xc1e3b]
V  [jvm.dll+0xc219c]
V  [jvm.dll+0x10b78a]
V  [jvm.dll+0x169621]
V  [jvm.dll+0x15ef9c]
V  [jvm.dll+0x15b94e]
V  [jvm.dll+0x146ad0]
V  [jvm.dll+0x12c6c9]
V  [jvm.dll+0x12bfc9]
V  [jvm.dll+0x12c1ff]
V  [jvm.dll+0x12b377]
V  [jvm.dll+0x12d417]
V  [jvm.dll+0x226544]
V  [jvm.dll+0x224b28]
V  [jvm.dll+0x73a9c5]
V  [jvm.dll+0x733905]
V  [jvm.dll+0x635846]
C  [ucrtbase.dll+0x20e72]
C  [KERNEL32.DLL+0x17bd4]
C  [ntdll.dll+0x6ced1]


---------------  P R O C E S S  ---------------

Threads class SMR info:
_java_thread_list=0x00000220707ee970, length=13, elements={
0x0000022050442000, 0x000002206e7ec800, 0x000002206e7f6800, 0x000002206f162800,
0x000002206e805800, 0x000002206e806800, 0x000002206e809000, 0x000002206e81a000,
0x000002206f2d7000, 0x000002206f450800, 0x000002206f49c800, 0x00000220707f9800,
0x0000022072494800
}

Java Threads: ( => current thread )
  0x0000022050442000 JavaThread "main" [_thread_in_native, id=6140, stack(0x000000986ff00000,0x0000009870000000)]
  0x000002206e7ec800 JavaThread "Reference Handler" daemon [_thread_blocked, id=8148, stack(0x0000009870600000,0x0000009870700000)]
  0x000002206e7f6800 JavaThread "Finalizer" daemon [_thread_blocked, id=11020, stack(0x0000009870700000,0x0000009870800000)]
  0x000002206f162800 JavaThread "Signal Dispatcher" daemon [_thread_blocked, id=6956, stack(0x0000009870900000,0x0000009870a00000)]
  0x000002206e805800 JavaThread "Attach Listener" daemon [_thread_blocked, id=8136, stack(0x0000009870a00000,0x0000009870b00000)]
  0x000002206e806800 JavaThread "C2 CompilerThread0" daemon [_thread_blocked, id=10360, stack(0x0000009870b00000,0x0000009870c00000)]
=>0x000002206e809000 JavaThread "C1 CompilerThread0" daemon [_thread_in_native, id=13000, stack(0x0000009870c00000,0x0000009870d00000)]
  0x000002206e81a000 JavaThread "Sweeper thread" daemon [_thread_blocked, id=8988, stack(0x0000009870d00000,0x0000009870e00000)]
  0x000002206f2d7000 JavaThread "Common-Cleaner" daemon [_thread_blocked, id=4972, stack(0x0000009870e00000,0x0000009870f00000)]
  0x000002206f450800 JavaThread "Monitor Ctrl-Break" daemon [_thread_in_native, id=9984, stack(0x0000009870f00000,0x0000009871000000)]
  0x000002206f49c800 JavaThread "Service Thread" daemon [_thread_blocked, id=8896, stack(0x0000009871000000,0x0000009871100000)]
  0x00000220707f9800 JavaThread "Exec Stream Pumper" daemon [_thread_in_native, id=2020, stack(0x000000986fd00000,0x000000986fe00000)]
  0x0000022072494800 JavaThread "Exec Stream Pumper" daemon [_thread_in_native, id=7396, stack(0x000000986fe00000,0x000000986ff00000)]

Other Threads:
  0x000002206e7c5000 VMThread "VM Thread" [stack: 0x0000009870500000,0x0000009870600000] [id=9068]
  0x000002206f4a6800 WatcherThread [stack: 0x0000009871100000,0x0000009871200000] [id=12080]
  0x0000022050459000 GCTaskThread "GC Thread#0" [stack: 0x0000009870000000,0x0000009870100000] [id=2856]
  0x00000220703f6800 GCTaskThread "GC Thread#1" [stack: 0x0000009871300000,0x0000009871400000] [id=9252]
  0x0000022070402000 GCTaskThread "GC Thread#2" [stack: 0x0000009871400000,0x0000009871500000] [id=6712]
  0x0000022050487800 ConcurrentGCThread "G1 Main Marker" [stack: 0x0000009870100000,0x0000009870200000] [id=11804]
  0x0000022050489000 ConcurrentGCThread "G1 Conc#0" [stack: 0x0000009870200000,0x0000009870300000] [id=13568]
  0x000002206e630800 ConcurrentGCThread "G1 Refine#0" [stack: 0x0000009870300000,0x0000009870400000] [id=13968]
  0x000002206e631800 ConcurrentGCThread "G1 Young RemSet Sampling" [stack: 0x0000009870400000,0x0000009870500000] [id=7852]

Threads with active compile tasks:
C1 CompilerThread04095   !   3       org.fusesource.jansi.AnsiPrintStream::processEscapeCommand (965 bytes)

VM state:not at safepoint (normal execution)

VM Mutex/Monitor currently owned by a thread: None

Heap address: 0x0000000081c00000, size: 2020 MB, Compressed Oops mode: 32-bit
Narrow klass base: 0x0000000000000000, Narrow klass shift: 3
Compressed class space size: 1073741824 Address: 0x0000000100000000

Heap:
 garbage-first heap   total 131072K, used 48900K [0x0000000081c00000, 0x0000000100000000)
  region size 1024K, 34 young (34816K), 6 survivors (6144K)
 Metaspace       used 25588K, capacity 26097K, committed 26416K, reserved 1073152K
  class space    used 2684K, capacity 2846K, committed 2944K, reserved 1048576K
Heap Regions: E=young(eden), S=young(survivor), O=old, HS=humongous(starts), HC=humongous(continues), CS=collection set, F=free, A=archive, TAMS=top-at-mark-start (previous, next)
|   0|0x0000000081c00000, 0x0000000081d00000, 0x0000000081d00000|100%| O|  |TAMS 0x0000000081d00000, 0x0000000081c00000| Untracked 
|   1|0x0000000081d00000, 0x0000000081e00000, 0x0000000081e00000|100%| O|  |TAMS 0x0000000081e00000, 0x0000000081d00000| Untracked 
|   2|0x0000000081e00000, 0x0000000081f00000, 0x0000000081f00000|100%| O|  |TAMS 0x0000000081f00000, 0x0000000081e00000| Untracked 
|   3|0x0000000081f00000, 0x0000000082000000, 0x0000000082000000|100%| O|  |TAMS 0x0000000081f19e00, 0x0000000081f00000| Untracked 
|   4|0x0000000082000000, 0x0000000082100000, 0x0000000082100000|100%| O|  |TAMS 0x0000000082000000, 0x0000000082000000| Untracked 
|   5|0x0000000082100000, 0x0000000082200000, 0x0000000082200000|100%| O|  |TAMS 0x0000000082100000, 0x0000000082100000| Untracked 
|   6|0x0000000082200000, 0x0000000082300000, 0x0000000082300000|100%| O|  |TAMS 0x0000000082200000, 0x0000000082200000| Untracked 
|   7|0x0000000082300000, 0x0000000082400000, 0x0000000082400000|100%| O|  |TAMS 0x0000000082300000, 0x0000000082300000| Untracked 
|   8|0x0000000082400000, 0x0000000082500000, 0x0000000082500000|100%| O|  |TAMS 0x0000000082400000, 0x0000000082400000| Untracked 
|   9|0x0000000082500000, 0x0000000082600000, 0x0000000082600000|100%| O|  |TAMS 0x0000000082500000, 0x0000000082500000| Untracked 
|  10|0x0000000082600000, 0x0000000082700000, 0x0000000082700000|100%| O|  |TAMS 0x0000000082600000, 0x0000000082600000| Untracked 
|  11|0x0000000082700000, 0x0000000082800000, 0x0000000082800000|100%| O|  |TAMS 0x0000000082700000, 0x0000000082700000| Untracked 
|  12|0x0000000082800000, 0x0000000082900000, 0x0000000082900000|100%| O|  |TAMS 0x0000000082800000, 0x0000000082800000| Untracked 
|  13|0x0000000082900000, 0x0000000082a00000, 0x0000000082a00000|100%| O|  |TAMS 0x0000000082900000, 0x0000000082900000| Untracked 
|  14|0x0000000082a00000, 0x0000000082b00000, 0x0000000082b00000|100%| O|  |TAMS 0x0000000082a00000, 0x0000000082a00000| Untracked 
|  15|0x0000000082b00000, 0x0000000082b00000, 0x0000000082c00000|  0%| F|  |TAMS 0x0000000082b00000, 0x0000000082b00000| Untracked 
|  16|0x0000000082c00000, 0x0000000082c00000, 0x0000000082d00000|  0%| F|  |TAMS 0x0000000082c00000, 0x0000000082c00000| Untracked 
|  17|0x0000000082d00000, 0x0000000082d00000, 0x0000000082e00000|  0%| F|  |TAMS 0x0000000082d00000, 0x0000000082d00000| Untracked 
|  18|0x0000000082e00000, 0x0000000082e00000, 0x0000000082f00000|  0%| F|  |TAMS 0x0000000082e00000, 0x0000000082e00000| Untracked 
|  19|0x0000000082f00000, 0x0000000082f00000, 0x0000000083000000|  0%| F|  |TAMS 0x0000000082f00000, 0x0000000082f00000| Untracked 
|  20|0x0000000083000000, 0x0000000083000000, 0x0000000083100000|  0%| F|  |TAMS 0x0000000083000000, 0x0000000083000000| Untracked 
|  21|0x0000000083100000, 0x0000000083100000, 0x0000000083200000|  0%| F|  |TAMS 0x0000000083100000, 0x0000000083100000| Untracked 
|  22|0x0000000083200000, 0x0000000083200000, 0x0000000083300000|  0%| F|  |TAMS 0x0000000083200000, 0x0000000083200000| Untracked 
|  23|0x0000000083300000, 0x0000000083300000, 0x0000000083400000|  0%| F|  |TAMS 0x0000000083300000, 0x0000000083300000| Untracked 
|  24|0x0000000083400000, 0x0000000083400000, 0x0000000083500000|  0%| F|  |TAMS 0x0000000083400000, 0x0000000083400000| Untracked 
|  25|0x0000000083500000, 0x0000000083500000, 0x0000000083600000|  0%| F|  |TAMS 0x0000000083500000, 0x0000000083500000| Untracked 
|  26|0x0000000083600000, 0x0000000083600000, 0x0000000083700000|  0%| F|  |TAMS 0x0000000083600000, 0x0000000083600000| Untracked 
|  27|0x0000000083700000, 0x0000000083700000, 0x0000000083800000|  0%| F|  |TAMS 0x0000000083700000, 0x0000000083700000| Untracked 
|  28|0x0000000083800000, 0x0000000083800000, 0x0000000083900000|  0%| F|  |TAMS 0x0000000083800000, 0x0000000083800000| Untracked 
|  29|0x0000000083900000, 0x0000000083900000, 0x0000000083a00000|  0%| F|  |TAMS 0x0000000083900000, 0x0000000083900000| Untracked 
|  30|0x0000000083a00000, 0x0000000083a00000, 0x0000000083b00000|  0%| F|  |TAMS 0x0000000083a00000, 0x0000000083a00000| Untracked 
|  31|0x0000000083b00000, 0x0000000083b00000, 0x0000000083c00000|  0%| F|  |TAMS 0x0000000083b00000, 0x0000000083b00000| Untracked 
|  32|0x0000000083c00000, 0x0000000083c00000, 0x0000000083d00000|  0%| F|  |TAMS 0x0000000083c00000, 0x0000000083c00000| Untracked 
|  33|0x0000000083d00000, 0x0000000083d00000, 0x0000000083e00000|  0%| F|  |TAMS 0x0000000083d00000, 0x0000000083d00000| Untracked 
|  34|0x0000000083e00000, 0x0000000083e00000, 0x0000000083f00000|  0%| F|  |TAMS 0x0000000083e00000, 0x0000000083e00000| Untracked 
|  35|0x0000000083f00000, 0x0000000083f00000, 0x0000000084000000|  0%| F|  |TAMS 0x0000000083f00000, 0x0000000083f00000| Untracked 
|  36|0x0000000084000000, 0x0000000084000000, 0x0000000084100000|  0%| F|  |TAMS 0x0000000084000000, 0x0000000084000000| Untracked 
|  37|0x0000000084100000, 0x0000000084100000, 0x0000000084200000|  0%| F|  |TAMS 0x0000000084100000, 0x0000000084100000| Untracked 
|  38|0x0000000084200000, 0x0000000084200000, 0x0000000084300000|  0%| F|  |TAMS 0x0000000084200000, 0x0000000084200000| Untracked 
|  39|0x0000000084300000, 0x0000000084300000, 0x0000000084400000|  0%| F|  |TAMS 0x0000000084300000, 0x0000000084300000| Untracked 
|  40|0x0000000084400000, 0x0000000084400000, 0x0000000084500000|  0%| F|  |TAMS 0x0000000084400000, 0x0000000084400000| Untracked 
|  41|0x0000000084500000, 0x0000000084500000, 0x0000000084600000|  0%| F|  |TAMS 0x0000000084500000, 0x0000000084500000| Untracked 
|  42|0x0000000084600000, 0x0000000084600000, 0x0000000084700000|  0%| F|  |TAMS 0x0000000084600000, 0x0000000084600000| Untracked 
|  43|0x0000000084700000, 0x0000000084700000, 0x0000000084800000|  0%| F|  |TAMS 0x0000000084700000, 0x0000000084700000| Untracked 
|  44|0x0000000084800000, 0x0000000084800000, 0x0000000084900000|  0%| F|  |TAMS 0x0000000084800000, 0x0000000084800000| Untracked 
|  45|0x0000000084900000, 0x0000000084900000, 0x0000000084a00000|  0%| F|  |TAMS 0x0000000084900000, 0x0000000084900000| Untracked 
|  46|0x0000000084a00000, 0x0000000084ac1030, 0x0000000084b00000| 75%| S|CS|TAMS 0x0000000084a00000, 0x0000000084a00000| Complete 
|  47|0x0000000084b00000, 0x0000000084c00000, 0x0000000084c00000|100%| S|CS|TAMS 0x0000000084b00000, 0x0000000084b00000| Complete 
|  48|0x0000000084c00000, 0x0000000084d00000, 0x0000000084d00000|100%| S|CS|TAMS 0x0000000084c00000, 0x0000000084c00000| Complete 
|  49|0x0000000084d00000, 0x0000000084e00000, 0x0000000084e00000|100%| S|CS|TAMS 0x0000000084d00000, 0x0000000084d00000| Complete 
|  50|0x0000000084e00000, 0x0000000084f00000, 0x0000000084f00000|100%| S|CS|TAMS 0x0000000084e00000, 0x0000000084e00000| Complete 
|  51|0x0000000084f00000, 0x0000000084f00000, 0x0000000085000000|  0%| F|  |TAMS 0x0000000084f00000, 0x0000000084f00000| Untracked 
|  52|0x0000000085000000, 0x0000000085000000, 0x0000000085100000|  0%| F|  |TAMS 0x0000000085000000, 0x0000000085000000| Untracked 
|  53|0x0000000085100000, 0x0000000085100000, 0x0000000085200000|  0%| F|  |TAMS 0x0000000085100000, 0x0000000085100000| Untracked 
|  54|0x0000000085200000, 0x0000000085200000, 0x0000000085300000|  0%| F|  |TAMS 0x0000000085200000, 0x0000000085200000| Untracked 
|  55|0x0000000085300000, 0x0000000085300000, 0x0000000085400000|  0%| F|  |TAMS 0x0000000085300000, 0x0000000085300000| Untracked 
|  56|0x0000000085400000, 0x0000000085400000, 0x0000000085500000|  0%| F|  |TAMS 0x0000000085400000, 0x0000000085400000| Untracked 
|  57|0x0000000085500000, 0x0000000085500000, 0x0000000085600000|  0%| F|  |TAMS 0x0000000085500000, 0x0000000085500000| Untracked 
|  58|0x0000000085600000, 0x0000000085700000, 0x0000000085700000|100%| S|CS|TAMS 0x0000000085600000, 0x0000000085600000| Complete 
|  59|0x0000000085700000, 0x0000000085700000, 0x0000000085800000|  0%| F|  |TAMS 0x0000000085700000, 0x0000000085700000| Untracked 
|  60|0x0000000085800000, 0x0000000085800000, 0x0000000085900000|  0%| F|  |TAMS 0x0000000085800000, 0x0000000085800000| Untracked 
|  61|0x0000000085900000, 0x0000000085900000, 0x0000000085a00000|  0%| F|  |TAMS 0x0000000085900000, 0x0000000085900000| Untracked 
|  62|0x0000000085a00000, 0x0000000085a00000, 0x0000000085b00000|  0%| F|  |TAMS 0x0000000085a00000, 0x0000000085a00000| Untracked 
|  63|0x0000000085b00000, 0x0000000085b00000, 0x0000000085c00000|  0%| F|  |TAMS 0x0000000085b00000, 0x0000000085b00000| Untracked 
|  64|0x0000000085c00000, 0x0000000085c00000, 0x0000000085d00000|  0%| F|  |TAMS 0x0000000085c00000, 0x0000000085c00000| Untracked 
|  65|0x0000000085d00000, 0x0000000085d00000, 0x0000000085e00000|  0%| F|  |TAMS 0x0000000085d00000, 0x0000000085d00000| Untracked 
|  66|0x0000000085e00000, 0x0000000085e00000, 0x0000000085f00000|  0%| F|  |TAMS 0x0000000085e00000, 0x0000000085e00000| Untracked 
|  67|0x0000000085f00000, 0x0000000085f00000, 0x0000000086000000|  0%| F|  |TAMS 0x0000000085f00000, 0x0000000085f00000| Untracked 
|  68|0x0000000086000000, 0x0000000086000000, 0x0000000086100000|  0%| F|  |TAMS 0x0000000086000000, 0x0000000086000000| Untracked 
|  69|0x0000000086100000, 0x0000000086100000, 0x0000000086200000|  0%| F|  |TAMS 0x0000000086100000, 0x0000000086100000| Untracked 
|  70|0x0000000086200000, 0x0000000086200000, 0x0000000086300000|  0%| F|  |TAMS 0x0000000086200000, 0x0000000086200000| Untracked 
|  71|0x0000000086300000, 0x0000000086300000, 0x0000000086400000|  0%| F|  |TAMS 0x0000000086300000, 0x0000000086300000| Untracked 
|  72|0x0000000086400000, 0x0000000086400000, 0x0000000086500000|  0%| F|  |TAMS 0x0000000086400000, 0x0000000086400000| Untracked 
|  73|0x0000000086500000, 0x0000000086500000, 0x0000000086600000|  0%| F|  |TAMS 0x0000000086500000, 0x0000000086500000| Untracked 
|  74|0x0000000086600000, 0x0000000086600000, 0x0000000086700000|  0%| F|  |TAMS 0x0000000086600000, 0x0000000086600000| Untracked 
|  75|0x0000000086700000, 0x0000000086700000, 0x0000000086800000|  0%| F|  |TAMS 0x0000000086700000, 0x0000000086700000| Untracked 
|  76|0x0000000086800000, 0x0000000086800000, 0x0000000086900000|  0%| F|  |TAMS 0x0000000086800000, 0x0000000086800000| Untracked 
|  77|0x0000000086900000, 0x0000000086900000, 0x0000000086a00000|  0%| F|  |TAMS 0x0000000086900000, 0x0000000086900000| Untracked 
|  78|0x0000000086a00000, 0x0000000086a00000, 0x0000000086b00000|  0%| F|  |TAMS 0x0000000086a00000, 0x0000000086a00000| Untracked 
|  79|0x0000000086b00000, 0x0000000086b00000, 0x0000000086c00000|  0%| F|  |TAMS 0x0000000086b00000, 0x0000000086b00000| Untracked 
|  80|0x0000000086c00000, 0x0000000086c00000, 0x0000000086d00000|  0%| F|  |TAMS 0x0000000086c00000, 0x0000000086c00000| Untracked 
|  81|0x0000000086d00000, 0x0000000086d00000, 0x0000000086e00000|  0%| F|  |TAMS 0x0000000086d00000, 0x0000000086d00000| Untracked 
|  82|0x0000000086e00000, 0x0000000086e00000, 0x0000000086f00000|  0%| F|  |TAMS 0x0000000086e00000, 0x0000000086e00000| Untracked 
|  83|0x0000000086f00000, 0x0000000086f00000, 0x0000000087000000|  0%| F|  |TAMS 0x0000000086f00000, 0x0000000086f00000| Untracked 
|  84|0x0000000087000000, 0x0000000087000000, 0x0000000087100000|  0%| F|  |TAMS 0x0000000087000000, 0x0000000087000000| Untracked 
|  85|0x0000000087100000, 0x0000000087100000, 0x0000000087200000|  0%| F|  |TAMS 0x0000000087100000, 0x0000000087100000| Untracked 
|  86|0x0000000087200000, 0x0000000087200000, 0x0000000087300000|  0%| F|  |TAMS 0x0000000087200000, 0x0000000087200000| Untracked 
|  87|0x0000000087300000, 0x0000000087300000, 0x0000000087400000|  0%| F|  |TAMS 0x0000000087300000, 0x0000000087300000| Untracked 
|  88|0x0000000087400000, 0x0000000087400000, 0x0000000087500000|  0%| F|  |TAMS 0x0000000087400000, 0x0000000087400000| Untracked 
|  89|0x0000000087500000, 0x0000000087500000, 0x0000000087600000|  0%| F|  |TAMS 0x0000000087500000, 0x0000000087500000| Untracked 
|  90|0x0000000087600000, 0x0000000087600000, 0x0000000087700000|  0%| F|  |TAMS 0x0000000087600000, 0x0000000087600000| Untracked 
|  91|0x0000000087700000, 0x0000000087700000, 0x0000000087800000|  0%| F|  |TAMS 0x0000000087700000, 0x0000000087700000| Untracked 
|  92|0x0000000087800000, 0x0000000087800000, 0x0000000087900000|  0%| F|  |TAMS 0x0000000087800000, 0x0000000087800000| Untracked 
|  93|0x0000000087900000, 0x0000000087900000, 0x0000000087a00000|  0%| F|  |TAMS 0x0000000087900000, 0x0000000087900000| Untracked 
|  94|0x0000000087a00000, 0x0000000087a00000, 0x0000000087b00000|  0%| F|  |TAMS 0x0000000087a00000, 0x0000000087a00000| Untracked 
|  95|0x0000000087b00000, 0x0000000087b00000, 0x0000000087c00000|  0%| F|  |TAMS 0x0000000087b00000, 0x0000000087b00000| Untracked 
|  96|0x0000000087c00000, 0x0000000087c00000, 0x0000000087d00000|  0%| F|  |TAMS 0x0000000087c00000, 0x0000000087c00000| Untracked 
|  97|0x0000000087d00000, 0x0000000087d00000, 0x0000000087e00000|  0%| F|  |TAMS 0x0000000087d00000, 0x0000000087d00000| Untracked 
|  98|0x0000000087e00000, 0x0000000087e00000, 0x0000000087f00000|  0%| F|  |TAMS 0x0000000087e00000, 0x0000000087e00000| Untracked 
|  99|0x0000000087f00000, 0x0000000087f00000, 0x0000000088000000|  0%| F|  |TAMS 0x0000000087f00000, 0x0000000087f00000| Untracked 
| 100|0x0000000088000000, 0x00000000880ef738, 0x0000000088100000| 93%| E|  |TAMS 0x0000000088000000, 0x0000000088000000| Complete 
| 101|0x0000000088100000, 0x0000000088200000, 0x0000000088200000|100%| E|CS|TAMS 0x0000000088100000, 0x0000000088100000| Complete 
| 102|0x0000000088200000, 0x0000000088300000, 0x0000000088300000|100%| E|CS|TAMS 0x0000000088200000, 0x0000000088200000| Complete 
| 103|0x0000000088300000, 0x0000000088400000, 0x0000000088400000|100%| E|CS|TAMS 0x0000000088300000, 0x0000000088300000| Complete 
| 104|0x0000000088400000, 0x0000000088500000, 0x0000000088500000|100%| E|CS|TAMS 0x0000000088400000, 0x0000000088400000| Complete 
| 105|0x0000000088500000, 0x0000000088600000, 0x0000000088600000|100%| E|CS|TAMS 0x0000000088500000, 0x0000000088500000| Complete 
| 106|0x0000000088600000, 0x0000000088700000, 0x0000000088700000|100%| E|CS|TAMS 0x0000000088600000, 0x0000000088600000| Complete 
| 107|0x0000000088700000, 0x0000000088800000, 0x0000000088800000|100%| E|CS|TAMS 0x0000000088700000, 0x0000000088700000| Complete 
| 108|0x0000000088800000, 0x0000000088900000, 0x0000000088900000|100%| E|CS|TAMS 0x0000000088800000, 0x0000000088800000| Complete 
| 109|0x0000000088900000, 0x0000000088a00000, 0x0000000088a00000|100%| E|CS|TAMS 0x0000000088900000, 0x0000000088900000| Complete 
| 110|0x0000000088a00000, 0x0000000088b00000, 0x0000000088b00000|100%| E|CS|TAMS 0x0000000088a00000, 0x0000000088a00000| Complete 
| 111|0x0000000088b00000, 0x0000000088c00000, 0x0000000088c00000|100%| E|CS|TAMS 0x0000000088b00000, 0x0000000088b00000| Complete 
| 112|0x0000000088c00000, 0x0000000088d00000, 0x0000000088d00000|100%| E|CS|TAMS 0x0000000088c00000, 0x0000000088c00000| Complete 
| 113|0x0000000088d00000, 0x0000000088e00000, 0x0000000088e00000|100%| E|CS|TAMS 0x0000000088d00000, 0x0000000088d00000| Complete 
| 114|0x0000000088e00000, 0x0000000088f00000, 0x0000000088f00000|100%| E|CS|TAMS 0x0000000088e00000, 0x0000000088e00000| Complete 
| 115|0x0000000088f00000, 0x0000000089000000, 0x0000000089000000|100%| E|CS|TAMS 0x0000000088f00000, 0x0000000088f00000| Complete 
| 116|0x0000000089000000, 0x0000000089100000, 0x0000000089100000|100%| E|CS|TAMS 0x0000000089000000, 0x0000000089000000| Complete 
| 117|0x0000000089100000, 0x0000000089200000, 0x0000000089200000|100%| E|CS|TAMS 0x0000000089100000, 0x0000000089100000| Complete 
| 118|0x0000000089200000, 0x0000000089300000, 0x0000000089300000|100%| E|CS|TAMS 0x0000000089200000, 0x0000000089200000| Complete 
| 119|0x0000000089300000, 0x0000000089400000, 0x0000000089400000|100%| E|CS|TAMS 0x0000000089300000, 0x0000000089300000| Complete 
| 120|0x0000000089400000, 0x0000000089500000, 0x0000000089500000|100%| E|CS|TAMS 0x0000000089400000, 0x0000000089400000| Complete 
| 121|0x0000000089500000, 0x0000000089600000, 0x0000000089600000|100%| E|CS|TAMS 0x0000000089500000, 0x0000000089500000| Complete 
| 122|0x0000000089600000, 0x0000000089700000, 0x0000000089700000|100%| E|CS|TAMS 0x0000000089600000, 0x0000000089600000| Complete 
| 123|0x0000000089700000, 0x0000000089800000, 0x0000000089800000|100%| E|CS|TAMS 0x0000000089700000, 0x0000000089700000| Complete 
| 124|0x0000000089800000, 0x0000000089900000, 0x0000000089900000|100%| E|CS|TAMS 0x0000000089800000, 0x0000000089800000| Complete 
| 125|0x0000000089900000, 0x0000000089a00000, 0x0000000089a00000|100%| E|CS|TAMS 0x0000000089900000, 0x0000000089900000| Complete 
| 126|0x0000000089a00000, 0x0000000089b00000, 0x0000000089b00000|100%| E|CS|TAMS 0x0000000089a00000, 0x0000000089a00000| Complete 
| 127|0x0000000089b00000, 0x0000000089c00000, 0x0000000089c00000|100%| E|CS|TAMS 0x0000000089b00000, 0x0000000089b00000| Complete 

Card table byte_map: [0x0000022067bc0000,0x0000022067fc0000] _byte_map_base: 0x00000220677b2000

Marking Bits (Prev, Next): (CMBitMap*) 0x000002205047ee50, (CMBitMap*) 0x000002205047ee18
 Prev Bits: [0x000002206a350000, 0x000002206c2e0000)
 Next Bits: [0x00000220683c0000, 0x000002206a350000)

Polling page: 0x000002204e5c0000

Metaspace:

Usage:
  Non-class:     22.71 MB capacity,    22.37 MB ( 99%) used,   314.74 KB (  1%) free+waste,    32.69 KB ( <1%) overhead. 
      Class:      2.78 MB capacity,     2.62 MB ( 94%) used,   148.23 KB (  5%) free+waste,    13.00 KB ( <1%) overhead. 
       Both:     25.49 MB capacity,    24.99 MB ( 98%) used,   462.97 KB (  2%) free+waste,    45.69 KB ( <1%) overhead. 

Virtual space:
  Non-class space:       24.00 MB reserved,      22.92 MB ( 96%) committed 
      Class space:        1.00 GB reserved,       2.88 MB ( <1%) committed 
             Both:        1.02 GB reserved,      25.80 MB (  2%) committed 

Chunk freelists:
   Non-Class:  3.63 KB
       Class:  256 bytes
        Both:  3.88 KB

CodeHeap 'non-profiled nmethods': size=120064Kb used=2750Kb max_used=2750Kb free=117313Kb
 bounds [0x0000022060280000, 0x0000022060530000, 0x00000220677c0000]
CodeHeap 'profiled nmethods': size=120000Kb used=9208Kb max_used=9208Kb free=110791Kb
 bounds [0x0000022058d50000, 0x0000022059650000, 0x0000022060280000]
CodeHeap 'non-nmethods': size=5696Kb used=1131Kb max_used=1175Kb free=4564Kb
 bounds [0x00000220587c0000, 0x0000022058a30000, 0x0000022058d50000]
 total_blobs=5673 nmethods=4052 adapters=366
 compilation: enabled
              stopped_count=0, restarted_count=0
 full_count=0

Compilation events (10 events):
Event: 85.134 Thread 0x000002206e809000 nmethod 4089 0x000002205964c810 code [0x000002205964c9e0, 0x000002205964cd50]
Event: 123.257 Thread 0x000002206e809000 4090       1       org.fusesource.jansi.Ansi$Attribute::value (5 bytes)
Event: 123.257 Thread 0x000002206e809000 nmethod 4090 0x000002206052f390 code [0x000002206052f540, 0x000002206052f658]
Event: 123.261 Thread 0x000002206e806800 4091       4       java.io.PrintStream::ensureOpen (18 bytes)
Event: 123.262 Thread 0x000002206e806800 nmethod 4091 0x000002206052f710 code [0x000002206052f8a0, 0x000002206052f918]
Event: 123.263 Thread 0x000002206e809000 4092       3       org.slf4j.impl.SimpleLogger::isLevelEnabled (14 bytes)
Event: 123.264 Thread 0x000002206e809000 nmethod 4092 0x000002205964ce90 code [0x000002205964d040, 0x000002205964d1f8]
Event: 123.269 Thread 0x000002206e809000 4093       3       org.fusesource.jansi.Ansi::a (17 bytes)
Event: 123.270 Thread 0x000002206e809000 nmethod 4093 0x000002205964d290 code [0x000002205964d4e0, 0x000002205964dea0]
Event: 123.270 Thread 0x000002206e809000 4095   !   3       org.fusesource.jansi.AnsiPrintStream::processEscapeCommand (965 bytes)

GC Heap History (10 events):
Event: 2.663 GC heap before
{Heap before GC invocations=1 (full 0):
 garbage-first heap   total 131072K, used 7334K [0x0000000081c00000, 0x0000000100000000)
  region size 1024K, 6 young (6144K), 2 survivors (2048K)
 Metaspace       used 12401K, capacity 12619K, committed 12928K, reserved 1060864K
  class space    used 1213K, capacity 1296K, committed 1408K, reserved 1048576K
}
Event: 2.667 GC heap after
{Heap after GC invocations=2 (full 0):
 garbage-first heap   total 131072K, used 3395K [0x0000000081c00000, 0x0000000100000000)
  region size 1024K, 1 young (1024K), 1 survivors (1024K)
 Metaspace       used 12401K, capacity 12619K, committed 12928K, reserved 1060864K
  class space    used 1213K, capacity 1296K, committed 1408K, reserved 1048576K
}
Event: 3.528 GC heap before
{Heap before GC invocations=2 (full 0):
 garbage-first heap   total 131072K, used 25923K [0x0000000081c00000, 0x0000000100000000)
  region size 1024K, 23 young (23552K), 1 survivors (1024K)
 Metaspace       used 14757K, capacity 15025K, committed 15232K, reserved 1062912K
  class space    used 1517K, capacity 1625K, committed 1664K, reserved 1048576K
}
Event: 3.531 GC heap after
{Heap after GC invocations=3 (full 0):
 garbage-first heap   total 131072K, used 4080K [0x0000000081c00000, 0x0000000100000000)
  region size 1024K, 1 young (1024K), 1 survivors (1024K)
 Metaspace       used 14757K, capacity 15025K, committed 15232K, reserved 1062912K
  class space    used 1517K, capacity 1625K, committed 1664K, reserved 1048576K
}
Event: 6.940 GC heap before
{Heap before GC invocations=3 (full 0):
 garbage-first heap   total 131072K, used 61424K [0x0000000081c00000, 0x0000000100000000)
  region size 1024K, 58 young (59392K), 1 survivors (1024K)
 Metaspace       used 20864K, capacity 21173K, committed 21296K, reserved 1069056K
  class space    used 2231K, capacity 2358K, committed 2432K, reserved 1048576K
}
Event: 6.960 GC heap after
{Heap after GC invocations=4 (full 0):
 garbage-first heap   total 131072K, used 9466K [0x0000000081c00000, 0x0000000100000000)
  region size 1024K, 7 young (7168K), 7 survivors (7168K)
 Metaspace       used 20864K, capacity 21173K, committed 21296K, reserved 1069056K
  class space    used 2231K, capacity 2358K, committed 2432K, reserved 1048576K
}
Event: 10.601 GC heap before
{Heap before GC invocations=5 (full 0):
 garbage-first heap   total 131072K, used 73978K [0x0000000081c00000, 0x0000000100000000)
  region size 1024K, 70 young (71680K), 7 survivors (7168K)
 Metaspace       used 21748K, capacity 22145K, committed 22320K, reserved 1069056K
  class space    used 2280K, capacity 2402K, committed 2432K, reserved 1048576K
}
Event: 10.633 GC heap after
{Heap after GC invocations=6 (full 0):
 garbage-first heap   total 131072K, used 15799K [0x0000000081c00000, 0x0000000100000000)
  region size 1024K, 7 young (7168K), 7 survivors (7168K)
 Metaspace       used 21748K, capacity 22145K, committed 22320K, reserved 1069056K
  class space    used 2280K, capacity 2402K, committed 2432K, reserved 1048576K
}
Event: 15.530 GC heap before
{Heap before GC invocations=6 (full 0):
 garbage-first heap   total 131072K, used 86455K [0x0000000081c00000, 0x0000000100000000)
  region size 1024K, 76 young (77824K), 7 survivors (7168K)
 Metaspace       used 22284K, capacity 22664K, committed 22832K, reserved 1069056K
  class space    used 2296K, capacity 2404K, committed 2432K, reserved 1048576K
}
Event: 15.557 GC heap after
{Heap after GC invocations=7 (full 0):
 garbage-first heap   total 131072K, used 21252K [0x0000000081c00000, 0x0000000100000000)
  region size 1024K, 6 young (6144K), 6 survivors (6144K)
 Metaspace       used 22284K, capacity 22664K, committed 22832K, reserved 1069056K
  class space    used 2296K, capacity 2404K, committed 2432K, reserved 1048576K
}

Deoptimization events (10 events):
Event: 17.181 Thread 0x0000022050442000 Uncommon trap: reason=array_check action=maybe_recompile pc=0x000002206051ec6c method=java.util.TimSort.binarySort([Ljava/lang/Object;IIILjava/util/Comparator;)V @ 215 c2
Event: 17.181 Thread 0x0000022050442000 Uncommon trap: reason=array_check action=maybe_recompile pc=0x000002206051ec6c method=java.util.TimSort.binarySort([Ljava/lang/Object;IIILjava/util/Comparator;)V @ 215 c2
Event: 17.181 Thread 0x0000022050442000 Uncommon trap: reason=array_check action=maybe_recompile pc=0x000002206051ec6c method=java.util.TimSort.binarySort([Ljava/lang/Object;IIILjava/util/Comparator;)V @ 215 c2
Event: 17.181 Thread 0x0000022050442000 Uncommon trap: reason=array_check action=maybe_recompile pc=0x000002206051ed38 method=java.util.TimSort.binarySort([Ljava/lang/Object;IIILjava/util/Comparator;)V @ 193 c2
Event: 17.186 Thread 0x0000022050442000 Uncommon trap: reason=array_check action=maybe_recompile pc=0x000002206051ec6c method=java.util.TimSort.binarySort([Ljava/lang/Object;IIILjava/util/Comparator;)V @ 215 c2
Event: 17.193 Thread 0x0000022050442000 Uncommon trap: reason=class_check action=maybe_recompile pc=0x0000022060473e84 method=java.util.Collections$UnmodifiableMap.size()I @ 4 c2
Event: 17.193 Thread 0x0000022050442000 Uncommon trap: reason=class_check action=maybe_recompile pc=0x0000022060424e4c method=java.util.Collections$UnmodifiableMap$UnmodifiableEntrySet$1.<init>(Ljava/util/Collections$UnmodifiableMap$UnmodifiableEntrySet;)V @ 17 c2
Event: 85.125 Thread 0x0000022050442000 Uncommon trap: reason=unstable_if action=reinterpret pc=0x000002206030dda0 method=java.lang.CharacterDataLatin1.isWhitespace(I)Z @ 14 c2
Event: 85.130 Thread 0x0000022050442000 Uncommon trap: reason=class_check action=maybe_recompile pc=0x0000022060473e84 method=java.util.Collections$UnmodifiableMap.size()I @ 4 c2
Event: 85.130 Thread 0x0000022050442000 Uncommon trap: reason=class_check action=maybe_recompile pc=0x0000022060424e4c method=java.util.Collections$UnmodifiableMap$UnmodifiableEntrySet$1.<init>(Ljava/util/Collections$UnmodifiableMap$UnmodifiableEntrySet;)V @ 17 c2

Classes redefined (0 events):
No events

Internal exceptions (10 events):
Event: 5.215 Thread 0x0000022050442000 Implicit null exception at 0x00000220602b8cf4 to 0x00000220602b91e6
Event: 8.112 Thread 0x0000022050442000 Implicit null exception at 0x0000022060320bf5 to 0x0000022060320daa
Event: 8.113 Thread 0x0000022050442000 Implicit null exception at 0x000002206028fdaf to 0x000002206028fe1d
Event: 8.457 Thread 0x0000022050442000 Implicit null exception at 0x000002206038eaa6 to 0x000002206038ed02
Event: 8.457 Thread 0x0000022050442000 Implicit null exception at 0x00000220602d375e to 0x00000220602d456e
Event: 16.463 Thread 0x0000022050442000 Exception <a 'java/lang/NoSuchMethodError'{0x0000000088dfc348}: java.lang.invoke.DirectMethodHandle$Holder.invokeStatic(Ljava/lang/Object;J)V> (0x0000000088dfc348) thrown at [t:/workspace/open/src/hotspot/share/interpreter/linkResolver.cpp, line 772]
Event: 16.464 Thread 0x0000022050442000 Exception <a 'java/lang/NoSuchMethodError'{0x0000000088c01aa0}: java.lang.invoke.DirectMethodHandle$Holder.invokeStatic(Ljava/lang/Object;J)Ljava/lang/Object;> (0x0000000088c01aa0) thrown at [t:/workspace/open/src/hotspot/share/interpreter/linkResolver.cp
Event: 16.467 Thread 0x0000022050442000 Exception <a 'java/lang/NoSuchMethodError'{0x0000000088c0ff40}: java.lang.invoke.DirectMethodHandle$Holder.invokeStaticInit(Ljava/lang/Object;Ljava/lang/Object;JLjava/lang/Object;)Ljava/lang/Object;> (0x0000000088c0ff40) thrown at [t:/workspace/open/src/h
Event: 16.468 Thread 0x0000022050442000 Exception <a 'java/lang/NoSuchMethodError'{0x0000000088c15e60}: java.lang.invoke.DirectMethodHandle$Holder.invokeStatic(Ljava/lang/Object;Ljava/lang/Object;J)Ljava/lang/Object;> (0x0000000088c15e60) thrown at [t:/workspace/open/src/hotspot/share/interpret
Event: 16.469 Thread 0x0000022050442000 Exception <a 'java/lang/NoSuchMethodError'{0x0000000088c1c3d8}: java.lang.invoke.Invokers$Holder.linkToTargetMethod(Ljava/lang/Object;JLjava/lang/Object;)Ljava/lang/Object;> (0x0000000088c1c3d8) thrown at [t:/workspace/open/src/hotspot/share/interpreter/l

Events (10 events):
Event: 85.126 Thread 0x0000022050442000 DEOPT PACKING pc=0x000002206030dda0 sp=0x000000986fffd830
Event: 85.126 Thread 0x0000022050442000 DEOPT UNPACKING pc=0x00000220587e8f2f sp=0x000000986fffd7a0 mode 2
Event: 85.130 Thread 0x0000022050442000 Uncommon trap: trap_request=0xffffffde fr.pc=0x0000022060473e84 relative=0x0000000000000064
Event: 85.130 Thread 0x0000022050442000 DEOPT PACKING pc=0x0000022060473e84 sp=0x000000986fffd5e0
Event: 85.130 Thread 0x0000022050442000 DEOPT UNPACKING pc=0x00000220587e8f2f sp=0x000000986fffd568 mode 2
Event: 85.130 Thread 0x0000022050442000 Uncommon trap: trap_request=0xffffffde fr.pc=0x0000022060424e4c relative=0x000000000000040c
Event: 85.130 Thread 0x0000022050442000 DEOPT PACKING pc=0x0000022060424e4c sp=0x000000986fffd590
Event: 85.130 Thread 0x0000022050442000 DEOPT UNPACKING pc=0x00000220587e8f2f sp=0x000000986fffd4f0 mode 2
Event: 85.140 Thread 0x00000220707f9800 Thread added: 0x00000220707f9800
Event: 85.140 Thread 0x0000022072494800 Thread added: 0x0000022072494800


Dynamic libraries:
0x00007ff63d9c0000 - 0x00007ff63da07000 	C:\Program Files\Java\jdk-11.0.6\bin\java.exe
0x00007ffe0e420000 - 0x00007ffe0e610000 	C:\WINDOWS\SYSTEM32\ntdll.dll
0x00007ffe0db60000 - 0x00007ffe0dc12000 	C:\WINDOWS\System32\KERNEL32.DLL
0x00007ffe0b490000 - 0x00007ffe0b733000 	C:\WINDOWS\System32\KERNELBASE.dll
0x00007ffe0d7b0000 - 0x00007ffe0d853000 	C:\WINDOWS\System32\ADVAPI32.dll
0x00007ffe0dac0000 - 0x00007ffe0db5e000 	C:\WINDOWS\System32\msvcrt.dll
0x00007ffe0d6b0000 - 0x00007ffe0d747000 	C:\WINDOWS\System32\sechost.dll
0x00007ffe0c9a0000 - 0x00007ffe0cac0000 	C:\WINDOWS\System32\RPCRT4.dll
0x00007ffe0e240000 - 0x00007ffe0e3d4000 	C:\WINDOWS\System32\USER32.dll
0x00007ffe0c430000 - 0x00007ffe0c451000 	C:\WINDOWS\System32\win32u.dll
0x00007ffe0da90000 - 0x00007ffe0dab6000 	C:\WINDOWS\System32\GDI32.dll
0x00007ffe0c290000 - 0x00007ffe0c424000 	C:\WINDOWS\System32\gdi32full.dll
0x00007ffe0b740000 - 0x00007ffe0b7de000 	C:\WINDOWS\System32\msvcp_win.dll
0x00007ffe0c190000 - 0x00007ffe0c28a000 	C:\WINDOWS\System32\ucrtbase.dll
0x00007ffdfb760000 - 0x00007ffdfb9e5000 	C:\WINDOWS\WinSxS\amd64_microsoft.windows.common-controls_6595b64144ccf1df_6.0.18362.720_none_e6beb5c51314836b\COMCTL32.dll
0x00007ffe0c630000 - 0x00007ffe0c966000 	C:\WINDOWS\System32\combase.dll
0x00007ffe0bf60000 - 0x00007ffe0bfe0000 	C:\WINDOWS\System32\bcryptPrimitives.dll
0x00007ffe04c20000 - 0x00007ffe04c2a000 	C:\WINDOWS\SYSTEM32\VERSION.dll
0x00007ffe0d290000 - 0x00007ffe0d2be000 	C:\WINDOWS\System32\IMM32.DLL
0x00007ffdfdc90000 - 0x00007ffdfdca6000 	C:\Program Files\Java\jdk-11.0.6\bin\vcruntime140.dll
0x00007ffdd9d10000 - 0x00007ffdd9dba000 	C:\Program Files\Java\jdk-11.0.6\bin\msvcp140.dll
0x00007ffdb1450000 - 0x00007ffdb1f79000 	C:\Program Files\Java\jdk-11.0.6\bin\server\jvm.dll
0x00007ffe0c990000 - 0x00007ffe0c998000 	C:\WINDOWS\System32\PSAPI.DLL
0x00007ffdfa670000 - 0x00007ffdfa679000 	C:\WINDOWS\SYSTEM32\WSOCK32.dll
0x00007ffe0d220000 - 0x00007ffe0d28f000 	C:\WINDOWS\System32\WS2_32.dll
0x00007ffe07c90000 - 0x00007ffe07cb4000 	C:\WINDOWS\SYSTEM32\WINMM.dll
0x00007ffe07c60000 - 0x00007ffe07c8d000 	C:\WINDOWS\SYSTEM32\WINMMBASE.dll
0x00007ffe0c540000 - 0x00007ffe0c58a000 	C:\WINDOWS\System32\cfgmgr32.dll
0x00007ffe0b470000 - 0x00007ffe0b481000 	C:\WINDOWS\System32\kernel.appcore.dll
0x00007ffdf2990000 - 0x00007ffdf29a1000 	C:\Program Files\Java\jdk-11.0.6\bin\verify.dll
0x00007ffe09b50000 - 0x00007ffe09d44000 	C:\WINDOWS\SYSTEM32\DBGHELP.DLL
0x00007ffdfba10000 - 0x00007ffdfba3a000 	C:\WINDOWS\SYSTEM32\dbgcore.DLL
0x00007ffdede70000 - 0x00007ffdede99000 	C:\Program Files\Java\jdk-11.0.6\bin\java.dll
0x00007ffdede40000 - 0x00007ffdede6f000 	C:\Program Files\Java\jdk-11.0.6\bin\instrument.dll
0x00007ffdf2940000 - 0x00007ffdf2956000 	C:\Program Files\Java\jdk-11.0.6\bin\zip.dll
0x00007ffe07950000 - 0x00007ffe0795a000 	C:\Program Files\Java\jdk-11.0.6\bin\jimage.dll
0x00007ffe0cb30000 - 0x00007ffe0d215000 	C:\WINDOWS\System32\SHELL32.dll
0x00007ffe0d410000 - 0x00007ffe0d4b9000 	C:\WINDOWS\System32\shcore.dll
0x00007ffe0b7e0000 - 0x00007ffe0bf60000 	C:\WINDOWS\System32\windows.storage.dll
0x00007ffe0b440000 - 0x00007ffe0b463000 	C:\WINDOWS\System32\profapi.dll
0x00007ffe0b3d0000 - 0x00007ffe0b41a000 	C:\WINDOWS\System32\powrprof.dll
0x00007ffe0b3c0000 - 0x00007ffe0b3d0000 	C:\WINDOWS\System32\UMPDC.dll
0x00007ffe0cad0000 - 0x00007ffe0cb22000 	C:\WINDOWS\System32\shlwapi.dll
0x00007ffe0c590000 - 0x00007ffe0c5a7000 	C:\WINDOWS\System32\cryptsp.dll
0x00007ffdee790000 - 0x00007ffdee7a9000 	C:\Program Files\Java\jdk-11.0.6\bin\net.dll
0x00007ffdfe950000 - 0x00007ffdfea41000 	C:\WINDOWS\SYSTEM32\WINHTTP.dll
0x00007ffe0ac30000 - 0x00007ffe0ac97000 	C:\WINDOWS\system32\mswsock.dll
0x00007ffdee6e0000 - 0x00007ffdee6f3000 	C:\Program Files\Java\jdk-11.0.6\bin\nio.dll
0x00007ffdeddf0000 - 0x00007ffdede0a000 	C:\Program Files\JetBrains\IntelliJ IDEA Community Edition 2019.3.4\bin\breakgen64.dll
0x00007ffe0a7a0000 - 0x00007ffe0a7d3000 	C:\WINDOWS\system32\rsaenh.dll
0x00007ffe0c510000 - 0x00007ffe0c536000 	C:\WINDOWS\System32\bcrypt.dll
0x00007ffe0b2e0000 - 0x00007ffe0b305000 	C:\WINDOWS\SYSTEM32\USERENV.dll
0x00007ffe0ae00000 - 0x00007ffe0ae0c000 	C:\WINDOWS\SYSTEM32\CRYPTBASE.dll
0x00007ffe0a940000 - 0x00007ffe0a97a000 	C:\WINDOWS\SYSTEM32\IPHLPAPI.DLL
0x00007ffe0c5b0000 - 0x00007ffe0c5b8000 	C:\WINDOWS\System32\NSI.dll
0x00007ffdffcf0000 - 0x00007ffdffd06000 	C:\WINDOWS\SYSTEM32\dhcpcsvc6.DLL
0x00007ffdfff30000 - 0x00007ffdfff4c000 	C:\WINDOWS\SYSTEM32\dhcpcsvc.DLL
0x00007ffe0a980000 - 0x00007ffe0aa4a000 	C:\WINDOWS\SYSTEM32\DNSAPI.dll
0x00007ffe01f10000 - 0x00007ffe01f1a000 	C:\Users\Dhanushguntha\AppData\Local\Temp\jansi-1.17.1-4452179311292471722.dll
0x00007ffe01ee0000 - 0x00007ffe01eea000 	C:\Users\Dhanushguntha\AppData\Local\Temp\jansi-1.17.1-1659649676473297360.dll

dbghelp: loaded successfully - version: 4.0.5 - missing functions: none
symbol engine: initialized successfully - sym options: 0x614 - pdb path: .;C:\Program Files\Java\jdk-11.0.6\bin;C:\WINDOWS\SYSTEM32;C:\WINDOWS\WinSxS\amd64_microsoft.windows.common-controls_6595b64144ccf1df_6.0.18362.720_none_e6beb5c51314836b;C:\Program Files\Java\jdk-11.0.6\bin\server;C:\Program Files\JetBrains\IntelliJ IDEA Community Edition 2019.3.4\bin;C:\Users\Dhanushguntha\AppData\Local\Temp

VM Arguments:
jvm_args: -Dmaven.multiModuleProjectDirectory=C:\Users\Dhanushguntha\Desktop\webcontroller\webcontroller -Dmaven.home=C:\Program Files\JetBrains\IntelliJ IDEA Community Edition 2019.3.4\plugins\maven\lib\maven3 -Dclassworlds.conf=C:\Program Files\JetBrains\IntelliJ IDEA Community Edition 2019.3.4\plugins\maven\lib\maven3\bin\m2.conf -Dmaven.ext.class.path=C:\Program Files\JetBrains\IntelliJ IDEA Community Edition 2019.3.4\plugins\maven\lib\maven-event-listener.jar -javaagent:C:\Program Files\JetBrains\IntelliJ IDEA Community Edition 2019.3.4\lib\idea_rt.jar=53312:C:\Program Files\JetBrains\IntelliJ IDEA Community Edition 2019.3.4\bin -Dfile.encoding=UTF-8 
java_command: org.codehaus.classworlds.Launcher -Didea.version2019.3.4 spring-boot:run
java_class_path (initial): C:\Program Files\JetBrains\IntelliJ IDEA Community Edition 2019.3.4\plugins\maven\lib\maven3\boot\plexus-classworlds-2.6.0.jar
Launcher Type: SUN_STANDARD

[Global flags]
     intx CICompilerCount                          = 3                                         {product} {ergonomic}
     uint ConcGCThreads                            = 1                                         {product} {ergonomic}
     uint G1ConcRefinementThreads                  = 4                                         {product} {ergonomic}
   size_t G1HeapRegionSize                         = 1048576                                   {product} {ergonomic}
    uintx GCDrainStackTargetSize                   = 64                                        {product} {ergonomic}
   size_t InitialHeapSize                          = 134217728                                 {product} {ergonomic}
   size_t MarkStackSize                            = 4194304                                   {product} {ergonomic}
   size_t MaxHeapSize                              = 2118123520                                {product} {ergonomic}
   size_t MaxNewSize                               = 1270874112                                {product} {ergonomic}
   size_t MinHeapDeltaBytes                        = 1048576                                   {product} {ergonomic}
    uintx NonNMethodCodeHeapSize                   = 5830732                                {pd product} {ergonomic}
    uintx NonProfiledCodeHeapSize                  = 122913754                              {pd product} {ergonomic}
    uintx ProfiledCodeHeapSize                     = 122913754                              {pd product} {ergonomic}
    uintx ReservedCodeCacheSize                    = 251658240                              {pd product} {ergonomic}
     bool SegmentedCodeCache                       = true                                      {product} {ergonomic}
     bool UseCompressedClassPointers               = true                                 {lp64_product} {ergonomic}
     bool UseCompressedOops                        = true                                 {lp64_product} {ergonomic}
     bool UseG1GC                                  = true                                      {product} {ergonomic}
     bool UseLargePagesIndividualAllocation        = false                                  {pd product} {ergonomic}

Logging:
Log output configuration:
 #0: stdout all=warning uptime,level,tags
 #1: stderr all=off uptime,level,tags

Environment Variables:
JAVA_HOME=C:\Program Files\Java\jdk-11.0.6
PATH=C:\Python27\;C:\Python27\Scripts;C:\Program Files (x86)\Intel\iCLS Client\;C:\Program Files\Intel\iCLS Client\;C:\windows\system32;C:\windows;C:\windows\System32\Wbem;C:\windows\System32\WindowsPowerShell\v1.0\;C:\Program Files (x86)\Intel\Intel(R) Management Engine Components\DAL;C:\Program Files\Intel\Intel(R) Management Engine Components\DAL;C:\Program Files (x86)\Intel\Intel(R) Management Engine Components\IPT;C:\Program Files\Intel\Intel(R) Management Engine Components\IPT;C:\Program Files (x86)\NVIDIA Corporation\PhysX\Common;C:\WINDOWS\system32;C:\WINDOWS;C:\WINDOWS\System32\Wbem;C:\WINDOWS\System32\WindowsPowerShell\v1.0\;C:\WINDOWS\System32\OpenSSH\;C:\Users\Dhanushguntha\AppData\Local\Programs\Python\Python37;C:\Program Files\Intel\WiFi\bin\;C:\Program Files\Common Files\Intel\WirelessCommon\;C:\Program Files\Git\cmd;C:\Program Files (x86)\Yarn\bin\;C:\Program Files\NVIDIA Corporation\NVIDIA NvDLISR;C:\Program Files\nodejs;C:\ProgramData\chocolatey\bin;C:\Program Files\nodejs\;C:\opt\apache-maven-3.6.3\bin;C:\Program Files\Java\jdk-11.0.6\bin;C:\Users\Dhanushguntha\Anaconda3\Scripts;C:\Users\Dhanushguntha\Anaconda3\Scripts;C:\Users\Dhanushguntha\AppData\Local\Programs\Microsoft VS Code\bin;C:\Users\Dhanushguntha\AppData\Roaming\npm;
USERNAME=Dhanushguntha
OS=Windows_NT
PROCESSOR_IDENTIFIER=Intel64 Family 6 Model 142 Stepping 9, GenuineIntel



---------------  S Y S T E M  ---------------

OS: Windows 10 , 64 bit Build 18362 (10.0.18362.329)

CPU:total 4 (initial active 4) (2 cores per cpu, 2 threads per core) family 6 model 142 stepping 9, cmov, cx8, fxsr, mmx, sse, sse2, sse3, ssse3, sse4.1, sse4.2, popcnt, avx, avx2, aes, clmul, erms, 3dnowpref, lzcnt, ht, tsc, tscinvbit, bmi1, bmi2, adx, fma

Memory: 4k page, system-wide physical 8077M (1060M free)
TotalPageFile size 8077M (AvailPageFile size 50M)
current process WorkingSet (physical memory assigned to process): 174M, peak: 193M
current process commit charge ("private bytes"): 242M, peak: 263M

vm_info: Java HotSpot(TM) 64-Bit Server VM (11.0.6+8-LTS) for windows-amd64 JRE (11.0.6+8-LTS), built on Dec 11 2019 09:17:57 by "mach5one" with MS VC++ 15.5 (VS2017)

END.
