#
# There is insufficient memory for the Java Runtime Environment to continue.
# Native memory allocation (malloc) failed to allocate 427136 bytes for Chunk::new
# Possible reasons:
#   The system is out of physical RAM or swap space
#   The process is running with CompressedOops enabled, and the Java Heap may be blocking the growth of the native heap
# Possible solutions:
#   Reduce memory load on the system
#   Increase physical memory or swap space
#   Check if swap backing store is full
#   Decrease Java heap size (-Xmx/-Xms)
#   Decrease number of Java threads
#   Decrease Java thread stack sizes (-Xss)
#   Set larger code cache with -XX:ReservedCodeCacheSize=
#   JVM is running with Unscaled Compressed Oops mode in which the Java heap is
#     placed in the first 4GB address space. The Java Heap base address is the
#     maximum limit for the native heap growth. Please use -XX:HeapBaseMinAddress
#     to set the Java Heap base and to place the Java Heap above 4GB virtual address.
# This output file may be truncated or incomplete.
#
#  Out of Memory Error (t:/workspace/open/src/hotspot/share/memory/arena.cpp:197), pid=8992, tid=4468
#
# JRE version: Java(TM) SE Runtime Environment (11.0.6+8) (build 11.0.6+8-LTS)
# Java VM: Java HotSpot(TM) 64-Bit Server VM (11.0.6+8-LTS, mixed mode, tiered, compressed oops, g1 gc, windows-amd64)
# No core dump will be written. Minidumps are not enabled by default on client versions of Windows
#

---------------  S U M M A R Y ------------

Command Line: -Dmaven.multiModuleProjectDirectory=C:\Users\Dhanushguntha\Desktop\webcontroller\webcontroller -Dmaven.home=C:\Program Files\JetBrains\IntelliJ IDEA Community Edition 2019.3.4\plugins\maven\lib\maven3 -Dclassworlds.conf=C:\Program Files\JetBrains\IntelliJ IDEA Community Edition 2019.3.4\plugins\maven\lib\maven3\bin\m2.conf -Dmaven.ext.class.path=C:\Program Files\JetBrains\IntelliJ IDEA Community Edition 2019.3.4\plugins\maven\lib\maven-event-listener.jar -javaagent:C:\Program Files\JetBrains\IntelliJ IDEA Community Edition 2019.3.4\lib\idea_rt.jar=54164:C:\Program Files\JetBrains\IntelliJ IDEA Community Edition 2019.3.4\bin -Dfile.encoding=UTF-8 org.codehaus.classworlds.Launcher -Didea.version2019.3.4 spring-boot:run

Host: Intel(R) Core(TM) i5-7200U CPU @ 2.50GHz, 4 cores, 7G,  Windows 10 , 64 bit Build 18362 (10.0.18362.329)
Time: Wed Apr  8 07:11:09 2020 India Standard Time elapsed time: 7 seconds (0d 0h 0m 7s)

---------------  T H R E A D  ---------------

Current thread (0x0000024b1fb2e800):  JavaThread "C2 CompilerThread0" daemon [_thread_in_native, id=4468, stack(0x000000f570000000,0x000000f570100000)]


Current CompileTask:
C2:   7845 3293       4       org.eclipse.aether.internal.impl.collect.CachingArtifactTypeRegistry::get (43 bytes)

Stack: [0x000000f570000000,0x000000f570100000]
Native frames: (J=compiled Java code, j=interpreted, Vv=VM code, C=native code)
V  [jvm.dll+0x63679a]
V  [jvm.dll+0x7755bf]
V  [jvm.dll+0x776c65]
V  [jvm.dll+0x7772d3]
V  [jvm.dll+0x25e7f8]
V  [jvm.dll+0xc1c01]
V  [jvm.dll+0xc219c]
V  [jvm.dll+0x2cf424]
V  [jvm.dll+0x552d3f]
V  [jvm.dll+0x21a49f]
V  [jvm.dll+0x2173d6]
V  [jvm.dll+0x193a2c]
V  [jvm.dll+0x226544]
V  [jvm.dll+0x224b28]
V  [jvm.dll+0x73a9c5]
V  [jvm.dll+0x733905]
V  [jvm.dll+0x635846]
C  [ucrtbase.dll+0x20e72]
C  [KERNEL32.DLL+0x17bd4]
C  [ntdll.dll+0x6ced1]


---------------  P R O C E S S  ---------------

Threads class SMR info:
_java_thread_list=0x0000024b238b9c60, length=12, elements={
0x0000024b7fb6a000, 0x0000024b1fb18800, 0x0000024b1fb19000, 0x0000024b20492800,
0x0000024b20493800, 0x0000024b1fb2e800, 0x0000024b1fb31800, 0x0000024b1fb35000,
0x0000024b1faad000, 0x0000024b206f6800, 0x0000024b206f7800, 0x0000024b234f7000
}

Java Threads: ( => current thread )
  0x0000024b7fb6a000 JavaThread "main" [_thread_in_Java, id=3016, stack(0x000000f56f500000,0x000000f56f600000)]
  0x0000024b1fb18800 JavaThread "Reference Handler" daemon [_thread_blocked, id=13136, stack(0x000000f56fc00000,0x000000f56fd00000)]
  0x0000024b1fb19000 JavaThread "Finalizer" daemon [_thread_blocked, id=12420, stack(0x000000f56fd00000,0x000000f56fe00000)]
  0x0000024b20492800 JavaThread "Signal Dispatcher" daemon [_thread_blocked, id=13896, stack(0x000000f56fe00000,0x000000f56ff00000)]
  0x0000024b20493800 JavaThread "Attach Listener" daemon [_thread_blocked, id=13580, stack(0x000000f56ff00000,0x000000f570000000)]
=>0x0000024b1fb2e800 JavaThread "C2 CompilerThread0" daemon [_thread_in_native, id=4468, stack(0x000000f570000000,0x000000f570100000)]
  0x0000024b1fb31800 JavaThread "C1 CompilerThread0" daemon [_thread_blocked, id=3480, stack(0x000000f570100000,0x000000f570200000)]
  0x0000024b1fb35000 JavaThread "Sweeper thread" daemon [_thread_blocked, id=11152, stack(0x000000f570200000,0x000000f570300000)]
  0x0000024b1faad000 JavaThread "Common-Cleaner" daemon [_thread_blocked, id=8860, stack(0x000000f570300000,0x000000f570400000)]
  0x0000024b206f6800 JavaThread "Monitor Ctrl-Break" daemon [_thread_in_native, id=13236, stack(0x000000f570400000,0x000000f570500000)]
  0x0000024b206f7800 JavaThread "Service Thread" daemon [_thread_blocked, id=7144, stack(0x000000f570500000,0x000000f570600000)]
  0x0000024b234f7000 JavaThread "C2 CompilerThread1" daemon [_thread_in_native, id=12460, stack(0x000000f570900000,0x000000f570a00000)]

Other Threads:
  0x0000024b1faf2000 VMThread "VM Thread" [stack: 0x000000f56fb00000,0x000000f56fc00000] [id=9124]
  0x0000024b206fc000 WatcherThread [stack: 0x000000f570600000,0x000000f570700000] [id=5896]
  0x0000024b7fb82000 GCTaskThread "GC Thread#0" [stack: 0x000000f56f600000,0x000000f56f700000] [id=12844]
  0x0000024b20c7c000 GCTaskThread "GC Thread#1" [stack: 0x000000f570700000,0x000000f570800000] [id=4844]
  0x0000024b20c15000 GCTaskThread "GC Thread#2" [stack: 0x000000f570800000,0x000000f570900000] [id=11620]
  0x0000024b7fbb1000 ConcurrentGCThread "G1 Main Marker" [stack: 0x000000f56f700000,0x000000f56f800000] [id=5080]
  0x0000024b7fbb2800 ConcurrentGCThread "G1 Conc#0" [stack: 0x000000f56f800000,0x000000f56f900000] [id=14256]
  0x0000024b1f960800 ConcurrentGCThread "G1 Refine#0" [stack: 0x000000f56f900000,0x000000f56fa00000] [id=948]
  0x0000024b1f961800 ConcurrentGCThread "G1 Young RemSet Sampling" [stack: 0x000000f56fa00000,0x000000f56fb00000] [id=3712]

Threads with active compile tasks:
C2 CompilerThread03293       4       org.eclipse.aether.internal.impl.collect.CachingArtifactTypeRegistry::get (43 bytes)
C2 CompilerThread13387       4       org.apache.maven.repository.internal.ArtifactDescriptorReaderDelegate::convert (205 bytes)

VM state:not at safepoint (normal execution)

VM Mutex/Monitor currently owned by a thread: None

Heap address: 0x0000000081c00000, size: 2020 MB, Compressed Oops mode: 32-bit
Narrow klass base: 0x0000000000000000, Narrow klass shift: 3
Compressed class space size: 1073741824 Address: 0x0000000100000000

Heap:
 garbage-first heap   total 131072K, used 32699K [0x0000000081c00000, 0x0000000100000000)
  region size 1024K, 28 young (28672K), 10 survivors (10240K)
 Metaspace       used 21766K, capacity 22156K, committed 22320K, reserved 1069056K
  class space    used 2283K, capacity 2403K, committed 2432K, reserved 1048576K
Heap Regions: E=young(eden), S=young(survivor), O=old, HS=humongous(starts), HC=humongous(continues), CS=collection set, F=free, A=archive, TAMS=top-at-mark-start (previous, next)
|   0|0x0000000081c00000, 0x0000000081d00000, 0x0000000081d00000|100%| O|  |TAMS 0x0000000081d00000, 0x0000000081c00000| Untracked 
|   1|0x0000000081d00000, 0x0000000081e00000, 0x0000000081e00000|100%| O|  |TAMS 0x0000000081e00000, 0x0000000081d00000| Untracked 
|   2|0x0000000081e00000, 0x0000000081f00000, 0x0000000081f00000|100%| O|  |TAMS 0x0000000081f00000, 0x0000000081e00000| Untracked 
|   3|0x0000000081f00000, 0x0000000082000000, 0x0000000082000000|100%| O|  |TAMS 0x0000000081f7e400, 0x0000000081f00000| Untracked 
|   4|0x0000000082000000, 0x00000000820eee00, 0x0000000082100000| 93%| O|  |TAMS 0x0000000082000000, 0x0000000082000000| Untracked 
|   5|0x0000000082100000, 0x0000000082100000, 0x0000000082200000|  0%| F|  |TAMS 0x0000000082100000, 0x0000000082100000| Untracked 
|   6|0x0000000082200000, 0x0000000082200000, 0x0000000082300000|  0%| F|  |TAMS 0x0000000082200000, 0x0000000082200000| Untracked 
|   7|0x0000000082300000, 0x0000000082300000, 0x0000000082400000|  0%| F|  |TAMS 0x0000000082300000, 0x0000000082300000| Untracked 
|   8|0x0000000082400000, 0x0000000082400000, 0x0000000082500000|  0%| F|  |TAMS 0x0000000082400000, 0x0000000082400000| Untracked 
|   9|0x0000000082500000, 0x0000000082500000, 0x0000000082600000|  0%| F|  |TAMS 0x0000000082500000, 0x0000000082500000| Untracked 
|  10|0x0000000082600000, 0x0000000082600000, 0x0000000082700000|  0%| F|  |TAMS 0x0000000082600000, 0x0000000082600000| Untracked 
|  11|0x0000000082700000, 0x0000000082700000, 0x0000000082800000|  0%| F|  |TAMS 0x0000000082700000, 0x0000000082700000| Untracked 
|  12|0x0000000082800000, 0x0000000082800000, 0x0000000082900000|  0%| F|  |TAMS 0x0000000082800000, 0x0000000082800000| Untracked 
|  13|0x0000000082900000, 0x0000000082900000, 0x0000000082a00000|  0%| F|  |TAMS 0x0000000082900000, 0x0000000082900000| Untracked 
|  14|0x0000000082a00000, 0x0000000082a00000, 0x0000000082b00000|  0%| F|  |TAMS 0x0000000082a00000, 0x0000000082a00000| Untracked 
|  15|0x0000000082b00000, 0x0000000082b00000, 0x0000000082c00000|  0%| F|  |TAMS 0x0000000082b00000, 0x0000000082b00000| Untracked 
|  16|0x0000000082c00000, 0x0000000082c00000, 0x0000000082d00000|  0%| F|  |TAMS 0x0000000082c00000, 0x0000000082c00000| Untracked 
|  17|0x0000000082d00000, 0x0000000082d00000, 0x0000000082e00000|  0%| F|  |TAMS 0x0000000082d00000, 0x0000000082d00000| Untracked 
|  18|0x0000000082e00000, 0x0000000082e00000, 0x0000000082f00000|  0%| F|  |TAMS 0x0000000082e00000, 0x0000000082e00000| Untracked 
|  19|0x0000000082f00000, 0x0000000082f00000, 0x0000000083000000|  0%| F|  |TAMS 0x0000000082f00000, 0x0000000082f00000| Untracked 
|  20|0x0000000083000000, 0x0000000083000000, 0x0000000083100000|  0%| F|  |TAMS 0x0000000083000000, 0x0000000083000000| Untracked 
|  21|0x0000000083100000, 0x0000000083100000, 0x0000000083200000|  0%| F|  |TAMS 0x0000000083100000, 0x0000000083100000| Untracked 
|  22|0x0000000083200000, 0x0000000083200000, 0x0000000083300000|  0%| F|  |TAMS 0x0000000083200000, 0x0000000083200000| Untracked 
|  23|0x0000000083300000, 0x0000000083300000, 0x0000000083400000|  0%| F|  |TAMS 0x0000000083300000, 0x0000000083300000| Untracked 
|  24|0x0000000083400000, 0x0000000083400000, 0x0000000083500000|  0%| F|  |TAMS 0x0000000083400000, 0x0000000083400000| Untracked 
|  25|0x0000000083500000, 0x0000000083500000, 0x0000000083600000|  0%| F|  |TAMS 0x0000000083500000, 0x0000000083500000| Untracked 
|  26|0x0000000083600000, 0x0000000083600000, 0x0000000083700000|  0%| F|  |TAMS 0x0000000083600000, 0x0000000083600000| Untracked 
|  27|0x0000000083700000, 0x0000000083700000, 0x0000000083800000|  0%| F|  |TAMS 0x0000000083700000, 0x0000000083700000| Untracked 
|  28|0x0000000083800000, 0x0000000083800000, 0x0000000083900000|  0%| F|  |TAMS 0x0000000083800000, 0x0000000083800000| Untracked 
|  29|0x0000000083900000, 0x0000000083900000, 0x0000000083a00000|  0%| F|  |TAMS 0x0000000083900000, 0x0000000083900000| Untracked 
|  30|0x0000000083a00000, 0x0000000083a00000, 0x0000000083b00000|  0%| F|  |TAMS 0x0000000083a00000, 0x0000000083a00000| Untracked 
|  31|0x0000000083b00000, 0x0000000083b00000, 0x0000000083c00000|  0%| F|  |TAMS 0x0000000083b00000, 0x0000000083b00000| Untracked 
|  32|0x0000000083c00000, 0x0000000083c00000, 0x0000000083d00000|  0%| F|  |TAMS 0x0000000083c00000, 0x0000000083c00000| Untracked 
|  33|0x0000000083d00000, 0x0000000083d00000, 0x0000000083e00000|  0%| F|  |TAMS 0x0000000083d00000, 0x0000000083d00000| Untracked 
|  34|0x0000000083e00000, 0x0000000083e00000, 0x0000000083f00000|  0%| F|  |TAMS 0x0000000083e00000, 0x0000000083e00000| Untracked 
|  35|0x0000000083f00000, 0x0000000083f00000, 0x0000000084000000|  0%| F|  |TAMS 0x0000000083f00000, 0x0000000083f00000| Untracked 
|  36|0x0000000084000000, 0x0000000084000000, 0x0000000084100000|  0%| F|  |TAMS 0x0000000084000000, 0x0000000084000000| Untracked 
|  37|0x0000000084100000, 0x0000000084100000, 0x0000000084200000|  0%| F|  |TAMS 0x0000000084100000, 0x0000000084100000| Untracked 
|  38|0x0000000084200000, 0x0000000084200000, 0x0000000084300000|  0%| F|  |TAMS 0x0000000084200000, 0x0000000084200000| Untracked 
|  39|0x0000000084300000, 0x0000000084300000, 0x0000000084400000|  0%| F|  |TAMS 0x0000000084300000, 0x0000000084300000| Untracked 
|  40|0x0000000084400000, 0x0000000084400000, 0x0000000084500000|  0%| F|  |TAMS 0x0000000084400000, 0x0000000084400000| Untracked 
|  41|0x0000000084500000, 0x0000000084500000, 0x0000000084600000|  0%| F|  |TAMS 0x0000000084500000, 0x0000000084500000| Untracked 
|  42|0x0000000084600000, 0x0000000084700000, 0x0000000084700000|100%| S|CS|TAMS 0x0000000084600000, 0x0000000084600000| Complete 
|  43|0x0000000084700000, 0x0000000084800000, 0x0000000084800000|100%| S|CS|TAMS 0x0000000084700000, 0x0000000084700000| Complete 
|  44|0x0000000084800000, 0x0000000084900000, 0x0000000084900000|100%| S|CS|TAMS 0x0000000084800000, 0x0000000084800000| Complete 
|  45|0x0000000084900000, 0x0000000084a00000, 0x0000000084a00000|100%| S|CS|TAMS 0x0000000084900000, 0x0000000084900000| Complete 
|  46|0x0000000084a00000, 0x0000000084b00000, 0x0000000084b00000|100%| S|CS|TAMS 0x0000000084a00000, 0x0000000084a00000| Complete 
|  47|0x0000000084b00000, 0x0000000084c00000, 0x0000000084c00000|100%| S|CS|TAMS 0x0000000084b00000, 0x0000000084b00000| Complete 
|  48|0x0000000084c00000, 0x0000000084d00000, 0x0000000084d00000|100%| S|CS|TAMS 0x0000000084c00000, 0x0000000084c00000| Complete 
|  49|0x0000000084d00000, 0x0000000084e00000, 0x0000000084e00000|100%| S|CS|TAMS 0x0000000084d00000, 0x0000000084d00000| Complete 
|  50|0x0000000084e00000, 0x0000000084f00000, 0x0000000084f00000|100%| S|CS|TAMS 0x0000000084e00000, 0x0000000084e00000| Complete 
|  51|0x0000000084f00000, 0x0000000085000000, 0x0000000085000000|100%| S|CS|TAMS 0x0000000084f00000, 0x0000000084f00000| Complete 
|  52|0x0000000085000000, 0x0000000085000000, 0x0000000085100000|  0%| F|  |TAMS 0x0000000085000000, 0x0000000085000000| Untracked 
|  53|0x0000000085100000, 0x0000000085100000, 0x0000000085200000|  0%| F|  |TAMS 0x0000000085100000, 0x0000000085100000| Untracked 
|  54|0x0000000085200000, 0x0000000085200000, 0x0000000085300000|  0%| F|  |TAMS 0x0000000085200000, 0x0000000085200000| Untracked 
|  55|0x0000000085300000, 0x0000000085300000, 0x0000000085400000|  0%| F|  |TAMS 0x0000000085300000, 0x0000000085300000| Untracked 
|  56|0x0000000085400000, 0x0000000085400000, 0x0000000085500000|  0%| F|  |TAMS 0x0000000085400000, 0x0000000085400000| Untracked 
|  57|0x0000000085500000, 0x0000000085500000, 0x0000000085600000|  0%| F|  |TAMS 0x0000000085500000, 0x0000000085500000| Untracked 
|  58|0x0000000085600000, 0x0000000085600000, 0x0000000085700000|  0%| F|  |TAMS 0x0000000085600000, 0x0000000085600000| Untracked 
|  59|0x0000000085700000, 0x0000000085700000, 0x0000000085800000|  0%| F|  |TAMS 0x0000000085700000, 0x0000000085700000| Untracked 
|  60|0x0000000085800000, 0x0000000085800000, 0x0000000085900000|  0%| F|  |TAMS 0x0000000085800000, 0x0000000085800000| Untracked 
|  61|0x0000000085900000, 0x0000000085900000, 0x0000000085a00000|  0%| F|  |TAMS 0x0000000085900000, 0x0000000085900000| Untracked 
|  62|0x0000000085a00000, 0x0000000085a00000, 0x0000000085b00000|  0%| F|  |TAMS 0x0000000085a00000, 0x0000000085a00000| Untracked 
|  63|0x0000000085b00000, 0x0000000085b00000, 0x0000000085c00000|  0%| F|  |TAMS 0x0000000085b00000, 0x0000000085b00000| Untracked 
|  64|0x0000000085c00000, 0x0000000085c00000, 0x0000000085d00000|  0%| F|  |TAMS 0x0000000085c00000, 0x0000000085c00000| Untracked 
|  65|0x0000000085d00000, 0x0000000085d00000, 0x0000000085e00000|  0%| F|  |TAMS 0x0000000085d00000, 0x0000000085d00000| Untracked 
|  66|0x0000000085e00000, 0x0000000085e00000, 0x0000000085f00000|  0%| F|  |TAMS 0x0000000085e00000, 0x0000000085e00000| Untracked 
|  67|0x0000000085f00000, 0x0000000085f00000, 0x0000000086000000|  0%| F|  |TAMS 0x0000000085f00000, 0x0000000085f00000| Untracked 
|  68|0x0000000086000000, 0x0000000086000000, 0x0000000086100000|  0%| F|  |TAMS 0x0000000086000000, 0x0000000086000000| Untracked 
|  69|0x0000000086100000, 0x0000000086100000, 0x0000000086200000|  0%| F|  |TAMS 0x0000000086100000, 0x0000000086100000| Untracked 
|  70|0x0000000086200000, 0x0000000086200000, 0x0000000086300000|  0%| F|  |TAMS 0x0000000086200000, 0x0000000086200000| Untracked 
|  71|0x0000000086300000, 0x0000000086300000, 0x0000000086400000|  0%| F|  |TAMS 0x0000000086300000, 0x0000000086300000| Untracked 
|  72|0x0000000086400000, 0x0000000086400000, 0x0000000086500000|  0%| F|  |TAMS 0x0000000086400000, 0x0000000086400000| Untracked 
|  73|0x0000000086500000, 0x0000000086500000, 0x0000000086600000|  0%| F|  |TAMS 0x0000000086500000, 0x0000000086500000| Untracked 
|  74|0x0000000086600000, 0x0000000086600000, 0x0000000086700000|  0%| F|  |TAMS 0x0000000086600000, 0x0000000086600000| Untracked 
|  75|0x0000000086700000, 0x0000000086700000, 0x0000000086800000|  0%| F|  |TAMS 0x0000000086700000, 0x0000000086700000| Untracked 
|  76|0x0000000086800000, 0x0000000086800000, 0x0000000086900000|  0%| F|  |TAMS 0x0000000086800000, 0x0000000086800000| Untracked 
|  77|0x0000000086900000, 0x0000000086900000, 0x0000000086a00000|  0%| F|  |TAMS 0x0000000086900000, 0x0000000086900000| Untracked 
|  78|0x0000000086a00000, 0x0000000086a00000, 0x0000000086b00000|  0%| F|  |TAMS 0x0000000086a00000, 0x0000000086a00000| Untracked 
|  79|0x0000000086b00000, 0x0000000086b00000, 0x0000000086c00000|  0%| F|  |TAMS 0x0000000086b00000, 0x0000000086b00000| Untracked 
|  80|0x0000000086c00000, 0x0000000086c00000, 0x0000000086d00000|  0%| F|  |TAMS 0x0000000086c00000, 0x0000000086c00000| Untracked 
|  81|0x0000000086d00000, 0x0000000086d00000, 0x0000000086e00000|  0%| F|  |TAMS 0x0000000086d00000, 0x0000000086d00000| Untracked 
|  82|0x0000000086e00000, 0x0000000086e00000, 0x0000000086f00000|  0%| F|  |TAMS 0x0000000086e00000, 0x0000000086e00000| Untracked 
|  83|0x0000000086f00000, 0x0000000086f00000, 0x0000000087000000|  0%| F|  |TAMS 0x0000000086f00000, 0x0000000086f00000| Untracked 
|  84|0x0000000087000000, 0x0000000087000000, 0x0000000087100000|  0%| F|  |TAMS 0x0000000087000000, 0x0000000087000000| Untracked 
|  85|0x0000000087100000, 0x0000000087100000, 0x0000000087200000|  0%| F|  |TAMS 0x0000000087100000, 0x0000000087100000| Untracked 
|  86|0x0000000087200000, 0x0000000087200000, 0x0000000087300000|  0%| F|  |TAMS 0x0000000087200000, 0x0000000087200000| Untracked 
|  87|0x0000000087300000, 0x0000000087300000, 0x0000000087400000|  0%| F|  |TAMS 0x0000000087300000, 0x0000000087300000| Untracked 
|  88|0x0000000087400000, 0x0000000087400000, 0x0000000087500000|  0%| F|  |TAMS 0x0000000087400000, 0x0000000087400000| Untracked 
|  89|0x0000000087500000, 0x0000000087500000, 0x0000000087600000|  0%| F|  |TAMS 0x0000000087500000, 0x0000000087500000| Untracked 
|  90|0x0000000087600000, 0x0000000087600000, 0x0000000087700000|  0%| F|  |TAMS 0x0000000087600000, 0x0000000087600000| Untracked 
|  91|0x0000000087700000, 0x0000000087700000, 0x0000000087800000|  0%| F|  |TAMS 0x0000000087700000, 0x0000000087700000| Untracked 
|  92|0x0000000087800000, 0x0000000087800000, 0x0000000087900000|  0%| F|  |TAMS 0x0000000087800000, 0x0000000087800000| Untracked 
|  93|0x0000000087900000, 0x0000000087900000, 0x0000000087a00000|  0%| F|  |TAMS 0x0000000087900000, 0x0000000087900000| Untracked 
|  94|0x0000000087a00000, 0x0000000087a00000, 0x0000000087b00000|  0%| F|  |TAMS 0x0000000087a00000, 0x0000000087a00000| Untracked 
|  95|0x0000000087b00000, 0x0000000087b00000, 0x0000000087c00000|  0%| F|  |TAMS 0x0000000087b00000, 0x0000000087b00000| Untracked 
|  96|0x0000000087c00000, 0x0000000087c00000, 0x0000000087d00000|  0%| F|  |TAMS 0x0000000087c00000, 0x0000000087c00000| Untracked 
|  97|0x0000000087d00000, 0x0000000087d00000, 0x0000000087e00000|  0%| F|  |TAMS 0x0000000087d00000, 0x0000000087d00000| Untracked 
|  98|0x0000000087e00000, 0x0000000087e00000, 0x0000000087f00000|  0%| F|  |TAMS 0x0000000087e00000, 0x0000000087e00000| Untracked 
|  99|0x0000000087f00000, 0x0000000087f00000, 0x0000000088000000|  0%| F|  |TAMS 0x0000000087f00000, 0x0000000087f00000| Untracked 
| 100|0x0000000088000000, 0x0000000088000000, 0x0000000088100000|  0%| F|  |TAMS 0x0000000088000000, 0x0000000088000000| Untracked 
| 101|0x0000000088100000, 0x0000000088100000, 0x0000000088200000|  0%| F|  |TAMS 0x0000000088100000, 0x0000000088100000| Untracked 
| 102|0x0000000088200000, 0x0000000088200000, 0x0000000088300000|  0%| F|  |TAMS 0x0000000088200000, 0x0000000088200000| Untracked 
| 103|0x0000000088300000, 0x0000000088300000, 0x0000000088400000|  0%| F|  |TAMS 0x0000000088300000, 0x0000000088300000| Untracked 
| 104|0x0000000088400000, 0x0000000088400000, 0x0000000088500000|  0%| F|  |TAMS 0x0000000088400000, 0x0000000088400000| Untracked 
| 105|0x0000000088500000, 0x0000000088500000, 0x0000000088600000|  0%| F|  |TAMS 0x0000000088500000, 0x0000000088500000| Untracked 
| 106|0x0000000088600000, 0x0000000088600000, 0x0000000088700000|  0%| F|  |TAMS 0x0000000088600000, 0x0000000088600000| Untracked 
| 107|0x0000000088700000, 0x0000000088700000, 0x0000000088800000|  0%| F|  |TAMS 0x0000000088700000, 0x0000000088700000| Untracked 
| 108|0x0000000088800000, 0x0000000088800000, 0x0000000088900000|  0%| F|  |TAMS 0x0000000088800000, 0x0000000088800000| Untracked 
| 109|0x0000000088900000, 0x0000000088900000, 0x0000000088a00000|  0%| F|  |TAMS 0x0000000088900000, 0x0000000088900000| Untracked 
| 110|0x0000000088a00000, 0x0000000088b00000, 0x0000000088b00000|100%| E|  |TAMS 0x0000000088a00000, 0x0000000088a00000| Complete 
| 111|0x0000000088b00000, 0x0000000088c00000, 0x0000000088c00000|100%| E|CS|TAMS 0x0000000088b00000, 0x0000000088b00000| Complete 
| 112|0x0000000088c00000, 0x0000000088d00000, 0x0000000088d00000|100%| E|CS|TAMS 0x0000000088c00000, 0x0000000088c00000| Complete 
| 113|0x0000000088d00000, 0x0000000088e00000, 0x0000000088e00000|100%| E|CS|TAMS 0x0000000088d00000, 0x0000000088d00000| Complete 
| 114|0x0000000088e00000, 0x0000000088f00000, 0x0000000088f00000|100%| E|CS|TAMS 0x0000000088e00000, 0x0000000088e00000| Complete 
| 115|0x0000000088f00000, 0x0000000089000000, 0x0000000089000000|100%| E|CS|TAMS 0x0000000088f00000, 0x0000000088f00000| Complete 
| 116|0x0000000089000000, 0x0000000089100000, 0x0000000089100000|100%| E|CS|TAMS 0x0000000089000000, 0x0000000089000000| Complete 
| 117|0x0000000089100000, 0x0000000089200000, 0x0000000089200000|100%| E|CS|TAMS 0x0000000089100000, 0x0000000089100000| Complete 
| 118|0x0000000089200000, 0x0000000089300000, 0x0000000089300000|100%| E|CS|TAMS 0x0000000089200000, 0x0000000089200000| Complete 
| 119|0x0000000089300000, 0x0000000089400000, 0x0000000089400000|100%| E|CS|TAMS 0x0000000089300000, 0x0000000089300000| Complete 
| 120|0x0000000089400000, 0x0000000089500000, 0x0000000089500000|100%| E|CS|TAMS 0x0000000089400000, 0x0000000089400000| Complete 
| 121|0x0000000089500000, 0x0000000089600000, 0x0000000089600000|100%| E|CS|TAMS 0x0000000089500000, 0x0000000089500000| Complete 
| 122|0x0000000089600000, 0x0000000089700000, 0x0000000089700000|100%| E|CS|TAMS 0x0000000089600000, 0x0000000089600000| Complete 
| 123|0x0000000089700000, 0x0000000089800000, 0x0000000089800000|100%| E|CS|TAMS 0x0000000089700000, 0x0000000089700000| Complete 
| 124|0x0000000089800000, 0x0000000089900000, 0x0000000089900000|100%| E|CS|TAMS 0x0000000089800000, 0x0000000089800000| Complete 
| 125|0x0000000089900000, 0x0000000089a00000, 0x0000000089a00000|100%| E|CS|TAMS 0x0000000089900000, 0x0000000089900000| Complete 
| 126|0x0000000089a00000, 0x0000000089b00000, 0x0000000089b00000|100%| E|CS|TAMS 0x0000000089a00000, 0x0000000089a00000| Complete 
| 127|0x0000000089b00000, 0x0000000089c00000, 0x0000000089c00000|100%| E|CS|TAMS 0x0000000089b00000, 0x0000000089b00000| Complete 

Card table byte_map: [0x0000024b18df0000,0x0000024b191f0000] _byte_map_base: 0x0000024b189e2000

Marking Bits (Prev, Next): (CMBitMap*) 0x0000024b7fba8830, (CMBitMap*) 0x0000024b7fba87f8
 Prev Bits: [0x0000024b1b580000, 0x0000024b1d510000)
 Next Bits: [0x0000024b195f0000, 0x0000024b1b580000)

Polling page: 0x0000024b7f5b0000

Metaspace:

Usage:
  Non-class:     19.29 MB capacity,    19.03 MB ( 99%) used,   241.66 KB (  1%) free+waste,    27.44 KB ( <1%) overhead. 
      Class:      2.35 MB capacity,     2.23 MB ( 95%) used,   108.74 KB (  5%) free+waste,    10.81 KB ( <1%) overhead. 
       Both:     21.64 MB capacity,    21.26 MB ( 98%) used,   350.41 KB (  2%) free+waste,    38.25 KB ( <1%) overhead. 

Virtual space:
  Non-class space:       20.00 MB reserved,      19.42 MB ( 97%) committed 
      Class space:        1.00 GB reserved,       2.38 MB ( <1%) committed 
             Both:        1.02 GB reserved,      21.80 MB (  2%) committed 

Chunk freelists:
   Non-Class:  2.88 KB
       Class:  0 bytes
        Both:  2.88 KB

CodeHeap 'non-profiled nmethods': size=120064Kb used=1977Kb max_used=1977Kb free=118086Kb
 bounds [0x0000024b11180000, 0x0000024b113f0000, 0x0000024b186c0000]
CodeHeap 'profiled nmethods': size=120000Kb used=7163Kb max_used=7163Kb free=112836Kb
 bounds [0x0000024b09c50000, 0x0000024b0a350000, 0x0000024b11180000]
CodeHeap 'non-nmethods': size=5696Kb used=1113Kb max_used=1163Kb free=4582Kb
 bounds [0x0000024b096c0000, 0x0000024b09930000, 0x0000024b09c50000]
 total_blobs=4742 nmethods=3415 adapters=337
 compilation: enabled
              stopped_count=0, restarted_count=0
 full_count=0

Compilation events (10 events):
Event: 7.719 Thread 0x0000024b1fb2e800 nmethod 3340 0x0000024b11369910 code [0x0000024b11369aa0, 0x0000024b11369b38]
Event: 7.719 Thread 0x0000024b1fb2e800 3347       4       java.util.Collections$UnmodifiableMap::entrySet (32 bytes)
Event: 7.726 Thread 0x0000024b1fb2e800 nmethod 3347 0x0000024b11369c10 code [0x0000024b11369dc0, 0x0000024b1136a1d8]
Event: 7.726 Thread 0x0000024b1fb2e800 3348       4       java.util.Collections$UnmodifiableMap$UnmodifiableEntrySet::iterator (9 bytes)
Event: 7.736 Thread 0x0000024b1fb2e800 nmethod 3348 0x0000024b1136a310 code [0x0000024b1136a4c0, 0x0000024b1136a958]
Event: 7.736 Thread 0x0000024b1fb2e800 3349       4       java.util.Collections$UnmodifiableMap::isEmpty (10 bytes)
Event: 7.737 Thread 0x0000024b1fb2e800 nmethod 3349 0x0000024b1136ac10 code [0x0000024b1136ada0, 0x0000024b1136ae38]
Event: 7.737 Thread 0x0000024b1fb2e800 3382       4       org.eclipse.aether.artifact.DefaultArtifact::<init> (130 bytes)
Event: 7.751 Thread 0x0000024b1fb2e800 nmethod 3382 0x0000024b1136af10 code [0x0000024b1136b0e0, 0x0000024b1136ba68]
Event: 7.751 Thread 0x0000024b1fb2e800 3293       4       org.eclipse.aether.internal.impl.collect.CachingArtifactTypeRegistry::get (43 bytes)

GC Heap History (10 events):
Event: 1.512 GC heap before
{Heap before GC invocations=0 (full 0):
 garbage-first heap   total 131072K, used 13312K [0x0000000081c00000, 0x0000000100000000)
  region size 1024K, 14 young (14336K), 0 survivors (0K)
 Metaspace       used 11504K, capacity 11808K, committed 12032K, reserved 1060864K
  class space    used 1080K, capacity 1171K, committed 1280K, reserved 1048576K
}
Event: 1.530 GC heap after
{Heap after GC invocations=1 (full 0):
 garbage-first heap   total 131072K, used 3422K [0x0000000081c00000, 0x0000000100000000)
  region size 1024K, 2 young (2048K), 2 survivors (2048K)
 Metaspace       used 11504K, capacity 11808K, committed 12032K, reserved 1060864K
  class space    used 1080K, capacity 1171K, committed 1280K, reserved 1048576K
}
Event: 1.823 GC heap before
{Heap before GC invocations=1 (full 0):
 garbage-first heap   total 131072K, used 9566K [0x0000000081c00000, 0x0000000100000000)
  region size 1024K, 8 young (8192K), 2 survivors (2048K)
 Metaspace       used 13025K, capacity 13321K, committed 13440K, reserved 1060864K
  class space    used 1289K, capacity 1398K, committed 1408K, reserved 1048576K
}
Event: 1.827 GC heap after
{Heap after GC invocations=2 (full 0):
 garbage-first heap   total 131072K, used 3884K [0x0000000081c00000, 0x0000000100000000)
  region size 1024K, 1 young (1024K), 1 survivors (1024K)
 Metaspace       used 13025K, capacity 13321K, committed 13440K, reserved 1060864K
  class space    used 1289K, capacity 1398K, committed 1408K, reserved 1048576K
}
Event: 2.485 GC heap before
{Heap before GC invocations=2 (full 0):
 garbage-first heap   total 131072K, used 28460K [0x0000000081c00000, 0x0000000100000000)
  region size 1024K, 25 young (25600K), 1 survivors (1024K)
 Metaspace       used 15449K, capacity 15692K, committed 15872K, reserved 1062912K
  class space    used 1600K, capacity 1694K, committed 1792K, reserved 1048576K
}
Event: 2.487 GC heap after
{Heap after GC invocations=3 (full 0):
 garbage-first heap   total 131072K, used 4692K [0x0000000081c00000, 0x0000000100000000)
  region size 1024K, 2 young (2048K), 2 survivors (2048K)
 Metaspace       used 15449K, capacity 15692K, committed 15872K, reserved 1062912K
  class space    used 1600K, capacity 1694K, committed 1792K, reserved 1048576K
}
Event: 4.034 GC heap before
{Heap before GC invocations=3 (full 0):
 garbage-first heap   total 131072K, used 43604K [0x0000000081c00000, 0x0000000100000000)
  region size 1024K, 41 young (41984K), 2 survivors (2048K)
 Metaspace       used 20840K, capacity 21123K, committed 21296K, reserved 1069056K
  class space    used 2237K, capacity 2360K, committed 2432K, reserved 1048576K
}
Event: 4.045 GC heap after
{Heap after GC invocations=4 (full 0):
 garbage-first heap   total 131072K, used 8197K [0x0000000081c00000, 0x0000000100000000)
  region size 1024K, 5 young (5120K), 5 survivors (5120K)
 Metaspace       used 20840K, capacity 21123K, committed 21296K, reserved 1069056K
  class space    used 2237K, capacity 2360K, committed 2432K, reserved 1048576K
}
Event: 7.405 GC heap before
{Heap before GC invocations=5 (full 0):
 garbage-first heap   total 131072K, used 80901K [0x0000000081c00000, 0x0000000100000000)
  region size 1024K, 76 young (77824K), 5 survivors (5120K)
 Metaspace       used 21695K, capacity 22083K, committed 22320K, reserved 1069056K
  class space    used 2281K, capacity 2400K, committed 2432K, reserved 1048576K
}
Event: 7.429 GC heap after
{Heap after GC invocations=6 (full 0):
 garbage-first heap   total 131072K, used 15291K [0x0000000081c00000, 0x0000000100000000)
  region size 1024K, 10 young (10240K), 10 survivors (10240K)
 Metaspace       used 21695K, capacity 22083K, committed 22320K, reserved 1069056K
  class space    used 2281K, capacity 2400K, committed 2432K, reserved 1048576K
}

Deoptimization events (10 events):
Event: 6.451 Thread 0x0000024b7fb6a000 Uncommon trap: reason=intrinsic_or_type_checked_inlining action=make_not_entrant pc=0x0000024b11313bf4 method=java.util.Arrays.copyOf([Ljava/lang/Object;ILjava/lang/Class;)[Ljava/lang/Object; @ 35 c2
Event: 6.455 Thread 0x0000024b7fb6a000 Uncommon trap: reason=class_check action=maybe_recompile pc=0x0000024b11293f94 method=org.apache.maven.model.interpolation.StringSearchModelInterpolator$InterpolateObjectAction$MapField.doInterpolate(Ljava/lang/Object;Lorg/apache/maven/model/interpolation
Event: 6.636 Thread 0x0000024b7fb6a000 Uncommon trap: reason=class_check action=maybe_recompile pc=0x0000024b111f6478 method=java.nio.charset.CharsetDecoder.decode(Ljava/nio/ByteBuffer;Ljava/nio/CharBuffer;Z)Ljava/nio/charset/CoderResult; @ 57 c2
Event: 6.636 Thread 0x0000024b7fb6a000 Uncommon trap: reason=class_check action=maybe_recompile pc=0x0000024b111f6478 method=java.nio.charset.CharsetDecoder.decode(Ljava/nio/ByteBuffer;Ljava/nio/CharBuffer;Z)Ljava/nio/charset/CoderResult; @ 57 c2
Event: 6.637 Thread 0x0000024b7fb6a000 Uncommon trap: reason=class_check action=maybe_recompile pc=0x0000024b111f6478 method=java.nio.charset.CharsetDecoder.decode(Ljava/nio/ByteBuffer;Ljava/nio/CharBuffer;Z)Ljava/nio/charset/CoderResult; @ 57 c2
Event: 6.647 Thread 0x0000024b7fb6a000 Uncommon trap: reason=class_check action=maybe_recompile pc=0x0000024b111f6478 method=java.nio.charset.CharsetDecoder.decode(Ljava/nio/ByteBuffer;Ljava/nio/CharBuffer;Z)Ljava/nio/charset/CoderResult; @ 57 c2
Event: 6.997 Thread 0x0000024b7fb6a000 Uncommon trap: reason=unstable_if action=reinterpret pc=0x0000024b11304ae0 method=org.apache.maven.model.validation.DefaultModelValidator.validateEffectiveDependency(Lorg/apache/maven/model/building/ModelProblemCollector;Lorg/apache/maven/model/Dependency
Event: 7.366 Thread 0x0000024b7fb6a000 Uncommon trap: reason=unstable_if action=reinterpret pc=0x0000024b11334498 method=org.codehaus.plexus.interpolation.StringSearchInterpolator.interpolate(Ljava/lang/String;Lorg/codehaus/plexus/interpolation/RecursionInterceptor;Ljava/util/Set;)Ljava/lang/S
Event: 7.366 Thread 0x0000024b7fb6a000 Uncommon trap: reason=unstable_if action=reinterpret pc=0x0000024b11256308 method=java.lang.String.indexOf([BBILjava/lang/String;I)I @ 54 c2
Event: 7.741 Thread 0x0000024b7fb6a000 Uncommon trap: reason=unstable_if action=reinterpret pc=0x0000024b11312ee4 method=org.apache.maven.model.io.xpp3.MavenXpp3Reader.nextTag(Lorg/codehaus/plexus/util/xml/pull/XmlPullParser;)I @ 9 c2

Classes redefined (0 events):
No events

Internal exceptions (10 events):
Event: 3.107 Thread 0x0000024b7fb6a000 Exception <a 'java/lang/NoClassDefFoundError'{0x0000000088731f10}: com/google/inject/servlet/ServletModuleTargetVisitor> (0x0000000088731f10) thrown at [t:/workspace/open/src/hotspot/share/classfile/systemDictionary.cpp, line 220]
Event: 3.107 Thread 0x0000024b7fb6a000 Exception <a 'java/lang/NoClassDefFoundError'{0x0000000088731f10}> (0x0000000088731f10) thrown at [t:/workspace/open/src/hotspot/share/prims/jvm.cpp, line 1300]
Event: 3.107 Thread 0x0000024b7fb6a000 Exception <a 'java/lang/NoClassDefFoundError'{0x00000000887351e0}: javax/annotation/Priority> (0x00000000887351e0) thrown at [t:/workspace/open/src/hotspot/share/classfile/systemDictionary.cpp, line 220]
Event: 3.499 Thread 0x0000024b7fb6a000 Implicit null exception at 0x0000024b111ad174 to 0x0000024b111ad66e
Event: 3.499 Thread 0x0000024b7fb6a000 Implicit null exception at 0x0000024b111adc74 to 0x0000024b111ae166
Event: 5.014 Thread 0x0000024b7fb6a000 Implicit null exception at 0x0000024b112218f5 to 0x0000024b11221abe
Event: 5.014 Thread 0x0000024b7fb6a000 Implicit null exception at 0x0000024b111b94af to 0x0000024b111b951d
Event: 5.431 Thread 0x0000024b7fb6a000 Implicit null exception at 0x0000024b1126ffbd to 0x0000024b112701e2
Event: 5.431 Thread 0x0000024b7fb6a000 Implicit null exception at 0x0000024b1125eac7 to 0x0000024b1125ebb6
Event: 5.431 Thread 0x0000024b7fb6a000 Implicit null exception at 0x0000024b111aa2f8 to 0x0000024b111aa38a

Events (10 events):
Event: 7.366 Thread 0x0000024b7fb6a000 DEOPT UNPACKING pc=0x0000024b096e8f2f sp=0x000000f56f5fa350 mode 2
Event: 7.366 Thread 0x0000024b7fb6a000 Uncommon trap: trap_request=0xffffff4d fr.pc=0x0000024b11256308 relative=0x0000000000000348
Event: 7.366 Thread 0x0000024b7fb6a000 DEOPT PACKING pc=0x0000024b11256308 sp=0x000000f56f5fa240
Event: 7.366 Thread 0x0000024b7fb6a000 DEOPT UNPACKING pc=0x0000024b096e8f2f sp=0x000000f56f5fa150 mode 2
Event: 7.405 Executing VM operation: G1CollectForAllocation
Event: 7.429 Executing VM operation: G1CollectForAllocation done
Event: 7.492 Thread 0x0000024b234f7000 Thread added: 0x0000024b234f7000
Event: 7.741 Thread 0x0000024b7fb6a000 Uncommon trap: trap_request=0xffffff4d fr.pc=0x0000024b11312ee4 relative=0x00000000000000a4
Event: 7.741 Thread 0x0000024b7fb6a000 DEOPT PACKING pc=0x0000024b11312ee4 sp=0x000000f56f5fbbf0
Event: 7.741 Thread 0x0000024b7fb6a000 DEOPT UNPACKING pc=0x0000024b096e8f2f sp=0x000000f56f5fbb80 mode 2


Dynamic libraries:
0x00007ff77b390000 - 0x00007ff77b3d7000 	C:\Program Files\Java\jdk-11.0.6\bin\java.exe
0x00007fff7cc20000 - 0x00007fff7ce10000 	C:\WINDOWS\SYSTEM32\ntdll.dll
0x00007fff7c1e0000 - 0x00007fff7c292000 	C:\WINDOWS\System32\KERNEL32.DLL
0x00007fff79bb0000 - 0x00007fff79e53000 	C:\WINDOWS\System32\KERNELBASE.dll
0x00007fff7ca80000 - 0x00007fff7cb23000 	C:\WINDOWS\System32\ADVAPI32.dll
0x00007fff7c3e0000 - 0x00007fff7c47e000 	C:\WINDOWS\System32\msvcrt.dll
0x00007fff7cb40000 - 0x00007fff7cbd7000 	C:\WINDOWS\System32\sechost.dll
0x00007fff7bc50000 - 0x00007fff7bd70000 	C:\WINDOWS\System32\RPCRT4.dll
0x00007fff7be80000 - 0x00007fff7c014000 	C:\WINDOWS\System32\USER32.dll
0x00007fff7a1c0000 - 0x00007fff7a1e1000 	C:\WINDOWS\System32\win32u.dll
0x00007fff7ad50000 - 0x00007fff7ad76000 	C:\WINDOWS\System32\GDI32.dll
0x00007fff7ab30000 - 0x00007fff7acc4000 	C:\WINDOWS\System32\gdi32full.dll
0x00007fff7a2f0000 - 0x00007fff7a38e000 	C:\WINDOWS\System32\msvcp_win.dll
0x00007fff7a0c0000 - 0x00007fff7a1ba000 	C:\WINDOWS\System32\ucrtbase.dll
0x00007fff6fd60000 - 0x00007fff6ffe5000 	C:\WINDOWS\WinSxS\amd64_microsoft.windows.common-controls_6595b64144ccf1df_6.0.18362.720_none_e6beb5c51314836b\COMCTL32.dll
0x00007fff751b0000 - 0x00007fff751ba000 	C:\WINDOWS\SYSTEM32\VERSION.dll
0x00007fff7c480000 - 0x00007fff7c7b6000 	C:\WINDOWS\System32\combase.dll
0x00007fff7a220000 - 0x00007fff7a2a0000 	C:\WINDOWS\System32\bcryptPrimitives.dll
0x00007fff7bd70000 - 0x00007fff7bd9e000 	C:\WINDOWS\System32\IMM32.DLL
0x00007fff73160000 - 0x00007fff73176000 	C:\Program Files\Java\jdk-11.0.6\bin\vcruntime140.dll
0x00007fff5b1c0000 - 0x00007fff5b26a000 	C:\Program Files\Java\jdk-11.0.6\bin\msvcp140.dll
0x00007fff2b630000 - 0x00007fff2c159000 	C:\Program Files\Java\jdk-11.0.6\bin\server\jvm.dll
0x00007fff7b2a0000 - 0x00007fff7b2a8000 	C:\WINDOWS\System32\PSAPI.DLL
0x00007fff6dc90000 - 0x00007fff6dc99000 	C:\WINDOWS\SYSTEM32\WSOCK32.dll
0x00007fff7c940000 - 0x00007fff7c9af000 	C:\WINDOWS\System32\WS2_32.dll
0x00007fff77050000 - 0x00007fff77074000 	C:\WINDOWS\SYSTEM32\WINMM.dll
0x00007fff76fe0000 - 0x00007fff7700d000 	C:\WINDOWS\SYSTEM32\WINMMBASE.dll
0x00007fff7a2a0000 - 0x00007fff7a2ea000 	C:\WINDOWS\System32\cfgmgr32.dll
0x00007fff79b40000 - 0x00007fff79b51000 	C:\WINDOWS\System32\kernel.appcore.dll
0x00007fff72d20000 - 0x00007fff72d31000 	C:\Program Files\Java\jdk-11.0.6\bin\verify.dll
0x00007fff783b0000 - 0x00007fff785a4000 	C:\WINDOWS\SYSTEM32\DBGHELP.DLL
0x00007fff68670000 - 0x00007fff6869a000 	C:\WINDOWS\SYSTEM32\dbgcore.DLL
0x00007fff6a5e0000 - 0x00007fff6a609000 	C:\Program Files\Java\jdk-11.0.6\bin\java.dll
0x00007fff6a5b0000 - 0x00007fff6a5df000 	C:\Program Files\Java\jdk-11.0.6\bin\instrument.dll
0x00007fff6a590000 - 0x00007fff6a5a6000 	C:\Program Files\Java\jdk-11.0.6\bin\zip.dll
0x00007fff77460000 - 0x00007fff7746a000 	C:\Program Files\Java\jdk-11.0.6\bin\jimage.dll
0x00007fff7b560000 - 0x00007fff7bc45000 	C:\WINDOWS\System32\SHELL32.dll
0x00007fff7ad80000 - 0x00007fff7ae29000 	C:\WINDOWS\System32\shcore.dll
0x00007fff7a3b0000 - 0x00007fff7ab30000 	C:\WINDOWS\System32\windows.storage.dll
0x00007fff79b60000 - 0x00007fff79b83000 	C:\WINDOWS\System32\profapi.dll
0x00007fff79af0000 - 0x00007fff79b3a000 	C:\WINDOWS\System32\powrprof.dll
0x00007fff79ae0000 - 0x00007fff79af0000 	C:\WINDOWS\System32\UMPDC.dll
0x00007fff7c180000 - 0x00007fff7c1d2000 	C:\WINDOWS\System32\shlwapi.dll
0x00007fff7a390000 - 0x00007fff7a3a7000 	C:\WINDOWS\System32\cryptsp.dll
0x00007fff6a500000 - 0x00007fff6a519000 	C:\Program Files\Java\jdk-11.0.6\bin\net.dll
0x00007fff71870000 - 0x00007fff71961000 	C:\WINDOWS\SYSTEM32\WINHTTP.dll
0x00007fff79350000 - 0x00007fff793b7000 	C:\WINDOWS\system32\mswsock.dll
0x00007fff6a4b0000 - 0x00007fff6a4c3000 	C:\Program Files\Java\jdk-11.0.6\bin\nio.dll
0x00007fff64020000 - 0x00007fff6403a000 	C:\Program Files\JetBrains\IntelliJ IDEA Community Edition 2019.3.4\bin\breakgen64.dll
0x00007fff78ec0000 - 0x00007fff78ef3000 	C:\WINDOWS\system32\rsaenh.dll
0x00007fff7a1f0000 - 0x00007fff7a216000 	C:\WINDOWS\System32\bcrypt.dll
0x00007fff79a00000 - 0x00007fff79a25000 	C:\WINDOWS\SYSTEM32\USERENV.dll
0x00007fff79520000 - 0x00007fff7952c000 	C:\WINDOWS\SYSTEM32\CRYPTBASE.dll
0x00007fff79060000 - 0x00007fff7909a000 	C:\WINDOWS\SYSTEM32\IPHLPAPI.DLL
0x00007fff7be70000 - 0x00007fff7be78000 	C:\WINDOWS\System32\NSI.dll
0x00007fff721e0000 - 0x00007fff721f6000 	C:\WINDOWS\SYSTEM32\dhcpcsvc6.DLL
0x00007fff72230000 - 0x00007fff7224c000 	C:\WINDOWS\SYSTEM32\dhcpcsvc.DLL
0x00007fff790b0000 - 0x00007fff7917a000 	C:\WINDOWS\SYSTEM32\DNSAPI.dll
0x00007fff70b70000 - 0x00007fff70b7a000 	C:\Users\Dhanushguntha\AppData\Local\Temp\jansi-1.17.1-6372901536174304304.dll
0x00007fff6a6a0000 - 0x00007fff6a6aa000 	C:\Users\Dhanushguntha\AppData\Local\Temp\jansi-1.17.1-6665739862095213269.dll

dbghelp: loaded successfully - version: 4.0.5 - missing functions: none
symbol engine: initialized successfully - sym options: 0x614 - pdb path: .;C:\Program Files\Java\jdk-11.0.6\bin;C:\WINDOWS\SYSTEM32;C:\WINDOWS\WinSxS\amd64_microsoft.windows.common-controls_6595b64144ccf1df_6.0.18362.720_none_e6beb5c51314836b;C:\Program Files\Java\jdk-11.0.6\bin\server;C:\Program Files\JetBrains\IntelliJ IDEA Community Edition 2019.3.4\bin;C:\Users\Dhanushguntha\AppData\Local\Temp

VM Arguments:
jvm_args: -Dmaven.multiModuleProjectDirectory=C:\Users\Dhanushguntha\Desktop\webcontroller\webcontroller -Dmaven.home=C:\Program Files\JetBrains\IntelliJ IDEA Community Edition 2019.3.4\plugins\maven\lib\maven3 -Dclassworlds.conf=C:\Program Files\JetBrains\IntelliJ IDEA Community Edition 2019.3.4\plugins\maven\lib\maven3\bin\m2.conf -Dmaven.ext.class.path=C:\Program Files\JetBrains\IntelliJ IDEA Community Edition 2019.3.4\plugins\maven\lib\maven-event-listener.jar -javaagent:C:\Program Files\JetBrains\IntelliJ IDEA Community Edition 2019.3.4\lib\idea_rt.jar=54164:C:\Program Files\JetBrains\IntelliJ IDEA Community Edition 2019.3.4\bin -Dfile.encoding=UTF-8 
java_command: org.codehaus.classworlds.Launcher -Didea.version2019.3.4 spring-boot:run
java_class_path (initial): C:\Program Files\JetBrains\IntelliJ IDEA Community Edition 2019.3.4\plugins\maven\lib\maven3\boot\plexus-classworlds-2.6.0.jar
Launcher Type: SUN_STANDARD

[Global flags]
     intx CICompilerCount                          = 3                                         {product} {ergonomic}
     uint ConcGCThreads                            = 1                                         {product} {ergonomic}
     uint G1ConcRefinementThreads                  = 4                                         {product} {ergonomic}
   size_t G1HeapRegionSize                         = 1048576                                   {product} {ergonomic}
    uintx GCDrainStackTargetSize                   = 64                                        {product} {ergonomic}
   size_t InitialHeapSize                          = 134217728                                 {product} {ergonomic}
   size_t MarkStackSize                            = 4194304                                   {product} {ergonomic}
   size_t MaxHeapSize                              = 2118123520                                {product} {ergonomic}
   size_t MaxNewSize                               = 1270874112                                {product} {ergonomic}
   size_t MinHeapDeltaBytes                        = 1048576                                   {product} {ergonomic}
    uintx NonNMethodCodeHeapSize                   = 5830732                                {pd product} {ergonomic}
    uintx NonProfiledCodeHeapSize                  = 122913754                              {pd product} {ergonomic}
    uintx ProfiledCodeHeapSize                     = 122913754                              {pd product} {ergonomic}
    uintx ReservedCodeCacheSize                    = 251658240                              {pd product} {ergonomic}
     bool SegmentedCodeCache                       = true                                      {product} {ergonomic}
     bool UseCompressedClassPointers               = true                                 {lp64_product} {ergonomic}
     bool UseCompressedOops                        = true                                 {lp64_product} {ergonomic}
     bool UseG1GC                                  = true                                      {product} {ergonomic}
     bool UseLargePagesIndividualAllocation        = false                                  {pd product} {ergonomic}

Logging:
Log output configuration:
 #0: stdout all=warning uptime,level,tags
 #1: stderr all=off uptime,level,tags

Environment Variables:
JAVA_HOME=C:\Program Files\Java\jdk-11.0.6
PATH=C:\Python27\;C:\Python27\Scripts;C:\Program Files (x86)\Intel\iCLS Client\;C:\Program Files\Intel\iCLS Client\;C:\windows\system32;C:\windows;C:\windows\System32\Wbem;C:\windows\System32\WindowsPowerShell\v1.0\;C:\Program Files (x86)\Intel\Intel(R) Management Engine Components\DAL;C:\Program Files\Intel\Intel(R) Management Engine Components\DAL;C:\Program Files (x86)\Intel\Intel(R) Management Engine Components\IPT;C:\Program Files\Intel\Intel(R) Management Engine Components\IPT;C:\Program Files (x86)\NVIDIA Corporation\PhysX\Common;C:\WINDOWS\system32;C:\WINDOWS;C:\WINDOWS\System32\Wbem;C:\WINDOWS\System32\WindowsPowerShell\v1.0\;C:\WINDOWS\System32\OpenSSH\;C:\Users\Dhanushguntha\AppData\Local\Programs\Python\Python37;C:\Program Files\Intel\WiFi\bin\;C:\Program Files\Common Files\Intel\WirelessCommon\;C:\Program Files\Git\cmd;C:\Program Files (x86)\Yarn\bin\;C:\Program Files\NVIDIA Corporation\NVIDIA NvDLISR;C:\Program Files\nodejs;C:\ProgramData\chocolatey\bin;C:\Program Files\nodejs\;C:\opt\apache-maven-3.6.3\bin;C:\Program Files\Java\jdk-11.0.6\bin;C:\Users\Dhanushguntha\Anaconda3\Scripts;C:\Users\Dhanushguntha\Anaconda3\Scripts;C:\Users\Dhanushguntha\AppData\Local\Programs\Microsoft VS Code\bin;C:\Users\Dhanushguntha\AppData\Roaming\npm;
USERNAME=Dhanushguntha
OS=Windows_NT
PROCESSOR_IDENTIFIER=Intel64 Family 6 Model 142 Stepping 9, GenuineIntel



---------------  S Y S T E M  ---------------

OS: Windows 10 , 64 bit Build 18362 (10.0.18362.329)

CPU:total 4 (initial active 4) (2 cores per cpu, 2 threads per core) family 6 model 142 stepping 9, cmov, cx8, fxsr, mmx, sse, sse2, sse3, ssse3, sse4.1, sse4.2, popcnt, avx, avx2, aes, clmul, erms, 3dnowpref, lzcnt, ht, tsc, tscinvbit, bmi1, bmi2, adx, fma

Memory: 4k page, system-wide physical 8077M (1001M free)
TotalPageFile size 8077M (AvailPageFile size 8M)
current process WorkingSet (physical memory assigned to process): 193M, peak: 195M
current process commit charge ("private bytes"): 263M, peak: 265M

vm_info: Java HotSpot(TM) 64-Bit Server VM (11.0.6+8-LTS) for windows-amd64 JRE (11.0.6+8-LTS), built on Dec 11 2019 09:17:57 by "mach5one" with MS VC++ 15.5 (VS2017)

END.
