#
# There is insufficient memory for the Java Runtime Environment to continue.
# Native memory allocation (malloc) failed to allocate 32744 bytes for ChunkPool::allocate
# Possible reasons:
#   The system is out of physical RAM or swap space
#   The process is running with CompressedOops enabled, and the Java Heap may be blocking the growth of the native heap
# Possible solutions:
#   Reduce memory load on the system
#   Increase physical memory or swap space
#   Check if swap backing store is full
#   Decrease Java heap size (-Xmx/-Xms)
#   Decrease number of Java threads
#   Decrease Java thread stack sizes (-Xss)
#   Set larger code cache with -XX:ReservedCodeCacheSize=
#   JVM is running with Unscaled Compressed Oops mode in which the Java heap is
#     placed in the first 4GB address space. The Java Heap base address is the
#     maximum limit for the native heap growth. Please use -XX:HeapBaseMinAddress
#     to set the Java Heap base and to place the Java Heap above 4GB virtual address.
# This output file may be truncated or incomplete.
#
#  Out of Memory Error (t:/workspace/open/src/hotspot/share/memory/arena.cpp:81), pid=3572, tid=10420
#
# JRE version: Java(TM) SE Runtime Environment (11.0.6+8) (build 11.0.6+8-LTS)
# Java VM: Java HotSpot(TM) 64-Bit Server VM (11.0.6+8-LTS, mixed mode, tiered, compressed oops, g1 gc, windows-amd64)
# No core dump will be written. Minidumps are not enabled by default on client versions of Windows
#

---------------  S U M M A R Y ------------

Command Line: -Dmaven.multiModuleProjectDirectory=C:\Users\Dhanushguntha\Desktop\webcontroller\webcontroller -Dmaven.home=C:\Program Files\JetBrains\IntelliJ IDEA Community Edition 2019.3.4\plugins\maven\lib\maven3 -Dclassworlds.conf=C:\Program Files\JetBrains\IntelliJ IDEA Community Edition 2019.3.4\plugins\maven\lib\maven3\bin\m2.conf -Dmaven.ext.class.path=C:\Program Files\JetBrains\IntelliJ IDEA Community Edition 2019.3.4\plugins\maven\lib\maven-event-listener.jar -javaagent:C:\Program Files\JetBrains\IntelliJ IDEA Community Edition 2019.3.4\lib\idea_rt.jar=61178:C:\Program Files\JetBrains\IntelliJ IDEA Community Edition 2019.3.4\bin -Dfile.encoding=UTF-8 org.codehaus.classworlds.Launcher -Didea.version2019.3.4 spring-boot:run

Host: Intel(R) Core(TM) i5-7200U CPU @ 2.50GHz, 4 cores, 7G,  Windows 10 , 64 bit Build 18362 (10.0.18362.778)
Time: Sat May  2 19:06:31 2020 India Standard Time elapsed time: 10 seconds (0d 0h 0m 10s)

---------------  T H R E A D  ---------------

Current thread (0x0000020c29470000):  JavaThread "C2 CompilerThread0" daemon [_thread_in_native, id=10420, stack(0x000000f4f9c00000,0x000000f4f9d00000)]


Current CompileTask:
C2:  10305  924   !   4       java.util.concurrent.ConcurrentHashMap::putVal (432 bytes)

Stack: [0x000000f4f9c00000,0x000000f4f9d00000]
Native frames: (J=compiled Java code, j=interpreted, Vv=VM code, C=native code)
V  [jvm.dll+0x63679a]
V  [jvm.dll+0x7755bf]
V  [jvm.dll+0x776c65]
V  [jvm.dll+0x7772d3]
V  [jvm.dll+0x25e7f8]
V  [jvm.dll+0xc1e3b]
V  [jvm.dll+0xc219c]
V  [jvm.dll+0xc1cf0]
V  [jvm.dll+0x6159cf]
V  [jvm.dll+0x6684e5]
V  [jvm.dll+0x1a91cd]
V  [jvm.dll+0x218462]
V  [jvm.dll+0x2174fa]
V  [jvm.dll+0x193a2c]
V  [jvm.dll+0x226544]
V  [jvm.dll+0x224b28]
V  [jvm.dll+0x73a9c5]
V  [jvm.dll+0x733905]
V  [jvm.dll+0x635846]
C  [ucrtbase.dll+0x20e72]
C  [KERNEL32.DLL+0x17bd4]
C  [ntdll.dll+0x6ce51]


---------------  P R O C E S S  ---------------

Threads class SMR info:
_java_thread_list=0x0000020c2a024b30, length=11, elements={
0x0000020c0b0b9800, 0x0000020c29456800, 0x0000020c29460000, 0x0000020c29dd2800,
0x0000020c2946e800, 0x0000020c29470000, 0x0000020c29474000, 0x0000020c2947a800,
0x0000020c29f31000, 0x0000020c29f2f800, 0x0000020c29f2d800
}

Java Threads: ( => current thread )
  0x0000020c0b0b9800 JavaThread "main" [_thread_in_vm, id=2352, stack(0x000000f4f9100000,0x000000f4f9200000)]
  0x0000020c29456800 JavaThread "Reference Handler" daemon [_thread_blocked, id=13636, stack(0x000000f4f9800000,0x000000f4f9900000)]
  0x0000020c29460000 JavaThread "Finalizer" daemon [_thread_blocked, id=13996, stack(0x000000f4f9900000,0x000000f4f9a00000)]
  0x0000020c29dd2800 JavaThread "Signal Dispatcher" daemon [_thread_blocked, id=9896, stack(0x000000f4f9a00000,0x000000f4f9b00000)]
  0x0000020c2946e800 JavaThread "Attach Listener" daemon [_thread_blocked, id=14452, stack(0x000000f4f9b00000,0x000000f4f9c00000)]
=>0x0000020c29470000 JavaThread "C2 CompilerThread0" daemon [_thread_in_native, id=10420, stack(0x000000f4f9c00000,0x000000f4f9d00000)]
  0x0000020c29474000 JavaThread "C1 CompilerThread0" daemon [_thread_blocked, id=14016, stack(0x000000f4f9d00000,0x000000f4f9e00000)]
  0x0000020c2947a800 JavaThread "Sweeper thread" daemon [_thread_blocked, id=12372, stack(0x000000f4f9e00000,0x000000f4f9f00000)]
  0x0000020c29f31000 JavaThread "Common-Cleaner" daemon [_thread_blocked, id=14204, stack(0x000000f4f9f00000,0x000000f4fa000000)]
  0x0000020c29f2f800 JavaThread "Monitor Ctrl-Break" daemon [_thread_in_native, id=5808, stack(0x000000f4fa000000,0x000000f4fa100000)]
  0x0000020c29f2d800 JavaThread "Service Thread" daemon [_thread_blocked, id=4796, stack(0x000000f4fa100000,0x000000f4fa200000)]

Other Threads:
  0x0000020c2942f000 VMThread "VM Thread" [stack: 0x000000f4f9700000,0x000000f4f9800000] [id=15276]
  0x0000020c2a04f800 WatcherThread [stack: 0x000000f4fa200000,0x000000f4fa300000] [id=15188]
  0x0000020c0b0d2800 GCTaskThread "GC Thread#0" [stack: 0x000000f4f9200000,0x000000f4f9300000] [id=12748]
  0x0000020c2a859000 GCTaskThread "GC Thread#1" [stack: 0x000000f4fa300000,0x000000f4fa400000] [id=5976]
  0x0000020c2a97a800 GCTaskThread "GC Thread#2" [stack: 0x000000f4fa400000,0x000000f4fa500000] [id=14148]
  0x0000020c0b103000 ConcurrentGCThread "G1 Main Marker" [stack: 0x000000f4f9300000,0x000000f4f9400000] [id=15312]
  0x0000020c0b104000 ConcurrentGCThread "G1 Conc#0" [stack: 0x000000f4f9400000,0x000000f4f9500000] [id=2428]
  0x0000020c292a0800 ConcurrentGCThread "G1 Refine#0" [stack: 0x000000f4f9500000,0x000000f4f9600000] [id=2240]
  0x0000020c292a1800 ConcurrentGCThread "G1 Young RemSet Sampling" [stack: 0x000000f4f9600000,0x000000f4f9700000] [id=1676]

Threads with active compile tasks:
C2 CompilerThread0 924   !   4       java.util.concurrent.ConcurrentHashMap::putVal (432 bytes)

VM state:not at safepoint (normal execution)

VM Mutex/Monitor currently owned by a thread: None

Heap address: 0x0000000081c00000, size: 2020 MB, Compressed Oops mode: 32-bit
Narrow klass base: 0x0000000000000000, Narrow klass shift: 3
Compressed class space size: 1073741824 Address: 0x0000000100000000

Heap:
 garbage-first heap   total 131072K, used 5222K [0x0000000081c00000, 0x0000000100000000)
  region size 1024K, 5 young (5120K), 2 survivors (2048K)
 Metaspace       used 12242K, capacity 12523K, committed 12544K, reserved 1060864K
  class space    used 1196K, capacity 1264K, committed 1280K, reserved 1048576K
Heap Regions: E=young(eden), S=young(survivor), O=old, HS=humongous(starts), HC=humongous(continues), CS=collection set, F=free, A=archive, TAMS=top-at-mark-start (previous, next)
|   0|0x0000000081c00000, 0x0000000081d00000, 0x0000000081d00000|100%| O|  |TAMS 0x0000000081c00000, 0x0000000081c00000| Untracked 
|   1|0x0000000081d00000, 0x0000000081d19800, 0x0000000081e00000|  9%| O|  |TAMS 0x0000000081d00000, 0x0000000081d00000| Untracked 
|   2|0x0000000081e00000, 0x0000000081e00000, 0x0000000081f00000|  0%| F|  |TAMS 0x0000000081e00000, 0x0000000081e00000| Untracked 
|   3|0x0000000081f00000, 0x0000000081f00000, 0x0000000082000000|  0%| F|  |TAMS 0x0000000081f00000, 0x0000000081f00000| Untracked 
|   4|0x0000000082000000, 0x0000000082000000, 0x0000000082100000|  0%| F|  |TAMS 0x0000000082000000, 0x0000000082000000| Untracked 
|   5|0x0000000082100000, 0x0000000082100000, 0x0000000082200000|  0%| F|  |TAMS 0x0000000082100000, 0x0000000082100000| Untracked 
|   6|0x0000000082200000, 0x0000000082200000, 0x0000000082300000|  0%| F|  |TAMS 0x0000000082200000, 0x0000000082200000| Untracked 
|   7|0x0000000082300000, 0x0000000082300000, 0x0000000082400000|  0%| F|  |TAMS 0x0000000082300000, 0x0000000082300000| Untracked 
|   8|0x0000000082400000, 0x0000000082400000, 0x0000000082500000|  0%| F|  |TAMS 0x0000000082400000, 0x0000000082400000| Untracked 
|   9|0x0000000082500000, 0x0000000082500000, 0x0000000082600000|  0%| F|  |TAMS 0x0000000082500000, 0x0000000082500000| Untracked 
|  10|0x0000000082600000, 0x0000000082600000, 0x0000000082700000|  0%| F|  |TAMS 0x0000000082600000, 0x0000000082600000| Untracked 
|  11|0x0000000082700000, 0x0000000082700000, 0x0000000082800000|  0%| F|  |TAMS 0x0000000082700000, 0x0000000082700000| Untracked 
|  12|0x0000000082800000, 0x0000000082800000, 0x0000000082900000|  0%| F|  |TAMS 0x0000000082800000, 0x0000000082800000| Untracked 
|  13|0x0000000082900000, 0x0000000082900000, 0x0000000082a00000|  0%| F|  |TAMS 0x0000000082900000, 0x0000000082900000| Untracked 
|  14|0x0000000082a00000, 0x0000000082a00000, 0x0000000082b00000|  0%| F|  |TAMS 0x0000000082a00000, 0x0000000082a00000| Untracked 
|  15|0x0000000082b00000, 0x0000000082b00000, 0x0000000082c00000|  0%| F|  |TAMS 0x0000000082b00000, 0x0000000082b00000| Untracked 
|  16|0x0000000082c00000, 0x0000000082c00000, 0x0000000082d00000|  0%| F|  |TAMS 0x0000000082c00000, 0x0000000082c00000| Untracked 
|  17|0x0000000082d00000, 0x0000000082d00000, 0x0000000082e00000|  0%| F|  |TAMS 0x0000000082d00000, 0x0000000082d00000| Untracked 
|  18|0x0000000082e00000, 0x0000000082e00000, 0x0000000082f00000|  0%| F|  |TAMS 0x0000000082e00000, 0x0000000082e00000| Untracked 
|  19|0x0000000082f00000, 0x0000000082f00000, 0x0000000083000000|  0%| F|  |TAMS 0x0000000082f00000, 0x0000000082f00000| Untracked 
|  20|0x0000000083000000, 0x0000000083000000, 0x0000000083100000|  0%| F|  |TAMS 0x0000000083000000, 0x0000000083000000| Untracked 
|  21|0x0000000083100000, 0x0000000083100000, 0x0000000083200000|  0%| F|  |TAMS 0x0000000083100000, 0x0000000083100000| Untracked 
|  22|0x0000000083200000, 0x0000000083200000, 0x0000000083300000|  0%| F|  |TAMS 0x0000000083200000, 0x0000000083200000| Untracked 
|  23|0x0000000083300000, 0x0000000083300000, 0x0000000083400000|  0%| F|  |TAMS 0x0000000083300000, 0x0000000083300000| Untracked 
|  24|0x0000000083400000, 0x0000000083400000, 0x0000000083500000|  0%| F|  |TAMS 0x0000000083400000, 0x0000000083400000| Untracked 
|  25|0x0000000083500000, 0x0000000083500000, 0x0000000083600000|  0%| F|  |TAMS 0x0000000083500000, 0x0000000083500000| Untracked 
|  26|0x0000000083600000, 0x0000000083600000, 0x0000000083700000|  0%| F|  |TAMS 0x0000000083600000, 0x0000000083600000| Untracked 
|  27|0x0000000083700000, 0x0000000083700000, 0x0000000083800000|  0%| F|  |TAMS 0x0000000083700000, 0x0000000083700000| Untracked 
|  28|0x0000000083800000, 0x0000000083800000, 0x0000000083900000|  0%| F|  |TAMS 0x0000000083800000, 0x0000000083800000| Untracked 
|  29|0x0000000083900000, 0x0000000083900000, 0x0000000083a00000|  0%| F|  |TAMS 0x0000000083900000, 0x0000000083900000| Untracked 
|  30|0x0000000083a00000, 0x0000000083a00000, 0x0000000083b00000|  0%| F|  |TAMS 0x0000000083a00000, 0x0000000083a00000| Untracked 
|  31|0x0000000083b00000, 0x0000000083b00000, 0x0000000083c00000|  0%| F|  |TAMS 0x0000000083b00000, 0x0000000083b00000| Untracked 
|  32|0x0000000083c00000, 0x0000000083c00000, 0x0000000083d00000|  0%| F|  |TAMS 0x0000000083c00000, 0x0000000083c00000| Untracked 
|  33|0x0000000083d00000, 0x0000000083d00000, 0x0000000083e00000|  0%| F|  |TAMS 0x0000000083d00000, 0x0000000083d00000| Untracked 
|  34|0x0000000083e00000, 0x0000000083e00000, 0x0000000083f00000|  0%| F|  |TAMS 0x0000000083e00000, 0x0000000083e00000| Untracked 
|  35|0x0000000083f00000, 0x0000000083f00000, 0x0000000084000000|  0%| F|  |TAMS 0x0000000083f00000, 0x0000000083f00000| Untracked 
|  36|0x0000000084000000, 0x0000000084000000, 0x0000000084100000|  0%| F|  |TAMS 0x0000000084000000, 0x0000000084000000| Untracked 
|  37|0x0000000084100000, 0x0000000084100000, 0x0000000084200000|  0%| F|  |TAMS 0x0000000084100000, 0x0000000084100000| Untracked 
|  38|0x0000000084200000, 0x0000000084200000, 0x0000000084300000|  0%| F|  |TAMS 0x0000000084200000, 0x0000000084200000| Untracked 
|  39|0x0000000084300000, 0x0000000084300000, 0x0000000084400000|  0%| F|  |TAMS 0x0000000084300000, 0x0000000084300000| Untracked 
|  40|0x0000000084400000, 0x0000000084400000, 0x0000000084500000|  0%| F|  |TAMS 0x0000000084400000, 0x0000000084400000| Untracked 
|  41|0x0000000084500000, 0x0000000084500000, 0x0000000084600000|  0%| F|  |TAMS 0x0000000084500000, 0x0000000084500000| Untracked 
|  42|0x0000000084600000, 0x0000000084600000, 0x0000000084700000|  0%| F|  |TAMS 0x0000000084600000, 0x0000000084600000| Untracked 
|  43|0x0000000084700000, 0x0000000084700000, 0x0000000084800000|  0%| F|  |TAMS 0x0000000084700000, 0x0000000084700000| Untracked 
|  44|0x0000000084800000, 0x0000000084800000, 0x0000000084900000|  0%| F|  |TAMS 0x0000000084800000, 0x0000000084800000| Untracked 
|  45|0x0000000084900000, 0x0000000084900000, 0x0000000084a00000|  0%| F|  |TAMS 0x0000000084900000, 0x0000000084900000| Untracked 
|  46|0x0000000084a00000, 0x0000000084a00000, 0x0000000084b00000|  0%| F|  |TAMS 0x0000000084a00000, 0x0000000084a00000| Untracked 
|  47|0x0000000084b00000, 0x0000000084b00000, 0x0000000084c00000|  0%| F|  |TAMS 0x0000000084b00000, 0x0000000084b00000| Untracked 
|  48|0x0000000084c00000, 0x0000000084c00000, 0x0000000084d00000|  0%| F|  |TAMS 0x0000000084c00000, 0x0000000084c00000| Untracked 
|  49|0x0000000084d00000, 0x0000000084d00000, 0x0000000084e00000|  0%| F|  |TAMS 0x0000000084d00000, 0x0000000084d00000| Untracked 
|  50|0x0000000084e00000, 0x0000000084e00000, 0x0000000084f00000|  0%| F|  |TAMS 0x0000000084e00000, 0x0000000084e00000| Untracked 
|  51|0x0000000084f00000, 0x0000000084f00000, 0x0000000085000000|  0%| F|  |TAMS 0x0000000084f00000, 0x0000000084f00000| Untracked 
|  52|0x0000000085000000, 0x0000000085000000, 0x0000000085100000|  0%| F|  |TAMS 0x0000000085000000, 0x0000000085000000| Untracked 
|  53|0x0000000085100000, 0x0000000085100000, 0x0000000085200000|  0%| F|  |TAMS 0x0000000085100000, 0x0000000085100000| Untracked 
|  54|0x0000000085200000, 0x0000000085200000, 0x0000000085300000|  0%| F|  |TAMS 0x0000000085200000, 0x0000000085200000| Untracked 
|  55|0x0000000085300000, 0x0000000085300000, 0x0000000085400000|  0%| F|  |TAMS 0x0000000085300000, 0x0000000085300000| Untracked 
|  56|0x0000000085400000, 0x0000000085400000, 0x0000000085500000|  0%| F|  |TAMS 0x0000000085400000, 0x0000000085400000| Untracked 
|  57|0x0000000085500000, 0x0000000085500000, 0x0000000085600000|  0%| F|  |TAMS 0x0000000085500000, 0x0000000085500000| Untracked 
|  58|0x0000000085600000, 0x0000000085600000, 0x0000000085700000|  0%| F|  |TAMS 0x0000000085600000, 0x0000000085600000| Untracked 
|  59|0x0000000085700000, 0x0000000085700000, 0x0000000085800000|  0%| F|  |TAMS 0x0000000085700000, 0x0000000085700000| Untracked 
|  60|0x0000000085800000, 0x0000000085800000, 0x0000000085900000|  0%| F|  |TAMS 0x0000000085800000, 0x0000000085800000| Untracked 
|  61|0x0000000085900000, 0x0000000085900000, 0x0000000085a00000|  0%| F|  |TAMS 0x0000000085900000, 0x0000000085900000| Untracked 
|  62|0x0000000085a00000, 0x0000000085a00000, 0x0000000085b00000|  0%| F|  |TAMS 0x0000000085a00000, 0x0000000085a00000| Untracked 
|  63|0x0000000085b00000, 0x0000000085b00000, 0x0000000085c00000|  0%| F|  |TAMS 0x0000000085b00000, 0x0000000085b00000| Untracked 
|  64|0x0000000085c00000, 0x0000000085c00000, 0x0000000085d00000|  0%| F|  |TAMS 0x0000000085c00000, 0x0000000085c00000| Untracked 
|  65|0x0000000085d00000, 0x0000000085d00000, 0x0000000085e00000|  0%| F|  |TAMS 0x0000000085d00000, 0x0000000085d00000| Untracked 
|  66|0x0000000085e00000, 0x0000000085e00000, 0x0000000085f00000|  0%| F|  |TAMS 0x0000000085e00000, 0x0000000085e00000| Untracked 
|  67|0x0000000085f00000, 0x0000000085f00000, 0x0000000086000000|  0%| F|  |TAMS 0x0000000085f00000, 0x0000000085f00000| Untracked 
|  68|0x0000000086000000, 0x0000000086000000, 0x0000000086100000|  0%| F|  |TAMS 0x0000000086000000, 0x0000000086000000| Untracked 
|  69|0x0000000086100000, 0x0000000086100000, 0x0000000086200000|  0%| F|  |TAMS 0x0000000086100000, 0x0000000086100000| Untracked 
|  70|0x0000000086200000, 0x0000000086200000, 0x0000000086300000|  0%| F|  |TAMS 0x0000000086200000, 0x0000000086200000| Untracked 
|  71|0x0000000086300000, 0x0000000086300000, 0x0000000086400000|  0%| F|  |TAMS 0x0000000086300000, 0x0000000086300000| Untracked 
|  72|0x0000000086400000, 0x0000000086400000, 0x0000000086500000|  0%| F|  |TAMS 0x0000000086400000, 0x0000000086400000| Untracked 
|  73|0x0000000086500000, 0x0000000086500000, 0x0000000086600000|  0%| F|  |TAMS 0x0000000086500000, 0x0000000086500000| Untracked 
|  74|0x0000000086600000, 0x0000000086600000, 0x0000000086700000|  0%| F|  |TAMS 0x0000000086600000, 0x0000000086600000| Untracked 
|  75|0x0000000086700000, 0x0000000086700000, 0x0000000086800000|  0%| F|  |TAMS 0x0000000086700000, 0x0000000086700000| Untracked 
|  76|0x0000000086800000, 0x0000000086800000, 0x0000000086900000|  0%| F|  |TAMS 0x0000000086800000, 0x0000000086800000| Untracked 
|  77|0x0000000086900000, 0x0000000086900000, 0x0000000086a00000|  0%| F|  |TAMS 0x0000000086900000, 0x0000000086900000| Untracked 
|  78|0x0000000086a00000, 0x0000000086a00000, 0x0000000086b00000|  0%| F|  |TAMS 0x0000000086a00000, 0x0000000086a00000| Untracked 
|  79|0x0000000086b00000, 0x0000000086b00000, 0x0000000086c00000|  0%| F|  |TAMS 0x0000000086b00000, 0x0000000086b00000| Untracked 
|  80|0x0000000086c00000, 0x0000000086c00000, 0x0000000086d00000|  0%| F|  |TAMS 0x0000000086c00000, 0x0000000086c00000| Untracked 
|  81|0x0000000086d00000, 0x0000000086d00000, 0x0000000086e00000|  0%| F|  |TAMS 0x0000000086d00000, 0x0000000086d00000| Untracked 
|  82|0x0000000086e00000, 0x0000000086e00000, 0x0000000086f00000|  0%| F|  |TAMS 0x0000000086e00000, 0x0000000086e00000| Untracked 
|  83|0x0000000086f00000, 0x0000000086f00000, 0x0000000087000000|  0%| F|  |TAMS 0x0000000086f00000, 0x0000000086f00000| Untracked 
|  84|0x0000000087000000, 0x0000000087000000, 0x0000000087100000|  0%| F|  |TAMS 0x0000000087000000, 0x0000000087000000| Untracked 
|  85|0x0000000087100000, 0x0000000087100000, 0x0000000087200000|  0%| F|  |TAMS 0x0000000087100000, 0x0000000087100000| Untracked 
|  86|0x0000000087200000, 0x0000000087200000, 0x0000000087300000|  0%| F|  |TAMS 0x0000000087200000, 0x0000000087200000| Untracked 
|  87|0x0000000087300000, 0x0000000087300000, 0x0000000087400000|  0%| F|  |TAMS 0x0000000087300000, 0x0000000087300000| Untracked 
|  88|0x0000000087400000, 0x0000000087400000, 0x0000000087500000|  0%| F|  |TAMS 0x0000000087400000, 0x0000000087400000| Untracked 
|  89|0x0000000087500000, 0x0000000087500000, 0x0000000087600000|  0%| F|  |TAMS 0x0000000087500000, 0x0000000087500000| Untracked 
|  90|0x0000000087600000, 0x0000000087600000, 0x0000000087700000|  0%| F|  |TAMS 0x0000000087600000, 0x0000000087600000| Untracked 
|  91|0x0000000087700000, 0x0000000087700000, 0x0000000087800000|  0%| F|  |TAMS 0x0000000087700000, 0x0000000087700000| Untracked 
|  92|0x0000000087800000, 0x0000000087800000, 0x0000000087900000|  0%| F|  |TAMS 0x0000000087800000, 0x0000000087800000| Untracked 
|  93|0x0000000087900000, 0x0000000087900000, 0x0000000087a00000|  0%| F|  |TAMS 0x0000000087900000, 0x0000000087900000| Untracked 
|  94|0x0000000087a00000, 0x0000000087a00000, 0x0000000087b00000|  0%| F|  |TAMS 0x0000000087a00000, 0x0000000087a00000| Untracked 
|  95|0x0000000087b00000, 0x0000000087b00000, 0x0000000087c00000|  0%| F|  |TAMS 0x0000000087b00000, 0x0000000087b00000| Untracked 
|  96|0x0000000087c00000, 0x0000000087c00000, 0x0000000087d00000|  0%| F|  |TAMS 0x0000000087c00000, 0x0000000087c00000| Untracked 
|  97|0x0000000087d00000, 0x0000000087d00000, 0x0000000087e00000|  0%| F|  |TAMS 0x0000000087d00000, 0x0000000087d00000| Untracked 
|  98|0x0000000087e00000, 0x0000000087e00000, 0x0000000087f00000|  0%| F|  |TAMS 0x0000000087e00000, 0x0000000087e00000| Untracked 
|  99|0x0000000087f00000, 0x0000000087f00000, 0x0000000088000000|  0%| F|  |TAMS 0x0000000087f00000, 0x0000000087f00000| Untracked 
| 100|0x0000000088000000, 0x0000000088000000, 0x0000000088100000|  0%| F|  |TAMS 0x0000000088000000, 0x0000000088000000| Untracked 
| 101|0x0000000088100000, 0x0000000088100000, 0x0000000088200000|  0%| F|  |TAMS 0x0000000088100000, 0x0000000088100000| Untracked 
| 102|0x0000000088200000, 0x0000000088200000, 0x0000000088300000|  0%| F|  |TAMS 0x0000000088200000, 0x0000000088200000| Untracked 
| 103|0x0000000088300000, 0x0000000088300000, 0x0000000088400000|  0%| F|  |TAMS 0x0000000088300000, 0x0000000088300000| Untracked 
| 104|0x0000000088400000, 0x0000000088400000, 0x0000000088500000|  0%| F|  |TAMS 0x0000000088400000, 0x0000000088400000| Untracked 
| 105|0x0000000088500000, 0x0000000088500000, 0x0000000088600000|  0%| F|  |TAMS 0x0000000088500000, 0x0000000088500000| Untracked 
| 106|0x0000000088600000, 0x0000000088600000, 0x0000000088700000|  0%| F|  |TAMS 0x0000000088600000, 0x0000000088600000| Untracked 
| 107|0x0000000088700000, 0x0000000088700000, 0x0000000088800000|  0%| F|  |TAMS 0x0000000088700000, 0x0000000088700000| Untracked 
| 108|0x0000000088800000, 0x0000000088800000, 0x0000000088900000|  0%| F|  |TAMS 0x0000000088800000, 0x0000000088800000| Untracked 
| 109|0x0000000088900000, 0x0000000088900000, 0x0000000088a00000|  0%| F|  |TAMS 0x0000000088900000, 0x0000000088900000| Untracked 
| 110|0x0000000088a00000, 0x0000000088a00000, 0x0000000088b00000|  0%| F|  |TAMS 0x0000000088a00000, 0x0000000088a00000| Untracked 
| 111|0x0000000088b00000, 0x0000000088b00000, 0x0000000088c00000|  0%| F|  |TAMS 0x0000000088b00000, 0x0000000088b00000| Untracked 
| 112|0x0000000088c00000, 0x0000000088d00000, 0x0000000088d00000|100%| S|CS|TAMS 0x0000000088c00000, 0x0000000088c00000| Complete 
| 113|0x0000000088d00000, 0x0000000088e00000, 0x0000000088e00000|100%| S|CS|TAMS 0x0000000088d00000, 0x0000000088d00000| Complete 
| 114|0x0000000088e00000, 0x0000000088e00000, 0x0000000088f00000|  0%| F|  |TAMS 0x0000000088e00000, 0x0000000088e00000| Untracked 
| 115|0x0000000088f00000, 0x0000000088f00000, 0x0000000089000000|  0%| F|  |TAMS 0x0000000088f00000, 0x0000000088f00000| Untracked 
| 116|0x0000000089000000, 0x0000000089000000, 0x0000000089100000|  0%| F|  |TAMS 0x0000000089000000, 0x0000000089000000| Untracked 
| 117|0x0000000089100000, 0x0000000089100000, 0x0000000089200000|  0%| F|  |TAMS 0x0000000089100000, 0x0000000089100000| Untracked 
| 118|0x0000000089200000, 0x0000000089200000, 0x0000000089300000|  0%| F|  |TAMS 0x0000000089200000, 0x0000000089200000| Untracked 
| 119|0x0000000089300000, 0x0000000089300000, 0x0000000089400000|  0%| F|  |TAMS 0x0000000089300000, 0x0000000089300000| Untracked 
| 120|0x0000000089400000, 0x0000000089400000, 0x0000000089500000|  0%| F|  |TAMS 0x0000000089400000, 0x0000000089400000| Untracked 
| 121|0x0000000089500000, 0x0000000089500000, 0x0000000089600000|  0%| F|  |TAMS 0x0000000089500000, 0x0000000089500000| Untracked 
| 122|0x0000000089600000, 0x0000000089600000, 0x0000000089700000|  0%| F|  |TAMS 0x0000000089600000, 0x0000000089600000| Untracked 
| 123|0x0000000089700000, 0x0000000089700000, 0x0000000089800000|  0%| F|  |TAMS 0x0000000089700000, 0x0000000089700000| Untracked 
| 124|0x0000000089800000, 0x0000000089800000, 0x0000000089900000|  0%| F|  |TAMS 0x0000000089800000, 0x0000000089800000| Untracked 
| 125|0x0000000089900000, 0x00000000899fe560, 0x0000000089a00000| 99%| E|  |TAMS 0x0000000089900000, 0x0000000089900000| Complete 
| 126|0x0000000089a00000, 0x0000000089b00000, 0x0000000089b00000|100%| E|CS|TAMS 0x0000000089a00000, 0x0000000089a00000| Complete 
| 127|0x0000000089b00000, 0x0000000089c00000, 0x0000000089c00000|100%| E|CS|TAMS 0x0000000089b00000, 0x0000000089b00000| Complete 

Card table byte_map: [0x0000020c22840000,0x0000020c22c40000] _byte_map_base: 0x0000020c22432000

Marking Bits (Prev, Next): (CMBitMap*) 0x0000020c0b0fa2e8, (CMBitMap*) 0x0000020c0b0fa320
 Prev Bits: [0x0000020c23040000, 0x0000020c24fd0000)
 Next Bits: [0x0000020c24fd0000, 0x0000020c26f60000)

Polling page: 0x0000020c0a890000

Metaspace:

Usage:
  Non-class:     11.00 MB capacity,    10.79 MB ( 98%) used,   200.29 KB (  2%) free+waste,    13.13 KB ( <1%) overhead. 
      Class:      1.23 MB capacity,     1.17 MB ( 95%) used,    61.67 KB (  5%) free+waste,     5.81 KB ( <1%) overhead. 
       Both:     12.23 MB capacity,    11.96 MB ( 98%) used,   261.96 KB (  2%) free+waste,    18.94 KB ( <1%) overhead. 

Virtual space:
  Non-class space:       12.00 MB reserved,      11.00 MB ( 92%) committed 
      Class space:        1.00 GB reserved,       1.25 MB ( <1%) committed 
             Both:        1.01 GB reserved,      12.25 MB (  1%) committed 

Chunk freelists:
   Non-Class:  640 bytes
       Class:  2.00 KB
        Both:  2.63 KB

CodeHeap 'non-profiled nmethods': size=120064Kb used=300Kb max_used=300Kb free=119763Kb
 bounds [0x0000020c1af00000, 0x0000020c1b170000, 0x0000020c22440000]
CodeHeap 'profiled nmethods': size=120000Kb used=1881Kb max_used=1881Kb free=118118Kb
 bounds [0x0000020c139d0000, 0x0000020c13c40000, 0x0000020c1af00000]
CodeHeap 'non-nmethods': size=5696Kb used=1091Kb max_used=1105Kb free=4605Kb
 bounds [0x0000020c13440000, 0x0000020c136b0000, 0x0000020c139d0000]
 total_blobs=1562 nmethods=961 adapters=308
 compilation: enabled
              stopped_count=0, restarted_count=0
 full_count=0

Compilation events (10 events):
Event: 10.229 Thread 0x0000020c29474000  920       3       java.util.zip.ZipFile$InflaterCleanupAction::run (12 bytes)
Event: 10.229 Thread 0x0000020c29474000 nmethod 920 0x0000020c13b8aa10 code [0x0000020c13b8abc0, 0x0000020c13b8adf0]
Event: 10.229 Thread 0x0000020c29474000  921   !   3       java.util.zip.ZipFile$CleanableResource::releaseInflater (53 bytes)
Event: 10.229 Thread 0x0000020c29474000 nmethod 921 0x0000020c13b8ae90 code [0x0000020c13b8b080, 0x0000020c13b8b5b0]
Event: 10.229 Thread 0x0000020c29474000  922   !   3       java.util.zip.Inflater::reset (64 bytes)
Event: 10.230 Thread 0x0000020c29474000 nmethod 922 0x0000020c13b8b790 code [0x0000020c13b8b980, 0x0000020c13b8be00]
Event: 10.233 Thread 0x0000020c29470000 nmethod 911 0x0000020c1af4a090 code [0x0000020c1af4a260, 0x0000020c1af4a9f8]
Event: 10.239 Thread 0x0000020c29470000  924   !   4       java.util.concurrent.ConcurrentHashMap::putVal (432 bytes)
Event: 10.268 Thread 0x0000020c29474000  926       3       java.util.zip.ZipFile$Source::getEntryPos (9 bytes)
Event: 10.268 Thread 0x0000020c29474000 nmethod 926 0x0000020c13b8bf90 code [0x0000020c13b8c140, 0x0000020c13b8c2d8]

GC Heap History (2 events):
Event: 9.683 GC heap before
{Heap before GC invocations=0 (full 0):
 garbage-first heap   total 131072K, used 13312K [0x0000000081c00000, 0x0000000100000000)
  region size 1024K, 14 young (14336K), 0 survivors (0K)
 Metaspace       used 11530K, capacity 11787K, committed 12032K, reserved 1060864K
  class space    used 1097K, capacity 1168K, committed 1280K, reserved 1048576K
}
Event: 10.214 GC heap after
{Heap after GC invocations=1 (full 0):
 garbage-first heap   total 131072K, used 3174K [0x0000000081c00000, 0x0000000100000000)
  region size 1024K, 2 young (2048K), 2 survivors (2048K)
 Metaspace       used 11530K, capacity 11787K, committed 12032K, reserved 1060864K
  class space    used 1097K, capacity 1168K, committed 1280K, reserved 1048576K
}

Deoptimization events (6 events):
Event: 4.439 Thread 0x0000020c0b0b9800 Uncommon trap: reason=unstable_if action=reinterpret pc=0x0000020c1af05df8 method=java.lang.String.isLatin1()Z @ 10 c2
Event: 5.232 Thread 0x0000020c0b0b9800 Uncommon trap: reason=unstable_if action=reinterpret pc=0x0000020c1af0d690 method=java.lang.String.isLatin1()Z @ 10 c2
Event: 8.013 Thread 0x0000020c0b0b9800 Uncommon trap: reason=unstable_if action=reinterpret pc=0x0000020c1af274b8 method=java.lang.String.startsWith(Ljava/lang/String;I)Z @ 14 c2
Event: 8.814 Thread 0x0000020c0b0b9800 Uncommon trap: reason=unstable_if action=reinterpret pc=0x0000020c1af13c30 method=java.lang.StringLatin1.canEncode(I)Z @ 4 c2
Event: 8.814 Thread 0x0000020c0b0b9800 Uncommon trap: reason=unstable_if action=reinterpret pc=0x0000020c1af14f88 method=java.lang.AbstractStringBuilder.isLatin1()Z @ 10 c2
Event: 8.948 Thread 0x0000020c0b0b9800 Uncommon trap: reason=unstable_if action=reinterpret pc=0x0000020c1af2855c method=java.util.HashMap.putVal(ILjava/lang/Object;Ljava/lang/Object;ZZ)Ljava/lang/Object; @ 81 c2

Classes redefined (0 events):
No events

Internal exceptions (3 events):
Event: 6.438 Thread 0x0000020c0b0b9800 Exception <a 'java/lang/NoSuchMethodError'{0x0000000089728048}: java.lang.invoke.DirectMethodHandle$Holder.invokeSpecialIFC(Ljava/lang/Object;Ljava/lang/Object;I)I> (0x0000000089728048) thrown at [t:/workspace/open/src/hotspot/share/interpreter/linkResolv
Event: 7.394 Thread 0x0000020c0b0b9800 Exception <a 'java/lang/NoSuchMethodError'{0x000000008964d988}: java.lang.invoke.DirectMethodHandle$Holder.invokeStaticInit(Ljava/lang/Object;IIII)Ljava/lang/Object;> (0x000000008964d988) thrown at [t:/workspace/open/src/hotspot/share/interpreter/linkReso
Event: 7.724 Thread 0x0000020c0b0b9800 Exception <a 'java/lang/NoSuchMethodError'{0x0000000089668800}: java.lang.invoke.DirectMethodHandle$Holder.invokeStaticInit(Ljava/lang/Object;Ljava/lang/Object;IIII)Ljava/lang/Object;> (0x0000000089668800) thrown at [t:/workspace/open/src/hotspot/share/in

Events (10 events):
Event: 10.268 loading class com/google/common/cache/LocalCache done
Event: 10.270 loading class com/google/common/cache/CacheLoader$UnsupportedLoadingOperationException
Event: 10.270 loading class com/google/common/cache/CacheLoader$UnsupportedLoadingOperationException done
Event: 10.271 loading class com/google/common/cache/CacheLoader$InvalidCacheLoadException
Event: 10.271 loading class com/google/common/cache/CacheLoader$InvalidCacheLoadException done
Event: 10.272 loading class java/lang/InterruptedException
Event: 10.272 loading class java/lang/InterruptedException done
Event: 10.272 loading class java/util/concurrent/ExecutionException
Event: 10.291 Executing VM operation: RevokeBias
Event: 10.300 loading class java/util/concurrent/ExecutionException done


Dynamic libraries:
0x00007ff75ebc0000 - 0x00007ff75ec07000 	C:\Program Files\Java\jdk-11.0.6\bin\java.exe
0x00007fff37800000 - 0x00007fff379f0000 	C:\WINDOWS\SYSTEM32\ntdll.dll
0x00007fff36fd0000 - 0x00007fff37082000 	C:\WINDOWS\System32\KERNEL32.DLL
0x00007fff356e0000 - 0x00007fff35983000 	C:\WINDOWS\System32\KERNELBASE.dll
0x00007fff35bb0000 - 0x00007fff35c53000 	C:\WINDOWS\System32\ADVAPI32.dll
0x00007fff372a0000 - 0x00007fff3733e000 	C:\WINDOWS\System32\msvcrt.dll
0x00007fff359b0000 - 0x00007fff35a47000 	C:\WINDOWS\System32\sechost.dll
0x00007fff37180000 - 0x00007fff372a0000 	C:\WINDOWS\System32\RPCRT4.dll
0x00007fff36a50000 - 0x00007fff36be4000 	C:\WINDOWS\System32\USER32.dll
0x00007fff35280000 - 0x00007fff352a1000 	C:\WINDOWS\System32\win32u.dll
0x00007fff35ca0000 - 0x00007fff35cc6000 	C:\WINDOWS\System32\GDI32.dll
0x00007fff353b0000 - 0x00007fff35544000 	C:\WINDOWS\System32\gdi32full.dll
0x00007fff34ff0000 - 0x00007fff3508e000 	C:\WINDOWS\System32\msvcp_win.dll
0x00007fff352b0000 - 0x00007fff353aa000 	C:\WINDOWS\System32\ucrtbase.dll
0x00007fff24d50000 - 0x00007fff24fd5000 	C:\WINDOWS\WinSxS\amd64_microsoft.windows.common-controls_6595b64144ccf1df_6.0.18362.778_none_e6c6b761130d4fb8\COMCTL32.dll
0x00007fff29ca0000 - 0x00007fff29caa000 	C:\WINDOWS\SYSTEM32\VERSION.dll
0x00007fff37480000 - 0x00007fff377b6000 	C:\WINDOWS\System32\combase.dll
0x00007fff35090000 - 0x00007fff35110000 	C:\WINDOWS\System32\bcryptPrimitives.dll
0x00007fff35c60000 - 0x00007fff35c8e000 	C:\WINDOWS\System32\IMM32.DLL
0x00007fff0b320000 - 0x00007fff0b336000 	C:\Program Files\Java\jdk-11.0.6\bin\vcruntime140.dll
0x00007ffefc2c0000 - 0x00007ffefc36a000 	C:\Program Files\Java\jdk-11.0.6\bin\msvcp140.dll
0x00007ffed3bc0000 - 0x00007ffed46e9000 	C:\Program Files\Java\jdk-11.0.6\bin\server\jvm.dll
0x00007fff36bf0000 - 0x00007fff36bf8000 	C:\WINDOWS\System32\PSAPI.DLL
0x00007fff32320000 - 0x00007fff32344000 	C:\WINDOWS\SYSTEM32\WINMM.dll
0x00007fff1fb10000 - 0x00007fff1fb19000 	C:\WINDOWS\SYSTEM32\WSOCK32.dll
0x00007fff37110000 - 0x00007fff3717f000 	C:\WINDOWS\System32\WS2_32.dll
0x00007fff322f0000 - 0x00007fff3231d000 	C:\WINDOWS\SYSTEM32\WINMMBASE.dll
0x00007fff35690000 - 0x00007fff356da000 	C:\WINDOWS\System32\cfgmgr32.dll
0x00007fff34800000 - 0x00007fff34811000 	C:\WINDOWS\System32\kernel.appcore.dll
0x00007fff0b300000 - 0x00007fff0b311000 	C:\Program Files\Java\jdk-11.0.6\bin\verify.dll
0x00007fff33080000 - 0x00007fff33274000 	C:\WINDOWS\SYSTEM32\DBGHELP.DLL
0x00007fff1e7c0000 - 0x00007fff1e7ea000 	C:\WINDOWS\SYSTEM32\dbgcore.DLL
0x00007fff0b240000 - 0x00007fff0b269000 	C:\Program Files\Java\jdk-11.0.6\bin\java.dll
0x00007fff08170000 - 0x00007fff0819f000 	C:\Program Files\Java\jdk-11.0.6\bin\instrument.dll
0x00007fff0ab80000 - 0x00007fff0ab96000 	C:\Program Files\Java\jdk-11.0.6\bin\zip.dll
0x00007fff16dc0000 - 0x00007fff16dca000 	C:\Program Files\Java\jdk-11.0.6\bin\jimage.dll
0x00007fff35ef0000 - 0x00007fff365d5000 	C:\WINDOWS\System32\SHELL32.dll
0x00007fff35a50000 - 0x00007fff35af9000 	C:\WINDOWS\System32\shcore.dll
0x00007fff34870000 - 0x00007fff34ff0000 	C:\WINDOWS\System32\windows.storage.dll
0x00007fff347b0000 - 0x00007fff347d3000 	C:\WINDOWS\System32\profapi.dll
0x00007fff34820000 - 0x00007fff3486a000 	C:\WINDOWS\System32\powrprof.dll
0x00007fff347a0000 - 0x00007fff347b0000 	C:\WINDOWS\System32\UMPDC.dll
0x00007fff36c60000 - 0x00007fff36cb2000 	C:\WINDOWS\System32\shlwapi.dll
0x00007fff35110000 - 0x00007fff35127000 	C:\WINDOWS\System32\cryptsp.dll
0x00007fff0a580000 - 0x00007fff0a599000 	C:\Program Files\Java\jdk-11.0.6\bin\net.dll
0x00007fff26290000 - 0x00007fff26380000 	C:\WINDOWS\SYSTEM32\WINHTTP.dll
0x00007fff34010000 - 0x00007fff34077000 	C:\WINDOWS\system32\mswsock.dll
0x00007fff050a0000 - 0x00007fff050b3000 	C:\Program Files\Java\jdk-11.0.6\bin\nio.dll
0x00007fff05080000 - 0x00007fff0509a000 	C:\Program Files\JetBrains\IntelliJ IDEA Community Edition 2019.3.4\bin\breakgen64.dll
0x00007fff33b80000 - 0x00007fff33bb3000 	C:\WINDOWS\system32\rsaenh.dll
0x00007fff35600000 - 0x00007fff35626000 	C:\WINDOWS\System32\bcrypt.dll
0x00007fff346c0000 - 0x00007fff346e5000 	C:\WINDOWS\SYSTEM32\USERENV.dll
0x00007fff341e0000 - 0x00007fff341ec000 	C:\WINDOWS\SYSTEM32\CRYPTBASE.dll
0x00007fff33d20000 - 0x00007fff33d5a000 	C:\WINDOWS\SYSTEM32\IPHLPAPI.DLL
0x00007fff35c90000 - 0x00007fff35c98000 	C:\WINDOWS\System32\NSI.dll
0x00007fff28b10000 - 0x00007fff28b26000 	C:\WINDOWS\SYSTEM32\dhcpcsvc6.DLL
0x00007fff28c50000 - 0x00007fff28c6c000 	C:\WINDOWS\SYSTEM32\dhcpcsvc.DLL
0x00007fff33d60000 - 0x00007fff33e2a000 	C:\WINDOWS\SYSTEM32\DNSAPI.dll
0x00007fff15770000 - 0x00007fff1577a000 	C:\Users\Dhanushguntha\AppData\Local\Temp\jansi-1.17.1-11282491024955897484.dll
0x00007fff14a30000 - 0x00007fff14a3a000 	C:\Users\Dhanushguntha\AppData\Local\Temp\jansi-1.17.1-10274147972825318794.dll

dbghelp: loaded successfully - version: 4.0.5 - missing functions: none
symbol engine: initialized successfully - sym options: 0x614 - pdb path: .;C:\Program Files\Java\jdk-11.0.6\bin;C:\WINDOWS\SYSTEM32;C:\WINDOWS\WinSxS\amd64_microsoft.windows.common-controls_6595b64144ccf1df_6.0.18362.778_none_e6c6b761130d4fb8;C:\Program Files\Java\jdk-11.0.6\bin\server;C:\Program Files\JetBrains\IntelliJ IDEA Community Edition 2019.3.4\bin;C:\Users\Dhanushguntha\AppData\Local\Temp

VM Arguments:
jvm_args: -Dmaven.multiModuleProjectDirectory=C:\Users\Dhanushguntha\Desktop\webcontroller\webcontroller -Dmaven.home=C:\Program Files\JetBrains\IntelliJ IDEA Community Edition 2019.3.4\plugins\maven\lib\maven3 -Dclassworlds.conf=C:\Program Files\JetBrains\IntelliJ IDEA Community Edition 2019.3.4\plugins\maven\lib\maven3\bin\m2.conf -Dmaven.ext.class.path=C:\Program Files\JetBrains\IntelliJ IDEA Community Edition 2019.3.4\plugins\maven\lib\maven-event-listener.jar -javaagent:C:\Program Files\JetBrains\IntelliJ IDEA Community Edition 2019.3.4\lib\idea_rt.jar=61178:C:\Program Files\JetBrains\IntelliJ IDEA Community Edition 2019.3.4\bin -Dfile.encoding=UTF-8 
java_command: org.codehaus.classworlds.Launcher -Didea.version2019.3.4 spring-boot:run
java_class_path (initial): C:\Program Files\JetBrains\IntelliJ IDEA Community Edition 2019.3.4\plugins\maven\lib\maven3\boot\plexus-classworlds-2.6.0.jar
Launcher Type: SUN_STANDARD

[Global flags]
     intx CICompilerCount                          = 3                                         {product} {ergonomic}
     uint ConcGCThreads                            = 1                                         {product} {ergonomic}
     uint G1ConcRefinementThreads                  = 4                                         {product} {ergonomic}
   size_t G1HeapRegionSize                         = 1048576                                   {product} {ergonomic}
    uintx GCDrainStackTargetSize                   = 64                                        {product} {ergonomic}
   size_t InitialHeapSize                          = 134217728                                 {product} {ergonomic}
   size_t MarkStackSize                            = 4194304                                   {product} {ergonomic}
   size_t MaxHeapSize                              = 2118123520                                {product} {ergonomic}
   size_t MaxNewSize                               = 1270874112                                {product} {ergonomic}
   size_t MinHeapDeltaBytes                        = 1048576                                   {product} {ergonomic}
    uintx NonNMethodCodeHeapSize                   = 5830732                                {pd product} {ergonomic}
    uintx NonProfiledCodeHeapSize                  = 122913754                              {pd product} {ergonomic}
    uintx ProfiledCodeHeapSize                     = 122913754                              {pd product} {ergonomic}
    uintx ReservedCodeCacheSize                    = 251658240                              {pd product} {ergonomic}
     bool SegmentedCodeCache                       = true                                      {product} {ergonomic}
     bool UseCompressedClassPointers               = true                                 {lp64_product} {ergonomic}
     bool UseCompressedOops                        = true                                 {lp64_product} {ergonomic}
     bool UseG1GC                                  = true                                      {product} {ergonomic}
     bool UseLargePagesIndividualAllocation        = false                                  {pd product} {ergonomic}

Logging:
Log output configuration:
 #0: stdout all=warning uptime,level,tags
 #1: stderr all=off uptime,level,tags

Environment Variables:
JAVA_HOME=C:\Program Files\Java\jdk-11.0.6
PATH=C:\Program Files (x86)\Intel\iCLS Client\;C:\Program Files\Intel\iCLS Client\;C:\windows\system32;C:\windows;C:\windows\System32\Wbem;C:\windows\System32\WindowsPowerShell\v1.0\;C:\Program Files (x86)\Intel\Intel(R) Management Engine Components\DAL;C:\Program Files\Intel\Intel(R) Management Engine Components\DAL;C:\Program Files (x86)\Intel\Intel(R) Management Engine Components\IPT;C:\Program Files\Intel\Intel(R) Management Engine Components\IPT;C:\Program Files (x86)\NVIDIA Corporation\PhysX\Common;C:\WINDOWS\system32;C:\WINDOWS;C:\WINDOWS\System32\Wbem;C:\WINDOWS\System32\WindowsPowerShell\v1.0\;C:\WINDOWS\System32\OpenSSH\;C:\Program Files\Intel\WiFi\bin\;C:\Program Files\Common Files\Intel\WirelessCommon\;C:\Program Files\Git\cmd;C:\Program Files (x86)\Yarn\bin\;C:\Program Files\NVIDIA Corporation\NVIDIA NvDLISR;C:\Program Files\nodejs;C:\ProgramData\chocolatey\bin;C:\Program Files\nodejs\;C:\opt\apache-maven-3.6.3\bin;C:\Program Files\Java\jdk-11.0.6\bin;C:\Users\Dhanushguntha\AppData\Local\Programs\Python\Python38\Scripts\;C:\Users\Dhanushguntha\AppData\Local\Programs\Python\Python38\;C:\Users\Dhanushguntha\anaconda3;C:\Users\Dhanushguntha\anaconda3\Library\mingw-w64\bin;C:\Users\Dhanushguntha\anaconda3\Library\usr\bin;C:\Users\Dhanushguntha\anaconda3\Library\bin;C:\Users\Dhanushguntha\anaconda3\Scripts;C:\Users\Dhanushguntha\AppData\Local\Programs\Microsoft VS Code\bin;C:\Users\Dhanushguntha\AppData\Roaming\npm;
USERNAME=Dhanushguntha
OS=Windows_NT
PROCESSOR_IDENTIFIER=Intel64 Family 6 Model 142 Stepping 9, GenuineIntel



---------------  S Y S T E M  ---------------

OS: Windows 10 , 64 bit Build 18362 (10.0.18362.778)

CPU:total 4 (initial active 4) (2 cores per cpu, 2 threads per core) family 6 model 142 stepping 9, cmov, cx8, fxsr, mmx, sse, sse2, sse3, ssse3, sse4.1, sse4.2, popcnt, avx, avx2, aes, clmul, erms, 3dnowpref, lzcnt, ht, tsc, tscinvbit, bmi1, bmi2, adx, fma

Memory: 4k page, system-wide physical 8077M (1352M free)
TotalPageFile size 8077M (AvailPageFile size 1M)
current process WorkingSet (physical memory assigned to process): 68M, peak: 69M
current process commit charge ("private bytes"): 212M, peak: 214M

vm_info: Java HotSpot(TM) 64-Bit Server VM (11.0.6+8-LTS) for windows-amd64 JRE (11.0.6+8-LTS), built on Dec 11 2019 09:17:57 by "mach5one" with MS VC++ 15.5 (VS2017)

END.
