#
# There is insufficient memory for the Java Runtime Environment to continue.
# Native memory allocation (mmap) failed to map 54525952 bytes for Failed to commit area from 0x000000008b600000 to 0x000000008ea00000 of length 54525952.
# Possible reasons:
#   The system is out of physical RAM or swap space
#   The process is running with CompressedOops enabled, and the Java Heap may be blocking the growth of the native heap
# Possible solutions:
#   Reduce memory load on the system
#   Increase physical memory or swap space
#   Check if swap backing store is full
#   Decrease Java heap size (-Xmx/-Xms)
#   Decrease number of Java threads
#   Decrease Java thread stack sizes (-Xss)
#   Set larger code cache with -XX:ReservedCodeCacheSize=
#   JVM is running with Unscaled Compressed Oops mode in which the Java heap is
#     placed in the first 4GB address space. The Java Heap base address is the
#     maximum limit for the native heap growth. Please use -XX:HeapBaseMinAddress
#     to set the Java Heap base and to place the Java Heap above 4GB virtual address.
# This output file may be truncated or incomplete.
#
#  Out of Memory Error (t:/workspace/open/src/hotspot/os/windows/os_windows.cpp:3271), pid=13748, tid=14844
#
# JRE version: Java(TM) SE Runtime Environment (11.0.6+8) (build 11.0.6+8-LTS)
# Java VM: Java HotSpot(TM) 64-Bit Server VM (11.0.6+8-LTS, mixed mode, tiered, compressed oops, g1 gc, windows-amd64)
# No core dump will be written. Minidumps are not enabled by default on client versions of Windows
#

---------------  S U M M A R Y ------------

Command Line: -Xverify:none -XX:TieredStopAtLevel=1 com.webcontroller.webcontroller.model.ReactandSpringDataRestApplication

Host: Intel(R) Core(TM) i5-7200U CPU @ 2.50GHz, 4 cores, 7G,  Windows 10 , 64 bit Build 18362 (10.0.18362.329)
Time: Thu Apr  9 12:47:24 2020 India Standard Time elapsed time: 4 seconds (0d 0h 0m 4s)

---------------  T H R E A D  ---------------

Current thread (0x00000213f25c4800):  VMThread "VM Thread" [stack: 0x000000a1a8800000,0x000000a1a8900000] [id=14844]

Stack: [0x000000a1a8800000,0x000000a1a8900000]
[error occurred during error reporting (printing stack bounds), id 0xc0000005, EXCEPTION_ACCESS_VIOLATION (0xc0000005) at pc=0x00000213dc5c0bad]

Native frames: (J=compiled Java code, j=interpreted, Vv=VM code, C=native code)
V  [jvm.dll+0x63679a]
V  [jvm.dll+0x7755bf]
V  [jvm.dll+0x776c65]
V  [jvm.dll+0x777235]
V  [jvm.dll+0x7771eb]
V  [jvm.dll+0x635e96]
V  [jvm.dll+0x636268]
C  [ntdll.dll+0xa121f]
C  [ntdll.dll+0x6a289]
C  [ntdll.dll+0x9fe8e]
C  0x00000213dc5c0bad

VM_Operation (0x000000a1a82fd690): G1CollectForAllocation, mode: safepoint, requested by thread 0x00000213d4243800


---------------  P R O C E S S  ---------------

Threads class SMR info:
_java_thread_list=0x00000213f481d9a0, length=14, elements={
0x00000213d4243800, 0x00000213f25ec800, 0x00000213f25f6800, 0x00000213f2606000,
0x00000213f2609000, 0x00000213f260b000, 0x00000213f2610000, 0x00000213f307f000,
0x00000213f308a000, 0x00000213f4d22800, 0x00000213f4d23800, 0x00000213f4b5f800,
0x00000213f4e06000, 0x00000213f4894000
}

Java Threads: ( => current thread )
  0x00000213d4243800 JavaThread "main" [_thread_blocked, id=2212, stack(0x000000a1a8200000,0x000000a1a8300000)]
  0x00000213f25ec800 JavaThread "Reference Handler" daemon [_thread_blocked, id=12076, stack(0x000000a1a8900000,0x000000a1a8a00000)]
  0x00000213f25f6800 JavaThread "Finalizer" daemon [_thread_blocked, id=3660, stack(0x000000a1a8a00000,0x000000a1a8b00000)]
  0x00000213f2606000 JavaThread "Signal Dispatcher" daemon [_thread_blocked, id=2980, stack(0x000000a1a8b00000,0x000000a1a8c00000)]
  0x00000213f2609000 JavaThread "Attach Listener" daemon [_thread_blocked, id=14888, stack(0x000000a1a8c00000,0x000000a1a8d00000)]
  0x00000213f260b000 JavaThread "C1 CompilerThread0" daemon [_thread_blocked, id=12436, stack(0x000000a1a8d00000,0x000000a1a8e00000)]
  0x00000213f2610000 JavaThread "Sweeper thread" daemon [_thread_blocked, id=14296, stack(0x000000a1a8e00000,0x000000a1a8f00000)]
  0x00000213f307f000 JavaThread "Service Thread" daemon [_thread_blocked, id=13868, stack(0x000000a1a8f00000,0x000000a1a9000000)]
  0x00000213f308a000 JavaThread "Common-Cleaner" daemon [_thread_blocked, id=8296, stack(0x000000a1a9100000,0x000000a1a9200000)]
  0x00000213f4d22800 JavaThread "Catalina-utility-1" [_thread_blocked, id=13944, stack(0x000000a1a9400000,0x000000a1a9500000)]
  0x00000213f4d23800 JavaThread "Catalina-utility-2" [_thread_blocked, id=2116, stack(0x000000a1a9600000,0x000000a1a9700000)]
  0x00000213f4b5f800 JavaThread "container-0" [_thread_blocked, id=14292, stack(0x000000a1a9700000,0x000000a1a9800000)]
  0x00000213f4e06000 JavaThread "HikariPool-1 housekeeper" daemon [_thread_blocked, id=14724, stack(0x000000a1a9800000,0x000000a1a9900000)]
  0x00000213f4894000 JavaThread "HikariPool-1 connection adder" daemon [_thread_blocked, id=14768, stack(0x000000a1a9900000,0x000000a1a9a00000)]

Other Threads:
=>0x00000213f25c4800 VMThread "VM Thread" [stack: 0x000000a1a8800000,0x000000a1a8900000] [id=14844]
  0x00000213f3087000 WatcherThread [stack: 0x000000a1a9000000,0x000000a1a9100000] [id=12000]
  0x00000213d425a800 GCTaskThread "GC Thread#0" [stack: 0x000000a1a8300000,0x000000a1a8400000] [id=14092]
  0x00000213f38b6000 GCTaskThread "GC Thread#1" [stack: 0x000000a1a9200000,0x000000a1a9300000] [id=14892]
  0x00000213f3737800 GCTaskThread "GC Thread#2" [stack: 0x000000a1a9300000,0x000000a1a9400000] [id=1516]
  0x00000213f3a32800 GCTaskThread "GC Thread#3" [stack: 0x000000a1a9500000,0x000000a1a9600000] [id=1628]
  0x00000213d428a800 ConcurrentGCThread "G1 Main Marker" [stack: 0x000000a1a8400000,0x000000a1a8500000] [id=9072]
  0x00000213d428c000 ConcurrentGCThread "G1 Conc#0" [stack: 0x000000a1a8500000,0x000000a1a8600000] [id=9964]
  0x00000213d430d800 ConcurrentGCThread "G1 Refine#0" [stack: 0x000000a1a8600000,0x000000a1a8700000] [id=3048]
  0x00000213d430e800 ConcurrentGCThread "G1 Young RemSet Sampling" [stack: 0x000000a1a8700000,0x000000a1a8800000] [id=2840]

Threads with active compile tasks:
C1 CompilerThread04129       1       jdk.internal.reflect.ReflectionFactory::newMethodAccessor (119 bytes)

VM state:at safepoint (normal execution)

VM Mutex/Monitor currently owned by a thread:  ([mutex/lock_event])
[0x00000213d423f360] Threads_lock - owner thread: 0x00000213f25c4800
[0x00000213d423fa20] Heap_lock - owner thread: 0x00000213d4243800

Heap address: 0x0000000081c00000, size: 2020 MB, Compressed Oops mode: 32-bit
Narrow klass base: 0x0000000000000000, Narrow klass shift: 3
Compressed class space size: 1073741824 Address: 0x0000000100000000

Heap:
 garbage-first heap   total 210944K, used 21504K [0x0000000081c00000, 0x0000000100000000)
  region size 1024K, 10 young (10240K), 10 survivors (10240K)
 Metaspace       used 51245K, capacity 52537K, committed 52656K, reserved 1095680K
  class space    used 6633K, capacity 7140K, committed 7168K, reserved 1048576K
Heap Regions: E=young(eden), S=young(survivor), O=old, HS=humongous(starts), HC=humongous(continues), CS=collection set, F=free, A=archive, TAMS=top-at-mark-start (previous, next)
|   0|0x0000000081c00000, 0x0000000081d00000, 0x0000000081d00000|100%|HS|  |TAMS 0x0000000081d00000, 0x0000000081d00000| Complete 
|   1|0x0000000081d00000, 0x0000000081e00000, 0x0000000081e00000|100%| O|  |TAMS 0x0000000081e00000, 0x0000000081e00000| Untracked 
|   2|0x0000000081e00000, 0x0000000081f00000, 0x0000000081f00000|100%| O|  |TAMS 0x0000000081f00000, 0x0000000081f00000| Untracked 
|   3|0x0000000081f00000, 0x0000000082000000, 0x0000000082000000|100%| O|  |TAMS 0x0000000082000000, 0x0000000082000000| Untracked 
|   4|0x0000000082000000, 0x0000000082100000, 0x0000000082100000|100%| O|  |TAMS 0x0000000082100000, 0x0000000082100000| Untracked 
|   5|0x0000000082100000, 0x0000000082200000, 0x0000000082200000|100%| O|  |TAMS 0x0000000082200000, 0x0000000082200000| Untracked 
|   6|0x0000000082200000, 0x0000000082300000, 0x0000000082300000|100%| O|  |TAMS 0x0000000082300000, 0x0000000082300000| Untracked 
|   7|0x0000000082300000, 0x0000000082400000, 0x0000000082400000|100%| O|  |TAMS 0x0000000082400000, 0x0000000082400000| Untracked 
|   8|0x0000000082400000, 0x0000000082500000, 0x0000000082500000|100%| O|  |TAMS 0x00000000824c5800, 0x0000000082500000| Untracked 
|   9|0x0000000082500000, 0x0000000082600000, 0x0000000082600000|100%| O|  |TAMS 0x0000000082500000, 0x0000000082600000| Untracked 
|  10|0x0000000082600000, 0x0000000082700000, 0x0000000082700000|100%| O|  |TAMS 0x0000000082600000, 0x0000000082700000| Untracked 
|  11|0x0000000082700000, 0x0000000082700000, 0x0000000082800000|  0%| F|  |TAMS 0x0000000082700000, 0x0000000082700000| Untracked 
|  12|0x0000000082800000, 0x0000000082800000, 0x0000000082900000|  0%| F|  |TAMS 0x0000000082800000, 0x0000000082800000| Untracked 
|  13|0x0000000082900000, 0x0000000082900000, 0x0000000082a00000|  0%| F|  |TAMS 0x0000000082900000, 0x0000000082900000| Untracked 
|  14|0x0000000082a00000, 0x0000000082a00000, 0x0000000082b00000|  0%| F|  |TAMS 0x0000000082a00000, 0x0000000082a00000| Untracked 
|  15|0x0000000082b00000, 0x0000000082b00000, 0x0000000082c00000|  0%| F|  |TAMS 0x0000000082b00000, 0x0000000082b00000| Untracked 
|  16|0x0000000082c00000, 0x0000000082c00000, 0x0000000082d00000|  0%| F|  |TAMS 0x0000000082c00000, 0x0000000082c00000| Untracked 
|  17|0x0000000082d00000, 0x0000000082d00000, 0x0000000082e00000|  0%| F|  |TAMS 0x0000000082d00000, 0x0000000082d00000| Untracked 
|  18|0x0000000082e00000, 0x0000000082e00000, 0x0000000082f00000|  0%| F|  |TAMS 0x0000000082e00000, 0x0000000082e00000| Untracked 
|  19|0x0000000082f00000, 0x0000000082f00000, 0x0000000083000000|  0%| F|  |TAMS 0x0000000082f00000, 0x0000000082f00000| Untracked 
|  20|0x0000000083000000, 0x0000000083000000, 0x0000000083100000|  0%| F|  |TAMS 0x0000000083000000, 0x0000000083000000| Untracked 
|  21|0x0000000083100000, 0x0000000083100000, 0x0000000083200000|  0%| F|  |TAMS 0x0000000083100000, 0x0000000083100000| Untracked 
|  22|0x0000000083200000, 0x0000000083200000, 0x0000000083300000|  0%| F|  |TAMS 0x0000000083200000, 0x0000000083200000| Untracked 
|  23|0x0000000083300000, 0x0000000083300000, 0x0000000083400000|  0%| F|  |TAMS 0x0000000083300000, 0x0000000083300000| Untracked 
|  24|0x0000000083400000, 0x0000000083400000, 0x0000000083500000|  0%| F|  |TAMS 0x0000000083400000, 0x0000000083400000| Untracked 
|  25|0x0000000083500000, 0x0000000083500000, 0x0000000083600000|  0%| F|  |TAMS 0x0000000083500000, 0x0000000083500000| Untracked 
|  26|0x0000000083600000, 0x0000000083600000, 0x0000000083700000|  0%| F|  |TAMS 0x0000000083600000, 0x0000000083600000| Untracked 
|  27|0x0000000083700000, 0x0000000083700000, 0x0000000083800000|  0%| F|  |TAMS 0x0000000083700000, 0x0000000083700000| Untracked 
|  28|0x0000000083800000, 0x0000000083800000, 0x0000000083900000|  0%| F|  |TAMS 0x0000000083800000, 0x0000000083800000| Untracked 
|  29|0x0000000083900000, 0x0000000083900000, 0x0000000083a00000|  0%| F|  |TAMS 0x0000000083900000, 0x0000000083900000| Untracked 
|  30|0x0000000083a00000, 0x0000000083a00000, 0x0000000083b00000|  0%| F|  |TAMS 0x0000000083a00000, 0x0000000083a00000| Untracked 
|  31|0x0000000083b00000, 0x0000000083b00000, 0x0000000083c00000|  0%| F|  |TAMS 0x0000000083b00000, 0x0000000083b00000| Untracked 
|  32|0x0000000083c00000, 0x0000000083c00000, 0x0000000083d00000|  0%| F|  |TAMS 0x0000000083c00000, 0x0000000083c00000| Untracked 
|  33|0x0000000083d00000, 0x0000000083d00000, 0x0000000083e00000|  0%| F|  |TAMS 0x0000000083d00000, 0x0000000083d00000| Untracked 
|  34|0x0000000083e00000, 0x0000000083e00000, 0x0000000083f00000|  0%| F|  |TAMS 0x0000000083e00000, 0x0000000083e00000| Untracked 
|  35|0x0000000083f00000, 0x0000000083f00000, 0x0000000084000000|  0%| F|  |TAMS 0x0000000083f00000, 0x0000000083f00000| Untracked 
|  36|0x0000000084000000, 0x0000000084000000, 0x0000000084100000|  0%| F|  |TAMS 0x0000000084000000, 0x0000000084000000| Untracked 
|  37|0x0000000084100000, 0x0000000084100000, 0x0000000084200000|  0%| F|  |TAMS 0x0000000084100000, 0x0000000084100000| Untracked 
|  38|0x0000000084200000, 0x0000000084200000, 0x0000000084300000|  0%| F|  |TAMS 0x0000000084200000, 0x0000000084200000| Untracked 
|  39|0x0000000084300000, 0x0000000084300000, 0x0000000084400000|  0%| F|  |TAMS 0x0000000084300000, 0x0000000084300000| Untracked 
|  40|0x0000000084400000, 0x0000000084400000, 0x0000000084500000|  0%| F|  |TAMS 0x0000000084400000, 0x0000000084400000| Untracked 
|  41|0x0000000084500000, 0x0000000084500000, 0x0000000084600000|  0%| F|  |TAMS 0x0000000084500000, 0x0000000084500000| Untracked 
|  42|0x0000000084600000, 0x0000000084600000, 0x0000000084700000|  0%| F|  |TAMS 0x0000000084600000, 0x0000000084600000| Untracked 
|  43|0x0000000084700000, 0x0000000084700000, 0x0000000084800000|  0%| F|  |TAMS 0x0000000084700000, 0x0000000084700000| Untracked 
|  44|0x0000000084800000, 0x0000000084800000, 0x0000000084900000|  0%| F|  |TAMS 0x0000000084800000, 0x0000000084800000| Untracked 
|  45|0x0000000084900000, 0x0000000084900000, 0x0000000084a00000|  0%| F|  |TAMS 0x0000000084900000, 0x0000000084900000| Untracked 
|  46|0x0000000084a00000, 0x0000000084a00000, 0x0000000084b00000|  0%| F|  |TAMS 0x0000000084a00000, 0x0000000084a00000| Untracked 
|  47|0x0000000084b00000, 0x0000000084b00000, 0x0000000084c00000|  0%| F|  |TAMS 0x0000000084b00000, 0x0000000084b00000| Untracked 
|  48|0x0000000084c00000, 0x0000000084c00000, 0x0000000084d00000|  0%| F|  |TAMS 0x0000000084c00000, 0x0000000084c00000| Untracked 
|  49|0x0000000084d00000, 0x0000000084d00000, 0x0000000084e00000|  0%| F|  |TAMS 0x0000000084d00000, 0x0000000084d00000| Untracked 
|  50|0x0000000084e00000, 0x0000000084e00000, 0x0000000084f00000|  0%| F|  |TAMS 0x0000000084e00000, 0x0000000084e00000| Untracked 
|  51|0x0000000084f00000, 0x0000000084f00000, 0x0000000085000000|  0%| F|  |TAMS 0x0000000084f00000, 0x0000000084f00000| Untracked 
|  52|0x0000000085000000, 0x0000000085100000, 0x0000000085100000|100%| S|CS|TAMS 0x0000000085000000, 0x0000000085000000| Complete 
|  53|0x0000000085100000, 0x0000000085200000, 0x0000000085200000|100%| S|CS|TAMS 0x0000000085100000, 0x0000000085100000| Complete 
|  54|0x0000000085200000, 0x0000000085300000, 0x0000000085300000|100%| S|CS|TAMS 0x0000000085200000, 0x0000000085200000| Complete 
|  55|0x0000000085300000, 0x0000000085400000, 0x0000000085400000|100%| S|CS|TAMS 0x0000000085300000, 0x0000000085300000| Complete 
|  56|0x0000000085400000, 0x0000000085500000, 0x0000000085500000|100%| S|CS|TAMS 0x0000000085400000, 0x0000000085400000| Complete 
|  57|0x0000000085500000, 0x0000000085600000, 0x0000000085600000|100%| S|CS|TAMS 0x0000000085500000, 0x0000000085500000| Complete 
|  58|0x0000000085600000, 0x0000000085700000, 0x0000000085700000|100%| S|CS|TAMS 0x0000000085600000, 0x0000000085600000| Complete 
|  59|0x0000000085700000, 0x0000000085800000, 0x0000000085800000|100%| S|CS|TAMS 0x0000000085700000, 0x0000000085700000| Complete 
|  60|0x0000000085800000, 0x0000000085900000, 0x0000000085900000|100%| S|CS|TAMS 0x0000000085800000, 0x0000000085800000| Complete 
|  61|0x0000000085900000, 0x0000000085a00000, 0x0000000085a00000|100%| S|CS|TAMS 0x0000000085900000, 0x0000000085900000| Complete 
|  62|0x0000000085a00000, 0x0000000085a00000, 0x0000000085b00000|  0%| F|  |TAMS 0x0000000085a00000, 0x0000000085a00000| Untracked 
|  63|0x0000000085b00000, 0x0000000085b00000, 0x0000000085c00000|  0%| F|  |TAMS 0x0000000085b00000, 0x0000000085b00000| Untracked 
|  64|0x0000000085c00000, 0x0000000085c00000, 0x0000000085d00000|  0%| F|  |TAMS 0x0000000085c00000, 0x0000000085c00000| Untracked 
|  65|0x0000000085d00000, 0x0000000085d00000, 0x0000000085e00000|  0%| F|  |TAMS 0x0000000085d00000, 0x0000000085d00000| Untracked 
|  66|0x0000000085e00000, 0x0000000085e00000, 0x0000000085f00000|  0%| F|  |TAMS 0x0000000085e00000, 0x0000000085e00000| Untracked 
|  67|0x0000000085f00000, 0x0000000085f00000, 0x0000000086000000|  0%| F|  |TAMS 0x0000000085f00000, 0x0000000085f00000| Untracked 
|  68|0x0000000086000000, 0x0000000086000000, 0x0000000086100000|  0%| F|  |TAMS 0x0000000086000000, 0x0000000086000000| Untracked 
|  69|0x0000000086100000, 0x0000000086100000, 0x0000000086200000|  0%| F|  |TAMS 0x0000000086100000, 0x0000000086100000| Untracked 
|  70|0x0000000086200000, 0x0000000086200000, 0x0000000086300000|  0%| F|  |TAMS 0x0000000086200000, 0x0000000086200000| Untracked 
|  71|0x0000000086300000, 0x0000000086300000, 0x0000000086400000|  0%| F|  |TAMS 0x0000000086300000, 0x0000000086300000| Untracked 
|  72|0x0000000086400000, 0x0000000086400000, 0x0000000086500000|  0%| F|  |TAMS 0x0000000086400000, 0x0000000086400000| Untracked 
|  73|0x0000000086500000, 0x0000000086500000, 0x0000000086600000|  0%| F|  |TAMS 0x0000000086500000, 0x0000000086500000| Untracked 
|  74|0x0000000086600000, 0x0000000086600000, 0x0000000086700000|  0%| F|  |TAMS 0x0000000086600000, 0x0000000086600000| Untracked 
|  75|0x0000000086700000, 0x0000000086700000, 0x0000000086800000|  0%| F|  |TAMS 0x0000000086700000, 0x0000000086700000| Untracked 
|  76|0x0000000086800000, 0x0000000086800000, 0x0000000086900000|  0%| F|  |TAMS 0x0000000086800000, 0x0000000086800000| Untracked 
|  77|0x0000000086900000, 0x0000000086900000, 0x0000000086a00000|  0%| F|  |TAMS 0x0000000086900000, 0x0000000086900000| Untracked 
|  78|0x0000000086a00000, 0x0000000086a00000, 0x0000000086b00000|  0%| F|  |TAMS 0x0000000086a00000, 0x0000000086a00000| Untracked 
|  79|0x0000000086b00000, 0x0000000086b00000, 0x0000000086c00000|  0%| F|  |TAMS 0x0000000086b00000, 0x0000000086b00000| Untracked 
|  80|0x0000000086c00000, 0x0000000086c00000, 0x0000000086d00000|  0%| F|  |TAMS 0x0000000086c00000, 0x0000000086c00000| Untracked 
|  81|0x0000000086d00000, 0x0000000086d00000, 0x0000000086e00000|  0%| F|  |TAMS 0x0000000086d00000, 0x0000000086d00000| Untracked 
|  82|0x0000000086e00000, 0x0000000086e00000, 0x0000000086f00000|  0%| F|  |TAMS 0x0000000086e00000, 0x0000000086e00000| Untracked 
|  83|0x0000000086f00000, 0x0000000086f00000, 0x0000000087000000|  0%| F|  |TAMS 0x0000000086f00000, 0x0000000086f00000| Untracked 
|  84|0x0000000087000000, 0x0000000087000000, 0x0000000087100000|  0%| F|  |TAMS 0x0000000087000000, 0x0000000087000000| Untracked 
|  85|0x0000000087100000, 0x0000000087100000, 0x0000000087200000|  0%| F|  |TAMS 0x0000000087100000, 0x0000000087100000| Untracked 
|  86|0x0000000087200000, 0x0000000087200000, 0x0000000087300000|  0%| F|  |TAMS 0x0000000087200000, 0x0000000087200000| Untracked 
|  87|0x0000000087300000, 0x0000000087300000, 0x0000000087400000|  0%| F|  |TAMS 0x0000000087300000, 0x0000000087300000| Untracked 
|  88|0x0000000087400000, 0x0000000087400000, 0x0000000087500000|  0%| F|  |TAMS 0x0000000087400000, 0x0000000087400000| Untracked 
|  89|0x0000000087500000, 0x0000000087500000, 0x0000000087600000|  0%| F|  |TAMS 0x0000000087500000, 0x0000000087500000| Untracked 
|  90|0x0000000087600000, 0x0000000087600000, 0x0000000087700000|  0%| F|  |TAMS 0x0000000087600000, 0x0000000087600000| Untracked 
|  91|0x0000000087700000, 0x0000000087700000, 0x0000000087800000|  0%| F|  |TAMS 0x0000000087700000, 0x0000000087700000| Untracked 
|  92|0x0000000087800000, 0x0000000087800000, 0x0000000087900000|  0%| F|  |TAMS 0x0000000087800000, 0x0000000087800000| Untracked 
|  93|0x0000000087900000, 0x0000000087900000, 0x0000000087a00000|  0%| F|  |TAMS 0x0000000087900000, 0x0000000087900000| Untracked 
|  94|0x0000000087a00000, 0x0000000087a00000, 0x0000000087b00000|  0%| F|  |TAMS 0x0000000087a00000, 0x0000000087a00000| Untracked 
|  95|0x0000000087b00000, 0x0000000087b00000, 0x0000000087c00000|  0%| F|  |TAMS 0x0000000087b00000, 0x0000000087b00000| Untracked 
|  96|0x0000000087c00000, 0x0000000087c00000, 0x0000000087d00000|  0%| F|  |TAMS 0x0000000087c00000, 0x0000000087c00000| Untracked 
|  97|0x0000000087d00000, 0x0000000087d00000, 0x0000000087e00000|  0%| F|  |TAMS 0x0000000087d00000, 0x0000000087d00000| Untracked 
|  98|0x0000000087e00000, 0x0000000087e00000, 0x0000000087f00000|  0%| F|  |TAMS 0x0000000087e00000, 0x0000000087e00000| Untracked 
|  99|0x0000000087f00000, 0x0000000087f00000, 0x0000000088000000|  0%| F|  |TAMS 0x0000000087f00000, 0x0000000087f00000| Untracked 
| 100|0x0000000088000000, 0x0000000088000000, 0x0000000088100000|  0%| F|  |TAMS 0x0000000088000000, 0x0000000088000000| Untracked 
| 101|0x0000000088100000, 0x0000000088100000, 0x0000000088200000|  0%| F|  |TAMS 0x0000000088100000, 0x0000000088100000| Untracked 
| 102|0x0000000088200000, 0x0000000088200000, 0x0000000088300000|  0%| F|  |TAMS 0x0000000088200000, 0x0000000088200000| Untracked 
| 103|0x0000000088300000, 0x0000000088300000, 0x0000000088400000|  0%| F|  |TAMS 0x0000000088300000, 0x0000000088300000| Untracked 
| 104|0x0000000088400000, 0x0000000088400000, 0x0000000088500000|  0%| F|  |TAMS 0x0000000088400000, 0x0000000088400000| Untracked 
| 105|0x0000000088500000, 0x0000000088500000, 0x0000000088600000|  0%| F|  |TAMS 0x0000000088500000, 0x0000000088500000| Untracked 
| 106|0x0000000088600000, 0x0000000088600000, 0x0000000088700000|  0%| F|  |TAMS 0x0000000088600000, 0x0000000088600000| Untracked 
| 107|0x0000000088700000, 0x0000000088700000, 0x0000000088800000|  0%| F|  |TAMS 0x0000000088700000, 0x0000000088700000| Untracked 
| 108|0x0000000088800000, 0x0000000088800000, 0x0000000088900000|  0%| F|  |TAMS 0x0000000088800000, 0x0000000088800000| Untracked 
| 109|0x0000000088900000, 0x0000000088900000, 0x0000000088a00000|  0%| F|  |TAMS 0x0000000088900000, 0x0000000088900000| Untracked 
| 110|0x0000000088a00000, 0x0000000088a00000, 0x0000000088b00000|  0%| F|  |TAMS 0x0000000088a00000, 0x0000000088a00000| Untracked 
| 111|0x0000000088b00000, 0x0000000088b00000, 0x0000000088c00000|  0%| F|  |TAMS 0x0000000088b00000, 0x0000000088b00000| Untracked 
| 112|0x0000000088c00000, 0x0000000088c00000, 0x0000000088d00000|  0%| F|  |TAMS 0x0000000088c00000, 0x0000000088c00000| Untracked 
| 113|0x0000000088d00000, 0x0000000088d00000, 0x0000000088e00000|  0%| F|  |TAMS 0x0000000088d00000, 0x0000000088d00000| Untracked 
| 114|0x0000000088e00000, 0x0000000088e00000, 0x0000000088f00000|  0%| F|  |TAMS 0x0000000088e00000, 0x0000000088e00000| Untracked 
| 115|0x0000000088f00000, 0x0000000088f00000, 0x0000000089000000|  0%| F|  |TAMS 0x0000000088f00000, 0x0000000088f00000| Untracked 
| 116|0x0000000089000000, 0x0000000089000000, 0x0000000089100000|  0%| F|  |TAMS 0x0000000089000000, 0x0000000089000000| Untracked 
| 117|0x0000000089100000, 0x0000000089100000, 0x0000000089200000|  0%| F|  |TAMS 0x0000000089100000, 0x0000000089100000| Untracked 
| 118|0x0000000089200000, 0x0000000089200000, 0x0000000089300000|  0%| F|  |TAMS 0x0000000089200000, 0x0000000089200000| Untracked 
| 119|0x0000000089300000, 0x0000000089300000, 0x0000000089400000|  0%| F|  |TAMS 0x0000000089300000, 0x0000000089300000| Untracked 
| 120|0x0000000089400000, 0x0000000089400000, 0x0000000089500000|  0%| F|  |TAMS 0x0000000089400000, 0x0000000089400000| Untracked 
| 121|0x0000000089500000, 0x0000000089500000, 0x0000000089600000|  0%| F|  |TAMS 0x0000000089500000, 0x0000000089500000| Untracked 
| 122|0x0000000089600000, 0x0000000089600000, 0x0000000089700000|  0%| F|  |TAMS 0x0000000089600000, 0x0000000089600000| Untracked 
| 123|0x0000000089700000, 0x0000000089700000, 0x0000000089800000|  0%| F|  |TAMS 0x0000000089700000, 0x0000000089700000| Untracked 
| 124|0x0000000089800000, 0x0000000089800000, 0x0000000089900000|  0%| F|  |TAMS 0x0000000089800000, 0x0000000089800000| Untracked 
| 125|0x0000000089900000, 0x0000000089900000, 0x0000000089a00000|  0%| F|  |TAMS 0x0000000089900000, 0x0000000089900000| Untracked 
| 126|0x0000000089a00000, 0x0000000089a00000, 0x0000000089b00000|  0%| F|  |TAMS 0x0000000089a00000, 0x0000000089a00000| Untracked 
| 127|0x0000000089b00000, 0x0000000089b00000, 0x0000000089c00000|  0%| F|  |TAMS 0x0000000089b00000, 0x0000000089b00000| Untracked 
| 128|0x0000000089c00000, 0x0000000089c00000, 0x0000000089d00000|  0%| F|  |TAMS 0x0000000089c00000, 0x0000000089c00000| Untracked 
| 129|0x0000000089d00000, 0x0000000089d00000, 0x0000000089e00000|  0%| F|  |TAMS 0x0000000089d00000, 0x0000000089d00000| Untracked 
| 130|0x0000000089e00000, 0x0000000089e00000, 0x0000000089f00000|  0%| F|  |TAMS 0x0000000089e00000, 0x0000000089e00000| Untracked 
| 131|0x0000000089f00000, 0x0000000089f00000, 0x000000008a000000|  0%| F|  |TAMS 0x0000000089f00000, 0x0000000089f00000| Untracked 
| 132|0x000000008a000000, 0x000000008a000000, 0x000000008a100000|  0%| F|  |TAMS 0x000000008a000000, 0x000000008a000000| Untracked 
| 133|0x000000008a100000, 0x000000008a100000, 0x000000008a200000|  0%| F|  |TAMS 0x000000008a100000, 0x000000008a100000| Untracked 
| 134|0x000000008a200000, 0x000000008a200000, 0x000000008a300000|  0%| F|  |TAMS 0x000000008a200000, 0x000000008a200000| Untracked 
| 135|0x000000008a300000, 0x000000008a300000, 0x000000008a400000|  0%| F|  |TAMS 0x000000008a300000, 0x000000008a300000| Untracked 
| 136|0x000000008a400000, 0x000000008a400000, 0x000000008a500000|  0%| F|  |TAMS 0x000000008a400000, 0x000000008a400000| Untracked 
| 137|0x000000008a500000, 0x000000008a500000, 0x000000008a600000|  0%| F|  |TAMS 0x000000008a500000, 0x000000008a500000| Untracked 
| 138|0x000000008a600000, 0x000000008a600000, 0x000000008a700000|  0%| F|  |TAMS 0x000000008a600000, 0x000000008a600000| Untracked 
| 139|0x000000008a700000, 0x000000008a700000, 0x000000008a800000|  0%| F|  |TAMS 0x000000008a700000, 0x000000008a700000| Untracked 
| 140|0x000000008a800000, 0x000000008a800000, 0x000000008a900000|  0%| F|  |TAMS 0x000000008a800000, 0x000000008a800000| Untracked 
| 141|0x000000008a900000, 0x000000008a900000, 0x000000008aa00000|  0%| F|  |TAMS 0x000000008a900000, 0x000000008a900000| Untracked 
| 142|0x000000008aa00000, 0x000000008aa00000, 0x000000008ab00000|  0%| F|  |TAMS 0x000000008aa00000, 0x000000008aa00000| Untracked 
| 143|0x000000008ab00000, 0x000000008ab00000, 0x000000008ac00000|  0%| F|  |TAMS 0x000000008ab00000, 0x000000008ab00000| Untracked 
| 144|0x000000008ac00000, 0x000000008ac00000, 0x000000008ad00000|  0%| F|  |TAMS 0x000000008ac00000, 0x000000008ac00000| Untracked 
| 145|0x000000008ad00000, 0x000000008ad00000, 0x000000008ae00000|  0%| F|  |TAMS 0x000000008ad00000, 0x000000008ad00000| Untracked 
| 146|0x000000008ae00000, 0x000000008ae00000, 0x000000008af00000|  0%| F|  |TAMS 0x000000008ae00000, 0x000000008ae00000| Untracked 
| 147|0x000000008af00000, 0x000000008af00000, 0x000000008b000000|  0%| F|  |TAMS 0x000000008af00000, 0x000000008af00000| Untracked 
| 148|0x000000008b000000, 0x000000008b000000, 0x000000008b100000|  0%| F|  |TAMS 0x000000008b000000, 0x000000008b000000| Untracked 
| 149|0x000000008b100000, 0x000000008b100000, 0x000000008b200000|  0%| F|  |TAMS 0x000000008b100000, 0x000000008b100000| Untracked 
| 150|0x000000008b200000, 0x000000008b200000, 0x000000008b300000|  0%| F|  |TAMS 0x000000008b200000, 0x000000008b200000| Untracked 
| 151|0x000000008b300000, 0x000000008b300000, 0x000000008b400000|  0%| F|  |TAMS 0x000000008b300000, 0x000000008b300000| Untracked 
| 152|0x000000008b400000, 0x000000008b400000, 0x000000008b500000|  0%| F|  |TAMS 0x000000008b400000, 0x000000008b400000| Untracked 
| 153|0x000000008b500000, 0x000000008b500000, 0x000000008b600000|  0%| F|  |TAMS 0x000000008b500000, 0x000000008b500000| Untracked 

Card table byte_map: [0x00000213eb9c0000,0x00000213ebdc0000] _byte_map_base: 0x00000213eb5b2000

Marking Bits (Prev, Next): (CMBitMap*) 0x00000213d4281d08, (CMBitMap*) 0x00000213d4281d40
 Prev Bits: [0x00000213ec1c0000, 0x00000213ee150000)
 Next Bits: [0x00000213ee150000, 0x00000213f00e0000)

Polling page: 0x00000213d20b0000

Metaspace:

Usage:
  Non-class:     44.33 MB capacity,    43.57 MB ( 98%) used,   633.70 KB (  1%) free+waste,   151.38 KB ( <1%) overhead. 
      Class:      6.97 MB capacity,     6.48 MB ( 93%) used,   433.53 KB (  6%) free+waste,    72.81 KB (  1%) overhead. 
       Both:     51.31 MB capacity,    50.04 MB ( 98%) used,     1.04 MB (  2%) free+waste,   224.19 KB ( <1%) overhead. 

Virtual space:
  Non-class space:       46.00 MB reserved,      44.42 MB ( 97%) committed 
      Class space:        1.00 GB reserved,       7.00 MB ( <1%) committed 
             Both:        1.04 GB reserved,      51.42 MB (  5%) committed 

Chunk freelists:
   Non-Class:  3.38 KB
       Class:  0 bytes
        Both:  3.38 KB

CodeHeap 'non-profiled nmethods': size=238912Kb used=6734Kb max_used=6734Kb free=232177Kb
 bounds [0x00000213dcc70000, 0x00000213dd310000, 0x00000213eb5c0000]
CodeHeap 'non-nmethods': size=6848Kb used=1209Kb max_used=1209Kb free=5638Kb
 bounds [0x00000213dc5c0000, 0x00000213dc830000, 0x00000213dcc70000]
 total_blobs=4714 nmethods=4109 adapters=494
 compilation: enabled
              stopped_count=0, restarted_count=0
 full_count=0

Compilation events (10 events):
Event: 4.231 Thread 0x00000213f260b000 nmethod 4125 0x00000213dd301710 code [0x00000213dd3018c0, 0x00000213dd301a18]
Event: 4.232 Thread 0x00000213f260b000 4126       1       org.springframework.util.ConcurrentReferenceHashMap::<init> (176 bytes)
Event: 4.233 Thread 0x00000213f260b000 nmethod 4126 0x00000213dd301a90 code [0x00000213dd301ce0, 0x00000213dd302560]
Event: 4.233 Thread 0x00000213f260b000 4127       1       org.springframework.util.ConcurrentReferenceHashMap::calculateShift (26 bytes)
Event: 4.233 Thread 0x00000213f260b000 nmethod 4127 0x00000213dd302990 code [0x00000213dd302b40, 0x00000213dd302c78]
Event: 4.238 Thread 0x00000213f260b000 4128       1       java.lang.reflect.Method::acquireMethodAccessor (44 bytes)
Event: 4.239 Thread 0x00000213f260b000 nmethod 4128 0x00000213dd302d10 code [0x00000213dd302ee0, 0x00000213dd303200]
Event: 4.239 Thread 0x00000213f260b000 4133   !   1       com.sun.proxy.$Proxy13::attribute (29 bytes)
Event: 4.239 Thread 0x00000213f260b000 nmethod 4133 0x00000213dd303390 code [0x00000213dd303560, 0x00000213dd3037a0]
Event: 4.239 Thread 0x00000213f260b000 4129       1       jdk.internal.reflect.ReflectionFactory::newMethodAccessor (119 bytes)

GC Heap History (10 events):
Event: 1.005 GC heap after
{Heap after GC invocations=4 (full 0):
 garbage-first heap   total 131072K, used 8832K [0x0000000081c00000, 0x0000000100000000)
  region size 1024K, 3 young (3072K), 3 survivors (3072K)
 Metaspace       used 20735K, capacity 21180K, committed 21296K, reserved 1069056K
  class space    used 2448K, capacity 2627K, committed 2688K, reserved 1048576K
}
Event: 1.237 GC heap before
{Heap before GC invocations=5 (full 0):
 garbage-first heap   total 131072K, used 49792K [0x0000000081c00000, 0x0000000100000000)
  region size 1024K, 44 young (45056K), 3 survivors (3072K)
 Metaspace       used 22262K, capacity 22814K, committed 23088K, reserved 1069056K
  class space    used 2663K, capacity 2876K, committed 2944K, reserved 1048576K
}
Event: 1.242 GC heap after
{Heap after GC invocations=6 (full 0):
 garbage-first heap   total 157696K, used 9489K [0x0000000081c00000, 0x0000000100000000)
  region size 1024K, 4 young (4096K), 4 survivors (4096K)
 Metaspace       used 22262K, capacity 22814K, committed 23088K, reserved 1069056K
  class space    used 2663K, capacity 2876K, committed 2944K, reserved 1048576K
}
Event: 1.833 GC heap before
{Heap before GC invocations=6 (full 0):
 garbage-first heap   total 157696K, used 72977K [0x0000000081c00000, 0x0000000100000000)
  region size 1024K, 67 young (68608K), 4 survivors (4096K)
 Metaspace       used 25518K, capacity 26191K, committed 26416K, reserved 1073152K
  class space    used 3121K, capacity 3379K, committed 3456K, reserved 1048576K
}
Event: 1.840 GC heap after
{Heap after GC invocations=7 (full 0):
 garbage-first heap   total 157696K, used 11779K [0x0000000081c00000, 0x0000000100000000)
  region size 1024K, 6 young (6144K), 6 survivors (6144K)
 Metaspace       used 25518K, capacity 26191K, committed 26416K, reserved 1073152K
  class space    used 3121K, capacity 3379K, committed 3456K, reserved 1048576K
}
Event: 2.854 GC heap before
{Heap before GC invocations=7 (full 0):
 garbage-first heap   total 157696K, used 98819K [0x0000000081c00000, 0x0000000100000000)
  region size 1024K, 92 young (94208K), 6 survivors (6144K)
 Metaspace       used 32158K, capacity 33104K, committed 33200K, reserved 1079296K
  class space    used 3965K, capacity 4333K, committed 4352K, reserved 1048576K
}
Event: 2.872 GC heap after
{Heap after GC invocations=8 (full 0):
 garbage-first heap   total 157696K, used 15597K [0x0000000081c00000, 0x0000000100000000)
  region size 1024K, 10 young (10240K), 10 survivors (10240K)
 Metaspace       used 32158K, capacity 33104K, committed 33200K, reserved 1079296K
  class space    used 3965K, capacity 4333K, committed 4352K, reserved 1048576K
}
Event: 3.193 GC heap before
{Heap before GC invocations=8 (full 0):
 garbage-first heap   total 157696K, used 42221K [0x0000000081c00000, 0x0000000100000000)
  region size 1024K, 37 young (37888K), 10 survivors (10240K)
 Metaspace       used 34818K, capacity 35757K, committed 35888K, reserved 1081344K
  class space    used 4245K, capacity 4622K, committed 4736K, reserved 1048576K
}
Event: 3.210 GC heap after
{Heap after GC invocations=9 (full 0):
 garbage-first heap   total 157696K, used 18198K [0x0000000081c00000, 0x0000000100000000)
  region size 1024K, 9 young (9216K), 9 survivors (9216K)
 Metaspace       used 34818K, capacity 35757K, committed 35888K, reserved 1081344K
  class space    used 4245K, capacity 4622K, committed 4736K, reserved 1048576K
}
Event: 4.242 GC heap before
{Heap before GC invocations=10 (full 0):
 garbage-first heap   total 157696K, used 103190K [0x0000000081c00000, 0x0000000100000000)
  region size 1024K, 92 young (94208K), 9 survivors (9216K)
 Metaspace       used 51245K, capacity 52537K, committed 52656K, reserved 1095680K
  class space    used 6633K, capacity 7140K, committed 7168K, reserved 1048576K
}

Deoptimization events (0 events):
No events

Classes redefined (0 events):
No events

Internal exceptions (10 events):
Event: 4.100 Thread 0x00000213d4243800 Exception <a 'java/lang/ClassNotFoundException'{0x00000000864d9508}: org/springframework/beans/factory/AwareCustomizer> (0x00000000864d9508) thrown at [t:/workspace/open/src/hotspot/share/classfile/systemDictionary.cpp, line 231]
Event: 4.100 Thread 0x00000213d4243800 Exception <a 'java/lang/ClassNotFoundException'{0x00000000864e6d20}: org/springframework/beans/factory/InitializingBeanCustomizer> (0x00000000864e6d20) thrown at [t:/workspace/open/src/hotspot/share/classfile/systemDictionary.cpp, line 231]
Event: 4.100 Thread 0x00000213d4243800 Exception <a 'java/lang/ClassNotFoundException'{0x00000000864f47d8}: org/springframework/beans/factory/DisposableBeanCustomizer> (0x00000000864f47d8) thrown at [t:/workspace/open/src/hotspot/share/classfile/systemDictionary.cpp, line 231]
Event: 4.122 Thread 0x00000213d4243800 Exception <a 'java/lang/NoSuchMethodError'{0x00000000862956d0}: java.lang.invoke.DirectMethodHandle$Holder.invokeSpecialIFC(Ljava/lang/Object;Ljava/lang/Object;Ljava/lang/Object;)Ljava/lang/Object;> (0x00000000862956d0) thrown at [t:/workspace/open/src/ho
Event: 4.142 Thread 0x00000213d4243800 Exception <a 'java/lang/NoSuchMethodError'{0x000000008616ac08}: java.lang.invoke.DirectMethodHandle$Holder.invokeInterface(Ljava/lang/Object;Ljava/lang/Object;Ljava/lang/Object;)Ljava/lang/Object;> (0x000000008616ac08) thrown at [t:/workspace/open/src/hot
Event: 4.177 Thread 0x00000213d4243800 Exception <a 'java/lang/ClassNotFoundException'{0x0000000085e4acd8}: java/lang/ObjectCustomizer> (0x0000000085e4acd8) thrown at [t:/workspace/open/src/hotspot/share/classfile/systemDictionary.cpp, line 231]
Event: 4.178 Thread 0x00000213d4243800 Exception <a 'java/lang/ClassNotFoundException'{0x0000000085e5a930}: com/webcontroller/webcontroller/model/userCustomizer> (0x0000000085e5a930) thrown at [t:/workspace/open/src/hotspot/share/classfile/systemDictionary.cpp, line 231]
Event: 4.208 Thread 0x00000213d4243800 Exception <a 'java/lang/IncompatibleClassChangeError'{0x0000000085c68540}: Found class java.lang.Object, but interface was expected> (0x0000000085c68540) thrown at [t:/workspace/open/src/hotspot/share/interpreter/linkResolver.cpp, line 838]
Event: 4.240 Thread 0x00000213d4243800 Exception <a 'java/lang/ClassNotFoundException'{0x0000000085aed0c8}: java/lang/ObjectCustomizer> (0x0000000085aed0c8) thrown at [t:/workspace/open/src/hotspot/share/classfile/systemDictionary.cpp, line 231]
Event: 4.241 Thread 0x00000213d4243800 Exception <a 'java/lang/ClassNotFoundException'{0x0000000085afd5c0}: com/webcontroller/webcontroller/model/DemoloaderCustomizer> (0x0000000085afd5c0) thrown at [t:/workspace/open/src/hotspot/share/classfile/systemDictionary.cpp, line 231]

Events (10 events):
Event: 4.240 loading class java/lang/ObjectCustomizer done
Event: 4.240 loading class java/lang/ObjectCustomizer
Event: 4.240 loading class java/lang/ObjectCustomizer done
Event: 4.240 loading class com/webcontroller/webcontroller/model/DemoloaderCustomizer
Event: 4.240 loading class com/webcontroller/webcontroller/model/DemoloaderCustomizer done
Event: 4.241 loading class com/webcontroller/webcontroller/model/DemoloaderCustomizer
Event: 4.241 loading class com/webcontroller/webcontroller/model/DemoloaderCustomizer done
Event: 4.241 loading class com/webcontroller/webcontroller/model/DemoloaderCustomizer
Event: 4.241 loading class com/webcontroller/webcontroller/model/DemoloaderCustomizer done
Event: 4.241 Executing VM operation: G1CollectForAllocation


Dynamic libraries:
0x00007ff779510000 - 0x00007ff779557000 	C:\Program Files\Java\jdk-11.0.6\bin\java.exe
0x00007ffa625a0000 - 0x00007ffa62790000 	C:\WINDOWS\SYSTEM32\ntdll.dll
0x00007ffa61230000 - 0x00007ffa612e2000 	C:\WINDOWS\System32\KERNEL32.DLL
0x00007ffa5fc00000 - 0x00007ffa5fea3000 	C:\WINDOWS\System32\KERNELBASE.dll
0x00007ffa60840000 - 0x00007ffa608e3000 	C:\WINDOWS\System32\ADVAPI32.dll
0x00007ffa61ae0000 - 0x00007ffa61b7e000 	C:\WINDOWS\System32\msvcrt.dll
0x00007ffa60fe0000 - 0x00007ffa61077000 	C:\WINDOWS\System32\sechost.dll
0x00007ffa62440000 - 0x00007ffa62560000 	C:\WINDOWS\System32\RPCRT4.dll
0x00007ffa61d80000 - 0x00007ffa61f14000 	C:\WINDOWS\System32\USER32.dll
0x00007ffa5fed0000 - 0x00007ffa5fef1000 	C:\WINDOWS\System32\win32u.dll
0x00007ffa61a50000 - 0x00007ffa61a76000 	C:\WINDOWS\System32\GDI32.dll
0x00007ffa5f610000 - 0x00007ffa5f7a4000 	C:\WINDOWS\System32\gdi32full.dll
0x00007ffa5f7b0000 - 0x00007ffa5f84e000 	C:\WINDOWS\System32\msvcp_win.dll
0x00007ffa5f8a0000 - 0x00007ffa5f99a000 	C:\WINDOWS\System32\ucrtbase.dll
0x00007ffa4f4f0000 - 0x00007ffa4f775000 	C:\WINDOWS\WinSxS\amd64_microsoft.windows.common-controls_6595b64144ccf1df_6.0.18362.720_none_e6beb5c51314836b\COMCTL32.dll
0x00007ffa54400000 - 0x00007ffa5440a000 	C:\WINDOWS\SYSTEM32\VERSION.dll
0x00007ffa613c0000 - 0x00007ffa616f6000 	C:\WINDOWS\System32\combase.dll
0x00007ffa5ff30000 - 0x00007ffa5ffb0000 	C:\WINDOWS\System32\bcryptPrimitives.dll
0x00007ffa61700000 - 0x00007ffa6172e000 	C:\WINDOWS\System32\IMM32.DLL
0x00007ffa4a510000 - 0x00007ffa4a526000 	C:\Program Files\Java\jdk-11.0.6\bin\vcruntime140.dll
0x00007ffa378f0000 - 0x00007ffa3799a000 	C:\Program Files\Java\jdk-11.0.6\bin\msvcp140.dll
0x00007ffa0d8f0000 - 0x00007ffa0e419000 	C:\Program Files\Java\jdk-11.0.6\bin\server\jvm.dll
0x00007ffa61b80000 - 0x00007ffa61b88000 	C:\WINDOWS\System32\PSAPI.DLL
0x00007ffa5ccc0000 - 0x00007ffa5cce4000 	C:\WINDOWS\SYSTEM32\WINMM.dll
0x00007ffa4a4a0000 - 0x00007ffa4a4a9000 	C:\WINDOWS\SYSTEM32\WSOCK32.dll
0x00007ffa60740000 - 0x00007ffa607af000 	C:\WINDOWS\System32\ws2_32.DLL
0x00007ffa5c9a0000 - 0x00007ffa5c9cd000 	C:\WINDOWS\SYSTEM32\WINMMBASE.dll
0x00007ffa5f850000 - 0x00007ffa5f89a000 	C:\WINDOWS\System32\cfgmgr32.dll
0x00007ffa5f550000 - 0x00007ffa5f561000 	C:\WINDOWS\System32\kernel.appcore.dll
0x00007ffa3fc40000 - 0x00007ffa3fc51000 	C:\Program Files\Java\jdk-11.0.6\bin\verify.dll
0x00007ffa5dcd0000 - 0x00007ffa5dec4000 	C:\WINDOWS\SYSTEM32\DBGHELP.DLL
0x00007ffa4b700000 - 0x00007ffa4b72a000 	C:\WINDOWS\SYSTEM32\dbgcore.DLL
0x00007ffa3f890000 - 0x00007ffa3f8b9000 	C:\Program Files\Java\jdk-11.0.6\bin\java.dll
0x00007ffa3fc20000 - 0x00007ffa3fc36000 	C:\Program Files\Java\jdk-11.0.6\bin\zip.dll
0x00007ffa591c0000 - 0x00007ffa591ca000 	C:\Program Files\Java\jdk-11.0.6\bin\jimage.dll
0x00007ffa608f0000 - 0x00007ffa60fd5000 	C:\WINDOWS\System32\SHELL32.dll
0x00007ffa61860000 - 0x00007ffa61909000 	C:\WINDOWS\System32\shcore.dll
0x00007ffa5ffb0000 - 0x00007ffa60730000 	C:\WINDOWS\System32\windows.storage.dll
0x00007ffa5f5e0000 - 0x00007ffa5f603000 	C:\WINDOWS\System32\profapi.dll
0x00007ffa5f590000 - 0x00007ffa5f5da000 	C:\WINDOWS\System32\powrprof.dll
0x00007ffa5f540000 - 0x00007ffa5f550000 	C:\WINDOWS\System32\UMPDC.dll
0x00007ffa61800000 - 0x00007ffa61852000 	C:\WINDOWS\System32\shlwapi.dll
0x00007ffa5feb0000 - 0x00007ffa5fec7000 	C:\WINDOWS\System32\cryptsp.dll
0x00007ffa3f4e0000 - 0x00007ffa3f4f9000 	C:\Program Files\Java\jdk-11.0.6\bin\net.dll
0x00007ffa52630000 - 0x00007ffa52721000 	C:\WINDOWS\SYSTEM32\WINHTTP.dll
0x00007ffa5edb0000 - 0x00007ffa5ee17000 	C:\WINDOWS\system32\mswsock.dll
0x00007ffa3f4c0000 - 0x00007ffa3f4d3000 	C:\Program Files\Java\jdk-11.0.6\bin\nio.dll
0x00007ffa47730000 - 0x00007ffa47739000 	C:\Program Files\Java\jdk-11.0.6\bin\management.dll
0x00007ffa45ea0000 - 0x00007ffa45eac000 	C:\Program Files\Java\jdk-11.0.6\bin\management_ext.dll
0x00007ffa44d80000 - 0x00007ffa44d96000 	C:\WINDOWS\system32\napinsp.dll
0x00007ffa44d20000 - 0x00007ffa44d3a000 	C:\WINDOWS\system32\pnrpnsp.dll
0x00007ffa5eb00000 - 0x00007ffa5ebca000 	C:\WINDOWS\SYSTEM32\DNSAPI.dll
0x00007ffa607b0000 - 0x00007ffa607b8000 	C:\WINDOWS\System32\NSI.dll
0x00007ffa5eac0000 - 0x00007ffa5eafa000 	C:\WINDOWS\SYSTEM32\IPHLPAPI.DLL
0x00007ffa44d10000 - 0x00007ffa44d1e000 	C:\WINDOWS\System32\winrnr.dll
0x00007ffa5b2b0000 - 0x00007ffa5b2cc000 	C:\WINDOWS\system32\NLAapi.dll
0x00007ffa44cf0000 - 0x00007ffa44d05000 	C:\WINDOWS\system32\wshbth.dll
0x00007ffa50050000 - 0x00007ffa5005a000 	C:\Windows\System32\rasadhlp.dll
0x00007ffa537d0000 - 0x00007ffa53847000 	C:\WINDOWS\System32\fwpuclnt.dll
0x00007ffa5ff00000 - 0x00007ffa5ff26000 	C:\WINDOWS\System32\bcrypt.dll
0x00007ffa5e920000 - 0x00007ffa5e953000 	C:\WINDOWS\system32\rsaenh.dll
0x00007ffa5f430000 - 0x00007ffa5f455000 	C:\WINDOWS\SYSTEM32\USERENV.dll
0x00007ffa5ef80000 - 0x00007ffa5ef8c000 	C:\WINDOWS\SYSTEM32\CRYPTBASE.dll
0x00007ffa538b0000 - 0x00007ffa538c6000 	C:\WINDOWS\SYSTEM32\dhcpcsvc6.DLL
0x00007ffa53980000 - 0x00007ffa5399c000 	C:\WINDOWS\SYSTEM32\dhcpcsvc.DLL

dbghelp: loaded successfully - version: 4.0.5 - missing functions: none
symbol engine: initialized successfully - sym options: 0x614 - pdb path: .;C:\Program Files\Java\jdk-11.0.6\bin;C:\WINDOWS\SYSTEM32;C:\WINDOWS\WinSxS\amd64_microsoft.windows.common-controls_6595b64144ccf1df_6.0.18362.720_none_e6beb5c51314836b;C:\Program Files\Java\jdk-11.0.6\bin\server

VM Arguments:
jvm_args: -Xverify:none -XX:TieredStopAtLevel=1 
java_command: com.webcontroller.webcontroller.model.ReactandSpringDataRestApplication
java_class_path (initial): C:\Users\Dhanushguntha\Desktop\webcontroller\webcontroller\target\classes;C:\Users\Dhanushguntha\.m2\repository\org\springframework\boot\spring-boot-starter-data-jpa\2.2.5.RELEASE\spring-boot-starter-data-jpa-2.2.5.RELEASE.jar;C:\Users\Dhanushguntha\.m2\repository\org\springframework\boot\spring-boot-starter-aop\2.2.5.RELEASE\spring-boot-starter-aop-2.2.5.RELEASE.jar;C:\Users\Dhanushguntha\.m2\repository\org\springframework\spring-aop\5.2.4.RELEASE\spring-aop-5.2.4.RELEASE.jar;C:\Users\Dhanushguntha\.m2\repository\org\aspectj\aspectjweaver\1.9.5\aspectjweaver-1.9.5.jar;C:\Users\Dhanushguntha\.m2\repository\org\springframework\boot\spring-boot-starter-jdbc\2.2.5.RELEASE\spring-boot-starter-jdbc-2.2.5.RELEASE.jar;C:\Users\Dhanushguntha\.m2\repository\com\zaxxer\HikariCP\3.4.2\HikariCP-3.4.2.jar;C:\Users\Dhanushguntha\.m2\repository\org\springframework\spring-jdbc\5.2.4.RELEASE\spring-jdbc-5.2.4.RELEASE.jar;C:\Users\Dhanushguntha\.m2\repository\jakarta\activation\jakarta.activation-api\1.2.2\jakarta.activation-api-1.2.2.jar;C:\Users\Dhanushguntha\.m2\repository\jakarta\persistence\jakarta.persistence-api\2.2.3\jakarta.persistence-api-2.2.3.jar;C:\Users\Dhanushguntha\.m2\repository\jakarta\transaction\jakarta.transaction-api\1.3.3\jakarta.transaction-api-1.3.3.jar;C:\Users\Dhanushguntha\.m2\repository\org\hibernate\hibernate-core\5.4.12.Final\hibernate-core-5.4.12.Final.jar;C:\Users\Dhanushguntha\.m2\repository\org\jboss\logging\jboss-logging\3.4.1.Final\jboss-logging-3.4.1.Final.jar;C:\Users\Dhanushguntha\.m2\repository\org\javassist\javassist\3.24.0-GA\javassist-3.24.0-GA.jar;C:\Users\Dhanushguntha\.m2\repository\net\bytebuddy\byte-buddy\1.10.8\byte-buddy-1.10.8.jar;C:\Users\Dhanushguntha\.m2\repository\antlr\antlr\2.7.7\antlr-2.7.7.jar;C:\Users\Dhanushguntha\.m2\repository\org\jboss\jandex\2.1.1.Final\jandex-2.1.1.Final.jar;C:\Users\Dhanushguntha\.m2\repository\com\fasterxml\classmate\1.5.1\classmate-1.5.1.jar;C:\Users\Dhanushguntha\.m2\r
Launcher Type: SUN_STANDARD

[Global flags]
     bool BytecodeVerificationLocal                = false                                     {product} {command line}
     bool BytecodeVerificationRemote               = false                                     {product} {command line}
     intx CICompilerCount                          = 3                                         {product} {ergonomic}
     uint ConcGCThreads                            = 1                                         {product} {ergonomic}
     uint G1ConcRefinementThreads                  = 4                                         {product} {ergonomic}
   size_t G1HeapRegionSize                         = 1048576                                   {product} {ergonomic}
    uintx GCDrainStackTargetSize                   = 64                                        {product} {ergonomic}
   size_t InitialHeapSize                          = 134217728                                 {product} {ergonomic}
   size_t MarkStackSize                            = 4194304                                   {product} {ergonomic}
   size_t MaxHeapSize                              = 2118123520                                {product} {ergonomic}
   size_t MaxNewSize                               = 1270874112                                {product} {ergonomic}
   size_t MinHeapDeltaBytes                        = 1048576                                   {product} {ergonomic}
    uintx NonNMethodCodeHeapSize                   = 6973028                                {pd product} {ergonomic}
    uintx NonProfiledCodeHeapSize                  = 244685212                              {pd product} {ergonomic}
    uintx ProfiledCodeHeapSize                     = 0                                      {pd product} {ergonomic}
    uintx ReservedCodeCacheSize                    = 251658240                              {pd product} {ergonomic}
     bool SegmentedCodeCache                       = true                                      {product} {ergonomic}
     intx TieredStopAtLevel                        = 1                                         {product} {command line}
     bool UseCompressedClassPointers               = true                                 {lp64_product} {ergonomic}
     bool UseCompressedOops                        = true                                 {lp64_product} {ergonomic}
     bool UseG1GC                                  = true                                      {product} {ergonomic}
     bool UseLargePagesIndividualAllocation        = false                                  {pd product} {ergonomic}

Logging:
Log output configuration:
 #0: stdout all=warning uptime,level,tags
 #1: stderr all=off uptime,level,tags

Environment Variables:
JAVA_HOME=C:\Program Files\Java\jdk-11.0.6
PATH=C:\Python27\;C:\Python27\Scripts;C:\Program Files (x86)\Intel\iCLS Client\;C:\Program Files\Intel\iCLS Client\;C:\windows\system32;C:\windows;C:\windows\System32\Wbem;C:\windows\System32\WindowsPowerShell\v1.0\;C:\Program Files (x86)\Intel\Intel(R) Management Engine Components\DAL;C:\Program Files\Intel\Intel(R) Management Engine Components\DAL;C:\Program Files (x86)\Intel\Intel(R) Management Engine Components\IPT;C:\Program Files\Intel\Intel(R) Management Engine Components\IPT;C:\Program Files (x86)\NVIDIA Corporation\PhysX\Common;C:\WINDOWS\system32;C:\WINDOWS;C:\WINDOWS\System32\Wbem;C:\WINDOWS\System32\WindowsPowerShell\v1.0\;C:\WINDOWS\System32\OpenSSH\;C:\Users\Dhanushguntha\AppData\Local\Programs\Python\Python37;C:\Program Files\Intel\WiFi\bin\;C:\Program Files\Common Files\Intel\WirelessCommon\;C:\Program Files\Git\cmd;C:\Program Files (x86)\Yarn\bin\;C:\Program Files\NVIDIA Corporation\NVIDIA NvDLISR;C:\Program Files\nodejs;C:\ProgramData\chocolatey\bin;C:\Program Files\nodejs\;C:\opt\apache-maven-3.6.3\bin;C:\Program Files\Java\jdk-11.0.6\bin;C:\Users\Dhanushguntha\Anaconda3\Scripts;C:\Users\Dhanushguntha\Anaconda3\Scripts;C:\Users\Dhanushguntha\AppData\Local\Programs\Microsoft VS Code\bin;C:\Users\Dhanushguntha\AppData\Roaming\npm;
USERNAME=Dhanushguntha
OS=Windows_NT
PROCESSOR_IDENTIFIER=Intel64 Family 6 Model 142 Stepping 9, GenuineIntel



---------------  S Y S T E M  ---------------

OS: Windows 10 , 64 bit Build 18362 (10.0.18362.329)

CPU:total 4 (initial active 4) (2 cores per cpu, 2 threads per core) family 6 model 142 stepping 9, cmov, cx8, fxsr, mmx, sse, sse2, sse3, ssse3, sse4.1, sse4.2, popcnt, avx, avx2, aes, clmul, erms, 3dnowpref, lzcnt, ht, tsc, tscinvbit, bmi1, bmi2, adx, fma

Memory: 4k page, system-wide physical 8077M (781M free)
TotalPageFile size 8077M (AvailPageFile size 27M)
current process WorkingSet (physical memory assigned to process): 222M, peak: 222M
current process commit charge ("private bytes"): 298M, peak: 349M

vm_info: Java HotSpot(TM) 64-Bit Server VM (11.0.6+8-LTS) for windows-amd64 JRE (11.0.6+8-LTS), built on Dec 11 2019 09:17:57 by "mach5one" with MS VC++ 15.5 (VS2017)

END.
