#
# There is insufficient memory for the Java Runtime Environment to continue.
# Native memory allocation (mmap) failed to map 134217728 bytes for Failed to commit area from 0x0000000081c00000 to 0x0000000089c00000 of length 134217728.
# Possible reasons:
#   The system is out of physical RAM or swap space
#   The process is running with CompressedOops enabled, and the Java Heap may be blocking the growth of the native heap
# Possible solutions:
#   Reduce memory load on the system
#   Increase physical memory or swap space
#   Check if swap backing store is full
#   Decrease Java heap size (-Xmx/-Xms)
#   Decrease number of Java threads
#   Decrease Java thread stack sizes (-Xss)
#   Set larger code cache with -XX:ReservedCodeCacheSize=
# This output file may be truncated or incomplete.
#
#  Out of Memory Error (t:/workspace/open/src/hotspot/os/windows/os_windows.cpp:3271), pid=11316, tid=10612
#
# JRE version:  (11.0.6+8) (build )
# Java VM: Java HotSpot(TM) 64-Bit Server VM (11.0.6+8-LTS, mixed mode, sharing, tiered, compressed oops, g1 gc, windows-amd64)
# No core dump will be written. Minidumps are not enabled by default on client versions of Windows
#

---------------  S U M M A R Y ------------

Command Line: -Xverify:none -XX:TieredStopAtLevel=1 com.webcontroller.webcontroller.model.ReactandSpringDataRestApplication

Host: Intel(R) Core(TM) i5-7200U CPU @ 2.50GHz, 4 cores, 7G,  Windows 10 , 64 bit Build 18362 (10.0.18362.778)
Time: Fri Apr 24 09:38:44 2020 India Standard Time elapsed time: 0 seconds (0d 0h 0m 0s)

---------------  T H R E A D  ---------------

Current thread (0x00000205986c4000):  JavaThread "Unknown thread" [_thread_in_vm, id=10612, stack(0x00000045d2e00000,0x00000045d2f00000)]

Stack: [0x00000045d2e00000,0x00000045d2f00000]
Native frames: (J=compiled Java code, j=interpreted, Vv=VM code, C=native code)
V  [jvm.dll+0x63679a]
V  [jvm.dll+0x7755bf]
V  [jvm.dll+0x776c65]
V  [jvm.dll+0x7772d3]
V  [jvm.dll+0x25e7f8]
V  [jvm.dll+0x633c4a]
V  [jvm.dll+0x628625]
V  [jvm.dll+0x314a7c]
V  [jvm.dll+0x314902]
V  [jvm.dll+0x31a176]
V  [jvm.dll+0x36650f]
V  [jvm.dll+0x365f30]
V  [jvm.dll+0x2f1a78]
V  [jvm.dll+0x2f2bf6]
V  [jvm.dll+0x74e707]
V  [jvm.dll+0x74fe7f]
V  [jvm.dll+0x373349]
V  [jvm.dll+0x734e5e]
V  [jvm.dll+0x3e2b5d]
V  [jvm.dll+0x3e4ef1]
C  [java.exe+0x3607]
C  [java.exe+0x178dc]
C  [KERNEL32.DLL+0x17bd4]
C  [ntdll.dll+0x6ce51]


---------------  P R O C E S S  ---------------

Threads class SMR info:
_java_thread_list=0x00000205985c2910, length=0, elements={
}

Java Threads: ( => current thread )

Other Threads:
  0x00000205986db000 GCTaskThread "GC Thread#0" [stack: 0x00000045d2f00000,0x00000045d3000000] [id=11988]
  0x000002059870b000 ConcurrentGCThread "G1 Main Marker" [stack: 0x00000045d3000000,0x00000045d3100000] [id=10704]
  0x000002059870c000 ConcurrentGCThread "G1 Conc#0" [stack: 0x00000045d3100000,0x00000045d3200000] [id=8112]

[error occurred during error reporting (printing all threads), id 0xc0000005, EXCEPTION_ACCESS_VIOLATION (0xc0000005) at pc=0x00007ffcc4190207]

VM state:not at safepoint (not fully initialized)

VM Mutex/Monitor currently owned by a thread:  ([mutex/lock_event])
[0x00000205986c2140] Heap_lock - owner thread: 0x00000205986c4000

Heap address: 0x0000000081c00000, size: 2020 MB, Compressed Oops mode: Non-zero based: 0x0000000081c00000
Narrow klass base: 0x0000000000000000, Narrow klass shift: 0

GC Heap History (0 events):
No events

Deoptimization events (0 events):
No events

Classes redefined (0 events):
No events

Internal exceptions (0 events):
No events

Events (0 events):
No events


Dynamic libraries:
0x00007ff72e340000 - 0x00007ff72e387000 	C:\Program Files\Java\jdk-11.0.6\bin\java.exe
0x00007ffd14380000 - 0x00007ffd14570000 	C:\WINDOWS\SYSTEM32\ntdll.dll
0x00007ffd13470000 - 0x00007ffd13522000 	C:\WINDOWS\System32\KERNEL32.DLL
0x00007ffd113f0000 - 0x00007ffd11693000 	C:\WINDOWS\System32\KERNELBASE.dll
0x00007ffd13940000 - 0x00007ffd139e3000 	C:\WINDOWS\System32\ADVAPI32.dll
0x00007ffd13560000 - 0x00007ffd135fe000 	C:\WINDOWS\System32\msvcrt.dll
0x00007ffd12e90000 - 0x00007ffd12f27000 	C:\WINDOWS\System32\sechost.dll
0x00007ffd139f0000 - 0x00007ffd13b10000 	C:\WINDOWS\System32\RPCRT4.dll
0x00007ffd12fa0000 - 0x00007ffd13134000 	C:\WINDOWS\System32\USER32.dll
0x00007ffd122a0000 - 0x00007ffd122c1000 	C:\WINDOWS\System32\win32u.dll
0x00007ffd13d20000 - 0x00007ffd13d46000 	C:\WINDOWS\System32\GDI32.dll
0x00007ffd12370000 - 0x00007ffd12504000 	C:\WINDOWS\System32\gdi32full.dll
0x00007ffd11e20000 - 0x00007ffd11ebe000 	C:\WINDOWS\System32\msvcp_win.dll
0x00007ffd11f70000 - 0x00007ffd1206a000 	C:\WINDOWS\System32\ucrtbase.dll
0x00007ffd02b10000 - 0x00007ffd02d95000 	C:\WINDOWS\WinSxS\amd64_microsoft.windows.common-controls_6595b64144ccf1df_6.0.18362.778_none_e6c6b761130d4fb8\COMCTL32.dll
0x00007ffd13600000 - 0x00007ffd13936000 	C:\WINDOWS\System32\combase.dll
0x00007ffd122f0000 - 0x00007ffd12370000 	C:\WINDOWS\System32\bcryptPrimitives.dll
0x00007ffd09dc0000 - 0x00007ffd09dca000 	C:\WINDOWS\SYSTEM32\VERSION.dll
0x00007ffd13530000 - 0x00007ffd1355e000 	C:\WINDOWS\System32\IMM32.DLL
0x00007ffd04780000 - 0x00007ffd04796000 	C:\Program Files\Java\jdk-11.0.6\bin\vcruntime140.dll
0x00007ffcee9c0000 - 0x00007ffceea6a000 	C:\Program Files\Java\jdk-11.0.6\bin\msvcp140.dll
0x00007ffcc3e90000 - 0x00007ffcc49b9000 	C:\Program Files\Java\jdk-11.0.6\bin\server\jvm.dll
0x00007ffd12730000 - 0x00007ffd12738000 	C:\WINDOWS\System32\PSAPI.DLL
0x00007ffcfc090000 - 0x00007ffcfc099000 	C:\WINDOWS\SYSTEM32\WSOCK32.dll
0x00007ffd125e0000 - 0x00007ffd1264f000 	C:\WINDOWS\System32\WS2_32.dll
0x00007ffd0d2d0000 - 0x00007ffd0d2f4000 	C:\WINDOWS\SYSTEM32\WINMM.dll
0x00007ffd0d280000 - 0x00007ffd0d2ad000 	C:\WINDOWS\SYSTEM32\WINMMBASE.dll
0x00007ffd11ec0000 - 0x00007ffd11f0a000 	C:\WINDOWS\System32\cfgmgr32.dll
0x00007ffd11360000 - 0x00007ffd11371000 	C:\WINDOWS\System32\kernel.appcore.dll
0x00007ffd04760000 - 0x00007ffd04771000 	C:\Program Files\Java\jdk-11.0.6\bin\verify.dll
0x00007ffd0fc50000 - 0x00007ffd0fe44000 	C:\WINDOWS\SYSTEM32\DBGHELP.DLL
0x00007ffcfb1a0000 - 0x00007ffcfb1ca000 	C:\WINDOWS\SYSTEM32\dbgcore.DLL
0x00007ffd04730000 - 0x00007ffd04759000 	C:\Program Files\Java\jdk-11.0.6\bin\java.dll
0x00007ffcee970000 - 0x00007ffcee986000 	C:\Program Files\Java\jdk-11.0.6\bin\zip.dll
0x00007ffd0c310000 - 0x00007ffd0c31a000 	C:\Program Files\Java\jdk-11.0.6\bin\jimage.dll

dbghelp: loaded successfully - version: 4.0.5 - missing functions: none
symbol engine: initialized successfully - sym options: 0x614 - pdb path: .;C:\Program Files\Java\jdk-11.0.6\bin;C:\WINDOWS\SYSTEM32;C:\WINDOWS\WinSxS\amd64_microsoft.windows.common-controls_6595b64144ccf1df_6.0.18362.778_none_e6c6b761130d4fb8;C:\Program Files\Java\jdk-11.0.6\bin\server

VM Arguments:
jvm_args: -Xverify:none -XX:TieredStopAtLevel=1 
java_command: com.webcontroller.webcontroller.model.ReactandSpringDataRestApplication
java_class_path (initial): C:\Users\Dhanushguntha\Desktop\webcontroller\webcontroller\target\classes;C:\Users\Dhanushguntha\.m2\repository\org\springframework\boot\spring-boot-starter-data-jpa\2.2.5.RELEASE\spring-boot-starter-data-jpa-2.2.5.RELEASE.jar;C:\Users\Dhanushguntha\.m2\repository\org\springframework\boot\spring-boot-starter-aop\2.2.5.RELEASE\spring-boot-starter-aop-2.2.5.RELEASE.jar;C:\Users\Dhanushguntha\.m2\repository\org\springframework\spring-aop\5.2.4.RELEASE\spring-aop-5.2.4.RELEASE.jar;C:\Users\Dhanushguntha\.m2\repository\org\aspectj\aspectjweaver\1.9.5\aspectjweaver-1.9.5.jar;C:\Users\Dhanushguntha\.m2\repository\org\springframework\boot\spring-boot-starter-jdbc\2.2.5.RELEASE\spring-boot-starter-jdbc-2.2.5.RELEASE.jar;C:\Users\Dhanushguntha\.m2\repository\com\zaxxer\HikariCP\3.4.2\HikariCP-3.4.2.jar;C:\Users\Dhanushguntha\.m2\repository\org\springframework\spring-jdbc\5.2.4.RELEASE\spring-jdbc-5.2.4.RELEASE.jar;C:\Users\Dhanushguntha\.m2\repository\jakarta\activation\jakarta.activation-api\1.2.2\jakarta.activation-api-1.2.2.jar;C:\Users\Dhanushguntha\.m2\repository\jakarta\persistence\jakarta.persistence-api\2.2.3\jakarta.persistence-api-2.2.3.jar;C:\Users\Dhanushguntha\.m2\repository\jakarta\transaction\jakarta.transaction-api\1.3.3\jakarta.transaction-api-1.3.3.jar;C:\Users\Dhanushguntha\.m2\repository\org\hibernate\hibernate-core\5.4.12.Final\hibernate-core-5.4.12.Final.jar;C:\Users\Dhanushguntha\.m2\repository\org\jboss\logging\jboss-logging\3.4.1.Final\jboss-logging-3.4.1.Final.jar;C:\Users\Dhanushguntha\.m2\repository\org\javassist\javassist\3.24.0-GA\javassist-3.24.0-GA.jar;C:\Users\Dhanushguntha\.m2\repository\net\bytebuddy\byte-buddy\1.10.8\byte-buddy-1.10.8.jar;C:\Users\Dhanushguntha\.m2\repository\antlr\antlr\2.7.7\antlr-2.7.7.jar;C:\Users\Dhanushguntha\.m2\repository\org\jboss\jandex\2.1.1.Final\jandex-2.1.1.Final.jar;C:\Users\Dhanushguntha\.m2\repository\com\fasterxml\classmate\1.5.1\classmate-1.5.1.jar;C:\Users\Dhanushguntha\.m2\r
Launcher Type: SUN_STANDARD

[Global flags]
     bool BytecodeVerificationLocal                = false                                     {product} {command line}
     bool BytecodeVerificationRemote               = false                                     {product} {command line}
     intx CICompilerCount                          = 3                                         {product} {ergonomic}
     uint ConcGCThreads                            = 1                                         {product} {ergonomic}
     uint G1ConcRefinementThreads                  = 4                                         {product} {ergonomic}
   size_t G1HeapRegionSize                         = 1048576                                   {product} {ergonomic}
    uintx GCDrainStackTargetSize                   = 64                                        {product} {ergonomic}
   size_t InitialHeapSize                          = 134217728                                 {product} {ergonomic}
   size_t MarkStackSize                            = 4194304                                   {product} {ergonomic}
   size_t MaxHeapSize                              = 2118123520                                {product} {ergonomic}
   size_t MinHeapDeltaBytes                        = 1048576                                   {product} {ergonomic}
    uintx NonNMethodCodeHeapSize                   = 6973028                                {pd product} {ergonomic}
    uintx NonProfiledCodeHeapSize                  = 244685212                              {pd product} {ergonomic}
    uintx ProfiledCodeHeapSize                     = 0                                      {pd product} {ergonomic}
    uintx ReservedCodeCacheSize                    = 251658240                              {pd product} {ergonomic}
     bool SegmentedCodeCache                       = true                                      {product} {ergonomic}
     intx TieredStopAtLevel                        = 1                                         {product} {command line}
     bool UseCompressedClassPointers               = true                                 {lp64_product} {ergonomic}
     bool UseCompressedOops                        = true                                 {lp64_product} {ergonomic}
     bool UseG1GC                                  = true                                      {product} {ergonomic}
     bool UseLargePagesIndividualAllocation        = false                                  {pd product} {ergonomic}

Logging:
Log output configuration:
 #0: stdout all=warning uptime,level,tags
 #1: stderr all=off uptime,level,tags

Environment Variables:
JAVA_HOME=C:\Program Files\Java\jdk-11.0.6
PATH=C:\Program Files (x86)\Intel\iCLS Client\;C:\Program Files\Intel\iCLS Client\;C:\windows\system32;C:\windows;C:\windows\System32\Wbem;C:\windows\System32\WindowsPowerShell\v1.0\;C:\Program Files (x86)\Intel\Intel(R) Management Engine Components\DAL;C:\Program Files\Intel\Intel(R) Management Engine Components\DAL;C:\Program Files (x86)\Intel\Intel(R) Management Engine Components\IPT;C:\Program Files\Intel\Intel(R) Management Engine Components\IPT;C:\Program Files (x86)\NVIDIA Corporation\PhysX\Common;C:\WINDOWS\system32;C:\WINDOWS;C:\WINDOWS\System32\Wbem;C:\WINDOWS\System32\WindowsPowerShell\v1.0\;C:\WINDOWS\System32\OpenSSH\;C:\Program Files\Intel\WiFi\bin\;C:\Program Files\Common Files\Intel\WirelessCommon\;C:\Program Files\Git\cmd;C:\Program Files (x86)\Yarn\bin\;C:\Program Files\NVIDIA Corporation\NVIDIA NvDLISR;C:\Program Files\nodejs;C:\ProgramData\chocolatey\bin;C:\Program Files\nodejs\;C:\opt\apache-maven-3.6.3\bin;C:\Program Files\Java\jdk-11.0.6\bin;C:\Users\Dhanushguntha\AppData\Local\Programs\Python\Python38\Scripts\;C:\Users\Dhanushguntha\AppData\Local\Programs\Python\Python38\;C:\Users\Dhanushguntha\anaconda3;C:\Users\Dhanushguntha\anaconda3\Library\mingw-w64\bin;C:\Users\Dhanushguntha\anaconda3\Library\usr\bin;C:\Users\Dhanushguntha\anaconda3\Library\bin;C:\Users\Dhanushguntha\anaconda3\Scripts;C:\Users\Dhanushguntha\AppData\Local\Programs\Microsoft VS Code\bin;C:\Users\Dhanushguntha\AppData\Roaming\npm;
USERNAME=Dhanushguntha
OS=Windows_NT
PROCESSOR_IDENTIFIER=Intel64 Family 6 Model 142 Stepping 9, GenuineIntel



---------------  S Y S T E M  ---------------

OS: Windows 10 , 64 bit Build 18362 (10.0.18362.778)

CPU:total 4 (initial active 4) (2 cores per cpu, 2 threads per core) family 6 model 142 stepping 9, cmov, cx8, fxsr, mmx, sse, sse2, sse3, ssse3, sse4.1, sse4.2, popcnt, avx, avx2, aes, clmul, erms, 3dnowpref, lzcnt, ht, tsc, tscinvbit, bmi1, bmi2, adx, fma

Memory: 4k page, system-wide physical 8077M (1272M free)
TotalPageFile size 8077M (AvailPageFile size 118M)
current process WorkingSet (physical memory assigned to process): 9M, peak: 9M
current process commit charge ("private bytes"): 49M, peak: 177M

vm_info: Java HotSpot(TM) 64-Bit Server VM (11.0.6+8-LTS) for windows-amd64 JRE (11.0.6+8-LTS), built on Dec 11 2019 09:17:57 by "mach5one" with MS VC++ 15.5 (VS2017)

END.
