#
# There is insufficient memory for the Java Runtime Environment to continue.
# Native memory allocation (malloc) failed to allocate 2359056 bytes for Chunk::new
# Possible reasons:
#   The system is out of physical RAM or swap space
#   The process is running with CompressedOops enabled, and the Java Heap may be blocking the growth of the native heap
# Possible solutions:
#   Reduce memory load on the system
#   Increase physical memory or swap space
#   Check if swap backing store is full
#   Decrease Java heap size (-Xmx/-Xms)
#   Decrease number of Java threads
#   Decrease Java thread stack sizes (-Xss)
#   Set larger code cache with -XX:ReservedCodeCacheSize=
#   JVM is running with Unscaled Compressed Oops mode in which the Java heap is
#     placed in the first 4GB address space. The Java Heap base address is the
#     maximum limit for the native heap growth. Please use -XX:HeapBaseMinAddress
#     to set the Java Heap base and to place the Java Heap above 4GB virtual address.
# This output file may be truncated or incomplete.
#
#  Out of Memory Error (t:/workspace/open/src/hotspot/share/memory/arena.cpp:197), pid=1320, tid=10692
#
# JRE version: Java(TM) SE Runtime Environment (11.0.6+8) (build 11.0.6+8-LTS)
# Java VM: Java HotSpot(TM) 64-Bit Server VM (11.0.6+8-LTS, mixed mode, tiered, compressed oops, g1 gc, windows-amd64)
# No core dump will be written. Minidumps are not enabled by default on client versions of Windows
#

---------------  S U M M A R Y ------------

Command Line: -Dmaven.multiModuleProjectDirectory=C:\Users\Dhanushguntha\Desktop\webcontroller\webcontroller -Dmaven.home=C:\Program Files\JetBrains\IntelliJ IDEA Community Edition 2019.3.4\plugins\maven\lib\maven3 -Dclassworlds.conf=C:\Program Files\JetBrains\IntelliJ IDEA Community Edition 2019.3.4\plugins\maven\lib\maven3\bin\m2.conf -Dmaven.ext.class.path=C:\Program Files\JetBrains\IntelliJ IDEA Community Edition 2019.3.4\plugins\maven\lib\maven-event-listener.jar -javaagent:C:\Program Files\JetBrains\IntelliJ IDEA Community Edition 2019.3.4\lib\idea_rt.jar=54193:C:\Program Files\JetBrains\IntelliJ IDEA Community Edition 2019.3.4\bin -Dfile.encoding=UTF-8 org.codehaus.classworlds.Launcher -Didea.version2019.3.4 spring-boot:run

Host: Intel(R) Core(TM) i5-7200U CPU @ 2.50GHz, 4 cores, 7G,  Windows 10 , 64 bit Build 18362 (10.0.18362.329)
Time: Wed Apr  8 07:12:40 2020 India Standard Time elapsed time: 8 seconds (0d 0h 0m 8s)

---------------  T H R E A D  ---------------

Current thread (0x0000021e1a104000):  JavaThread "C2 CompilerThread1" daemon [_thread_in_native, id=10692, stack(0x0000006dc1c00000,0x0000006dc1d00000)]


Current CompileTask:
C2:   8862 2391       4       org.eclipse.sisu.plexus.RealmFilteredBeans$FilteredItr::hasNext (81 bytes)

Stack: [0x0000006dc1c00000,0x0000006dc1d00000]
Native frames: (J=compiled Java code, j=interpreted, Vv=VM code, C=native code)
V  [jvm.dll+0x63679a]
V  [jvm.dll+0x7755bf]
V  [jvm.dll+0x776c65]
V  [jvm.dll+0x7772d3]
V  [jvm.dll+0x25e7f8]
V  [jvm.dll+0xc1c01]
V  [jvm.dll+0xc219c]
V  [jvm.dll+0x36d977]
V  [jvm.dll+0x33a7b3]
V  [jvm.dll+0x339b8a]
V  [jvm.dll+0x218355]
V  [jvm.dll+0x2174fa]
V  [jvm.dll+0x193a2c]
V  [jvm.dll+0x226544]
V  [jvm.dll+0x224b28]
V  [jvm.dll+0x73a9c5]
V  [jvm.dll+0x733905]
V  [jvm.dll+0x635846]
C  [ucrtbase.dll+0x20e72]
C  [KERNEL32.DLL+0x17bd4]
C  [ntdll.dll+0x6ced1]


---------------  P R O C E S S  ---------------

Threads class SMR info:
_java_thread_list=0x0000021e1a084a10, length=12, elements={
0x0000021e7a9d9800, 0x0000021e7fac5000, 0x0000021e7fac5800, 0x0000021e7fc42800,
0x0000021e7fada000, 0x0000021e7fadd000, 0x0000021e7fae0800, 0x0000021e7fc86800,
0x0000021e7fa58800, 0x0000021e7ff93000, 0x0000021e7ff94000, 0x0000021e1a104000
}

Java Threads: ( => current thread )
  0x0000021e7a9d9800 JavaThread "main" [_thread_in_native, id=7064, stack(0x0000006dc0800000,0x0000006dc0900000)]
  0x0000021e7fac5000 JavaThread "Reference Handler" daemon [_thread_blocked, id=8356, stack(0x0000006dc0f00000,0x0000006dc1000000)]
  0x0000021e7fac5800 JavaThread "Finalizer" daemon [_thread_blocked, id=13600, stack(0x0000006dc1000000,0x0000006dc1100000)]
  0x0000021e7fc42800 JavaThread "Signal Dispatcher" daemon [_thread_blocked, id=15104, stack(0x0000006dc1100000,0x0000006dc1200000)]
  0x0000021e7fada000 JavaThread "Attach Listener" daemon [_thread_blocked, id=11972, stack(0x0000006dc1200000,0x0000006dc1300000)]
  0x0000021e7fadd000 JavaThread "C2 CompilerThread0" daemon [_thread_in_native, id=10500, stack(0x0000006dc1300000,0x0000006dc1400000)]
  0x0000021e7fae0800 JavaThread "C1 CompilerThread0" daemon [_thread_blocked, id=9844, stack(0x0000006dc1400000,0x0000006dc1500000)]
  0x0000021e7fc86800 JavaThread "Sweeper thread" daemon [_thread_blocked, id=11948, stack(0x0000006dc1500000,0x0000006dc1600000)]
  0x0000021e7fa58800 JavaThread "Common-Cleaner" daemon [_thread_blocked, id=14152, stack(0x0000006dc1600000,0x0000006dc1700000)]
  0x0000021e7ff93000 JavaThread "Monitor Ctrl-Break" daemon [_thread_in_native, id=12448, stack(0x0000006dc1700000,0x0000006dc1800000)]
  0x0000021e7ff94000 JavaThread "Service Thread" daemon [_thread_blocked, id=14940, stack(0x0000006dc1800000,0x0000006dc1900000)]
=>0x0000021e1a104000 JavaThread "C2 CompilerThread1" daemon [_thread_in_native, id=10692, stack(0x0000006dc1c00000,0x0000006dc1d00000)]

Other Threads:
  0x0000021e7fa9d000 VMThread "VM Thread" [stack: 0x0000006dc0e00000,0x0000006dc0f00000] [id=9428]
  0x0000021e7ff9a000 WatcherThread [stack: 0x0000006dc1900000,0x0000006dc1a00000] [id=12980]
  0x0000021e7a9ee800 GCTaskThread "GC Thread#0" [stack: 0x0000006dc0900000,0x0000006dc0a00000] [id=7432]
  0x0000021e1a025000 GCTaskThread "GC Thread#1" [stack: 0x0000006dc1a00000,0x0000006dc1b00000] [id=10476]
  0x0000021e1a01e800 GCTaskThread "GC Thread#2" [stack: 0x0000006dc1b00000,0x0000006dc1c00000] [id=1332]
  0x0000021e7aa1f800 ConcurrentGCThread "G1 Main Marker" [stack: 0x0000006dc0a00000,0x0000006dc0b00000] [id=12020]
  0x0000021e7aa20800 ConcurrentGCThread "G1 Conc#0" [stack: 0x0000006dc0b00000,0x0000006dc0c00000] [id=7392]
  0x0000021e7f910800 ConcurrentGCThread "G1 Refine#0" [stack: 0x0000006dc0c00000,0x0000006dc0d00000] [id=9908]
  0x0000021e7f911800 ConcurrentGCThread "G1 Young RemSet Sampling" [stack: 0x0000006dc0d00000,0x0000006dc0e00000] [id=7240]

Threads with active compile tasks:
C2 CompilerThread02393       4       org.eclipse.sisu.inject.LocatedBeans$Itr::hasNext (161 bytes)
C2 CompilerThread12391       4       org.eclipse.sisu.plexus.RealmFilteredBeans$FilteredItr::hasNext (81 bytes)

VM state:not at safepoint (normal execution)

VM Mutex/Monitor currently owned by a thread: None

Heap address: 0x0000000081c00000, size: 2020 MB, Compressed Oops mode: 32-bit
Narrow klass base: 0x0000000000000000, Narrow klass shift: 3
Compressed class space size: 1073741824 Address: 0x0000000100000000

Heap:
 garbage-first heap   total 131072K, used 37500K [0x0000000081c00000, 0x0000000100000000)
  region size 1024K, 35 young (35840K), 2 survivors (2048K)
 Metaspace       used 20841K, capacity 21116K, committed 21296K, reserved 1069056K
  class space    used 2233K, capacity 2359K, committed 2432K, reserved 1048576K
Heap Regions: E=young(eden), S=young(survivor), O=old, HS=humongous(starts), HC=humongous(continues), CS=collection set, F=free, A=archive, TAMS=top-at-mark-start (previous, next)
|   0|0x0000000081c00000, 0x0000000081d00000, 0x0000000081d00000|100%| O|  |TAMS 0x0000000081c00000, 0x0000000081c00000| Untracked 
|   1|0x0000000081d00000, 0x0000000081e00000, 0x0000000081e00000|100%| O|  |TAMS 0x0000000081d00000, 0x0000000081d00000| Untracked 
|   2|0x0000000081e00000, 0x0000000081f00000, 0x0000000081f00000|100%| O|  |TAMS 0x0000000081e00000, 0x0000000081e00000| Untracked 
|   3|0x0000000081f00000, 0x0000000081f64e00, 0x0000000082000000| 39%| O|  |TAMS 0x0000000081f00000, 0x0000000081f00000| Untracked 
|   4|0x0000000082000000, 0x0000000082000000, 0x0000000082100000|  0%| F|  |TAMS 0x0000000082000000, 0x0000000082000000| Untracked 
|   5|0x0000000082100000, 0x0000000082100000, 0x0000000082200000|  0%| F|  |TAMS 0x0000000082100000, 0x0000000082100000| Untracked 
|   6|0x0000000082200000, 0x0000000082200000, 0x0000000082300000|  0%| F|  |TAMS 0x0000000082200000, 0x0000000082200000| Untracked 
|   7|0x0000000082300000, 0x0000000082300000, 0x0000000082400000|  0%| F|  |TAMS 0x0000000082300000, 0x0000000082300000| Untracked 
|   8|0x0000000082400000, 0x0000000082400000, 0x0000000082500000|  0%| F|  |TAMS 0x0000000082400000, 0x0000000082400000| Untracked 
|   9|0x0000000082500000, 0x0000000082500000, 0x0000000082600000|  0%| F|  |TAMS 0x0000000082500000, 0x0000000082500000| Untracked 
|  10|0x0000000082600000, 0x0000000082600000, 0x0000000082700000|  0%| F|  |TAMS 0x0000000082600000, 0x0000000082600000| Untracked 
|  11|0x0000000082700000, 0x0000000082700000, 0x0000000082800000|  0%| F|  |TAMS 0x0000000082700000, 0x0000000082700000| Untracked 
|  12|0x0000000082800000, 0x0000000082800000, 0x0000000082900000|  0%| F|  |TAMS 0x0000000082800000, 0x0000000082800000| Untracked 
|  13|0x0000000082900000, 0x0000000082900000, 0x0000000082a00000|  0%| F|  |TAMS 0x0000000082900000, 0x0000000082900000| Untracked 
|  14|0x0000000082a00000, 0x0000000082a00000, 0x0000000082b00000|  0%| F|  |TAMS 0x0000000082a00000, 0x0000000082a00000| Untracked 
|  15|0x0000000082b00000, 0x0000000082b00000, 0x0000000082c00000|  0%| F|  |TAMS 0x0000000082b00000, 0x0000000082b00000| Untracked 
|  16|0x0000000082c00000, 0x0000000082c00000, 0x0000000082d00000|  0%| F|  |TAMS 0x0000000082c00000, 0x0000000082c00000| Untracked 
|  17|0x0000000082d00000, 0x0000000082d00000, 0x0000000082e00000|  0%| F|  |TAMS 0x0000000082d00000, 0x0000000082d00000| Untracked 
|  18|0x0000000082e00000, 0x0000000082e00000, 0x0000000082f00000|  0%| F|  |TAMS 0x0000000082e00000, 0x0000000082e00000| Untracked 
|  19|0x0000000082f00000, 0x0000000082f00000, 0x0000000083000000|  0%| F|  |TAMS 0x0000000082f00000, 0x0000000082f00000| Untracked 
|  20|0x0000000083000000, 0x0000000083000000, 0x0000000083100000|  0%| F|  |TAMS 0x0000000083000000, 0x0000000083000000| Untracked 
|  21|0x0000000083100000, 0x0000000083100000, 0x0000000083200000|  0%| F|  |TAMS 0x0000000083100000, 0x0000000083100000| Untracked 
|  22|0x0000000083200000, 0x0000000083200000, 0x0000000083300000|  0%| F|  |TAMS 0x0000000083200000, 0x0000000083200000| Untracked 
|  23|0x0000000083300000, 0x0000000083300000, 0x0000000083400000|  0%| F|  |TAMS 0x0000000083300000, 0x0000000083300000| Untracked 
|  24|0x0000000083400000, 0x0000000083400000, 0x0000000083500000|  0%| F|  |TAMS 0x0000000083400000, 0x0000000083400000| Untracked 
|  25|0x0000000083500000, 0x0000000083500000, 0x0000000083600000|  0%| F|  |TAMS 0x0000000083500000, 0x0000000083500000| Untracked 
|  26|0x0000000083600000, 0x0000000083600000, 0x0000000083700000|  0%| F|  |TAMS 0x0000000083600000, 0x0000000083600000| Untracked 
|  27|0x0000000083700000, 0x0000000083700000, 0x0000000083800000|  0%| F|  |TAMS 0x0000000083700000, 0x0000000083700000| Untracked 
|  28|0x0000000083800000, 0x0000000083800000, 0x0000000083900000|  0%| F|  |TAMS 0x0000000083800000, 0x0000000083800000| Untracked 
|  29|0x0000000083900000, 0x0000000083900000, 0x0000000083a00000|  0%| F|  |TAMS 0x0000000083900000, 0x0000000083900000| Untracked 
|  30|0x0000000083a00000, 0x0000000083a00000, 0x0000000083b00000|  0%| F|  |TAMS 0x0000000083a00000, 0x0000000083a00000| Untracked 
|  31|0x0000000083b00000, 0x0000000083b00000, 0x0000000083c00000|  0%| F|  |TAMS 0x0000000083b00000, 0x0000000083b00000| Untracked 
|  32|0x0000000083c00000, 0x0000000083c00000, 0x0000000083d00000|  0%| F|  |TAMS 0x0000000083c00000, 0x0000000083c00000| Untracked 
|  33|0x0000000083d00000, 0x0000000083d00000, 0x0000000083e00000|  0%| F|  |TAMS 0x0000000083d00000, 0x0000000083d00000| Untracked 
|  34|0x0000000083e00000, 0x0000000083e00000, 0x0000000083f00000|  0%| F|  |TAMS 0x0000000083e00000, 0x0000000083e00000| Untracked 
|  35|0x0000000083f00000, 0x0000000083f00000, 0x0000000084000000|  0%| F|  |TAMS 0x0000000083f00000, 0x0000000083f00000| Untracked 
|  36|0x0000000084000000, 0x0000000084000000, 0x0000000084100000|  0%| F|  |TAMS 0x0000000084000000, 0x0000000084000000| Untracked 
|  37|0x0000000084100000, 0x0000000084100000, 0x0000000084200000|  0%| F|  |TAMS 0x0000000084100000, 0x0000000084100000| Untracked 
|  38|0x0000000084200000, 0x0000000084200000, 0x0000000084300000|  0%| F|  |TAMS 0x0000000084200000, 0x0000000084200000| Untracked 
|  39|0x0000000084300000, 0x0000000084300000, 0x0000000084400000|  0%| F|  |TAMS 0x0000000084300000, 0x0000000084300000| Untracked 
|  40|0x0000000084400000, 0x0000000084400000, 0x0000000084500000|  0%| F|  |TAMS 0x0000000084400000, 0x0000000084400000| Untracked 
|  41|0x0000000084500000, 0x0000000084500000, 0x0000000084600000|  0%| F|  |TAMS 0x0000000084500000, 0x0000000084500000| Untracked 
|  42|0x0000000084600000, 0x0000000084600000, 0x0000000084700000|  0%| F|  |TAMS 0x0000000084600000, 0x0000000084600000| Untracked 
|  43|0x0000000084700000, 0x0000000084700000, 0x0000000084800000|  0%| F|  |TAMS 0x0000000084700000, 0x0000000084700000| Untracked 
|  44|0x0000000084800000, 0x0000000084800000, 0x0000000084900000|  0%| F|  |TAMS 0x0000000084800000, 0x0000000084800000| Untracked 
|  45|0x0000000084900000, 0x0000000084900000, 0x0000000084a00000|  0%| F|  |TAMS 0x0000000084900000, 0x0000000084900000| Untracked 
|  46|0x0000000084a00000, 0x0000000084a00000, 0x0000000084b00000|  0%| F|  |TAMS 0x0000000084a00000, 0x0000000084a00000| Untracked 
|  47|0x0000000084b00000, 0x0000000084b00000, 0x0000000084c00000|  0%| F|  |TAMS 0x0000000084b00000, 0x0000000084b00000| Untracked 
|  48|0x0000000084c00000, 0x0000000084c00000, 0x0000000084d00000|  0%| F|  |TAMS 0x0000000084c00000, 0x0000000084c00000| Untracked 
|  49|0x0000000084d00000, 0x0000000084d00000, 0x0000000084e00000|  0%| F|  |TAMS 0x0000000084d00000, 0x0000000084d00000| Untracked 
|  50|0x0000000084e00000, 0x0000000084e00000, 0x0000000084f00000|  0%| F|  |TAMS 0x0000000084e00000, 0x0000000084e00000| Untracked 
|  51|0x0000000084f00000, 0x0000000084f00000, 0x0000000085000000|  0%| F|  |TAMS 0x0000000084f00000, 0x0000000084f00000| Untracked 
|  52|0x0000000085000000, 0x0000000085000000, 0x0000000085100000|  0%| F|  |TAMS 0x0000000085000000, 0x0000000085000000| Untracked 
|  53|0x0000000085100000, 0x0000000085100000, 0x0000000085200000|  0%| F|  |TAMS 0x0000000085100000, 0x0000000085100000| Untracked 
|  54|0x0000000085200000, 0x0000000085200000, 0x0000000085300000|  0%| F|  |TAMS 0x0000000085200000, 0x0000000085200000| Untracked 
|  55|0x0000000085300000, 0x0000000085300000, 0x0000000085400000|  0%| F|  |TAMS 0x0000000085300000, 0x0000000085300000| Untracked 
|  56|0x0000000085400000, 0x0000000085400000, 0x0000000085500000|  0%| F|  |TAMS 0x0000000085400000, 0x0000000085400000| Untracked 
|  57|0x0000000085500000, 0x0000000085500000, 0x0000000085600000|  0%| F|  |TAMS 0x0000000085500000, 0x0000000085500000| Untracked 
|  58|0x0000000085600000, 0x0000000085600000, 0x0000000085700000|  0%| F|  |TAMS 0x0000000085600000, 0x0000000085600000| Untracked 
|  59|0x0000000085700000, 0x0000000085700000, 0x0000000085800000|  0%| F|  |TAMS 0x0000000085700000, 0x0000000085700000| Untracked 
|  60|0x0000000085800000, 0x0000000085800000, 0x0000000085900000|  0%| F|  |TAMS 0x0000000085800000, 0x0000000085800000| Untracked 
|  61|0x0000000085900000, 0x0000000085900000, 0x0000000085a00000|  0%| F|  |TAMS 0x0000000085900000, 0x0000000085900000| Untracked 
|  62|0x0000000085a00000, 0x0000000085a00000, 0x0000000085b00000|  0%| F|  |TAMS 0x0000000085a00000, 0x0000000085a00000| Untracked 
|  63|0x0000000085b00000, 0x0000000085b00000, 0x0000000085c00000|  0%| F|  |TAMS 0x0000000085b00000, 0x0000000085b00000| Untracked 
|  64|0x0000000085c00000, 0x0000000085c00000, 0x0000000085d00000|  0%| F|  |TAMS 0x0000000085c00000, 0x0000000085c00000| Untracked 
|  65|0x0000000085d00000, 0x0000000085d00000, 0x0000000085e00000|  0%| F|  |TAMS 0x0000000085d00000, 0x0000000085d00000| Untracked 
|  66|0x0000000085e00000, 0x0000000085e00000, 0x0000000085f00000|  0%| F|  |TAMS 0x0000000085e00000, 0x0000000085e00000| Untracked 
|  67|0x0000000085f00000, 0x0000000085f00000, 0x0000000086000000|  0%| F|  |TAMS 0x0000000085f00000, 0x0000000085f00000| Untracked 
|  68|0x0000000086000000, 0x0000000086000000, 0x0000000086100000|  0%| F|  |TAMS 0x0000000086000000, 0x0000000086000000| Untracked 
|  69|0x0000000086100000, 0x0000000086100000, 0x0000000086200000|  0%| F|  |TAMS 0x0000000086100000, 0x0000000086100000| Untracked 
|  70|0x0000000086200000, 0x0000000086200000, 0x0000000086300000|  0%| F|  |TAMS 0x0000000086200000, 0x0000000086200000| Untracked 
|  71|0x0000000086300000, 0x0000000086300000, 0x0000000086400000|  0%| F|  |TAMS 0x0000000086300000, 0x0000000086300000| Untracked 
|  72|0x0000000086400000, 0x0000000086400000, 0x0000000086500000|  0%| F|  |TAMS 0x0000000086400000, 0x0000000086400000| Untracked 
|  73|0x0000000086500000, 0x0000000086500000, 0x0000000086600000|  0%| F|  |TAMS 0x0000000086500000, 0x0000000086500000| Untracked 
|  74|0x0000000086600000, 0x0000000086600000, 0x0000000086700000|  0%| F|  |TAMS 0x0000000086600000, 0x0000000086600000| Untracked 
|  75|0x0000000086700000, 0x0000000086700000, 0x0000000086800000|  0%| F|  |TAMS 0x0000000086700000, 0x0000000086700000| Untracked 
|  76|0x0000000086800000, 0x0000000086800000, 0x0000000086900000|  0%| F|  |TAMS 0x0000000086800000, 0x0000000086800000| Untracked 
|  77|0x0000000086900000, 0x0000000086900000, 0x0000000086a00000|  0%| F|  |TAMS 0x0000000086900000, 0x0000000086900000| Untracked 
|  78|0x0000000086a00000, 0x0000000086a00000, 0x0000000086b00000|  0%| F|  |TAMS 0x0000000086a00000, 0x0000000086a00000| Untracked 
|  79|0x0000000086b00000, 0x0000000086b00000, 0x0000000086c00000|  0%| F|  |TAMS 0x0000000086b00000, 0x0000000086b00000| Untracked 
|  80|0x0000000086c00000, 0x0000000086c00000, 0x0000000086d00000|  0%| F|  |TAMS 0x0000000086c00000, 0x0000000086c00000| Untracked 
|  81|0x0000000086d00000, 0x0000000086d00000, 0x0000000086e00000|  0%| F|  |TAMS 0x0000000086d00000, 0x0000000086d00000| Untracked 
|  82|0x0000000086e00000, 0x0000000086e00000, 0x0000000086f00000|  0%| F|  |TAMS 0x0000000086e00000, 0x0000000086e00000| Untracked 
|  83|0x0000000086f00000, 0x0000000086f00000, 0x0000000087000000|  0%| F|  |TAMS 0x0000000086f00000, 0x0000000086f00000| Untracked 
|  84|0x0000000087000000, 0x0000000087000000, 0x0000000087100000|  0%| F|  |TAMS 0x0000000087000000, 0x0000000087000000| Untracked 
|  85|0x0000000087100000, 0x0000000087100000, 0x0000000087200000|  0%| F|  |TAMS 0x0000000087100000, 0x0000000087100000| Untracked 
|  86|0x0000000087200000, 0x0000000087200000, 0x0000000087300000|  0%| F|  |TAMS 0x0000000087200000, 0x0000000087200000| Untracked 
|  87|0x0000000087300000, 0x0000000087300000, 0x0000000087400000|  0%| F|  |TAMS 0x0000000087300000, 0x0000000087300000| Untracked 
|  88|0x0000000087400000, 0x0000000087400000, 0x0000000087500000|  0%| F|  |TAMS 0x0000000087400000, 0x0000000087400000| Untracked 
|  89|0x0000000087500000, 0x0000000087500000, 0x0000000087600000|  0%| F|  |TAMS 0x0000000087500000, 0x0000000087500000| Untracked 
|  90|0x0000000087600000, 0x0000000087600000, 0x0000000087700000|  0%| F|  |TAMS 0x0000000087600000, 0x0000000087600000| Untracked 
|  91|0x0000000087700000, 0x0000000087700000, 0x0000000087800000|  0%| F|  |TAMS 0x0000000087700000, 0x0000000087700000| Untracked 
|  92|0x0000000087800000, 0x0000000087800000, 0x0000000087900000|  0%| F|  |TAMS 0x0000000087800000, 0x0000000087800000| Untracked 
|  93|0x0000000087900000, 0x0000000087a00000, 0x0000000087a00000|100%| E|  |TAMS 0x0000000087900000, 0x0000000087900000| Complete 
|  94|0x0000000087a00000, 0x0000000087b00000, 0x0000000087b00000|100%| E|CS|TAMS 0x0000000087a00000, 0x0000000087a00000| Complete 
|  95|0x0000000087b00000, 0x0000000087c00000, 0x0000000087c00000|100%| E|CS|TAMS 0x0000000087b00000, 0x0000000087b00000| Complete 
|  96|0x0000000087c00000, 0x0000000087d00000, 0x0000000087d00000|100%| E|CS|TAMS 0x0000000087c00000, 0x0000000087c00000| Complete 
|  97|0x0000000087d00000, 0x0000000087e00000, 0x0000000087e00000|100%| E|CS|TAMS 0x0000000087d00000, 0x0000000087d00000| Complete 
|  98|0x0000000087e00000, 0x0000000087f00000, 0x0000000087f00000|100%| E|CS|TAMS 0x0000000087e00000, 0x0000000087e00000| Complete 
|  99|0x0000000087f00000, 0x0000000087f3a200, 0x0000000088000000| 22%| S|CS|TAMS 0x0000000087f00000, 0x0000000087f00000| Complete 
| 100|0x0000000088000000, 0x0000000088100000, 0x0000000088100000|100%| S|CS|TAMS 0x0000000088000000, 0x0000000088000000| Complete 
| 101|0x0000000088100000, 0x0000000088200000, 0x0000000088200000|100%| E|CS|TAMS 0x0000000088100000, 0x0000000088100000| Complete 
| 102|0x0000000088200000, 0x0000000088300000, 0x0000000088300000|100%| E|CS|TAMS 0x0000000088200000, 0x0000000088200000| Complete 
| 103|0x0000000088300000, 0x0000000088400000, 0x0000000088400000|100%| E|CS|TAMS 0x0000000088300000, 0x0000000088300000| Complete 
| 104|0x0000000088400000, 0x0000000088500000, 0x0000000088500000|100%| E|CS|TAMS 0x0000000088400000, 0x0000000088400000| Complete 
| 105|0x0000000088500000, 0x0000000088600000, 0x0000000088600000|100%| E|CS|TAMS 0x0000000088500000, 0x0000000088500000| Complete 
| 106|0x0000000088600000, 0x0000000088700000, 0x0000000088700000|100%| E|CS|TAMS 0x0000000088600000, 0x0000000088600000| Complete 
| 107|0x0000000088700000, 0x0000000088800000, 0x0000000088800000|100%| E|CS|TAMS 0x0000000088700000, 0x0000000088700000| Complete 
| 108|0x0000000088800000, 0x0000000088900000, 0x0000000088900000|100%| E|CS|TAMS 0x0000000088800000, 0x0000000088800000| Complete 
| 109|0x0000000088900000, 0x0000000088a00000, 0x0000000088a00000|100%| E|CS|TAMS 0x0000000088900000, 0x0000000088900000| Complete 
| 110|0x0000000088a00000, 0x0000000088b00000, 0x0000000088b00000|100%| E|CS|TAMS 0x0000000088a00000, 0x0000000088a00000| Complete 
| 111|0x0000000088b00000, 0x0000000088c00000, 0x0000000088c00000|100%| E|CS|TAMS 0x0000000088b00000, 0x0000000088b00000| Complete 
| 112|0x0000000088c00000, 0x0000000088d00000, 0x0000000088d00000|100%| E|CS|TAMS 0x0000000088c00000, 0x0000000088c00000| Complete 
| 113|0x0000000088d00000, 0x0000000088e00000, 0x0000000088e00000|100%| E|CS|TAMS 0x0000000088d00000, 0x0000000088d00000| Complete 
| 114|0x0000000088e00000, 0x0000000088f00000, 0x0000000088f00000|100%| E|CS|TAMS 0x0000000088e00000, 0x0000000088e00000| Complete 
| 115|0x0000000088f00000, 0x0000000089000000, 0x0000000089000000|100%| E|CS|TAMS 0x0000000088f00000, 0x0000000088f00000| Complete 
| 116|0x0000000089000000, 0x0000000089100000, 0x0000000089100000|100%| E|CS|TAMS 0x0000000089000000, 0x0000000089000000| Complete 
| 117|0x0000000089100000, 0x0000000089200000, 0x0000000089200000|100%| E|CS|TAMS 0x0000000089100000, 0x0000000089100000| Complete 
| 118|0x0000000089200000, 0x0000000089300000, 0x0000000089300000|100%| E|CS|TAMS 0x0000000089200000, 0x0000000089200000| Complete 
| 119|0x0000000089300000, 0x0000000089400000, 0x0000000089400000|100%| E|CS|TAMS 0x0000000089300000, 0x0000000089300000| Complete 
| 120|0x0000000089400000, 0x0000000089500000, 0x0000000089500000|100%| E|CS|TAMS 0x0000000089400000, 0x0000000089400000| Complete 
| 121|0x0000000089500000, 0x0000000089600000, 0x0000000089600000|100%| E|CS|TAMS 0x0000000089500000, 0x0000000089500000| Complete 
| 122|0x0000000089600000, 0x0000000089700000, 0x0000000089700000|100%| E|CS|TAMS 0x0000000089600000, 0x0000000089600000| Complete 
| 123|0x0000000089700000, 0x0000000089800000, 0x0000000089800000|100%| E|CS|TAMS 0x0000000089700000, 0x0000000089700000| Complete 
| 124|0x0000000089800000, 0x0000000089900000, 0x0000000089900000|100%| E|CS|TAMS 0x0000000089800000, 0x0000000089800000| Complete 
| 125|0x0000000089900000, 0x0000000089a00000, 0x0000000089a00000|100%| E|CS|TAMS 0x0000000089900000, 0x0000000089900000| Complete 
| 126|0x0000000089a00000, 0x0000000089b00000, 0x0000000089b00000|100%| E|CS|TAMS 0x0000000089a00000, 0x0000000089a00000| Complete 
| 127|0x0000000089b00000, 0x0000000089c00000, 0x0000000089c00000|100%| E|CS|TAMS 0x0000000089b00000, 0x0000000089b00000| Complete 

Card table byte_map: [0x0000021e7aeb0000,0x0000021e7b2b0000] _byte_map_base: 0x0000021e7aaa2000

Marking Bits (Prev, Next): (CMBitMap*) 0x0000021e7aa16a98, (CMBitMap*) 0x0000021e7aa16ad0
 Prev Bits: [0x0000021e7b6b0000, 0x0000021e7d640000)
 Next Bits: [0x0000021e7d640000, 0x0000021e7f5d0000)

Polling page: 0x0000021e78960000

Metaspace:

Usage:
  Non-class:     18.32 MB capacity,    18.17 MB (>99%) used,   124.87 KB ( <1%) free+waste,    24.63 KB ( <1%) overhead. 
      Class:      2.30 MB capacity,     2.18 MB ( 95%) used,   115.30 KB (  5%) free+waste,    10.00 KB ( <1%) overhead. 
       Both:     20.62 MB capacity,    20.35 MB ( 99%) used,   240.16 KB (  1%) free+waste,    34.63 KB ( <1%) overhead. 

Virtual space:
  Non-class space:       20.00 MB reserved,      18.42 MB ( 92%) committed 
      Class space:        1.00 GB reserved,       2.38 MB ( <1%) committed 
             Both:        1.02 GB reserved,      20.80 MB (  2%) committed 

Chunk freelists:
   Non-Class:  0 bytes
       Class:  1.13 KB
        Both:  1.13 KB

CodeHeap 'non-profiled nmethods': size=120064Kb used=1032Kb max_used=1032Kb free=119031Kb
 bounds [0x0000021e0fd70000, 0x0000021e0ffe0000, 0x0000021e172b0000]
CodeHeap 'profiled nmethods': size=120000Kb used=5277Kb max_used=5277Kb free=114722Kb
 bounds [0x0000021e08840000, 0x0000021e08d70000, 0x0000021e0fd70000]
CodeHeap 'non-nmethods': size=5696Kb used=1110Kb max_used=1173Kb free=4585Kb
 bounds [0x0000021e082b0000, 0x0000021e08520000, 0x0000021e08840000]
 total_blobs=3445 nmethods=2473 adapters=332
 compilation: enabled
              stopped_count=0, restarted_count=0
 full_count=0

Compilation events (10 events):
Event: 8.848 Thread 0x0000021e7fae0800 2477       3       jdk.internal.reflect.ClassFileAssembler::setStack (25 bytes)
Event: 8.849 Thread 0x0000021e7fae0800 nmethod 2477 0x0000021e08d63f10 code [0x0000021e08d640c0, 0x0000021e08d64258]
Event: 8.849 Thread 0x0000021e7fae0800 2478   !   3       org.codehaus.plexus.interpolation.ObjectBasedValueSource::getValue (66 bytes)
Event: 8.850 Thread 0x0000021e7fae0800 nmethod 2478 0x0000021e08d64310 code [0x0000021e08d64660, 0x0000021e08d65830]
Event: 8.850 Thread 0x0000021e7fae0800 2480       3       java.lang.Character::isJavaIdentifierStart (5 bytes)
Event: 8.850 Thread 0x0000021e7fae0800 nmethod 2480 0x0000021e08d65e90 code [0x0000021e08d66060, 0x0000021e08d66300]
Event: 8.854 Thread 0x0000021e7fae0800 2481       3       java.util.regex.Matcher::getTextLength (10 bytes)
Event: 8.855 Thread 0x0000021e7fae0800 nmethod 2481 0x0000021e08d66410 code [0x0000021e08d665e0, 0x0000021e08d66810]
Event: 8.858 Thread 0x0000021e7fae0800 2482       3       java.lang.StringCoding::hasNegatives (25 bytes)
Event: 8.858 Thread 0x0000021e7fae0800 nmethod 2482 0x0000021e08d66910 code [0x0000021e08d66ae0, 0x0000021e08d66d58]

GC Heap History (6 events):
Event: 2.604 GC heap before
{Heap before GC invocations=0 (full 0):
 garbage-first heap   total 131072K, used 13312K [0x0000000081c00000, 0x0000000100000000)
  region size 1024K, 14 young (14336K), 0 survivors (0K)
 Metaspace       used 11499K, capacity 11644K, committed 11904K, reserved 1060864K
  class space    used 1076K, capacity 1139K, committed 1152K, reserved 1048576K
}
Event: 2.671 GC heap after
{Heap after GC invocations=1 (full 0):
 garbage-first heap   total 131072K, used 3401K [0x0000000081c00000, 0x0000000100000000)
  region size 1024K, 2 young (2048K), 2 survivors (2048K)
 Metaspace       used 11499K, capacity 11644K, committed 11904K, reserved 1060864K
  class space    used 1076K, capacity 1139K, committed 1152K, reserved 1048576K
}
Event: 3.852 GC heap before
{Heap before GC invocations=1 (full 0):
 garbage-first heap   total 131072K, used 11593K [0x0000000081c00000, 0x0000000100000000)
  region size 1024K, 10 young (10240K), 2 survivors (2048K)
 Metaspace       used 13551K, capacity 13800K, committed 14080K, reserved 1062912K
  class space    used 1350K, capacity 1431K, committed 1536K, reserved 1048576K
}
Event: 3.856 GC heap after
{Heap after GC invocations=2 (full 0):
 garbage-first heap   total 131072K, used 4049K [0x0000000081c00000, 0x0000000100000000)
  region size 1024K, 1 young (1024K), 1 survivors (1024K)
 Metaspace       used 13551K, capacity 13800K, committed 14080K, reserved 1062912K
  class space    used 1350K, capacity 1431K, committed 1536K, reserved 1048576K
}
Event: 6.360 GC heap before
{Heap before GC invocations=2 (full 0):
 garbage-first heap   total 131072K, used 29649K [0x0000000081c00000, 0x0000000100000000)
  region size 1024K, 27 young (27648K), 1 survivors (1024K)
 Metaspace       used 16214K, capacity 16497K, committed 16768K, reserved 1064960K
  class space    used 1687K, capacity 1793K, committed 1920K, reserved 1048576K
}
Event: 6.363 GC heap after
{Heap after GC invocations=3 (full 0):
 garbage-first heap   total 131072K, used 4732K [0x0000000081c00000, 0x0000000100000000)
  region size 1024K, 2 young (2048K), 2 survivors (2048K)
 Metaspace       used 16214K, capacity 16497K, committed 16768K, reserved 1064960K
  class space    used 1687K, capacity 1793K, committed 1920K, reserved 1048576K
}

Deoptimization events (10 events):
Event: 8.624 Thread 0x0000021e7a9d9800 Uncommon trap: reason=bimorphic_or_optimized_type_check action=maybe_recompile pc=0x0000021e0fe5b764 method=org.apache.maven.model.interpolation.StringSearchModelInterpolator$InterpolateObjectAction$CacheField.interpolate(Ljava/lang/Object;Lorg/apache/mav
Event: 8.624 Thread 0x0000021e7a9d9800 Uncommon trap: reason=bimorphic_or_optimized_type_check action=maybe_recompile pc=0x0000021e0fe5b764 method=org.apache.maven.model.interpolation.StringSearchModelInterpolator$InterpolateObjectAction$CacheField.interpolate(Ljava/lang/Object;Lorg/apache/mav
Event: 8.625 Thread 0x0000021e7a9d9800 Uncommon trap: reason=bimorphic_or_optimized_type_check action=maybe_recompile pc=0x0000021e0fe5b764 method=org.apache.maven.model.interpolation.StringSearchModelInterpolator$InterpolateObjectAction$CacheField.interpolate(Ljava/lang/Object;Lorg/apache/mav
Event: 8.625 Thread 0x0000021e7a9d9800 Uncommon trap: reason=speculate_class_check action=maybe_recompile pc=0x0000021e0fe5b34c method=jdk.internal.reflect.UnsafeObjectFieldAccessorImpl.get(Ljava/lang/Object;)Ljava/lang/Object; @ 13 c2
Event: 8.625 Thread 0x0000021e7a9d9800 Uncommon trap: reason=bimorphic_or_optimized_type_check action=maybe_recompile pc=0x0000021e0fe5b764 method=org.apache.maven.model.interpolation.StringSearchModelInterpolator$InterpolateObjectAction$CacheField.interpolate(Ljava/lang/Object;Lorg/apache/mav
Event: 8.670 Thread 0x0000021e7a9d9800 Uncommon trap: reason=unstable_if action=reinterpret pc=0x0000021e0fe57ca4 method=java.lang.reflect.AccessibleObject.checkCanSetAccessible(Ljava/lang/Class;Ljava/lang/Class;Z)Z @ 30 c2
Event: 8.738 Thread 0x0000021e7a9d9800 Uncommon trap: reason=unstable_if action=reinterpret pc=0x0000021e0fe3cf88 method=org.codehaus.plexus.util.xml.pull.MXParser.nextImpl()I @ 879 c2
Event: 8.822 Thread 0x0000021e7a9d9800 Uncommon trap: reason=unstable_if action=reinterpret pc=0x0000021e0fe50e58 method=java.lang.StringLatin1.trim([B)Ljava/lang/String; @ 60 c2
Event: 8.837 Thread 0x0000021e7a9d9800 Uncommon trap: reason=unstable_if action=reinterpret pc=0x0000021e0fd8ff84 method=java.lang.StringCoding.hasNegatives([BII)Z @ 12 c2
Event: 8.838 Thread 0x0000021e7a9d9800 Uncommon trap: reason=unstable_if action=reinterpret pc=0x0000021e0fdc7754 method=sun.nio.cs.UTF_8$Decoder.decodeArrayLoop(Ljava/nio/ByteBuffer;Ljava/nio/CharBuffer;)Ljava/nio/charset/CoderResult; @ 84 c2

Classes redefined (0 events):
No events

Internal exceptions (8 events):
Event: 0.513 Thread 0x0000021e7a9d9800 Exception <a 'java/lang/NoSuchMethodError'{0x0000000089726dd8}: java.lang.invoke.DirectMethodHandle$Holder.invokeSpecialIFC(Ljava/lang/Object;Ljava/lang/Object;I)I> (0x0000000089726dd8) thrown at [t:/workspace/open/src/hotspot/share/interpreter/linkResolv
Event: 0.588 Thread 0x0000021e7a9d9800 Exception <a 'java/lang/NoSuchMethodError'{0x0000000089649c90}: java.lang.invoke.DirectMethodHandle$Holder.invokeStaticInit(Ljava/lang/Object;IIII)Ljava/lang/Object;> (0x0000000089649c90) thrown at [t:/workspace/open/src/hotspot/share/interpreter/linkReso
Event: 0.872 Thread 0x0000021e7a9d9800 Exception <a 'java/lang/NoSuchMethodError'{0x00000000896c1940}: java.lang.invoke.DirectMethodHandle$Holder.invokeStaticInit(Ljava/lang/Object;Ljava/lang/Object;IIII)Ljava/lang/Object;> (0x00000000896c1940) thrown at [t:/workspace/open/src/hotspot/share/in
Event: 7.756 Thread 0x0000021e7a9d9800 Exception <a 'java/lang/NoClassDefFoundError'{0x0000000088b6b118}: com/google/inject/servlet/ServletModuleTargetVisitor> (0x0000000088b6b118) thrown at [t:/workspace/open/src/hotspot/share/classfile/systemDictionary.cpp, line 220]
Event: 7.756 Thread 0x0000021e7a9d9800 Exception <a 'java/lang/NoClassDefFoundError'{0x0000000088b6b118}> (0x0000000088b6b118) thrown at [t:/workspace/open/src/hotspot/share/prims/jvm.cpp, line 1300]
Event: 7.756 Thread 0x0000021e7a9d9800 Exception <a 'java/lang/NoClassDefFoundError'{0x0000000088b6e3e8}: javax/annotation/Priority> (0x0000000088b6e3e8) thrown at [t:/workspace/open/src/hotspot/share/classfile/systemDictionary.cpp, line 220]
Event: 8.145 Thread 0x0000021e7a9d9800 Implicit null exception at 0x0000021e0fda89f4 to 0x0000021e0fda8eee
Event: 8.146 Thread 0x0000021e7a9d9800 Implicit null exception at 0x0000021e0fda94f4 to 0x0000021e0fda99e6

Events (10 events):
Event: 8.767 loading class org/apache/maven/model/Site done
Event: 8.822 Thread 0x0000021e7a9d9800 Uncommon trap: trap_request=0xffffff4d fr.pc=0x0000021e0fe50e58 relative=0x0000000000000498
Event: 8.822 Thread 0x0000021e7a9d9800 DEOPT PACKING pc=0x0000021e0fe50e58 sp=0x0000006dc08fd760
Event: 8.822 Thread 0x0000021e7a9d9800 DEOPT UNPACKING pc=0x0000021e082d8f2f sp=0x0000006dc08fd6c8 mode 2
Event: 8.837 Thread 0x0000021e7a9d9800 Uncommon trap: trap_request=0xffffff4d fr.pc=0x0000021e0fd8ff84 relative=0x0000000000000164
Event: 8.837 Thread 0x0000021e7a9d9800 DEOPT PACKING pc=0x0000021e0fd8ff84 sp=0x0000006dc08fd680
Event: 8.837 Thread 0x0000021e7a9d9800 DEOPT UNPACKING pc=0x0000021e082d8f2f sp=0x0000006dc08fd610 mode 2
Event: 8.838 Thread 0x0000021e7a9d9800 Uncommon trap: trap_request=0xffffff4d fr.pc=0x0000021e0fdc7754 relative=0x0000000000000374
Event: 8.838 Thread 0x0000021e7a9d9800 DEOPT PACKING pc=0x0000021e0fdc7754 sp=0x0000006dc08fd360
Event: 8.838 Thread 0x0000021e7a9d9800 DEOPT UNPACKING pc=0x0000021e082d8f2f sp=0x0000006dc08fd2a0 mode 2


Dynamic libraries:
0x00007ff77b390000 - 0x00007ff77b3d7000 	C:\Program Files\Java\jdk-11.0.6\bin\java.exe
0x00007fff7cc20000 - 0x00007fff7ce10000 	C:\WINDOWS\SYSTEM32\ntdll.dll
0x00007fff7c1e0000 - 0x00007fff7c292000 	C:\WINDOWS\System32\KERNEL32.DLL
0x00007fff79bb0000 - 0x00007fff79e53000 	C:\WINDOWS\System32\KERNELBASE.dll
0x00007fff7ca80000 - 0x00007fff7cb23000 	C:\WINDOWS\System32\ADVAPI32.dll
0x00007fff7c3e0000 - 0x00007fff7c47e000 	C:\WINDOWS\System32\msvcrt.dll
0x00007fff7cb40000 - 0x00007fff7cbd7000 	C:\WINDOWS\System32\sechost.dll
0x00007fff7bc50000 - 0x00007fff7bd70000 	C:\WINDOWS\System32\RPCRT4.dll
0x00007fff7be80000 - 0x00007fff7c014000 	C:\WINDOWS\System32\USER32.dll
0x00007fff7a1c0000 - 0x00007fff7a1e1000 	C:\WINDOWS\System32\win32u.dll
0x00007fff7ad50000 - 0x00007fff7ad76000 	C:\WINDOWS\System32\GDI32.dll
0x00007fff7ab30000 - 0x00007fff7acc4000 	C:\WINDOWS\System32\gdi32full.dll
0x00007fff7a2f0000 - 0x00007fff7a38e000 	C:\WINDOWS\System32\msvcp_win.dll
0x00007fff7a0c0000 - 0x00007fff7a1ba000 	C:\WINDOWS\System32\ucrtbase.dll
0x00007fff6fd60000 - 0x00007fff6ffe5000 	C:\WINDOWS\WinSxS\amd64_microsoft.windows.common-controls_6595b64144ccf1df_6.0.18362.720_none_e6beb5c51314836b\COMCTL32.dll
0x00007fff7c480000 - 0x00007fff7c7b6000 	C:\WINDOWS\System32\combase.dll
0x00007fff7a220000 - 0x00007fff7a2a0000 	C:\WINDOWS\System32\bcryptPrimitives.dll
0x00007fff751b0000 - 0x00007fff751ba000 	C:\WINDOWS\SYSTEM32\VERSION.dll
0x00007fff7bd70000 - 0x00007fff7bd9e000 	C:\WINDOWS\System32\IMM32.DLL
0x00007fff73160000 - 0x00007fff73176000 	C:\Program Files\Java\jdk-11.0.6\bin\vcruntime140.dll
0x00007fff5b1c0000 - 0x00007fff5b26a000 	C:\Program Files\Java\jdk-11.0.6\bin\msvcp140.dll
0x00007fff2b630000 - 0x00007fff2c159000 	C:\Program Files\Java\jdk-11.0.6\bin\server\jvm.dll
0x00007fff7b2a0000 - 0x00007fff7b2a8000 	C:\WINDOWS\System32\PSAPI.DLL
0x00007fff6dc90000 - 0x00007fff6dc99000 	C:\WINDOWS\SYSTEM32\WSOCK32.dll
0x00007fff7c940000 - 0x00007fff7c9af000 	C:\WINDOWS\System32\WS2_32.dll
0x00007fff77050000 - 0x00007fff77074000 	C:\WINDOWS\SYSTEM32\WINMM.dll
0x00007fff76fe0000 - 0x00007fff7700d000 	C:\WINDOWS\SYSTEM32\WINMMBASE.dll
0x00007fff7a2a0000 - 0x00007fff7a2ea000 	C:\WINDOWS\System32\cfgmgr32.dll
0x00007fff79b40000 - 0x00007fff79b51000 	C:\WINDOWS\System32\kernel.appcore.dll
0x00007fff72d20000 - 0x00007fff72d31000 	C:\Program Files\Java\jdk-11.0.6\bin\verify.dll
0x00007fff783b0000 - 0x00007fff785a4000 	C:\WINDOWS\SYSTEM32\DBGHELP.DLL
0x00007fff68670000 - 0x00007fff6869a000 	C:\WINDOWS\SYSTEM32\dbgcore.DLL
0x00007fff6a5e0000 - 0x00007fff6a609000 	C:\Program Files\Java\jdk-11.0.6\bin\java.dll
0x00007fff6a5b0000 - 0x00007fff6a5df000 	C:\Program Files\Java\jdk-11.0.6\bin\instrument.dll
0x00007fff6a590000 - 0x00007fff6a5a6000 	C:\Program Files\Java\jdk-11.0.6\bin\zip.dll
0x00007fff77460000 - 0x00007fff7746a000 	C:\Program Files\Java\jdk-11.0.6\bin\jimage.dll
0x00007fff7b560000 - 0x00007fff7bc45000 	C:\WINDOWS\System32\SHELL32.dll
0x00007fff7ad80000 - 0x00007fff7ae29000 	C:\WINDOWS\System32\shcore.dll
0x00007fff7a3b0000 - 0x00007fff7ab30000 	C:\WINDOWS\System32\windows.storage.dll
0x00007fff79b60000 - 0x00007fff79b83000 	C:\WINDOWS\System32\profapi.dll
0x00007fff79af0000 - 0x00007fff79b3a000 	C:\WINDOWS\System32\powrprof.dll
0x00007fff79ae0000 - 0x00007fff79af0000 	C:\WINDOWS\System32\UMPDC.dll
0x00007fff7c180000 - 0x00007fff7c1d2000 	C:\WINDOWS\System32\shlwapi.dll
0x00007fff7a390000 - 0x00007fff7a3a7000 	C:\WINDOWS\System32\cryptsp.dll
0x00007fff6a500000 - 0x00007fff6a519000 	C:\Program Files\Java\jdk-11.0.6\bin\net.dll
0x00007fff71870000 - 0x00007fff71961000 	C:\WINDOWS\SYSTEM32\WINHTTP.dll
0x00007fff79350000 - 0x00007fff793b7000 	C:\WINDOWS\system32\mswsock.dll
0x00007fff6a4b0000 - 0x00007fff6a4c3000 	C:\Program Files\Java\jdk-11.0.6\bin\nio.dll
0x00007fff64020000 - 0x00007fff6403a000 	C:\Program Files\JetBrains\IntelliJ IDEA Community Edition 2019.3.4\bin\breakgen64.dll
0x00007fff78ec0000 - 0x00007fff78ef3000 	C:\WINDOWS\system32\rsaenh.dll
0x00007fff7a1f0000 - 0x00007fff7a216000 	C:\WINDOWS\System32\bcrypt.dll
0x00007fff79a00000 - 0x00007fff79a25000 	C:\WINDOWS\SYSTEM32\USERENV.dll
0x00007fff79520000 - 0x00007fff7952c000 	C:\WINDOWS\SYSTEM32\CRYPTBASE.dll
0x00007fff79060000 - 0x00007fff7909a000 	C:\WINDOWS\SYSTEM32\IPHLPAPI.DLL
0x00007fff7be70000 - 0x00007fff7be78000 	C:\WINDOWS\System32\NSI.dll
0x00007fff721e0000 - 0x00007fff721f6000 	C:\WINDOWS\SYSTEM32\dhcpcsvc6.DLL
0x00007fff72230000 - 0x00007fff7224c000 	C:\WINDOWS\SYSTEM32\dhcpcsvc.DLL
0x00007fff790b0000 - 0x00007fff7917a000 	C:\WINDOWS\SYSTEM32\DNSAPI.dll
0x00007fff6a610000 - 0x00007fff6a61a000 	C:\Users\Dhanushguntha\AppData\Local\Temp\jansi-1.17.1-12961558352377033930.dll
0x00007fff642d0000 - 0x00007fff642da000 	C:\Users\Dhanushguntha\AppData\Local\Temp\jansi-1.17.1-15323524793122402185.dll

dbghelp: loaded successfully - version: 4.0.5 - missing functions: none
symbol engine: initialized successfully - sym options: 0x614 - pdb path: .;C:\Program Files\Java\jdk-11.0.6\bin;C:\WINDOWS\SYSTEM32;C:\WINDOWS\WinSxS\amd64_microsoft.windows.common-controls_6595b64144ccf1df_6.0.18362.720_none_e6beb5c51314836b;C:\Program Files\Java\jdk-11.0.6\bin\server;C:\Program Files\JetBrains\IntelliJ IDEA Community Edition 2019.3.4\bin;C:\Users\Dhanushguntha\AppData\Local\Temp

VM Arguments:
jvm_args: -Dmaven.multiModuleProjectDirectory=C:\Users\Dhanushguntha\Desktop\webcontroller\webcontroller -Dmaven.home=C:\Program Files\JetBrains\IntelliJ IDEA Community Edition 2019.3.4\plugins\maven\lib\maven3 -Dclassworlds.conf=C:\Program Files\JetBrains\IntelliJ IDEA Community Edition 2019.3.4\plugins\maven\lib\maven3\bin\m2.conf -Dmaven.ext.class.path=C:\Program Files\JetBrains\IntelliJ IDEA Community Edition 2019.3.4\plugins\maven\lib\maven-event-listener.jar -javaagent:C:\Program Files\JetBrains\IntelliJ IDEA Community Edition 2019.3.4\lib\idea_rt.jar=54193:C:\Program Files\JetBrains\IntelliJ IDEA Community Edition 2019.3.4\bin -Dfile.encoding=UTF-8 
java_command: org.codehaus.classworlds.Launcher -Didea.version2019.3.4 spring-boot:run
java_class_path (initial): C:\Program Files\JetBrains\IntelliJ IDEA Community Edition 2019.3.4\plugins\maven\lib\maven3\boot\plexus-classworlds-2.6.0.jar
Launcher Type: SUN_STANDARD

[Global flags]
     intx CICompilerCount                          = 3                                         {product} {ergonomic}
     uint ConcGCThreads                            = 1                                         {product} {ergonomic}
     uint G1ConcRefinementThreads                  = 4                                         {product} {ergonomic}
   size_t G1HeapRegionSize                         = 1048576                                   {product} {ergonomic}
    uintx GCDrainStackTargetSize                   = 64                                        {product} {ergonomic}
   size_t InitialHeapSize                          = 134217728                                 {product} {ergonomic}
   size_t MarkStackSize                            = 4194304                                   {product} {ergonomic}
   size_t MaxHeapSize                              = 2118123520                                {product} {ergonomic}
   size_t MaxNewSize                               = 1270874112                                {product} {ergonomic}
   size_t MinHeapDeltaBytes                        = 1048576                                   {product} {ergonomic}
    uintx NonNMethodCodeHeapSize                   = 5830732                                {pd product} {ergonomic}
    uintx NonProfiledCodeHeapSize                  = 122913754                              {pd product} {ergonomic}
    uintx ProfiledCodeHeapSize                     = 122913754                              {pd product} {ergonomic}
    uintx ReservedCodeCacheSize                    = 251658240                              {pd product} {ergonomic}
     bool SegmentedCodeCache                       = true                                      {product} {ergonomic}
     bool UseCompressedClassPointers               = true                                 {lp64_product} {ergonomic}
     bool UseCompressedOops                        = true                                 {lp64_product} {ergonomic}
     bool UseG1GC                                  = true                                      {product} {ergonomic}
     bool UseLargePagesIndividualAllocation        = false                                  {pd product} {ergonomic}

Logging:
Log output configuration:
 #0: stdout all=warning uptime,level,tags
 #1: stderr all=off uptime,level,tags

Environment Variables:
JAVA_HOME=C:\Program Files\Java\jdk-11.0.6
PATH=C:\Python27\;C:\Python27\Scripts;C:\Program Files (x86)\Intel\iCLS Client\;C:\Program Files\Intel\iCLS Client\;C:\windows\system32;C:\windows;C:\windows\System32\Wbem;C:\windows\System32\WindowsPowerShell\v1.0\;C:\Program Files (x86)\Intel\Intel(R) Management Engine Components\DAL;C:\Program Files\Intel\Intel(R) Management Engine Components\DAL;C:\Program Files (x86)\Intel\Intel(R) Management Engine Components\IPT;C:\Program Files\Intel\Intel(R) Management Engine Components\IPT;C:\Program Files (x86)\NVIDIA Corporation\PhysX\Common;C:\WINDOWS\system32;C:\WINDOWS;C:\WINDOWS\System32\Wbem;C:\WINDOWS\System32\WindowsPowerShell\v1.0\;C:\WINDOWS\System32\OpenSSH\;C:\Users\Dhanushguntha\AppData\Local\Programs\Python\Python37;C:\Program Files\Intel\WiFi\bin\;C:\Program Files\Common Files\Intel\WirelessCommon\;C:\Program Files\Git\cmd;C:\Program Files (x86)\Yarn\bin\;C:\Program Files\NVIDIA Corporation\NVIDIA NvDLISR;C:\Program Files\nodejs;C:\ProgramData\chocolatey\bin;C:\Program Files\nodejs\;C:\opt\apache-maven-3.6.3\bin;C:\Program Files\Java\jdk-11.0.6\bin;C:\Users\Dhanushguntha\Anaconda3\Scripts;C:\Users\Dhanushguntha\Anaconda3\Scripts;C:\Users\Dhanushguntha\AppData\Local\Programs\Microsoft VS Code\bin;C:\Users\Dhanushguntha\AppData\Roaming\npm;
USERNAME=Dhanushguntha
OS=Windows_NT
PROCESSOR_IDENTIFIER=Intel64 Family 6 Model 142 Stepping 9, GenuineIntel



---------------  S Y S T E M  ---------------

OS: Windows 10 , 64 bit Build 18362 (10.0.18362.329)

CPU:total 4 (initial active 4) (2 cores per cpu, 2 threads per core) family 6 model 142 stepping 9, cmov, cx8, fxsr, mmx, sse, sse2, sse3, ssse3, sse4.1, sse4.2, popcnt, avx, avx2, aes, clmul, erms, 3dnowpref, lzcnt, ht, tsc, tscinvbit, bmi1, bmi2, adx, fma

Memory: 4k page, system-wide physical 8077M (1098M free)
TotalPageFile size 8077M (AvailPageFile size 8M)
current process WorkingSet (physical memory assigned to process): 128M, peak: 128M
current process commit charge ("private bytes"): 254M, peak: 254M

vm_info: Java HotSpot(TM) 64-Bit Server VM (11.0.6+8-LTS) for windows-amd64 JRE (11.0.6+8-LTS), built on Dec 11 2019 09:17:57 by "mach5one" with MS VC++ 15.5 (VS2017)

END.
