#
# There is insufficient memory for the Java Runtime Environment to continue.
# Native memory allocation (malloc) failed to allocate 1048576 bytes for AllocateHeap
# Possible reasons:
#   The system is out of physical RAM or swap space
#   The process is running with CompressedOops enabled, and the Java Heap may be blocking the growth of the native heap
# Possible solutions:
#   Reduce memory load on the system
#   Increase physical memory or swap space
#   Check if swap backing store is full
#   Decrease Java heap size (-Xmx/-Xms)
#   Decrease number of Java threads
#   Decrease Java thread stack sizes (-Xss)
#   Set larger code cache with -XX:ReservedCodeCacheSize=
#   JVM is running with Unscaled Compressed Oops mode in which the Java heap is
#     placed in the first 4GB address space. The Java Heap base address is the
#     maximum limit for the native heap growth. Please use -XX:HeapBaseMinAddress
#     to set the Java Heap base and to place the Java Heap above 4GB virtual address.
# This output file may be truncated or incomplete.
#
#  Out of Memory Error (t:/workspace/open/src/hotspot/share/memory/allocation.cpp:46), pid=8796, tid=15008
#
# JRE version: Java(TM) SE Runtime Environment (11.0.6+8) (build 11.0.6+8-LTS)
# Java VM: Java HotSpot(TM) 64-Bit Server VM (11.0.6+8-LTS, mixed mode, tiered, compressed oops, g1 gc, windows-amd64)
# No core dump will be written. Minidumps are not enabled by default on client versions of Windows
#

---------------  S U M M A R Y ------------

Command Line: -Xverify:none -XX:TieredStopAtLevel=1 com.webcontroller.webcontroller.model.ReactandSpringDataRestApplication

Host: Intel(R) Core(TM) i5-7200U CPU @ 2.50GHz, 4 cores, 7G,  Windows 10 , 64 bit Build 18362 (10.0.18362.329)
Time: Wed Apr  8 07:16:18 2020 India Standard Time elapsed time: 2 seconds (0d 0h 0m 2s)

---------------  T H R E A D  ---------------

Current thread (0x000001dfddf81000):  VMThread "VM Thread" [stack: 0x000000a35ae00000,0x000000a35af00000] [id=15008]

Stack: [0x000000a35ae00000,0x000000a35af00000]
[error occurred during error reporting (printing stack bounds), id 0xc0000005, EXCEPTION_ACCESS_VIOLATION (0xc0000005) at pc=0x000001dfc7810bad]

Native frames: (J=compiled Java code, j=interpreted, Vv=VM code, C=native code)
V  [jvm.dll+0x63679a]
V  [jvm.dll+0x7755bf]
V  [jvm.dll+0x776c65]
V  [jvm.dll+0x777235]
V  [jvm.dll+0x7771eb]
V  [jvm.dll+0x635e96]
V  [jvm.dll+0x636268]
C  [ntdll.dll+0xa121f]
C  [ntdll.dll+0x6a289]
C  [ntdll.dll+0x9fe8e]
C  0x000001dfc7810bad

VM_Operation (0x000000a35bafc2b0): CollectForMetadataAllocation, mode: safepoint, requested by thread 0x000001dfdf2a2000


---------------  P R O C E S S  ---------------

Threads class SMR info:
_java_thread_list=0x000001dfdf289760, length=10, elements={
0x000001dfbdca1800, 0x000001dfddfbc800, 0x000001dfddfbd800, 0x000001dfde922800,
0x000001dfde923800, 0x000001dfddfc9000, 0x000001dfddfcc800, 0x000001dfdea38800,
0x000001dfdea42800, 0x000001dfdf2a2000
}

Java Threads: ( => current thread )
  0x000001dfbdca1800 JavaThread "main" [_thread_blocked, id=10712, stack(0x000000a35a800000,0x000000a35a900000)]
  0x000001dfddfbc800 JavaThread "Reference Handler" daemon [_thread_blocked, id=4224, stack(0x000000a35af00000,0x000000a35b000000)]
  0x000001dfddfbd800 JavaThread "Finalizer" daemon [_thread_blocked, id=1572, stack(0x000000a35b000000,0x000000a35b100000)]
  0x000001dfde922800 JavaThread "Signal Dispatcher" daemon [_thread_blocked, id=7916, stack(0x000000a35b100000,0x000000a35b200000)]
  0x000001dfde923800 JavaThread "Attach Listener" daemon [_thread_blocked, id=12708, stack(0x000000a35b200000,0x000000a35b300000)]
  0x000001dfddfc9000 JavaThread "C1 CompilerThread0" daemon [_thread_blocked, id=13632, stack(0x000000a35b300000,0x000000a35b400000)]
  0x000001dfddfcc800 JavaThread "Sweeper thread" daemon [_thread_blocked, id=7292, stack(0x000000a35b400000,0x000000a35b500000)]
  0x000001dfdea38800 JavaThread "Service Thread" daemon [_thread_blocked, id=14600, stack(0x000000a35b500000,0x000000a35b600000)]
  0x000001dfdea42800 JavaThread "Common-Cleaner" daemon [_thread_blocked, id=10692, stack(0x000000a35b700000,0x000000a35b800000)]
  0x000001dfdf2a2000 JavaThread "background-preinit" [_thread_blocked, id=12624, stack(0x000000a35ba00000,0x000000a35bb00000)]

Other Threads:
=>0x000001dfddf81000 VMThread "VM Thread" [stack: 0x000000a35ae00000,0x000000a35af00000] [id=15008]
  0x000001dfdea3c000 WatcherThread [stack: 0x000000a35b600000,0x000000a35b700000] [id=14164]
  0x000001dfbdcb9000 GCTaskThread "GC Thread#0" [stack: 0x000000a35a900000,0x000000a35aa00000] [id=8436]
  0x000001dfdef84800 GCTaskThread "GC Thread#1" [stack: 0x000000a35b800000,0x000000a35b900000] [id=9692]
  0x000001dfdf26a000 GCTaskThread "GC Thread#2" [stack: 0x000000a35b900000,0x000000a35ba00000] [id=14008]
  0x000001dfdf2c9000 GCTaskThread "GC Thread#3" [stack: 0x000000a35bb00000,0x000000a35bc00000] [id=3344]
  0x000001dfbdce8800 ConcurrentGCThread "G1 Main Marker" [stack: 0x000000a35aa00000,0x000000a35ab00000] [id=12720]
  0x000001dfbdcea000 ConcurrentGCThread "G1 Conc#0" [stack: 0x000000a35ab00000,0x000000a35ac00000] [id=2856]
  0x000001dfdddf0800 ConcurrentGCThread "G1 Refine#0" [stack: 0x000000a35ac00000,0x000000a35ad00000] [id=1696]
  0x000001dfbdd6a000 ConcurrentGCThread "G1 Young RemSet Sampling" [stack: 0x000000a35ad00000,0x000000a35ae00000] [id=12592]

Threads with active compile tasks:
C1 CompilerThread01617       1       java.lang.reflect.ProxyGenerator::code_ldc (64 bytes)

VM state:at safepoint (normal execution)

VM Mutex/Monitor currently owned by a thread:  ([mutex/lock_event])
[0x000001dfbdca0d50] Threads_lock - owner thread: 0x000001dfddf81000
[0x000001dfbdca0060] Heap_lock - owner thread: 0x000001dfdf2a2000

OutOfMemory and StackOverflow Exception counts:
OutOfMemoryError java_heap_errors=1
LinkageErrors=27

Heap address: 0x0000000081c00000, size: 2020 MB, Compressed Oops mode: 32-bit
Narrow klass base: 0x0000000000000000, Narrow klass shift: 3
Compressed class space size: 1073741824 Address: 0x0000000100000000

Heap:
 garbage-first heap   total 131072K, used 8494K [0x0000000081c00000, 0x0000000100000000)
  region size 1024K, 3 young (3072K), 3 survivors (3072K)
 Metaspace       used 19677K, capacity 20085K, committed 20224K, reserved 1081344K
  class space    used 2290K, capacity 2477K, committed 2560K, reserved 1048576K
Heap Regions: E=young(eden), S=young(survivor), O=old, HS=humongous(starts), HC=humongous(continues), CS=collection set, F=free, A=archive, TAMS=top-at-mark-start (previous, next)
|   0|0x0000000081c00000, 0x0000000081d00000, 0x0000000081d00000|100%|HS|  |TAMS 0x0000000081c00000, 0x0000000081d00000| Complete 
|   1|0x0000000081d00000, 0x0000000081e00000, 0x0000000081e00000|100%| O|  |TAMS 0x0000000081d00000, 0x0000000081e00000| Untracked 
|   2|0x0000000081e00000, 0x0000000081f00000, 0x0000000081f00000|100%| O|  |TAMS 0x0000000081e00000, 0x0000000081f00000| Untracked 
|   3|0x0000000081f00000, 0x0000000082000000, 0x0000000082000000|100%| O|  |TAMS 0x0000000081f00000, 0x0000000082000000| Untracked 
|   4|0x0000000082000000, 0x0000000082100000, 0x0000000082100000|100%| O|  |TAMS 0x0000000082000000, 0x0000000082100000| Untracked 
|   5|0x0000000082100000, 0x00000000821cf600, 0x0000000082200000| 81%| O|  |TAMS 0x0000000082100000, 0x00000000821cf600| Untracked 
|   6|0x0000000082200000, 0x0000000082200000, 0x0000000082300000|  0%| F|  |TAMS 0x0000000082200000, 0x0000000082200000| Untracked 
|   7|0x0000000082300000, 0x0000000082300000, 0x0000000082400000|  0%| F|  |TAMS 0x0000000082300000, 0x0000000082300000| Untracked 
|   8|0x0000000082400000, 0x0000000082400000, 0x0000000082500000|  0%| F|  |TAMS 0x0000000082400000, 0x0000000082400000| Untracked 
|   9|0x0000000082500000, 0x0000000082500000, 0x0000000082600000|  0%| F|  |TAMS 0x0000000082500000, 0x0000000082500000| Untracked 
|  10|0x0000000082600000, 0x0000000082600000, 0x0000000082700000|  0%| F|  |TAMS 0x0000000082600000, 0x0000000082600000| Untracked 
|  11|0x0000000082700000, 0x0000000082700000, 0x0000000082800000|  0%| F|  |TAMS 0x0000000082700000, 0x0000000082700000| Untracked 
|  12|0x0000000082800000, 0x0000000082800000, 0x0000000082900000|  0%| F|  |TAMS 0x0000000082800000, 0x0000000082800000| Untracked 
|  13|0x0000000082900000, 0x0000000082900000, 0x0000000082a00000|  0%| F|  |TAMS 0x0000000082900000, 0x0000000082900000| Untracked 
|  14|0x0000000082a00000, 0x0000000082a00000, 0x0000000082b00000|  0%| F|  |TAMS 0x0000000082a00000, 0x0000000082a00000| Untracked 
|  15|0x0000000082b00000, 0x0000000082b00000, 0x0000000082c00000|  0%| F|  |TAMS 0x0000000082b00000, 0x0000000082b00000| Untracked 
|  16|0x0000000082c00000, 0x0000000082c00000, 0x0000000082d00000|  0%| F|  |TAMS 0x0000000082c00000, 0x0000000082c00000| Untracked 
|  17|0x0000000082d00000, 0x0000000082d00000, 0x0000000082e00000|  0%| F|  |TAMS 0x0000000082d00000, 0x0000000082d00000| Untracked 
|  18|0x0000000082e00000, 0x0000000082e00000, 0x0000000082f00000|  0%| F|  |TAMS 0x0000000082e00000, 0x0000000082e00000| Untracked 
|  19|0x0000000082f00000, 0x0000000082f00000, 0x0000000083000000|  0%| F|  |TAMS 0x0000000082f00000, 0x0000000082f00000| Untracked 
|  20|0x0000000083000000, 0x0000000083000000, 0x0000000083100000|  0%| F|  |TAMS 0x0000000083000000, 0x0000000083000000| Untracked 
|  21|0x0000000083100000, 0x0000000083100000, 0x0000000083200000|  0%| F|  |TAMS 0x0000000083100000, 0x0000000083100000| Untracked 
|  22|0x0000000083200000, 0x0000000083200000, 0x0000000083300000|  0%| F|  |TAMS 0x0000000083200000, 0x0000000083200000| Untracked 
|  23|0x0000000083300000, 0x0000000083300000, 0x0000000083400000|  0%| F|  |TAMS 0x0000000083300000, 0x0000000083300000| Untracked 
|  24|0x0000000083400000, 0x0000000083400000, 0x0000000083500000|  0%| F|  |TAMS 0x0000000083400000, 0x0000000083400000| Untracked 
|  25|0x0000000083500000, 0x0000000083500000, 0x0000000083600000|  0%| F|  |TAMS 0x0000000083500000, 0x0000000083500000| Untracked 
|  26|0x0000000083600000, 0x0000000083600000, 0x0000000083700000|  0%| F|  |TAMS 0x0000000083600000, 0x0000000083600000| Untracked 
|  27|0x0000000083700000, 0x0000000083700000, 0x0000000083800000|  0%| F|  |TAMS 0x0000000083700000, 0x0000000083700000| Untracked 
|  28|0x0000000083800000, 0x0000000083800000, 0x0000000083900000|  0%| F|  |TAMS 0x0000000083800000, 0x0000000083800000| Untracked 
|  29|0x0000000083900000, 0x0000000083900000, 0x0000000083a00000|  0%| F|  |TAMS 0x0000000083900000, 0x0000000083900000| Untracked 
|  30|0x0000000083a00000, 0x0000000083a00000, 0x0000000083b00000|  0%| F|  |TAMS 0x0000000083a00000, 0x0000000083a00000| Untracked 
|  31|0x0000000083b00000, 0x0000000083b00000, 0x0000000083c00000|  0%| F|  |TAMS 0x0000000083b00000, 0x0000000083b00000| Untracked 
|  32|0x0000000083c00000, 0x0000000083c00000, 0x0000000083d00000|  0%| F|  |TAMS 0x0000000083c00000, 0x0000000083c00000| Untracked 
|  33|0x0000000083d00000, 0x0000000083d00000, 0x0000000083e00000|  0%| F|  |TAMS 0x0000000083d00000, 0x0000000083d00000| Untracked 
|  34|0x0000000083e00000, 0x0000000083e00000, 0x0000000083f00000|  0%| F|  |TAMS 0x0000000083e00000, 0x0000000083e00000| Untracked 
|  35|0x0000000083f00000, 0x0000000083f00000, 0x0000000084000000|  0%| F|  |TAMS 0x0000000083f00000, 0x0000000083f00000| Untracked 
|  36|0x0000000084000000, 0x0000000084000000, 0x0000000084100000|  0%| F|  |TAMS 0x0000000084000000, 0x0000000084000000| Untracked 
|  37|0x0000000084100000, 0x0000000084100000, 0x0000000084200000|  0%| F|  |TAMS 0x0000000084100000, 0x0000000084100000| Untracked 
|  38|0x0000000084200000, 0x0000000084200000, 0x0000000084300000|  0%| F|  |TAMS 0x0000000084200000, 0x0000000084200000| Untracked 
|  39|0x0000000084300000, 0x0000000084300000, 0x0000000084400000|  0%| F|  |TAMS 0x0000000084300000, 0x0000000084300000| Untracked 
|  40|0x0000000084400000, 0x0000000084400000, 0x0000000084500000|  0%| F|  |TAMS 0x0000000084400000, 0x0000000084400000| Untracked 
|  41|0x0000000084500000, 0x0000000084500000, 0x0000000084600000|  0%| F|  |TAMS 0x0000000084500000, 0x0000000084500000| Untracked 
|  42|0x0000000084600000, 0x0000000084600000, 0x0000000084700000|  0%| F|  |TAMS 0x0000000084600000, 0x0000000084600000| Untracked 
|  43|0x0000000084700000, 0x0000000084700000, 0x0000000084800000|  0%| F|  |TAMS 0x0000000084700000, 0x0000000084700000| Untracked 
|  44|0x0000000084800000, 0x0000000084800000, 0x0000000084900000|  0%| F|  |TAMS 0x0000000084800000, 0x0000000084800000| Untracked 
|  45|0x0000000084900000, 0x0000000084900000, 0x0000000084a00000|  0%| F|  |TAMS 0x0000000084900000, 0x0000000084900000| Untracked 
|  46|0x0000000084a00000, 0x0000000084a00000, 0x0000000084b00000|  0%| F|  |TAMS 0x0000000084a00000, 0x0000000084a00000| Untracked 
|  47|0x0000000084b00000, 0x0000000084b00000, 0x0000000084c00000|  0%| F|  |TAMS 0x0000000084b00000, 0x0000000084b00000| Untracked 
|  48|0x0000000084c00000, 0x0000000084c00000, 0x0000000084d00000|  0%| F|  |TAMS 0x0000000084c00000, 0x0000000084c00000| Untracked 
|  49|0x0000000084d00000, 0x0000000084d00000, 0x0000000084e00000|  0%| F|  |TAMS 0x0000000084d00000, 0x0000000084d00000| Untracked 
|  50|0x0000000084e00000, 0x0000000084e00000, 0x0000000084f00000|  0%| F|  |TAMS 0x0000000084e00000, 0x0000000084e00000| Untracked 
|  51|0x0000000084f00000, 0x0000000084f00000, 0x0000000085000000|  0%| F|  |TAMS 0x0000000084f00000, 0x0000000084f00000| Untracked 
|  52|0x0000000085000000, 0x0000000085000000, 0x0000000085100000|  0%| F|  |TAMS 0x0000000085000000, 0x0000000085000000| Untracked 
|  53|0x0000000085100000, 0x0000000085100000, 0x0000000085200000|  0%| F|  |TAMS 0x0000000085100000, 0x0000000085100000| Untracked 
|  54|0x0000000085200000, 0x0000000085200000, 0x0000000085300000|  0%| F|  |TAMS 0x0000000085200000, 0x0000000085200000| Untracked 
|  55|0x0000000085300000, 0x0000000085300000, 0x0000000085400000|  0%| F|  |TAMS 0x0000000085300000, 0x0000000085300000| Untracked 
|  56|0x0000000085400000, 0x0000000085400000, 0x0000000085500000|  0%| F|  |TAMS 0x0000000085400000, 0x0000000085400000| Untracked 
|  57|0x0000000085500000, 0x0000000085500000, 0x0000000085600000|  0%| F|  |TAMS 0x0000000085500000, 0x0000000085500000| Untracked 
|  58|0x0000000085600000, 0x0000000085600000, 0x0000000085700000|  0%| F|  |TAMS 0x0000000085600000, 0x0000000085600000| Untracked 
|  59|0x0000000085700000, 0x0000000085700000, 0x0000000085800000|  0%| F|  |TAMS 0x0000000085700000, 0x0000000085700000| Untracked 
|  60|0x0000000085800000, 0x0000000085800000, 0x0000000085900000|  0%| F|  |TAMS 0x0000000085800000, 0x0000000085800000| Untracked 
|  61|0x0000000085900000, 0x0000000085900000, 0x0000000085a00000|  0%| F|  |TAMS 0x0000000085900000, 0x0000000085900000| Untracked 
|  62|0x0000000085a00000, 0x0000000085a00000, 0x0000000085b00000|  0%| F|  |TAMS 0x0000000085a00000, 0x0000000085a00000| Untracked 
|  63|0x0000000085b00000, 0x0000000085b00000, 0x0000000085c00000|  0%| F|  |TAMS 0x0000000085b00000, 0x0000000085b00000| Untracked 
|  64|0x0000000085c00000, 0x0000000085c00000, 0x0000000085d00000|  0%| F|  |TAMS 0x0000000085c00000, 0x0000000085c00000| Untracked 
|  65|0x0000000085d00000, 0x0000000085d00000, 0x0000000085e00000|  0%| F|  |TAMS 0x0000000085d00000, 0x0000000085d00000| Untracked 
|  66|0x0000000085e00000, 0x0000000085e00000, 0x0000000085f00000|  0%| F|  |TAMS 0x0000000085e00000, 0x0000000085e00000| Untracked 
|  67|0x0000000085f00000, 0x0000000085f00000, 0x0000000086000000|  0%| F|  |TAMS 0x0000000085f00000, 0x0000000085f00000| Untracked 
|  68|0x0000000086000000, 0x0000000086000000, 0x0000000086100000|  0%| F|  |TAMS 0x0000000086000000, 0x0000000086000000| Untracked 
|  69|0x0000000086100000, 0x0000000086100000, 0x0000000086200000|  0%| F|  |TAMS 0x0000000086100000, 0x0000000086100000| Untracked 
|  70|0x0000000086200000, 0x0000000086200000, 0x0000000086300000|  0%| F|  |TAMS 0x0000000086200000, 0x0000000086200000| Untracked 
|  71|0x0000000086300000, 0x0000000086300000, 0x0000000086400000|  0%| F|  |TAMS 0x0000000086300000, 0x0000000086300000| Untracked 
|  72|0x0000000086400000, 0x0000000086400000, 0x0000000086500000|  0%| F|  |TAMS 0x0000000086400000, 0x0000000086400000| Untracked 
|  73|0x0000000086500000, 0x0000000086500000, 0x0000000086600000|  0%| F|  |TAMS 0x0000000086500000, 0x0000000086500000| Untracked 
|  74|0x0000000086600000, 0x0000000086600000, 0x0000000086700000|  0%| F|  |TAMS 0x0000000086600000, 0x0000000086600000| Untracked 
|  75|0x0000000086700000, 0x0000000086700000, 0x0000000086800000|  0%| F|  |TAMS 0x0000000086700000, 0x0000000086700000| Untracked 
|  76|0x0000000086800000, 0x0000000086800000, 0x0000000086900000|  0%| F|  |TAMS 0x0000000086800000, 0x0000000086800000| Untracked 
|  77|0x0000000086900000, 0x0000000086900000, 0x0000000086a00000|  0%| F|  |TAMS 0x0000000086900000, 0x0000000086900000| Untracked 
|  78|0x0000000086a00000, 0x0000000086a00000, 0x0000000086b00000|  0%| F|  |TAMS 0x0000000086a00000, 0x0000000086a00000| Untracked 
|  79|0x0000000086b00000, 0x0000000086b00000, 0x0000000086c00000|  0%| F|  |TAMS 0x0000000086b00000, 0x0000000086b00000| Untracked 
|  80|0x0000000086c00000, 0x0000000086c00000, 0x0000000086d00000|  0%| F|  |TAMS 0x0000000086c00000, 0x0000000086c00000| Untracked 
|  81|0x0000000086d00000, 0x0000000086d00000, 0x0000000086e00000|  0%| F|  |TAMS 0x0000000086d00000, 0x0000000086d00000| Untracked 
|  82|0x0000000086e00000, 0x0000000086e00000, 0x0000000086f00000|  0%| F|  |TAMS 0x0000000086e00000, 0x0000000086e00000| Untracked 
|  83|0x0000000086f00000, 0x0000000086f00000, 0x0000000087000000|  0%| F|  |TAMS 0x0000000086f00000, 0x0000000086f00000| Untracked 
|  84|0x0000000087000000, 0x0000000087000000, 0x0000000087100000|  0%| F|  |TAMS 0x0000000087000000, 0x0000000087000000| Untracked 
|  85|0x0000000087100000, 0x0000000087100000, 0x0000000087200000|  0%| F|  |TAMS 0x0000000087100000, 0x0000000087100000| Untracked 
|  86|0x0000000087200000, 0x0000000087200000, 0x0000000087300000|  0%| F|  |TAMS 0x0000000087200000, 0x0000000087200000| Untracked 
|  87|0x0000000087300000, 0x0000000087300000, 0x0000000087400000|  0%| F|  |TAMS 0x0000000087300000, 0x0000000087300000| Untracked 
|  88|0x0000000087400000, 0x0000000087400000, 0x0000000087500000|  0%| F|  |TAMS 0x0000000087400000, 0x0000000087400000| Untracked 
|  89|0x0000000087500000, 0x0000000087500000, 0x0000000087600000|  0%| F|  |TAMS 0x0000000087500000, 0x0000000087500000| Untracked 
|  90|0x0000000087600000, 0x0000000087600000, 0x0000000087700000|  0%| F|  |TAMS 0x0000000087600000, 0x0000000087600000| Untracked 
|  91|0x0000000087700000, 0x0000000087700000, 0x0000000087800000|  0%| F|  |TAMS 0x0000000087700000, 0x0000000087700000| Untracked 
|  92|0x0000000087800000, 0x0000000087800000, 0x0000000087900000|  0%| F|  |TAMS 0x0000000087800000, 0x0000000087800000| Untracked 
|  93|0x0000000087900000, 0x0000000087900000, 0x0000000087a00000|  0%| F|  |TAMS 0x0000000087900000, 0x0000000087900000| Untracked 
|  94|0x0000000087a00000, 0x0000000087a00000, 0x0000000087b00000|  0%| F|  |TAMS 0x0000000087a00000, 0x0000000087a00000| Untracked 
|  95|0x0000000087b00000, 0x0000000087b00000, 0x0000000087c00000|  0%| F|  |TAMS 0x0000000087b00000, 0x0000000087b00000| Untracked 
|  96|0x0000000087c00000, 0x0000000087c00000, 0x0000000087d00000|  0%| F|  |TAMS 0x0000000087c00000, 0x0000000087c00000| Untracked 
|  97|0x0000000087d00000, 0x0000000087d00000, 0x0000000087e00000|  0%| F|  |TAMS 0x0000000087d00000, 0x0000000087d00000| Untracked 
|  98|0x0000000087e00000, 0x0000000087e00000, 0x0000000087f00000|  0%| F|  |TAMS 0x0000000087e00000, 0x0000000087e00000| Untracked 
|  99|0x0000000087f00000, 0x0000000087f00000, 0x0000000088000000|  0%| F|  |TAMS 0x0000000087f00000, 0x0000000087f00000| Untracked 
| 100|0x0000000088000000, 0x0000000088000000, 0x0000000088100000|  0%| F|  |TAMS 0x0000000088000000, 0x0000000088000000| Untracked 
| 101|0x0000000088100000, 0x0000000088100000, 0x0000000088200000|  0%| F|  |TAMS 0x0000000088100000, 0x0000000088100000| Untracked 
| 102|0x0000000088200000, 0x000000008827c3c8, 0x0000000088300000| 48%| S|CS|TAMS 0x0000000088200000, 0x0000000088200000| Complete 
| 103|0x0000000088300000, 0x0000000088400000, 0x0000000088400000|100%| S|CS|TAMS 0x0000000088300000, 0x0000000088300000| Complete 
| 104|0x0000000088400000, 0x0000000088500000, 0x0000000088500000|100%| S|CS|TAMS 0x0000000088400000, 0x0000000088400000| Complete 
| 105|0x0000000088500000, 0x0000000088500000, 0x0000000088600000|  0%| F|  |TAMS 0x0000000088500000, 0x0000000088500000| Untracked 
| 106|0x0000000088600000, 0x0000000088600000, 0x0000000088700000|  0%| F|  |TAMS 0x0000000088600000, 0x0000000088600000| Untracked 
| 107|0x0000000088700000, 0x0000000088700000, 0x0000000088800000|  0%| F|  |TAMS 0x0000000088700000, 0x0000000088700000| Untracked 
| 108|0x0000000088800000, 0x0000000088800000, 0x0000000088900000|  0%| F|  |TAMS 0x0000000088800000, 0x0000000088800000| Untracked 
| 109|0x0000000088900000, 0x0000000088900000, 0x0000000088a00000|  0%| F|  |TAMS 0x0000000088900000, 0x0000000088900000| Untracked 
| 110|0x0000000088a00000, 0x0000000088a00000, 0x0000000088b00000|  0%| F|  |TAMS 0x0000000088a00000, 0x0000000088a00000| Untracked 
| 111|0x0000000088b00000, 0x0000000088b00000, 0x0000000088c00000|  0%| F|  |TAMS 0x0000000088b00000, 0x0000000088b00000| Untracked 
| 112|0x0000000088c00000, 0x0000000088c00000, 0x0000000088d00000|  0%| F|  |TAMS 0x0000000088c00000, 0x0000000088c00000| Untracked 
| 113|0x0000000088d00000, 0x0000000088d00000, 0x0000000088e00000|  0%| F|  |TAMS 0x0000000088d00000, 0x0000000088d00000| Untracked 
| 114|0x0000000088e00000, 0x0000000088e00000, 0x0000000088f00000|  0%| F|  |TAMS 0x0000000088e00000, 0x0000000088e00000| Untracked 
| 115|0x0000000088f00000, 0x0000000088f00000, 0x0000000089000000|  0%| F|  |TAMS 0x0000000088f00000, 0x0000000088f00000| Untracked 
| 116|0x0000000089000000, 0x0000000089000000, 0x0000000089100000|  0%| F|  |TAMS 0x0000000089000000, 0x0000000089000000| Untracked 
| 117|0x0000000089100000, 0x0000000089100000, 0x0000000089200000|  0%| F|  |TAMS 0x0000000089100000, 0x0000000089100000| Untracked 
| 118|0x0000000089200000, 0x0000000089200000, 0x0000000089300000|  0%| F|  |TAMS 0x0000000089200000, 0x0000000089200000| Untracked 
| 119|0x0000000089300000, 0x0000000089300000, 0x0000000089400000|  0%| F|  |TAMS 0x0000000089300000, 0x0000000089300000| Untracked 
| 120|0x0000000089400000, 0x0000000089400000, 0x0000000089500000|  0%| F|  |TAMS 0x0000000089400000, 0x0000000089400000| Untracked 
| 121|0x0000000089500000, 0x0000000089500000, 0x0000000089600000|  0%| F|  |TAMS 0x0000000089500000, 0x0000000089500000| Untracked 
| 122|0x0000000089600000, 0x0000000089600000, 0x0000000089700000|  0%| F|  |TAMS 0x0000000089600000, 0x0000000089600000| Untracked 
| 123|0x0000000089700000, 0x0000000089700000, 0x0000000089800000|  0%| F|  |TAMS 0x0000000089700000, 0x0000000089700000| Untracked 
| 124|0x0000000089800000, 0x0000000089800000, 0x0000000089900000|  0%| F|  |TAMS 0x0000000089800000, 0x0000000089800000| Untracked 
| 125|0x0000000089900000, 0x0000000089900000, 0x0000000089a00000|  0%| F|  |TAMS 0x0000000089900000, 0x0000000089900000| Untracked 
| 126|0x0000000089a00000, 0x0000000089a00000, 0x0000000089b00000|  0%| F|  |TAMS 0x0000000089a00000, 0x0000000089a00000| Untracked 
| 127|0x0000000089b00000, 0x0000000089b00000, 0x0000000089c00000|  0%| F|  |TAMS 0x0000000089b00000, 0x0000000089b00000| Untracked 

Card table byte_map: [0x000001dfd7230000,0x000001dfd7630000] _byte_map_base: 0x000001dfd6e22000

Marking Bits (Prev, Next): (CMBitMap*) 0x000001dfbdcded88, (CMBitMap*) 0x000001dfbdcdedc0
 Prev Bits: [0x000001dfd7a30000, 0x000001dfd99c0000)
 Next Bits: [0x000001dfd99c0000, 0x000001dfdb950000)

Polling page: 0x000001dfbdb00000

Metaspace:

Usage:
  Non-class:     17.20 MB capacity,    16.98 MB ( 99%) used,   173.63 KB ( <1%) free+waste,    47.13 KB ( <1%) overhead. 
      Class:      2.42 MB capacity,     2.24 MB ( 92%) used,   162.86 KB (  7%) free+waste,    23.75 KB ( <1%) overhead. 
       Both:     19.61 MB capacity,    19.22 MB ( 98%) used,   336.49 KB (  2%) free+waste,    70.88 KB ( <1%) overhead. 

Virtual space:
  Non-class space:       32.00 MB reserved,      17.25 MB ( 54%) committed 
      Class space:        1.00 GB reserved,       2.50 MB ( <1%) committed 
             Both:        1.03 GB reserved,      19.75 MB (  2%) committed 

Chunk freelists:
   Non-Class:  7.00 KB
       Class:  2.38 KB
        Both:  9.38 KB

CodeHeap 'non-profiled nmethods': size=238912Kb used=2339Kb max_used=2339Kb free=236572Kb
 bounds [0x000001dfc7ec0000, 0x000001dfc8130000, 0x000001dfd6810000]
CodeHeap 'non-nmethods': size=6848Kb used=1106Kb max_used=1106Kb free=5741Kb
 bounds [0x000001dfc7810000, 0x000001dfc7a80000, 0x000001dfc7ec0000]
 total_blobs=2049 nmethods=1600 adapters=344
 compilation: enabled
              stopped_count=0, restarted_count=0
 full_count=0

Compilation events (10 events):
Event: 2.002 Thread 0x000001dfddfc9000 nmethod 1611 0x000001dfc8107490 code [0x000001dfc8107640, 0x000001dfc8107790]
Event: 2.005 Thread 0x000001dfddfc9000 1613       1       org.springframework.util.Assert::state (14 bytes)
Event: 2.005 Thread 0x000001dfddfc9000 nmethod 1613 0x000001dfc8107d10 code [0x000001dfc8107ec0, 0x000001dfc8108030]
Event: 2.006 Thread 0x000001dfddfc9000 1614       1       java.nio.HeapByteBuffer::get (14 bytes)
Event: 2.006 Thread 0x000001dfddfc9000 nmethod 1614 0x000001dfc8108110 code [0x000001dfc81082e0, 0x000001dfc81084b0]
Event: 2.011 Thread 0x000001dfddfc9000 1615       1       org.springframework.core.annotation.AttributeMethods::get (7 bytes)
Event: 2.011 Thread 0x000001dfddfc9000 nmethod 1615 0x000001dfc8108610 code [0x000001dfc81087c0, 0x000001dfc81088f8]
Event: 2.018 Thread 0x000001dfddfc9000 1616       1       java.lang.reflect.ProxyGenerator$ConstantPool::getString (21 bytes)
Event: 2.018 Thread 0x000001dfddfc9000 nmethod 1616 0x000001dfc8108a10 code [0x000001dfc8108be0, 0x000001dfc8108e70]
Event: 2.018 Thread 0x000001dfddfc9000 1617       1       java.lang.reflect.ProxyGenerator::code_ldc (64 bytes)

GC Heap History (8 events):
Event: 0.960 GC heap before
{Heap before GC invocations=0 (full 0):
 garbage-first heap   total 131072K, used 15360K [0x0000000081c00000, 0x0000000100000000)
  region size 1024K, 14 young (14336K), 0 survivors (0K)
 Metaspace       used 8707K, capacity 8824K, committed 9088K, reserved 1056768K
  class space    used 801K, capacity 836K, committed 896K, reserved 1048576K
}
Event: 0.968 GC heap after
{Heap after GC invocations=1 (full 0):
 garbage-first heap   total 131072K, used 5938K [0x0000000081c00000, 0x0000000100000000)
  region size 1024K, 2 young (2048K), 2 survivors (2048K)
 Metaspace       used 8707K, capacity 8824K, committed 9088K, reserved 1056768K
  class space    used 801K, capacity 836K, committed 896K, reserved 1048576K
}
Event: 1.213 GC heap before
{Heap before GC invocations=1 (full 0):
 garbage-first heap   total 131072K, used 14130K [0x0000000081c00000, 0x0000000100000000)
  region size 1024K, 10 young (10240K), 2 survivors (2048K)
 Metaspace       used 10871K, capacity 11026K, committed 11264K, reserved 1058816K
  class space    used 1103K, capacity 1192K, committed 1280K, reserved 1048576K
}
Event: 1.218 GC heap after
{Heap after GC invocations=2 (full 0):
 garbage-first heap   total 131072K, used 6485K [0x0000000081c00000, 0x0000000100000000)
  region size 1024K, 1 young (1024K), 1 survivors (1024K)
 Metaspace       used 10871K, capacity 11026K, committed 11264K, reserved 1058816K
  class space    used 1103K, capacity 1192K, committed 1280K, reserved 1048576K
}
Event: 1.687 GC heap before
{Heap before GC invocations=2 (full 0):
 garbage-first heap   total 131072K, used 33109K [0x0000000081c00000, 0x0000000100000000)
  region size 1024K, 27 young (27648K), 1 survivors (1024K)
 Metaspace       used 15803K, capacity 16110K, committed 16384K, reserved 1069056K
  class space    used 1808K, capacity 1935K, committed 2048K, reserved 1048576K
}
Event: 1.691 GC heap after
{Heap after GC invocations=3 (full 0):
 garbage-first heap   total 131072K, used 7753K [0x0000000081c00000, 0x0000000100000000)
  region size 1024K, 2 young (2048K), 2 survivors (2048K)
 Metaspace       used 15803K, capacity 16110K, committed 16384K, reserved 1069056K
  class space    used 1808K, capacity 1935K, committed 2048K, reserved 1048576K
}
Event: 2.018 GC heap before
{Heap before GC invocations=3 (full 0):
 garbage-first heap   total 131072K, used 30281K [0x0000000081c00000, 0x0000000100000000)
  region size 1024K, 25 young (25600K), 2 survivors (2048K)
 Metaspace       used 19677K, capacity 20085K, committed 20224K, reserved 1079296K
  class space    used 2290K, capacity 2477K, committed 2560K, reserved 1048576K
}
Event: 2.023 GC heap after
{Heap after GC invocations=4 (full 0):
 garbage-first heap   total 131072K, used 8494K [0x0000000081c00000, 0x0000000100000000)
  region size 1024K, 3 young (3072K), 3 survivors (3072K)
 Metaspace       used 19677K, capacity 20085K, committed 20224K, reserved 1079296K
  class space    used 2290K, capacity 2477K, committed 2560K, reserved 1048576K
}

Deoptimization events (0 events):
No events

Classes redefined (0 events):
No events

Internal exceptions (10 events):
Event: 1.613 Thread 0x000001dfbdca1800 Exception <a 'java/lang/NoSuchMethodError'{0x0000000088a2cf10}: java.lang.invoke.DirectMethodHandle$Holder.invokeStaticInit(Ljava/lang/Object;Ljava/lang/Object;Ljava/lang/Object;)Ljava/lang/Object;> (0x0000000088a2cf10) thrown at [t:/workspace/open/src/ho
Event: 1.614 Thread 0x000001dfbdca1800 Exception <a 'java/lang/NoSuchMethodError'{0x0000000088a35668}: java.lang.invoke.DirectMethodHandle$Holder.invokeStatic(Ljava/lang/Object;Ljava/lang/Object;Ljava/lang/Object;Ljava/lang/Object;Ljava/lang/Object;Ljava/lang/Object;)V> (0x0000000088a35668) th
Event: 1.823 Thread 0x000001dfbdca1800 Exception <a 'java/lang/NoSuchMethodError'{0x0000000089477040}: java.lang.invoke.DirectMethodHandle$Holder.invokeSpecialIFC(Ljava/lang/Object;Ljava/lang/Object;I)I> (0x0000000089477040) thrown at [t:/workspace/open/src/hotspot/share/interpreter/linkResolv
Event: 1.870 Thread 0x000001dfdf2a2000 Exception <a 'java/lang/NoSuchMethodError'{0x00000000891dda68}: java.lang.invoke.DirectMethodHandle$Holder.invokeInterface(Ljava/lang/Object;Ljava/lang/Object;)I> (0x00000000891dda68) thrown at [t:/workspace/open/src/hotspot/share/interpreter/linkResolver
Event: 1.884 Thread 0x000001dfdf2a2000 Exception <a 'java/lang/NoSuchMethodError'{0x00000000890afd58}: java.lang.invoke.DirectMethodHandle$Holder.invokeStaticInit(Ljava/lang/Object;Ljava/lang/Object;Ljava/lang/Object;Ljava/lang/Object;Ljava/lang/Object;)Ljava/lang/Object;> (0x00000000890afd58)
Event: 1.897 Thread 0x000001dfdf2a2000 Exception <a 'java/lang/NoSuchMethodError'{0x0000000088fb8040}: java.lang.invoke.DirectMethodHandle$Holder.invokeSpecial(Ljava/lang/Object;Ljava/lang/Object;IILjava/lang/Object;Ljava/lang/Object;Ljava/lang/Object;)Ljava/lang/Object;> (0x0000000088fb8040) 
Event: 1.898 Thread 0x000001dfdf2a2000 Exception <a 'java/lang/NoSuchMethodError'{0x0000000088fbb5c8}: java.lang.invoke.DelegatingMethodHandle$Holder.reinvoke_L(Ljava/lang/Object;IILjava/lang/Object;Ljava/lang/Object;Ljava/lang/Object;)Ljava/lang/Object;> (0x0000000088fbb5c8) thrown at [t:/wor
Event: 1.898 Thread 0x000001dfdf2a2000 Exception <a 'java/lang/NoSuchMethodError'{0x0000000088fbf4a8}: java.lang.invoke.DirectMethodHandle$Holder.invokeStatic(Ljava/lang/Object;Ljava/lang/Object;Ljava/lang/Object;Ljava/lang/Object;I)Ljava/lang/Object;> (0x0000000088fbf4a8) thrown at [t:/worksp
Event: 1.948 Thread 0x000001dfbdca1800 Exception <a 'java/lang/NoSuchMethodError'{0x0000000088b374b8}: org.slf4j.impl.StaticMDCBinder.getSingleton()Lorg/slf4j/impl/StaticMDCBinder;> (0x0000000088b374b8) thrown at [t:/workspace/open/src/hotspot/share/interpreter/linkResolver.cpp, line 772]
Event: 2.009 Thread 0x000001dfdf2a2000 Exception <a 'java/lang/OutOfMemoryError'{0x00000000886c11b8}> (0x00000000886c11b8) thrown at [t:/workspace/open/src/hotspot/share/prims/jni.cpp, line 636]

Events (10 events):
Event: 2.016 loading class org/springframework/context/annotation/DeferredImportSelector done
Event: 2.016 loading class com/fasterxml/jackson/databind/deser/DeserializerFactory
Event: 2.016 loading class com/fasterxml/jackson/databind/deser/DeserializerFactory done
Event: 2.017 loading class org/springframework/context/annotation/ImportSelector
Event: 2.017 loading class org/springframework/context/annotation/ImportSelector done
Event: 2.017 loading class com/fasterxml/jackson/databind/deser/Deserializers
Event: 2.017 loading class com/fasterxml/jackson/databind/deser/Deserializers done
Event: 2.018 loading class com/fasterxml/jackson/databind/PropertyName
Event: 2.018 loading class com/fasterxml/jackson/databind/PropertyName done
Event: 2.018 Executing VM operation: CollectForMetadataAllocation


Dynamic libraries:
0x00007ff77b390000 - 0x00007ff77b3d7000 	C:\Program Files\Java\jdk-11.0.6\bin\java.exe
0x00007fff7cc20000 - 0x00007fff7ce10000 	C:\WINDOWS\SYSTEM32\ntdll.dll
0x00007fff7c1e0000 - 0x00007fff7c292000 	C:\WINDOWS\System32\KERNEL32.DLL
0x00007fff79bb0000 - 0x00007fff79e53000 	C:\WINDOWS\System32\KERNELBASE.dll
0x00007fff7ca80000 - 0x00007fff7cb23000 	C:\WINDOWS\System32\ADVAPI32.dll
0x00007fff7c3e0000 - 0x00007fff7c47e000 	C:\WINDOWS\System32\msvcrt.dll
0x00007fff7cb40000 - 0x00007fff7cbd7000 	C:\WINDOWS\System32\sechost.dll
0x00007fff7bc50000 - 0x00007fff7bd70000 	C:\WINDOWS\System32\RPCRT4.dll
0x00007fff7be80000 - 0x00007fff7c014000 	C:\WINDOWS\System32\USER32.dll
0x00007fff7a1c0000 - 0x00007fff7a1e1000 	C:\WINDOWS\System32\win32u.dll
0x00007fff7ad50000 - 0x00007fff7ad76000 	C:\WINDOWS\System32\GDI32.dll
0x00007fff7ab30000 - 0x00007fff7acc4000 	C:\WINDOWS\System32\gdi32full.dll
0x00007fff7a2f0000 - 0x00007fff7a38e000 	C:\WINDOWS\System32\msvcp_win.dll
0x00007fff7a0c0000 - 0x00007fff7a1ba000 	C:\WINDOWS\System32\ucrtbase.dll
0x00007fff6fd60000 - 0x00007fff6ffe5000 	C:\WINDOWS\WinSxS\amd64_microsoft.windows.common-controls_6595b64144ccf1df_6.0.18362.720_none_e6beb5c51314836b\COMCTL32.dll
0x00007fff7c480000 - 0x00007fff7c7b6000 	C:\WINDOWS\System32\combase.dll
0x00007fff751b0000 - 0x00007fff751ba000 	C:\WINDOWS\SYSTEM32\VERSION.dll
0x00007fff7a220000 - 0x00007fff7a2a0000 	C:\WINDOWS\System32\bcryptPrimitives.dll
0x00007fff7bd70000 - 0x00007fff7bd9e000 	C:\WINDOWS\System32\IMM32.DLL
0x00007fff73160000 - 0x00007fff73176000 	C:\Program Files\Java\jdk-11.0.6\bin\vcruntime140.dll
0x00007fff5b1c0000 - 0x00007fff5b26a000 	C:\Program Files\Java\jdk-11.0.6\bin\msvcp140.dll
0x00007fff2b630000 - 0x00007fff2c159000 	C:\Program Files\Java\jdk-11.0.6\bin\server\jvm.dll
0x00007fff7b2a0000 - 0x00007fff7b2a8000 	C:\WINDOWS\System32\PSAPI.DLL
0x00007fff6dc90000 - 0x00007fff6dc99000 	C:\WINDOWS\SYSTEM32\WSOCK32.dll
0x00007fff7c940000 - 0x00007fff7c9af000 	C:\WINDOWS\System32\WS2_32.dll
0x00007fff77050000 - 0x00007fff77074000 	C:\WINDOWS\SYSTEM32\WINMM.dll
0x00007fff76fe0000 - 0x00007fff7700d000 	C:\WINDOWS\SYSTEM32\WINMMBASE.dll
0x00007fff7a2a0000 - 0x00007fff7a2ea000 	C:\WINDOWS\System32\cfgmgr32.dll
0x00007fff79b40000 - 0x00007fff79b51000 	C:\WINDOWS\System32\kernel.appcore.dll
0x00007fff72d20000 - 0x00007fff72d31000 	C:\Program Files\Java\jdk-11.0.6\bin\verify.dll
0x00007fff783b0000 - 0x00007fff785a4000 	C:\WINDOWS\SYSTEM32\DBGHELP.DLL
0x00007fff68670000 - 0x00007fff6869a000 	C:\WINDOWS\SYSTEM32\dbgcore.DLL
0x00007fff6a5e0000 - 0x00007fff6a609000 	C:\Program Files\Java\jdk-11.0.6\bin\java.dll
0x00007fff6a590000 - 0x00007fff6a5a6000 	C:\Program Files\Java\jdk-11.0.6\bin\zip.dll
0x00007fff77460000 - 0x00007fff7746a000 	C:\Program Files\Java\jdk-11.0.6\bin\jimage.dll
0x00007fff7b560000 - 0x00007fff7bc45000 	C:\WINDOWS\System32\SHELL32.dll
0x00007fff7ad80000 - 0x00007fff7ae29000 	C:\WINDOWS\System32\shcore.dll
0x00007fff7a3b0000 - 0x00007fff7ab30000 	C:\WINDOWS\System32\windows.storage.dll
0x00007fff79b60000 - 0x00007fff79b83000 	C:\WINDOWS\System32\profapi.dll
0x00007fff79af0000 - 0x00007fff79b3a000 	C:\WINDOWS\System32\powrprof.dll
0x00007fff79ae0000 - 0x00007fff79af0000 	C:\WINDOWS\System32\UMPDC.dll
0x00007fff7c180000 - 0x00007fff7c1d2000 	C:\WINDOWS\System32\shlwapi.dll
0x00007fff7a390000 - 0x00007fff7a3a7000 	C:\WINDOWS\System32\cryptsp.dll
0x00007fff6a500000 - 0x00007fff6a519000 	C:\Program Files\Java\jdk-11.0.6\bin\net.dll
0x00007fff71870000 - 0x00007fff71961000 	C:\WINDOWS\SYSTEM32\WINHTTP.dll
0x00007fff79350000 - 0x00007fff793b7000 	C:\WINDOWS\system32\mswsock.dll
0x00007fff6a4b0000 - 0x00007fff6a4c3000 	C:\Program Files\Java\jdk-11.0.6\bin\nio.dll
0x00007fff70bd0000 - 0x00007fff70bd9000 	C:\Program Files\Java\jdk-11.0.6\bin\management.dll
0x00007fff6a4f0000 - 0x00007fff6a4fc000 	C:\Program Files\Java\jdk-11.0.6\bin\management_ext.dll
0x00007fff606c0000 - 0x00007fff606d6000 	C:\WINDOWS\system32\napinsp.dll
0x00007fff606a0000 - 0x00007fff606ba000 	C:\WINDOWS\system32\pnrpnsp.dll
0x00007fff790b0000 - 0x00007fff7917a000 	C:\WINDOWS\SYSTEM32\DNSAPI.dll
0x00007fff7be70000 - 0x00007fff7be78000 	C:\WINDOWS\System32\NSI.dll
0x00007fff79060000 - 0x00007fff7909a000 	C:\WINDOWS\SYSTEM32\IPHLPAPI.DLL
0x00007fff60690000 - 0x00007fff6069e000 	C:\WINDOWS\System32\winrnr.dll
0x00007fff756a0000 - 0x00007fff756bc000 	C:\WINDOWS\system32\NLAapi.dll
0x00007fff60670000 - 0x00007fff60685000 	C:\WINDOWS\system32\wshbth.dll
0x00007fff6eee0000 - 0x00007fff6eeea000 	C:\Windows\System32\rasadhlp.dll
0x00007fff705b0000 - 0x00007fff70627000 	C:\WINDOWS\System32\fwpuclnt.dll
0x00007fff7a1f0000 - 0x00007fff7a216000 	C:\WINDOWS\System32\bcrypt.dll

dbghelp: loaded successfully - version: 4.0.5 - missing functions: none
symbol engine: initialized successfully - sym options: 0x614 - pdb path: .;C:\Program Files\Java\jdk-11.0.6\bin;C:\WINDOWS\SYSTEM32;C:\WINDOWS\WinSxS\amd64_microsoft.windows.common-controls_6595b64144ccf1df_6.0.18362.720_none_e6beb5c51314836b;C:\Program Files\Java\jdk-11.0.6\bin\server

VM Arguments:
jvm_args: -Xverify:none -XX:TieredStopAtLevel=1 
java_command: com.webcontroller.webcontroller.model.ReactandSpringDataRestApplication
java_class_path (initial): C:\Users\Dhanushguntha\Desktop\webcontroller\webcontroller\target\classes;C:\Users\Dhanushguntha\.m2\repository\org\springframework\boot\spring-boot-starter-data-jpa\2.2.5.RELEASE\spring-boot-starter-data-jpa-2.2.5.RELEASE.jar;C:\Users\Dhanushguntha\.m2\repository\org\springframework\boot\spring-boot-starter-aop\2.2.5.RELEASE\spring-boot-starter-aop-2.2.5.RELEASE.jar;C:\Users\Dhanushguntha\.m2\repository\org\springframework\spring-aop\5.2.4.RELEASE\spring-aop-5.2.4.RELEASE.jar;C:\Users\Dhanushguntha\.m2\repository\org\aspectj\aspectjweaver\1.9.5\aspectjweaver-1.9.5.jar;C:\Users\Dhanushguntha\.m2\repository\org\springframework\boot\spring-boot-starter-jdbc\2.2.5.RELEASE\spring-boot-starter-jdbc-2.2.5.RELEASE.jar;C:\Users\Dhanushguntha\.m2\repository\com\zaxxer\HikariCP\3.4.2\HikariCP-3.4.2.jar;C:\Users\Dhanushguntha\.m2\repository\org\springframework\spring-jdbc\5.2.4.RELEASE\spring-jdbc-5.2.4.RELEASE.jar;C:\Users\Dhanushguntha\.m2\repository\jakarta\activation\jakarta.activation-api\1.2.2\jakarta.activation-api-1.2.2.jar;C:\Users\Dhanushguntha\.m2\repository\jakarta\persistence\jakarta.persistence-api\2.2.3\jakarta.persistence-api-2.2.3.jar;C:\Users\Dhanushguntha\.m2\repository\jakarta\transaction\jakarta.transaction-api\1.3.3\jakarta.transaction-api-1.3.3.jar;C:\Users\Dhanushguntha\.m2\repository\org\hibernate\hibernate-core\5.4.12.Final\hibernate-core-5.4.12.Final.jar;C:\Users\Dhanushguntha\.m2\repository\org\jboss\logging\jboss-logging\3.4.1.Final\jboss-logging-3.4.1.Final.jar;C:\Users\Dhanushguntha\.m2\repository\org\javassist\javassist\3.24.0-GA\javassist-3.24.0-GA.jar;C:\Users\Dhanushguntha\.m2\repository\net\bytebuddy\byte-buddy\1.10.8\byte-buddy-1.10.8.jar;C:\Users\Dhanushguntha\.m2\repository\antlr\antlr\2.7.7\antlr-2.7.7.jar;C:\Users\Dhanushguntha\.m2\repository\org\jboss\jandex\2.1.1.Final\jandex-2.1.1.Final.jar;C:\Users\Dhanushguntha\.m2\repository\com\fasterxml\classmate\1.5.1\classmate-1.5.1.jar;C:\Users\Dhanushguntha\.m2\r
Launcher Type: SUN_STANDARD

[Global flags]
     bool BytecodeVerificationLocal                = false                                     {product} {command line}
     bool BytecodeVerificationRemote               = false                                     {product} {command line}
     intx CICompilerCount                          = 3                                         {product} {ergonomic}
     uint ConcGCThreads                            = 1                                         {product} {ergonomic}
     uint G1ConcRefinementThreads                  = 4                                         {product} {ergonomic}
   size_t G1HeapRegionSize                         = 1048576                                   {product} {ergonomic}
    uintx GCDrainStackTargetSize                   = 64                                        {product} {ergonomic}
   size_t InitialHeapSize                          = 134217728                                 {product} {ergonomic}
   size_t MarkStackSize                            = 4194304                                   {product} {ergonomic}
   size_t MaxHeapSize                              = 2118123520                                {product} {ergonomic}
   size_t MaxNewSize                               = 1270874112                                {product} {ergonomic}
   size_t MinHeapDeltaBytes                        = 1048576                                   {product} {ergonomic}
    uintx NonNMethodCodeHeapSize                   = 6973028                                {pd product} {ergonomic}
    uintx NonProfiledCodeHeapSize                  = 244685212                              {pd product} {ergonomic}
    uintx ProfiledCodeHeapSize                     = 0                                      {pd product} {ergonomic}
    uintx ReservedCodeCacheSize                    = 251658240                              {pd product} {ergonomic}
     bool SegmentedCodeCache                       = true                                      {product} {ergonomic}
     intx TieredStopAtLevel                        = 1                                         {product} {command line}
     bool UseCompressedClassPointers               = true                                 {lp64_product} {ergonomic}
     bool UseCompressedOops                        = true                                 {lp64_product} {ergonomic}
     bool UseG1GC                                  = true                                      {product} {ergonomic}
     bool UseLargePagesIndividualAllocation        = false                                  {pd product} {ergonomic}

Logging:
Log output configuration:
 #0: stdout all=warning uptime,level,tags
 #1: stderr all=off uptime,level,tags

Environment Variables:
JAVA_HOME=C:\Program Files\Java\jdk-11.0.6
PATH=C:\Python27\;C:\Python27\Scripts;C:\Program Files (x86)\Intel\iCLS Client\;C:\Program Files\Intel\iCLS Client\;C:\windows\system32;C:\windows;C:\windows\System32\Wbem;C:\windows\System32\WindowsPowerShell\v1.0\;C:\Program Files (x86)\Intel\Intel(R) Management Engine Components\DAL;C:\Program Files\Intel\Intel(R) Management Engine Components\DAL;C:\Program Files (x86)\Intel\Intel(R) Management Engine Components\IPT;C:\Program Files\Intel\Intel(R) Management Engine Components\IPT;C:\Program Files (x86)\NVIDIA Corporation\PhysX\Common;C:\WINDOWS\system32;C:\WINDOWS;C:\WINDOWS\System32\Wbem;C:\WINDOWS\System32\WindowsPowerShell\v1.0\;C:\WINDOWS\System32\OpenSSH\;C:\Users\Dhanushguntha\AppData\Local\Programs\Python\Python37;C:\Program Files\Intel\WiFi\bin\;C:\Program Files\Common Files\Intel\WirelessCommon\;C:\Program Files\Git\cmd;C:\Program Files (x86)\Yarn\bin\;C:\Program Files\NVIDIA Corporation\NVIDIA NvDLISR;C:\Program Files\nodejs;C:\ProgramData\chocolatey\bin;C:\Program Files\nodejs\;C:\opt\apache-maven-3.6.3\bin;C:\Program Files\Java\jdk-11.0.6\bin;C:\Users\Dhanushguntha\Anaconda3\Scripts;C:\Users\Dhanushguntha\Anaconda3\Scripts;C:\Users\Dhanushguntha\AppData\Local\Programs\Microsoft VS Code\bin;C:\Users\Dhanushguntha\AppData\Roaming\npm;
USERNAME=Dhanushguntha
OS=Windows_NT
PROCESSOR_IDENTIFIER=Intel64 Family 6 Model 142 Stepping 9, GenuineIntel



---------------  S Y S T E M  ---------------

OS: Windows 10 , 64 bit Build 18362 (10.0.18362.329)

CPU:total 4 (initial active 4) (2 cores per cpu, 2 threads per core) family 6 model 142 stepping 9, cmov, cx8, fxsr, mmx, sse, sse2, sse3, ssse3, sse4.1, sse4.2, popcnt, avx, avx2, aes, clmul, erms, 3dnowpref, lzcnt, ht, tsc, tscinvbit, bmi1, bmi2, adx, fma

Memory: 4k page, system-wide physical 8077M (1296M free)
TotalPageFile size 8077M (AvailPageFile size 3M)
current process WorkingSet (physical memory assigned to process): 92M, peak: 92M
current process commit charge ("private bytes"): 220M, peak: 221M

vm_info: Java HotSpot(TM) 64-Bit Server VM (11.0.6+8-LTS) for windows-amd64 JRE (11.0.6+8-LTS), built on Dec 11 2019 09:17:57 by "mach5one" with MS VC++ 15.5 (VS2017)

END.
