#
# There is insufficient memory for the Java Runtime Environment to continue.
# Native memory allocation (malloc) failed to allocate 1223536 bytes for Chunk::new
# Possible reasons:
#   The system is out of physical RAM or swap space
#   The process is running with CompressedOops enabled, and the Java Heap may be blocking the growth of the native heap
# Possible solutions:
#   Reduce memory load on the system
#   Increase physical memory or swap space
#   Check if swap backing store is full
#   Decrease Java heap size (-Xmx/-Xms)
#   Decrease number of Java threads
#   Decrease Java thread stack sizes (-Xss)
#   Set larger code cache with -XX:ReservedCodeCacheSize=
#   JVM is running with Unscaled Compressed Oops mode in which the Java heap is
#     placed in the first 4GB address space. The Java Heap base address is the
#     maximum limit for the native heap growth. Please use -XX:HeapBaseMinAddress
#     to set the Java Heap base and to place the Java Heap above 4GB virtual address.
# This output file may be truncated or incomplete.
#
#  Out of Memory Error (t:/workspace/open/src/hotspot/share/memory/arena.cpp:197), pid=476, tid=8212
#
# JRE version: Java(TM) SE Runtime Environment (11.0.6+8) (build 11.0.6+8-LTS)
# Java VM: Java HotSpot(TM) 64-Bit Server VM (11.0.6+8-LTS, mixed mode, tiered, compressed oops, g1 gc, windows-amd64)
# No core dump will be written. Minidumps are not enabled by default on client versions of Windows
#

---------------  S U M M A R Y ------------

Command Line: -Dmaven.multiModuleProjectDirectory=C:\Users\Dhanushguntha\Desktop\webcontroller\webcontroller -Dmaven.home=C:\Program Files\JetBrains\IntelliJ IDEA Community Edition 2019.3.4\plugins\maven\lib\maven3 -Dclassworlds.conf=C:\Program Files\JetBrains\IntelliJ IDEA Community Edition 2019.3.4\plugins\maven\lib\maven3\bin\m2.conf -Dmaven.ext.class.path=C:\Program Files\JetBrains\IntelliJ IDEA Community Edition 2019.3.4\plugins\maven\lib\maven-event-listener.jar -javaagent:C:\Program Files\JetBrains\IntelliJ IDEA Community Edition 2019.3.4\lib\idea_rt.jar=53576:C:\Program Files\JetBrains\IntelliJ IDEA Community Edition 2019.3.4\bin -Dfile.encoding=UTF-8 org.codehaus.classworlds.Launcher -Didea.version2019.3.4 spring-boot:run

Host: Intel(R) Core(TM) i5-7200U CPU @ 2.50GHz, 4 cores, 7G,  Windows 10 , 64 bit Build 18362 (10.0.18362.329)
Time: Thu Apr  9 12:30:16 2020 India Standard Time elapsed time: 3 seconds (0d 0h 0m 3s)

---------------  T H R E A D  ---------------

Current thread (0x000001a36fa60800):  JavaThread "C2 CompilerThread0" daemon [_thread_in_native, id=8212, stack(0x000000880ea00000,0x000000880eb00000)]


Current CompileTask:
C2:   3516 2027   !   4       java.net.URL::<init> (543 bytes)

Stack: [0x000000880ea00000,0x000000880eb00000]
Native frames: (J=compiled Java code, j=interpreted, Vv=VM code, C=native code)
V  [jvm.dll+0x63679a]
V  [jvm.dll+0x7755bf]
V  [jvm.dll+0x776c65]
V  [jvm.dll+0x7772d3]
V  [jvm.dll+0x25e7f8]
V  [jvm.dll+0xc1c01]
V  [jvm.dll+0xc219c]
V  [jvm.dll+0x36d977]
V  [jvm.dll+0x1a9101]
V  [jvm.dll+0x218462]
V  [jvm.dll+0x2174fa]
V  [jvm.dll+0x193a2c]
V  [jvm.dll+0x226544]
V  [jvm.dll+0x224b28]
V  [jvm.dll+0x73a9c5]
V  [jvm.dll+0x733905]
V  [jvm.dll+0x635846]
C  [ucrtbase.dll+0x20e72]
C  [KERNEL32.DLL+0x17bd4]
C  [ntdll.dll+0x6ced1]


---------------  P R O C E S S  ---------------

Threads class SMR info:
_java_thread_list=0x000001a371a74eb0, length=12, elements={
0x000001a351689800, 0x000001a36fa47800, 0x000001a36fa50800, 0x000001a3703c2800,
0x000001a3703c3800, 0x000001a36fa60800, 0x000001a36fa64800, 0x000001a36fa6b000,
0x000001a36f9da000, 0x000001a3706dd000, 0x000001a3706de800, 0x000001a371de2800
}

Java Threads: ( => current thread )
  0x000001a351689800 JavaThread "main" [_thread_in_native, id=14360, stack(0x000000880de00000,0x000000880df00000)]
  0x000001a36fa47800 JavaThread "Reference Handler" daemon [_thread_blocked, id=9504, stack(0x000000880e500000,0x000000880e600000)]
  0x000001a36fa50800 JavaThread "Finalizer" daemon [_thread_blocked, id=6516, stack(0x000000880e600000,0x000000880e700000)]
  0x000001a3703c2800 JavaThread "Signal Dispatcher" daemon [_thread_blocked, id=7132, stack(0x000000880e800000,0x000000880e900000)]
  0x000001a3703c3800 JavaThread "Attach Listener" daemon [_thread_blocked, id=9548, stack(0x000000880e900000,0x000000880ea00000)]
=>0x000001a36fa60800 JavaThread "C2 CompilerThread0" daemon [_thread_in_native, id=8212, stack(0x000000880ea00000,0x000000880eb00000)]
  0x000001a36fa64800 JavaThread "C1 CompilerThread0" daemon [_thread_blocked, id=8848, stack(0x000000880eb00000,0x000000880ec00000)]
  0x000001a36fa6b000 JavaThread "Sweeper thread" daemon [_thread_blocked, id=9556, stack(0x000000880ec00000,0x000000880ed00000)]
  0x000001a36f9da000 JavaThread "Common-Cleaner" daemon [_thread_blocked, id=6616, stack(0x000000880ed00000,0x000000880ee00000)]
  0x000001a3706dd000 JavaThread "Monitor Ctrl-Break" daemon [_thread_in_native, id=9908, stack(0x000000880ee00000,0x000000880ef00000)]
  0x000001a3706de800 JavaThread "Service Thread" daemon [_thread_blocked, id=9900, stack(0x000000880ef00000,0x000000880f000000)]
  0x000001a371de2800 JavaThread "C2 CompilerThread1" daemon [_thread_in_native, id=6312, stack(0x000000880f300000,0x000000880f400000)]

Other Threads:
  0x000001a36fa1e800 VMThread "VM Thread" [stack: 0x000000880e400000,0x000000880e500000] [id=4588]
  0x000001a37066e000 WatcherThread [stack: 0x000000880f000000,0x000000880f100000] [id=6568]
  0x000001a35169f800 GCTaskThread "GC Thread#0" [stack: 0x000000880df00000,0x000000880e000000] [id=15052]
  0x000001a371688800 GCTaskThread "GC Thread#1" [stack: 0x000000880f100000,0x000000880f200000] [id=10108]
  0x000001a370d6d000 GCTaskThread "GC Thread#2" [stack: 0x000000880f200000,0x000000880f300000] [id=8104]
  0x000001a3516d0000 ConcurrentGCThread "G1 Main Marker" [stack: 0x000000880e000000,0x000000880e100000] [id=11280]
  0x000001a3516d1800 ConcurrentGCThread "G1 Conc#0" [stack: 0x000000880e100000,0x000000880e200000] [id=15188]
  0x000001a36f890800 ConcurrentGCThread "G1 Refine#0" [stack: 0x000000880e200000,0x000000880e300000] [id=9920]
  0x000001a36f891800 ConcurrentGCThread "G1 Young RemSet Sampling" [stack: 0x000000880e300000,0x000000880e400000] [id=15140]

Threads with active compile tasks:
C2 CompilerThread02027   !   4       java.net.URL::<init> (543 bytes)
C2 CompilerThread12084   !   4       sun.nio.cs.StreamDecoder::read (196 bytes)

VM state:not at safepoint (normal execution)

VM Mutex/Monitor currently owned by a thread: None

Heap address: 0x0000000081c00000, size: 2020 MB, Compressed Oops mode: 32-bit
Narrow klass base: 0x0000000000000000, Narrow klass shift: 3
Compressed class space size: 1073741824 Address: 0x0000000100000000

Heap:
 garbage-first heap   total 131072K, used 27263K [0x0000000081c00000, 0x0000000100000000)
  region size 1024K, 25 young (25600K), 2 survivors (2048K)
 Metaspace       used 20259K, capacity 20547K, committed 20864K, reserved 1067008K
  class space    used 2199K, capacity 2319K, committed 2432K, reserved 1048576K
Heap Regions: E=young(eden), S=young(survivor), O=old, HS=humongous(starts), HC=humongous(continues), CS=collection set, F=free, A=archive, TAMS=top-at-mark-start (previous, next)
|   0|0x0000000081c00000, 0x0000000081d00000, 0x0000000081d00000|100%| O|  |TAMS 0x0000000081c00000, 0x0000000081c00000| Untracked 
|   1|0x0000000081d00000, 0x0000000081e00000, 0x0000000081e00000|100%| O|  |TAMS 0x0000000081d00000, 0x0000000081d00000| Untracked 
|   2|0x0000000081e00000, 0x0000000081f00000, 0x0000000081f00000|100%| O|  |TAMS 0x0000000081e00000, 0x0000000081e00000| Untracked 
|   3|0x0000000081f00000, 0x0000000081f26400, 0x0000000082000000| 14%| O|  |TAMS 0x0000000081f00000, 0x0000000081f00000| Untracked 
|   4|0x0000000082000000, 0x0000000082000000, 0x0000000082100000|  0%| F|  |TAMS 0x0000000082000000, 0x0000000082000000| Untracked 
|   5|0x0000000082100000, 0x0000000082100000, 0x0000000082200000|  0%| F|  |TAMS 0x0000000082100000, 0x0000000082100000| Untracked 
|   6|0x0000000082200000, 0x0000000082200000, 0x0000000082300000|  0%| F|  |TAMS 0x0000000082200000, 0x0000000082200000| Untracked 
|   7|0x0000000082300000, 0x0000000082300000, 0x0000000082400000|  0%| F|  |TAMS 0x0000000082300000, 0x0000000082300000| Untracked 
|   8|0x0000000082400000, 0x0000000082400000, 0x0000000082500000|  0%| F|  |TAMS 0x0000000082400000, 0x0000000082400000| Untracked 
|   9|0x0000000082500000, 0x0000000082500000, 0x0000000082600000|  0%| F|  |TAMS 0x0000000082500000, 0x0000000082500000| Untracked 
|  10|0x0000000082600000, 0x0000000082600000, 0x0000000082700000|  0%| F|  |TAMS 0x0000000082600000, 0x0000000082600000| Untracked 
|  11|0x0000000082700000, 0x0000000082700000, 0x0000000082800000|  0%| F|  |TAMS 0x0000000082700000, 0x0000000082700000| Untracked 
|  12|0x0000000082800000, 0x0000000082800000, 0x0000000082900000|  0%| F|  |TAMS 0x0000000082800000, 0x0000000082800000| Untracked 
|  13|0x0000000082900000, 0x0000000082900000, 0x0000000082a00000|  0%| F|  |TAMS 0x0000000082900000, 0x0000000082900000| Untracked 
|  14|0x0000000082a00000, 0x0000000082a00000, 0x0000000082b00000|  0%| F|  |TAMS 0x0000000082a00000, 0x0000000082a00000| Untracked 
|  15|0x0000000082b00000, 0x0000000082b00000, 0x0000000082c00000|  0%| F|  |TAMS 0x0000000082b00000, 0x0000000082b00000| Untracked 
|  16|0x0000000082c00000, 0x0000000082c00000, 0x0000000082d00000|  0%| F|  |TAMS 0x0000000082c00000, 0x0000000082c00000| Untracked 
|  17|0x0000000082d00000, 0x0000000082d00000, 0x0000000082e00000|  0%| F|  |TAMS 0x0000000082d00000, 0x0000000082d00000| Untracked 
|  18|0x0000000082e00000, 0x0000000082e00000, 0x0000000082f00000|  0%| F|  |TAMS 0x0000000082e00000, 0x0000000082e00000| Untracked 
|  19|0x0000000082f00000, 0x0000000082f00000, 0x0000000083000000|  0%| F|  |TAMS 0x0000000082f00000, 0x0000000082f00000| Untracked 
|  20|0x0000000083000000, 0x0000000083000000, 0x0000000083100000|  0%| F|  |TAMS 0x0000000083000000, 0x0000000083000000| Untracked 
|  21|0x0000000083100000, 0x0000000083100000, 0x0000000083200000|  0%| F|  |TAMS 0x0000000083100000, 0x0000000083100000| Untracked 
|  22|0x0000000083200000, 0x0000000083200000, 0x0000000083300000|  0%| F|  |TAMS 0x0000000083200000, 0x0000000083200000| Untracked 
|  23|0x0000000083300000, 0x0000000083300000, 0x0000000083400000|  0%| F|  |TAMS 0x0000000083300000, 0x0000000083300000| Untracked 
|  24|0x0000000083400000, 0x0000000083400000, 0x0000000083500000|  0%| F|  |TAMS 0x0000000083400000, 0x0000000083400000| Untracked 
|  25|0x0000000083500000, 0x0000000083500000, 0x0000000083600000|  0%| F|  |TAMS 0x0000000083500000, 0x0000000083500000| Untracked 
|  26|0x0000000083600000, 0x0000000083600000, 0x0000000083700000|  0%| F|  |TAMS 0x0000000083600000, 0x0000000083600000| Untracked 
|  27|0x0000000083700000, 0x0000000083700000, 0x0000000083800000|  0%| F|  |TAMS 0x0000000083700000, 0x0000000083700000| Untracked 
|  28|0x0000000083800000, 0x0000000083800000, 0x0000000083900000|  0%| F|  |TAMS 0x0000000083800000, 0x0000000083800000| Untracked 
|  29|0x0000000083900000, 0x0000000083900000, 0x0000000083a00000|  0%| F|  |TAMS 0x0000000083900000, 0x0000000083900000| Untracked 
|  30|0x0000000083a00000, 0x0000000083a00000, 0x0000000083b00000|  0%| F|  |TAMS 0x0000000083a00000, 0x0000000083a00000| Untracked 
|  31|0x0000000083b00000, 0x0000000083b00000, 0x0000000083c00000|  0%| F|  |TAMS 0x0000000083b00000, 0x0000000083b00000| Untracked 
|  32|0x0000000083c00000, 0x0000000083c00000, 0x0000000083d00000|  0%| F|  |TAMS 0x0000000083c00000, 0x0000000083c00000| Untracked 
|  33|0x0000000083d00000, 0x0000000083d00000, 0x0000000083e00000|  0%| F|  |TAMS 0x0000000083d00000, 0x0000000083d00000| Untracked 
|  34|0x0000000083e00000, 0x0000000083e00000, 0x0000000083f00000|  0%| F|  |TAMS 0x0000000083e00000, 0x0000000083e00000| Untracked 
|  35|0x0000000083f00000, 0x0000000083f00000, 0x0000000084000000|  0%| F|  |TAMS 0x0000000083f00000, 0x0000000083f00000| Untracked 
|  36|0x0000000084000000, 0x0000000084000000, 0x0000000084100000|  0%| F|  |TAMS 0x0000000084000000, 0x0000000084000000| Untracked 
|  37|0x0000000084100000, 0x0000000084100000, 0x0000000084200000|  0%| F|  |TAMS 0x0000000084100000, 0x0000000084100000| Untracked 
|  38|0x0000000084200000, 0x0000000084200000, 0x0000000084300000|  0%| F|  |TAMS 0x0000000084200000, 0x0000000084200000| Untracked 
|  39|0x0000000084300000, 0x0000000084300000, 0x0000000084400000|  0%| F|  |TAMS 0x0000000084300000, 0x0000000084300000| Untracked 
|  40|0x0000000084400000, 0x0000000084400000, 0x0000000084500000|  0%| F|  |TAMS 0x0000000084400000, 0x0000000084400000| Untracked 
|  41|0x0000000084500000, 0x0000000084500000, 0x0000000084600000|  0%| F|  |TAMS 0x0000000084500000, 0x0000000084500000| Untracked 
|  42|0x0000000084600000, 0x0000000084600000, 0x0000000084700000|  0%| F|  |TAMS 0x0000000084600000, 0x0000000084600000| Untracked 
|  43|0x0000000084700000, 0x0000000084700000, 0x0000000084800000|  0%| F|  |TAMS 0x0000000084700000, 0x0000000084700000| Untracked 
|  44|0x0000000084800000, 0x0000000084800000, 0x0000000084900000|  0%| F|  |TAMS 0x0000000084800000, 0x0000000084800000| Untracked 
|  45|0x0000000084900000, 0x0000000084900000, 0x0000000084a00000|  0%| F|  |TAMS 0x0000000084900000, 0x0000000084900000| Untracked 
|  46|0x0000000084a00000, 0x0000000084a00000, 0x0000000084b00000|  0%| F|  |TAMS 0x0000000084a00000, 0x0000000084a00000| Untracked 
|  47|0x0000000084b00000, 0x0000000084b00000, 0x0000000084c00000|  0%| F|  |TAMS 0x0000000084b00000, 0x0000000084b00000| Untracked 
|  48|0x0000000084c00000, 0x0000000084c00000, 0x0000000084d00000|  0%| F|  |TAMS 0x0000000084c00000, 0x0000000084c00000| Untracked 
|  49|0x0000000084d00000, 0x0000000084d00000, 0x0000000084e00000|  0%| F|  |TAMS 0x0000000084d00000, 0x0000000084d00000| Untracked 
|  50|0x0000000084e00000, 0x0000000084e00000, 0x0000000084f00000|  0%| F|  |TAMS 0x0000000084e00000, 0x0000000084e00000| Untracked 
|  51|0x0000000084f00000, 0x0000000084f00000, 0x0000000085000000|  0%| F|  |TAMS 0x0000000084f00000, 0x0000000084f00000| Untracked 
|  52|0x0000000085000000, 0x0000000085000000, 0x0000000085100000|  0%| F|  |TAMS 0x0000000085000000, 0x0000000085000000| Untracked 
|  53|0x0000000085100000, 0x0000000085100000, 0x0000000085200000|  0%| F|  |TAMS 0x0000000085100000, 0x0000000085100000| Untracked 
|  54|0x0000000085200000, 0x0000000085200000, 0x0000000085300000|  0%| F|  |TAMS 0x0000000085200000, 0x0000000085200000| Untracked 
|  55|0x0000000085300000, 0x0000000085300000, 0x0000000085400000|  0%| F|  |TAMS 0x0000000085300000, 0x0000000085300000| Untracked 
|  56|0x0000000085400000, 0x0000000085400000, 0x0000000085500000|  0%| F|  |TAMS 0x0000000085400000, 0x0000000085400000| Untracked 
|  57|0x0000000085500000, 0x0000000085500000, 0x0000000085600000|  0%| F|  |TAMS 0x0000000085500000, 0x0000000085500000| Untracked 
|  58|0x0000000085600000, 0x0000000085600000, 0x0000000085700000|  0%| F|  |TAMS 0x0000000085600000, 0x0000000085600000| Untracked 
|  59|0x0000000085700000, 0x0000000085700000, 0x0000000085800000|  0%| F|  |TAMS 0x0000000085700000, 0x0000000085700000| Untracked 
|  60|0x0000000085800000, 0x0000000085800000, 0x0000000085900000|  0%| F|  |TAMS 0x0000000085800000, 0x0000000085800000| Untracked 
|  61|0x0000000085900000, 0x0000000085900000, 0x0000000085a00000|  0%| F|  |TAMS 0x0000000085900000, 0x0000000085900000| Untracked 
|  62|0x0000000085a00000, 0x0000000085a00000, 0x0000000085b00000|  0%| F|  |TAMS 0x0000000085a00000, 0x0000000085a00000| Untracked 
|  63|0x0000000085b00000, 0x0000000085b00000, 0x0000000085c00000|  0%| F|  |TAMS 0x0000000085b00000, 0x0000000085b00000| Untracked 
|  64|0x0000000085c00000, 0x0000000085c00000, 0x0000000085d00000|  0%| F|  |TAMS 0x0000000085c00000, 0x0000000085c00000| Untracked 
|  65|0x0000000085d00000, 0x0000000085d00000, 0x0000000085e00000|  0%| F|  |TAMS 0x0000000085d00000, 0x0000000085d00000| Untracked 
|  66|0x0000000085e00000, 0x0000000085e00000, 0x0000000085f00000|  0%| F|  |TAMS 0x0000000085e00000, 0x0000000085e00000| Untracked 
|  67|0x0000000085f00000, 0x0000000085f00000, 0x0000000086000000|  0%| F|  |TAMS 0x0000000085f00000, 0x0000000085f00000| Untracked 
|  68|0x0000000086000000, 0x0000000086000000, 0x0000000086100000|  0%| F|  |TAMS 0x0000000086000000, 0x0000000086000000| Untracked 
|  69|0x0000000086100000, 0x0000000086100000, 0x0000000086200000|  0%| F|  |TAMS 0x0000000086100000, 0x0000000086100000| Untracked 
|  70|0x0000000086200000, 0x0000000086200000, 0x0000000086300000|  0%| F|  |TAMS 0x0000000086200000, 0x0000000086200000| Untracked 
|  71|0x0000000086300000, 0x0000000086300000, 0x0000000086400000|  0%| F|  |TAMS 0x0000000086300000, 0x0000000086300000| Untracked 
|  72|0x0000000086400000, 0x0000000086400000, 0x0000000086500000|  0%| F|  |TAMS 0x0000000086400000, 0x0000000086400000| Untracked 
|  73|0x0000000086500000, 0x0000000086500000, 0x0000000086600000|  0%| F|  |TAMS 0x0000000086500000, 0x0000000086500000| Untracked 
|  74|0x0000000086600000, 0x0000000086600000, 0x0000000086700000|  0%| F|  |TAMS 0x0000000086600000, 0x0000000086600000| Untracked 
|  75|0x0000000086700000, 0x0000000086700000, 0x0000000086800000|  0%| F|  |TAMS 0x0000000086700000, 0x0000000086700000| Untracked 
|  76|0x0000000086800000, 0x0000000086800000, 0x0000000086900000|  0%| F|  |TAMS 0x0000000086800000, 0x0000000086800000| Untracked 
|  77|0x0000000086900000, 0x0000000086900000, 0x0000000086a00000|  0%| F|  |TAMS 0x0000000086900000, 0x0000000086900000| Untracked 
|  78|0x0000000086a00000, 0x0000000086a00000, 0x0000000086b00000|  0%| F|  |TAMS 0x0000000086a00000, 0x0000000086a00000| Untracked 
|  79|0x0000000086b00000, 0x0000000086b00000, 0x0000000086c00000|  0%| F|  |TAMS 0x0000000086b00000, 0x0000000086b00000| Untracked 
|  80|0x0000000086c00000, 0x0000000086c00000, 0x0000000086d00000|  0%| F|  |TAMS 0x0000000086c00000, 0x0000000086c00000| Untracked 
|  81|0x0000000086d00000, 0x0000000086d00000, 0x0000000086e00000|  0%| F|  |TAMS 0x0000000086d00000, 0x0000000086d00000| Untracked 
|  82|0x0000000086e00000, 0x0000000086e00000, 0x0000000086f00000|  0%| F|  |TAMS 0x0000000086e00000, 0x0000000086e00000| Untracked 
|  83|0x0000000086f00000, 0x0000000086f00000, 0x0000000087000000|  0%| F|  |TAMS 0x0000000086f00000, 0x0000000086f00000| Untracked 
|  84|0x0000000087000000, 0x0000000087000000, 0x0000000087100000|  0%| F|  |TAMS 0x0000000087000000, 0x0000000087000000| Untracked 
|  85|0x0000000087100000, 0x0000000087100000, 0x0000000087200000|  0%| F|  |TAMS 0x0000000087100000, 0x0000000087100000| Untracked 
|  86|0x0000000087200000, 0x0000000087200000, 0x0000000087300000|  0%| F|  |TAMS 0x0000000087200000, 0x0000000087200000| Untracked 
|  87|0x0000000087300000, 0x0000000087300000, 0x0000000087400000|  0%| F|  |TAMS 0x0000000087300000, 0x0000000087300000| Untracked 
|  88|0x0000000087400000, 0x0000000087400000, 0x0000000087500000|  0%| F|  |TAMS 0x0000000087400000, 0x0000000087400000| Untracked 
|  89|0x0000000087500000, 0x0000000087500000, 0x0000000087600000|  0%| F|  |TAMS 0x0000000087500000, 0x0000000087500000| Untracked 
|  90|0x0000000087600000, 0x0000000087600000, 0x0000000087700000|  0%| F|  |TAMS 0x0000000087600000, 0x0000000087600000| Untracked 
|  91|0x0000000087700000, 0x0000000087700000, 0x0000000087800000|  0%| F|  |TAMS 0x0000000087700000, 0x0000000087700000| Untracked 
|  92|0x0000000087800000, 0x0000000087800000, 0x0000000087900000|  0%| F|  |TAMS 0x0000000087800000, 0x0000000087800000| Untracked 
|  93|0x0000000087900000, 0x0000000087900000, 0x0000000087a00000|  0%| F|  |TAMS 0x0000000087900000, 0x0000000087900000| Untracked 
|  94|0x0000000087a00000, 0x0000000087a00000, 0x0000000087b00000|  0%| F|  |TAMS 0x0000000087a00000, 0x0000000087a00000| Untracked 
|  95|0x0000000087b00000, 0x0000000087b00000, 0x0000000087c00000|  0%| F|  |TAMS 0x0000000087b00000, 0x0000000087b00000| Untracked 
|  96|0x0000000087c00000, 0x0000000087c00000, 0x0000000087d00000|  0%| F|  |TAMS 0x0000000087c00000, 0x0000000087c00000| Untracked 
|  97|0x0000000087d00000, 0x0000000087d00000, 0x0000000087e00000|  0%| F|  |TAMS 0x0000000087d00000, 0x0000000087d00000| Untracked 
|  98|0x0000000087e00000, 0x0000000087e79bc0, 0x0000000087f00000| 47%| S|CS|TAMS 0x0000000087e00000, 0x0000000087e00000| Complete 
|  99|0x0000000087f00000, 0x0000000088000000, 0x0000000088000000|100%| S|CS|TAMS 0x0000000087f00000, 0x0000000087f00000| Complete 
| 100|0x0000000088000000, 0x0000000088000000, 0x0000000088100000|  0%| F|  |TAMS 0x0000000088000000, 0x0000000088000000| Untracked 
| 101|0x0000000088100000, 0x0000000088100000, 0x0000000088200000|  0%| F|  |TAMS 0x0000000088100000, 0x0000000088100000| Untracked 
| 102|0x0000000088200000, 0x0000000088200000, 0x0000000088300000|  0%| F|  |TAMS 0x0000000088200000, 0x0000000088200000| Untracked 
| 103|0x0000000088300000, 0x0000000088300000, 0x0000000088400000|  0%| F|  |TAMS 0x0000000088300000, 0x0000000088300000| Untracked 
| 104|0x0000000088400000, 0x0000000088400000, 0x0000000088500000|  0%| F|  |TAMS 0x0000000088400000, 0x0000000088400000| Untracked 
| 105|0x0000000088500000, 0x0000000088600000, 0x0000000088600000|100%| E|  |TAMS 0x0000000088500000, 0x0000000088500000| Complete 
| 106|0x0000000088600000, 0x0000000088700000, 0x0000000088700000|100%| E|CS|TAMS 0x0000000088600000, 0x0000000088600000| Complete 
| 107|0x0000000088700000, 0x0000000088800000, 0x0000000088800000|100%| E|CS|TAMS 0x0000000088700000, 0x0000000088700000| Complete 
| 108|0x0000000088800000, 0x0000000088900000, 0x0000000088900000|100%| E|CS|TAMS 0x0000000088800000, 0x0000000088800000| Complete 
| 109|0x0000000088900000, 0x0000000088a00000, 0x0000000088a00000|100%| E|CS|TAMS 0x0000000088900000, 0x0000000088900000| Complete 
| 110|0x0000000088a00000, 0x0000000088b00000, 0x0000000088b00000|100%| E|CS|TAMS 0x0000000088a00000, 0x0000000088a00000| Complete 
| 111|0x0000000088b00000, 0x0000000088c00000, 0x0000000088c00000|100%| E|CS|TAMS 0x0000000088b00000, 0x0000000088b00000| Complete 
| 112|0x0000000088c00000, 0x0000000088d00000, 0x0000000088d00000|100%| E|CS|TAMS 0x0000000088c00000, 0x0000000088c00000| Complete 
| 113|0x0000000088d00000, 0x0000000088e00000, 0x0000000088e00000|100%| E|CS|TAMS 0x0000000088d00000, 0x0000000088d00000| Complete 
| 114|0x0000000088e00000, 0x0000000088f00000, 0x0000000088f00000|100%| E|CS|TAMS 0x0000000088e00000, 0x0000000088e00000| Complete 
| 115|0x0000000088f00000, 0x0000000089000000, 0x0000000089000000|100%| E|CS|TAMS 0x0000000088f00000, 0x0000000088f00000| Complete 
| 116|0x0000000089000000, 0x0000000089100000, 0x0000000089100000|100%| E|CS|TAMS 0x0000000089000000, 0x0000000089000000| Complete 
| 117|0x0000000089100000, 0x0000000089200000, 0x0000000089200000|100%| E|CS|TAMS 0x0000000089100000, 0x0000000089100000| Complete 
| 118|0x0000000089200000, 0x0000000089300000, 0x0000000089300000|100%| E|CS|TAMS 0x0000000089200000, 0x0000000089200000| Complete 
| 119|0x0000000089300000, 0x0000000089400000, 0x0000000089400000|100%| E|CS|TAMS 0x0000000089300000, 0x0000000089300000| Complete 
| 120|0x0000000089400000, 0x0000000089500000, 0x0000000089500000|100%| E|CS|TAMS 0x0000000089400000, 0x0000000089400000| Complete 
| 121|0x0000000089500000, 0x0000000089600000, 0x0000000089600000|100%| E|CS|TAMS 0x0000000089500000, 0x0000000089500000| Complete 
| 122|0x0000000089600000, 0x0000000089700000, 0x0000000089700000|100%| E|CS|TAMS 0x0000000089600000, 0x0000000089600000| Complete 
| 123|0x0000000089700000, 0x0000000089800000, 0x0000000089800000|100%| E|CS|TAMS 0x0000000089700000, 0x0000000089700000| Complete 
| 124|0x0000000089800000, 0x0000000089900000, 0x0000000089900000|100%| E|CS|TAMS 0x0000000089800000, 0x0000000089800000| Complete 
| 125|0x0000000089900000, 0x0000000089a00000, 0x0000000089a00000|100%| E|CS|TAMS 0x0000000089900000, 0x0000000089900000| Complete 
| 126|0x0000000089a00000, 0x0000000089b00000, 0x0000000089b00000|100%| E|CS|TAMS 0x0000000089a00000, 0x0000000089a00000| Complete 
| 127|0x0000000089b00000, 0x0000000089c00000, 0x0000000089c00000|100%| E|CS|TAMS 0x0000000089b00000, 0x0000000089b00000| Complete 

Card table byte_map: [0x000001a368e10000,0x000001a369210000] _byte_map_base: 0x000001a368a02000

Marking Bits (Prev, Next): (CMBitMap*) 0x000001a3516c7978, (CMBitMap*) 0x000001a3516c79b0
 Prev Bits: [0x000001a369610000, 0x000001a36b5a0000)
 Next Bits: [0x000001a36b5a0000, 0x000001a36d530000)

Polling page: 0x000001a34f510000

Metaspace:

Usage:
  Non-class:     17.86 MB capacity,    17.66 MB ( 99%) used,   182.16 KB ( <1%) free+waste,    23.13 KB ( <1%) overhead. 
      Class:      2.26 MB capacity,     2.15 MB ( 95%) used,   106.27 KB (  5%) free+waste,     9.44 KB ( <1%) overhead. 
       Both:     20.13 MB capacity,    19.81 MB ( 98%) used,   288.43 KB (  1%) free+waste,    32.56 KB ( <1%) overhead. 

Virtual space:
  Non-class space:       18.00 MB reserved,      18.00 MB (100%) committed 
      Class space:        1.00 GB reserved,       2.38 MB ( <1%) committed 
             Both:        1.02 GB reserved,      20.38 MB (  2%) committed 

Chunk freelists:
   Non-Class:  1.50 KB
       Class:  2.13 KB
        Both:  3.63 KB

CodeHeap 'non-profiled nmethods': size=120064Kb used=823Kb max_used=823Kb free=119240Kb
 bounds [0x000001a3614d0000, 0x000001a361740000, 0x000001a368a10000]
CodeHeap 'profiled nmethods': size=120000Kb used=4388Kb max_used=4388Kb free=115612Kb
 bounds [0x000001a359fa0000, 0x000001a35a3f0000, 0x000001a3614d0000]
CodeHeap 'non-nmethods': size=5696Kb used=1108Kb max_used=1123Kb free=4587Kb
 bounds [0x000001a359a10000, 0x000001a359c80000, 0x000001a359fa0000]
 total_blobs=3031 nmethods=2147 adapters=332
 compilation: enabled
              stopped_count=0, restarted_count=0
 full_count=0

Compilation events (10 events):
Event: 3.412 Thread 0x000001a36fa64800 2090       3       java.util.regex.Matcher::groupCount (10 bytes)
Event: 3.412 Thread 0x000001a36fa64800 nmethod 2090 0x000001a35a3c9290 code [0x000001a35a3c9440, 0x000001a35a3c95b8]
Event: 3.412 Thread 0x000001a36fa64800 2091  s    3       java.io.BufferedOutputStream::write (67 bytes)
Event: 3.413 Thread 0x000001a36fa64800 nmethod 2091 0x000001a35a3c9690 code [0x000001a35a3c98a0, 0x000001a35a3ca100]
Event: 3.413 Thread 0x000001a36fa64800 2093   !   3       java.io.BufferedWriter::flushBuffer (53 bytes)
Event: 3.413 Thread 0x000001a36fa64800 nmethod 2093 0x000001a35a3ca310 code [0x000001a35a3ca500, 0x000001a35a3cab00]
Event: 3.413 Thread 0x000001a36fa64800 2094   !   3       sun.nio.cs.StreamEncoder::flushBuffer (42 bytes)
Event: 3.414 Thread 0x000001a36fa64800 nmethod 2094 0x000001a35a3cad90 code [0x000001a35a3cafa0, 0x000001a35a3cb580]
Event: 3.414 Thread 0x000001a36fa64800 2092   !   3       java.nio.charset.CharsetEncoder::encode (285 bytes)
Event: 3.415 Thread 0x000001a36fa64800 nmethod 2092 0x000001a35a3cb810 code [0x000001a35a3cbb20, 0x000001a35a3ccde0]

GC Heap History (6 events):
Event: 1.751 GC heap before
{Heap before GC invocations=0 (full 0):
 garbage-first heap   total 131072K, used 13312K [0x0000000081c00000, 0x0000000100000000)
  region size 1024K, 14 young (14336K), 0 survivors (0K)
 Metaspace       used 11515K, capacity 11731K, committed 12032K, reserved 1060864K
  class space    used 1092K, capacity 1168K, committed 1280K, reserved 1048576K
}
Event: 1.755 GC heap after
{Heap after GC invocations=1 (full 0):
 garbage-first heap   total 131072K, used 3192K [0x0000000081c00000, 0x0000000100000000)
  region size 1024K, 2 young (2048K), 2 survivors (2048K)
 Metaspace       used 11515K, capacity 11731K, committed 12032K, reserved 1060864K
  class space    used 1092K, capacity 1168K, committed 1280K, reserved 1048576K
}
Event: 2.018 GC heap before
{Heap before GC invocations=1 (full 0):
 garbage-first heap   total 131072K, used 12408K [0x0000000081c00000, 0x0000000100000000)
  region size 1024K, 11 young (11264K), 2 survivors (2048K)
 Metaspace       used 13438K, capacity 13663K, committed 13824K, reserved 1060864K
  class space    used 1357K, capacity 1428K, committed 1536K, reserved 1048576K
}
Event: 2.022 GC heap after
{Heap after GC invocations=2 (full 0):
 garbage-first heap   total 131072K, used 3788K [0x0000000081c00000, 0x0000000100000000)
  region size 1024K, 1 young (1024K), 1 survivors (1024K)
 Metaspace       used 13438K, capacity 13663K, committed 13824K, reserved 1060864K
  class space    used 1357K, capacity 1428K, committed 1536K, reserved 1048576K
}
Event: 2.633 GC heap before
{Heap before GC invocations=2 (full 0):
 garbage-first heap   total 131072K, used 31436K [0x0000000081c00000, 0x0000000100000000)
  region size 1024K, 28 young (28672K), 1 survivors (1024K)
 Metaspace       used 16671K, capacity 16975K, committed 17024K, reserved 1064960K
  class space    used 1773K, capacity 1890K, committed 1920K, reserved 1048576K
}
Event: 2.635 GC heap after
{Heap after GC invocations=3 (full 0):
 garbage-first heap   total 131072K, used 4735K [0x0000000081c00000, 0x0000000100000000)
  region size 1024K, 2 young (2048K), 2 survivors (2048K)
 Metaspace       used 16671K, capacity 16975K, committed 17024K, reserved 1064960K
  class space    used 1773K, capacity 1890K, committed 1920K, reserved 1048576K
}

Deoptimization events (10 events):
Event: 2.072 Thread 0x000001a351689800 Uncommon trap: reason=unstable_if action=reinterpret pc=0x000001a36152d400 method=sun.nio.cs.StreamDecoder.implRead([CII)I @ 197 c2
Event: 2.074 Thread 0x000001a351689800 Uncommon trap: reason=unstable_if action=reinterpret pc=0x000001a361538b38 method=org.codehaus.plexus.util.xml.pull.MXParser.nextImpl()I @ 241 c2
Event: 2.087 Thread 0x000001a351689800 Uncommon trap: reason=unstable_if action=reinterpret pc=0x000001a3615335c4 method=sun.nio.cs.StreamDecoder.read0()I @ 39 c2
Event: 2.168 Thread 0x000001a351689800 Uncommon trap: reason=unstable_if action=reinterpret pc=0x000001a361521520 method=java.util.HashMap.getNode(ILjava/lang/Object;)Ljava/util/HashMap$Node; @ 129 c2
Event: 2.445 Thread 0x000001a351689800 Uncommon trap: reason=speculate_class_check action=maybe_recompile pc=0x000001a36155b9a8 method=java.lang.reflect.Executable.declaredAnnotations()Ljava/util/Map; @ 23 c2
Event: 2.447 Thread 0x000001a351689800 Uncommon trap: reason=speculate_class_check action=maybe_recompile pc=0x000001a36155b9a8 method=java.lang.reflect.Executable.declaredAnnotations()Ljava/util/Map; @ 23 c2
Event: 2.448 Thread 0x000001a351689800 Uncommon trap: reason=speculate_class_check action=maybe_recompile pc=0x000001a36155b9a8 method=java.lang.reflect.Executable.declaredAnnotations()Ljava/util/Map; @ 23 c2
Event: 2.450 Thread 0x000001a351689800 Uncommon trap: reason=speculate_class_check action=maybe_recompile pc=0x000001a36155b9a8 method=java.lang.reflect.Executable.declaredAnnotations()Ljava/util/Map; @ 23 c2
Event: 3.395 Thread 0x000001a351689800 Uncommon trap: reason=unstable_if action=reinterpret pc=0x000001a361507b88 method=java.lang.AbstractStringBuilder.append(Ljava/lang/String;)Ljava/lang/AbstractStringBuilder; @ 1 c2
Event: 3.395 Thread 0x000001a351689800 Uncommon trap: reason=unstable_if action=reinterpret pc=0x000001a36151bb00 method=java.lang.AbstractStringBuilder.append(Ljava/lang/String;)Ljava/lang/AbstractStringBuilder; @ 1 c2

Classes redefined (0 events):
No events

Internal exceptions (8 events):
Event: 0.498 Thread 0x000001a351689800 Exception <a 'java/lang/NoSuchMethodError'{0x0000000089726758}: java.lang.invoke.DirectMethodHandle$Holder.invokeSpecialIFC(Ljava/lang/Object;Ljava/lang/Object;I)I> (0x0000000089726758) thrown at [t:/workspace/open/src/hotspot/share/interpreter/linkResolv
Event: 0.574 Thread 0x000001a351689800 Exception <a 'java/lang/NoSuchMethodError'{0x000000008964a878}: java.lang.invoke.DirectMethodHandle$Holder.invokeStaticInit(Ljava/lang/Object;IIII)Ljava/lang/Object;> (0x000000008964a878) thrown at [t:/workspace/open/src/hotspot/share/interpreter/linkReso
Event: 1.145 Thread 0x000001a351689800 Exception <a 'java/lang/NoSuchMethodError'{0x000000008967b498}: java.lang.invoke.DirectMethodHandle$Holder.invokeStaticInit(Ljava/lang/Object;Ljava/lang/Object;IIII)Ljava/lang/Object;> (0x000000008967b498) thrown at [t:/workspace/open/src/hotspot/share/in
Event: 2.958 Thread 0x000001a351689800 Exception <a 'java/lang/NoClassDefFoundError'{0x00000000890c2a78}: com/google/inject/servlet/ServletModuleTargetVisitor> (0x00000000890c2a78) thrown at [t:/workspace/open/src/hotspot/share/classfile/systemDictionary.cpp, line 220]
Event: 2.958 Thread 0x000001a351689800 Exception <a 'java/lang/NoClassDefFoundError'{0x00000000890c2a78}> (0x00000000890c2a78) thrown at [t:/workspace/open/src/hotspot/share/prims/jvm.cpp, line 1300]
Event: 2.959 Thread 0x000001a351689800 Exception <a 'java/lang/NoClassDefFoundError'{0x00000000890c5d48}: javax/annotation/Priority> (0x00000000890c5d48) thrown at [t:/workspace/open/src/hotspot/share/classfile/systemDictionary.cpp, line 220]
Event: 3.395 Thread 0x000001a351689800 Implicit null exception at 0x000001a361507674 to 0x000001a361507b6e
Event: 3.395 Thread 0x000001a351689800 Implicit null exception at 0x000001a36151b5f4 to 0x000001a36151bae6

Events (10 events):
Event: 3.411 loading class org/eclipse/aether/internal/impl/DefaultRepositoryEventDispatcher$1 done
Event: 3.413 loading class org/apache/maven/repository/internal/DefaultVersionResolver$Key
Event: 3.413 loading class org/apache/maven/repository/internal/DefaultVersionResolver$Key done
Event: 3.413 Executing VM operation: RevokeBias
Event: 3.413 Executing VM operation: RevokeBias done
Event: 3.413 loading class org/eclipse/aether/internal/impl/CacheUtils
Event: 3.413 loading class org/eclipse/aether/internal/impl/CacheUtils done
Event: 3.414 loading class org/eclipse/aether/repository/LocalArtifactRequest
Event: 3.414 loading class org/eclipse/aether/repository/LocalArtifactRequest done
Event: 3.415 loading class sun/nio/ch/FileChannelImpl


Dynamic libraries:
0x00007ff779510000 - 0x00007ff779557000 	C:\Program Files\Java\jdk-11.0.6\bin\java.exe
0x00007ffa625a0000 - 0x00007ffa62790000 	C:\WINDOWS\SYSTEM32\ntdll.dll
0x00007ffa61230000 - 0x00007ffa612e2000 	C:\WINDOWS\System32\KERNEL32.DLL
0x00007ffa5fc00000 - 0x00007ffa5fea3000 	C:\WINDOWS\System32\KERNELBASE.dll
0x00007ffa60840000 - 0x00007ffa608e3000 	C:\WINDOWS\System32\ADVAPI32.dll
0x00007ffa61ae0000 - 0x00007ffa61b7e000 	C:\WINDOWS\System32\msvcrt.dll
0x00007ffa60fe0000 - 0x00007ffa61077000 	C:\WINDOWS\System32\sechost.dll
0x00007ffa62440000 - 0x00007ffa62560000 	C:\WINDOWS\System32\RPCRT4.dll
0x00007ffa61d80000 - 0x00007ffa61f14000 	C:\WINDOWS\System32\USER32.dll
0x00007ffa5fed0000 - 0x00007ffa5fef1000 	C:\WINDOWS\System32\win32u.dll
0x00007ffa61a50000 - 0x00007ffa61a76000 	C:\WINDOWS\System32\GDI32.dll
0x00007ffa5f610000 - 0x00007ffa5f7a4000 	C:\WINDOWS\System32\gdi32full.dll
0x00007ffa5f7b0000 - 0x00007ffa5f84e000 	C:\WINDOWS\System32\msvcp_win.dll
0x00007ffa5f8a0000 - 0x00007ffa5f99a000 	C:\WINDOWS\System32\ucrtbase.dll
0x00007ffa4f4f0000 - 0x00007ffa4f775000 	C:\WINDOWS\WinSxS\amd64_microsoft.windows.common-controls_6595b64144ccf1df_6.0.18362.720_none_e6beb5c51314836b\COMCTL32.dll
0x00007ffa613c0000 - 0x00007ffa616f6000 	C:\WINDOWS\System32\combase.dll
0x00007ffa5ff30000 - 0x00007ffa5ffb0000 	C:\WINDOWS\System32\bcryptPrimitives.dll
0x00007ffa54400000 - 0x00007ffa5440a000 	C:\WINDOWS\SYSTEM32\VERSION.dll
0x00007ffa61700000 - 0x00007ffa6172e000 	C:\WINDOWS\System32\IMM32.DLL
0x00007ffa3ff80000 - 0x00007ffa3ff96000 	C:\Program Files\Java\jdk-11.0.6\bin\vcruntime140.dll
0x00007ffa13620000 - 0x00007ffa136ca000 	C:\Program Files\Java\jdk-11.0.6\bin\msvcp140.dll
0x00007ffa061c0000 - 0x00007ffa06ce9000 	C:\Program Files\Java\jdk-11.0.6\bin\server\jvm.dll
0x00007ffa61b80000 - 0x00007ffa61b88000 	C:\WINDOWS\System32\PSAPI.DLL
0x00007ffa4a4a0000 - 0x00007ffa4a4a9000 	C:\WINDOWS\SYSTEM32\WSOCK32.dll
0x00007ffa60740000 - 0x00007ffa607af000 	C:\WINDOWS\System32\WS2_32.dll
0x00007ffa5ccc0000 - 0x00007ffa5cce4000 	C:\WINDOWS\SYSTEM32\WINMM.dll
0x00007ffa5c9a0000 - 0x00007ffa5c9cd000 	C:\WINDOWS\SYSTEM32\WINMMBASE.dll
0x00007ffa5f850000 - 0x00007ffa5f89a000 	C:\WINDOWS\System32\cfgmgr32.dll
0x00007ffa5f550000 - 0x00007ffa5f561000 	C:\WINDOWS\System32\kernel.appcore.dll
0x00007ffa3e8e0000 - 0x00007ffa3e8f1000 	C:\Program Files\Java\jdk-11.0.6\bin\verify.dll
0x00007ffa5dcd0000 - 0x00007ffa5dec4000 	C:\WINDOWS\SYSTEM32\DBGHELP.DLL
0x00007ffa4b700000 - 0x00007ffa4b72a000 	C:\WINDOWS\SYSTEM32\dbgcore.DLL
0x00007ffa2e3a0000 - 0x00007ffa2e3c9000 	C:\Program Files\Java\jdk-11.0.6\bin\java.dll
0x00007ffa2e370000 - 0x00007ffa2e39f000 	C:\Program Files\Java\jdk-11.0.6\bin\instrument.dll
0x00007ffa37980000 - 0x00007ffa37996000 	C:\Program Files\Java\jdk-11.0.6\bin\zip.dll
0x00007ffa58fa0000 - 0x00007ffa58faa000 	C:\Program Files\Java\jdk-11.0.6\bin\jimage.dll
0x00007ffa608f0000 - 0x00007ffa60fd5000 	C:\WINDOWS\System32\SHELL32.dll
0x00007ffa61860000 - 0x00007ffa61909000 	C:\WINDOWS\System32\shcore.dll
0x00007ffa5ffb0000 - 0x00007ffa60730000 	C:\WINDOWS\System32\windows.storage.dll
0x00007ffa5f5e0000 - 0x00007ffa5f603000 	C:\WINDOWS\System32\profapi.dll
0x00007ffa5f590000 - 0x00007ffa5f5da000 	C:\WINDOWS\System32\powrprof.dll
0x00007ffa5f540000 - 0x00007ffa5f550000 	C:\WINDOWS\System32\UMPDC.dll
0x00007ffa61800000 - 0x00007ffa61852000 	C:\WINDOWS\System32\shlwapi.dll
0x00007ffa5feb0000 - 0x00007ffa5fec7000 	C:\WINDOWS\System32\cryptsp.dll
0x00007ffa25e30000 - 0x00007ffa25e49000 	C:\Program Files\Java\jdk-11.0.6\bin\net.dll
0x00007ffa52630000 - 0x00007ffa52721000 	C:\WINDOWS\SYSTEM32\WINHTTP.dll
0x00007ffa5edb0000 - 0x00007ffa5ee17000 	C:\WINDOWS\system32\mswsock.dll
0x00007ffa25e10000 - 0x00007ffa25e23000 	C:\Program Files\Java\jdk-11.0.6\bin\nio.dll
0x00007ffa206e0000 - 0x00007ffa206fa000 	C:\Program Files\JetBrains\IntelliJ IDEA Community Edition 2019.3.4\bin\breakgen64.dll
0x00007ffa5e920000 - 0x00007ffa5e953000 	C:\WINDOWS\system32\rsaenh.dll
0x00007ffa5ff00000 - 0x00007ffa5ff26000 	C:\WINDOWS\System32\bcrypt.dll
0x00007ffa5f430000 - 0x00007ffa5f455000 	C:\WINDOWS\SYSTEM32\USERENV.dll
0x00007ffa5ef80000 - 0x00007ffa5ef8c000 	C:\WINDOWS\SYSTEM32\CRYPTBASE.dll
0x00007ffa5eac0000 - 0x00007ffa5eafa000 	C:\WINDOWS\SYSTEM32\IPHLPAPI.DLL
0x00007ffa607b0000 - 0x00007ffa607b8000 	C:\WINDOWS\System32\NSI.dll
0x00007ffa538b0000 - 0x00007ffa538c6000 	C:\WINDOWS\SYSTEM32\dhcpcsvc6.DLL
0x00007ffa53980000 - 0x00007ffa5399c000 	C:\WINDOWS\SYSTEM32\dhcpcsvc.DLL
0x00007ffa5eb00000 - 0x00007ffa5ebca000 	C:\WINDOWS\SYSTEM32\DNSAPI.dll
0x00007ffa47730000 - 0x00007ffa4773a000 	C:\Users\Dhanushguntha\AppData\Local\Temp\jansi-1.17.1-10012759971401980360.dll
0x00007ffa45ea0000 - 0x00007ffa45eaa000 	C:\Users\Dhanushguntha\AppData\Local\Temp\jansi-1.17.1-13162260530357913248.dll

dbghelp: loaded successfully - version: 4.0.5 - missing functions: none
symbol engine: initialized successfully - sym options: 0x614 - pdb path: .;C:\Program Files\Java\jdk-11.0.6\bin;C:\WINDOWS\SYSTEM32;C:\WINDOWS\WinSxS\amd64_microsoft.windows.common-controls_6595b64144ccf1df_6.0.18362.720_none_e6beb5c51314836b;C:\Program Files\Java\jdk-11.0.6\bin\server;C:\Program Files\JetBrains\IntelliJ IDEA Community Edition 2019.3.4\bin;C:\Users\Dhanushguntha\AppData\Local\Temp

VM Arguments:
jvm_args: -Dmaven.multiModuleProjectDirectory=C:\Users\Dhanushguntha\Desktop\webcontroller\webcontroller -Dmaven.home=C:\Program Files\JetBrains\IntelliJ IDEA Community Edition 2019.3.4\plugins\maven\lib\maven3 -Dclassworlds.conf=C:\Program Files\JetBrains\IntelliJ IDEA Community Edition 2019.3.4\plugins\maven\lib\maven3\bin\m2.conf -Dmaven.ext.class.path=C:\Program Files\JetBrains\IntelliJ IDEA Community Edition 2019.3.4\plugins\maven\lib\maven-event-listener.jar -javaagent:C:\Program Files\JetBrains\IntelliJ IDEA Community Edition 2019.3.4\lib\idea_rt.jar=53576:C:\Program Files\JetBrains\IntelliJ IDEA Community Edition 2019.3.4\bin -Dfile.encoding=UTF-8 
java_command: org.codehaus.classworlds.Launcher -Didea.version2019.3.4 spring-boot:run
java_class_path (initial): C:\Program Files\JetBrains\IntelliJ IDEA Community Edition 2019.3.4\plugins\maven\lib\maven3\boot\plexus-classworlds-2.6.0.jar
Launcher Type: SUN_STANDARD

[Global flags]
     intx CICompilerCount                          = 3                                         {product} {ergonomic}
     uint ConcGCThreads                            = 1                                         {product} {ergonomic}
     uint G1ConcRefinementThreads                  = 4                                         {product} {ergonomic}
   size_t G1HeapRegionSize                         = 1048576                                   {product} {ergonomic}
    uintx GCDrainStackTargetSize                   = 64                                        {product} {ergonomic}
   size_t InitialHeapSize                          = 134217728                                 {product} {ergonomic}
   size_t MarkStackSize                            = 4194304                                   {product} {ergonomic}
   size_t MaxHeapSize                              = 2118123520                                {product} {ergonomic}
   size_t MaxNewSize                               = 1270874112                                {product} {ergonomic}
   size_t MinHeapDeltaBytes                        = 1048576                                   {product} {ergonomic}
    uintx NonNMethodCodeHeapSize                   = 5830732                                {pd product} {ergonomic}
    uintx NonProfiledCodeHeapSize                  = 122913754                              {pd product} {ergonomic}
    uintx ProfiledCodeHeapSize                     = 122913754                              {pd product} {ergonomic}
    uintx ReservedCodeCacheSize                    = 251658240                              {pd product} {ergonomic}
     bool SegmentedCodeCache                       = true                                      {product} {ergonomic}
     bool UseCompressedClassPointers               = true                                 {lp64_product} {ergonomic}
     bool UseCompressedOops                        = true                                 {lp64_product} {ergonomic}
     bool UseG1GC                                  = true                                      {product} {ergonomic}
     bool UseLargePagesIndividualAllocation        = false                                  {pd product} {ergonomic}

Logging:
Log output configuration:
 #0: stdout all=warning uptime,level,tags
 #1: stderr all=off uptime,level,tags

Environment Variables:
JAVA_HOME=C:\Program Files\Java\jdk-11.0.6
PATH=C:\Python27\;C:\Python27\Scripts;C:\Program Files (x86)\Intel\iCLS Client\;C:\Program Files\Intel\iCLS Client\;C:\windows\system32;C:\windows;C:\windows\System32\Wbem;C:\windows\System32\WindowsPowerShell\v1.0\;C:\Program Files (x86)\Intel\Intel(R) Management Engine Components\DAL;C:\Program Files\Intel\Intel(R) Management Engine Components\DAL;C:\Program Files (x86)\Intel\Intel(R) Management Engine Components\IPT;C:\Program Files\Intel\Intel(R) Management Engine Components\IPT;C:\Program Files (x86)\NVIDIA Corporation\PhysX\Common;C:\WINDOWS\system32;C:\WINDOWS;C:\WINDOWS\System32\Wbem;C:\WINDOWS\System32\WindowsPowerShell\v1.0\;C:\WINDOWS\System32\OpenSSH\;C:\Users\Dhanushguntha\AppData\Local\Programs\Python\Python37;C:\Program Files\Intel\WiFi\bin\;C:\Program Files\Common Files\Intel\WirelessCommon\;C:\Program Files\Git\cmd;C:\Program Files (x86)\Yarn\bin\;C:\Program Files\NVIDIA Corporation\NVIDIA NvDLISR;C:\Program Files\nodejs;C:\ProgramData\chocolatey\bin;C:\Program Files\nodejs\;C:\opt\apache-maven-3.6.3\bin;C:\Program Files\Java\jdk-11.0.6\bin;C:\Users\Dhanushguntha\Anaconda3\Scripts;C:\Users\Dhanushguntha\Anaconda3\Scripts;C:\Users\Dhanushguntha\AppData\Local\Programs\Microsoft VS Code\bin;C:\Users\Dhanushguntha\AppData\Roaming\npm;
USERNAME=Dhanushguntha
OS=Windows_NT
PROCESSOR_IDENTIFIER=Intel64 Family 6 Model 142 Stepping 9, GenuineIntel



---------------  S Y S T E M  ---------------

OS: Windows 10 , 64 bit Build 18362 (10.0.18362.329)

CPU:total 4 (initial active 4) (2 cores per cpu, 2 threads per core) family 6 model 142 stepping 9, cmov, cx8, fxsr, mmx, sse, sse2, sse3, ssse3, sse4.1, sse4.2, popcnt, avx, avx2, aes, clmul, erms, 3dnowpref, lzcnt, ht, tsc, tscinvbit, bmi1, bmi2, adx, fma

Memory: 4k page, system-wide physical 8077M (1167M free)
TotalPageFile size 8077M (AvailPageFile size 5M)
current process WorkingSet (physical memory assigned to process): 110M, peak: 111M
current process commit charge ("private bytes"): 240M, peak: 240M

vm_info: Java HotSpot(TM) 64-Bit Server VM (11.0.6+8-LTS) for windows-amd64 JRE (11.0.6+8-LTS), built on Dec 11 2019 09:17:57 by "mach5one" with MS VC++ 15.5 (VS2017)

END.
