#
# There is insufficient memory for the Java Runtime Environment to continue.
# Native memory allocation (malloc) failed to allocate 643056 bytes for Chunk::new
# Possible reasons:
#   The system is out of physical RAM or swap space
#   The process is running with CompressedOops enabled, and the Java Heap may be blocking the growth of the native heap
# Possible solutions:
#   Reduce memory load on the system
#   Increase physical memory or swap space
#   Check if swap backing store is full
#   Decrease Java heap size (-Xmx/-Xms)
#   Decrease number of Java threads
#   Decrease Java thread stack sizes (-Xss)
#   Set larger code cache with -XX:ReservedCodeCacheSize=
#   JVM is running with Unscaled Compressed Oops mode in which the Java heap is
#     placed in the first 4GB address space. The Java Heap base address is the
#     maximum limit for the native heap growth. Please use -XX:HeapBaseMinAddress
#     to set the Java Heap base and to place the Java Heap above 4GB virtual address.
# This output file may be truncated or incomplete.
#
#  Out of Memory Error (t:/workspace/open/src/hotspot/share/memory/arena.cpp:197), pid=9348, tid=14924
#
# JRE version: Java(TM) SE Runtime Environment (11.0.6+8) (build 11.0.6+8-LTS)
# Java VM: Java HotSpot(TM) 64-Bit Server VM (11.0.6+8-LTS, mixed mode, tiered, compressed oops, parallel gc, windows-amd64)
# No core dump will be written. Minidumps are not enabled by default on client versions of Windows
#

---------------  S U M M A R Y ------------

Command Line: --add-modules=ALL-SYSTEM --add-opens=java.base/java.util=ALL-UNNAMED --add-opens=java.base/java.lang=ALL-UNNAMED -Declipse.application=org.eclipse.jdt.ls.core.id1 -Dosgi.bundles.defaultStartLevel=4 -Declipse.product=org.eclipse.jdt.ls.core.product -Dfile.encoding=utf8 -DwatchParentProcess=false -XX:+UseParallelGC -XX:GCTimeRatio=4 -XX:AdaptiveSizePolicyWeight=90 -Dsun.zip.disableMemoryMapping=true -Xmx1G -Xms100m -Xverify:none c:\Users\Dhanushguntha\.vscode\extensions\redhat.java-0.59.0\server\plugins\org.eclipse.equinox.launcher_1.5.700.v20200207-2156.jar -configuration c:\Users\Dhanushguntha\AppData\Roaming\Code\User\globalStorage\redhat.java\0.59.0\config_ss_win -data c:\Users\Dhanushguntha\AppData\Roaming\Code\User\workspaceStorage\d205c3bc679c17d61fcbf72b5db58983\redhat.java\ss_ws

Host: Intel(R) Core(TM) i5-7200U CPU @ 2.50GHz, 4 cores, 7G,  Windows 10 , 64 bit Build 18362 (10.0.18362.329)
Time: Sat Apr  4 15:42:57 2020 India Standard Time elapsed time: 11 seconds (0d 0h 0m 11s)

---------------  T H R E A D  ---------------

Current thread (0x0000027cb5117800):  JavaThread "C2 CompilerThread0" daemon [_thread_in_native, id=14924, stack(0x0000008302c00000,0x0000008302d00000)]


Current CompileTask:
C2:  11161 2708       4       jdk.internal.jimage.ImageLocation::getFullName (109 bytes)

Stack: [0x0000008302c00000,0x0000008302d00000]
Native frames: (J=compiled Java code, j=interpreted, Vv=VM code, C=native code)
V  [jvm.dll+0x63679a]
V  [jvm.dll+0x7755bf]
V  [jvm.dll+0x776c65]
V  [jvm.dll+0x7772d3]
V  [jvm.dll+0x25e7f8]
V  [jvm.dll+0xc1c01]
V  [jvm.dll+0xc219c]
V  [jvm.dll+0x36d977]
V  [jvm.dll+0x33a7b3]
V  [jvm.dll+0x339b8a]
V  [jvm.dll+0x218355]
V  [jvm.dll+0x2174fa]
V  [jvm.dll+0x193a2c]
V  [jvm.dll+0x226544]
V  [jvm.dll+0x224b28]
V  [jvm.dll+0x73a9c5]
V  [jvm.dll+0x733905]
V  [jvm.dll+0x635846]
C  [ucrtbase.dll+0x20e72]
C  [KERNEL32.DLL+0x17bd4]
C  [ntdll.dll+0x6ced1]


---------------  P R O C E S S  ---------------

Threads class SMR info:
_java_thread_list=0x0000027cb67edef0, length=19, elements={
0x0000027c9b3d4800, 0x0000027cb5111000, 0x0000027cb50fe800, 0x0000027cb62b2800,
0x0000027cb62b3800, 0x0000027cb5117800, 0x0000027cb5118800, 0x0000027cb62cc000,
0x0000027cb634a800, 0x0000027cb651e000, 0x0000027cb75b6000, 0x0000027cb692b800,
0x0000027cb6ae3800, 0x0000027cb7891800, 0x0000027cb7737000, 0x0000027cb907b800,
0x0000027cb76de000, 0x0000027cb9196000, 0x0000027cb7ce3800
}

Java Threads: ( => current thread )
  0x0000027c9b3d4800 JavaThread "main" [_thread_blocked, id=13124, stack(0x0000008302500000,0x0000008302600000)]
  0x0000027cb5111000 JavaThread "Reference Handler" daemon [_thread_blocked, id=12620, stack(0x0000008302800000,0x0000008302900000)]
  0x0000027cb50fe800 JavaThread "Finalizer" daemon [_thread_blocked, id=14824, stack(0x0000008302900000,0x0000008302a00000)]
  0x0000027cb62b2800 JavaThread "Signal Dispatcher" daemon [_thread_blocked, id=7500, stack(0x0000008302a00000,0x0000008302b00000)]
  0x0000027cb62b3800 JavaThread "Attach Listener" daemon [_thread_blocked, id=14036, stack(0x0000008302b00000,0x0000008302c00000)]
=>0x0000027cb5117800 JavaThread "C2 CompilerThread0" daemon [_thread_in_native, id=14924, stack(0x0000008302c00000,0x0000008302d00000)]
  0x0000027cb5118800 JavaThread "C1 CompilerThread0" daemon [_thread_blocked, id=12384, stack(0x0000008302d00000,0x0000008302e00000)]
  0x0000027cb62cc000 JavaThread "Sweeper thread" daemon [_thread_blocked, id=9064, stack(0x0000008302e00000,0x0000008302f00000)]
  0x0000027cb634a800 JavaThread "Common-Cleaner" daemon [_thread_blocked, id=6600, stack(0x0000008302f00000,0x0000008303000000)]
  0x0000027cb651e000 JavaThread "Service Thread" daemon [_thread_blocked, id=1916, stack(0x0000008303000000,0x0000008303100000)]
  0x0000027cb75b6000 JavaThread "Active Thread: Equinox Container: f64c1b81-7c85-4b9b-b3bb-a592da1a8bb6" [_thread_blocked, id=9504, stack(0x0000008303300000,0x0000008303400000)]
  0x0000027cb692b800 JavaThread "Framework Event Dispatcher: Equinox Container: f64c1b81-7c85-4b9b-b3bb-a592da1a8bb6" daemon [_thread_blocked, id=9864, stack(0x0000008303200000,0x0000008303300000)]
  0x0000027cb6ae3800 JavaThread "Start Level: Equinox Container: f64c1b81-7c85-4b9b-b3bb-a592da1a8bb6" daemon [_thread_blocked, id=10796, stack(0x0000008303400000,0x0000008303500000)]
  0x0000027cb7891800 JavaThread "Worker-JM" [_thread_blocked, id=11976, stack(0x0000008303800000,0x0000008303900000)]
  0x0000027cb7737000 JavaThread "Worker-0" [_thread_blocked, id=11840, stack(0x0000008303a00000,0x0000008303b00000)]
  0x0000027cb907b800 JavaThread "Worker-1" [_thread_blocked, id=1100, stack(0x0000008303b00000,0x0000008303c00000)]
  0x0000027cb76de000 JavaThread "Worker-2: Initialize Workspace" [_thread_in_vm, id=14144, stack(0x0000008303c00000,0x0000008303d00000)]
  0x0000027cb9196000 JavaThread "pool-1-thread-1" [_thread_blocked, id=14408, stack(0x0000008303900000,0x0000008303a00000)]
  0x0000027cb7ce3800 JavaThread "C2 CompilerThread1" daemon [_thread_blocked, id=9676, stack(0x0000008303d00000,0x0000008303e00000)]

Other Threads:
  0x0000027c9b49c000 VMThread "VM Thread" [stack: 0x0000008302700000,0x0000008302800000] [id=1216]
  0x0000027cb6520800 WatcherThread [stack: 0x0000008303100000,0x0000008303200000] [id=4624]
  0x0000027c9b3ec000 GCTaskThread "ParGC Thread#0" [stack: 0x0000008302600000,0x0000008302700000] [id=13048]
  0x0000027cb6b89000 GCTaskThread "ParGC Thread#1" [stack: 0x0000008303500000,0x0000008303600000] [id=13936]
  0x0000027cb6ba4800 GCTaskThread "ParGC Thread#2" [stack: 0x0000008303600000,0x0000008303700000] [id=10312]
  0x0000027cb6c17800 GCTaskThread "ParGC Thread#3" [stack: 0x0000008303700000,0x0000008303800000] [id=15552]

Threads with active compile tasks:
C2 CompilerThread02708       4       jdk.internal.jimage.ImageLocation::getFullName (109 bytes)

VM state:not at safepoint (normal execution)

VM Mutex/Monitor currently owned by a thread: None

Heap address: 0x00000000c0000000, size: 1024 MB, Compressed Oops mode: 32-bit
Narrow klass base: 0x0000000000000000, Narrow klass shift: 3
Compressed class space size: 1073741824 Address: 0x0000000100000000

Heap:
 PSYoungGen      total 29696K, used 12565K [0x00000000eab00000, 0x00000000ecc00000, 0x0000000100000000)
  eden space 25600K, 33% used [0x00000000eab00000,0x00000000eb34b220,0x00000000ec400000)
  from space 4096K, 99% used [0x00000000ec800000,0x00000000ecbfa328,0x00000000ecc00000)
  to   space 4096K, 0% used [0x00000000ec400000,0x00000000ec400000,0x00000000ec800000)
 ParOldGen       total 68608K, used 14630K [0x00000000c0000000, 0x00000000c4300000, 0x00000000eab00000)
  object space 68608K, 21% used [0x00000000c0000000,0x00000000c0e49ae0,0x00000000c4300000)
 Metaspace       used 28601K, capacity 30125K, committed 30384K, reserved 1077248K
  class space    used 2711K, capacity 3215K, committed 3328K, reserved 1048576K

Card table byte_map: [0x0000027c9ad90000,0x0000027c9afa0000] _byte_map_base: 0x0000027c9a790000

Marking Bits: (ParMarkBitMap*) 0x00007ffbd3a0fca0
 Begin Bits: [0x0000027cb2760000, 0x0000027cb3760000)
 End Bits:   [0x0000027cb3760000, 0x0000027cb4760000)

Polling page: 0x0000027c991e0000

Metaspace:

Usage:
  Non-class:     26.28 MB capacity,    25.28 MB ( 96%) used,   964.46 KB (  4%) free+waste,    55.88 KB ( <1%) overhead. 
      Class:      3.14 MB capacity,     2.65 MB ( 84%) used,   477.49 KB ( 15%) free+waste,    26.06 KB ( <1%) overhead. 
       Both:     29.42 MB capacity,    27.93 MB ( 95%) used,     1.41 MB (  5%) free+waste,    81.94 KB ( <1%) overhead. 

Virtual space:
  Non-class space:       28.00 MB reserved,      26.42 MB ( 94%) committed 
      Class space:        1.00 GB reserved,       3.25 MB ( <1%) committed 
             Both:        1.03 GB reserved,      29.67 MB (  3%) committed 

Chunk freelists:
   Non-Class:  2.25 KB
       Class:  2.13 KB
        Both:  4.38 KB

CodeHeap 'non-profiled nmethods': size=120064Kb used=991Kb max_used=991Kb free=119072Kb
 bounds [0x0000027cab220000, 0x0000027cab490000, 0x0000027cb2760000]
CodeHeap 'profiled nmethods': size=120000Kb used=5242Kb max_used=5242Kb free=114757Kb
 bounds [0x0000027ca3cf0000, 0x0000027ca4220000, 0x0000027cab220000]
CodeHeap 'non-nmethods': size=5696Kb used=1177Kb max_used=1207Kb free=4518Kb
 bounds [0x0000027ca3760000, 0x0000027ca39d0000, 0x0000027ca3cf0000]
 total_blobs=3822 nmethods=2477 adapters=437
 compilation: enabled
              stopped_count=0, restarted_count=0
 full_count=0

Compilation events (10 events):
Event: 11.036 Thread 0x0000027cb5118800 2713       1       org.eclipse.jdt.internal.core.JarPackageFragmentRoot::isArchive (2 bytes)
Event: 11.036 Thread 0x0000027cb5118800 nmethod 2713 0x0000027cab313090 code [0x0000027cab313240, 0x0000027cab313358]
Event: 11.036 Thread 0x0000027cb5118800 2714  s!   3       org.eclipse.jdt.core.JavaConventions::scannedIdentifier (101 bytes)
Event: 11.037 Thread 0x0000027cb5118800 nmethod 2714 0x0000027ca4211690 code [0x0000027ca4211920, 0x0000027ca42125d0]
Event: 11.041 Thread 0x0000027cb5118800 2715       3       org.eclipse.jdt.internal.core.JrtPackageFragmentRoot$1::visitPackage (14 bytes)
Event: 11.041 Thread 0x0000027cb5118800 nmethod 2715 0x0000027ca4212a10 code [0x0000027ca4212c00, 0x0000027ca4213180]
Event: 11.127 Thread 0x0000027cb5117800 nmethod 2706 0x0000027cab313410 code [0x0000027cab3136e0, 0x0000027cab315e38]
Event: 11.127 Thread 0x0000027cb5117800 2711       4       org.eclipse.jdt.internal.compiler.util.Util::isClassFileName (82 bytes)
Event: 11.131 Thread 0x0000027cb5117800 nmethod 2711 0x0000027cab317590 code [0x0000027cab317740, 0x0000027cab317928]
Event: 11.131 Thread 0x0000027cb5117800 2708       4       jdk.internal.jimage.ImageLocation::getFullName (109 bytes)

GC Heap History (10 events):
Event: 3.085 GC heap before
{Heap before GC invocations=1 (full 0):
 PSYoungGen      total 29696K, used 25600K [0x00000000eab00000, 0x00000000ecc00000, 0x0000000100000000)
  eden space 25600K, 100% used [0x00000000eab00000,0x00000000ec400000,0x00000000ec400000)
  from space 4096K, 0% used [0x00000000ec800000,0x00000000ec800000,0x00000000ecc00000)
  to   space 4096K, 0% used [0x00000000ec400000,0x00000000ec400000,0x00000000ec800000)
 ParOldGen       total 68608K, used 0K [0x00000000c0000000, 0x00000000c4300000, 0x00000000eab00000)
  object space 68608K, 0% used [0x00000000c0000000,0x00000000c0000000,0x00000000c4300000)
 Metaspace       used 14102K, capacity 14535K, committed 14720K, reserved 1062912K
  class space    used 1308K, capacity 1407K, committed 1408K, reserved 1048576K
}
Event: 3.108 GC heap after
{Heap after GC invocations=1 (full 0):
 PSYoungGen      total 29696K, used 3819K [0x00000000eab00000, 0x00000000ecc00000, 0x0000000100000000)
  eden space 25600K, 0% used [0x00000000eab00000,0x00000000eab00000,0x00000000ec400000)
  from space 4096K, 93% used [0x00000000ec400000,0x00000000ec7bac10,0x00000000ec800000)
  to   space 4096K, 0% used [0x00000000ec800000,0x00000000ec800000,0x00000000ecc00000)
 ParOldGen       total 68608K, used 8K [0x00000000c0000000, 0x00000000c4300000, 0x00000000eab00000)
  object space 68608K, 0% used [0x00000000c0000000,0x00000000c0002000,0x00000000c4300000)
 Metaspace       used 14102K, capacity 14535K, committed 14720K, reserved 1062912K
  class space    used 1308K, capacity 1407K, committed 1408K, reserved 1048576K
}
Event: 4.231 GC heap before
{Heap before GC invocations=2 (full 0):
 PSYoungGen      total 29696K, used 29100K [0x00000000eab00000, 0x00000000ecc00000, 0x0000000100000000)
  eden space 25600K, 98% used [0x00000000eab00000,0x00000000ec3b05a0,0x00000000ec400000)
  from space 4096K, 93% used [0x00000000ec400000,0x00000000ec7bac10,0x00000000ec800000)
  to   space 4096K, 0% used [0x00000000ec800000,0x00000000ec800000,0x00000000ecc00000)
 ParOldGen       total 68608K, used 8K [0x00000000c0000000, 0x00000000c4300000, 0x00000000eab00000)
  object space 68608K, 0% used [0x00000000c0000000,0x00000000c0002000,0x00000000c4300000)
 Metaspace       used 20291K, capacity 21151K, committed 21296K, reserved 1069056K
  class space    used 1869K, capacity 2131K, committed 2176K, reserved 1048576K
}
Event: 4.257 GC heap after
{Heap after GC invocations=2 (full 0):
 PSYoungGen      total 29696K, used 4075K [0x00000000eab00000, 0x00000000ecc00000, 0x0000000100000000)
  eden space 25600K, 0% used [0x00000000eab00000,0x00000000eab00000,0x00000000ec400000)
  from space 4096K, 99% used [0x00000000ec800000,0x00000000ecbfaca8,0x00000000ecc00000)
  to   space 4096K, 0% used [0x00000000ec400000,0x00000000ec400000,0x00000000ec800000)
 ParOldGen       total 68608K, used 10166K [0x00000000c0000000, 0x00000000c4300000, 0x00000000eab00000)
  object space 68608K, 14% used [0x00000000c0000000,0x00000000c09edaa8,0x00000000c4300000)
 Metaspace       used 20291K, capacity 21151K, committed 21296K, reserved 1069056K
  class space    used 1869K, capacity 2131K, committed 2176K, reserved 1048576K
}
Event: 4.257 GC heap before
{Heap before GC invocations=3 (full 1):
 PSYoungGen      total 29696K, used 4075K [0x00000000eab00000, 0x00000000ecc00000, 0x0000000100000000)
  eden space 25600K, 0% used [0x00000000eab00000,0x00000000eab00000,0x00000000ec400000)
  from space 4096K, 99% used [0x00000000ec800000,0x00000000ecbfaca8,0x00000000ecc00000)
  to   space 4096K, 0% used [0x00000000ec400000,0x00000000ec400000,0x00000000ec800000)
 ParOldGen       total 68608K, used 10166K [0x00000000c0000000, 0x00000000c4300000, 0x00000000eab00000)
  object space 68608K, 14% used [0x00000000c0000000,0x00000000c09edaa8,0x00000000c4300000)
 Metaspace       used 20291K, capacity 21151K, committed 21296K, reserved 1069056K
  class space    used 1869K, capacity 2131K, committed 2176K, reserved 1048576K
}
Event: 4.397 GC heap after
{Heap after GC invocations=3 (full 1):
 PSYoungGen      total 29696K, used 0K [0x00000000eab00000, 0x00000000ecc00000, 0x0000000100000000)
  eden space 25600K, 0% used [0x00000000eab00000,0x00000000eab00000,0x00000000ec400000)
  from space 4096K, 0% used [0x00000000ec800000,0x00000000ec800000,0x00000000ecc00000)
  to   space 4096K, 0% used [0x00000000ec400000,0x00000000ec400000,0x00000000ec800000)
 ParOldGen       total 68608K, used 14129K [0x00000000c0000000, 0x00000000c4300000, 0x00000000eab00000)
  object space 68608K, 20% used [0x00000000c0000000,0x00000000c0dcc788,0x00000000c4300000)
 Metaspace       used 20291K, capacity 21151K, committed 21296K, reserved 1069056K
  class space    used 1869K, capacity 2131K, committed 2176K, reserved 1048576K
}
Event: 10.097 GC heap before
{Heap before GC invocations=4 (full 1):
 PSYoungGen      total 29696K, used 25600K [0x00000000eab00000, 0x00000000ecc00000, 0x0000000100000000)
  eden space 25600K, 100% used [0x00000000eab00000,0x00000000ec400000,0x00000000ec400000)
  from space 4096K, 0% used [0x00000000ec800000,0x00000000ec800000,0x00000000ecc00000)
  to   space 4096K, 0% used [0x00000000ec400000,0x00000000ec400000,0x00000000ec800000)
 ParOldGen       total 68608K, used 14129K [0x00000000c0000000, 0x00000000c4300000, 0x00000000eab00000)
  object space 68608K, 20% used [0x00000000c0000000,0x00000000c0dcc788,0x00000000c4300000)
 Metaspace       used 27206K, capacity 28722K, committed 28848K, reserved 1075200K
  class space    used 2572K, capacity 3005K, committed 3072K, reserved 1048576K
}
Event: 10.116 GC heap after
{Heap after GC invocations=4 (full 1):
 PSYoungGen      total 29696K, used 2403K [0x00000000eab00000, 0x00000000ecc00000, 0x0000000100000000)
  eden space 25600K, 0% used [0x00000000eab00000,0x00000000eab00000,0x00000000ec400000)
  from space 4096K, 58% used [0x00000000ec400000,0x00000000ec658cd8,0x00000000ec800000)
  to   space 4096K, 0% used [0x00000000ec800000,0x00000000ec800000,0x00000000ecc00000)
 ParOldGen       total 68608K, used 14137K [0x00000000c0000000, 0x00000000c4300000, 0x00000000eab00000)
  object space 68608K, 20% used [0x00000000c0000000,0x00000000c0dce788,0x00000000c4300000)
 Metaspace       used 27206K, capacity 28722K, committed 28848K, reserved 1075200K
  class space    used 2572K, capacity 3005K, committed 3072K, reserved 1048576K
}
Event: 10.970 GC heap before
{Heap before GC invocations=5 (full 1):
 PSYoungGen      total 29696K, used 28003K [0x00000000eab00000, 0x00000000ecc00000, 0x0000000100000000)
  eden space 25600K, 100% used [0x00000000eab00000,0x00000000ec400000,0x00000000ec400000)
  from space 4096K, 58% used [0x00000000ec400000,0x00000000ec658cd8,0x00000000ec800000)
  to   space 4096K, 0% used [0x00000000ec800000,0x00000000ec800000,0x00000000ecc00000)
 ParOldGen       total 68608K, used 14137K [0x00000000c0000000, 0x00000000c4300000, 0x00000000eab00000)
  object space 68608K, 20% used [0x00000000c0000000,0x00000000c0dce788,0x00000000c4300000)
 Metaspace       used 28572K, capacity 30124K, committed 30384K, reserved 1077248K
  class space    used 2711K, capacity 3215K, committed 3328K, reserved 1048576K
}
Event: 11.002 GC heap after
{Heap after GC invocations=5 (full 1):
 PSYoungGen      total 29696K, used 4072K [0x00000000eab00000, 0x00000000ecc00000, 0x0000000100000000)
  eden space 25600K, 0% used [0x00000000eab00000,0x00000000eab00000,0x00000000ec400000)
  from space 4096K, 99% used [0x00000000ec800000,0x00000000ecbfa328,0x00000000ecc00000)
  to   space 4096K, 0% used [0x00000000ec400000,0x00000000ec400000,0x00000000ec800000)
 ParOldGen       total 68608K, used 14630K [0x00000000c0000000, 0x00000000c4300000, 0x00000000eab00000)
  object space 68608K, 21% used [0x00000000c0000000,0x00000000c0e49ae0,0x00000000c4300000)
 Metaspace       used 28572K, capacity 30124K, committed 30384K, reserved 1077248K
  class space    used 2711K, capacity 3215K, committed 3328K, reserved 1048576K
}

Deoptimization events (10 events):
Event: 9.514 Thread 0x0000027c9b3d4800 Uncommon trap: reason=unstable_if action=reinterpret pc=0x0000027cab26d028 method=java.util.HashMap.getNode(ILjava/lang/Object;)Ljava/util/HashMap$Node; @ 129 c2
Event: 9.514 Thread 0x0000027c9b3d4800 Uncommon trap: reason=class_check action=maybe_recompile pc=0x0000027cab27da5c method=java.util.HashMap.putVal(ILjava/lang/Object;Ljava/lang/Object;ZZ)Ljava/lang/Object; @ 203 c2
Event: 9.841 Thread 0x0000027cb9196000 Uncommon trap: reason=unstable_if action=reinterpret pc=0x0000027cab2ad65c method=sun.nio.fs.WindowsPathParser.isSlash(C)Z @ 9 c2
Event: 9.981 Thread 0x0000027cb76de000 Uncommon trap: reason=class_check action=maybe_recompile pc=0x0000027cab2a5518 method=java.io.BufferedInputStream.read([BII)I @ 101 c2
Event: 9.982 Thread 0x0000027cb76de000 Uncommon trap: reason=class_check action=maybe_recompile pc=0x0000027cab2a56d4 method=java.io.BufferedInputStream.read1([BII)I @ 39 c2
Event: 10.448 Thread 0x0000027cb76de000 Uncommon trap: reason=unstable_if action=reinterpret pc=0x0000027cab290b20 method=jdk.internal.jrtfs.JrtPath.normalize(Ljava/lang/String;)Ljava/lang/String; @ 78 c2
Event: 10.569 Thread 0x0000027cb76de000 Uncommon trap: reason=bimorphic_or_optimized_type_check action=maybe_recompile pc=0x0000027cab2d31d8 method=jdk.internal.jimage.ImageReader$SharedImageReader.findNode(Ljava/lang/String;)Ljdk/internal/jimage/ImageReader$Node; @ 22 c2
Event: 10.578 Thread 0x0000027cb76de000 Uncommon trap: reason=unstable_if action=reinterpret pc=0x0000027cab2d3204 method=jdk.internal.jimage.ImageReader$SharedImageReader.findNode(Ljava/lang/String;)Ljdk/internal/jimage/ImageReader$Node; @ 25 c2
Event: 10.752 Thread 0x0000027cb76de000 Uncommon trap: reason=bimorphic_or_optimized_type_check action=maybe_recompile pc=0x0000027cab2f89e8 method=java.util.HashMap.putVal(ILjava/lang/Object;Ljava/lang/Object;ZZ)Ljava/lang/Object; @ 203 c2
Event: 10.794 Thread 0x0000027cb76de000 Uncommon trap: reason=bimorphic_or_optimized_type_check action=maybe_recompile pc=0x0000027cab2f89e8 method=java.util.HashMap.putVal(ILjava/lang/Object;Ljava/lang/Object;ZZ)Ljava/lang/Object; @ 203 c2

Classes redefined (0 events):
No events

Internal exceptions (10 events):
Event: 3.924 Thread 0x0000027cb6ae3800 Exception <a 'java/lang/NoSuchMethodError'{0x00000000ebff2c08}: java.lang.invoke.DirectMethodHandle$Holder.invokeStaticInit(Ljava/lang/Object;Ljava/lang/Object;Ljava/lang/Object;)I> (0x00000000ebff2c08) thrown at [t:/workspace/open/src/hotspot/share/inter
Event: 4.008 Thread 0x0000027cb6ae3800 Exception <a 'java/io/FileNotFoundException'{0x00000000ec08c878}> (0x00000000ec08c878) thrown at [t:/workspace/open/src/hotspot/share/prims/jni.cpp, line 615]
Event: 4.609 Thread 0x0000027cb6ae3800 Exception <a 'java/lang/ClassNotFoundException'{0x00000000eb6cb0a8}: com/sun/org/apache/xerces/internal/impl/msg/spi/DOMMessagesProvider> (0x00000000eb6cb0a8) thrown at [t:/workspace/open/src/hotspot/share/classfile/systemDictionary.cpp, line 231]
Event: 4.613 Thread 0x0000027cb6ae3800 Exception <a 'java/lang/ClassNotFoundException'{0x00000000eb6dff10}: com/sun/org/apache/xerces/internal/impl/msg/spi/XMLSerializerMessagesProvider> (0x00000000eb6dff10) thrown at [t:/workspace/open/src/hotspot/share/classfile/systemDictionary.cpp, line 23
Event: 4.615 Thread 0x0000027cb6ae3800 Exception <a 'java/lang/ClassNotFoundException'{0x00000000eb6eb630}: com/sun/org/apache/xerces/internal/impl/msg/spi/XMLMessagesProvider> (0x00000000eb6eb630) thrown at [t:/workspace/open/src/hotspot/share/classfile/systemDictionary.cpp, line 231]
Event: 9.224 Thread 0x0000027cb6ae3800 Exception <a 'java/lang/ClassNotFoundException'{0x00000000eb8bb3e0}: com/sun/org/apache/xml/internal/serializer/spi/XMLEntitiesProvider> (0x00000000eb8bb3e0) thrown at [t:/workspace/open/src/hotspot/share/classfile/systemDictionary.cpp, line 231]
Event: 9.525 Thread 0x0000027c9b3d4800 Exception <a 'java/lang/NoSuchMethodError'{0x00000000ebc43e20}: java.lang.invoke.DirectMethodHandle$Holder.invokeStatic(Ljava/lang/Object;Ljava/lang/Object;Ljava/lang/Object;Ljava/lang/Object;)V> (0x00000000ebc43e20) thrown at [t:/workspace/open/src/hotsp
Event: 9.844 Thread 0x0000027cb9196000 Exception <a 'java/io/FileNotFoundException'{0x00000000ec0c7f88}> (0x00000000ec0c7f88) thrown at [t:/workspace/open/src/hotspot/share/prims/jni.cpp, line 615]
Event: 10.790 Thread 0x0000027cb76de000 Exception <a 'java/io/FileNotFoundException'{0x00000000ebc8bbc0}> (0x00000000ebc8bbc0) thrown at [t:/workspace/open/src/hotspot/share/prims/jni.cpp, line 615]
Event: 10.791 Thread 0x0000027cb76de000 Exception <a 'java/io/FileNotFoundException'{0x00000000ebc8d9d0}> (0x00000000ebc8d9d0) thrown at [t:/workspace/open/src/hotspot/share/prims/jni.cpp, line 615]

Events (10 events):
Event: 10.792 Executing VM operation: RevokeBias
Event: 10.792 Executing VM operation: RevokeBias done
Event: 10.792 Executing VM operation: RevokeBias
Event: 10.792 Executing VM operation: RevokeBias done
Event: 10.794 Thread 0x0000027cb76de000 Uncommon trap: trap_request=0xffffffc6 fr.pc=0x0000027cab2f89e8 relative=0x0000000000000928
Event: 10.794 Thread 0x0000027cb76de000 DEOPT PACKING pc=0x0000027cab2f89e8 sp=0x0000008303cfdcb0
Event: 10.794 Thread 0x0000027cb76de000 DEOPT UNPACKING pc=0x0000027ca378872f sp=0x0000008303cfdc20 mode 2
Event: 10.969 Executing VM operation: ParallelGCFailedAllocation
Event: 11.002 Executing VM operation: ParallelGCFailedAllocation done
Event: 11.009 Thread 0x0000027cb7ce3800 Thread added: 0x0000027cb7ce3800


Dynamic libraries:
0x00007ff6f48f0000 - 0x00007ff6f4937000 	C:\Program Files\Java\jdk-11.0.6\bin\java.exe
0x00007ffc288c0000 - 0x00007ffc28ab0000 	C:\WINDOWS\SYSTEM32\ntdll.dll
0x00007ffc28610000 - 0x00007ffc286c2000 	C:\WINDOWS\System32\KERNEL32.DLL
0x00007ffc258b0000 - 0x00007ffc25b53000 	C:\WINDOWS\System32\KERNELBASE.dll
0x00007ffc269d0000 - 0x00007ffc26a73000 	C:\WINDOWS\System32\ADVAPI32.dll
0x00007ffc27f60000 - 0x00007ffc27ffe000 	C:\WINDOWS\System32\msvcrt.dll
0x00007ffc27520000 - 0x00007ffc275b7000 	C:\WINDOWS\System32\sechost.dll
0x00007ffc27e30000 - 0x00007ffc27f50000 	C:\WINDOWS\System32\RPCRT4.dll
0x00007ffc28470000 - 0x00007ffc28604000 	C:\WINDOWS\System32\USER32.dll
0x00007ffc25c30000 - 0x00007ffc25c51000 	C:\WINDOWS\System32\win32u.dll
0x00007ffc26b70000 - 0x00007ffc26b96000 	C:\WINDOWS\System32\GDI32.dll
0x00007ffc25d10000 - 0x00007ffc25ea4000 	C:\WINDOWS\System32\gdi32full.dll
0x00007ffc25eb0000 - 0x00007ffc25f4e000 	C:\WINDOWS\System32\msvcp_win.dll
0x00007ffc260a0000 - 0x00007ffc2619a000 	C:\WINDOWS\System32\ucrtbase.dll
0x00007ffc15c40000 - 0x00007ffc15ec5000 	C:\WINDOWS\WinSxS\amd64_microsoft.windows.common-controls_6595b64144ccf1df_6.0.18362.720_none_e6beb5c51314836b\COMCTL32.dll
0x00007ffc26dc0000 - 0x00007ffc270f6000 	C:\WINDOWS\System32\combase.dll
0x00007ffc25b60000 - 0x00007ffc25be0000 	C:\WINDOWS\System32\bcryptPrimitives.dll
0x00007ffc1d7c0000 - 0x00007ffc1d7ca000 	C:\WINDOWS\SYSTEM32\VERSION.dll
0x00007ffc27da0000 - 0x00007ffc27dce000 	C:\WINDOWS\System32\IMM32.DLL
0x00007ffc18280000 - 0x00007ffc18296000 	C:\Program Files\Java\jdk-11.0.6\bin\vcruntime140.dll
0x00007ffbeeec0000 - 0x00007ffbeef6a000 	C:\Program Files\Java\jdk-11.0.6\bin\msvcp140.dll
0x00007ffbd2fa0000 - 0x00007ffbd3ac9000 	C:\Program Files\Java\jdk-11.0.6\bin\server\jvm.dll
0x00007ffc27d10000 - 0x00007ffc27d18000 	C:\WINDOWS\System32\PSAPI.DLL
0x00007ffc14300000 - 0x00007ffc14309000 	C:\WINDOWS\SYSTEM32\WSOCK32.dll
0x00007ffc27280000 - 0x00007ffc272ef000 	C:\WINDOWS\System32\WS2_32.dll
0x00007ffc218d0000 - 0x00007ffc218f4000 	C:\WINDOWS\SYSTEM32\WINMM.dll
0x00007ffc218a0000 - 0x00007ffc218cd000 	C:\WINDOWS\SYSTEM32\WINMMBASE.dll
0x00007ffc25be0000 - 0x00007ffc25c2a000 	C:\WINDOWS\System32\cfgmgr32.dll
0x00007ffc257f0000 - 0x00007ffc25801000 	C:\WINDOWS\System32\kernel.appcore.dll
0x00007ffc18260000 - 0x00007ffc18271000 	C:\Program Files\Java\jdk-11.0.6\bin\verify.dll
0x00007ffc240b0000 - 0x00007ffc242a4000 	C:\WINDOWS\SYSTEM32\DBGHELP.DLL
0x00007ffc0ff00000 - 0x00007ffc0ff2a000 	C:\WINDOWS\SYSTEM32\dbgcore.DLL
0x00007ffbf1770000 - 0x00007ffbf1799000 	C:\Program Files\Java\jdk-11.0.6\bin\java.dll
0x00007ffbf1510000 - 0x00007ffbf1526000 	C:\Program Files\Java\jdk-11.0.6\bin\zip.dll
0x00007ffbf1760000 - 0x00007ffbf176a000 	C:\Program Files\Java\jdk-11.0.6\bin\jimage.dll
0x00007ffc275c0000 - 0x00007ffc27ca5000 	C:\WINDOWS\System32\SHELL32.dll
0x00007ffc271d0000 - 0x00007ffc27279000 	C:\WINDOWS\System32\shcore.dll
0x00007ffc26230000 - 0x00007ffc269b0000 	C:\WINDOWS\System32\windows.storage.dll
0x00007ffc25860000 - 0x00007ffc25883000 	C:\WINDOWS\System32\profapi.dll
0x00007ffc25810000 - 0x00007ffc2585a000 	C:\WINDOWS\System32\powrprof.dll
0x00007ffc257e0000 - 0x00007ffc257f0000 	C:\WINDOWS\System32\UMPDC.dll
0x00007ffc27dd0000 - 0x00007ffc27e22000 	C:\WINDOWS\System32\shlwapi.dll
0x00007ffc269b0000 - 0x00007ffc269c7000 	C:\WINDOWS\System32\cryptsp.dll
0x00007ffbf14f0000 - 0x00007ffbf1509000 	C:\Program Files\Java\jdk-11.0.6\bin\net.dll
0x00007ffc18f20000 - 0x00007ffc19011000 	C:\WINDOWS\SYSTEM32\WINHTTP.dll
0x00007ffc25050000 - 0x00007ffc250b7000 	C:\WINDOWS\system32\mswsock.dll
0x00007ffbeeea0000 - 0x00007ffbeeeb3000 	C:\Program Files\Java\jdk-11.0.6\bin\nio.dll
0x00007ffc24bc0000 - 0x00007ffc24bf3000 	C:\WINDOWS\system32\rsaenh.dll
0x00007ffc26200000 - 0x00007ffc26226000 	C:\WINDOWS\System32\bcrypt.dll
0x00007ffc25700000 - 0x00007ffc25725000 	C:\WINDOWS\SYSTEM32\USERENV.dll
0x00007ffc25220000 - 0x00007ffc2522c000 	C:\WINDOWS\SYSTEM32\CRYPTBASE.dll
0x00007ffc24d60000 - 0x00007ffc24d9a000 	C:\WINDOWS\SYSTEM32\IPHLPAPI.DLL
0x00007ffc26c50000 - 0x00007ffc26c58000 	C:\WINDOWS\System32\NSI.dll
0x00007ffc19b50000 - 0x00007ffc19b66000 	C:\WINDOWS\SYSTEM32\dhcpcsvc6.DLL
0x00007ffc19c20000 - 0x00007ffc19c3c000 	C:\WINDOWS\SYSTEM32\dhcpcsvc.DLL
0x00007ffc24da0000 - 0x00007ffc24e6a000 	C:\WINDOWS\SYSTEM32\DNSAPI.dll
0x00007ffbf82d0000 - 0x00007ffbf82f9000 	C:\Users\Dhanushguntha\AppData\Roaming\Code\User\globalStorage\redhat.java\0.59.0\config_ss_win\org.eclipse.equinox.launcher\org.eclipse.equinox.launcher.win32.win32.x86_64_1.1.1100.v20190907-0426\eclipse_1902.dll

dbghelp: loaded successfully - version: 4.0.5 - missing functions: none
symbol engine: initialized successfully - sym options: 0x614 - pdb path: .;C:\Program Files\Java\jdk-11.0.6\bin;C:\WINDOWS\SYSTEM32;C:\WINDOWS\WinSxS\amd64_microsoft.windows.common-controls_6595b64144ccf1df_6.0.18362.720_none_e6beb5c51314836b;C:\Program Files\Java\jdk-11.0.6\bin\server;C:\Users\Dhanushguntha\AppData\Roaming\Code\User\globalStorage\redhat.java\0.59.0\config_ss_win\org.eclipse.equinox.launcher\org.eclipse.equinox.launcher.win32.win32.x86_64_1.1.1100.v20190907-0426

VM Arguments:
jvm_args: --add-modules=ALL-SYSTEM --add-opens=java.base/java.util=ALL-UNNAMED --add-opens=java.base/java.lang=ALL-UNNAMED -Declipse.application=org.eclipse.jdt.ls.core.id1 -Dosgi.bundles.defaultStartLevel=4 -Declipse.product=org.eclipse.jdt.ls.core.product -Dfile.encoding=utf8 -DwatchParentProcess=false -XX:+UseParallelGC -XX:GCTimeRatio=4 -XX:AdaptiveSizePolicyWeight=90 -Dsun.zip.disableMemoryMapping=true -Xmx1G -Xms100m -Xverify:none 
java_command: c:\Users\Dhanushguntha\.vscode\extensions\redhat.java-0.59.0\server\plugins\org.eclipse.equinox.launcher_1.5.700.v20200207-2156.jar -configuration c:\Users\Dhanushguntha\AppData\Roaming\Code\User\globalStorage\redhat.java\0.59.0\config_ss_win -data c:\Users\Dhanushguntha\AppData\Roaming\Code\User\workspaceStorage\d205c3bc679c17d61fcbf72b5db58983\redhat.java\ss_ws
java_class_path (initial): c:\Users\Dhanushguntha\.vscode\extensions\redhat.java-0.59.0\server\plugins\org.eclipse.equinox.launcher_1.5.700.v20200207-2156.jar
Launcher Type: SUN_STANDARD

[Global flags]
    uintx AdaptiveSizePolicyWeight                 = 90                                        {product} {command line}
     bool BytecodeVerificationLocal                = false                                     {product} {command line}
     bool BytecodeVerificationRemote               = false                                     {product} {command line}
     intx CICompilerCount                          = 3                                         {product} {ergonomic}
    uintx GCTimeRatio                              = 4                                         {product} {command line}
   size_t InitialHeapSize                          = 104857600                                 {product} {command line}
   size_t MaxHeapSize                              = 1073741824                                {product} {command line}
   size_t MaxNewSize                               = 357564416                                 {product} {ergonomic}
   size_t MinHeapDeltaBytes                        = 524288                                    {product} {ergonomic}
   size_t NewSize                                  = 34603008                                  {product} {ergonomic}
    uintx NonNMethodCodeHeapSize                   = 5830732                                {pd product} {ergonomic}
    uintx NonProfiledCodeHeapSize                  = 122913754                              {pd product} {ergonomic}
   size_t OldSize                                  = 70254592                                  {product} {ergonomic}
    uintx ProfiledCodeHeapSize                     = 122913754                              {pd product} {ergonomic}
    uintx ReservedCodeCacheSize                    = 251658240                              {pd product} {ergonomic}
     bool SegmentedCodeCache                       = true                                      {product} {ergonomic}
     bool UseCompressedClassPointers               = true                                 {lp64_product} {ergonomic}
     bool UseCompressedOops                        = true                                 {lp64_product} {ergonomic}
     bool UseLargePagesIndividualAllocation        = false                                  {pd product} {ergonomic}
     bool UseParallelGC                            = true                                      {product} {command line}

Logging:
Log output configuration:
 #0: stdout all=warning uptime,level,tags
 #1: stderr all=off uptime,level,tags

Environment Variables:
JAVA_HOME=C:\Program Files\Java\jdk-11.0.6
PATH=C:\Python27\;C:\Python27\Scripts;C:\Program Files (x86)\Intel\iCLS Client\;C:\Program Files\Intel\iCLS Client\;C:\windows\system32;C:\windows;C:\windows\System32\Wbem;C:\windows\System32\WindowsPowerShell\v1.0\;C:\Program Files (x86)\Intel\Intel(R) Management Engine Components\DAL;C:\Program Files\Intel\Intel(R) Management Engine Components\DAL;C:\Program Files (x86)\Intel\Intel(R) Management Engine Components\IPT;C:\Program Files\Intel\Intel(R) Management Engine Components\IPT;C:\Program Files (x86)\NVIDIA Corporation\PhysX\Common;C:\WINDOWS\system32;C:\WINDOWS;C:\WINDOWS\System32\Wbem;C:\WINDOWS\System32\WindowsPowerShell\v1.0\;C:\WINDOWS\System32\OpenSSH\;C:\Users\Dhanushguntha\AppData\Local\Programs\Python\Python37;C:\Program Files\Intel\WiFi\bin\;C:\Program Files\Common Files\Intel\WirelessCommon\;C:\Program Files\Git\cmd;C:\Program Files (x86)\Yarn\bin\;C:\Program Files\NVIDIA Corporation\NVIDIA NvDLISR;C:\Program Files\nodejs;C:\ProgramData\chocolatey\bin;C:\Program Files\nodejs\;C:\opt\apache-maven-3.6.3\bin;C:\Program Files\Java\jdk-11.0.6\bin;C:\Users\Dhanushguntha\Anaconda3\Scripts;C:\Users\Dhanushguntha\Anaconda3\Scripts;C:\Users\Dhanushguntha\AppData\Local\Programs\Microsoft VS Code\bin;C:\Users\Dhanushguntha\AppData\Roaming\npm;
USERNAME=Dhanushguntha
OS=Windows_NT
PROCESSOR_IDENTIFIER=Intel64 Family 6 Model 142 Stepping 9, GenuineIntel



---------------  S Y S T E M  ---------------

OS: Windows 10 , 64 bit Build 18362 (10.0.18362.329)

CPU:total 4 (initial active 4) (2 cores per cpu, 2 threads per core) family 6 model 142 stepping 9, cmov, cx8, fxsr, mmx, sse, sse2, sse3, ssse3, sse4.1, sse4.2, popcnt, avx, avx2, aes, clmul, erms, 3dnowpref, lzcnt, ht, tsc, tscinvbit, bmi1, bmi2, adx, fma

Memory: 4k page, system-wide physical 8077M (1163M free)
TotalPageFile size 8077M (AvailPageFile size 7M)
current process WorkingSet (physical memory assigned to process): 128M, peak: 130M
current process commit charge ("private bytes"): 222M, peak: 224M

vm_info: Java HotSpot(TM) 64-Bit Server VM (11.0.6+8-LTS) for windows-amd64 JRE (11.0.6+8-LTS), built on Dec 11 2019 09:17:57 by "mach5one" with MS VC++ 15.5 (VS2017)

END.
