#
# There is insufficient memory for the Java Runtime Environment to continue.
# Native memory allocation (mmap) failed to map 58720256 bytes for Failed to commit area from 0x000000008b600000 to 0x000000008ee00000 of length 58720256.
# Possible reasons:
#   The system is out of physical RAM or swap space
#   The process is running with CompressedOops enabled, and the Java Heap may be blocking the growth of the native heap
# Possible solutions:
#   Reduce memory load on the system
#   Increase physical memory or swap space
#   Check if swap backing store is full
#   Decrease Java heap size (-Xmx/-Xms)
#   Decrease number of Java threads
#   Decrease Java thread stack sizes (-Xss)
#   Set larger code cache with -XX:ReservedCodeCacheSize=
#   JVM is running with Unscaled Compressed Oops mode in which the Java heap is
#     placed in the first 4GB address space. The Java Heap base address is the
#     maximum limit for the native heap growth. Please use -XX:HeapBaseMinAddress
#     to set the Java Heap base and to place the Java Heap above 4GB virtual address.
# This output file may be truncated or incomplete.
#
#  Out of Memory Error (t:/workspace/open/src/hotspot/os/windows/os_windows.cpp:3271), pid=15100, tid=14244
#
# JRE version: Java(TM) SE Runtime Environment (11.0.6+8) (build 11.0.6+8-LTS)
# Java VM: Java HotSpot(TM) 64-Bit Server VM (11.0.6+8-LTS, mixed mode, tiered, compressed oops, g1 gc, windows-amd64)
# No core dump will be written. Minidumps are not enabled by default on client versions of Windows
#

---------------  S U M M A R Y ------------

Command Line: -Xverify:none -XX:TieredStopAtLevel=1 com.webcontroller.webcontroller.model.ReactandSpringDataRestApplication

Host: Intel(R) Core(TM) i5-7200U CPU @ 2.50GHz, 4 cores, 7G,  Windows 10 , 64 bit Build 18362 (10.0.18362.329)
Time: Wed Apr  8 21:49:08 2020 India Standard Time elapsed time: 4 seconds (0d 0h 0m 4s)

---------------  T H R E A D  ---------------

Current thread (0x000001367b47a800):  VMThread "VM Thread" [stack: 0x0000002b67200000,0x0000002b67300000] [id=14244]

Stack: [0x0000002b67200000,0x0000002b67300000]
[error occurred during error reporting (printing stack bounds), id 0xc0000005, EXCEPTION_ACCESS_VIOLATION (0xc0000005) at pc=0x0000013600000bad]

Native frames: (J=compiled Java code, j=interpreted, Vv=VM code, C=native code)
V  [jvm.dll+0x63679a]
V  [jvm.dll+0x7755bf]
V  [jvm.dll+0x776c65]
V  [jvm.dll+0x777235]
V  [jvm.dll+0x7771eb]
V  [jvm.dll+0x635e96]
V  [jvm.dll+0x636268]
C  [ntdll.dll+0xa121f]
C  [ntdll.dll+0x6a289]
C  [ntdll.dll+0x9fe8e]
C  0x0000013600000bad

VM_Operation (0x0000002b66cfc670): G1CollectForAllocation, mode: safepoint, requested by thread 0x000001366a1c3800


---------------  P R O C E S S  ---------------

Threads class SMR info:
_java_thread_list=0x000001367d903560, length=14, elements={
0x000001366a1c3800, 0x000001367b4a1000, 0x000001367b4aa800, 0x000001367b4b8800,
0x000001367b4bb000, 0x000001367b4bc000, 0x000001367bddb800, 0x000001367bf35000,
0x000001367bf3c000, 0x000001367df12800, 0x000001367db7f800, 0x000001367db80000,
0x000001367e04d800, 0x000001367e036800
}

Java Threads: ( => current thread )
  0x000001366a1c3800 JavaThread "main" [_thread_blocked, id=13824, stack(0x0000002b66c00000,0x0000002b66d00000)]
  0x000001367b4a1000 JavaThread "Reference Handler" daemon [_thread_blocked, id=6076, stack(0x0000002b67300000,0x0000002b67400000)]
  0x000001367b4aa800 JavaThread "Finalizer" daemon [_thread_blocked, id=872, stack(0x0000002b67400000,0x0000002b67500000)]
  0x000001367b4b8800 JavaThread "Signal Dispatcher" daemon [_thread_blocked, id=4440, stack(0x0000002b67500000,0x0000002b67600000)]
  0x000001367b4bb000 JavaThread "Attach Listener" daemon [_thread_blocked, id=9384, stack(0x0000002b67600000,0x0000002b67700000)]
  0x000001367b4bc000 JavaThread "C1 CompilerThread0" daemon [_thread_blocked, id=9208, stack(0x0000002b67700000,0x0000002b67800000)]
  0x000001367bddb800 JavaThread "Sweeper thread" daemon [_thread_blocked, id=7372, stack(0x0000002b67800000,0x0000002b67900000)]
  0x000001367bf35000 JavaThread "Service Thread" daemon [_thread_blocked, id=9848, stack(0x0000002b67900000,0x0000002b67a00000)]
  0x000001367bf3c000 JavaThread "Common-Cleaner" daemon [_thread_blocked, id=13848, stack(0x0000002b67b00000,0x0000002b67c00000)]
  0x000001367df12800 JavaThread "Catalina-utility-1" [_thread_blocked, id=888, stack(0x0000002b67e00000,0x0000002b67f00000)]
  0x000001367db7f800 JavaThread "Catalina-utility-2" [_thread_blocked, id=13348, stack(0x0000002b68000000,0x0000002b68100000)]
  0x000001367db80000 JavaThread "container-0" [_thread_blocked, id=1336, stack(0x0000002b68100000,0x0000002b68200000)]
  0x000001367e04d800 JavaThread "HikariPool-1 housekeeper" daemon [_thread_blocked, id=11732, stack(0x0000002b68200000,0x0000002b68300000)]
  0x000001367e036800 JavaThread "HikariPool-1 connection adder" daemon [_thread_blocked, id=14408, stack(0x0000002b68300000,0x0000002b68400000)]

Other Threads:
=>0x000001367b47a800 VMThread "VM Thread" [stack: 0x0000002b67200000,0x0000002b67300000] [id=14244]
  0x000001367bf36000 WatcherThread [stack: 0x0000002b67a00000,0x0000002b67b00000] [id=15064]
  0x000001366a1db000 GCTaskThread "GC Thread#0" [stack: 0x0000002b66d00000,0x0000002b66e00000] [id=9064]
  0x000001367c352000 GCTaskThread "GC Thread#1" [stack: 0x0000002b67c00000,0x0000002b67d00000] [id=224]
  0x000001367c4ad000 GCTaskThread "GC Thread#2" [stack: 0x0000002b67d00000,0x0000002b67e00000] [id=4668]
  0x000001367c7f0000 GCTaskThread "GC Thread#3" [stack: 0x0000002b67f00000,0x0000002b68000000] [id=4640]
  0x000001366a20b000 ConcurrentGCThread "G1 Main Marker" [stack: 0x0000002b66e00000,0x0000002b66f00000] [id=5008]
  0x000001366a20c800 ConcurrentGCThread "G1 Conc#0" [stack: 0x0000002b66f00000,0x0000002b67000000] [id=14852]
  0x000001367b2e2800 ConcurrentGCThread "G1 Refine#0" [stack: 0x0000002b67000000,0x0000002b67100000] [id=13464]
  0x000001367b2e3000 ConcurrentGCThread "G1 Young RemSet Sampling" [stack: 0x0000002b67100000,0x0000002b67200000] [id=3288]

Threads with active compile tasks:
C1 CompilerThread04127   !   1       java.lang.reflect.ProxyGenerator::generateClassFile (691 bytes)

VM state:at safepoint (normal execution)

VM Mutex/Monitor currently owned by a thread:  ([mutex/lock_event])
[0x000001366a1c3470] Threads_lock - owner thread: 0x000001367b47a800
[0x000001366a1c1c40] Heap_lock - owner thread: 0x000001366a1c3800

Heap address: 0x0000000081c00000, size: 2020 MB, Compressed Oops mode: 32-bit
Narrow klass base: 0x0000000000000000, Narrow klass shift: 3
Compressed class space size: 1073741824 Address: 0x0000000100000000

Heap:
 garbage-first heap   total 215040K, used 21422K [0x0000000081c00000, 0x0000000100000000)
  region size 1024K, 10 young (10240K), 10 survivors (10240K)
 Metaspace       used 51280K, capacity 52603K, committed 52656K, reserved 1095680K
  class space    used 6635K, capacity 7140K, committed 7168K, reserved 1048576K
Heap Regions: E=young(eden), S=young(survivor), O=old, HS=humongous(starts), HC=humongous(continues), CS=collection set, F=free, A=archive, TAMS=top-at-mark-start (previous, next)
|   0|0x0000000081c00000, 0x0000000081d00000, 0x0000000081d00000|100%|HS|  |TAMS 0x0000000081d00000, 0x0000000081d00000| Complete 
|   1|0x0000000081d00000, 0x0000000081e00000, 0x0000000081e00000|100%| O|  |TAMS 0x0000000081e00000, 0x0000000081e00000| Untracked 
|   2|0x0000000081e00000, 0x0000000081f00000, 0x0000000081f00000|100%| O|  |TAMS 0x0000000081f00000, 0x0000000081f00000| Untracked 
|   3|0x0000000081f00000, 0x0000000082000000, 0x0000000082000000|100%| O|  |TAMS 0x0000000082000000, 0x0000000082000000| Untracked 
|   4|0x0000000082000000, 0x0000000082100000, 0x0000000082100000|100%| O|  |TAMS 0x0000000082100000, 0x0000000082100000| Untracked 
|   5|0x0000000082100000, 0x0000000082200000, 0x0000000082200000|100%| O|  |TAMS 0x0000000082200000, 0x0000000082200000| Untracked 
|   6|0x0000000082200000, 0x0000000082300000, 0x0000000082300000|100%| O|  |TAMS 0x0000000082300000, 0x0000000082300000| Untracked 
|   7|0x0000000082300000, 0x0000000082400000, 0x0000000082400000|100%| O|  |TAMS 0x0000000082400000, 0x0000000082400000| Untracked 
|   8|0x0000000082400000, 0x0000000082500000, 0x0000000082500000|100%| O|  |TAMS 0x00000000824aa800, 0x0000000082500000| Untracked 
|   9|0x0000000082500000, 0x0000000082600000, 0x0000000082600000|100%| O|  |TAMS 0x0000000082500000, 0x0000000082600000| Untracked 
|  10|0x0000000082600000, 0x00000000826eb800, 0x0000000082700000| 91%| O|  |TAMS 0x0000000082600000, 0x00000000826eb800| Untracked 
|  11|0x0000000082700000, 0x0000000082700000, 0x0000000082800000|  0%| F|  |TAMS 0x0000000082700000, 0x0000000082700000| Untracked 
|  12|0x0000000082800000, 0x0000000082800000, 0x0000000082900000|  0%| F|  |TAMS 0x0000000082800000, 0x0000000082800000| Untracked 
|  13|0x0000000082900000, 0x0000000082900000, 0x0000000082a00000|  0%| F|  |TAMS 0x0000000082900000, 0x0000000082900000| Untracked 
|  14|0x0000000082a00000, 0x0000000082a00000, 0x0000000082b00000|  0%| F|  |TAMS 0x0000000082a00000, 0x0000000082a00000| Untracked 
|  15|0x0000000082b00000, 0x0000000082b00000, 0x0000000082c00000|  0%| F|  |TAMS 0x0000000082b00000, 0x0000000082b00000| Untracked 
|  16|0x0000000082c00000, 0x0000000082c00000, 0x0000000082d00000|  0%| F|  |TAMS 0x0000000082c00000, 0x0000000082c00000| Untracked 
|  17|0x0000000082d00000, 0x0000000082d00000, 0x0000000082e00000|  0%| F|  |TAMS 0x0000000082d00000, 0x0000000082d00000| Untracked 
|  18|0x0000000082e00000, 0x0000000082e00000, 0x0000000082f00000|  0%| F|  |TAMS 0x0000000082e00000, 0x0000000082e00000| Untracked 
|  19|0x0000000082f00000, 0x0000000082f00000, 0x0000000083000000|  0%| F|  |TAMS 0x0000000082f00000, 0x0000000082f00000| Untracked 
|  20|0x0000000083000000, 0x0000000083000000, 0x0000000083100000|  0%| F|  |TAMS 0x0000000083000000, 0x0000000083000000| Untracked 
|  21|0x0000000083100000, 0x0000000083100000, 0x0000000083200000|  0%| F|  |TAMS 0x0000000083100000, 0x0000000083100000| Untracked 
|  22|0x0000000083200000, 0x0000000083200000, 0x0000000083300000|  0%| F|  |TAMS 0x0000000083200000, 0x0000000083200000| Untracked 
|  23|0x0000000083300000, 0x0000000083300000, 0x0000000083400000|  0%| F|  |TAMS 0x0000000083300000, 0x0000000083300000| Untracked 
|  24|0x0000000083400000, 0x0000000083400000, 0x0000000083500000|  0%| F|  |TAMS 0x0000000083400000, 0x0000000083400000| Untracked 
|  25|0x0000000083500000, 0x0000000083500000, 0x0000000083600000|  0%| F|  |TAMS 0x0000000083500000, 0x0000000083500000| Untracked 
|  26|0x0000000083600000, 0x0000000083600000, 0x0000000083700000|  0%| F|  |TAMS 0x0000000083600000, 0x0000000083600000| Untracked 
|  27|0x0000000083700000, 0x0000000083700000, 0x0000000083800000|  0%| F|  |TAMS 0x0000000083700000, 0x0000000083700000| Untracked 
|  28|0x0000000083800000, 0x0000000083800000, 0x0000000083900000|  0%| F|  |TAMS 0x0000000083800000, 0x0000000083800000| Untracked 
|  29|0x0000000083900000, 0x0000000083900000, 0x0000000083a00000|  0%| F|  |TAMS 0x0000000083900000, 0x0000000083900000| Untracked 
|  30|0x0000000083a00000, 0x0000000083a00000, 0x0000000083b00000|  0%| F|  |TAMS 0x0000000083a00000, 0x0000000083a00000| Untracked 
|  31|0x0000000083b00000, 0x0000000083b00000, 0x0000000083c00000|  0%| F|  |TAMS 0x0000000083b00000, 0x0000000083b00000| Untracked 
|  32|0x0000000083c00000, 0x0000000083c00000, 0x0000000083d00000|  0%| F|  |TAMS 0x0000000083c00000, 0x0000000083c00000| Untracked 
|  33|0x0000000083d00000, 0x0000000083d00000, 0x0000000083e00000|  0%| F|  |TAMS 0x0000000083d00000, 0x0000000083d00000| Untracked 
|  34|0x0000000083e00000, 0x0000000083e00000, 0x0000000083f00000|  0%| F|  |TAMS 0x0000000083e00000, 0x0000000083e00000| Untracked 
|  35|0x0000000083f00000, 0x0000000083f00000, 0x0000000084000000|  0%| F|  |TAMS 0x0000000083f00000, 0x0000000083f00000| Untracked 
|  36|0x0000000084000000, 0x0000000084000000, 0x0000000084100000|  0%| F|  |TAMS 0x0000000084000000, 0x0000000084000000| Untracked 
|  37|0x0000000084100000, 0x0000000084100000, 0x0000000084200000|  0%| F|  |TAMS 0x0000000084100000, 0x0000000084100000| Untracked 
|  38|0x0000000084200000, 0x0000000084200000, 0x0000000084300000|  0%| F|  |TAMS 0x0000000084200000, 0x0000000084200000| Untracked 
|  39|0x0000000084300000, 0x0000000084300000, 0x0000000084400000|  0%| F|  |TAMS 0x0000000084300000, 0x0000000084300000| Untracked 
|  40|0x0000000084400000, 0x0000000084400000, 0x0000000084500000|  0%| F|  |TAMS 0x0000000084400000, 0x0000000084400000| Untracked 
|  41|0x0000000084500000, 0x0000000084500000, 0x0000000084600000|  0%| F|  |TAMS 0x0000000084500000, 0x0000000084500000| Untracked 
|  42|0x0000000084600000, 0x0000000084600000, 0x0000000084700000|  0%| F|  |TAMS 0x0000000084600000, 0x0000000084600000| Untracked 
|  43|0x0000000084700000, 0x0000000084700000, 0x0000000084800000|  0%| F|  |TAMS 0x0000000084700000, 0x0000000084700000| Untracked 
|  44|0x0000000084800000, 0x0000000084800000, 0x0000000084900000|  0%| F|  |TAMS 0x0000000084800000, 0x0000000084800000| Untracked 
|  45|0x0000000084900000, 0x0000000084900000, 0x0000000084a00000|  0%| F|  |TAMS 0x0000000084900000, 0x0000000084900000| Untracked 
|  46|0x0000000084a00000, 0x0000000084a00000, 0x0000000084b00000|  0%| F|  |TAMS 0x0000000084a00000, 0x0000000084a00000| Untracked 
|  47|0x0000000084b00000, 0x0000000084b00000, 0x0000000084c00000|  0%| F|  |TAMS 0x0000000084b00000, 0x0000000084b00000| Untracked 
|  48|0x0000000084c00000, 0x0000000084c00000, 0x0000000084d00000|  0%| F|  |TAMS 0x0000000084c00000, 0x0000000084c00000| Untracked 
|  49|0x0000000084d00000, 0x0000000084d00000, 0x0000000084e00000|  0%| F|  |TAMS 0x0000000084d00000, 0x0000000084d00000| Untracked 
|  50|0x0000000084e00000, 0x0000000084e00000, 0x0000000084f00000|  0%| F|  |TAMS 0x0000000084e00000, 0x0000000084e00000| Untracked 
|  51|0x0000000084f00000, 0x0000000084f00000, 0x0000000085000000|  0%| F|  |TAMS 0x0000000084f00000, 0x0000000084f00000| Untracked 
|  52|0x0000000085000000, 0x0000000085100000, 0x0000000085100000|100%| S|CS|TAMS 0x0000000085000000, 0x0000000085000000| Complete 
|  53|0x0000000085100000, 0x0000000085200000, 0x0000000085200000|100%| S|CS|TAMS 0x0000000085100000, 0x0000000085100000| Complete 
|  54|0x0000000085200000, 0x0000000085300000, 0x0000000085300000|100%| S|CS|TAMS 0x0000000085200000, 0x0000000085200000| Complete 
|  55|0x0000000085300000, 0x0000000085400000, 0x0000000085400000|100%| S|CS|TAMS 0x0000000085300000, 0x0000000085300000| Complete 
|  56|0x0000000085400000, 0x0000000085500000, 0x0000000085500000|100%| S|CS|TAMS 0x0000000085400000, 0x0000000085400000| Complete 
|  57|0x0000000085500000, 0x0000000085600000, 0x0000000085600000|100%| S|CS|TAMS 0x0000000085500000, 0x0000000085500000| Complete 
|  58|0x0000000085600000, 0x0000000085700000, 0x0000000085700000|100%| S|CS|TAMS 0x0000000085600000, 0x0000000085600000| Complete 
|  59|0x0000000085700000, 0x0000000085800000, 0x0000000085800000|100%| S|CS|TAMS 0x0000000085700000, 0x0000000085700000| Complete 
|  60|0x0000000085800000, 0x0000000085900000, 0x0000000085900000|100%| S|CS|TAMS 0x0000000085800000, 0x0000000085800000| Complete 
|  61|0x0000000085900000, 0x0000000085a00000, 0x0000000085a00000|100%| S|CS|TAMS 0x0000000085900000, 0x0000000085900000| Complete 
|  62|0x0000000085a00000, 0x0000000085a00000, 0x0000000085b00000|  0%| F|  |TAMS 0x0000000085a00000, 0x0000000085a00000| Untracked 
|  63|0x0000000085b00000, 0x0000000085b00000, 0x0000000085c00000|  0%| F|  |TAMS 0x0000000085b00000, 0x0000000085b00000| Untracked 
|  64|0x0000000085c00000, 0x0000000085c00000, 0x0000000085d00000|  0%| F|  |TAMS 0x0000000085c00000, 0x0000000085c00000| Untracked 
|  65|0x0000000085d00000, 0x0000000085d00000, 0x0000000085e00000|  0%| F|  |TAMS 0x0000000085d00000, 0x0000000085d00000| Untracked 
|  66|0x0000000085e00000, 0x0000000085e00000, 0x0000000085f00000|  0%| F|  |TAMS 0x0000000085e00000, 0x0000000085e00000| Untracked 
|  67|0x0000000085f00000, 0x0000000085f00000, 0x0000000086000000|  0%| F|  |TAMS 0x0000000085f00000, 0x0000000085f00000| Untracked 
|  68|0x0000000086000000, 0x0000000086000000, 0x0000000086100000|  0%| F|  |TAMS 0x0000000086000000, 0x0000000086000000| Untracked 
|  69|0x0000000086100000, 0x0000000086100000, 0x0000000086200000|  0%| F|  |TAMS 0x0000000086100000, 0x0000000086100000| Untracked 
|  70|0x0000000086200000, 0x0000000086200000, 0x0000000086300000|  0%| F|  |TAMS 0x0000000086200000, 0x0000000086200000| Untracked 
|  71|0x0000000086300000, 0x0000000086300000, 0x0000000086400000|  0%| F|  |TAMS 0x0000000086300000, 0x0000000086300000| Untracked 
|  72|0x0000000086400000, 0x0000000086400000, 0x0000000086500000|  0%| F|  |TAMS 0x0000000086400000, 0x0000000086400000| Untracked 
|  73|0x0000000086500000, 0x0000000086500000, 0x0000000086600000|  0%| F|  |TAMS 0x0000000086500000, 0x0000000086500000| Untracked 
|  74|0x0000000086600000, 0x0000000086600000, 0x0000000086700000|  0%| F|  |TAMS 0x0000000086600000, 0x0000000086600000| Untracked 
|  75|0x0000000086700000, 0x0000000086700000, 0x0000000086800000|  0%| F|  |TAMS 0x0000000086700000, 0x0000000086700000| Untracked 
|  76|0x0000000086800000, 0x0000000086800000, 0x0000000086900000|  0%| F|  |TAMS 0x0000000086800000, 0x0000000086800000| Untracked 
|  77|0x0000000086900000, 0x0000000086900000, 0x0000000086a00000|  0%| F|  |TAMS 0x0000000086900000, 0x0000000086900000| Untracked 
|  78|0x0000000086a00000, 0x0000000086a00000, 0x0000000086b00000|  0%| F|  |TAMS 0x0000000086a00000, 0x0000000086a00000| Untracked 
|  79|0x0000000086b00000, 0x0000000086b00000, 0x0000000086c00000|  0%| F|  |TAMS 0x0000000086b00000, 0x0000000086b00000| Untracked 
|  80|0x0000000086c00000, 0x0000000086c00000, 0x0000000086d00000|  0%| F|  |TAMS 0x0000000086c00000, 0x0000000086c00000| Untracked 
|  81|0x0000000086d00000, 0x0000000086d00000, 0x0000000086e00000|  0%| F|  |TAMS 0x0000000086d00000, 0x0000000086d00000| Untracked 
|  82|0x0000000086e00000, 0x0000000086e00000, 0x0000000086f00000|  0%| F|  |TAMS 0x0000000086e00000, 0x0000000086e00000| Untracked 
|  83|0x0000000086f00000, 0x0000000086f00000, 0x0000000087000000|  0%| F|  |TAMS 0x0000000086f00000, 0x0000000086f00000| Untracked 
|  84|0x0000000087000000, 0x0000000087000000, 0x0000000087100000|  0%| F|  |TAMS 0x0000000087000000, 0x0000000087000000| Untracked 
|  85|0x0000000087100000, 0x0000000087100000, 0x0000000087200000|  0%| F|  |TAMS 0x0000000087100000, 0x0000000087100000| Untracked 
|  86|0x0000000087200000, 0x0000000087200000, 0x0000000087300000|  0%| F|  |TAMS 0x0000000087200000, 0x0000000087200000| Untracked 
|  87|0x0000000087300000, 0x0000000087300000, 0x0000000087400000|  0%| F|  |TAMS 0x0000000087300000, 0x0000000087300000| Untracked 
|  88|0x0000000087400000, 0x0000000087400000, 0x0000000087500000|  0%| F|  |TAMS 0x0000000087400000, 0x0000000087400000| Untracked 
|  89|0x0000000087500000, 0x0000000087500000, 0x0000000087600000|  0%| F|  |TAMS 0x0000000087500000, 0x0000000087500000| Untracked 
|  90|0x0000000087600000, 0x0000000087600000, 0x0000000087700000|  0%| F|  |TAMS 0x0000000087600000, 0x0000000087600000| Untracked 
|  91|0x0000000087700000, 0x0000000087700000, 0x0000000087800000|  0%| F|  |TAMS 0x0000000087700000, 0x0000000087700000| Untracked 
|  92|0x0000000087800000, 0x0000000087800000, 0x0000000087900000|  0%| F|  |TAMS 0x0000000087800000, 0x0000000087800000| Untracked 
|  93|0x0000000087900000, 0x0000000087900000, 0x0000000087a00000|  0%| F|  |TAMS 0x0000000087900000, 0x0000000087900000| Untracked 
|  94|0x0000000087a00000, 0x0000000087a00000, 0x0000000087b00000|  0%| F|  |TAMS 0x0000000087a00000, 0x0000000087a00000| Untracked 
|  95|0x0000000087b00000, 0x0000000087b00000, 0x0000000087c00000|  0%| F|  |TAMS 0x0000000087b00000, 0x0000000087b00000| Untracked 
|  96|0x0000000087c00000, 0x0000000087c00000, 0x0000000087d00000|  0%| F|  |TAMS 0x0000000087c00000, 0x0000000087c00000| Untracked 
|  97|0x0000000087d00000, 0x0000000087d00000, 0x0000000087e00000|  0%| F|  |TAMS 0x0000000087d00000, 0x0000000087d00000| Untracked 
|  98|0x0000000087e00000, 0x0000000087e00000, 0x0000000087f00000|  0%| F|  |TAMS 0x0000000087e00000, 0x0000000087e00000| Untracked 
|  99|0x0000000087f00000, 0x0000000087f00000, 0x0000000088000000|  0%| F|  |TAMS 0x0000000087f00000, 0x0000000087f00000| Untracked 
| 100|0x0000000088000000, 0x0000000088000000, 0x0000000088100000|  0%| F|  |TAMS 0x0000000088000000, 0x0000000088000000| Untracked 
| 101|0x0000000088100000, 0x0000000088100000, 0x0000000088200000|  0%| F|  |TAMS 0x0000000088100000, 0x0000000088100000| Untracked 
| 102|0x0000000088200000, 0x0000000088200000, 0x0000000088300000|  0%| F|  |TAMS 0x0000000088200000, 0x0000000088200000| Untracked 
| 103|0x0000000088300000, 0x0000000088300000, 0x0000000088400000|  0%| F|  |TAMS 0x0000000088300000, 0x0000000088300000| Untracked 
| 104|0x0000000088400000, 0x0000000088400000, 0x0000000088500000|  0%| F|  |TAMS 0x0000000088400000, 0x0000000088400000| Untracked 
| 105|0x0000000088500000, 0x0000000088500000, 0x0000000088600000|  0%| F|  |TAMS 0x0000000088500000, 0x0000000088500000| Untracked 
| 106|0x0000000088600000, 0x0000000088600000, 0x0000000088700000|  0%| F|  |TAMS 0x0000000088600000, 0x0000000088600000| Untracked 
| 107|0x0000000088700000, 0x0000000088700000, 0x0000000088800000|  0%| F|  |TAMS 0x0000000088700000, 0x0000000088700000| Untracked 
| 108|0x0000000088800000, 0x0000000088800000, 0x0000000088900000|  0%| F|  |TAMS 0x0000000088800000, 0x0000000088800000| Untracked 
| 109|0x0000000088900000, 0x0000000088900000, 0x0000000088a00000|  0%| F|  |TAMS 0x0000000088900000, 0x0000000088900000| Untracked 
| 110|0x0000000088a00000, 0x0000000088a00000, 0x0000000088b00000|  0%| F|  |TAMS 0x0000000088a00000, 0x0000000088a00000| Untracked 
| 111|0x0000000088b00000, 0x0000000088b00000, 0x0000000088c00000|  0%| F|  |TAMS 0x0000000088b00000, 0x0000000088b00000| Untracked 
| 112|0x0000000088c00000, 0x0000000088c00000, 0x0000000088d00000|  0%| F|  |TAMS 0x0000000088c00000, 0x0000000088c00000| Untracked 
| 113|0x0000000088d00000, 0x0000000088d00000, 0x0000000088e00000|  0%| F|  |TAMS 0x0000000088d00000, 0x0000000088d00000| Untracked 
| 114|0x0000000088e00000, 0x0000000088e00000, 0x0000000088f00000|  0%| F|  |TAMS 0x0000000088e00000, 0x0000000088e00000| Untracked 
| 115|0x0000000088f00000, 0x0000000088f00000, 0x0000000089000000|  0%| F|  |TAMS 0x0000000088f00000, 0x0000000088f00000| Untracked 
| 116|0x0000000089000000, 0x0000000089000000, 0x0000000089100000|  0%| F|  |TAMS 0x0000000089000000, 0x0000000089000000| Untracked 
| 117|0x0000000089100000, 0x0000000089100000, 0x0000000089200000|  0%| F|  |TAMS 0x0000000089100000, 0x0000000089100000| Untracked 
| 118|0x0000000089200000, 0x0000000089200000, 0x0000000089300000|  0%| F|  |TAMS 0x0000000089200000, 0x0000000089200000| Untracked 
| 119|0x0000000089300000, 0x0000000089300000, 0x0000000089400000|  0%| F|  |TAMS 0x0000000089300000, 0x0000000089300000| Untracked 
| 120|0x0000000089400000, 0x0000000089400000, 0x0000000089500000|  0%| F|  |TAMS 0x0000000089400000, 0x0000000089400000| Untracked 
| 121|0x0000000089500000, 0x0000000089500000, 0x0000000089600000|  0%| F|  |TAMS 0x0000000089500000, 0x0000000089500000| Untracked 
| 122|0x0000000089600000, 0x0000000089600000, 0x0000000089700000|  0%| F|  |TAMS 0x0000000089600000, 0x0000000089600000| Untracked 
| 123|0x0000000089700000, 0x0000000089700000, 0x0000000089800000|  0%| F|  |TAMS 0x0000000089700000, 0x0000000089700000| Untracked 
| 124|0x0000000089800000, 0x0000000089800000, 0x0000000089900000|  0%| F|  |TAMS 0x0000000089800000, 0x0000000089800000| Untracked 
| 125|0x0000000089900000, 0x0000000089900000, 0x0000000089a00000|  0%| F|  |TAMS 0x0000000089900000, 0x0000000089900000| Untracked 
| 126|0x0000000089a00000, 0x0000000089a00000, 0x0000000089b00000|  0%| F|  |TAMS 0x0000000089a00000, 0x0000000089a00000| Untracked 
| 127|0x0000000089b00000, 0x0000000089b00000, 0x0000000089c00000|  0%| F|  |TAMS 0x0000000089b00000, 0x0000000089b00000| Untracked 
| 128|0x0000000089c00000, 0x0000000089c00000, 0x0000000089d00000|  0%| F|  |TAMS 0x0000000089c00000, 0x0000000089c00000| Untracked 
| 129|0x0000000089d00000, 0x0000000089d00000, 0x0000000089e00000|  0%| F|  |TAMS 0x0000000089d00000, 0x0000000089d00000| Untracked 
| 130|0x0000000089e00000, 0x0000000089e00000, 0x0000000089f00000|  0%| F|  |TAMS 0x0000000089e00000, 0x0000000089e00000| Untracked 
| 131|0x0000000089f00000, 0x0000000089f00000, 0x000000008a000000|  0%| F|  |TAMS 0x0000000089f00000, 0x0000000089f00000| Untracked 
| 132|0x000000008a000000, 0x000000008a000000, 0x000000008a100000|  0%| F|  |TAMS 0x000000008a000000, 0x000000008a000000| Untracked 
| 133|0x000000008a100000, 0x000000008a100000, 0x000000008a200000|  0%| F|  |TAMS 0x000000008a100000, 0x000000008a100000| Untracked 
| 134|0x000000008a200000, 0x000000008a200000, 0x000000008a300000|  0%| F|  |TAMS 0x000000008a200000, 0x000000008a200000| Untracked 
| 135|0x000000008a300000, 0x000000008a300000, 0x000000008a400000|  0%| F|  |TAMS 0x000000008a300000, 0x000000008a300000| Untracked 
| 136|0x000000008a400000, 0x000000008a400000, 0x000000008a500000|  0%| F|  |TAMS 0x000000008a400000, 0x000000008a400000| Untracked 
| 137|0x000000008a500000, 0x000000008a500000, 0x000000008a600000|  0%| F|  |TAMS 0x000000008a500000, 0x000000008a500000| Untracked 
| 138|0x000000008a600000, 0x000000008a600000, 0x000000008a700000|  0%| F|  |TAMS 0x000000008a600000, 0x000000008a600000| Untracked 
| 139|0x000000008a700000, 0x000000008a700000, 0x000000008a800000|  0%| F|  |TAMS 0x000000008a700000, 0x000000008a700000| Untracked 
| 140|0x000000008a800000, 0x000000008a800000, 0x000000008a900000|  0%| F|  |TAMS 0x000000008a800000, 0x000000008a800000| Untracked 
| 141|0x000000008a900000, 0x000000008a900000, 0x000000008aa00000|  0%| F|  |TAMS 0x000000008a900000, 0x000000008a900000| Untracked 
| 142|0x000000008aa00000, 0x000000008aa00000, 0x000000008ab00000|  0%| F|  |TAMS 0x000000008aa00000, 0x000000008aa00000| Untracked 
| 143|0x000000008ab00000, 0x000000008ab00000, 0x000000008ac00000|  0%| F|  |TAMS 0x000000008ab00000, 0x000000008ab00000| Untracked 
| 144|0x000000008ac00000, 0x000000008ac00000, 0x000000008ad00000|  0%| F|  |TAMS 0x000000008ac00000, 0x000000008ac00000| Untracked 
| 145|0x000000008ad00000, 0x000000008ad00000, 0x000000008ae00000|  0%| F|  |TAMS 0x000000008ad00000, 0x000000008ad00000| Untracked 
| 146|0x000000008ae00000, 0x000000008ae00000, 0x000000008af00000|  0%| F|  |TAMS 0x000000008ae00000, 0x000000008ae00000| Untracked 
| 147|0x000000008af00000, 0x000000008af00000, 0x000000008b000000|  0%| F|  |TAMS 0x000000008af00000, 0x000000008af00000| Untracked 
| 148|0x000000008b000000, 0x000000008b000000, 0x000000008b100000|  0%| F|  |TAMS 0x000000008b000000, 0x000000008b000000| Untracked 
| 149|0x000000008b100000, 0x000000008b100000, 0x000000008b200000|  0%| F|  |TAMS 0x000000008b100000, 0x000000008b100000| Untracked 
| 150|0x000000008b200000, 0x000000008b200000, 0x000000008b300000|  0%| F|  |TAMS 0x000000008b200000, 0x000000008b200000| Untracked 
| 151|0x000000008b300000, 0x000000008b300000, 0x000000008b400000|  0%| F|  |TAMS 0x000000008b300000, 0x000000008b300000| Untracked 
| 152|0x000000008b400000, 0x000000008b400000, 0x000000008b500000|  0%| F|  |TAMS 0x000000008b400000, 0x000000008b400000| Untracked 
| 153|0x000000008b500000, 0x000000008b500000, 0x000000008b600000|  0%| F|  |TAMS 0x000000008b500000, 0x000000008b500000| Untracked 

Card table byte_map: [0x0000013674720000,0x0000013674b20000] _byte_map_base: 0x0000013674312000

Marking Bits (Prev, Next): (CMBitMap*) 0x000001366a202588, (CMBitMap*) 0x000001366a2025c0
 Prev Bits: [0x0000013674f20000, 0x0000013676eb0000)
 Next Bits: [0x0000013676eb0000, 0x0000013678e40000)

Polling page: 0x000001366a050000

Metaspace:

Usage:
  Non-class:     44.40 MB capacity,    43.60 MB ( 98%) used,   666.66 KB (  1%) free+waste,   151.56 KB ( <1%) overhead. 
      Class:      6.97 MB capacity,     6.48 MB ( 93%) used,   431.77 KB (  6%) free+waste,    72.81 KB (  1%) overhead. 
       Both:     51.37 MB capacity,    50.08 MB ( 97%) used,     1.07 MB (  2%) free+waste,   224.38 KB ( <1%) overhead. 

Virtual space:
  Non-class space:       46.00 MB reserved,      44.42 MB ( 97%) committed 
      Class space:        1.00 GB reserved,       7.00 MB ( <1%) committed 
             Both:        1.04 GB reserved,      51.42 MB (  5%) committed 

Chunk freelists:
   Non-Class:  3.13 KB
       Class:  0 bytes
        Both:  3.13 KB

CodeHeap 'non-profiled nmethods': size=238912Kb used=6756Kb max_used=6756Kb free=232155Kb
 bounds [0x00000136006b0000, 0x0000013600d50000, 0x000001360f000000]
CodeHeap 'non-nmethods': size=6848Kb used=1207Kb max_used=1207Kb free=5640Kb
 bounds [0x0000013600000000, 0x0000013600270000, 0x00000136006b0000]
 total_blobs=4710 nmethods=4106 adapters=494
 compilation: enabled
              stopped_count=0, restarted_count=0
 full_count=0

Compilation events (10 events):
Event: 4.890 Thread 0x000001367b4bc000 nmethod 4125 0x0000013600d46d90 code [0x0000013600d46f60, 0x0000013600d471a0]
Event: 4.890 Thread 0x000001367b4bc000 4126   !   1       org.springframework.core.annotation.AnnotationTypeMappings::addIfPossible (79 bytes)
Event: 4.891 Thread 0x000001367b4bc000 nmethod 4126 0x0000013600d47310 code [0x0000013600d47580, 0x0000013600d47cc0]
Event: 4.891 Thread 0x000001367b4bc000 4122       1       jdk.internal.reflect.Reflection::isCallerSensitive (24 bytes)
Event: 4.892 Thread 0x000001367b4bc000 nmethod 4122 0x0000013600d48110 code [0x0000013600d48340, 0x0000013600d48880]
Event: 4.892 Thread 0x000001367b4bc000 4123       1       jdk.internal.reflect.NativeMethodAccessorImpl::<init> (10 bytes)
Event: 4.892 Thread 0x000001367b4bc000 nmethod 4123 0x0000013600d48c10 code [0x0000013600d48dc0, 0x0000013600d48f18]
Event: 4.892 Thread 0x000001367b4bc000 4124       1       jdk.internal.reflect.DelegatingMethodAccessorImpl::<init> (10 bytes)
Event: 4.892 Thread 0x000001367b4bc000 nmethod 4124 0x0000013600d48f90 code [0x0000013600d49140, 0x0000013600d49298]
Event: 4.894 Thread 0x000001367b4bc000 4127   !   1       java.lang.reflect.ProxyGenerator::generateClassFile (691 bytes)

GC Heap History (10 events):
Event: 1.078 GC heap after
{Heap after GC invocations=4 (full 0):
 garbage-first heap   total 131072K, used 8676K [0x0000000081c00000, 0x0000000100000000)
  region size 1024K, 3 young (3072K), 3 survivors (3072K)
 Metaspace       used 20740K, capacity 21214K, committed 21296K, reserved 1069056K
  class space    used 2451K, capacity 2659K, committed 2688K, reserved 1048576K
}
Event: 1.255 GC heap before
{Heap before GC invocations=5 (full 0):
 garbage-first heap   total 131072K, used 51684K [0x0000000081c00000, 0x0000000100000000)
  region size 1024K, 46 young (47104K), 3 survivors (3072K)
 Metaspace       used 22361K, capacity 22976K, committed 23088K, reserved 1069056K
  class space    used 2677K, capacity 2908K, committed 2944K, reserved 1048576K
}
Event: 1.261 GC heap after
{Heap after GC invocations=6 (full 0):
 garbage-first heap   total 157696K, used 9356K [0x0000000081c00000, 0x0000000100000000)
  region size 1024K, 4 young (4096K), 4 survivors (4096K)
 Metaspace       used 22361K, capacity 22976K, committed 23088K, reserved 1069056K
  class space    used 2677K, capacity 2908K, committed 2944K, reserved 1048576K
}
Event: 2.260 GC heap before
{Heap before GC invocations=6 (full 0):
 garbage-first heap   total 157696K, used 73868K [0x0000000081c00000, 0x0000000100000000)
  region size 1024K, 68 young (69632K), 4 survivors (4096K)
 Metaspace       used 25761K, capacity 26478K, committed 26672K, reserved 1073152K
  class space    used 3166K, capacity 3432K, committed 3456K, reserved 1048576K
}
Event: 2.268 GC heap after
{Heap after GC invocations=7 (full 0):
 garbage-first heap   total 157696K, used 11851K [0x0000000081c00000, 0x0000000100000000)
  region size 1024K, 6 young (6144K), 6 survivors (6144K)
 Metaspace       used 25761K, capacity 26478K, committed 26672K, reserved 1073152K
  class space    used 3166K, capacity 3432K, committed 3456K, reserved 1048576K
}
Event: 3.362 GC heap before
{Heap before GC invocations=7 (full 0):
 garbage-first heap   total 157696K, used 98891K [0x0000000081c00000, 0x0000000100000000)
  region size 1024K, 92 young (94208K), 6 survivors (6144K)
 Metaspace       used 32175K, capacity 33106K, committed 33200K, reserved 1079296K
  class space    used 3965K, capacity 4333K, committed 4352K, reserved 1048576K
}
Event: 3.389 GC heap after
{Heap after GC invocations=8 (full 0):
 garbage-first heap   total 157696K, used 15479K [0x0000000081c00000, 0x0000000100000000)
  region size 1024K, 10 young (10240K), 10 survivors (10240K)
 Metaspace       used 32175K, capacity 33106K, committed 33200K, reserved 1079296K
  class space    used 3965K, capacity 4333K, committed 4352K, reserved 1048576K
}
Event: 3.687 GC heap before
{Heap before GC invocations=8 (full 0):
 garbage-first heap   total 157696K, used 38007K [0x0000000081c00000, 0x0000000100000000)
  region size 1024K, 33 young (33792K), 10 survivors (10240K)
 Metaspace       used 34760K, capacity 35759K, committed 35888K, reserved 1081344K
  class space    used 4237K, capacity 4622K, committed 4736K, reserved 1048576K
}
Event: 3.705 GC heap after
{Heap after GC invocations=9 (full 0):
 garbage-first heap   total 157696K, used 17066K [0x0000000081c00000, 0x0000000100000000)
  region size 1024K, 8 young (8192K), 8 survivors (8192K)
 Metaspace       used 34760K, capacity 35759K, committed 35888K, reserved 1081344K
  class space    used 4237K, capacity 4622K, committed 4736K, reserved 1048576K
}
Event: 4.896 GC heap before
{Heap before GC invocations=10 (full 0):
 garbage-first heap   total 157696K, used 102058K [0x0000000081c00000, 0x0000000100000000)
  region size 1024K, 92 young (94208K), 8 survivors (8192K)
 Metaspace       used 51280K, capacity 52603K, committed 52656K, reserved 1095680K
  class space    used 6635K, capacity 7140K, committed 7168K, reserved 1048576K
}

Deoptimization events (0 events):
No events

Classes redefined (0 events):
No events

Internal exceptions (10 events):
Event: 4.738 Thread 0x000001366a1c3800 Exception <a 'java/lang/ClassNotFoundException'{0x0000000086498e38}: org/springframework/beans/factory/DisposableBeanCustomizer> (0x0000000086498e38) thrown at [t:/workspace/open/src/hotspot/share/classfile/systemDictionary.cpp, line 231]
Event: 4.760 Thread 0x000001366a1c3800 Exception <a 'java/lang/NoSuchMethodError'{0x0000000086238770}: java.lang.invoke.DirectMethodHandle$Holder.invokeSpecialIFC(Ljava/lang/Object;Ljava/lang/Object;Ljava/lang/Object;)Ljava/lang/Object;> (0x0000000086238770) thrown at [t:/workspace/open/src/ho
Event: 4.781 Thread 0x000001366a1c3800 Exception <a 'java/lang/NoSuchMethodError'{0x000000008610ef48}: java.lang.invoke.DirectMethodHandle$Holder.invokeInterface(Ljava/lang/Object;Ljava/lang/Object;Ljava/lang/Object;)Ljava/lang/Object;> (0x000000008610ef48) thrown at [t:/workspace/open/src/hot
Event: 4.824 Thread 0x000001366a1c3800 Exception <a 'java/lang/ClassNotFoundException'{0x0000000085fec0b0}: java/lang/ObjectCustomizer> (0x0000000085fec0b0) thrown at [t:/workspace/open/src/hotspot/share/classfile/systemDictionary.cpp, line 231]
Event: 4.824 Thread 0x000001366a1c3800 Exception <a 'java/lang/ClassNotFoundException'{0x0000000085ffbd08}: com/webcontroller/webcontroller/model/userCustomizer> (0x0000000085ffbd08) thrown at [t:/workspace/open/src/hotspot/share/classfile/systemDictionary.cpp, line 231]
Event: 4.860 Thread 0x000001366a1c3800 Exception <a 'java/lang/IncompatibleClassChangeError'{0x0000000085c0b478}: Found class java.lang.Object, but interface was expected> (0x0000000085c0b478) thrown at [t:/workspace/open/src/hotspot/share/interpreter/linkResolver.cpp, line 838]
Event: 4.889 Thread 0x000001366a1c3800 Exception <a 'java/lang/ClassNotFoundException'{0x0000000085a907b0}: java/lang/ObjectCustomizer> (0x0000000085a907b0) thrown at [t:/workspace/open/src/hotspot/share/classfile/systemDictionary.cpp, line 231]
Event: 4.889 Thread 0x000001366a1c3800 Exception <a 'java/lang/ClassNotFoundException'{0x0000000085aa0ca8}: com/webcontroller/webcontroller/model/DemoloaderCustomizer> (0x0000000085aa0ca8) thrown at [t:/workspace/open/src/hotspot/share/classfile/systemDictionary.cpp, line 231]
Event: 4.890 Thread 0x000001366a1c3800 Exception <a 'java/lang/ClassNotFoundException'{0x0000000085aafd38}: org/springframework/boot/CommandLineRunnerCustomizer> (0x0000000085aafd38) thrown at [t:/workspace/open/src/hotspot/share/classfile/systemDictionary.cpp, line 231]
Event: 4.895 Thread 0x000001366a1c3800 Exception <a 'java/lang/ClassNotFoundException'{0x0000000085af2b50}: java/lang/ObjectCustomizer> (0x0000000085af2b50) thrown at [t:/workspace/open/src/hotspot/share/classfile/systemDictionary.cpp, line 231]

Events (10 events):
Event: 4.892 loading class org/json/simple/parser/ParseException done
Event: 4.895 loading class java/lang/ObjectCustomizer
Event: 4.895 loading class java/lang/ObjectCustomizer done
Event: 4.895 loading class java/lang/ObjectCustomizer
Event: 4.895 loading class java/lang/ObjectCustomizer done
Event: 4.895 loading class com/webcontroller/webcontroller/model/NURMControllerCustomizer
Event: 4.895 loading class com/webcontroller/webcontroller/model/NURMControllerCustomizer done
Event: 4.895 loading class com/webcontroller/webcontroller/model/NURMControllerCustomizer
Event: 4.895 loading class com/webcontroller/webcontroller/model/NURMControllerCustomizer done
Event: 4.895 Executing VM operation: G1CollectForAllocation


Dynamic libraries:
0x00007ff6e8a70000 - 0x00007ff6e8ab7000 	C:\Program Files\Java\jdk-11.0.6\bin\java.exe
0x00007ffdb2740000 - 0x00007ffdb2930000 	C:\WINDOWS\SYSTEM32\ntdll.dll
0x00007ffdb1390000 - 0x00007ffdb1442000 	C:\WINDOWS\System32\KERNEL32.DLL
0x00007ffdb03f0000 - 0x00007ffdb0693000 	C:\WINDOWS\System32\KERNELBASE.dll
0x00007ffdb11a0000 - 0x00007ffdb1243000 	C:\WINDOWS\System32\ADVAPI32.dll
0x00007ffdb1e40000 - 0x00007ffdb1ede000 	C:\WINDOWS\System32\msvcrt.dll
0x00007ffdb1450000 - 0x00007ffdb14e7000 	C:\WINDOWS\System32\sechost.dll
0x00007ffdb0e10000 - 0x00007ffdb0f30000 	C:\WINDOWS\System32\RPCRT4.dll
0x00007ffdb0fa0000 - 0x00007ffdb1134000 	C:\WINDOWS\System32\USER32.dll
0x00007ffdb06f0000 - 0x00007ffdb0711000 	C:\WINDOWS\System32\win32u.dll
0x00007ffdb2450000 - 0x00007ffdb2476000 	C:\WINDOWS\System32\GDI32.dll
0x00007ffdb0250000 - 0x00007ffdb03e4000 	C:\WINDOWS\System32\gdi32full.dll
0x00007ffdaf730000 - 0x00007ffdaf7ce000 	C:\WINDOWS\System32\msvcp_win.dll
0x00007ffdaf800000 - 0x00007ffdaf8fa000 	C:\WINDOWS\System32\ucrtbase.dll
0x00007ffda0c80000 - 0x00007ffda0f05000 	C:\WINDOWS\WinSxS\amd64_microsoft.windows.common-controls_6595b64144ccf1df_6.0.18362.720_none_e6beb5c51314836b\COMCTL32.dll
0x00007ffdb0ad0000 - 0x00007ffdb0e06000 	C:\WINDOWS\System32\combase.dll
0x00007ffda9370000 - 0x00007ffda937a000 	C:\WINDOWS\SYSTEM32\VERSION.dll
0x00007ffdaf900000 - 0x00007ffdaf980000 	C:\WINDOWS\System32\bcryptPrimitives.dll
0x00007ffdb2620000 - 0x00007ffdb264e000 	C:\WINDOWS\System32\IMM32.DLL
0x00007ffda8b90000 - 0x00007ffda8ba6000 	C:\Program Files\Java\jdk-11.0.6\bin\vcruntime140.dll
0x00007ffda8110000 - 0x00007ffda81ba000 	C:\Program Files\Java\jdk-11.0.6\bin\msvcp140.dll
0x00007ffd63e00000 - 0x00007ffd64929000 	C:\Program Files\Java\jdk-11.0.6\bin\server\jvm.dll
0x00007ffdb1250000 - 0x00007ffdb1258000 	C:\WINDOWS\System32\PSAPI.DLL
0x00007ffd9b8b0000 - 0x00007ffd9b8b9000 	C:\WINDOWS\SYSTEM32\WSOCK32.dll
0x00007ffdb0f30000 - 0x00007ffdb0f9f000 	C:\WINDOWS\System32\WS2_32.dll
0x00007ffdab7f0000 - 0x00007ffdab814000 	C:\WINDOWS\SYSTEM32\WINMM.dll
0x00007ffdab7b0000 - 0x00007ffdab7dd000 	C:\WINDOWS\SYSTEM32\WINMMBASE.dll
0x00007ffdb06a0000 - 0x00007ffdb06ea000 	C:\WINDOWS\System32\cfgmgr32.dll
0x00007ffdaf670000 - 0x00007ffdaf681000 	C:\WINDOWS\System32\kernel.appcore.dll
0x00007ffda84d0000 - 0x00007ffda84e1000 	C:\Program Files\Java\jdk-11.0.6\bin\verify.dll
0x00007ffdadf40000 - 0x00007ffdae134000 	C:\WINDOWS\SYSTEM32\DBGHELP.DLL
0x00007ffda3ea0000 - 0x00007ffda3eca000 	C:\WINDOWS\SYSTEM32\dbgcore.DLL
0x00007ffda84a0000 - 0x00007ffda84c9000 	C:\Program Files\Java\jdk-11.0.6\bin\java.dll
0x00007ffda8480000 - 0x00007ffda8496000 	C:\Program Files\Java\jdk-11.0.6\bin\zip.dll
0x00007ffda9600000 - 0x00007ffda960a000 	C:\Program Files\Java\jdk-11.0.6\bin\jimage.dll
0x00007ffdb1750000 - 0x00007ffdb1e35000 	C:\WINDOWS\System32\SHELL32.dll
0x00007ffdb12e0000 - 0x00007ffdb1389000 	C:\WINDOWS\System32\shcore.dll
0x00007ffdafad0000 - 0x00007ffdb0250000 	C:\WINDOWS\System32\windows.storage.dll
0x00007ffdaf6b0000 - 0x00007ffdaf6d3000 	C:\WINDOWS\System32\profapi.dll
0x00007ffdaf6e0000 - 0x00007ffdaf72a000 	C:\WINDOWS\System32\powrprof.dll
0x00007ffdaf660000 - 0x00007ffdaf670000 	C:\WINDOWS\System32\UMPDC.dll
0x00007ffdb25c0000 - 0x00007ffdb2612000 	C:\WINDOWS\System32\shlwapi.dll
0x00007ffdb0830000 - 0x00007ffdb0847000 	C:\WINDOWS\System32\cryptsp.dll
0x00007ffda8300000 - 0x00007ffda8319000 	C:\Program Files\Java\jdk-11.0.6\bin\net.dll
0x00007ffda6ff0000 - 0x00007ffda70e1000 	C:\WINDOWS\SYSTEM32\WINHTTP.dll
0x00007ffdaeed0000 - 0x00007ffdaef37000 	C:\WINDOWS\system32\mswsock.dll
0x00007ffda80f0000 - 0x00007ffda8103000 	C:\Program Files\Java\jdk-11.0.6\bin\nio.dll
0x00007ffda80a0000 - 0x00007ffda80a9000 	C:\Program Files\Java\jdk-11.0.6\bin\management.dll
0x00007ffda8040000 - 0x00007ffda804c000 	C:\Program Files\Java\jdk-11.0.6\bin\management_ext.dll
0x00007ffd943e0000 - 0x00007ffd943f6000 	C:\WINDOWS\system32\napinsp.dll
0x00007ffd943c0000 - 0x00007ffd943da000 	C:\WINDOWS\system32\pnrpnsp.dll
0x00007ffdaec20000 - 0x00007ffdaecea000 	C:\WINDOWS\SYSTEM32\DNSAPI.dll
0x00007ffdb1650000 - 0x00007ffdb1658000 	C:\WINDOWS\System32\NSI.dll
0x00007ffdaebe0000 - 0x00007ffdaec1a000 	C:\WINDOWS\SYSTEM32\IPHLPAPI.DLL
0x00007ffd943b0000 - 0x00007ffd943be000 	C:\WINDOWS\System32\winrnr.dll
0x00007ffda8a50000 - 0x00007ffda8a6c000 	C:\WINDOWS\system32\NLAapi.dll
0x00007ffd94390000 - 0x00007ffd943a5000 	C:\WINDOWS\system32\wshbth.dll
0x00007ffda09f0000 - 0x00007ffda09fa000 	C:\Windows\System32\rasadhlp.dll
0x00007ffda3f30000 - 0x00007ffda3fa7000 	C:\WINDOWS\System32\fwpuclnt.dll
0x00007ffdaf7d0000 - 0x00007ffdaf7f6000 	C:\WINDOWS\System32\bcrypt.dll
0x00007ffdaea40000 - 0x00007ffdaea73000 	C:\WINDOWS\system32\rsaenh.dll
0x00007ffdaf550000 - 0x00007ffdaf575000 	C:\WINDOWS\SYSTEM32\USERENV.dll
0x00007ffdaf0a0000 - 0x00007ffdaf0ac000 	C:\WINDOWS\SYSTEM32\CRYPTBASE.dll
0x00007ffda4010000 - 0x00007ffda4026000 	C:\WINDOWS\SYSTEM32\dhcpcsvc6.DLL
0x00007ffda4050000 - 0x00007ffda406c000 	C:\WINDOWS\SYSTEM32\dhcpcsvc.DLL

dbghelp: loaded successfully - version: 4.0.5 - missing functions: none
symbol engine: initialized successfully - sym options: 0x614 - pdb path: .;C:\Program Files\Java\jdk-11.0.6\bin;C:\WINDOWS\SYSTEM32;C:\WINDOWS\WinSxS\amd64_microsoft.windows.common-controls_6595b64144ccf1df_6.0.18362.720_none_e6beb5c51314836b;C:\Program Files\Java\jdk-11.0.6\bin\server

VM Arguments:
jvm_args: -Xverify:none -XX:TieredStopAtLevel=1 
java_command: com.webcontroller.webcontroller.model.ReactandSpringDataRestApplication
java_class_path (initial): C:\Users\Dhanushguntha\Desktop\webcontroller\webcontroller\target\classes;C:\Users\Dhanushguntha\.m2\repository\org\springframework\boot\spring-boot-starter-data-jpa\2.2.5.RELEASE\spring-boot-starter-data-jpa-2.2.5.RELEASE.jar;C:\Users\Dhanushguntha\.m2\repository\org\springframework\boot\spring-boot-starter-aop\2.2.5.RELEASE\spring-boot-starter-aop-2.2.5.RELEASE.jar;C:\Users\Dhanushguntha\.m2\repository\org\springframework\spring-aop\5.2.4.RELEASE\spring-aop-5.2.4.RELEASE.jar;C:\Users\Dhanushguntha\.m2\repository\org\aspectj\aspectjweaver\1.9.5\aspectjweaver-1.9.5.jar;C:\Users\Dhanushguntha\.m2\repository\org\springframework\boot\spring-boot-starter-jdbc\2.2.5.RELEASE\spring-boot-starter-jdbc-2.2.5.RELEASE.jar;C:\Users\Dhanushguntha\.m2\repository\com\zaxxer\HikariCP\3.4.2\HikariCP-3.4.2.jar;C:\Users\Dhanushguntha\.m2\repository\org\springframework\spring-jdbc\5.2.4.RELEASE\spring-jdbc-5.2.4.RELEASE.jar;C:\Users\Dhanushguntha\.m2\repository\jakarta\activation\jakarta.activation-api\1.2.2\jakarta.activation-api-1.2.2.jar;C:\Users\Dhanushguntha\.m2\repository\jakarta\persistence\jakarta.persistence-api\2.2.3\jakarta.persistence-api-2.2.3.jar;C:\Users\Dhanushguntha\.m2\repository\jakarta\transaction\jakarta.transaction-api\1.3.3\jakarta.transaction-api-1.3.3.jar;C:\Users\Dhanushguntha\.m2\repository\org\hibernate\hibernate-core\5.4.12.Final\hibernate-core-5.4.12.Final.jar;C:\Users\Dhanushguntha\.m2\repository\org\jboss\logging\jboss-logging\3.4.1.Final\jboss-logging-3.4.1.Final.jar;C:\Users\Dhanushguntha\.m2\repository\org\javassist\javassist\3.24.0-GA\javassist-3.24.0-GA.jar;C:\Users\Dhanushguntha\.m2\repository\net\bytebuddy\byte-buddy\1.10.8\byte-buddy-1.10.8.jar;C:\Users\Dhanushguntha\.m2\repository\antlr\antlr\2.7.7\antlr-2.7.7.jar;C:\Users\Dhanushguntha\.m2\repository\org\jboss\jandex\2.1.1.Final\jandex-2.1.1.Final.jar;C:\Users\Dhanushguntha\.m2\repository\com\fasterxml\classmate\1.5.1\classmate-1.5.1.jar;C:\Users\Dhanushguntha\.m2\r
Launcher Type: SUN_STANDARD

[Global flags]
     bool BytecodeVerificationLocal                = false                                     {product} {command line}
     bool BytecodeVerificationRemote               = false                                     {product} {command line}
     intx CICompilerCount                          = 3                                         {product} {ergonomic}
     uint ConcGCThreads                            = 1                                         {product} {ergonomic}
     uint G1ConcRefinementThreads                  = 4                                         {product} {ergonomic}
   size_t G1HeapRegionSize                         = 1048576                                   {product} {ergonomic}
    uintx GCDrainStackTargetSize                   = 64                                        {product} {ergonomic}
   size_t InitialHeapSize                          = 134217728                                 {product} {ergonomic}
   size_t MarkStackSize                            = 4194304                                   {product} {ergonomic}
   size_t MaxHeapSize                              = 2118123520                                {product} {ergonomic}
   size_t MaxNewSize                               = 1270874112                                {product} {ergonomic}
   size_t MinHeapDeltaBytes                        = 1048576                                   {product} {ergonomic}
    uintx NonNMethodCodeHeapSize                   = 6973028                                {pd product} {ergonomic}
    uintx NonProfiledCodeHeapSize                  = 244685212                              {pd product} {ergonomic}
    uintx ProfiledCodeHeapSize                     = 0                                      {pd product} {ergonomic}
    uintx ReservedCodeCacheSize                    = 251658240                              {pd product} {ergonomic}
     bool SegmentedCodeCache                       = true                                      {product} {ergonomic}
     intx TieredStopAtLevel                        = 1                                         {product} {command line}
     bool UseCompressedClassPointers               = true                                 {lp64_product} {ergonomic}
     bool UseCompressedOops                        = true                                 {lp64_product} {ergonomic}
     bool UseG1GC                                  = true                                      {product} {ergonomic}
     bool UseLargePagesIndividualAllocation        = false                                  {pd product} {ergonomic}

Logging:
Log output configuration:
 #0: stdout all=warning uptime,level,tags
 #1: stderr all=off uptime,level,tags

Environment Variables:
JAVA_HOME=C:\Program Files\Java\jdk-11.0.6
PATH=C:\Python27\;C:\Python27\Scripts;C:\Program Files (x86)\Intel\iCLS Client\;C:\Program Files\Intel\iCLS Client\;C:\windows\system32;C:\windows;C:\windows\System32\Wbem;C:\windows\System32\WindowsPowerShell\v1.0\;C:\Program Files (x86)\Intel\Intel(R) Management Engine Components\DAL;C:\Program Files\Intel\Intel(R) Management Engine Components\DAL;C:\Program Files (x86)\Intel\Intel(R) Management Engine Components\IPT;C:\Program Files\Intel\Intel(R) Management Engine Components\IPT;C:\Program Files (x86)\NVIDIA Corporation\PhysX\Common;C:\WINDOWS\system32;C:\WINDOWS;C:\WINDOWS\System32\Wbem;C:\WINDOWS\System32\WindowsPowerShell\v1.0\;C:\WINDOWS\System32\OpenSSH\;C:\Users\Dhanushguntha\AppData\Local\Programs\Python\Python37;C:\Program Files\Intel\WiFi\bin\;C:\Program Files\Common Files\Intel\WirelessCommon\;C:\Program Files\Git\cmd;C:\Program Files (x86)\Yarn\bin\;C:\Program Files\NVIDIA Corporation\NVIDIA NvDLISR;C:\Program Files\nodejs;C:\ProgramData\chocolatey\bin;C:\Program Files\nodejs\;C:\opt\apache-maven-3.6.3\bin;C:\Program Files\Java\jdk-11.0.6\bin;C:\Users\Dhanushguntha\Anaconda3\Scripts;C:\Users\Dhanushguntha\Anaconda3\Scripts;C:\Users\Dhanushguntha\AppData\Local\Programs\Microsoft VS Code\bin;C:\Users\Dhanushguntha\AppData\Roaming\npm;
USERNAME=Dhanushguntha
OS=Windows_NT
PROCESSOR_IDENTIFIER=Intel64 Family 6 Model 142 Stepping 9, GenuineIntel



---------------  S Y S T E M  ---------------

OS: Windows 10 , 64 bit Build 18362 (10.0.18362.329)

CPU:total 4 (initial active 4) (2 cores per cpu, 2 threads per core) family 6 model 142 stepping 9, cmov, cx8, fxsr, mmx, sse, sse2, sse3, ssse3, sse4.1, sse4.2, popcnt, avx, avx2, aes, clmul, erms, 3dnowpref, lzcnt, ht, tsc, tscinvbit, bmi1, bmi2, adx, fma

Memory: 4k page, system-wide physical 8077M (1548M free)
TotalPageFile size 8077M (AvailPageFile size 46M)
current process WorkingSet (physical memory assigned to process): 222M, peak: 222M
current process commit charge ("private bytes"): 297M, peak: 353M

vm_info: Java HotSpot(TM) 64-Bit Server VM (11.0.6+8-LTS) for windows-amd64 JRE (11.0.6+8-LTS), built on Dec 11 2019 09:17:57 by "mach5one" with MS VC++ 15.5 (VS2017)

END.
