#
# There is insufficient memory for the Java Runtime Environment to continue.
# Native memory allocation (mmap) failed to map 38797312 bytes for Failed to commit area from 0x000000008b600000 to 0x000000008db00000 of length 38797312.
# Possible reasons:
#   The system is out of physical RAM or swap space
#   The process is running with CompressedOops enabled, and the Java Heap may be blocking the growth of the native heap
# Possible solutions:
#   Reduce memory load on the system
#   Increase physical memory or swap space
#   Check if swap backing store is full
#   Decrease Java heap size (-Xmx/-Xms)
#   Decrease number of Java threads
#   Decrease Java thread stack sizes (-Xss)
#   Set larger code cache with -XX:ReservedCodeCacheSize=
#   JVM is running with Unscaled Compressed Oops mode in which the Java heap is
#     placed in the first 4GB address space. The Java Heap base address is the
#     maximum limit for the native heap growth. Please use -XX:HeapBaseMinAddress
#     to set the Java Heap base and to place the Java Heap above 4GB virtual address.
# This output file may be truncated or incomplete.
#
#  Out of Memory Error (t:/workspace/open/src/hotspot/os/windows/os_windows.cpp:3271), pid=5536, tid=4944
#
# JRE version: Java(TM) SE Runtime Environment (11.0.6+8) (build 11.0.6+8-LTS)
# Java VM: Java HotSpot(TM) 64-Bit Server VM (11.0.6+8-LTS, mixed mode, tiered, compressed oops, g1 gc, windows-amd64)
# No core dump will be written. Minidumps are not enabled by default on client versions of Windows
#

---------------  S U M M A R Y ------------

Command Line: -Xverify:none -XX:TieredStopAtLevel=1 com.webcontroller.webcontroller.model.ReactandSpringDataRestApplication

Host: Intel(R) Core(TM) i5-7200U CPU @ 2.50GHz, 4 cores, 7G,  Windows 10 , 64 bit Build 18362 (10.0.18362.778)
Time: Wed Apr 22 12:04:10 2020 India Standard Time elapsed time: 4 seconds (0d 0h 0m 4s)

---------------  T H R E A D  ---------------

Current thread (0x000001da56259800):  VMThread "VM Thread" [stack: 0x000000ca95100000,0x000000ca95200000] [id=4944]

Stack: [0x000000ca95100000,0x000000ca95200000]
[error occurred during error reporting (printing stack bounds), id 0xc0000005, EXCEPTION_ACCESS_VIOLATION (0xc0000005) at pc=0x000001da40260bad]

Native frames: (J=compiled Java code, j=interpreted, Vv=VM code, C=native code)
V  [jvm.dll+0x63679a]
V  [jvm.dll+0x7755bf]
V  [jvm.dll+0x776c65]
V  [jvm.dll+0x777235]
V  [jvm.dll+0x7771eb]
V  [jvm.dll+0x635e96]
V  [jvm.dll+0x636268]
C  [ntdll.dll+0xa11cf]
C  [ntdll.dll+0x6a209]
C  [ntdll.dll+0x9fe3e]
C  0x000001da40260bad

VM_Operation (0x000000ca95efb3d0): CollectForMetadataAllocation, mode: safepoint, requested by thread 0x000001da575c0800


---------------  P R O C E S S  ---------------

Threads class SMR info:
_java_thread_list=0x000001da58333a10, length=16, elements={
0x000001da37ee4000, 0x000001da5627e000, 0x000001da56287000, 0x000001da5629b000,
0x000001da5629c800, 0x000001da5629e800, 0x000001da562a5800, 0x000001da56d12800,
0x000001da56d1b000, 0x000001da575bc800, 0x000001da575c0800, 0x000001da58a04800,
0x000001da58608800, 0x000001da58609800, 0x000001da58bc6800, 0x000001da58bc8000
}

Java Threads: ( => current thread )
  0x000001da37ee4000 JavaThread "main" [_thread_blocked, id=8684, stack(0x000000ca94b00000,0x000000ca94c00000)]
  0x000001da5627e000 JavaThread "Reference Handler" daemon [_thread_blocked, id=4520, stack(0x000000ca95200000,0x000000ca95300000)]
  0x000001da56287000 JavaThread "Finalizer" daemon [_thread_blocked, id=14612, stack(0x000000ca95300000,0x000000ca95400000)]
  0x000001da5629b000 JavaThread "Signal Dispatcher" daemon [_thread_blocked, id=7324, stack(0x000000ca95400000,0x000000ca95500000)]
  0x000001da5629c800 JavaThread "Attach Listener" daemon [_thread_blocked, id=7944, stack(0x000000ca95500000,0x000000ca95600000)]
  0x000001da5629e800 JavaThread "C1 CompilerThread0" daemon [_thread_blocked, id=6620, stack(0x000000ca95600000,0x000000ca95700000)]
  0x000001da562a5800 JavaThread "Sweeper thread" daemon [_thread_blocked, id=9844, stack(0x000000ca95700000,0x000000ca95800000)]
  0x000001da56d12800 JavaThread "Service Thread" daemon [_thread_blocked, id=13584, stack(0x000000ca95800000,0x000000ca95900000)]
  0x000001da56d1b000 JavaThread "Common-Cleaner" daemon [_thread_blocked, id=14528, stack(0x000000ca95a00000,0x000000ca95b00000)]
  0x000001da575bc800 JavaThread "Thread-0" [_thread_blocked, id=13988, stack(0x000000ca95d00000,0x000000ca95e00000)]
  0x000001da575c0800 JavaThread "restartedMain" [_thread_blocked, id=13808, stack(0x000000ca95e00000,0x000000ca95f00000)]
  0x000001da58a04800 JavaThread "HikariPool-1 housekeeper" daemon [_thread_blocked, id=13472, stack(0x000000ca95f00000,0x000000ca96000000)]
  0x000001da58608800 JavaThread "Catalina-utility-1" [_thread_blocked, id=932, stack(0x000000ca96100000,0x000000ca96200000)]
  0x000001da58609800 JavaThread "Catalina-utility-2" [_thread_blocked, id=10588, stack(0x000000ca96200000,0x000000ca96300000)]
  0x000001da58bc6800 JavaThread "container-0" [_thread_blocked, id=13784, stack(0x000000ca96300000,0x000000ca96400000)]
  0x000001da58bc8000 JavaThread "HikariPool-1 connection adder" daemon [_thread_blocked, id=14436, stack(0x000000ca96400000,0x000000ca96500000)]

Other Threads:
=>0x000001da56259800 VMThread "VM Thread" [stack: 0x000000ca95100000,0x000000ca95200000] [id=4944]
  0x000001da56d15800 WatcherThread [stack: 0x000000ca95900000,0x000000ca95a00000] [id=13600]
  0x000001da37ef9000 GCTaskThread "GC Thread#0" [stack: 0x000000ca94c00000,0x000000ca94d00000] [id=14128]
  0x000001da57546800 GCTaskThread "GC Thread#1" [stack: 0x000000ca95b00000,0x000000ca95c00000] [id=2892]
  0x000001da57551000 GCTaskThread "GC Thread#2" [stack: 0x000000ca95c00000,0x000000ca95d00000] [id=4656]
  0x000001da5764d000 GCTaskThread "GC Thread#3" [stack: 0x000000ca96000000,0x000000ca96100000] [id=13920]
  0x000001da37f29000 ConcurrentGCThread "G1 Main Marker" [stack: 0x000000ca94d00000,0x000000ca94e00000] [id=10528]
  0x000001da37f2a800 ConcurrentGCThread "G1 Conc#0" [stack: 0x000000ca94e00000,0x000000ca94f00000] [id=6448]
  0x000001da37fad800 ConcurrentGCThread "G1 Refine#0" [stack: 0x000000ca94f00000,0x000000ca95000000] [id=9868]
  0x000001da560c0800 ConcurrentGCThread "G1 Young RemSet Sampling" [stack: 0x000000ca95000000,0x000000ca95100000] [id=960]

Threads with active compile tasks:
C1 CompilerThread04171       1       jdk.internal.reflect.Reflection::isCallerSensitive (24 bytes)

VM state:at safepoint (normal execution)

VM Mutex/Monitor currently owned by a thread:  ([mutex/lock_event])
[0x000001da37ee1ce0] Threads_lock - owner thread: 0x000001da56259800
[0x000001da37ee2280] Heap_lock - owner thread: 0x000001da575c0800

Heap address: 0x0000000081c00000, size: 2020 MB, Compressed Oops mode: 32-bit
Narrow klass base: 0x0000000000000000, Narrow klass shift: 3
Compressed class space size: 1073741824 Address: 0x0000000100000000

Heap:
 garbage-first heap   total 195584K, used 21888K [0x0000000081c00000, 0x0000000100000000)
  region size 1024K, 6 young (6144K), 6 survivors (6144K)
 Metaspace       used 49929K, capacity 51125K, committed 51248K, reserved 1107968K
  class space    used 6472K, capacity 6943K, committed 7040K, reserved 1048576K
Heap Regions: E=young(eden), S=young(survivor), O=old, HS=humongous(starts), HC=humongous(continues), CS=collection set, F=free, A=archive, TAMS=top-at-mark-start (previous, next)
|   0|0x0000000081c00000, 0x0000000081d00000, 0x0000000081d00000|100%|HS|  |TAMS 0x0000000081d00000, 0x0000000081d00000| Complete 
|   1|0x0000000081d00000, 0x0000000081e00000, 0x0000000081e00000|100%| O|  |TAMS 0x0000000081e00000, 0x0000000081e00000| Untracked 
|   2|0x0000000081e00000, 0x0000000081f00000, 0x0000000081f00000|100%| O|  |TAMS 0x0000000081f00000, 0x0000000081f00000| Untracked 
|   3|0x0000000081f00000, 0x0000000082000000, 0x0000000082000000|100%| O|  |TAMS 0x0000000082000000, 0x0000000082000000| Untracked 
|   4|0x0000000082000000, 0x0000000082100000, 0x0000000082100000|100%| O|  |TAMS 0x0000000082100000, 0x0000000082100000| Untracked 
|   5|0x0000000082100000, 0x0000000082200000, 0x0000000082200000|100%| O|  |TAMS 0x0000000082200000, 0x0000000082200000| Untracked 
|   6|0x0000000082200000, 0x0000000082300000, 0x0000000082300000|100%| O|  |TAMS 0x0000000082300000, 0x0000000082300000| Untracked 
|   7|0x0000000082300000, 0x0000000082400000, 0x0000000082400000|100%| O|  |TAMS 0x0000000082400000, 0x0000000082400000| Untracked 
|   8|0x0000000082400000, 0x0000000082500000, 0x0000000082500000|100%| O|  |TAMS 0x0000000082500000, 0x0000000082500000| Untracked 
|   9|0x0000000082500000, 0x0000000082600000, 0x0000000082600000|100%| O|  |TAMS 0x0000000082600000, 0x0000000082600000| Untracked 
|  10|0x0000000082600000, 0x0000000082700000, 0x0000000082700000|100%| O|  |TAMS 0x0000000082700000, 0x0000000082700000| Untracked 
|  11|0x0000000082700000, 0x0000000082800000, 0x0000000082800000|100%| O|  |TAMS 0x0000000082800000, 0x0000000082800000| Untracked 
|  12|0x0000000082800000, 0x0000000082900000, 0x0000000082900000|100%| O|  |TAMS 0x000000008281c800, 0x0000000082900000| Untracked 
|  13|0x0000000082900000, 0x0000000082a00000, 0x0000000082a00000|100%| O|  |TAMS 0x0000000082900000, 0x0000000082a00000| Untracked 
|  14|0x0000000082a00000, 0x0000000082b00000, 0x0000000082b00000|100%| O|  |TAMS 0x0000000082a00000, 0x0000000082b00000| Untracked 
|  15|0x0000000082b00000, 0x0000000082b60200, 0x0000000082c00000| 37%| O|  |TAMS 0x0000000082b00000, 0x0000000082b60200| Untracked 
|  16|0x0000000082c00000, 0x0000000082c00000, 0x0000000082d00000|  0%| F|  |TAMS 0x0000000082c00000, 0x0000000082c00000| Untracked 
|  17|0x0000000082d00000, 0x0000000082d00000, 0x0000000082e00000|  0%| F|  |TAMS 0x0000000082d00000, 0x0000000082d00000| Untracked 
|  18|0x0000000082e00000, 0x0000000082e00000, 0x0000000082f00000|  0%| F|  |TAMS 0x0000000082e00000, 0x0000000082e00000| Untracked 
|  19|0x0000000082f00000, 0x0000000082f00000, 0x0000000083000000|  0%| F|  |TAMS 0x0000000082f00000, 0x0000000082f00000| Untracked 
|  20|0x0000000083000000, 0x0000000083000000, 0x0000000083100000|  0%| F|  |TAMS 0x0000000083000000, 0x0000000083000000| Untracked 
|  21|0x0000000083100000, 0x0000000083100000, 0x0000000083200000|  0%| F|  |TAMS 0x0000000083100000, 0x0000000083100000| Untracked 
|  22|0x0000000083200000, 0x0000000083200000, 0x0000000083300000|  0%| F|  |TAMS 0x0000000083200000, 0x0000000083200000| Untracked 
|  23|0x0000000083300000, 0x0000000083300000, 0x0000000083400000|  0%| F|  |TAMS 0x0000000083300000, 0x0000000083300000| Untracked 
|  24|0x0000000083400000, 0x0000000083400000, 0x0000000083500000|  0%| F|  |TAMS 0x0000000083400000, 0x0000000083400000| Untracked 
|  25|0x0000000083500000, 0x0000000083500000, 0x0000000083600000|  0%| F|  |TAMS 0x0000000083500000, 0x0000000083500000| Untracked 
|  26|0x0000000083600000, 0x0000000083600000, 0x0000000083700000|  0%| F|  |TAMS 0x0000000083600000, 0x0000000083600000| Untracked 
|  27|0x0000000083700000, 0x0000000083700000, 0x0000000083800000|  0%| F|  |TAMS 0x0000000083700000, 0x0000000083700000| Untracked 
|  28|0x0000000083800000, 0x0000000083800000, 0x0000000083900000|  0%| F|  |TAMS 0x0000000083800000, 0x0000000083800000| Untracked 
|  29|0x0000000083900000, 0x0000000083900000, 0x0000000083a00000|  0%| F|  |TAMS 0x0000000083900000, 0x0000000083900000| Untracked 
|  30|0x0000000083a00000, 0x0000000083a00000, 0x0000000083b00000|  0%| F|  |TAMS 0x0000000083a00000, 0x0000000083a00000| Untracked 
|  31|0x0000000083b00000, 0x0000000083b00000, 0x0000000083c00000|  0%| F|  |TAMS 0x0000000083b00000, 0x0000000083b00000| Untracked 
|  32|0x0000000083c00000, 0x0000000083c00000, 0x0000000083d00000|  0%| F|  |TAMS 0x0000000083c00000, 0x0000000083c00000| Untracked 
|  33|0x0000000083d00000, 0x0000000083d00000, 0x0000000083e00000|  0%| F|  |TAMS 0x0000000083d00000, 0x0000000083d00000| Untracked 
|  34|0x0000000083e00000, 0x0000000083e00000, 0x0000000083f00000|  0%| F|  |TAMS 0x0000000083e00000, 0x0000000083e00000| Untracked 
|  35|0x0000000083f00000, 0x0000000083f00000, 0x0000000084000000|  0%| F|  |TAMS 0x0000000083f00000, 0x0000000083f00000| Untracked 
|  36|0x0000000084000000, 0x0000000084000000, 0x0000000084100000|  0%| F|  |TAMS 0x0000000084000000, 0x0000000084000000| Untracked 
|  37|0x0000000084100000, 0x0000000084100000, 0x0000000084200000|  0%| F|  |TAMS 0x0000000084100000, 0x0000000084100000| Untracked 
|  38|0x0000000084200000, 0x0000000084200000, 0x0000000084300000|  0%| F|  |TAMS 0x0000000084200000, 0x0000000084200000| Untracked 
|  39|0x0000000084300000, 0x0000000084300000, 0x0000000084400000|  0%| F|  |TAMS 0x0000000084300000, 0x0000000084300000| Untracked 
|  40|0x0000000084400000, 0x0000000084400000, 0x0000000084500000|  0%| F|  |TAMS 0x0000000084400000, 0x0000000084400000| Untracked 
|  41|0x0000000084500000, 0x0000000084500000, 0x0000000084600000|  0%| F|  |TAMS 0x0000000084500000, 0x0000000084500000| Untracked 
|  42|0x0000000084600000, 0x0000000084600000, 0x0000000084700000|  0%| F|  |TAMS 0x0000000084600000, 0x0000000084600000| Untracked 
|  43|0x0000000084700000, 0x0000000084700000, 0x0000000084800000|  0%| F|  |TAMS 0x0000000084700000, 0x0000000084700000| Untracked 
|  44|0x0000000084800000, 0x0000000084800000, 0x0000000084900000|  0%| F|  |TAMS 0x0000000084800000, 0x0000000084800000| Untracked 
|  45|0x0000000084900000, 0x0000000084900000, 0x0000000084a00000|  0%| F|  |TAMS 0x0000000084900000, 0x0000000084900000| Untracked 
|  46|0x0000000084a00000, 0x0000000084a00000, 0x0000000084b00000|  0%| F|  |TAMS 0x0000000084a00000, 0x0000000084a00000| Untracked 
|  47|0x0000000084b00000, 0x0000000084b00000, 0x0000000084c00000|  0%| F|  |TAMS 0x0000000084b00000, 0x0000000084b00000| Untracked 
|  48|0x0000000084c00000, 0x0000000084c00000, 0x0000000084d00000|  0%| F|  |TAMS 0x0000000084c00000, 0x0000000084c00000| Untracked 
|  49|0x0000000084d00000, 0x0000000084d00000, 0x0000000084e00000|  0%| F|  |TAMS 0x0000000084d00000, 0x0000000084d00000| Untracked 
|  50|0x0000000084e00000, 0x0000000084e00000, 0x0000000084f00000|  0%| F|  |TAMS 0x0000000084e00000, 0x0000000084e00000| Untracked 
|  51|0x0000000084f00000, 0x0000000084f00000, 0x0000000085000000|  0%| F|  |TAMS 0x0000000084f00000, 0x0000000084f00000| Untracked 
|  52|0x0000000085000000, 0x0000000085000000, 0x0000000085100000|  0%| F|  |TAMS 0x0000000085000000, 0x0000000085000000| Untracked 
|  53|0x0000000085100000, 0x0000000085100000, 0x0000000085200000|  0%| F|  |TAMS 0x0000000085100000, 0x0000000085100000| Untracked 
|  54|0x0000000085200000, 0x0000000085200000, 0x0000000085300000|  0%| F|  |TAMS 0x0000000085200000, 0x0000000085200000| Untracked 
|  55|0x0000000085300000, 0x0000000085300000, 0x0000000085400000|  0%| F|  |TAMS 0x0000000085300000, 0x0000000085300000| Untracked 
|  56|0x0000000085400000, 0x0000000085400000, 0x0000000085500000|  0%| F|  |TAMS 0x0000000085400000, 0x0000000085400000| Untracked 
|  57|0x0000000085500000, 0x0000000085500000, 0x0000000085600000|  0%| F|  |TAMS 0x0000000085500000, 0x0000000085500000| Untracked 
|  58|0x0000000085600000, 0x0000000085600000, 0x0000000085700000|  0%| F|  |TAMS 0x0000000085600000, 0x0000000085600000| Untracked 
|  59|0x0000000085700000, 0x0000000085700000, 0x0000000085800000|  0%| F|  |TAMS 0x0000000085700000, 0x0000000085700000| Untracked 
|  60|0x0000000085800000, 0x0000000085800000, 0x0000000085900000|  0%| F|  |TAMS 0x0000000085800000, 0x0000000085800000| Untracked 
|  61|0x0000000085900000, 0x0000000085900000, 0x0000000085a00000|  0%| F|  |TAMS 0x0000000085900000, 0x0000000085900000| Untracked 
|  62|0x0000000085a00000, 0x0000000085a00000, 0x0000000085b00000|  0%| F|  |TAMS 0x0000000085a00000, 0x0000000085a00000| Untracked 
|  63|0x0000000085b00000, 0x0000000085b00000, 0x0000000085c00000|  0%| F|  |TAMS 0x0000000085b00000, 0x0000000085b00000| Untracked 
|  64|0x0000000085c00000, 0x0000000085c00000, 0x0000000085d00000|  0%| F|  |TAMS 0x0000000085c00000, 0x0000000085c00000| Untracked 
|  65|0x0000000085d00000, 0x0000000085d00000, 0x0000000085e00000|  0%| F|  |TAMS 0x0000000085d00000, 0x0000000085d00000| Untracked 
|  66|0x0000000085e00000, 0x0000000085e00000, 0x0000000085f00000|  0%| F|  |TAMS 0x0000000085e00000, 0x0000000085e00000| Untracked 
|  67|0x0000000085f00000, 0x0000000085f00000, 0x0000000086000000|  0%| F|  |TAMS 0x0000000085f00000, 0x0000000085f00000| Untracked 
|  68|0x0000000086000000, 0x0000000086000000, 0x0000000086100000|  0%| F|  |TAMS 0x0000000086000000, 0x0000000086000000| Untracked 
|  69|0x0000000086100000, 0x0000000086100000, 0x0000000086200000|  0%| F|  |TAMS 0x0000000086100000, 0x0000000086100000| Untracked 
|  70|0x0000000086200000, 0x0000000086200000, 0x0000000086300000|  0%| F|  |TAMS 0x0000000086200000, 0x0000000086200000| Untracked 
|  71|0x0000000086300000, 0x0000000086300000, 0x0000000086400000|  0%| F|  |TAMS 0x0000000086300000, 0x0000000086300000| Untracked 
|  72|0x0000000086400000, 0x0000000086400000, 0x0000000086500000|  0%| F|  |TAMS 0x0000000086400000, 0x0000000086400000| Untracked 
|  73|0x0000000086500000, 0x0000000086500000, 0x0000000086600000|  0%| F|  |TAMS 0x0000000086500000, 0x0000000086500000| Untracked 
|  74|0x0000000086600000, 0x0000000086600000, 0x0000000086700000|  0%| F|  |TAMS 0x0000000086600000, 0x0000000086600000| Untracked 
|  75|0x0000000086700000, 0x0000000086700000, 0x0000000086800000|  0%| F|  |TAMS 0x0000000086700000, 0x0000000086700000| Untracked 
|  76|0x0000000086800000, 0x0000000086800000, 0x0000000086900000|  0%| F|  |TAMS 0x0000000086800000, 0x0000000086800000| Untracked 
|  77|0x0000000086900000, 0x0000000086900000, 0x0000000086a00000|  0%| F|  |TAMS 0x0000000086900000, 0x0000000086900000| Untracked 
|  78|0x0000000086a00000, 0x0000000086a00000, 0x0000000086b00000|  0%| F|  |TAMS 0x0000000086a00000, 0x0000000086a00000| Untracked 
|  79|0x0000000086b00000, 0x0000000086b00000, 0x0000000086c00000|  0%| F|  |TAMS 0x0000000086b00000, 0x0000000086b00000| Untracked 
|  80|0x0000000086c00000, 0x0000000086c00000, 0x0000000086d00000|  0%| F|  |TAMS 0x0000000086c00000, 0x0000000086c00000| Untracked 
|  81|0x0000000086d00000, 0x0000000086d00000, 0x0000000086e00000|  0%| F|  |TAMS 0x0000000086d00000, 0x0000000086d00000| Untracked 
|  82|0x0000000086e00000, 0x0000000086e00000, 0x0000000086f00000|  0%| F|  |TAMS 0x0000000086e00000, 0x0000000086e00000| Untracked 
|  83|0x0000000086f00000, 0x0000000086f00000, 0x0000000087000000|  0%| F|  |TAMS 0x0000000086f00000, 0x0000000086f00000| Untracked 
|  84|0x0000000087000000, 0x0000000087000000, 0x0000000087100000|  0%| F|  |TAMS 0x0000000087000000, 0x0000000087000000| Untracked 
|  85|0x0000000087100000, 0x0000000087100000, 0x0000000087200000|  0%| F|  |TAMS 0x0000000087100000, 0x0000000087100000| Untracked 
|  86|0x0000000087200000, 0x0000000087200000, 0x0000000087300000|  0%| F|  |TAMS 0x0000000087200000, 0x0000000087200000| Untracked 
|  87|0x0000000087300000, 0x0000000087300000, 0x0000000087400000|  0%| F|  |TAMS 0x0000000087300000, 0x0000000087300000| Untracked 
|  88|0x0000000087400000, 0x0000000087400000, 0x0000000087500000|  0%| F|  |TAMS 0x0000000087400000, 0x0000000087400000| Untracked 
|  89|0x0000000087500000, 0x0000000087500000, 0x0000000087600000|  0%| F|  |TAMS 0x0000000087500000, 0x0000000087500000| Untracked 
|  90|0x0000000087600000, 0x0000000087600000, 0x0000000087700000|  0%| F|  |TAMS 0x0000000087600000, 0x0000000087600000| Untracked 
|  91|0x0000000087700000, 0x0000000087700000, 0x0000000087800000|  0%| F|  |TAMS 0x0000000087700000, 0x0000000087700000| Untracked 
|  92|0x0000000087800000, 0x0000000087800000, 0x0000000087900000|  0%| F|  |TAMS 0x0000000087800000, 0x0000000087800000| Untracked 
|  93|0x0000000087900000, 0x0000000087900000, 0x0000000087a00000|  0%| F|  |TAMS 0x0000000087900000, 0x0000000087900000| Untracked 
|  94|0x0000000087a00000, 0x0000000087a00000, 0x0000000087b00000|  0%| F|  |TAMS 0x0000000087a00000, 0x0000000087a00000| Untracked 
|  95|0x0000000087b00000, 0x0000000087b00000, 0x0000000087c00000|  0%| F|  |TAMS 0x0000000087b00000, 0x0000000087b00000| Untracked 
|  96|0x0000000087c00000, 0x0000000087c00000, 0x0000000087d00000|  0%| F|  |TAMS 0x0000000087c00000, 0x0000000087c00000| Untracked 
|  97|0x0000000087d00000, 0x0000000087d00000, 0x0000000087e00000|  0%| F|  |TAMS 0x0000000087d00000, 0x0000000087d00000| Untracked 
|  98|0x0000000087e00000, 0x0000000087e00000, 0x0000000087f00000|  0%| F|  |TAMS 0x0000000087e00000, 0x0000000087e00000| Untracked 
|  99|0x0000000087f00000, 0x0000000087f00000, 0x0000000088000000|  0%| F|  |TAMS 0x0000000087f00000, 0x0000000087f00000| Untracked 
| 100|0x0000000088000000, 0x0000000088000000, 0x0000000088100000|  0%| F|  |TAMS 0x0000000088000000, 0x0000000088000000| Untracked 
| 101|0x0000000088100000, 0x0000000088100000, 0x0000000088200000|  0%| F|  |TAMS 0x0000000088100000, 0x0000000088100000| Untracked 
| 102|0x0000000088200000, 0x0000000088200000, 0x0000000088300000|  0%| F|  |TAMS 0x0000000088200000, 0x0000000088200000| Untracked 
| 103|0x0000000088300000, 0x0000000088300000, 0x0000000088400000|  0%| F|  |TAMS 0x0000000088300000, 0x0000000088300000| Untracked 
| 104|0x0000000088400000, 0x0000000088400000, 0x0000000088500000|  0%| F|  |TAMS 0x0000000088400000, 0x0000000088400000| Untracked 
| 105|0x0000000088500000, 0x0000000088500000, 0x0000000088600000|  0%| F|  |TAMS 0x0000000088500000, 0x0000000088500000| Untracked 
| 106|0x0000000088600000, 0x0000000088600000, 0x0000000088700000|  0%| F|  |TAMS 0x0000000088600000, 0x0000000088600000| Untracked 
| 107|0x0000000088700000, 0x0000000088700000, 0x0000000088800000|  0%| F|  |TAMS 0x0000000088700000, 0x0000000088700000| Untracked 
| 108|0x0000000088800000, 0x0000000088800000, 0x0000000088900000|  0%| F|  |TAMS 0x0000000088800000, 0x0000000088800000| Untracked 
| 109|0x0000000088900000, 0x0000000088900000, 0x0000000088a00000|  0%| F|  |TAMS 0x0000000088900000, 0x0000000088900000| Untracked 
| 110|0x0000000088a00000, 0x0000000088a00000, 0x0000000088b00000|  0%| F|  |TAMS 0x0000000088a00000, 0x0000000088a00000| Untracked 
| 111|0x0000000088b00000, 0x0000000088b00000, 0x0000000088c00000|  0%| F|  |TAMS 0x0000000088b00000, 0x0000000088b00000| Untracked 
| 112|0x0000000088c00000, 0x0000000088c00000, 0x0000000088d00000|  0%| F|  |TAMS 0x0000000088c00000, 0x0000000088c00000| Untracked 
| 113|0x0000000088d00000, 0x0000000088d00000, 0x0000000088e00000|  0%| F|  |TAMS 0x0000000088d00000, 0x0000000088d00000| Untracked 
| 114|0x0000000088e00000, 0x0000000088e00000, 0x0000000088f00000|  0%| F|  |TAMS 0x0000000088e00000, 0x0000000088e00000| Untracked 
| 115|0x0000000088f00000, 0x0000000088f00000, 0x0000000089000000|  0%| F|  |TAMS 0x0000000088f00000, 0x0000000088f00000| Untracked 
| 116|0x0000000089000000, 0x0000000089000000, 0x0000000089100000|  0%| F|  |TAMS 0x0000000089000000, 0x0000000089000000| Untracked 
| 117|0x0000000089100000, 0x0000000089100000, 0x0000000089200000|  0%| F|  |TAMS 0x0000000089100000, 0x0000000089100000| Untracked 
| 118|0x0000000089200000, 0x0000000089200000, 0x0000000089300000|  0%| F|  |TAMS 0x0000000089200000, 0x0000000089200000| Untracked 
| 119|0x0000000089300000, 0x0000000089300000, 0x0000000089400000|  0%| F|  |TAMS 0x0000000089300000, 0x0000000089300000| Untracked 
| 120|0x0000000089400000, 0x0000000089400000, 0x0000000089500000|  0%| F|  |TAMS 0x0000000089400000, 0x0000000089400000| Untracked 
| 121|0x0000000089500000, 0x0000000089500000, 0x0000000089600000|  0%| F|  |TAMS 0x0000000089500000, 0x0000000089500000| Untracked 
| 122|0x0000000089600000, 0x0000000089600000, 0x0000000089700000|  0%| F|  |TAMS 0x0000000089600000, 0x0000000089600000| Untracked 
| 123|0x0000000089700000, 0x0000000089700000, 0x0000000089800000|  0%| F|  |TAMS 0x0000000089700000, 0x0000000089700000| Untracked 
| 124|0x0000000089800000, 0x0000000089800000, 0x0000000089900000|  0%| F|  |TAMS 0x0000000089800000, 0x0000000089800000| Untracked 
| 125|0x0000000089900000, 0x0000000089900000, 0x0000000089a00000|  0%| F|  |TAMS 0x0000000089900000, 0x0000000089900000| Untracked 
| 126|0x0000000089a00000, 0x0000000089a00000, 0x0000000089b00000|  0%| F|  |TAMS 0x0000000089a00000, 0x0000000089a00000| Untracked 
| 127|0x0000000089b00000, 0x0000000089b00000, 0x0000000089c00000|  0%| F|  |TAMS 0x0000000089b00000, 0x0000000089b00000| Untracked 
| 128|0x0000000089c00000, 0x0000000089c00000, 0x0000000089d00000|  0%| F|  |TAMS 0x0000000089c00000, 0x0000000089c00000| Untracked 
| 129|0x0000000089d00000, 0x0000000089d00000, 0x0000000089e00000|  0%| F|  |TAMS 0x0000000089d00000, 0x0000000089d00000| Untracked 
| 130|0x0000000089e00000, 0x0000000089e00000, 0x0000000089f00000|  0%| F|  |TAMS 0x0000000089e00000, 0x0000000089e00000| Untracked 
| 131|0x0000000089f00000, 0x0000000089f00000, 0x000000008a000000|  0%| F|  |TAMS 0x0000000089f00000, 0x0000000089f00000| Untracked 
| 132|0x000000008a000000, 0x000000008a000000, 0x000000008a100000|  0%| F|  |TAMS 0x000000008a000000, 0x000000008a000000| Untracked 
| 133|0x000000008a100000, 0x000000008a100000, 0x000000008a200000|  0%| F|  |TAMS 0x000000008a100000, 0x000000008a100000| Untracked 
| 134|0x000000008a200000, 0x000000008a200000, 0x000000008a300000|  0%| F|  |TAMS 0x000000008a200000, 0x000000008a200000| Untracked 
| 135|0x000000008a300000, 0x000000008a300000, 0x000000008a400000|  0%| F|  |TAMS 0x000000008a300000, 0x000000008a300000| Untracked 
| 136|0x000000008a400000, 0x000000008a400000, 0x000000008a500000|  0%| F|  |TAMS 0x000000008a400000, 0x000000008a400000| Untracked 
| 137|0x000000008a500000, 0x000000008a500000, 0x000000008a600000|  0%| F|  |TAMS 0x000000008a500000, 0x000000008a500000| Untracked 
| 138|0x000000008a600000, 0x000000008a600000, 0x000000008a700000|  0%| F|  |TAMS 0x000000008a600000, 0x000000008a600000| Untracked 
| 139|0x000000008a700000, 0x000000008a700000, 0x000000008a800000|  0%| F|  |TAMS 0x000000008a700000, 0x000000008a700000| Untracked 
| 140|0x000000008a800000, 0x000000008a900000, 0x000000008a900000|100%| S|CS|TAMS 0x000000008a800000, 0x000000008a800000| Complete 
| 141|0x000000008a900000, 0x000000008aa00000, 0x000000008aa00000|100%| S|CS|TAMS 0x000000008a900000, 0x000000008a900000| Complete 
| 142|0x000000008aa00000, 0x000000008ab00000, 0x000000008ab00000|100%| S|CS|TAMS 0x000000008aa00000, 0x000000008aa00000| Complete 
| 143|0x000000008ab00000, 0x000000008ac00000, 0x000000008ac00000|100%| S|CS|TAMS 0x000000008ab00000, 0x000000008ab00000| Complete 
| 144|0x000000008ac00000, 0x000000008ad00000, 0x000000008ad00000|100%| S|CS|TAMS 0x000000008ac00000, 0x000000008ac00000| Complete 
| 145|0x000000008ad00000, 0x000000008ae00000, 0x000000008ae00000|100%| S|CS|TAMS 0x000000008ad00000, 0x000000008ad00000| Complete 
| 146|0x000000008ae00000, 0x000000008ae00000, 0x000000008af00000|  0%| F|  |TAMS 0x000000008ae00000, 0x000000008ae00000| Untracked 
| 147|0x000000008af00000, 0x000000008af00000, 0x000000008b000000|  0%| F|  |TAMS 0x000000008af00000, 0x000000008af00000| Untracked 
| 148|0x000000008b000000, 0x000000008b000000, 0x000000008b100000|  0%| F|  |TAMS 0x000000008b000000, 0x000000008b000000| Untracked 
| 149|0x000000008b100000, 0x000000008b100000, 0x000000008b200000|  0%| F|  |TAMS 0x000000008b100000, 0x000000008b100000| Untracked 
| 150|0x000000008b200000, 0x000000008b200000, 0x000000008b300000|  0%| F|  |TAMS 0x000000008b200000, 0x000000008b200000| Untracked 
| 151|0x000000008b300000, 0x000000008b300000, 0x000000008b400000|  0%| F|  |TAMS 0x000000008b300000, 0x000000008b300000| Untracked 
| 152|0x000000008b400000, 0x000000008b400000, 0x000000008b500000|  0%| F|  |TAMS 0x000000008b400000, 0x000000008b400000| Untracked 
| 153|0x000000008b500000, 0x000000008b500000, 0x000000008b600000|  0%| F|  |TAMS 0x000000008b500000, 0x000000008b500000| Untracked 

Card table byte_map: [0x000001da4f660000,0x000001da4fa60000] _byte_map_base: 0x000001da4f252000

Marking Bits (Prev, Next): (CMBitMap*) 0x000001da37f20330, (CMBitMap*) 0x000001da37f202f8
 Prev Bits: [0x000001da51df0000, 0x000001da53d80000)
 Next Bits: [0x000001da4fe60000, 0x000001da51df0000)

Polling page: 0x000001da35ea0000

Metaspace:

Usage:
  Non-class:     43.15 MB capacity,    42.44 MB ( 98%) used,   587.09 KB (  1%) free+waste,   137.50 KB ( <1%) overhead. 
      Class:      6.78 MB capacity,     6.32 MB ( 93%) used,   404.64 KB (  6%) free+waste,    66.06 KB ( <1%) overhead. 
       Both:     49.93 MB capacity,    48.76 MB ( 98%) used,   991.73 KB (  2%) free+waste,   203.56 KB ( <1%) overhead. 

Virtual space:
  Non-class space:       58.00 MB reserved,      43.17 MB ( 74%) committed 
      Class space:        1.00 GB reserved,       6.88 MB ( <1%) committed 
             Both:        1.06 GB reserved,      50.05 MB (  5%) committed 

Chunk freelists:
   Non-Class:  3.25 KB
       Class:  128 bytes
        Both:  3.38 KB

CodeHeap 'non-profiled nmethods': size=238912Kb used=6900Kb max_used=6900Kb free=232012Kb
 bounds [0x000001da40910000, 0x000001da40fd0000, 0x000001da4f260000]
CodeHeap 'non-nmethods': size=6848Kb used=1205Kb max_used=1205Kb free=5642Kb
 bounds [0x000001da40260000, 0x000001da404d0000, 0x000001da40910000]
 total_blobs=4753 nmethods=4152 adapters=490
 compilation: enabled
              stopped_count=0, restarted_count=0
 full_count=0

Compilation events (10 events):
Event: 4.029 Thread 0x000001da5629e800 nmethod 4168 0x000001da40fca510 code [0x000001da40fca6c0, 0x000001da40fca850]
Event: 4.029 Thread 0x000001da5629e800 4169       1       java.lang.invoke.SimpleMethodHandle::<init> (7 bytes)
Event: 4.029 Thread 0x000001da5629e800 nmethod 4169 0x000001da40fca910 code [0x000001da40fcaac0, 0x000001da40fcac10]
Event: 4.040 Thread 0x000001da5629e800 4170       1       jdk.internal.reflect.ReflectionFactory::newMethodAccessor (119 bytes)
Event: 4.042 Thread 0x000001da5629e800 nmethod 4170 0x000001da40fcac90 code [0x000001da40fcaf20, 0x000001da40fcb7f0]
Event: 4.042 Thread 0x000001da5629e800 4174       1       org.springframework.core.convert.TypeDescriptor::getAnnotations (8 bytes)
Event: 4.042 Thread 0x000001da5629e800 nmethod 4174 0x000001da40fcbc90 code [0x000001da40fcbe60, 0x000001da40fcc010]
Event: 4.042 Thread 0x000001da5629e800 4175       1       org.springframework.core.convert.TypeDescriptor$AnnotatedElementAdapter::getAnnotations (24 bytes)
Event: 4.043 Thread 0x000001da5629e800 nmethod 4175 0x000001da40fcc110 code [0x000001da40fcc2e0, 0x000001da40fcc490]
Event: 4.043 Thread 0x000001da5629e800 4171       1       jdk.internal.reflect.Reflection::isCallerSensitive (24 bytes)

GC Heap History (10 events):
Event: 1.377 GC heap after
{Heap after GC invocations=5 (full 0):
 garbage-first heap   total 131072K, used 9816K [0x0000000081c00000, 0x0000000100000000)
  region size 1024K, 6 young (6144K), 6 survivors (6144K)
 Metaspace       used 23581K, capacity 24288K, committed 24496K, reserved 1071104K
  class space    used 2832K, capacity 3045K, committed 3072K, reserved 1048576K
}
Event: 2.089 GC heap before
{Heap before GC invocations=5 (full 0):
 garbage-first heap   total 131072K, used 81496K [0x0000000081c00000, 0x0000000100000000)
  region size 1024K, 76 young (77824K), 6 survivors (6144K)
 Metaspace       used 28122K, capacity 28935K, committed 29104K, reserved 1075200K
  class space    used 3481K, capacity 3754K, committed 3840K, reserved 1048576K
}
Event: 2.100 GC heap after
{Heap after GC invocations=6 (full 0):
 garbage-first heap   total 157696K, used 12971K [0x0000000081c00000, 0x0000000100000000)
  region size 1024K, 7 young (7168K), 7 survivors (7168K)
 Metaspace       used 28122K, capacity 28935K, committed 29104K, reserved 1075200K
  class space    used 3481K, capacity 3754K, committed 3840K, reserved 1048576K
}
Event: 2.802 GC heap before
{Heap before GC invocations=6 (full 0):
 garbage-first heap   total 157696K, used 95915K [0x0000000081c00000, 0x0000000100000000)
  region size 1024K, 89 young (91136K), 7 survivors (7168K)
 Metaspace       used 32673K, capacity 33708K, committed 33840K, reserved 1079296K
  class space    used 4048K, capacity 4427K, committed 4480K, reserved 1048576K
}
Event: 2.813 GC heap after
{Heap after GC invocations=7 (full 0):
 garbage-first heap   total 157696K, used 15803K [0x0000000081c00000, 0x0000000100000000)
  region size 1024K, 9 young (9216K), 9 survivors (9216K)
 Metaspace       used 32673K, capacity 33708K, committed 33840K, reserved 1079296K
  class space    used 4048K, capacity 4427K, committed 4480K, reserved 1048576K
}
Event: 3.012 GC heap before
{Heap before GC invocations=7 (full 0):
 garbage-first heap   total 157696K, used 56763K [0x0000000081c00000, 0x0000000100000000)
  region size 1024K, 51 young (52224K), 9 survivors (9216K)
 Metaspace       used 34721K, capacity 35797K, committed 35888K, reserved 1081344K
  class space    used 4245K, capacity 4677K, committed 4736K, reserved 1048576K
}
Event: 3.024 GC heap after
{Heap after GC invocations=8 (full 0):
 garbage-first heap   total 157696K, used 17736K [0x0000000081c00000, 0x0000000100000000)
  region size 1024K, 8 young (8192K), 8 survivors (8192K)
 Metaspace       used 34721K, capacity 35797K, committed 35888K, reserved 1081344K
  class space    used 4245K, capacity 4677K, committed 4736K, reserved 1048576K
}
Event: 3.952 GC heap before
{Heap before GC invocations=9 (full 0):
 garbage-first heap   total 157696K, used 98632K [0x0000000081c00000, 0x0000000100000000)
  region size 1024K, 87 young (89088K), 8 survivors (8192K)
 Metaspace       used 49709K, capacity 50873K, committed 51120K, reserved 1101824K
  class space    used 6427K, capacity 6901K, committed 6912K, reserved 1048576K
}
Event: 3.964 GC heap after
{Heap after GC invocations=10 (full 0):
 garbage-first heap   total 157696K, used 20939K [0x0000000081c00000, 0x0000000100000000)
  region size 1024K, 9 young (9216K), 9 survivors (9216K)
 Metaspace       used 49709K, capacity 50873K, committed 51120K, reserved 1101824K
  class space    used 6427K, capacity 6901K, committed 6912K, reserved 1048576K
}
Event: 4.044 GC heap before
{Heap before GC invocations=11 (full 0):
 garbage-first heap   total 157696K, used 28107K [0x0000000081c00000, 0x0000000100000000)
  region size 1024K, 17 young (17408K), 9 survivors (9216K)
 Metaspace       used 49929K, capacity 51125K, committed 51248K, reserved 1107968K
  class space    used 6472K, capacity 6943K, committed 7040K, reserved 1048576K
}

Deoptimization events (0 events):
No events

Classes redefined (0 events):
No events

Internal exceptions (10 events):
Event: 4.023 Thread 0x000001da575c0800 Exception <a 'java/lang/ClassNotFoundException'{0x000000008af3b468}: org/springframework/data/jpa/repository/config/JpaMetamodelMappingContextFactoryBeanCustomizer> (0x000000008af3b468) thrown at [t:/workspace/open/src/hotspot/share/classfile/systemDictio
Event: 4.023 Thread 0x000001da575c0800 Exception <a 'java/lang/ClassNotFoundException'{0x000000008af54a90}: org/springframework/context/ApplicationContextAwareCustomizer> (0x000000008af54a90) thrown at [t:/workspace/open/src/hotspot/share/classfile/systemDictionary.cpp, line 231]
Event: 4.023 Thread 0x000001da575c0800 Exception <a 'java/lang/ClassNotFoundException'{0x000000008af63808}: org/springframework/beans/factory/AwareCustomizer> (0x000000008af63808) thrown at [t:/workspace/open/src/hotspot/share/classfile/systemDictionary.cpp, line 231]
Event: 4.024 Thread 0x000001da575c0800 Exception <a 'java/lang/ClassNotFoundException'{0x000000008af72088}: org/springframework/beans/factory/FactoryBeanCustomizer> (0x000000008af72088) thrown at [t:/workspace/open/src/hotspot/share/classfile/systemDictionary.cpp, line 231]
Event: 4.024 Thread 0x000001da575c0800 Exception <a 'java/lang/ClassNotFoundException'{0x000000008af840a0}: org/springframework/beans/factory/BeanClassLoaderAwareCustomizer> (0x000000008af840a0) thrown at [t:/workspace/open/src/hotspot/share/classfile/systemDictionary.cpp, line 231]
Event: 4.025 Thread 0x000001da575c0800 Exception <a 'java/lang/ClassNotFoundException'{0x000000008af92918}: org/springframework/beans/factory/AwareCustomizer> (0x000000008af92918) thrown at [t:/workspace/open/src/hotspot/share/classfile/systemDictionary.cpp, line 231]
Event: 4.025 Thread 0x000001da575c0800 Exception <a 'java/lang/ClassNotFoundException'{0x000000008afa1c00}: org/springframework/beans/factory/BeanFactoryAwareCustomizer> (0x000000008afa1c00) thrown at [t:/workspace/open/src/hotspot/share/classfile/systemDictionary.cpp, line 231]
Event: 4.025 Thread 0x000001da575c0800 Exception <a 'java/lang/ClassNotFoundException'{0x000000008afb0978}: org/springframework/beans/factory/AwareCustomizer> (0x000000008afb0978) thrown at [t:/workspace/open/src/hotspot/share/classfile/systemDictionary.cpp, line 231]
Event: 4.025 Thread 0x000001da575c0800 Exception <a 'java/lang/ClassNotFoundException'{0x000000008afbfc60}: org/springframework/beans/factory/InitializingBeanCustomizer> (0x000000008afbfc60) thrown at [t:/workspace/open/src/hotspot/share/classfile/systemDictionary.cpp, line 231]
Event: 4.026 Thread 0x000001da575c0800 Exception <a 'java/lang/ClassNotFoundException'{0x000000008afcf1a8}: org/springframework/beans/factory/DisposableBeanCustomizer> (0x000000008afcf1a8) thrown at [t:/workspace/open/src/hotspot/share/classfile/systemDictionary.cpp, line 231]

Events (10 events):
Event: 4.041 loading class org/springframework/beans/factory/ListableBeanFactory done
Event: 4.042 loading class org/springframework/beans/factory/ListableBeanFactory
Event: 4.042 loading class org/springframework/beans/factory/ListableBeanFactory done
Event: 4.042 loading class org/springframework/data/repository/core/support/TransactionalRepositoryProxyPostProcessor
Event: 4.042 loading class org/springframework/data/repository/core/support/TransactionalRepositoryProxyPostProcessor done
Event: 4.042 loading class org/springframework/data/repository/core/support/PersistenceExceptionTranslationRepositoryProxyPostProcessor
Event: 4.042 loading class org/springframework/data/repository/core/support/PersistenceExceptionTranslationRepositoryProxyPostProcessor done
Event: 4.043 loading class org/springframework/data/jpa/repository/support/JpaRepositoryFactory
Event: 4.043 loading class org/springframework/data/jpa/repository/support/JpaRepositoryFactory done
Event: 4.043 Executing VM operation: CollectForMetadataAllocation


Dynamic libraries:
0x00007ff7340b0000 - 0x00007ff7340f7000 	C:\Program Files\Java\jdk-11.0.6\bin\java.exe
0x00007ffff96e0000 - 0x00007ffff98d0000 	C:\WINDOWS\SYSTEM32\ntdll.dll
0x00007ffff7dd0000 - 0x00007ffff7e82000 	C:\WINDOWS\System32\KERNEL32.DLL
0x00007ffff6a70000 - 0x00007ffff6d13000 	C:\WINDOWS\System32\KERNELBASE.dll
0x00007ffff95e0000 - 0x00007ffff9683000 	C:\WINDOWS\System32\ADVAPI32.dll
0x00007ffff8a20000 - 0x00007ffff8abe000 	C:\WINDOWS\System32\msvcrt.dll
0x00007ffff8c20000 - 0x00007ffff8cb7000 	C:\WINDOWS\System32\sechost.dll
0x00007ffff8330000 - 0x00007ffff8450000 	C:\WINDOWS\System32\RPCRT4.dll
0x00007ffff9440000 - 0x00007ffff95d4000 	C:\WINDOWS\System32\USER32.dll
0x00007ffff69c0000 - 0x00007ffff69e1000 	C:\WINDOWS\System32\win32u.dll
0x00007ffff9410000 - 0x00007ffff9436000 	C:\WINDOWS\System32\GDI32.dll
0x00007ffff6ef0000 - 0x00007ffff7084000 	C:\WINDOWS\System32\gdi32full.dll
0x00007ffff6dd0000 - 0x00007ffff6e6e000 	C:\WINDOWS\System32\msvcp_win.dll
0x00007ffff66f0000 - 0x00007ffff67ea000 	C:\WINDOWS\System32\ucrtbase.dll
0x00007fffe7ee0000 - 0x00007fffe8165000 	C:\WINDOWS\WinSxS\amd64_microsoft.windows.common-controls_6595b64144ccf1df_6.0.18362.778_none_e6c6b761130d4fb8\COMCTL32.dll
0x00007fffeefd0000 - 0x00007fffeefda000 	C:\WINDOWS\SYSTEM32\VERSION.dll
0x00007ffff7f70000 - 0x00007ffff82a6000 	C:\WINDOWS\System32\combase.dll
0x00007ffff69f0000 - 0x00007ffff6a70000 	C:\WINDOWS\System32\bcryptPrimitives.dll
0x00007ffff7f40000 - 0x00007ffff7f6e000 	C:\WINDOWS\System32\IMM32.DLL
0x00007ffff0620000 - 0x00007ffff0636000 	C:\Program Files\Java\jdk-11.0.6\bin\vcruntime140.dll
0x00007fffca8e0000 - 0x00007fffca98a000 	C:\Program Files\Java\jdk-11.0.6\bin\msvcp140.dll
0x00007fffac800000 - 0x00007fffad329000 	C:\Program Files\Java\jdk-11.0.6\bin\server\jvm.dll
0x00007ffff9690000 - 0x00007ffff9698000 	C:\WINDOWS\System32\PSAPI.DLL
0x00007ffff2710000 - 0x00007ffff2734000 	C:\WINDOWS\SYSTEM32\WINMM.dll
0x00007fffe27f0000 - 0x00007fffe27f9000 	C:\WINDOWS\SYSTEM32\WSOCK32.dll
0x00007ffff8950000 - 0x00007ffff89bf000 	C:\WINDOWS\System32\WS2_32.dll
0x00007ffff26e0000 - 0x00007ffff270d000 	C:\WINDOWS\SYSTEM32\WINMMBASE.dll
0x00007ffff6970000 - 0x00007ffff69ba000 	C:\WINDOWS\System32\cfgmgr32.dll
0x00007ffff6680000 - 0x00007ffff6691000 	C:\WINDOWS\System32\kernel.appcore.dll
0x00007fffd49f0000 - 0x00007fffd4a01000 	C:\Program Files\Java\jdk-11.0.6\bin\verify.dll
0x00007ffff4f00000 - 0x00007ffff50f4000 	C:\WINDOWS\SYSTEM32\DBGHELP.DLL
0x00007fffe0da0000 - 0x00007fffe0dca000 	C:\WINDOWS\SYSTEM32\dbgcore.DLL
0x00007fffd49c0000 - 0x00007fffd49e9000 	C:\Program Files\Java\jdk-11.0.6\bin\java.dll
0x00007fffd49a0000 - 0x00007fffd49b6000 	C:\Program Files\Java\jdk-11.0.6\bin\zip.dll
0x00007fffdb070000 - 0x00007fffdb07a000 	C:\Program Files\Java\jdk-11.0.6\bin\jimage.dll
0x00007ffff8cc0000 - 0x00007ffff93a5000 	C:\WINDOWS\System32\SHELL32.dll
0x00007ffff88a0000 - 0x00007ffff8949000 	C:\WINDOWS\System32\shcore.dll
0x00007ffff7090000 - 0x00007ffff7810000 	C:\WINDOWS\System32\windows.storage.dll
0x00007ffff6650000 - 0x00007ffff6673000 	C:\WINDOWS\System32\profapi.dll
0x00007ffff66a0000 - 0x00007ffff66ea000 	C:\WINDOWS\System32\powrprof.dll
0x00007ffff6620000 - 0x00007ffff6630000 	C:\WINDOWS\System32\UMPDC.dll
0x00007ffff7d70000 - 0x00007ffff7dc2000 	C:\WINDOWS\System32\shlwapi.dll
0x00007ffff6e70000 - 0x00007ffff6e87000 	C:\WINDOWS\System32\cryptsp.dll
0x00007fffd47d0000 - 0x00007fffd47e9000 	C:\Program Files\Java\jdk-11.0.6\bin\net.dll
0x00007fffe99f0000 - 0x00007fffe9ae0000 	C:\WINDOWS\SYSTEM32\WINHTTP.dll
0x00007ffff5e90000 - 0x00007ffff5ef7000 	C:\WINDOWS\system32\mswsock.dll
0x00007fffd4040000 - 0x00007fffd4053000 	C:\Program Files\Java\jdk-11.0.6\bin\nio.dll
0x00007fffd4960000 - 0x00007fffd4969000 	C:\Program Files\Java\jdk-11.0.6\bin\management.dll
0x00007fffd48c0000 - 0x00007fffd48cc000 	C:\Program Files\Java\jdk-11.0.6\bin\management_ext.dll
0x00007fffd8a30000 - 0x00007fffd8a46000 	C:\WINDOWS\system32\napinsp.dll
0x00007fffd8930000 - 0x00007fffd894a000 	C:\WINDOWS\system32\pnrpnsp.dll
0x00007ffff5be0000 - 0x00007ffff5caa000 	C:\WINDOWS\SYSTEM32\DNSAPI.dll
0x00007ffff7810000 - 0x00007ffff7818000 	C:\WINDOWS\System32\NSI.dll
0x00007ffff5ba0000 - 0x00007ffff5bda000 	C:\WINDOWS\SYSTEM32\IPHLPAPI.DLL
0x00007fffd88e0000 - 0x00007fffd88ee000 	C:\WINDOWS\System32\winrnr.dll
0x00007ffff2420000 - 0x00007ffff243c000 	C:\WINDOWS\system32\NLAapi.dll
0x00007fffd6810000 - 0x00007fffd6825000 	C:\WINDOWS\system32\wshbth.dll
0x00007fffe8590000 - 0x00007fffe859a000 	C:\Windows\System32\rasadhlp.dll
0x00007fffea890000 - 0x00007fffea907000 	C:\WINDOWS\System32\fwpuclnt.dll
0x00007ffff6940000 - 0x00007ffff6966000 	C:\WINDOWS\System32\bcrypt.dll
0x00007ffff5a00000 - 0x00007ffff5a33000 	C:\WINDOWS\system32\rsaenh.dll
0x00007ffff6540000 - 0x00007ffff6565000 	C:\WINDOWS\SYSTEM32\USERENV.dll
0x00007ffff6060000 - 0x00007ffff606c000 	C:\WINDOWS\SYSTEM32\CRYPTBASE.dll
0x00007fffeaa00000 - 0x00007fffeaa16000 	C:\WINDOWS\SYSTEM32\dhcpcsvc6.DLL
0x00007fffee5a0000 - 0x00007fffee5bc000 	C:\WINDOWS\SYSTEM32\dhcpcsvc.DLL

dbghelp: loaded successfully - version: 4.0.5 - missing functions: none
symbol engine: initialized successfully - sym options: 0x614 - pdb path: .;C:\Program Files\Java\jdk-11.0.6\bin;C:\WINDOWS\SYSTEM32;C:\WINDOWS\WinSxS\amd64_microsoft.windows.common-controls_6595b64144ccf1df_6.0.18362.778_none_e6c6b761130d4fb8;C:\Program Files\Java\jdk-11.0.6\bin\server

VM Arguments:
jvm_args: -Xverify:none -XX:TieredStopAtLevel=1 
java_command: com.webcontroller.webcontroller.model.ReactandSpringDataRestApplication
java_class_path (initial): C:\Users\Dhanushguntha\Desktop\webcontroller\webcontroller\target\classes;C:\Users\Dhanushguntha\.m2\repository\org\springframework\boot\spring-boot-starter-data-jpa\2.2.5.RELEASE\spring-boot-starter-data-jpa-2.2.5.RELEASE.jar;C:\Users\Dhanushguntha\.m2\repository\org\springframework\boot\spring-boot-starter-aop\2.2.5.RELEASE\spring-boot-starter-aop-2.2.5.RELEASE.jar;C:\Users\Dhanushguntha\.m2\repository\org\springframework\spring-aop\5.2.4.RELEASE\spring-aop-5.2.4.RELEASE.jar;C:\Users\Dhanushguntha\.m2\repository\org\aspectj\aspectjweaver\1.9.5\aspectjweaver-1.9.5.jar;C:\Users\Dhanushguntha\.m2\repository\org\springframework\boot\spring-boot-starter-jdbc\2.2.5.RELEASE\spring-boot-starter-jdbc-2.2.5.RELEASE.jar;C:\Users\Dhanushguntha\.m2\repository\com\zaxxer\HikariCP\3.4.2\HikariCP-3.4.2.jar;C:\Users\Dhanushguntha\.m2\repository\org\springframework\spring-jdbc\5.2.4.RELEASE\spring-jdbc-5.2.4.RELEASE.jar;C:\Users\Dhanushguntha\.m2\repository\jakarta\activation\jakarta.activation-api\1.2.2\jakarta.activation-api-1.2.2.jar;C:\Users\Dhanushguntha\.m2\repository\jakarta\persistence\jakarta.persistence-api\2.2.3\jakarta.persistence-api-2.2.3.jar;C:\Users\Dhanushguntha\.m2\repository\jakarta\transaction\jakarta.transaction-api\1.3.3\jakarta.transaction-api-1.3.3.jar;C:\Users\Dhanushguntha\.m2\repository\org\hibernate\hibernate-core\5.4.12.Final\hibernate-core-5.4.12.Final.jar;C:\Users\Dhanushguntha\.m2\repository\org\jboss\logging\jboss-logging\3.4.1.Final\jboss-logging-3.4.1.Final.jar;C:\Users\Dhanushguntha\.m2\repository\org\javassist\javassist\3.24.0-GA\javassist-3.24.0-GA.jar;C:\Users\Dhanushguntha\.m2\repository\net\bytebuddy\byte-buddy\1.10.8\byte-buddy-1.10.8.jar;C:\Users\Dhanushguntha\.m2\repository\antlr\antlr\2.7.7\antlr-2.7.7.jar;C:\Users\Dhanushguntha\.m2\repository\org\jboss\jandex\2.1.1.Final\jandex-2.1.1.Final.jar;C:\Users\Dhanushguntha\.m2\repository\com\fasterxml\classmate\1.5.1\classmate-1.5.1.jar;C:\Users\Dhanushguntha\.m2\r
Launcher Type: SUN_STANDARD

[Global flags]
     bool BytecodeVerificationLocal                = false                                     {product} {command line}
     bool BytecodeVerificationRemote               = false                                     {product} {command line}
     intx CICompilerCount                          = 3                                         {product} {ergonomic}
     uint ConcGCThreads                            = 1                                         {product} {ergonomic}
     uint G1ConcRefinementThreads                  = 4                                         {product} {ergonomic}
   size_t G1HeapRegionSize                         = 1048576                                   {product} {ergonomic}
    uintx GCDrainStackTargetSize                   = 64                                        {product} {ergonomic}
   size_t InitialHeapSize                          = 134217728                                 {product} {ergonomic}
   size_t MarkStackSize                            = 4194304                                   {product} {ergonomic}
   size_t MaxHeapSize                              = 2118123520                                {product} {ergonomic}
   size_t MaxNewSize                               = 1270874112                                {product} {ergonomic}
   size_t MinHeapDeltaBytes                        = 1048576                                   {product} {ergonomic}
    uintx NonNMethodCodeHeapSize                   = 6973028                                {pd product} {ergonomic}
    uintx NonProfiledCodeHeapSize                  = 244685212                              {pd product} {ergonomic}
    uintx ProfiledCodeHeapSize                     = 0                                      {pd product} {ergonomic}
    uintx ReservedCodeCacheSize                    = 251658240                              {pd product} {ergonomic}
     bool SegmentedCodeCache                       = true                                      {product} {ergonomic}
     intx TieredStopAtLevel                        = 1                                         {product} {command line}
     bool UseCompressedClassPointers               = true                                 {lp64_product} {ergonomic}
     bool UseCompressedOops                        = true                                 {lp64_product} {ergonomic}
     bool UseG1GC                                  = true                                      {product} {ergonomic}
     bool UseLargePagesIndividualAllocation        = false                                  {pd product} {ergonomic}

Logging:
Log output configuration:
 #0: stdout all=warning uptime,level,tags
 #1: stderr all=off uptime,level,tags

Environment Variables:
JAVA_HOME=C:\Program Files\Java\jdk-11.0.6
PATH=C:\Program Files (x86)\Intel\iCLS Client\;C:\Program Files\Intel\iCLS Client\;C:\windows\system32;C:\windows;C:\windows\System32\Wbem;C:\windows\System32\WindowsPowerShell\v1.0\;C:\Program Files (x86)\Intel\Intel(R) Management Engine Components\DAL;C:\Program Files\Intel\Intel(R) Management Engine Components\DAL;C:\Program Files (x86)\Intel\Intel(R) Management Engine Components\IPT;C:\Program Files\Intel\Intel(R) Management Engine Components\IPT;C:\Program Files (x86)\NVIDIA Corporation\PhysX\Common;C:\WINDOWS\system32;C:\WINDOWS;C:\WINDOWS\System32\Wbem;C:\WINDOWS\System32\WindowsPowerShell\v1.0\;C:\WINDOWS\System32\OpenSSH\;C:\Program Files\Intel\WiFi\bin\;C:\Program Files\Common Files\Intel\WirelessCommon\;C:\Program Files\Git\cmd;C:\Program Files (x86)\Yarn\bin\;C:\Program Files\NVIDIA Corporation\NVIDIA NvDLISR;C:\Program Files\nodejs;C:\ProgramData\chocolatey\bin;C:\Program Files\nodejs\;C:\opt\apache-maven-3.6.3\bin;C:\Program Files\Java\jdk-11.0.6\bin;C:\Users\Dhanushguntha\AppData\Local\Programs\Python\Python38\Scripts\;C:\Users\Dhanushguntha\AppData\Local\Programs\Python\Python38\;C:\Users\Dhanushguntha\anaconda3;C:\Users\Dhanushguntha\anaconda3\Library\mingw-w64\bin;C:\Users\Dhanushguntha\anaconda3\Library\usr\bin;C:\Users\Dhanushguntha\anaconda3\Library\bin;C:\Users\Dhanushguntha\anaconda3\Scripts;C:\Users\Dhanushguntha\AppData\Local\Programs\Microsoft VS Code\bin;C:\Users\Dhanushguntha\AppData\Roaming\npm;
USERNAME=Dhanushguntha
OS=Windows_NT
PROCESSOR_IDENTIFIER=Intel64 Family 6 Model 142 Stepping 9, GenuineIntel



---------------  S Y S T E M  ---------------

OS: Windows 10 , 64 bit Build 18362 (10.0.18362.778)

CPU:total 4 (initial active 4) (2 cores per cpu, 2 threads per core) family 6 model 142 stepping 9, cmov, cx8, fxsr, mmx, sse, sse2, sse3, ssse3, sse4.1, sse4.2, popcnt, avx, avx2, aes, clmul, erms, 3dnowpref, lzcnt, ht, tsc, tscinvbit, bmi1, bmi2, adx, fma

Memory: 4k page, system-wide physical 8077M (1279M free)
TotalPageFile size 8077M (AvailPageFile size 5M)
current process WorkingSet (physical memory assigned to process): 233M, peak: 233M
current process commit charge ("private bytes"): 299M, peak: 336M

vm_info: Java HotSpot(TM) 64-Bit Server VM (11.0.6+8-LTS) for windows-amd64 JRE (11.0.6+8-LTS), built on Dec 11 2019 09:17:57 by "mach5one" with MS VC++ 15.5 (VS2017)

END.
