#
# There is insufficient memory for the Java Runtime Environment to continue.
# Native memory allocation (malloc) failed to allocate 1080016 bytes for Chunk::new
# Possible reasons:
#   The system is out of physical RAM or swap space
#   The process is running with CompressedOops enabled, and the Java Heap may be blocking the growth of the native heap
# Possible solutions:
#   Reduce memory load on the system
#   Increase physical memory or swap space
#   Check if swap backing store is full
#   Decrease Java heap size (-Xmx/-Xms)
#   Decrease number of Java threads
#   Decrease Java thread stack sizes (-Xss)
#   Set larger code cache with -XX:ReservedCodeCacheSize=
#   JVM is running with Unscaled Compressed Oops mode in which the Java heap is
#     placed in the first 4GB address space. The Java Heap base address is the
#     maximum limit for the native heap growth. Please use -XX:HeapBaseMinAddress
#     to set the Java Heap base and to place the Java Heap above 4GB virtual address.
# This output file may be truncated or incomplete.
#
#  Out of Memory Error (t:/workspace/open/src/hotspot/share/memory/arena.cpp:197), pid=6120, tid=14604
#
# JRE version: Java(TM) SE Runtime Environment (11.0.6+8) (build 11.0.6+8-LTS)
# Java VM: Java HotSpot(TM) 64-Bit Server VM (11.0.6+8-LTS, mixed mode, tiered, compressed oops, g1 gc, windows-amd64)
# No core dump will be written. Minidumps are not enabled by default on client versions of Windows
#

---------------  S U M M A R Y ------------

Command Line: -Dmaven.multiModuleProjectDirectory=C:\Users\Dhanushguntha\Desktop\webcontroller\webcontroller -Dmaven.home=C:\Program Files\JetBrains\IntelliJ IDEA Community Edition 2019.3.4\plugins\maven\lib\maven3 -Dclassworlds.conf=C:\Program Files\JetBrains\IntelliJ IDEA Community Edition 2019.3.4\plugins\maven\lib\maven3\bin\m2.conf -Dmaven.ext.class.path=C:\Program Files\JetBrains\IntelliJ IDEA Community Edition 2019.3.4\plugins\maven\lib\maven-event-listener.jar -javaagent:C:\Program Files\JetBrains\IntelliJ IDEA Community Edition 2019.3.4\lib\idea_rt.jar=61270:C:\Program Files\JetBrains\IntelliJ IDEA Community Edition 2019.3.4\bin -Dfile.encoding=UTF-8 org.codehaus.classworlds.Launcher -Didea.version2019.3.4 spring-boot:run

Host: Intel(R) Core(TM) i5-7200U CPU @ 2.50GHz, 4 cores, 7G,  Windows 10 , 64 bit Build 18362 (10.0.18362.778)
Time: Sat May  2 19:10:55 2020 India Standard Time elapsed time: 15 seconds (0d 0h 0m 15s)

---------------  T H R E A D  ---------------

Current thread (0x0000026fb2c7c000):  JavaThread "C2 CompilerThread1" daemon [_thread_in_native, id=14604, stack(0x000000caa4800000,0x000000caa4900000)]


Current CompileTask:
C2:  15793 4562   !   4       com.google.inject.spi.InjectionPoint::getInjectionPoints (489 bytes)

Stack: [0x000000caa4800000,0x000000caa4900000]
Native frames: (J=compiled Java code, j=interpreted, Vv=VM code, C=native code)
V  [jvm.dll+0x63679a]
V  [jvm.dll+0x7755bf]
V  [jvm.dll+0x776c65]
V  [jvm.dll+0x7772d3]
V  [jvm.dll+0x25e7f8]
V  [jvm.dll+0xc1c01]
V  [jvm.dll+0xc219c]
V  [jvm.dll+0x2cf424]
V  [jvm.dll+0x552d3f]
V  [jvm.dll+0x21a49f]
V  [jvm.dll+0x2173d6]
V  [jvm.dll+0x193a2c]
V  [jvm.dll+0x226544]
V  [jvm.dll+0x224b28]
V  [jvm.dll+0x73a9c5]
V  [jvm.dll+0x733905]
V  [jvm.dll+0x635846]
C  [ucrtbase.dll+0x20e72]
C  [KERNEL32.DLL+0x17bd4]
C  [ntdll.dll+0x6ce51]


---------------  P R O C E S S  ---------------

Threads class SMR info:
_java_thread_list=0x0000026fb16969a0, length=12, elements={
0x0000026f900d8000, 0x0000026fb0406800, 0x0000026fb0410000, 0x0000026fb0d82800,
0x0000026fb041c800, 0x0000026fb041d800, 0x0000026fb0421000, 0x0000026fb0d94000,
0x0000026fb039a800, 0x0000026fb0f46000, 0x0000026fb0f47000, 0x0000026fb2c7c000
}

Java Threads: ( => current thread )
  0x0000026f900d8000 JavaThread "main" [_thread_in_vm, id=12664, stack(0x000000caa3200000,0x000000caa3300000)]
  0x0000026fb0406800 JavaThread "Reference Handler" daemon [_thread_blocked, id=15016, stack(0x000000caa3900000,0x000000caa3a00000)]
  0x0000026fb0410000 JavaThread "Finalizer" daemon [_thread_blocked, id=7296, stack(0x000000caa3a00000,0x000000caa3b00000)]
  0x0000026fb0d82800 JavaThread "Signal Dispatcher" daemon [_thread_blocked, id=13552, stack(0x000000caa3c00000,0x000000caa3d00000)]
  0x0000026fb041c800 JavaThread "Attach Listener" daemon [_thread_blocked, id=12676, stack(0x000000caa3d00000,0x000000caa3e00000)]
  0x0000026fb041d800 JavaThread "C2 CompilerThread0" daemon [_thread_blocked, id=11500, stack(0x000000caa3e00000,0x000000caa3f00000)]
  0x0000026fb0421000 JavaThread "C1 CompilerThread0" daemon [_thread_blocked, id=14420, stack(0x000000caa3f00000,0x000000caa4000000)]
  0x0000026fb0d94000 JavaThread "Sweeper thread" daemon [_thread_blocked, id=5716, stack(0x000000caa4000000,0x000000caa4100000)]
  0x0000026fb039a800 JavaThread "Common-Cleaner" daemon [_thread_blocked, id=5116, stack(0x000000caa4100000,0x000000caa4200000)]
  0x0000026fb0f46000 JavaThread "Monitor Ctrl-Break" daemon [_thread_in_native, id=1224, stack(0x000000caa4200000,0x000000caa4300000)]
  0x0000026fb0f47000 JavaThread "Service Thread" daemon [_thread_blocked, id=3468, stack(0x000000caa4300000,0x000000caa4400000)]
=>0x0000026fb2c7c000 JavaThread "C2 CompilerThread1" daemon [_thread_in_native, id=14604, stack(0x000000caa4800000,0x000000caa4900000)]

Other Threads:
  0x0000026fb03e1000 VMThread "VM Thread" [stack: 0x000000caa3800000,0x000000caa3900000] [id=13564]
  0x0000026fb0f4e000 WatcherThread [stack: 0x000000caa4400000,0x000000caa4500000] [id=14988]
  0x0000026f900ef000 GCTaskThread "GC Thread#0" [stack: 0x000000caa3300000,0x000000caa3400000] [id=13836]
  0x0000026fb1552800 GCTaskThread "GC Thread#1" [stack: 0x000000caa4500000,0x000000caa4600000] [id=4300]
  0x0000026fb16a9800 GCTaskThread "GC Thread#2" [stack: 0x000000caa4600000,0x000000caa4700000] [id=9376]
  0x0000026f9011e800 ConcurrentGCThread "G1 Main Marker" [stack: 0x000000caa3400000,0x000000caa3500000] [id=1496]
  0x0000026f90120000 ConcurrentGCThread "G1 Conc#0" [stack: 0x000000caa3500000,0x000000caa3600000] [id=14212]
  0x0000026f901a5800 ConcurrentGCThread "G1 Refine#0" [stack: 0x000000caa3600000,0x000000caa3700000] [id=11540]
  0x0000026fb18f7000 ConcurrentGCThread "G1 Refine#1" [stack: 0x000000caa4700000,0x000000caa4800000] [id=6152]
  0x0000026fb0250800 ConcurrentGCThread "G1 Young RemSet Sampling" [stack: 0x000000caa3700000,0x000000caa3800000] [id=744]

Threads with active compile tasks:
C2 CompilerThread14562   !   4       com.google.inject.spi.InjectionPoint::getInjectionPoints (489 bytes)

VM state:not at safepoint (normal execution)

VM Mutex/Monitor currently owned by a thread: None

Heap address: 0x0000000081c00000, size: 2020 MB, Compressed Oops mode: 32-bit
Narrow klass base: 0x0000000000000000, Narrow klass shift: 3
Compressed class space size: 1073741824 Address: 0x0000000100000000

Heap:
 garbage-first heap   total 157696K, used 66910K [0x0000000081c00000, 0x0000000100000000)
  region size 1024K, 52 young (53248K), 9 survivors (9216K)
 Metaspace       used 25557K, capacity 26105K, committed 26416K, reserved 1073152K
  class space    used 2675K, capacity 2873K, committed 2944K, reserved 1048576K
Heap Regions: E=young(eden), S=young(survivor), O=old, HS=humongous(starts), HC=humongous(continues), CS=collection set, F=free, A=archive, TAMS=top-at-mark-start (previous, next)
|   0|0x0000000081c00000, 0x0000000081d00000, 0x0000000081d00000|100%| O|  |TAMS 0x0000000081d00000, 0x0000000081c00000| Untracked 
|   1|0x0000000081d00000, 0x0000000081e00000, 0x0000000081e00000|100%| O|  |TAMS 0x0000000081e00000, 0x0000000081d00000| Untracked 
|   2|0x0000000081e00000, 0x0000000081f00000, 0x0000000081f00000|100%| O|  |TAMS 0x0000000081f00000, 0x0000000081e00000| Untracked 
|   3|0x0000000081f00000, 0x0000000082000000, 0x0000000082000000|100%| O|  |TAMS 0x0000000081f75800, 0x0000000081f00000| Untracked 
|   4|0x0000000082000000, 0x0000000082100000, 0x0000000082100000|100%| O|  |TAMS 0x0000000082000000, 0x0000000082000000| Untracked 
|   5|0x0000000082100000, 0x0000000082200000, 0x0000000082200000|100%| O|  |TAMS 0x0000000082100000, 0x0000000082100000| Untracked 
|   6|0x0000000082200000, 0x0000000082300000, 0x0000000082300000|100%| O|  |TAMS 0x0000000082200000, 0x0000000082200000| Untracked 
|   7|0x0000000082300000, 0x0000000082400000, 0x0000000082400000|100%| O|  |TAMS 0x0000000082300000, 0x0000000082300000| Untracked 
|   8|0x0000000082400000, 0x0000000082500000, 0x0000000082500000|100%| O|  |TAMS 0x0000000082400000, 0x0000000082400000| Untracked 
|   9|0x0000000082500000, 0x0000000082600000, 0x0000000082600000|100%| O|  |TAMS 0x0000000082500000, 0x0000000082500000| Untracked 
|  10|0x0000000082600000, 0x0000000082700000, 0x0000000082700000|100%| O|  |TAMS 0x0000000082600000, 0x0000000082600000| Untracked 
|  11|0x0000000082700000, 0x0000000082800000, 0x0000000082800000|100%| O|  |TAMS 0x0000000082700000, 0x0000000082700000| Untracked 
|  12|0x0000000082800000, 0x0000000082900000, 0x0000000082900000|100%| O|  |TAMS 0x0000000082800000, 0x0000000082800000| Untracked 
|  13|0x0000000082900000, 0x0000000082a00000, 0x0000000082a00000|100%| O|  |TAMS 0x0000000082900000, 0x0000000082900000| Untracked 
|  14|0x0000000082a00000, 0x0000000082a57a00, 0x0000000082b00000| 34%| O|  |TAMS 0x0000000082a00000, 0x0000000082a00000| Untracked 
|  15|0x0000000082b00000, 0x0000000082b00000, 0x0000000082c00000|  0%| F|  |TAMS 0x0000000082b00000, 0x0000000082b00000| Untracked 
|  16|0x0000000082c00000, 0x0000000082c00000, 0x0000000082d00000|  0%| F|  |TAMS 0x0000000082c00000, 0x0000000082c00000| Untracked 
|  17|0x0000000082d00000, 0x0000000082d00000, 0x0000000082e00000|  0%| F|  |TAMS 0x0000000082d00000, 0x0000000082d00000| Untracked 
|  18|0x0000000082e00000, 0x0000000082e00000, 0x0000000082f00000|  0%| F|  |TAMS 0x0000000082e00000, 0x0000000082e00000| Untracked 
|  19|0x0000000082f00000, 0x0000000082f00000, 0x0000000083000000|  0%| F|  |TAMS 0x0000000082f00000, 0x0000000082f00000| Untracked 
|  20|0x0000000083000000, 0x0000000083000000, 0x0000000083100000|  0%| F|  |TAMS 0x0000000083000000, 0x0000000083000000| Untracked 
|  21|0x0000000083100000, 0x0000000083100000, 0x0000000083200000|  0%| F|  |TAMS 0x0000000083100000, 0x0000000083100000| Untracked 
|  22|0x0000000083200000, 0x0000000083200000, 0x0000000083300000|  0%| F|  |TAMS 0x0000000083200000, 0x0000000083200000| Untracked 
|  23|0x0000000083300000, 0x0000000083300000, 0x0000000083400000|  0%| F|  |TAMS 0x0000000083300000, 0x0000000083300000| Untracked 
|  24|0x0000000083400000, 0x0000000083400000, 0x0000000083500000|  0%| F|  |TAMS 0x0000000083400000, 0x0000000083400000| Untracked 
|  25|0x0000000083500000, 0x0000000083500000, 0x0000000083600000|  0%| F|  |TAMS 0x0000000083500000, 0x0000000083500000| Untracked 
|  26|0x0000000083600000, 0x0000000083600000, 0x0000000083700000|  0%| F|  |TAMS 0x0000000083600000, 0x0000000083600000| Untracked 
|  27|0x0000000083700000, 0x0000000083700000, 0x0000000083800000|  0%| F|  |TAMS 0x0000000083700000, 0x0000000083700000| Untracked 
|  28|0x0000000083800000, 0x0000000083800000, 0x0000000083900000|  0%| F|  |TAMS 0x0000000083800000, 0x0000000083800000| Untracked 
|  29|0x0000000083900000, 0x0000000083900000, 0x0000000083a00000|  0%| F|  |TAMS 0x0000000083900000, 0x0000000083900000| Untracked 
|  30|0x0000000083a00000, 0x0000000083a00000, 0x0000000083b00000|  0%| F|  |TAMS 0x0000000083a00000, 0x0000000083a00000| Untracked 
|  31|0x0000000083b00000, 0x0000000083b00000, 0x0000000083c00000|  0%| F|  |TAMS 0x0000000083b00000, 0x0000000083b00000| Untracked 
|  32|0x0000000083c00000, 0x0000000083c00000, 0x0000000083d00000|  0%| F|  |TAMS 0x0000000083c00000, 0x0000000083c00000| Untracked 
|  33|0x0000000083d00000, 0x0000000083d00000, 0x0000000083e00000|  0%| F|  |TAMS 0x0000000083d00000, 0x0000000083d00000| Untracked 
|  34|0x0000000083e00000, 0x0000000083e00000, 0x0000000083f00000|  0%| F|  |TAMS 0x0000000083e00000, 0x0000000083e00000| Untracked 
|  35|0x0000000083f00000, 0x0000000083f00000, 0x0000000084000000|  0%| F|  |TAMS 0x0000000083f00000, 0x0000000083f00000| Untracked 
|  36|0x0000000084000000, 0x0000000084000000, 0x0000000084100000|  0%| F|  |TAMS 0x0000000084000000, 0x0000000084000000| Untracked 
|  37|0x0000000084100000, 0x0000000084100000, 0x0000000084200000|  0%| F|  |TAMS 0x0000000084100000, 0x0000000084100000| Untracked 
|  38|0x0000000084200000, 0x0000000084200000, 0x0000000084300000|  0%| F|  |TAMS 0x0000000084200000, 0x0000000084200000| Untracked 
|  39|0x0000000084300000, 0x0000000084300000, 0x0000000084400000|  0%| F|  |TAMS 0x0000000084300000, 0x0000000084300000| Untracked 
|  40|0x0000000084400000, 0x0000000084400000, 0x0000000084500000|  0%| F|  |TAMS 0x0000000084400000, 0x0000000084400000| Untracked 
|  41|0x0000000084500000, 0x0000000084500000, 0x0000000084600000|  0%| F|  |TAMS 0x0000000084500000, 0x0000000084500000| Untracked 
|  42|0x0000000084600000, 0x0000000084600000, 0x0000000084700000|  0%| F|  |TAMS 0x0000000084600000, 0x0000000084600000| Untracked 
|  43|0x0000000084700000, 0x0000000084700000, 0x0000000084800000|  0%| F|  |TAMS 0x0000000084700000, 0x0000000084700000| Untracked 
|  44|0x0000000084800000, 0x0000000084800000, 0x0000000084900000|  0%| F|  |TAMS 0x0000000084800000, 0x0000000084800000| Untracked 
|  45|0x0000000084900000, 0x0000000084900000, 0x0000000084a00000|  0%| F|  |TAMS 0x0000000084900000, 0x0000000084900000| Untracked 
|  46|0x0000000084a00000, 0x0000000084b00000, 0x0000000084b00000|100%| S|CS|TAMS 0x0000000084a00000, 0x0000000084a00000| Complete 
|  47|0x0000000084b00000, 0x0000000084c00000, 0x0000000084c00000|100%| S|CS|TAMS 0x0000000084b00000, 0x0000000084b00000| Complete 
|  48|0x0000000084c00000, 0x0000000084d00000, 0x0000000084d00000|100%| S|CS|TAMS 0x0000000084c00000, 0x0000000084c00000| Complete 
|  49|0x0000000084d00000, 0x0000000084e00000, 0x0000000084e00000|100%| S|CS|TAMS 0x0000000084d00000, 0x0000000084d00000| Complete 
|  50|0x0000000084e00000, 0x0000000084f00000, 0x0000000084f00000|100%| S|CS|TAMS 0x0000000084e00000, 0x0000000084e00000| Complete 
|  51|0x0000000084f00000, 0x0000000085000000, 0x0000000085000000|100%| S|CS|TAMS 0x0000000084f00000, 0x0000000084f00000| Complete 
|  52|0x0000000085000000, 0x0000000085100000, 0x0000000085100000|100%| S|CS|TAMS 0x0000000085000000, 0x0000000085000000| Complete 
|  53|0x0000000085100000, 0x0000000085200000, 0x0000000085200000|100%| S|CS|TAMS 0x0000000085100000, 0x0000000085100000| Complete 
|  54|0x0000000085200000, 0x0000000085300000, 0x0000000085300000|100%| S|CS|TAMS 0x0000000085200000, 0x0000000085200000| Complete 
|  55|0x0000000085300000, 0x0000000085300000, 0x0000000085400000|  0%| F|  |TAMS 0x0000000085300000, 0x0000000085300000| Untracked 
|  56|0x0000000085400000, 0x0000000085400000, 0x0000000085500000|  0%| F|  |TAMS 0x0000000085400000, 0x0000000085400000| Untracked 
|  57|0x0000000085500000, 0x0000000085500000, 0x0000000085600000|  0%| F|  |TAMS 0x0000000085500000, 0x0000000085500000| Untracked 
|  58|0x0000000085600000, 0x0000000085600000, 0x0000000085700000|  0%| F|  |TAMS 0x0000000085600000, 0x0000000085600000| Untracked 
|  59|0x0000000085700000, 0x0000000085700000, 0x0000000085800000|  0%| F|  |TAMS 0x0000000085700000, 0x0000000085700000| Untracked 
|  60|0x0000000085800000, 0x0000000085800000, 0x0000000085900000|  0%| F|  |TAMS 0x0000000085800000, 0x0000000085800000| Untracked 
|  61|0x0000000085900000, 0x0000000085900000, 0x0000000085a00000|  0%| F|  |TAMS 0x0000000085900000, 0x0000000085900000| Untracked 
|  62|0x0000000085a00000, 0x0000000085a00000, 0x0000000085b00000|  0%| F|  |TAMS 0x0000000085a00000, 0x0000000085a00000| Untracked 
|  63|0x0000000085b00000, 0x0000000085b00000, 0x0000000085c00000|  0%| F|  |TAMS 0x0000000085b00000, 0x0000000085b00000| Untracked 
|  64|0x0000000085c00000, 0x0000000085c00000, 0x0000000085d00000|  0%| F|  |TAMS 0x0000000085c00000, 0x0000000085c00000| Untracked 
|  65|0x0000000085d00000, 0x0000000085d00000, 0x0000000085e00000|  0%| F|  |TAMS 0x0000000085d00000, 0x0000000085d00000| Untracked 
|  66|0x0000000085e00000, 0x0000000085e00000, 0x0000000085f00000|  0%| F|  |TAMS 0x0000000085e00000, 0x0000000085e00000| Untracked 
|  67|0x0000000085f00000, 0x0000000085f00000, 0x0000000086000000|  0%| F|  |TAMS 0x0000000085f00000, 0x0000000085f00000| Untracked 
|  68|0x0000000086000000, 0x0000000086000000, 0x0000000086100000|  0%| F|  |TAMS 0x0000000086000000, 0x0000000086000000| Untracked 
|  69|0x0000000086100000, 0x0000000086100000, 0x0000000086200000|  0%| F|  |TAMS 0x0000000086100000, 0x0000000086100000| Untracked 
|  70|0x0000000086200000, 0x0000000086200000, 0x0000000086300000|  0%| F|  |TAMS 0x0000000086200000, 0x0000000086200000| Untracked 
|  71|0x0000000086300000, 0x0000000086300000, 0x0000000086400000|  0%| F|  |TAMS 0x0000000086300000, 0x0000000086300000| Untracked 
|  72|0x0000000086400000, 0x0000000086400000, 0x0000000086500000|  0%| F|  |TAMS 0x0000000086400000, 0x0000000086400000| Untracked 
|  73|0x0000000086500000, 0x0000000086500000, 0x0000000086600000|  0%| F|  |TAMS 0x0000000086500000, 0x0000000086500000| Untracked 
|  74|0x0000000086600000, 0x0000000086600000, 0x0000000086700000|  0%| F|  |TAMS 0x0000000086600000, 0x0000000086600000| Untracked 
|  75|0x0000000086700000, 0x0000000086700000, 0x0000000086800000|  0%| F|  |TAMS 0x0000000086700000, 0x0000000086700000| Untracked 
|  76|0x0000000086800000, 0x0000000086800000, 0x0000000086900000|  0%| F|  |TAMS 0x0000000086800000, 0x0000000086800000| Untracked 
|  77|0x0000000086900000, 0x0000000086900000, 0x0000000086a00000|  0%| F|  |TAMS 0x0000000086900000, 0x0000000086900000| Untracked 
|  78|0x0000000086a00000, 0x0000000086a00000, 0x0000000086b00000|  0%| F|  |TAMS 0x0000000086a00000, 0x0000000086a00000| Untracked 
|  79|0x0000000086b00000, 0x0000000086b00000, 0x0000000086c00000|  0%| F|  |TAMS 0x0000000086b00000, 0x0000000086b00000| Untracked 
|  80|0x0000000086c00000, 0x0000000086c00000, 0x0000000086d00000|  0%| F|  |TAMS 0x0000000086c00000, 0x0000000086c00000| Untracked 
|  81|0x0000000086d00000, 0x0000000086d00000, 0x0000000086e00000|  0%| F|  |TAMS 0x0000000086d00000, 0x0000000086d00000| Untracked 
|  82|0x0000000086e00000, 0x0000000086e00000, 0x0000000086f00000|  0%| F|  |TAMS 0x0000000086e00000, 0x0000000086e00000| Untracked 
|  83|0x0000000086f00000, 0x0000000086f00000, 0x0000000087000000|  0%| F|  |TAMS 0x0000000086f00000, 0x0000000086f00000| Untracked 
|  84|0x0000000087000000, 0x0000000087000000, 0x0000000087100000|  0%| F|  |TAMS 0x0000000087000000, 0x0000000087000000| Untracked 
|  85|0x0000000087100000, 0x0000000087100000, 0x0000000087200000|  0%| F|  |TAMS 0x0000000087100000, 0x0000000087100000| Untracked 
|  86|0x0000000087200000, 0x0000000087200000, 0x0000000087300000|  0%| F|  |TAMS 0x0000000087200000, 0x0000000087200000| Untracked 
|  87|0x0000000087300000, 0x0000000087300000, 0x0000000087400000|  0%| F|  |TAMS 0x0000000087300000, 0x0000000087300000| Untracked 
|  88|0x0000000087400000, 0x0000000087400000, 0x0000000087500000|  0%| F|  |TAMS 0x0000000087400000, 0x0000000087400000| Untracked 
|  89|0x0000000087500000, 0x0000000087500000, 0x0000000087600000|  0%| F|  |TAMS 0x0000000087500000, 0x0000000087500000| Untracked 
|  90|0x0000000087600000, 0x0000000087600000, 0x0000000087700000|  0%| F|  |TAMS 0x0000000087600000, 0x0000000087600000| Untracked 
|  91|0x0000000087700000, 0x0000000087700000, 0x0000000087800000|  0%| F|  |TAMS 0x0000000087700000, 0x0000000087700000| Untracked 
|  92|0x0000000087800000, 0x0000000087800000, 0x0000000087900000|  0%| F|  |TAMS 0x0000000087800000, 0x0000000087800000| Untracked 
|  93|0x0000000087900000, 0x0000000087900000, 0x0000000087a00000|  0%| F|  |TAMS 0x0000000087900000, 0x0000000087900000| Untracked 
|  94|0x0000000087a00000, 0x0000000087a00000, 0x0000000087b00000|  0%| F|  |TAMS 0x0000000087a00000, 0x0000000087a00000| Untracked 
|  95|0x0000000087b00000, 0x0000000087b00000, 0x0000000087c00000|  0%| F|  |TAMS 0x0000000087b00000, 0x0000000087b00000| Untracked 
|  96|0x0000000087c00000, 0x0000000087c00000, 0x0000000087d00000|  0%| F|  |TAMS 0x0000000087c00000, 0x0000000087c00000| Untracked 
|  97|0x0000000087d00000, 0x0000000087d00000, 0x0000000087e00000|  0%| F|  |TAMS 0x0000000087d00000, 0x0000000087d00000| Untracked 
|  98|0x0000000087e00000, 0x0000000087e00000, 0x0000000087f00000|  0%| F|  |TAMS 0x0000000087e00000, 0x0000000087e00000| Untracked 
|  99|0x0000000087f00000, 0x0000000087f00000, 0x0000000088000000|  0%| F|  |TAMS 0x0000000087f00000, 0x0000000087f00000| Untracked 
| 100|0x0000000088000000, 0x0000000088000000, 0x0000000088100000|  0%| F|  |TAMS 0x0000000088000000, 0x0000000088000000| Untracked 
| 101|0x0000000088100000, 0x0000000088100000, 0x0000000088200000|  0%| F|  |TAMS 0x0000000088100000, 0x0000000088100000| Untracked 
| 102|0x0000000088200000, 0x0000000088200000, 0x0000000088300000|  0%| F|  |TAMS 0x0000000088200000, 0x0000000088200000| Untracked 
| 103|0x0000000088300000, 0x0000000088300000, 0x0000000088400000|  0%| F|  |TAMS 0x0000000088300000, 0x0000000088300000| Untracked 
| 104|0x0000000088400000, 0x0000000088400000, 0x0000000088500000|  0%| F|  |TAMS 0x0000000088400000, 0x0000000088400000| Untracked 
| 105|0x0000000088500000, 0x0000000088500000, 0x0000000088600000|  0%| F|  |TAMS 0x0000000088500000, 0x0000000088500000| Untracked 
| 106|0x0000000088600000, 0x0000000088600000, 0x0000000088700000|  0%| F|  |TAMS 0x0000000088600000, 0x0000000088600000| Untracked 
| 107|0x0000000088700000, 0x0000000088700000, 0x0000000088800000|  0%| F|  |TAMS 0x0000000088700000, 0x0000000088700000| Untracked 
| 108|0x0000000088800000, 0x0000000088800000, 0x0000000088900000|  0%| F|  |TAMS 0x0000000088800000, 0x0000000088800000| Untracked 
| 109|0x0000000088900000, 0x0000000088900000, 0x0000000088a00000|  0%| F|  |TAMS 0x0000000088900000, 0x0000000088900000| Untracked 
| 110|0x0000000088a00000, 0x0000000088a00000, 0x0000000088b00000|  0%| F|  |TAMS 0x0000000088a00000, 0x0000000088a00000| Untracked 
| 111|0x0000000088b00000, 0x0000000088b85040, 0x0000000088c00000| 51%| E|  |TAMS 0x0000000088b00000, 0x0000000088b00000| Complete 
| 112|0x0000000088c00000, 0x0000000088d00000, 0x0000000088d00000|100%| E|CS|TAMS 0x0000000088c00000, 0x0000000088c00000| Complete 
| 113|0x0000000088d00000, 0x0000000088e00000, 0x0000000088e00000|100%| E|CS|TAMS 0x0000000088d00000, 0x0000000088d00000| Complete 
| 114|0x0000000088e00000, 0x0000000088f00000, 0x0000000088f00000|100%| E|CS|TAMS 0x0000000088e00000, 0x0000000088e00000| Complete 
| 115|0x0000000088f00000, 0x0000000089000000, 0x0000000089000000|100%| E|CS|TAMS 0x0000000088f00000, 0x0000000088f00000| Complete 
| 116|0x0000000089000000, 0x0000000089100000, 0x0000000089100000|100%| E|CS|TAMS 0x0000000089000000, 0x0000000089000000| Complete 
| 117|0x0000000089100000, 0x0000000089200000, 0x0000000089200000|100%| E|CS|TAMS 0x0000000089100000, 0x0000000089100000| Complete 
| 118|0x0000000089200000, 0x0000000089300000, 0x0000000089300000|100%| E|CS|TAMS 0x0000000089200000, 0x0000000089200000| Complete 
| 119|0x0000000089300000, 0x0000000089400000, 0x0000000089400000|100%| E|CS|TAMS 0x0000000089300000, 0x0000000089300000| Complete 
| 120|0x0000000089400000, 0x0000000089500000, 0x0000000089500000|100%| E|CS|TAMS 0x0000000089400000, 0x0000000089400000| Complete 
| 121|0x0000000089500000, 0x0000000089600000, 0x0000000089600000|100%| E|CS|TAMS 0x0000000089500000, 0x0000000089500000| Complete 
| 122|0x0000000089600000, 0x0000000089700000, 0x0000000089700000|100%| E|CS|TAMS 0x0000000089600000, 0x0000000089600000| Complete 
| 123|0x0000000089700000, 0x0000000089800000, 0x0000000089800000|100%| E|CS|TAMS 0x0000000089700000, 0x0000000089700000| Complete 
| 124|0x0000000089800000, 0x0000000089900000, 0x0000000089900000|100%| E|CS|TAMS 0x0000000089800000, 0x0000000089800000| Complete 
| 125|0x0000000089900000, 0x0000000089a00000, 0x0000000089a00000|100%| E|CS|TAMS 0x0000000089900000, 0x0000000089900000| Complete 
| 126|0x0000000089a00000, 0x0000000089b00000, 0x0000000089b00000|100%| E|CS|TAMS 0x0000000089a00000, 0x0000000089a00000| Complete 
| 127|0x0000000089b00000, 0x0000000089c00000, 0x0000000089c00000|100%| E|CS|TAMS 0x0000000089b00000, 0x0000000089b00000| Complete 
| 128|0x0000000089c00000, 0x0000000089d00000, 0x0000000089d00000|100%| E|CS|TAMS 0x0000000089c00000, 0x0000000089c00000| Complete 
| 129|0x0000000089d00000, 0x0000000089e00000, 0x0000000089e00000|100%| E|CS|TAMS 0x0000000089d00000, 0x0000000089d00000| Complete 
| 130|0x0000000089e00000, 0x0000000089f00000, 0x0000000089f00000|100%| E|CS|TAMS 0x0000000089e00000, 0x0000000089e00000| Complete 
| 131|0x0000000089f00000, 0x000000008a000000, 0x000000008a000000|100%| E|CS|TAMS 0x0000000089f00000, 0x0000000089f00000| Complete 
| 132|0x000000008a000000, 0x000000008a100000, 0x000000008a100000|100%| E|CS|TAMS 0x000000008a000000, 0x000000008a000000| Complete 
| 133|0x000000008a100000, 0x000000008a200000, 0x000000008a200000|100%| E|CS|TAMS 0x000000008a100000, 0x000000008a100000| Complete 
| 134|0x000000008a200000, 0x000000008a300000, 0x000000008a300000|100%| E|CS|TAMS 0x000000008a200000, 0x000000008a200000| Complete 
| 135|0x000000008a300000, 0x000000008a400000, 0x000000008a400000|100%| E|CS|TAMS 0x000000008a300000, 0x000000008a300000| Complete 
| 136|0x000000008a400000, 0x000000008a500000, 0x000000008a500000|100%| E|CS|TAMS 0x000000008a400000, 0x000000008a400000| Complete 
| 137|0x000000008a500000, 0x000000008a600000, 0x000000008a600000|100%| E|CS|TAMS 0x000000008a500000, 0x000000008a500000| Complete 
| 138|0x000000008a600000, 0x000000008a700000, 0x000000008a700000|100%| E|CS|TAMS 0x000000008a600000, 0x000000008a600000| Complete 
| 139|0x000000008a700000, 0x000000008a800000, 0x000000008a800000|100%| E|CS|TAMS 0x000000008a700000, 0x000000008a700000| Complete 
| 140|0x000000008a800000, 0x000000008a900000, 0x000000008a900000|100%| E|CS|TAMS 0x000000008a800000, 0x000000008a800000| Complete 
| 141|0x000000008a900000, 0x000000008aa00000, 0x000000008aa00000|100%| E|CS|TAMS 0x000000008a900000, 0x000000008a900000| Complete 
| 142|0x000000008aa00000, 0x000000008ab00000, 0x000000008ab00000|100%| E|CS|TAMS 0x000000008aa00000, 0x000000008aa00000| Complete 
| 143|0x000000008ab00000, 0x000000008ac00000, 0x000000008ac00000|100%| E|CS|TAMS 0x000000008ab00000, 0x000000008ab00000| Complete 
| 144|0x000000008ac00000, 0x000000008ad00000, 0x000000008ad00000|100%| E|CS|TAMS 0x000000008ac00000, 0x000000008ac00000| Complete 
| 145|0x000000008ad00000, 0x000000008ae00000, 0x000000008ae00000|100%| E|CS|TAMS 0x000000008ad00000, 0x000000008ad00000| Complete 
| 146|0x000000008ae00000, 0x000000008af00000, 0x000000008af00000|100%| E|CS|TAMS 0x000000008ae00000, 0x000000008ae00000| Complete 
| 147|0x000000008af00000, 0x000000008b000000, 0x000000008b000000|100%| E|CS|TAMS 0x000000008af00000, 0x000000008af00000| Complete 
| 148|0x000000008b000000, 0x000000008b100000, 0x000000008b100000|100%| E|CS|TAMS 0x000000008b000000, 0x000000008b000000| Complete 
| 149|0x000000008b100000, 0x000000008b200000, 0x000000008b200000|100%| E|CS|TAMS 0x000000008b100000, 0x000000008b100000| Complete 
| 150|0x000000008b200000, 0x000000008b300000, 0x000000008b300000|100%| E|CS|TAMS 0x000000008b200000, 0x000000008b200000| Complete 
| 151|0x000000008b300000, 0x000000008b400000, 0x000000008b400000|100%| E|CS|TAMS 0x000000008b300000, 0x000000008b300000| Complete 
| 152|0x000000008b400000, 0x000000008b500000, 0x000000008b500000|100%| E|CS|TAMS 0x000000008b400000, 0x000000008b400000| Complete 
| 153|0x000000008b500000, 0x000000008b600000, 0x000000008b600000|100%| E|CS|TAMS 0x000000008b500000, 0x000000008b500000| Complete 

Card table byte_map: [0x0000026fa9690000,0x0000026fa9a90000] _byte_map_base: 0x0000026fa9282000

Marking Bits (Prev, Next): (CMBitMap*) 0x0000026f90115ce0, (CMBitMap*) 0x0000026f90115ca8
 Prev Bits: [0x0000026fabe20000, 0x0000026faddb0000)
 Next Bits: [0x0000026fa9e90000, 0x0000026fabe20000)

Polling page: 0x0000026f901b0000

Metaspace:

Usage:
  Non-class:     22.69 MB capacity,    22.35 MB ( 98%) used,   315.73 KB (  1%) free+waste,    33.75 KB ( <1%) overhead. 
      Class:      2.81 MB capacity,     2.61 MB ( 93%) used,   183.45 KB (  6%) free+waste,    14.00 KB ( <1%) overhead. 
       Both:     25.49 MB capacity,    24.96 MB ( 98%) used,   499.17 KB (  2%) free+waste,    47.75 KB ( <1%) overhead. 

Virtual space:
  Non-class space:       24.00 MB reserved,      22.92 MB ( 96%) committed 
      Class space:        1.00 GB reserved,       2.88 MB ( <1%) committed 
             Both:        1.02 GB reserved,      25.80 MB (  2%) committed 

Chunk freelists:
   Non-Class:  6.00 KB
       Class:  896 bytes
        Both:  6.88 KB

CodeHeap 'non-profiled nmethods': size=120064Kb used=3173Kb max_used=3173Kb free=116890Kb
 bounds [0x0000026fa1730000, 0x0000026fa1a50000, 0x0000026fa8c70000]
CodeHeap 'profiled nmethods': size=120000Kb used=11125Kb max_used=11125Kb free=108874Kb
 bounds [0x0000026f9a200000, 0x0000026f9ace0000, 0x0000026fa1730000]
CodeHeap 'non-nmethods': size=5696Kb used=1122Kb max_used=1166Kb free=4573Kb
 bounds [0x0000026f99c70000, 0x0000026f99ee0000, 0x0000026f9a200000]
 total_blobs=6378 nmethods=4614 adapters=353
 compilation: enabled
              stopped_count=0, restarted_count=0
 full_count=0

Compilation events (10 events):
Event: 15.720 Thread 0x0000026fb0421000 4626       3       java.lang.invoke.MethodTypeForm::unpack (30 bytes)
Event: 15.720 Thread 0x0000026fb0421000 nmethod 4626 0x0000026f9acd7290 code [0x0000026f9acd7440, 0x0000026f9acd75b8]
Event: 15.736 Thread 0x0000026fb0421000 4628       3       java.lang.invoke.MemberName::getInvocationType (56 bytes)
Event: 15.737 Thread 0x0000026fb0421000 nmethod 4628 0x0000026f9acd7690 code [0x0000026f9acd78c0, 0x0000026f9acd81f0]
Event: 15.737 Thread 0x0000026fb0421000 4629       3       sun.invoke.util.VerifyAccess::isClassAccessible (182 bytes)
Event: 15.739 Thread 0x0000026fb0421000 nmethod 4629 0x0000026f9acd8490 code [0x0000026f9acd8840, 0x0000026f9acd9e60]
Event: 15.739 Thread 0x0000026fb0421000 4632       3       jdk.internal.org.objectweb.asm.ByteVector::putByteArray (49 bytes)
Event: 15.740 Thread 0x0000026fb0421000 nmethod 4632 0x0000026f9acda510 code [0x0000026f9acda6e0, 0x0000026f9acdaa00]
Event: 15.740 Thread 0x0000026fb0421000 4630       3       sun.invoke.util.VerifyAccess::getClassModifiers (24 bytes)
Event: 15.740 Thread 0x0000026fb0421000 nmethod 4630 0x0000026f9acdab10 code [0x0000026f9acdad00, 0x0000026f9acdaf90]

GC Heap History (10 events):
Event: 2.163 GC heap before
{Heap before GC invocations=2 (full 0):
 garbage-first heap   total 131072K, used 27459K [0x0000000081c00000, 0x0000000100000000)
  region size 1024K, 24 young (24576K), 1 survivors (1024K)
 Metaspace       used 15657K, capacity 15918K, committed 16128K, reserved 1062912K
  class space    used 1620K, capacity 1727K, committed 1792K, reserved 1048576K
}
Event: 2.165 GC heap after
{Heap after GC invocations=3 (full 0):
 garbage-first heap   total 131072K, used 4656K [0x0000000081c00000, 0x0000000100000000)
  region size 1024K, 2 young (2048K), 2 survivors (2048K)
 Metaspace       used 15657K, capacity 15918K, committed 16128K, reserved 1062912K
  class space    used 1620K, capacity 1727K, committed 1792K, reserved 1048576K
}
Event: 3.767 GC heap before
{Heap before GC invocations=3 (full 0):
 garbage-first heap   total 131072K, used 41520K [0x0000000081c00000, 0x0000000100000000)
  region size 1024K, 39 young (39936K), 2 survivors (2048K)
 Metaspace       used 20816K, capacity 21119K, committed 21296K, reserved 1069056K
  class space    used 2237K, capacity 2360K, committed 2432K, reserved 1048576K
}
Event: 3.785 GC heap after
{Heap after GC invocations=4 (full 0):
 garbage-first heap   total 131072K, used 7992K [0x0000000081c00000, 0x0000000100000000)
  region size 1024K, 5 young (5120K), 5 survivors (5120K)
 Metaspace       used 20816K, capacity 21119K, committed 21296K, reserved 1069056K
  class space    used 2237K, capacity 2360K, committed 2432K, reserved 1048576K
}
Event: 6.417 GC heap before
{Heap before GC invocations=5 (full 0):
 garbage-first heap   total 131072K, used 80696K [0x0000000081c00000, 0x0000000100000000)
  region size 1024K, 76 young (77824K), 5 survivors (5120K)
 Metaspace       used 21661K, capacity 21951K, committed 22064K, reserved 1069056K
  class space    used 2281K, capacity 2400K, committed 2432K, reserved 1048576K
}
Event: 6.437 GC heap after
{Heap after GC invocations=6 (full 0):
 garbage-first heap   total 131072K, used 15188K [0x0000000081c00000, 0x0000000100000000)
  region size 1024K, 10 young (10240K), 10 survivors (10240K)
 Metaspace       used 21661K, capacity 21951K, committed 22064K, reserved 1069056K
  class space    used 2281K, capacity 2400K, committed 2432K, reserved 1048576K
}
Event: 9.189 GC heap before
{Heap before GC invocations=6 (full 0):
 garbage-first heap   total 131072K, used 82772K [0x0000000081c00000, 0x0000000100000000)
  region size 1024K, 76 young (77824K), 10 survivors (10240K)
 Metaspace       used 22193K, capacity 22540K, committed 22832K, reserved 1069056K
  class space    used 2299K, capacity 2404K, committed 2432K, reserved 1048576K
}
Event: 9.210 GC heap after
{Heap after GC invocations=7 (full 0):
 garbage-first heap   total 131072K, used 20318K [0x0000000081c00000, 0x0000000100000000)
  region size 1024K, 6 young (6144K), 6 survivors (6144K)
 Metaspace       used 22193K, capacity 22540K, committed 22832K, reserved 1069056K
  class space    used 2299K, capacity 2404K, committed 2432K, reserved 1048576K
}
Event: 13.289 GC heap before
{Heap before GC invocations=7 (full 0):
 garbage-first heap   total 131072K, used 88926K [0x0000000081c00000, 0x0000000100000000)
  region size 1024K, 73 young (74752K), 6 survivors (6144K)
 Metaspace       used 23931K, capacity 24439K, committed 24624K, reserved 1071104K
  class space    used 2439K, capacity 2614K, committed 2688K, reserved 1048576K
}
Event: 13.300 GC heap after
{Heap after GC invocations=8 (full 0):
 garbage-first heap   total 157696K, used 23902K [0x0000000081c00000, 0x0000000100000000)
  region size 1024K, 9 young (9216K), 9 survivors (9216K)
 Metaspace       used 23931K, capacity 24439K, committed 24624K, reserved 1071104K
  class space    used 2439K, capacity 2614K, committed 2688K, reserved 1048576K
}

Deoptimization events (10 events):
Event: 14.662 Thread 0x0000026f900d8000 Uncommon trap: reason=class_check action=maybe_recompile pc=0x0000026fa199233c method=org.eclipse.sisu.wire.EntryListAdapter$ValueIterator.hasNext()Z @ 4 c2
Event: 15.126 Thread 0x0000026f900d8000 Uncommon trap: reason=unstable_if action=reinterpret pc=0x0000026fa17bc394 method=java.util.jar.Manifest$FastInputStream.readLine([BII)I @ 130 c2
Event: 15.637 Thread 0x0000026f900d8000 Uncommon trap: reason=unstable_if action=reinterpret pc=0x0000026fa17fd0e0 method=com.google.inject.internal.MoreTypes.canonicalize(Ljava/lang/reflect/Type;)Ljava/lang/reflect/Type; @ 16 c2
Event: 15.637 Thread 0x0000026f900d8000 Uncommon trap: reason=class_check action=maybe_recompile pc=0x0000026fa17f6538 method=com.google.inject.internal.MoreTypes.getRawType(Ljava/lang/reflect/Type;)Ljava/lang/Class; @ 13 c2
Event: 15.637 Thread 0x0000026f900d8000 Uncommon trap: reason=unstable_if action=reinterpret pc=0x0000026fa17fa434 method=com.google.inject.internal.MoreTypes.canonicalize(Ljava/lang/reflect/Type;)Ljava/lang/reflect/Type; @ 16 c2
Event: 15.637 Thread 0x0000026f900d8000 Uncommon trap: reason=class_check action=maybe_recompile pc=0x0000026fa17f6538 method=com.google.inject.internal.MoreTypes.getRawType(Ljava/lang/reflect/Type;)Ljava/lang/Class; @ 13 c2
Event: 15.642 Thread 0x0000026f900d8000 Uncommon trap: reason=class_check action=maybe_recompile pc=0x0000026fa17f6538 method=com.google.inject.internal.MoreTypes.getRawType(Ljava/lang/reflect/Type;)Ljava/lang/Class; @ 13 c2
Event: 15.643 Thread 0x0000026f900d8000 Uncommon trap: reason=class_check action=maybe_recompile pc=0x0000026fa17f6538 method=com.google.inject.internal.MoreTypes.getRawType(Ljava/lang/reflect/Type;)Ljava/lang/Class; @ 13 c2
Event: 15.684 Thread 0x0000026f900d8000 Uncommon trap: reason=class_check action=maybe_recompile pc=0x0000026fa18d1d84 method=java.util.Collections$UnmodifiableMap.size()I @ 4 c2
Event: 15.749 Thread 0x0000026f900d8000 Uncommon trap: reason=class_check action=maybe_recompile pc=0x0000026fa191efb4 method=java.util.Hashtable.get(Ljava/lang/Object;)Ljava/lang/Object; @ 6 c2

Classes redefined (0 events):
No events

Internal exceptions (10 events):
Event: 4.839 Thread 0x0000026f900d8000 Implicit null exception at 0x0000026fa1829a47 to 0x0000026fa1829b36
Event: 4.839 Thread 0x0000026f900d8000 Implicit null exception at 0x0000026fa17d7678 to 0x0000026fa17d770a
Event: 10.404 Thread 0x0000026f900d8000 Implicit null exception at 0x0000026fa198786d to 0x0000026fa1987da2
Event: 15.608 Thread 0x0000026f900d8000 Exception <a 'java/lang/NoClassDefFoundError'{0x0000000088d00038}: org/sonatype/aether/graph/Dependency> (0x0000000088d00038) thrown at [t:/workspace/open/src/hotspot/share/classfile/systemDictionary.cpp, line 220]
Event: 15.714 Thread 0x0000026f900d8000 Exception <a 'java/lang/NoSuchMethodError'{0x0000000088b28838}: java.lang.invoke.DirectMethodHandle$Holder.invokeStatic(Ljava/lang/Object;J)V> (0x0000000088b28838) thrown at [t:/workspace/open/src/hotspot/share/interpreter/linkResolver.cpp, line 772]
Event: 15.715 Thread 0x0000026f900d8000 Exception <a 'java/lang/NoSuchMethodError'{0x0000000088b2da80}: java.lang.invoke.DirectMethodHandle$Holder.invokeStatic(Ljava/lang/Object;J)Ljava/lang/Object;> (0x0000000088b2da80) thrown at [t:/workspace/open/src/hotspot/share/interpreter/linkResolver.cp
Event: 15.718 Thread 0x0000026f900d8000 Exception <a 'java/lang/NoSuchMethodError'{0x0000000088b3bed8}: java.lang.invoke.DirectMethodHandle$Holder.invokeStaticInit(Ljava/lang/Object;Ljava/lang/Object;JLjava/lang/Object;)Ljava/lang/Object;> (0x0000000088b3bed8) thrown at [t:/workspace/open/src/h
Event: 15.719 Thread 0x0000026f900d8000 Exception <a 'java/lang/NoSuchMethodError'{0x0000000088b41df8}: java.lang.invoke.DirectMethodHandle$Holder.invokeStatic(Ljava/lang/Object;Ljava/lang/Object;J)Ljava/lang/Object;> (0x0000000088b41df8) thrown at [t:/workspace/open/src/hotspot/share/interpret
Event: 15.720 Thread 0x0000026f900d8000 Exception <a 'java/lang/NoSuchMethodError'{0x0000000088b480c8}: java.lang.invoke.Invokers$Holder.linkToTargetMethod(Ljava/lang/Object;JLjava/lang/Object;)Ljava/lang/Object;> (0x0000000088b480c8) thrown at [t:/workspace/open/src/hotspot/share/interpreter/l
Event: 15.736 Thread 0x0000026f900d8000 Exception <a 'java/lang/NoSuchMethodError'{0x0000000088b4b6b0}: java.lang.invoke.DirectMethodHandle$Holder.invokeVirtual(Ljava/lang/Object;Ljava/lang/Object;)I> (0x0000000088b4b6b0) thrown at [t:/workspace/open/src/hotspot/share/interpreter/linkResolver.c

Events (10 events):
Event: 15.738 loading class sun/invoke/util/VerifyAccess$1 done
Event: 15.738 loading class sun/misc/SignalHandler
Event: 15.738 loading class sun/misc/SignalHandler done
Event: 15.739 loading class sun/misc/Signal$InternalMiscHandler
Event: 15.749 loading class sun/misc/Signal$InternalMiscHandler done
Event: 15.749 loading class sun/misc/Signal$SunMiscHandler
Event: 15.749 loading class sun/misc/Signal$SunMiscHandler done
Event: 15.749 Thread 0x0000026f900d8000 Uncommon trap: trap_request=0xffffffde fr.pc=0x0000026fa191efb4 relative=0x0000000000000474
Event: 15.749 Thread 0x0000026f900d8000 DEOPT PACKING pc=0x0000026fa191efb4 sp=0x000000caa32fdda0
Event: 15.749 Thread 0x0000026f900d8000 DEOPT UNPACKING pc=0x0000026f99c98f2f sp=0x000000caa32fdd50 mode 2


Dynamic libraries:
0x00007ff75ebc0000 - 0x00007ff75ec07000 	C:\Program Files\Java\jdk-11.0.6\bin\java.exe
0x00007fff37800000 - 0x00007fff379f0000 	C:\WINDOWS\SYSTEM32\ntdll.dll
0x00007fff36fd0000 - 0x00007fff37082000 	C:\WINDOWS\System32\KERNEL32.DLL
0x00007fff356e0000 - 0x00007fff35983000 	C:\WINDOWS\System32\KERNELBASE.dll
0x00007fff35bb0000 - 0x00007fff35c53000 	C:\WINDOWS\System32\ADVAPI32.dll
0x00007fff372a0000 - 0x00007fff3733e000 	C:\WINDOWS\System32\msvcrt.dll
0x00007fff359b0000 - 0x00007fff35a47000 	C:\WINDOWS\System32\sechost.dll
0x00007fff37180000 - 0x00007fff372a0000 	C:\WINDOWS\System32\RPCRT4.dll
0x00007fff36a50000 - 0x00007fff36be4000 	C:\WINDOWS\System32\USER32.dll
0x00007fff35280000 - 0x00007fff352a1000 	C:\WINDOWS\System32\win32u.dll
0x00007fff35ca0000 - 0x00007fff35cc6000 	C:\WINDOWS\System32\GDI32.dll
0x00007fff353b0000 - 0x00007fff35544000 	C:\WINDOWS\System32\gdi32full.dll
0x00007fff34ff0000 - 0x00007fff3508e000 	C:\WINDOWS\System32\msvcp_win.dll
0x00007fff352b0000 - 0x00007fff353aa000 	C:\WINDOWS\System32\ucrtbase.dll
0x00007fff24d50000 - 0x00007fff24fd5000 	C:\WINDOWS\WinSxS\amd64_microsoft.windows.common-controls_6595b64144ccf1df_6.0.18362.778_none_e6c6b761130d4fb8\COMCTL32.dll
0x00007fff37480000 - 0x00007fff377b6000 	C:\WINDOWS\System32\combase.dll
0x00007fff35090000 - 0x00007fff35110000 	C:\WINDOWS\System32\bcryptPrimitives.dll
0x00007fff29ca0000 - 0x00007fff29caa000 	C:\WINDOWS\SYSTEM32\VERSION.dll
0x00007fff35c60000 - 0x00007fff35c8e000 	C:\WINDOWS\System32\IMM32.DLL
0x00007fff30c30000 - 0x00007fff30c46000 	C:\Program Files\Java\jdk-11.0.6\bin\vcruntime140.dll
0x00007ffefc150000 - 0x00007ffefc1fa000 	C:\Program Files\Java\jdk-11.0.6\bin\msvcp140.dll
0x00007ffed2de0000 - 0x00007ffed3909000 	C:\Program Files\Java\jdk-11.0.6\bin\server\jvm.dll
0x00007fff36bf0000 - 0x00007fff36bf8000 	C:\WINDOWS\System32\PSAPI.DLL
0x00007fff1fb10000 - 0x00007fff1fb19000 	C:\WINDOWS\SYSTEM32\WSOCK32.dll
0x00007fff37110000 - 0x00007fff3717f000 	C:\WINDOWS\System32\WS2_32.dll
0x00007fff32320000 - 0x00007fff32344000 	C:\WINDOWS\SYSTEM32\WINMM.dll
0x00007fff322f0000 - 0x00007fff3231d000 	C:\WINDOWS\SYSTEM32\WINMMBASE.dll
0x00007fff35690000 - 0x00007fff356da000 	C:\WINDOWS\System32\cfgmgr32.dll
0x00007fff34800000 - 0x00007fff34811000 	C:\WINDOWS\System32\kernel.appcore.dll
0x00007fff16ef0000 - 0x00007fff16f01000 	C:\Program Files\Java\jdk-11.0.6\bin\verify.dll
0x00007fff33080000 - 0x00007fff33274000 	C:\WINDOWS\SYSTEM32\DBGHELP.DLL
0x00007fff1e7c0000 - 0x00007fff1e7ea000 	C:\WINDOWS\SYSTEM32\dbgcore.DLL
0x00007fff16ea0000 - 0x00007fff16ec9000 	C:\Program Files\Java\jdk-11.0.6\bin\java.dll
0x00007fff158c0000 - 0x00007fff158ef000 	C:\Program Files\Java\jdk-11.0.6\bin\instrument.dll
0x00007fff158a0000 - 0x00007fff158b6000 	C:\Program Files\Java\jdk-11.0.6\bin\zip.dll
0x00007fff16e90000 - 0x00007fff16e9a000 	C:\Program Files\Java\jdk-11.0.6\bin\jimage.dll
0x00007fff35ef0000 - 0x00007fff365d5000 	C:\WINDOWS\System32\SHELL32.dll
0x00007fff35a50000 - 0x00007fff35af9000 	C:\WINDOWS\System32\shcore.dll
0x00007fff34870000 - 0x00007fff34ff0000 	C:\WINDOWS\System32\windows.storage.dll
0x00007fff347b0000 - 0x00007fff347d3000 	C:\WINDOWS\System32\profapi.dll
0x00007fff34820000 - 0x00007fff3486a000 	C:\WINDOWS\System32\powrprof.dll
0x00007fff347a0000 - 0x00007fff347b0000 	C:\WINDOWS\System32\UMPDC.dll
0x00007fff36c60000 - 0x00007fff36cb2000 	C:\WINDOWS\System32\shlwapi.dll
0x00007fff35110000 - 0x00007fff35127000 	C:\WINDOWS\System32\cryptsp.dll
0x00007fff15750000 - 0x00007fff15769000 	C:\Program Files\Java\jdk-11.0.6\bin\net.dll
0x00007fff26290000 - 0x00007fff26380000 	C:\WINDOWS\SYSTEM32\WINHTTP.dll
0x00007fff34010000 - 0x00007fff34077000 	C:\WINDOWS\system32\mswsock.dll
0x00007fff15550000 - 0x00007fff15563000 	C:\Program Files\Java\jdk-11.0.6\bin\nio.dll
0x00007fff14c10000 - 0x00007fff14c2a000 	C:\Program Files\JetBrains\IntelliJ IDEA Community Edition 2019.3.4\bin\breakgen64.dll
0x00007fff33b80000 - 0x00007fff33bb3000 	C:\WINDOWS\system32\rsaenh.dll
0x00007fff35600000 - 0x00007fff35626000 	C:\WINDOWS\System32\bcrypt.dll
0x00007fff346c0000 - 0x00007fff346e5000 	C:\WINDOWS\SYSTEM32\USERENV.dll
0x00007fff341e0000 - 0x00007fff341ec000 	C:\WINDOWS\SYSTEM32\CRYPTBASE.dll
0x00007fff33d20000 - 0x00007fff33d5a000 	C:\WINDOWS\SYSTEM32\IPHLPAPI.DLL
0x00007fff35c90000 - 0x00007fff35c98000 	C:\WINDOWS\System32\NSI.dll
0x00007fff28b10000 - 0x00007fff28b26000 	C:\WINDOWS\SYSTEM32\dhcpcsvc6.DLL
0x00007fff28c50000 - 0x00007fff28c6c000 	C:\WINDOWS\SYSTEM32\dhcpcsvc.DLL
0x00007fff33d60000 - 0x00007fff33e2a000 	C:\WINDOWS\SYSTEM32\DNSAPI.dll
0x00007fff14bd0000 - 0x00007fff14bda000 	C:\Users\Dhanushguntha\AppData\Local\Temp\jansi-1.17.1-5299757529734488737.dll
0x00007fff14bc0000 - 0x00007fff14bca000 	C:\Users\Dhanushguntha\AppData\Local\Temp\jansi-1.17.1-685069048194812764.dll

dbghelp: loaded successfully - version: 4.0.5 - missing functions: none
symbol engine: initialized successfully - sym options: 0x614 - pdb path: .;C:\Program Files\Java\jdk-11.0.6\bin;C:\WINDOWS\SYSTEM32;C:\WINDOWS\WinSxS\amd64_microsoft.windows.common-controls_6595b64144ccf1df_6.0.18362.778_none_e6c6b761130d4fb8;C:\Program Files\Java\jdk-11.0.6\bin\server;C:\Program Files\JetBrains\IntelliJ IDEA Community Edition 2019.3.4\bin;C:\Users\Dhanushguntha\AppData\Local\Temp

VM Arguments:
jvm_args: -Dmaven.multiModuleProjectDirectory=C:\Users\Dhanushguntha\Desktop\webcontroller\webcontroller -Dmaven.home=C:\Program Files\JetBrains\IntelliJ IDEA Community Edition 2019.3.4\plugins\maven\lib\maven3 -Dclassworlds.conf=C:\Program Files\JetBrains\IntelliJ IDEA Community Edition 2019.3.4\plugins\maven\lib\maven3\bin\m2.conf -Dmaven.ext.class.path=C:\Program Files\JetBrains\IntelliJ IDEA Community Edition 2019.3.4\plugins\maven\lib\maven-event-listener.jar -javaagent:C:\Program Files\JetBrains\IntelliJ IDEA Community Edition 2019.3.4\lib\idea_rt.jar=61270:C:\Program Files\JetBrains\IntelliJ IDEA Community Edition 2019.3.4\bin -Dfile.encoding=UTF-8 
java_command: org.codehaus.classworlds.Launcher -Didea.version2019.3.4 spring-boot:run
java_class_path (initial): C:\Program Files\JetBrains\IntelliJ IDEA Community Edition 2019.3.4\plugins\maven\lib\maven3\boot\plexus-classworlds-2.6.0.jar
Launcher Type: SUN_STANDARD

[Global flags]
     intx CICompilerCount                          = 3                                         {product} {ergonomic}
     uint ConcGCThreads                            = 1                                         {product} {ergonomic}
     uint G1ConcRefinementThreads                  = 4                                         {product} {ergonomic}
   size_t G1HeapRegionSize                         = 1048576                                   {product} {ergonomic}
    uintx GCDrainStackTargetSize                   = 64                                        {product} {ergonomic}
   size_t InitialHeapSize                          = 134217728                                 {product} {ergonomic}
   size_t MarkStackSize                            = 4194304                                   {product} {ergonomic}
   size_t MaxHeapSize                              = 2118123520                                {product} {ergonomic}
   size_t MaxNewSize                               = 1270874112                                {product} {ergonomic}
   size_t MinHeapDeltaBytes                        = 1048576                                   {product} {ergonomic}
    uintx NonNMethodCodeHeapSize                   = 5830732                                {pd product} {ergonomic}
    uintx NonProfiledCodeHeapSize                  = 122913754                              {pd product} {ergonomic}
    uintx ProfiledCodeHeapSize                     = 122913754                              {pd product} {ergonomic}
    uintx ReservedCodeCacheSize                    = 251658240                              {pd product} {ergonomic}
     bool SegmentedCodeCache                       = true                                      {product} {ergonomic}
     bool UseCompressedClassPointers               = true                                 {lp64_product} {ergonomic}
     bool UseCompressedOops                        = true                                 {lp64_product} {ergonomic}
     bool UseG1GC                                  = true                                      {product} {ergonomic}
     bool UseLargePagesIndividualAllocation        = false                                  {pd product} {ergonomic}

Logging:
Log output configuration:
 #0: stdout all=warning uptime,level,tags
 #1: stderr all=off uptime,level,tags

Environment Variables:
JAVA_HOME=C:\Program Files\Java\jdk-11.0.6
PATH=C:\Program Files (x86)\Intel\iCLS Client\;C:\Program Files\Intel\iCLS Client\;C:\windows\system32;C:\windows;C:\windows\System32\Wbem;C:\windows\System32\WindowsPowerShell\v1.0\;C:\Program Files (x86)\Intel\Intel(R) Management Engine Components\DAL;C:\Program Files\Intel\Intel(R) Management Engine Components\DAL;C:\Program Files (x86)\Intel\Intel(R) Management Engine Components\IPT;C:\Program Files\Intel\Intel(R) Management Engine Components\IPT;C:\Program Files (x86)\NVIDIA Corporation\PhysX\Common;C:\WINDOWS\system32;C:\WINDOWS;C:\WINDOWS\System32\Wbem;C:\WINDOWS\System32\WindowsPowerShell\v1.0\;C:\WINDOWS\System32\OpenSSH\;C:\Program Files\Intel\WiFi\bin\;C:\Program Files\Common Files\Intel\WirelessCommon\;C:\Program Files\Git\cmd;C:\Program Files (x86)\Yarn\bin\;C:\Program Files\NVIDIA Corporation\NVIDIA NvDLISR;C:\Program Files\nodejs;C:\ProgramData\chocolatey\bin;C:\Program Files\nodejs\;C:\opt\apache-maven-3.6.3\bin;C:\Program Files\Java\jdk-11.0.6\bin;C:\Users\Dhanushguntha\AppData\Local\Programs\Python\Python38\Scripts\;C:\Users\Dhanushguntha\AppData\Local\Programs\Python\Python38\;C:\Users\Dhanushguntha\anaconda3;C:\Users\Dhanushguntha\anaconda3\Library\mingw-w64\bin;C:\Users\Dhanushguntha\anaconda3\Library\usr\bin;C:\Users\Dhanushguntha\anaconda3\Library\bin;C:\Users\Dhanushguntha\anaconda3\Scripts;C:\Users\Dhanushguntha\AppData\Local\Programs\Microsoft VS Code\bin;C:\Users\Dhanushguntha\AppData\Roaming\npm;
USERNAME=Dhanushguntha
OS=Windows_NT
PROCESSOR_IDENTIFIER=Intel64 Family 6 Model 142 Stepping 9, GenuineIntel



---------------  S Y S T E M  ---------------

OS: Windows 10 , 64 bit Build 18362 (10.0.18362.778)

CPU:total 4 (initial active 4) (2 cores per cpu, 2 threads per core) family 6 model 142 stepping 9, cmov, cx8, fxsr, mmx, sse, sse2, sse3, ssse3, sse4.1, sse4.2, popcnt, avx, avx2, aes, clmul, erms, 3dnowpref, lzcnt, ht, tsc, tscinvbit, bmi1, bmi2, adx, fma

Memory: 4k page, system-wide physical 8077M (1112M free)
TotalPageFile size 8077M (AvailPageFile size 5M)
current process WorkingSet (physical memory assigned to process): 230M, peak: 233M
current process commit charge ("private bytes"): 290M, peak: 294M

vm_info: Java HotSpot(TM) 64-Bit Server VM (11.0.6+8-LTS) for windows-amd64 JRE (11.0.6+8-LTS), built on Dec 11 2019 09:17:57 by "mach5one" with MS VC++ 15.5 (VS2017)

END.
