#
# There is insufficient memory for the Java Runtime Environment to continue.
# Native memory allocation (malloc) failed to allocate 32744 bytes for ChunkPool::allocate
# Possible reasons:
#   The system is out of physical RAM or swap space
#   The process is running with CompressedOops enabled, and the Java Heap may be blocking the growth of the native heap
# Possible solutions:
#   Reduce memory load on the system
#   Increase physical memory or swap space
#   Check if swap backing store is full
#   Decrease Java heap size (-Xmx/-Xms)
#   Decrease number of Java threads
#   Decrease Java thread stack sizes (-Xss)
#   Set larger code cache with -XX:ReservedCodeCacheSize=
#   JVM is running with Unscaled Compressed Oops mode in which the Java heap is
#     placed in the first 4GB address space. The Java Heap base address is the
#     maximum limit for the native heap growth. Please use -XX:HeapBaseMinAddress
#     to set the Java Heap base and to place the Java Heap above 4GB virtual address.
# This output file may be truncated or incomplete.
#
#  Out of Memory Error (c:/BuildAgent/work/5ff2f6c26000d570/src/hotspot/share/memory/arena.cpp:81), pid=6476, tid=12868
#
# JRE version: OpenJDK Runtime Environment (11.0.6+8) (build 11.0.6+8-b520.43)
# Java VM: OpenJDK 64-Bit Server VM (11.0.6+8-b520.43, mixed mode, sharing, tiered, compressed oops, g1 gc, windows-amd64)
# No core dump will be written. Minidumps are not enabled by default on client versions of Windows
#

---------------  S U M M A R Y ------------

Command Line: -Dmaven.multiModuleProjectDirectory=C:\Users\Dhanushguntha\Desktop\webcontroller\webcontroller -Dmaven.home=C:\Program Files\JetBrains\IntelliJ IDEA Community Edition 2019.3.4\plugins\maven\lib\maven3 -Didea.modules.paths.file=C:\Users\Dhanushguntha\.IdeaIC2019.3\system\Maven\idea-projects-state-77b1fe01.properties -Dclassworlds.conf=C:\Users\Dhanushguntha\AppData\Local\Temp\idea-8-mvn.conf -Dmaven.ext.class.path=C:\Program Files\JetBrains\IntelliJ IDEA Community Edition 2019.3.4\plugins\maven\lib\maven-event-listener.jar -javaagent:C:\Program Files\JetBrains\IntelliJ IDEA Community Edition 2019.3.4\lib\idea_rt.jar=51624:C:\Program Files\JetBrains\IntelliJ IDEA Community Edition 2019.3.4\bin -Dfile.encoding=UTF-8 org.codehaus.classworlds.Launcher -Didea.version2019.3.4 spring-boot:run

Host: Intel(R) Core(TM) i5-7200U CPU @ 2.50GHz, 4 cores, 7G,  Windows 10 , 64 bit Build 18362 (10.0.18362.329)
Time: Wed Apr  1 15:26:23 2020 India Standard Time elapsed time: 33 seconds (0d 0h 0m 33s)

---------------  T H R E A D  ---------------

Current thread (0x000002167b43c800):  VMThread "VM Thread" [stack: 0x0000008578500000,0x0000008578600000] [id=12868]

Stack: [0x0000008578500000,0x0000008578600000]
[error occurred during error reporting (printing stack bounds), id 0xc0000005, EXCEPTION_ACCESS_VIOLATION (0xc0000005) at pc=0x0000021665470dad]

Native frames: (J=compiled Java code, j=interpreted, Vv=VM code, C=native code)
V  [jvm.dll+0x5de31a]
V  [jvm.dll+0x710ae5]
V  [jvm.dll+0x712005]
V  [jvm.dll+0x712615]
V  [jvm.dll+0x7125cb]
V  [jvm.dll+0x5dd798]
V  [jvm.dll+0x5ddf08]
C  [ntdll.dll+0xa121f]
C  [ntdll.dll+0x6a289]
C  [ntdll.dll+0x9fe8e]
C  0x0000021665470dad

VM_Operation (0x00000085796fe8a0): RevokeBias, mode: safepoint, requested by thread 0x000002167c752800


---------------  P R O C E S S  ---------------

Threads class SMR info:
_java_thread_list=0x000002167dbcdcc0, length=14, elements={
0x00000216613a2800, 0x000002167b43e000, 0x000002167b442000, 0x000002167b445800,
0x000002167b458800, 0x000002167b45d800, 0x000002167b45b000, 0x000002167b475000,
0x000002167b423800, 0x000002167bf2e800, 0x000002167bf2f800, 0x000002167eae9800,
0x000002167ea90800, 0x000002167c752800
}

Java Threads: ( => current thread )
  0x00000216613a2800 JavaThread "main" [_thread_in_native, id=12920, stack(0x0000008577f00000,0x0000008578000000)]
  0x000002167b43e000 JavaThread "Reference Handler" daemon [_thread_blocked, id=4128, stack(0x0000008578600000,0x0000008578700000)]
  0x000002167b442000 JavaThread "Finalizer" daemon [_thread_blocked, id=14308, stack(0x0000008578700000,0x0000008578800000)]
  0x000002167b445800 JavaThread "Signal Dispatcher" daemon [_thread_blocked, id=13652, stack(0x0000008578800000,0x0000008578900000)]
  0x000002167b458800 JavaThread "Attach Listener" daemon [_thread_blocked, id=7684, stack(0x0000008578900000,0x0000008578a00000)]
  0x000002167b45d800 JavaThread "C2 CompilerThread0" daemon [_thread_blocked, id=6520, stack(0x0000008578a00000,0x0000008578b00000)]
  0x000002167b45b000 JavaThread "C1 CompilerThread0" daemon [_thread_blocked, id=13488, stack(0x0000008578b00000,0x0000008578c00000)]
  0x000002167b475000 JavaThread "Sweeper thread" daemon [_thread_blocked, id=6396, stack(0x0000008578c00000,0x0000008578d00000)]
  0x000002167b423800 JavaThread "Common-Cleaner" daemon [_thread_blocked, id=12928, stack(0x0000008578d00000,0x0000008578e00000)]
  0x000002167bf2e800 JavaThread "Monitor Ctrl-Break" daemon [_thread_in_native, id=2388, stack(0x0000008578e00000,0x0000008578f00000)]
  0x000002167bf2f800 JavaThread "Service Thread" daemon [_thread_blocked, id=6880, stack(0x0000008578f00000,0x0000008579000000)]
  0x000002167eae9800 JavaThread "C2 CompilerThread1" daemon [_thread_blocked, id=7348, stack(0x0000008579100000,0x0000008579200000)]
  0x000002167ea90800 JavaThread "Exec Stream Pumper" daemon [_thread_blocked, id=2028, stack(0x0000008579500000,0x0000008579600000)]
  0x000002167c752800 JavaThread "Exec Stream Pumper" daemon [_thread_blocked, id=1700, stack(0x0000008579600000,0x0000008579700000)]

Other Threads:
=>0x000002167b43c800 VMThread "VM Thread" [stack: 0x0000008578500000,0x0000008578600000] [id=12868]
  0x000002167bf11800 WatcherThread [stack: 0x0000008579000000,0x0000008579100000] [id=14284]
  0x00000216613ba800 GCTaskThread "GC Thread#0" [stack: 0x0000008578000000,0x0000008578100000] [id=9892]
  0x000002167c723000 GCTaskThread "GC Thread#1" [stack: 0x0000008579200000,0x0000008579300000] [id=13620]
  0x000002167c723800 GCTaskThread "GC Thread#2" [stack: 0x0000008579300000,0x0000008579400000] [id=2072]
  0x00000216613eb000 ConcurrentGCThread "G1 Main Marker" [stack: 0x0000008578100000,0x0000008578200000] [id=6200]
  0x00000216613ed800 ConcurrentGCThread "G1 Conc#0" [stack: 0x0000008578200000,0x0000008578300000] [id=8616]
  0x000002166146e800 ConcurrentGCThread "G1 Refine#0" [stack: 0x0000008578300000,0x0000008578400000] [id=11120]
  0x000002167eec1000 ConcurrentGCThread "G1 Refine#1" [stack: 0x0000008579400000,0x0000008579500000] [id=5068]
  0x000002167b2d3800 ConcurrentGCThread "G1 Young RemSet Sampling" [stack: 0x0000008578400000,0x0000008578500000] [id=11808]

Threads with active compile tasks:

VM state:at safepoint (normal execution)

VM Mutex/Monitor currently owned by a thread:  ([mutex/lock_event])
[0x000002166139f0d0] Threads_lock - owner thread: 0x000002167b43c800

Heap address: 0x0000000081c00000, size: 2020 MB, Compressed Oops mode: 32-bit
Narrow klass base: 0x0000000800000000, Narrow klass shift: 3
Compressed class space size: 1073741824 Address: 0x0000000840000000

Heap:
 garbage-first heap   total 131072K, used 51843K [0x0000000081c00000, 0x0000000100000000)
  region size 1024K, 36 young (36864K), 9 survivors (9216K)
 Metaspace       used 24815K, capacity 25354K, committed 25600K, reserved 1071104K
  class space    used 2840K, capacity 3040K, committed 3072K, reserved 1048576K
Heap Regions: E=young(eden), S=young(survivor), O=old, HS=humongous(starts), HC=humongous(continues), CS=collection set, F=free, A=archive, TAMS=top-at-mark-start (previous, next)
|   0|0x0000000081c00000, 0x0000000081d00000, 0x0000000081d00000|100%| O|  |TAMS 0x0000000081d00000, 0x0000000081c00000| Untracked 
|   1|0x0000000081d00000, 0x0000000081e00000, 0x0000000081e00000|100%| O|  |TAMS 0x0000000081e00000, 0x0000000081d00000| Untracked 
|   2|0x0000000081e00000, 0x0000000081f00000, 0x0000000081f00000|100%| O|  |TAMS 0x0000000081f00000, 0x0000000081e00000| Untracked 
|   3|0x0000000081f00000, 0x0000000082000000, 0x0000000082000000|100%| O|  |TAMS 0x0000000082000000, 0x0000000081f00000| Untracked 
|   4|0x0000000082000000, 0x0000000082100000, 0x0000000082100000|100%| O|  |TAMS 0x00000000820cf000, 0x0000000082000000| Untracked 
|   5|0x0000000082100000, 0x0000000082200000, 0x0000000082200000|100%| O|  |TAMS 0x0000000082100000, 0x0000000082100000| Untracked 
|   6|0x0000000082200000, 0x0000000082300000, 0x0000000082300000|100%| O|  |TAMS 0x0000000082200000, 0x0000000082200000| Untracked 
|   7|0x0000000082300000, 0x0000000082400000, 0x0000000082400000|100%| O|  |TAMS 0x0000000082300000, 0x0000000082300000| Untracked 
|   8|0x0000000082400000, 0x0000000082500000, 0x0000000082500000|100%| O|  |TAMS 0x0000000082400000, 0x0000000082400000| Untracked 
|   9|0x0000000082500000, 0x0000000082600000, 0x0000000082600000|100%| O|  |TAMS 0x0000000082500000, 0x0000000082500000| Untracked 
|  10|0x0000000082600000, 0x0000000082700000, 0x0000000082700000|100%| O|  |TAMS 0x0000000082600000, 0x0000000082600000| Untracked 
|  11|0x0000000082700000, 0x0000000082800000, 0x0000000082800000|100%| O|  |TAMS 0x0000000082700000, 0x0000000082700000| Untracked 
|  12|0x0000000082800000, 0x0000000082900000, 0x0000000082900000|100%| O|  |TAMS 0x0000000082800000, 0x0000000082800000| Untracked 
|  13|0x0000000082900000, 0x0000000082a00000, 0x0000000082a00000|100%| O|  |TAMS 0x0000000082900000, 0x0000000082900000| Untracked 
|  14|0x0000000082a00000, 0x0000000082b00000, 0x0000000082b00000|100%| O|  |TAMS 0x0000000082a00000, 0x0000000082a00000| Untracked 
|  15|0x0000000082b00000, 0x0000000082ba0e00, 0x0000000082c00000| 62%| O|  |TAMS 0x0000000082b00000, 0x0000000082b00000| Untracked 
|  16|0x0000000082c00000, 0x0000000082c00000, 0x0000000082d00000|  0%| F|  |TAMS 0x0000000082c00000, 0x0000000082c00000| Untracked 
|  17|0x0000000082d00000, 0x0000000082d00000, 0x0000000082e00000|  0%| F|  |TAMS 0x0000000082d00000, 0x0000000082d00000| Untracked 
|  18|0x0000000082e00000, 0x0000000082e00000, 0x0000000082f00000|  0%| F|  |TAMS 0x0000000082e00000, 0x0000000082e00000| Untracked 
|  19|0x0000000082f00000, 0x0000000082f00000, 0x0000000083000000|  0%| F|  |TAMS 0x0000000082f00000, 0x0000000082f00000| Untracked 
|  20|0x0000000083000000, 0x0000000083000000, 0x0000000083100000|  0%| F|  |TAMS 0x0000000083000000, 0x0000000083000000| Untracked 
|  21|0x0000000083100000, 0x0000000083100000, 0x0000000083200000|  0%| F|  |TAMS 0x0000000083100000, 0x0000000083100000| Untracked 
|  22|0x0000000083200000, 0x0000000083200000, 0x0000000083300000|  0%| F|  |TAMS 0x0000000083200000, 0x0000000083200000| Untracked 
|  23|0x0000000083300000, 0x0000000083300000, 0x0000000083400000|  0%| F|  |TAMS 0x0000000083300000, 0x0000000083300000| Untracked 
|  24|0x0000000083400000, 0x0000000083400000, 0x0000000083500000|  0%| F|  |TAMS 0x0000000083400000, 0x0000000083400000| Untracked 
|  25|0x0000000083500000, 0x0000000083500000, 0x0000000083600000|  0%| F|  |TAMS 0x0000000083500000, 0x0000000083500000| Untracked 
|  26|0x0000000083600000, 0x0000000083600000, 0x0000000083700000|  0%| F|  |TAMS 0x0000000083600000, 0x0000000083600000| Untracked 
|  27|0x0000000083700000, 0x0000000083700000, 0x0000000083800000|  0%| F|  |TAMS 0x0000000083700000, 0x0000000083700000| Untracked 
|  28|0x0000000083800000, 0x0000000083800000, 0x0000000083900000|  0%| F|  |TAMS 0x0000000083800000, 0x0000000083800000| Untracked 
|  29|0x0000000083900000, 0x0000000083900000, 0x0000000083a00000|  0%| F|  |TAMS 0x0000000083900000, 0x0000000083900000| Untracked 
|  30|0x0000000083a00000, 0x0000000083a00000, 0x0000000083b00000|  0%| F|  |TAMS 0x0000000083a00000, 0x0000000083a00000| Untracked 
|  31|0x0000000083b00000, 0x0000000083b00000, 0x0000000083c00000|  0%| F|  |TAMS 0x0000000083b00000, 0x0000000083b00000| Untracked 
|  32|0x0000000083c00000, 0x0000000083c00000, 0x0000000083d00000|  0%| F|  |TAMS 0x0000000083c00000, 0x0000000083c00000| Untracked 
|  33|0x0000000083d00000, 0x0000000083d00000, 0x0000000083e00000|  0%| F|  |TAMS 0x0000000083d00000, 0x0000000083d00000| Untracked 
|  34|0x0000000083e00000, 0x0000000083e00000, 0x0000000083f00000|  0%| F|  |TAMS 0x0000000083e00000, 0x0000000083e00000| Untracked 
|  35|0x0000000083f00000, 0x0000000083f00000, 0x0000000084000000|  0%| F|  |TAMS 0x0000000083f00000, 0x0000000083f00000| Untracked 
|  36|0x0000000084000000, 0x0000000084000000, 0x0000000084100000|  0%| F|  |TAMS 0x0000000084000000, 0x0000000084000000| Untracked 
|  37|0x0000000084100000, 0x0000000084100000, 0x0000000084200000|  0%| F|  |TAMS 0x0000000084100000, 0x0000000084100000| Untracked 
|  38|0x0000000084200000, 0x0000000084200000, 0x0000000084300000|  0%| F|  |TAMS 0x0000000084200000, 0x0000000084200000| Untracked 
|  39|0x0000000084300000, 0x0000000084300000, 0x0000000084400000|  0%| F|  |TAMS 0x0000000084300000, 0x0000000084300000| Untracked 
|  40|0x0000000084400000, 0x0000000084400000, 0x0000000084500000|  0%| F|  |TAMS 0x0000000084400000, 0x0000000084400000| Untracked 
|  41|0x0000000084500000, 0x0000000084500000, 0x0000000084600000|  0%| F|  |TAMS 0x0000000084500000, 0x0000000084500000| Untracked 
|  42|0x0000000084600000, 0x0000000084600000, 0x0000000084700000|  0%| F|  |TAMS 0x0000000084600000, 0x0000000084600000| Untracked 
|  43|0x0000000084700000, 0x0000000084700000, 0x0000000084800000|  0%| F|  |TAMS 0x0000000084700000, 0x0000000084700000| Untracked 
|  44|0x0000000084800000, 0x0000000084800000, 0x0000000084900000|  0%| F|  |TAMS 0x0000000084800000, 0x0000000084800000| Untracked 
|  45|0x0000000084900000, 0x0000000084900000, 0x0000000084a00000|  0%| F|  |TAMS 0x0000000084900000, 0x0000000084900000| Untracked 
|  46|0x0000000084a00000, 0x0000000084b00000, 0x0000000084b00000|100%| S|CS|TAMS 0x0000000084a00000, 0x0000000084a00000| Complete 
|  47|0x0000000084b00000, 0x0000000084b00000, 0x0000000084c00000|  0%| F|  |TAMS 0x0000000084b00000, 0x0000000084b00000| Untracked 
|  48|0x0000000084c00000, 0x0000000084c00000, 0x0000000084d00000|  0%| F|  |TAMS 0x0000000084c00000, 0x0000000084c00000| Untracked 
|  49|0x0000000084d00000, 0x0000000084d00000, 0x0000000084e00000|  0%| F|  |TAMS 0x0000000084d00000, 0x0000000084d00000| Untracked 
|  50|0x0000000084e00000, 0x0000000084e00000, 0x0000000084f00000|  0%| F|  |TAMS 0x0000000084e00000, 0x0000000084e00000| Untracked 
|  51|0x0000000084f00000, 0x0000000084f00000, 0x0000000085000000|  0%| F|  |TAMS 0x0000000084f00000, 0x0000000084f00000| Untracked 
|  52|0x0000000085000000, 0x0000000085000000, 0x0000000085100000|  0%| F|  |TAMS 0x0000000085000000, 0x0000000085000000| Untracked 
|  53|0x0000000085100000, 0x0000000085100000, 0x0000000085200000|  0%| F|  |TAMS 0x0000000085100000, 0x0000000085100000| Untracked 
|  54|0x0000000085200000, 0x0000000085200000, 0x0000000085300000|  0%| F|  |TAMS 0x0000000085200000, 0x0000000085200000| Untracked 
|  55|0x0000000085300000, 0x0000000085300000, 0x0000000085400000|  0%| F|  |TAMS 0x0000000085300000, 0x0000000085300000| Untracked 
|  56|0x0000000085400000, 0x0000000085500000, 0x0000000085500000|100%| S|CS|TAMS 0x0000000085400000, 0x0000000085400000| Complete 
|  57|0x0000000085500000, 0x0000000085600000, 0x0000000085600000|100%| S|CS|TAMS 0x0000000085500000, 0x0000000085500000| Complete 
|  58|0x0000000085600000, 0x0000000085700000, 0x0000000085700000|100%| S|CS|TAMS 0x0000000085600000, 0x0000000085600000| Complete 
|  59|0x0000000085700000, 0x0000000085800000, 0x0000000085800000|100%| S|CS|TAMS 0x0000000085700000, 0x0000000085700000| Complete 
|  60|0x0000000085800000, 0x0000000085900000, 0x0000000085900000|100%| S|CS|TAMS 0x0000000085800000, 0x0000000085800000| Complete 
|  61|0x0000000085900000, 0x0000000085a00000, 0x0000000085a00000|100%| S|CS|TAMS 0x0000000085900000, 0x0000000085900000| Complete 
|  62|0x0000000085a00000, 0x0000000085b00000, 0x0000000085b00000|100%| S|CS|TAMS 0x0000000085a00000, 0x0000000085a00000| Complete 
|  63|0x0000000085b00000, 0x0000000085c00000, 0x0000000085c00000|100%| S|CS|TAMS 0x0000000085b00000, 0x0000000085b00000| Complete 
|  64|0x0000000085c00000, 0x0000000085c00000, 0x0000000085d00000|  0%| F|  |TAMS 0x0000000085c00000, 0x0000000085c00000| Untracked 
|  65|0x0000000085d00000, 0x0000000085d00000, 0x0000000085e00000|  0%| F|  |TAMS 0x0000000085d00000, 0x0000000085d00000| Untracked 
|  66|0x0000000085e00000, 0x0000000085e00000, 0x0000000085f00000|  0%| F|  |TAMS 0x0000000085e00000, 0x0000000085e00000| Untracked 
|  67|0x0000000085f00000, 0x0000000085f00000, 0x0000000086000000|  0%| F|  |TAMS 0x0000000085f00000, 0x0000000085f00000| Untracked 
|  68|0x0000000086000000, 0x0000000086000000, 0x0000000086100000|  0%| F|  |TAMS 0x0000000086000000, 0x0000000086000000| Untracked 
|  69|0x0000000086100000, 0x0000000086100000, 0x0000000086200000|  0%| F|  |TAMS 0x0000000086100000, 0x0000000086100000| Untracked 
|  70|0x0000000086200000, 0x0000000086200000, 0x0000000086300000|  0%| F|  |TAMS 0x0000000086200000, 0x0000000086200000| Untracked 
|  71|0x0000000086300000, 0x0000000086300000, 0x0000000086400000|  0%| F|  |TAMS 0x0000000086300000, 0x0000000086300000| Untracked 
|  72|0x0000000086400000, 0x0000000086400000, 0x0000000086500000|  0%| F|  |TAMS 0x0000000086400000, 0x0000000086400000| Untracked 
|  73|0x0000000086500000, 0x0000000086500000, 0x0000000086600000|  0%| F|  |TAMS 0x0000000086500000, 0x0000000086500000| Untracked 
|  74|0x0000000086600000, 0x0000000086600000, 0x0000000086700000|  0%| F|  |TAMS 0x0000000086600000, 0x0000000086600000| Untracked 
|  75|0x0000000086700000, 0x0000000086700000, 0x0000000086800000|  0%| F|  |TAMS 0x0000000086700000, 0x0000000086700000| Untracked 
|  76|0x0000000086800000, 0x0000000086800000, 0x0000000086900000|  0%| F|  |TAMS 0x0000000086800000, 0x0000000086800000| Untracked 
|  77|0x0000000086900000, 0x0000000086900000, 0x0000000086a00000|  0%| F|  |TAMS 0x0000000086900000, 0x0000000086900000| Untracked 
|  78|0x0000000086a00000, 0x0000000086a00000, 0x0000000086b00000|  0%| F|  |TAMS 0x0000000086a00000, 0x0000000086a00000| Untracked 
|  79|0x0000000086b00000, 0x0000000086b00000, 0x0000000086c00000|  0%| F|  |TAMS 0x0000000086b00000, 0x0000000086b00000| Untracked 
|  80|0x0000000086c00000, 0x0000000086c00000, 0x0000000086d00000|  0%| F|  |TAMS 0x0000000086c00000, 0x0000000086c00000| Untracked 
|  81|0x0000000086d00000, 0x0000000086d00000, 0x0000000086e00000|  0%| F|  |TAMS 0x0000000086d00000, 0x0000000086d00000| Untracked 
|  82|0x0000000086e00000, 0x0000000086e00000, 0x0000000086f00000|  0%| F|  |TAMS 0x0000000086e00000, 0x0000000086e00000| Untracked 
|  83|0x0000000086f00000, 0x0000000086f00000, 0x0000000087000000|  0%| F|  |TAMS 0x0000000086f00000, 0x0000000086f00000| Untracked 
|  84|0x0000000087000000, 0x0000000087000000, 0x0000000087100000|  0%| F|  |TAMS 0x0000000087000000, 0x0000000087000000| Untracked 
|  85|0x0000000087100000, 0x0000000087100000, 0x0000000087200000|  0%| F|  |TAMS 0x0000000087100000, 0x0000000087100000| Untracked 
|  86|0x0000000087200000, 0x0000000087200000, 0x0000000087300000|  0%| F|  |TAMS 0x0000000087200000, 0x0000000087200000| Untracked 
|  87|0x0000000087300000, 0x0000000087300000, 0x0000000087400000|  0%| F|  |TAMS 0x0000000087300000, 0x0000000087300000| Untracked 
|  88|0x0000000087400000, 0x0000000087400000, 0x0000000087500000|  0%| F|  |TAMS 0x0000000087400000, 0x0000000087400000| Untracked 
|  89|0x0000000087500000, 0x0000000087500000, 0x0000000087600000|  0%| F|  |TAMS 0x0000000087500000, 0x0000000087500000| Untracked 
|  90|0x0000000087600000, 0x0000000087600000, 0x0000000087700000|  0%| F|  |TAMS 0x0000000087600000, 0x0000000087600000| Untracked 
|  91|0x0000000087700000, 0x0000000087700000, 0x0000000087800000|  0%| F|  |TAMS 0x0000000087700000, 0x0000000087700000| Untracked 
|  92|0x0000000087800000, 0x0000000087800000, 0x0000000087900000|  0%| F|  |TAMS 0x0000000087800000, 0x0000000087800000| Untracked 
|  93|0x0000000087900000, 0x0000000087900000, 0x0000000087a00000|  0%| F|  |TAMS 0x0000000087900000, 0x0000000087900000| Untracked 
|  94|0x0000000087a00000, 0x0000000087a00000, 0x0000000087b00000|  0%| F|  |TAMS 0x0000000087a00000, 0x0000000087a00000| Untracked 
|  95|0x0000000087b00000, 0x0000000087b00000, 0x0000000087c00000|  0%| F|  |TAMS 0x0000000087b00000, 0x0000000087b00000| Untracked 
|  96|0x0000000087c00000, 0x0000000087c00000, 0x0000000087d00000|  0%| F|  |TAMS 0x0000000087c00000, 0x0000000087c00000| Untracked 
|  97|0x0000000087d00000, 0x0000000087d00000, 0x0000000087e00000|  0%| F|  |TAMS 0x0000000087d00000, 0x0000000087d00000| Untracked 
|  98|0x0000000087e00000, 0x0000000087e00000, 0x0000000087f00000|  0%| F|  |TAMS 0x0000000087e00000, 0x0000000087e00000| Untracked 
|  99|0x0000000087f00000, 0x0000000087f00000, 0x0000000088000000|  0%| F|  |TAMS 0x0000000087f00000, 0x0000000087f00000| Untracked 
| 100|0x0000000088000000, 0x0000000088000000, 0x0000000088100000|  0%| F|  |TAMS 0x0000000088000000, 0x0000000088000000| Untracked 
| 101|0x0000000088100000, 0x0000000088180800, 0x0000000088200000| 50%| E|  |TAMS 0x0000000088100000, 0x0000000088100000| Complete 
| 102|0x0000000088200000, 0x0000000088300000, 0x0000000088300000|100%| E|CS|TAMS 0x0000000088200000, 0x0000000088200000| Complete 
| 103|0x0000000088300000, 0x0000000088400000, 0x0000000088400000|100%| E|CS|TAMS 0x0000000088300000, 0x0000000088300000| Complete 
| 104|0x0000000088400000, 0x0000000088500000, 0x0000000088500000|100%| E|CS|TAMS 0x0000000088400000, 0x0000000088400000| Complete 
| 105|0x0000000088500000, 0x0000000088600000, 0x0000000088600000|100%| E|CS|TAMS 0x0000000088500000, 0x0000000088500000| Complete 
| 106|0x0000000088600000, 0x0000000088700000, 0x0000000088700000|100%| E|CS|TAMS 0x0000000088600000, 0x0000000088600000| Complete 
| 107|0x0000000088700000, 0x0000000088800000, 0x0000000088800000|100%| E|CS|TAMS 0x0000000088700000, 0x0000000088700000| Complete 
| 108|0x0000000088800000, 0x0000000088900000, 0x0000000088900000|100%| E|CS|TAMS 0x0000000088800000, 0x0000000088800000| Complete 
| 109|0x0000000088900000, 0x0000000088a00000, 0x0000000088a00000|100%| E|CS|TAMS 0x0000000088900000, 0x0000000088900000| Complete 
| 110|0x0000000088a00000, 0x0000000088b00000, 0x0000000088b00000|100%| E|CS|TAMS 0x0000000088a00000, 0x0000000088a00000| Complete 
| 111|0x0000000088b00000, 0x0000000088c00000, 0x0000000088c00000|100%| E|CS|TAMS 0x0000000088b00000, 0x0000000088b00000| Complete 
| 112|0x0000000088c00000, 0x0000000088d00000, 0x0000000088d00000|100%| E|CS|TAMS 0x0000000088c00000, 0x0000000088c00000| Complete 
| 113|0x0000000088d00000, 0x0000000088e00000, 0x0000000088e00000|100%| E|CS|TAMS 0x0000000088d00000, 0x0000000088d00000| Complete 
| 114|0x0000000088e00000, 0x0000000088f00000, 0x0000000088f00000|100%| E|CS|TAMS 0x0000000088e00000, 0x0000000088e00000| Complete 
| 115|0x0000000088f00000, 0x0000000089000000, 0x0000000089000000|100%| E|CS|TAMS 0x0000000088f00000, 0x0000000088f00000| Complete 
| 116|0x0000000089000000, 0x0000000089100000, 0x0000000089100000|100%| E|CS|TAMS 0x0000000089000000, 0x0000000089000000| Complete 
| 117|0x0000000089100000, 0x0000000089200000, 0x0000000089200000|100%| E|CS|TAMS 0x0000000089100000, 0x0000000089100000| Complete 
| 118|0x0000000089200000, 0x0000000089300000, 0x0000000089300000|100%| E|CS|TAMS 0x0000000089200000, 0x0000000089200000| Complete 
| 119|0x0000000089300000, 0x0000000089400000, 0x0000000089400000|100%| E|CS|TAMS 0x0000000089300000, 0x0000000089300000| Complete 
| 120|0x0000000089400000, 0x0000000089500000, 0x0000000089500000|100%| E|CS|TAMS 0x0000000089400000, 0x0000000089400000| Complete 
| 121|0x0000000089500000, 0x0000000089600000, 0x0000000089600000|100%| E|CS|TAMS 0x0000000089500000, 0x0000000089500000| Complete 
| 122|0x0000000089600000, 0x0000000089700000, 0x0000000089700000|100%| E|CS|TAMS 0x0000000089600000, 0x0000000089600000| Complete 
| 123|0x0000000089700000, 0x0000000089800000, 0x0000000089800000|100%| E|CS|TAMS 0x0000000089700000, 0x0000000089700000| Complete 
| 124|0x0000000089800000, 0x0000000089900000, 0x0000000089900000|100%| E|CS|TAMS 0x0000000089800000, 0x0000000089800000| Complete 
| 125|0x0000000089900000, 0x0000000089a00000, 0x0000000089a00000|100%| E|CS|TAMS 0x0000000089900000, 0x0000000089900000| Complete 
| 126|0x0000000089a00000, 0x0000000089b00000, 0x0000000089b00000|100%| E|CS|TAMS 0x0000000089a00000, 0x0000000089a00000| Complete 
| 127|0x0000000089b00000, 0x0000000089c00000, 0x0000000089c00000|100%| E|CS|TAMS 0x0000000089b00000, 0x0000000089b00000| Complete 

Card table byte_map: [0x0000021674870000,0x0000021674c70000] _byte_map_base: 0x0000021674462000

Marking Bits (Prev, Next): (CMBitMap*) 0x00000216613e2490, (CMBitMap*) 0x00000216613e2458
 Prev Bits: [0x0000021677000000, 0x0000021678f90000)
 Next Bits: [0x0000021675070000, 0x0000021677000000)

Polling page: 0x000002165f1d0000

Metaspace:

Usage:
  Non-class:     21.79 MB capacity,    21.46 MB ( 98%) used,   303.30 KB (  1%) free+waste,    35.44 KB ( <1%) overhead. 
      Class:      2.97 MB capacity,     2.77 MB ( 93%) used,   184.09 KB (  6%) free+waste,    15.31 KB ( <1%) overhead. 
       Both:     24.76 MB capacity,    24.23 MB ( 98%) used,   487.39 KB (  2%) free+waste,    50.75 KB ( <1%) overhead. 

Virtual space:
  Non-class space:       22.00 MB reserved,      22.00 MB (100%) committed 
      Class space:        1.00 GB reserved,       3.00 MB ( <1%) committed 
             Both:        1.02 GB reserved,      25.00 MB (  2%) committed 

Chunk freelists:
   Non-Class:  22.00 KB
       Class:  0 bytes
        Both:  22.00 KB

MaxMetaspaceSize: 17179869184.00 GB
CompressedClassSpaceSize: 1.00 GB

CodeHeap 'non-profiled nmethods': size=120064Kb used=2833Kb max_used=2833Kb free=117231Kb
 bounds [0x000002166cf30000, 0x000002166d200000, 0x0000021674470000]
CodeHeap 'profiled nmethods': size=120000Kb used=10873Kb max_used=10873Kb free=109126Kb
 bounds [0x0000021665a00000, 0x00000216664a0000, 0x000002166cf30000]
CodeHeap 'non-nmethods': size=5696Kb used=1180Kb max_used=1214Kb free=4515Kb
 bounds [0x0000021665470000, 0x00000216656e0000, 0x0000021665a00000]
 total_blobs=6830 nmethods=4684 adapters=424
 compilation: enabled
              stopped_count=0, restarted_count=0
 full_count=0

Compilation events (20 events):
Event: 30.723 Thread 0x000002167b45b000 nmethod 4702 0x0000021666496c10 code [0x0000021666496de0, 0x0000021666497030]
Event: 30.724 Thread 0x000002167b45b000 4703       3       org.eclipse.sisu.bean.BeanPropertyField::getType (11 bytes)
Event: 30.725 Thread 0x000002167b45b000 nmethod 4703 0x0000021666497110 code [0x0000021666497440, 0x0000021666498a90]
Event: 30.725 Thread 0x000002167b45b000 4705       3       org.eclipse.sisu.plexus.PlexusPropertyBinder::bindProperty (143 bytes)
Event: 30.726 Thread 0x000002167eae9800 nmethod 4689 0x000002166d1f2c10 code [0x000002166d1f2e20, 0x000002166d1f3928]
Event: 30.726 Thread 0x000002167b45b000 nmethod 4705 0x0000021666499190 code [0x0000021666499460, 0x000002166649a6a0]
Event: 30.726 Thread 0x000002167b45b000 4704       3       java.lang.reflect.Field::isSynthetic (8 bytes)
Event: 30.727 Thread 0x000002167b45b000 nmethod 4704 0x000002166649ab90 code [0x000002166649ad40, 0x000002166649af98]
Event: 30.728 Thread 0x000002167b45b000 4706       3       java.util.concurrent.ConcurrentHashMap::get (162 bytes)
Event: 30.729 Thread 0x000002167b45b000 nmethod 4706 0x000002166649b090 code [0x000002166649b300, 0x000002166649c0a0]
Event: 30.729 Thread 0x000002167b45d800 4707       4       java.util.HashMap::hash (20 bytes)
Event: 30.730 Thread 0x000002167b45b000 4708       3       java.lang.ProcessEnvironment$CheckedEntrySet$1::hasNext (10 bytes)
Event: 30.730 Thread 0x000002167b45b000 nmethod 4708 0x000002166649c410 code [0x000002166649c5e0, 0x000002166649c830]
Event: 30.730 Thread 0x000002167b45b000 4710       3       java.lang.ProcessEnvironment$EntryComparator::compare (13 bytes)
Event: 30.731 Thread 0x000002167b45d800 nmethod 4707 0x000002166d1f4110 code [0x000002166d1f42a0, 0x000002166d1f4358]
Event: 30.731 Thread 0x000002167b45b000 nmethod 4710 0x000002166649c910 code [0x000002166649cb20, 0x000002166649d350]
Event: 30.731 Thread 0x000002167b45b000 4711       3       java.lang.ProcessEnvironment$EntryComparator::compare (25 bytes)
Event: 30.731 Thread 0x000002167b45b000 nmethod 4711 0x000002166649d510 code [0x000002166649d700, 0x000002166649dc90]
Event: 30.731 Thread 0x000002167b45b000 4709       3       java.lang.ProcessEnvironment$CheckedEntrySet$1::next (20 bytes)
Event: 30.731 Thread 0x000002167b45b000 nmethod 4709 0x000002166649de10 code [0x000002166649e000, 0x000002166649e510]

GC Heap History (14 events):
Event: 7.972 GC heap before
{Heap before GC invocations=0 (full 0):
 garbage-first heap   total 131072K, used 13312K [0x0000000081c00000, 0x0000000100000000)
  region size 1024K, 14 young (14336K), 0 survivors (0K)
 Metaspace       used 4152K, capacity 6379K, committed 6656K, reserved 1056768K
  class space    used 429K, capacity 684K, committed 768K, reserved 1048576K
}
Event: 7.993 GC heap after
{Heap after GC invocations=1 (full 0):
 garbage-first heap   total 131072K, used 3434K [0x0000000081c00000, 0x0000000100000000)
  region size 1024K, 2 young (2048K), 2 survivors (2048K)
 Metaspace       used 4152K, capacity 6379K, committed 6656K, reserved 1056768K
  class space    used 429K, capacity 684K, committed 768K, reserved 1048576K
}
Event: 8.519 GC heap before
{Heap before GC invocations=1 (full 0):
 garbage-first heap   total 131072K, used 12650K [0x0000000081c00000, 0x0000000100000000)
  region size 1024K, 11 young (11264K), 2 survivors (2048K)
 Metaspace       used 6087K, capacity 7799K, committed 8064K, reserved 1056768K
  class space    used 701K, capacity 880K, committed 896K, reserved 1048576K
}
Event: 8.527 GC heap after
{Heap after GC invocations=2 (full 0):
 garbage-first heap   total 131072K, used 4114K [0x0000000081c00000, 0x0000000100000000)
  region size 1024K, 1 young (1024K), 1 survivors (1024K)
 Metaspace       used 6087K, capacity 7799K, committed 8064K, reserved 1056768K
  class space    used 701K, capacity 880K, committed 896K, reserved 1048576K
}
Event: 9.414 GC heap before
{Heap before GC invocations=2 (full 0):
 garbage-first heap   total 131072K, used 28690K [0x0000000081c00000, 0x0000000100000000)
  region size 1024K, 26 young (26624K), 1 survivors (1024K)
 Metaspace       used 8783K, capacity 10270K, committed 10496K, reserved 1058816K
  class space    used 1032K, capacity 1208K, committed 1280K, reserved 1048576K
}
Event: 9.417 GC heap after
{Heap after GC invocations=3 (full 0):
 garbage-first heap   total 131072K, used 4833K [0x0000000081c00000, 0x0000000100000000)
  region size 1024K, 2 young (2048K), 2 survivors (2048K)
 Metaspace       used 8783K, capacity 10270K, committed 10496K, reserved 1058816K
  class space    used 1032K, capacity 1208K, committed 1280K, reserved 1048576K
}
Event: 11.368 GC heap before
{Heap before GC invocations=3 (full 0):
 garbage-first heap   total 131072K, used 50913K [0x0000000081c00000, 0x0000000100000000)
  region size 1024K, 47 young (48128K), 2 survivors (2048K)
 Metaspace       used 13203K, capacity 14289K, committed 14336K, reserved 1062912K
  class space    used 1550K, capacity 1746K, committed 1792K, reserved 1048576K
}
Event: 11.382 GC heap after
{Heap after GC invocations=4 (full 0):
 garbage-first heap   total 131072K, used 10008K [0x0000000081c00000, 0x0000000100000000)
  region size 1024K, 6 young (6144K), 6 survivors (6144K)
 Metaspace       used 13203K, capacity 14289K, committed 14336K, reserved 1062912K
  class space    used 1550K, capacity 1746K, committed 1792K, reserved 1048576K
}
Event: 17.282 GC heap before
{Heap before GC invocations=4 (full 0):
 garbage-first heap   total 131072K, used 53016K [0x0000000081c00000, 0x0000000100000000)
  region size 1024K, 49 young (50176K), 6 survivors (6144K)
 Metaspace       used 20606K, capacity 21030K, committed 21248K, reserved 1069056K
  class space    used 2417K, capacity 2557K, committed 2560K, reserved 1048576K
}
Event: 17.333 GC heap after
{Heap after GC invocations=5 (full 0):
 garbage-first heap   total 131072K, used 14085K [0x0000000081c00000, 0x0000000100000000)
  region size 1024K, 9 young (9216K), 9 survivors (9216K)
 Metaspace       used 20606K, capacity 21030K, committed 21248K, reserved 1069056K
  class space    used 2417K, capacity 2557K, committed 2560K, reserved 1048576K
}
Event: 23.714 GC heap before
{Heap before GC invocations=6 (full 0):
 garbage-first heap   total 131072K, used 78597K [0x0000000081c00000, 0x0000000100000000)
  region size 1024K, 72 young (73728K), 9 survivors (9216K)
 Metaspace       used 21092K, capacity 21540K, committed 21632K, reserved 1069056K
  class space    used 2444K, capacity 2598K, committed 2688K, reserved 1048576K
}
Event: 23.742 GC heap after
{Heap after GC invocations=7 (full 0):
 garbage-first heap   total 131072K, used 20413K [0x0000000081c00000, 0x0000000100000000)
  region size 1024K, 9 young (9216K), 9 survivors (9216K)
 Metaspace       used 21092K, capacity 21540K, committed 21632K, reserved 1069056K
  class space    used 2444K, capacity 2598K, committed 2688K, reserved 1048576K
}
Event: 26.227 GC heap before
{Heap before GC invocations=7 (full 0):
 garbage-first heap   total 131072K, used 85949K [0x0000000081c00000, 0x0000000100000000)
  region size 1024K, 73 young (74752K), 9 survivors (9216K)
 Metaspace       used 21647K, capacity 22123K, committed 22400K, reserved 1069056K
  class space    used 2459K, capacity 2600K, committed 2688K, reserved 1048576K
}
Event: 26.246 GC heap after
{Heap after GC invocations=8 (full 0):
 garbage-first heap   total 131072K, used 25219K [0x0000000081c00000, 0x0000000100000000)
  region size 1024K, 9 young (9216K), 9 survivors (9216K)
 Metaspace       used 21647K, capacity 22123K, committed 22400K, reserved 1069056K
  class space    used 2459K, capacity 2600K, committed 2688K, reserved 1048576K
}

Deoptimization events (20 events):
Event: 30.142 Thread 0x00000216613a2800 Uncommon trap: trap_request=0xffffffde fr.pc=0x000002166d17751c relative=0x00000000000004dc
Event: 30.142 Thread 0x00000216613a2800 Uncommon trap: reason=class_check action=maybe_recompile pc=0x000002166d17751c method=java.util.Collections$UnmodifiableMap$UnmodifiableEntrySet$1.next()Ljava/util/Map$Entry; @ 8 c2
Event: 30.142 Thread 0x00000216613a2800 DEOPT PACKING pc=0x000002166d17751c sp=0x0000008577ffd480
Event: 30.142 Thread 0x00000216613a2800 DEOPT UNPACKING pc=0x000002166549922f sp=0x0000008577ffd3f8 mode 2
Event: 30.142 Thread 0x00000216613a2800 Uncommon trap: trap_request=0xffffffde fr.pc=0x000002166d17751c relative=0x00000000000004dc
Event: 30.142 Thread 0x00000216613a2800 Uncommon trap: reason=class_check action=maybe_recompile pc=0x000002166d17751c method=java.util.Collections$UnmodifiableMap$UnmodifiableEntrySet$1.next()Ljava/util/Map$Entry; @ 8 c2
Event: 30.142 Thread 0x00000216613a2800 DEOPT PACKING pc=0x000002166d17751c sp=0x0000008577ffd480
Event: 30.143 Thread 0x00000216613a2800 DEOPT UNPACKING pc=0x000002166549922f sp=0x0000008577ffd3f8 mode 2
Event: 30.232 Thread 0x00000216613a2800 Uncommon trap: trap_request=0xffffff7e fr.pc=0x000002166d12fd64 relative=0x0000000000000424
Event: 30.232 Thread 0x00000216613a2800 Uncommon trap: reason=predicate action=maybe_recompile pc=0x000002166d12fd64 method=java.util.Vector.indexOf(Ljava/lang/Object;I)I @ 41 c2
Event: 30.232 Thread 0x00000216613a2800 DEOPT PACKING pc=0x000002166d12fd64 sp=0x0000008577ffd470
Event: 30.232 Thread 0x00000216613a2800 DEOPT UNPACKING pc=0x000002166549922f sp=0x0000008577ffd418 mode 2
Event: 30.692 Thread 0x00000216613a2800 Uncommon trap: trap_request=0xffffff4d fr.pc=0x000002166d0f2bd0 relative=0x0000000000000330
Event: 30.692 Thread 0x00000216613a2800 Uncommon trap: reason=unstable_if action=reinterpret pc=0x000002166d0f2bd0 method=java.util.HashMap.putMapEntries(Ljava/util/Map;Z)V @ 53 c2
Event: 30.692 Thread 0x00000216613a2800 DEOPT PACKING pc=0x000002166d0f2bd0 sp=0x0000008577ffcf10
Event: 30.692 Thread 0x00000216613a2800 DEOPT UNPACKING pc=0x000002166549922f sp=0x0000008577ffce88 mode 2
Event: 30.698 Thread 0x00000216613a2800 Uncommon trap: trap_request=0xffffff4d fr.pc=0x000002166cf7f628 relative=0x0000000000000268
Event: 30.698 Thread 0x00000216613a2800 Uncommon trap: reason=unstable_if action=reinterpret pc=0x000002166cf7f628 method=java.util.concurrent.ConcurrentHashMap.get(Ljava/lang/Object;)Ljava/lang/Object; @ 76 c2
Event: 30.698 Thread 0x00000216613a2800 DEOPT PACKING pc=0x000002166cf7f628 sp=0x0000008577ffa6f0
Event: 30.699 Thread 0x00000216613a2800 DEOPT UNPACKING pc=0x000002166549922f sp=0x0000008577ffa668 mode 2

Classes redefined (0 events):
No events

Internal exceptions (20 events):
Event: 10.413 Thread 0x00000216613a2800 Implicit null exception at 0x000002166cf68004 to 0x000002166cf684f6
Event: 11.737 Thread 0x00000216613a2800 Implicit null exception at 0x000002166cfc9405 to 0x000002166cfc95ca
Event: 11.737 Thread 0x00000216613a2800 Implicit null exception at 0x000002166cfbebaf to 0x000002166cfbec2d
Event: 11.994 Thread 0x00000216613a2800 Exception <a 'sun/nio/fs/WindowsException'{0x0000000088809280}> (0x0000000088809280) thrown at [c:/BuildAgent/work/5ff2f6c26000d570/src/hotspot/share/prims/jni.cpp, line 615]
Event: 12.028 Thread 0x00000216613a2800 Implicit null exception at 0x000002166d009808 to 0x000002166d00cc1a
Event: 12.033 Thread 0x00000216613a2800 Exception <a 'java/lang/NoSuchMethodError'{0x00000000888292e0}: 'int java.lang.invoke.DirectMethodHandle$Holder.invokeStaticInit(java.lang.Object, java.lang.Object, java.lang.Object, java.lang.Object)'> (0x00000000888292e0) thrown at [c:/BuildAgent/work/5
Event: 12.037 Thread 0x00000216613a2800 Exception <a 'java/lang/IncompatibleClassChangeError'{0x0000000088832ec0}: Found class java.lang.Object, but interface was expected> (0x0000000088832ec0) thrown at [c:/BuildAgent/work/5ff2f6c26000d570/src/hotspot/share/interpreter/linkResolver.cpp, line 8
Event: 12.037 Thread 0x00000216613a2800 Exception <a 'java/lang/NoSuchMethodError'{0x0000000088836680}: 'void java.lang.invoke.DirectMethodHandle$Holder.invokeStaticInit(java.lang.Object, java.lang.Object)'> (0x0000000088836680) thrown at [c:/BuildAgent/work/5ff2f6c26000d570/src/hotspot/share/i
Event: 12.040 Thread 0x00000216613a2800 Exception <a 'java/lang/NoSuchMethodError'{0x000000008883c540}: 'int java.lang.invoke.DirectMethodHandle$Holder.invokeStaticInit(java.lang.Object, java.lang.Object)'> (0x000000008883c540) thrown at [c:/BuildAgent/work/5ff2f6c26000d570/src/hotspot/share/in
Event: 12.509 Thread 0x00000216613a2800 Implicit null exception at 0x000002166d07dcf4 to 0x000002166d07e066
Event: 22.723 Thread 0x00000216613a2800 Implicit null exception at 0x000002166d04833a to 0x000002166d048592
Event: 22.723 Thread 0x00000216613a2800 Implicit null exception at 0x000002166d05a5e7 to 0x000002166d05a6e6
Event: 22.724 Thread 0x00000216613a2800 Implicit null exception at 0x000002166cf4a688 to 0x000002166cf4a71a
Event: 24.810 Thread 0x00000216613a2800 Exception <a 'java/net/SocketTimeoutException'{0x00000000871cb068}: Read timed out> (0x00000000871cb068) thrown at [c:/BuildAgent/work/5ff2f6c26000d570/src/hotspot/share/prims/jni.cpp, line 636]
Event: 29.967 Thread 0x00000216613a2800 Implicit null exception at 0x000002166d19cd48 to 0x000002166d19d99a
Event: 30.187 Thread 0x00000216613a2800 Exception <a 'java/lang/NoSuchMethodError'{0x0000000088d6b3a0}: 'void java.lang.invoke.DirectMethodHandle$Holder.invokeStatic(java.lang.Object, long)'> (0x0000000088d6b3a0) thrown at [c:/BuildAgent/work/5ff2f6c26000d570/src/hotspot/share/interpreter/linkR
Event: 30.189 Thread 0x00000216613a2800 Exception <a 'java/lang/NoSuchMethodError'{0x0000000088d705f0}: 'java.lang.Object java.lang.invoke.DirectMethodHandle$Holder.invokeStatic(java.lang.Object, long)'> (0x0000000088d705f0) thrown at [c:/BuildAgent/work/5ff2f6c26000d570/src/hotspot/share/inter
Event: 30.194 Thread 0x00000216613a2800 Exception <a 'java/lang/NoSuchMethodError'{0x0000000088d7ea98}: 'java.lang.Object java.lang.invoke.DirectMethodHandle$Holder.invokeStaticInit(java.lang.Object, java.lang.Object, long, java.lang.Object)'> (0x0000000088d7ea98) thrown at [c:/BuildAgent/work/
Event: 30.196 Thread 0x00000216613a2800 Exception <a 'java/lang/NoSuchMethodError'{0x0000000088d84bf8}: 'java.lang.Object java.lang.invoke.DirectMethodHandle$Holder.invokeStatic(java.lang.Object, java.lang.Object, long)'> (0x0000000088d84bf8) thrown at [c:/BuildAgent/work/5ff2f6c26000d570/src/h
Event: 30.198 Thread 0x00000216613a2800 Exception <a 'java/lang/NoSuchMethodError'{0x0000000088d8b170}: 'java.lang.Object java.lang.invoke.Invokers$Holder.linkToTargetMethod(java.lang.Object, long, java.lang.Object)'> (0x0000000088d8b170) thrown at [c:/BuildAgent/work/5ff2f6c26000d570/src/hotsp

Events (20 events):
Event: 30.713 loading class org/codehaus/jackson/sym/BytesToNameCanonicalizer$Bucket done
Event: 30.716 loading class org/codehaus/jackson/map/util/ObjectBuffer$Node
Event: 30.716 loading class org/codehaus/jackson/map/util/ObjectBuffer$Node done
Event: 30.716 loading class org/codehaus/jackson/map/util/ObjectBuffer$Node
Event: 30.716 loading class org/codehaus/jackson/map/util/ObjectBuffer$Node done
Event: 30.727 loading class com/github/eirslett/maven/plugins/frontend/lib/DefaultNpmRunner
Event: 30.727 loading class com/github/eirslett/maven/plugins/frontend/lib/DefaultNpmRunner done
Event: 30.727 loading class com/github/eirslett/maven/plugins/frontend/lib/DefaultNpmRunner
Event: 30.727 loading class com/github/eirslett/maven/plugins/frontend/lib/DefaultNpmRunner done
Event: 30.727 loading class com/github/eirslett/maven/plugins/frontend/lib/NodeTaskExecutor
Event: 30.727 loading class com/github/eirslett/maven/plugins/frontend/lib/NodeTaskExecutor done
Event: 30.727 loading class com/github/eirslett/maven/plugins/frontend/lib/NodeTaskExecutor
Event: 30.727 loading class com/github/eirslett/maven/plugins/frontend/lib/NodeTaskExecutor done
Event: 30.728 loading class com/github/eirslett/maven/plugins/frontend/lib/ArgumentsParser
Event: 30.728 loading class com/github/eirslett/maven/plugins/frontend/lib/ArgumentsParser done
Event: 30.728 loading class com/github/eirslett/maven/plugins/frontend/lib/ArgumentsParser
Event: 30.728 loading class com/github/eirslett/maven/plugins/frontend/lib/ArgumentsParser done
Event: 30.734 Thread 0x000002167ea90800 Thread added: 0x000002167ea90800
Event: 30.734 Thread 0x000002167c752800 Thread added: 0x000002167c752800
Event: 33.806 Executing VM operation: RevokeBias


Dynamic libraries:
0x00007ff6082f0000 - 0x00007ff6082fa000 	C:\Program Files\JetBrains\IntelliJ IDEA Community Edition 2019.3.4\jbr\bin\java.exe
0x00007ff856d20000 - 0x00007ff856f10000 	C:\WINDOWS\SYSTEM32\ntdll.dll
0x00007ff855490000 - 0x00007ff855542000 	C:\WINDOWS\System32\KERNEL32.DLL
0x00007ff854170000 - 0x00007ff854413000 	C:\WINDOWS\System32\KERNELBASE.dll
0x00007ff8545a0000 - 0x00007ff85469a000 	C:\WINDOWS\System32\ucrtbase.dll
0x00007ff8469e0000 - 0x00007ff8469f9000 	C:\Program Files\JetBrains\IntelliJ IDEA Community Edition 2019.3.4\jbr\bin\jli.dll
0x00007ff83cb30000 - 0x00007ff83cb47000 	C:\Program Files\JetBrains\IntelliJ IDEA Community Edition 2019.3.4\jbr\bin\VCRUNTIME140.dll
0x00007ff855b90000 - 0x00007ff855d24000 	C:\WINDOWS\System32\USER32.dll
0x00007ff8546a0000 - 0x00007ff8546c1000 	C:\WINDOWS\System32\win32u.dll
0x00007ff843b70000 - 0x00007ff843df5000 	C:\WINDOWS\WinSxS\amd64_microsoft.windows.common-controls_6595b64144ccf1df_6.0.18362.720_none_e6beb5c51314836b\COMCTL32.dll
0x00007ff8556c0000 - 0x00007ff8556e6000 	C:\WINDOWS\System32\GDI32.dll
0x00007ff8565c0000 - 0x00007ff85665e000 	C:\WINDOWS\System32\msvcrt.dll
0x00007ff853ee0000 - 0x00007ff854074000 	C:\WINDOWS\System32\gdi32full.dll
0x00007ff855000000 - 0x00007ff855336000 	C:\WINDOWS\System32\combase.dll
0x00007ff854080000 - 0x00007ff85411e000 	C:\WINDOWS\System32\msvcp_win.dll
0x00007ff855760000 - 0x00007ff855880000 	C:\WINDOWS\System32\RPCRT4.dll
0x00007ff854420000 - 0x00007ff8544a0000 	C:\WINDOWS\System32\bcryptPrimitives.dll
0x00007ff856660000 - 0x00007ff85668e000 	C:\WINDOWS\System32\IMM32.DLL
0x00007ff835bd0000 - 0x00007ff835c6d000 	C:\Program Files\JetBrains\IntelliJ IDEA Community Edition 2019.3.4\jbr\bin\msvcp140.dll
0x00007ffff2e30000 - 0x00007ffff38ed000 	C:\Program Files\JetBrains\IntelliJ IDEA Community Edition 2019.3.4\jbr\bin\server\jvm.dll
0x00007ff856700000 - 0x00007ff8567a3000 	C:\WINDOWS\System32\ADVAPI32.dll
0x00007ff855570000 - 0x00007ff855607000 	C:\WINDOWS\System32\sechost.dll
0x00007ff8565a0000 - 0x00007ff8565a8000 	C:\WINDOWS\System32\PSAPI.DLL
0x00007ff8417b0000 - 0x00007ff8417b9000 	C:\WINDOWS\SYSTEM32\WSOCK32.dll
0x00007ff854e50000 - 0x00007ff854ebf000 	C:\WINDOWS\System32\WS2_32.dll
0x00007ff84e880000 - 0x00007ff84e8a4000 	C:\WINDOWS\SYSTEM32\WINMM.dll
0x00007ff848a80000 - 0x00007ff848a8a000 	C:\WINDOWS\SYSTEM32\VERSION.dll
0x00007ff84e850000 - 0x00007ff84e87d000 	C:\WINDOWS\SYSTEM32\winmmbase.dll
0x00007ff854120000 - 0x00007ff85416a000 	C:\WINDOWS\System32\cfgmgr32.dll
0x00007ff853d10000 - 0x00007ff853d21000 	C:\WINDOWS\System32\kernel.appcore.dll
0x00007ff84e9f0000 - 0x00007ff84ea01000 	C:\Program Files\JetBrains\IntelliJ IDEA Community Edition 2019.3.4\jbr\bin\verify.dll
0x00007ff852530000 - 0x00007ff852724000 	C:\WINDOWS\SYSTEM32\DBGHELP.DLL
0x00007ff840290000 - 0x00007ff8402ba000 	C:\WINDOWS\SYSTEM32\dbgcore.DLL
0x00007ff83ebd0000 - 0x00007ff83ebf9000 	C:\Program Files\JetBrains\IntelliJ IDEA Community Edition 2019.3.4\jbr\bin\java.dll
0x00007ff84d590000 - 0x00007ff84d59f000 	C:\Program Files\JetBrains\IntelliJ IDEA Community Edition 2019.3.4\jbr\bin\instrument.dll
0x00007ff846aa0000 - 0x00007ff846ab8000 	C:\Program Files\JetBrains\IntelliJ IDEA Community Edition 2019.3.4\jbr\bin\zip.dll
0x00007ff8494c0000 - 0x00007ff8494cb000 	C:\Program Files\JetBrains\IntelliJ IDEA Community Edition 2019.3.4\jbr\bin\jimage.dll
0x00007ff855eb0000 - 0x00007ff856595000 	C:\WINDOWS\System32\SHELL32.dll
0x00007ff855610000 - 0x00007ff8556b9000 	C:\WINDOWS\System32\shcore.dll
0x00007ff8546d0000 - 0x00007ff854e50000 	C:\WINDOWS\System32\windows.storage.dll
0x00007ff853ce0000 - 0x00007ff853d03000 	C:\WINDOWS\System32\profapi.dll
0x00007ff853c90000 - 0x00007ff853cda000 	C:\WINDOWS\System32\powrprof.dll
0x00007ff853c60000 - 0x00007ff853c70000 	C:\WINDOWS\System32\UMPDC.dll
0x00007ff8567b0000 - 0x00007ff856802000 	C:\WINDOWS\System32\shlwapi.dll
0x00007ff8544a0000 - 0x00007ff8544b7000 	C:\WINDOWS\System32\cryptsp.dll
0x00007ff846a20000 - 0x00007ff846a3a000 	C:\Program Files\JetBrains\IntelliJ IDEA Community Edition 2019.3.4\jbr\bin\net.dll
0x00007ff846370000 - 0x00007ff846461000 	C:\WINDOWS\SYSTEM32\WINHTTP.dll
0x00007ff8534d0000 - 0x00007ff853537000 	C:\WINDOWS\system32\mswsock.dll
0x00007ff83ccc0000 - 0x00007ff83ccd4000 	C:\Program Files\JetBrains\IntelliJ IDEA Community Edition 2019.3.4\jbr\bin\nio.dll
0x00007ff83ca40000 - 0x00007ff83ca5a000 	C:\Program Files\JetBrains\IntelliJ IDEA Community Edition 2019.3.4\bin\breakgen64.dll
0x00007ff853040000 - 0x00007ff853073000 	C:\WINDOWS\system32\rsaenh.dll
0x00007ff854570000 - 0x00007ff854596000 	C:\WINDOWS\System32\bcrypt.dll
0x00007ff853b80000 - 0x00007ff853ba5000 	C:\WINDOWS\SYSTEM32\USERENV.dll
0x00007ff8536a0000 - 0x00007ff8536ac000 	C:\WINDOWS\SYSTEM32\CRYPTBASE.dll
0x00007ff8531e0000 - 0x00007ff85321a000 	C:\WINDOWS\SYSTEM32\IPHLPAPI.DLL
0x00007ff8565b0000 - 0x00007ff8565b8000 	C:\WINDOWS\System32\NSI.dll
0x00007ff848000000 - 0x00007ff848016000 	C:\WINDOWS\SYSTEM32\dhcpcsvc6.DLL
0x00007ff8486c0000 - 0x00007ff8486dc000 	C:\WINDOWS\SYSTEM32\dhcpcsvc.DLL
0x00007ff853230000 - 0x00007ff8532fa000 	C:\WINDOWS\SYSTEM32\DNSAPI.dll
0x00007ff8495d0000 - 0x00007ff8495da000 	C:\Users\Dhanushguntha\AppData\Local\Temp\jansi-1.17.1-15780490359545124848.dll
0x00007ff83ca70000 - 0x00007ff83ca7a000 	C:\Users\Dhanushguntha\AppData\Local\Temp\jansi-1.17.1-9589376476924921126.dll
0x00007ff835c70000 - 0x00007ff835c98000 	C:\Program Files\JetBrains\IntelliJ IDEA Community Edition 2019.3.4\jbr\bin\sunec.dll
0x00007ff845ba0000 - 0x00007ff845baa000 	C:\Windows\System32\rasadhlp.dll
0x00007ff847f00000 - 0x00007ff847f77000 	C:\WINDOWS\System32\fwpuclnt.dll

dbghelp: loaded successfully - version: 4.0.5 - missing functions: none
symbol engine: initialized successfully - sym options: 0x614 - pdb path: .;C:\Program Files\JetBrains\IntelliJ IDEA Community Edition 2019.3.4\jbr\bin;C:\WINDOWS\SYSTEM32;C:\WINDOWS\WinSxS\amd64_microsoft.windows.common-controls_6595b64144ccf1df_6.0.18362.720_none_e6beb5c51314836b;C:\Program Files\JetBrains\IntelliJ IDEA Community Edition 2019.3.4\jbr\bin\server;C:\Program Files\JetBrains\IntelliJ IDEA Community Edition 2019.3.4\bin;C:\Users\Dhanushguntha\AppData\Local\Temp

VM Arguments:
jvm_args: -Dmaven.multiModuleProjectDirectory=C:\Users\Dhanushguntha\Desktop\webcontroller\webcontroller -Dmaven.home=C:\Program Files\JetBrains\IntelliJ IDEA Community Edition 2019.3.4\plugins\maven\lib\maven3 -Didea.modules.paths.file=C:\Users\Dhanushguntha\.IdeaIC2019.3\system\Maven\idea-projects-state-77b1fe01.properties -Dclassworlds.conf=C:\Users\Dhanushguntha\AppData\Local\Temp\idea-8-mvn.conf -Dmaven.ext.class.path=C:\Program Files\JetBrains\IntelliJ IDEA Community Edition 2019.3.4\plugins\maven\lib\maven-event-listener.jar -javaagent:C:\Program Files\JetBrains\IntelliJ IDEA Community Edition 2019.3.4\lib\idea_rt.jar=51624:C:\Program Files\JetBrains\IntelliJ IDEA Community Edition 2019.3.4\bin -Dfile.encoding=UTF-8 
java_command: org.codehaus.classworlds.Launcher -Didea.version2019.3.4 spring-boot:run
java_class_path (initial): C:\Program Files\JetBrains\IntelliJ IDEA Community Edition 2019.3.4\plugins\maven\lib\maven3\boot\plexus-classworlds-2.6.0.jar
Launcher Type: SUN_STANDARD

[Global flags]
     intx CICompilerCount                          = 3                                         {product} {ergonomic}
     uint ConcGCThreads                            = 1                                         {product} {ergonomic}
     uint G1ConcRefinementThreads                  = 4                                         {product} {ergonomic}
   size_t G1HeapRegionSize                         = 1048576                                   {product} {ergonomic}
    uintx GCDrainStackTargetSize                   = 64                                        {product} {ergonomic}
   size_t InitialHeapSize                          = 134217728                                 {product} {ergonomic}
   size_t MarkStackSize                            = 4194304                                   {product} {ergonomic}
   size_t MaxHeapSize                              = 2118123520                                {product} {ergonomic}
   size_t MaxNewSize                               = 1270874112                                {product} {ergonomic}
   size_t MinHeapDeltaBytes                        = 1048576                                   {product} {ergonomic}
    uintx NonNMethodCodeHeapSize                   = 5830732                                {pd product} {ergonomic}
    uintx NonProfiledCodeHeapSize                  = 122913754                              {pd product} {ergonomic}
    uintx ProfiledCodeHeapSize                     = 122913754                              {pd product} {ergonomic}
    uintx ReservedCodeCacheSize                    = 251658240                              {pd product} {ergonomic}
     bool SegmentedCodeCache                       = true                                      {product} {ergonomic}
     bool UseCompressedClassPointers               = true                                 {lp64_product} {ergonomic}
     bool UseCompressedOops                        = true                                 {lp64_product} {ergonomic}
     bool UseG1GC                                  = true                                      {product} {ergonomic}
     bool UseLargePagesIndividualAllocation        = false                                  {pd product} {ergonomic}

Logging:
Log output configuration:
 #0: stdout all=warning uptime,level,tags
 #1: stderr all=off uptime,level,tags

Environment Variables:
JAVA_HOME=C:\Program Files\Java\jdk-11.0.6
PATH=C:\Python27\;C:\Python27\Scripts;C:\Program Files (x86)\Intel\iCLS Client\;C:\Program Files\Intel\iCLS Client\;C:\windows\system32;C:\windows;C:\windows\System32\Wbem;C:\windows\System32\WindowsPowerShell\v1.0\;C:\Program Files (x86)\Intel\Intel(R) Management Engine Components\DAL;C:\Program Files\Intel\Intel(R) Management Engine Components\DAL;C:\Program Files (x86)\Intel\Intel(R) Management Engine Components\IPT;C:\Program Files\Intel\Intel(R) Management Engine Components\IPT;C:\Program Files (x86)\NVIDIA Corporation\PhysX\Common;C:\WINDOWS\system32;C:\WINDOWS;C:\WINDOWS\System32\Wbem;C:\WINDOWS\System32\WindowsPowerShell\v1.0\;C:\WINDOWS\System32\OpenSSH\;C:\Users\Dhanushguntha\AppData\Local\Programs\Python\Python37;C:\Program Files\Intel\WiFi\bin\;C:\Program Files\Common Files\Intel\WirelessCommon\;C:\Program Files\Git\cmd;C:\Program Files (x86)\Yarn\bin\;C:\Program Files\NVIDIA Corporation\NVIDIA NvDLISR;C:\Program Files\nodejs;C:\ProgramData\chocolatey\bin;C:\Program Files\nodejs\;C:\opt\apache-maven-3.6.3\bin;C:\Program Files\Java\jdk-11.0.6\bin;C:\Users\Dhanushguntha\Anaconda3\Scripts;C:\Users\Dhanushguntha\Anaconda3\Scripts;C:\Users\Dhanushguntha\AppData\Local\Programs\Microsoft VS Code\bin;C:\Users\Dhanushguntha\AppData\Roaming\npm;
USERNAME=Dhanushguntha
OS=Windows_NT
PROCESSOR_IDENTIFIER=Intel64 Family 6 Model 142 Stepping 9, GenuineIntel



---------------  S Y S T E M  ---------------

OS: Windows 10 , 64 bit Build 18362 (10.0.18362.329)

CPU:total 4 (initial active 4) (2 cores per cpu, 2 threads per core) family 6 model 142 stepping 9, cmov, cx8, fxsr, mmx, sse, sse2, sse3, ssse3, sse4.1, sse4.2, popcnt, avx, avx2, aes, clmul, erms, 3dnowpref, lzcnt, ht, tsc, tscinvbit, bmi1, bmi2, adx, fma

Memory: 4k page, system-wide physical 8077M (867M free)
TotalPageFile size 8077M (AvailPageFile size 41M)
current process WorkingSet (physical memory assigned to process): 190M, peak: 213M
current process commit charge ("private bytes"): 243M, peak: 270M

vm_info: OpenJDK 64-Bit Server VM (11.0.6+8-b520.43) for windows-amd64 JRE (11.0.6+8-b520.43), built on Feb  3 2020 14:18:56 by "" with MS VC++ 14.0 (VS2015)

END.
