#
# There is insufficient memory for the Java Runtime Environment to continue.
# Native memory allocation (malloc) failed to allocate 1048576 bytes for AllocateHeap
# Possible reasons:
#   The system is out of physical RAM or swap space
#   The process is running with CompressedOops enabled, and the Java Heap may be blocking the growth of the native heap
# Possible solutions:
#   Reduce memory load on the system
#   Increase physical memory or swap space
#   Check if swap backing store is full
#   Decrease Java heap size (-Xmx/-Xms)
#   Decrease number of Java threads
#   Decrease Java thread stack sizes (-Xss)
#   Set larger code cache with -XX:ReservedCodeCacheSize=
#   JVM is running with Unscaled Compressed Oops mode in which the Java heap is
#     placed in the first 4GB address space. The Java Heap base address is the
#     maximum limit for the native heap growth. Please use -XX:HeapBaseMinAddress
#     to set the Java Heap base and to place the Java Heap above 4GB virtual address.
# This output file may be truncated or incomplete.
#
#  Out of Memory Error (t:/workspace/open/src/hotspot/share/memory/allocation.cpp:46), pid=8044, tid=8396
#
# JRE version: Java(TM) SE Runtime Environment (11.0.6+8) (build 11.0.6+8-LTS)
# Java VM: Java HotSpot(TM) 64-Bit Server VM (11.0.6+8-LTS, mixed mode, tiered, compressed oops, g1 gc, windows-amd64)
# No core dump will be written. Minidumps are not enabled by default on client versions of Windows
#

---------------  S U M M A R Y ------------

Command Line: -Dmaven.multiModuleProjectDirectory=C:\Users\Dhanushguntha\Desktop\webcontroller\webcontroller -Dmaven.home=C:\Program Files\JetBrains\IntelliJ IDEA Community Edition 2019.3.4\plugins\maven\lib\maven3 -Dclassworlds.conf=C:\Program Files\JetBrains\IntelliJ IDEA Community Edition 2019.3.4\plugins\maven\lib\maven3\bin\m2.conf -Dmaven.ext.class.path=C:\Program Files\JetBrains\IntelliJ IDEA Community Edition 2019.3.4\plugins\maven\lib\maven-event-listener.jar -javaagent:C:\Program Files\JetBrains\IntelliJ IDEA Community Edition 2019.3.4\lib\idea_rt.jar=53779:C:\Program Files\JetBrains\IntelliJ IDEA Community Edition 2019.3.4\bin -Dfile.encoding=UTF-8 org.codehaus.classworlds.Launcher -Didea.version2019.3.4 spring-boot:run

Host: Intel(R) Core(TM) i5-7200U CPU @ 2.50GHz, 4 cores, 7G,  Windows 10 , 64 bit Build 18362 (10.0.18362.778)
Time: Mon Apr 27 12:52:07 2020 India Standard Time elapsed time: 0 seconds (0d 0h 0m 0s)

---------------  T H R E A D  ---------------

Current thread (0x00000125f9cff800):  VMThread "VM Thread" [stack: 0x0000000b1f900000,0x0000000b1fa00000] [id=8396]

Stack: [0x0000000b1f900000,0x0000000b1fa00000]
[error occurred during error reporting (printing stack bounds), id 0xc0000005, EXCEPTION_ACCESS_VIOLATION (0xc0000005) at pc=0x00000125e3d10bad]

Native frames: (J=compiled Java code, j=interpreted, Vv=VM code, C=native code)
V  [jvm.dll+0x63679a]
V  [jvm.dll+0x7755bf]
V  [jvm.dll+0x776c65]
V  [jvm.dll+0x777235]
V  [jvm.dll+0x7771eb]
V  [jvm.dll+0x635e96]
V  [jvm.dll+0x636268]
C  [ntdll.dll+0xa11cf]
C  [ntdll.dll+0x6a209]
C  [ntdll.dll+0x9fe3e]
C  0x00000125e3d10bad

VM_Operation (0x0000000b1f3fa200): CollectForMetadataAllocation, mode: safepoint, requested by thread 0x00000125db98a000


---------------  P R O C E S S  ---------------

Threads class SMR info:
_java_thread_list=0x00000125fac7e030, length=11, elements={
0x00000125db98a000, 0x00000125f9d26800, 0x00000125f9d30800, 0x00000125fa6a2800,
0x00000125fa6a3800, 0x00000125f9d3e000, 0x00000125f9d46800, 0x00000125f9d49800,
0x00000125fa800000, 0x00000125fa998000, 0x00000125fa8eb800
}

Java Threads: ( => current thread )
  0x00000125db98a000 JavaThread "main" [_thread_blocked, id=1896, stack(0x0000000b1f300000,0x0000000b1f400000)]
  0x00000125f9d26800 JavaThread "Reference Handler" daemon [_thread_blocked, id=11616, stack(0x0000000b1fa00000,0x0000000b1fb00000)]
  0x00000125f9d30800 JavaThread "Finalizer" daemon [_thread_blocked, id=9320, stack(0x0000000b1fb00000,0x0000000b1fc00000)]
  0x00000125fa6a2800 JavaThread "Signal Dispatcher" daemon [_thread_blocked, id=12608, stack(0x0000000b1fc00000,0x0000000b1fd00000)]
  0x00000125fa6a3800 JavaThread "Attach Listener" daemon [_thread_blocked, id=12856, stack(0x0000000b1fd00000,0x0000000b1fe00000)]
  0x00000125f9d3e000 JavaThread "C2 CompilerThread0" daemon [_thread_blocked, id=12816, stack(0x0000000b1fe00000,0x0000000b1ff00000)]
  0x00000125f9d46800 JavaThread "C1 CompilerThread0" daemon [_thread_blocked, id=3856, stack(0x0000000b1ff00000,0x0000000b20000000)]
  0x00000125f9d49800 JavaThread "Sweeper thread" daemon [_thread_blocked, id=3776, stack(0x0000000b20000000,0x0000000b20100000)]
  0x00000125fa800000 JavaThread "Common-Cleaner" daemon [_thread_blocked, id=900, stack(0x0000000b20100000,0x0000000b20200000)]
  0x00000125fa998000 JavaThread "Monitor Ctrl-Break" daemon [_thread_in_native, id=13092, stack(0x0000000b20200000,0x0000000b20300000)]
  0x00000125fa8eb800 JavaThread "Service Thread" daemon [_thread_blocked, id=10144, stack(0x0000000b20300000,0x0000000b20400000)]

Other Threads:
=>0x00000125f9cff800 VMThread "VM Thread" [stack: 0x0000000b1f900000,0x0000000b1fa00000] [id=8396]
  0x00000125fa8a7000 WatcherThread [stack: 0x0000000b20400000,0x0000000b20500000] [id=10208]
  0x00000125db9a2000 GCTaskThread "GC Thread#0" [stack: 0x0000000b1f400000,0x0000000b1f500000] [id=12864]
  0x00000125fad4a000 GCTaskThread "GC Thread#1" [stack: 0x0000000b20500000,0x0000000b20600000] [id=5828]
  0x00000125fad4b000 GCTaskThread "GC Thread#2" [stack: 0x0000000b20600000,0x0000000b20700000] [id=3136]
  0x00000125db9d1800 ConcurrentGCThread "G1 Main Marker" [stack: 0x0000000b1f500000,0x0000000b1f600000] [id=1288]
  0x00000125db9d4000 ConcurrentGCThread "G1 Conc#0" [stack: 0x0000000b1f600000,0x0000000b1f700000] [id=7708]
  0x00000125f9b70800 ConcurrentGCThread "G1 Refine#0" [stack: 0x0000000b1f700000,0x0000000b1f800000] [id=11940]
  0x00000125f9b71800 ConcurrentGCThread "G1 Young RemSet Sampling" [stack: 0x0000000b1f800000,0x0000000b1f900000] [id=5024]

Threads with active compile tasks:
C1 CompilerThread0 650       3       java.util.Locale::getInstance (36 bytes)

VM state:at safepoint (normal execution)

VM Mutex/Monitor currently owned by a thread:  ([mutex/lock_event])
[0x00000125db985f50] Threads_lock - owner thread: 0x00000125f9cff800
[0x00000125db986970] Heap_lock - owner thread: 0x00000125db98a000

Heap address: 0x0000000081c00000, size: 2020 MB, Compressed Oops mode: 32-bit
Narrow klass base: 0x0000000000000000, Narrow klass shift: 3
Compressed class space size: 1073741824 Address: 0x0000000100000000

Heap:
 garbage-first heap   total 131072K, used 2773K [0x0000000081c00000, 0x0000000100000000)
  region size 1024K, 2 young (2048K), 2 survivors (2048K)
 Metaspace       used 9190K, capacity 9320K, committed 9472K, reserved 1069056K
  class space    used 823K, capacity 920K, committed 1024K, reserved 1048576K
Heap Regions: E=young(eden), S=young(survivor), O=old, HS=humongous(starts), HC=humongous(continues), CS=collection set, F=free, A=archive, TAMS=top-at-mark-start (previous, next)
|   0|0x0000000081c00000, 0x0000000081cb5600, 0x0000000081d00000| 70%| O|  |TAMS 0x0000000081c00000, 0x0000000081cb5600| Untracked 
|   1|0x0000000081d00000, 0x0000000081d00000, 0x0000000081e00000|  0%| F|  |TAMS 0x0000000081d00000, 0x0000000081d00000| Untracked 
|   2|0x0000000081e00000, 0x0000000081e00000, 0x0000000081f00000|  0%| F|  |TAMS 0x0000000081e00000, 0x0000000081e00000| Untracked 
|   3|0x0000000081f00000, 0x0000000081f00000, 0x0000000082000000|  0%| F|  |TAMS 0x0000000081f00000, 0x0000000081f00000| Untracked 
|   4|0x0000000082000000, 0x0000000082000000, 0x0000000082100000|  0%| F|  |TAMS 0x0000000082000000, 0x0000000082000000| Untracked 
|   5|0x0000000082100000, 0x0000000082100000, 0x0000000082200000|  0%| F|  |TAMS 0x0000000082100000, 0x0000000082100000| Untracked 
|   6|0x0000000082200000, 0x0000000082200000, 0x0000000082300000|  0%| F|  |TAMS 0x0000000082200000, 0x0000000082200000| Untracked 
|   7|0x0000000082300000, 0x0000000082300000, 0x0000000082400000|  0%| F|  |TAMS 0x0000000082300000, 0x0000000082300000| Untracked 
|   8|0x0000000082400000, 0x0000000082400000, 0x0000000082500000|  0%| F|  |TAMS 0x0000000082400000, 0x0000000082400000| Untracked 
|   9|0x0000000082500000, 0x0000000082500000, 0x0000000082600000|  0%| F|  |TAMS 0x0000000082500000, 0x0000000082500000| Untracked 
|  10|0x0000000082600000, 0x0000000082600000, 0x0000000082700000|  0%| F|  |TAMS 0x0000000082600000, 0x0000000082600000| Untracked 
|  11|0x0000000082700000, 0x0000000082700000, 0x0000000082800000|  0%| F|  |TAMS 0x0000000082700000, 0x0000000082700000| Untracked 
|  12|0x0000000082800000, 0x0000000082800000, 0x0000000082900000|  0%| F|  |TAMS 0x0000000082800000, 0x0000000082800000| Untracked 
|  13|0x0000000082900000, 0x0000000082900000, 0x0000000082a00000|  0%| F|  |TAMS 0x0000000082900000, 0x0000000082900000| Untracked 
|  14|0x0000000082a00000, 0x0000000082a00000, 0x0000000082b00000|  0%| F|  |TAMS 0x0000000082a00000, 0x0000000082a00000| Untracked 
|  15|0x0000000082b00000, 0x0000000082b00000, 0x0000000082c00000|  0%| F|  |TAMS 0x0000000082b00000, 0x0000000082b00000| Untracked 
|  16|0x0000000082c00000, 0x0000000082c00000, 0x0000000082d00000|  0%| F|  |TAMS 0x0000000082c00000, 0x0000000082c00000| Untracked 
|  17|0x0000000082d00000, 0x0000000082d00000, 0x0000000082e00000|  0%| F|  |TAMS 0x0000000082d00000, 0x0000000082d00000| Untracked 
|  18|0x0000000082e00000, 0x0000000082e00000, 0x0000000082f00000|  0%| F|  |TAMS 0x0000000082e00000, 0x0000000082e00000| Untracked 
|  19|0x0000000082f00000, 0x0000000082f00000, 0x0000000083000000|  0%| F|  |TAMS 0x0000000082f00000, 0x0000000082f00000| Untracked 
|  20|0x0000000083000000, 0x0000000083000000, 0x0000000083100000|  0%| F|  |TAMS 0x0000000083000000, 0x0000000083000000| Untracked 
|  21|0x0000000083100000, 0x0000000083100000, 0x0000000083200000|  0%| F|  |TAMS 0x0000000083100000, 0x0000000083100000| Untracked 
|  22|0x0000000083200000, 0x0000000083200000, 0x0000000083300000|  0%| F|  |TAMS 0x0000000083200000, 0x0000000083200000| Untracked 
|  23|0x0000000083300000, 0x0000000083300000, 0x0000000083400000|  0%| F|  |TAMS 0x0000000083300000, 0x0000000083300000| Untracked 
|  24|0x0000000083400000, 0x0000000083400000, 0x0000000083500000|  0%| F|  |TAMS 0x0000000083400000, 0x0000000083400000| Untracked 
|  25|0x0000000083500000, 0x0000000083500000, 0x0000000083600000|  0%| F|  |TAMS 0x0000000083500000, 0x0000000083500000| Untracked 
|  26|0x0000000083600000, 0x0000000083600000, 0x0000000083700000|  0%| F|  |TAMS 0x0000000083600000, 0x0000000083600000| Untracked 
|  27|0x0000000083700000, 0x0000000083700000, 0x0000000083800000|  0%| F|  |TAMS 0x0000000083700000, 0x0000000083700000| Untracked 
|  28|0x0000000083800000, 0x0000000083800000, 0x0000000083900000|  0%| F|  |TAMS 0x0000000083800000, 0x0000000083800000| Untracked 
|  29|0x0000000083900000, 0x0000000083900000, 0x0000000083a00000|  0%| F|  |TAMS 0x0000000083900000, 0x0000000083900000| Untracked 
|  30|0x0000000083a00000, 0x0000000083a00000, 0x0000000083b00000|  0%| F|  |TAMS 0x0000000083a00000, 0x0000000083a00000| Untracked 
|  31|0x0000000083b00000, 0x0000000083b00000, 0x0000000083c00000|  0%| F|  |TAMS 0x0000000083b00000, 0x0000000083b00000| Untracked 
|  32|0x0000000083c00000, 0x0000000083c00000, 0x0000000083d00000|  0%| F|  |TAMS 0x0000000083c00000, 0x0000000083c00000| Untracked 
|  33|0x0000000083d00000, 0x0000000083d00000, 0x0000000083e00000|  0%| F|  |TAMS 0x0000000083d00000, 0x0000000083d00000| Untracked 
|  34|0x0000000083e00000, 0x0000000083e00000, 0x0000000083f00000|  0%| F|  |TAMS 0x0000000083e00000, 0x0000000083e00000| Untracked 
|  35|0x0000000083f00000, 0x0000000083f00000, 0x0000000084000000|  0%| F|  |TAMS 0x0000000083f00000, 0x0000000083f00000| Untracked 
|  36|0x0000000084000000, 0x0000000084000000, 0x0000000084100000|  0%| F|  |TAMS 0x0000000084000000, 0x0000000084000000| Untracked 
|  37|0x0000000084100000, 0x0000000084100000, 0x0000000084200000|  0%| F|  |TAMS 0x0000000084100000, 0x0000000084100000| Untracked 
|  38|0x0000000084200000, 0x0000000084200000, 0x0000000084300000|  0%| F|  |TAMS 0x0000000084200000, 0x0000000084200000| Untracked 
|  39|0x0000000084300000, 0x0000000084300000, 0x0000000084400000|  0%| F|  |TAMS 0x0000000084300000, 0x0000000084300000| Untracked 
|  40|0x0000000084400000, 0x0000000084400000, 0x0000000084500000|  0%| F|  |TAMS 0x0000000084400000, 0x0000000084400000| Untracked 
|  41|0x0000000084500000, 0x0000000084500000, 0x0000000084600000|  0%| F|  |TAMS 0x0000000084500000, 0x0000000084500000| Untracked 
|  42|0x0000000084600000, 0x0000000084600000, 0x0000000084700000|  0%| F|  |TAMS 0x0000000084600000, 0x0000000084600000| Untracked 
|  43|0x0000000084700000, 0x0000000084700000, 0x0000000084800000|  0%| F|  |TAMS 0x0000000084700000, 0x0000000084700000| Untracked 
|  44|0x0000000084800000, 0x0000000084800000, 0x0000000084900000|  0%| F|  |TAMS 0x0000000084800000, 0x0000000084800000| Untracked 
|  45|0x0000000084900000, 0x0000000084900000, 0x0000000084a00000|  0%| F|  |TAMS 0x0000000084900000, 0x0000000084900000| Untracked 
|  46|0x0000000084a00000, 0x0000000084a00000, 0x0000000084b00000|  0%| F|  |TAMS 0x0000000084a00000, 0x0000000084a00000| Untracked 
|  47|0x0000000084b00000, 0x0000000084b00000, 0x0000000084c00000|  0%| F|  |TAMS 0x0000000084b00000, 0x0000000084b00000| Untracked 
|  48|0x0000000084c00000, 0x0000000084c00000, 0x0000000084d00000|  0%| F|  |TAMS 0x0000000084c00000, 0x0000000084c00000| Untracked 
|  49|0x0000000084d00000, 0x0000000084d00000, 0x0000000084e00000|  0%| F|  |TAMS 0x0000000084d00000, 0x0000000084d00000| Untracked 
|  50|0x0000000084e00000, 0x0000000084e00000, 0x0000000084f00000|  0%| F|  |TAMS 0x0000000084e00000, 0x0000000084e00000| Untracked 
|  51|0x0000000084f00000, 0x0000000084f00000, 0x0000000085000000|  0%| F|  |TAMS 0x0000000084f00000, 0x0000000084f00000| Untracked 
|  52|0x0000000085000000, 0x0000000085000000, 0x0000000085100000|  0%| F|  |TAMS 0x0000000085000000, 0x0000000085000000| Untracked 
|  53|0x0000000085100000, 0x0000000085100000, 0x0000000085200000|  0%| F|  |TAMS 0x0000000085100000, 0x0000000085100000| Untracked 
|  54|0x0000000085200000, 0x0000000085200000, 0x0000000085300000|  0%| F|  |TAMS 0x0000000085200000, 0x0000000085200000| Untracked 
|  55|0x0000000085300000, 0x0000000085300000, 0x0000000085400000|  0%| F|  |TAMS 0x0000000085300000, 0x0000000085300000| Untracked 
|  56|0x0000000085400000, 0x0000000085400000, 0x0000000085500000|  0%| F|  |TAMS 0x0000000085400000, 0x0000000085400000| Untracked 
|  57|0x0000000085500000, 0x0000000085500000, 0x0000000085600000|  0%| F|  |TAMS 0x0000000085500000, 0x0000000085500000| Untracked 
|  58|0x0000000085600000, 0x0000000085600000, 0x0000000085700000|  0%| F|  |TAMS 0x0000000085600000, 0x0000000085600000| Untracked 
|  59|0x0000000085700000, 0x0000000085700000, 0x0000000085800000|  0%| F|  |TAMS 0x0000000085700000, 0x0000000085700000| Untracked 
|  60|0x0000000085800000, 0x0000000085800000, 0x0000000085900000|  0%| F|  |TAMS 0x0000000085800000, 0x0000000085800000| Untracked 
|  61|0x0000000085900000, 0x0000000085900000, 0x0000000085a00000|  0%| F|  |TAMS 0x0000000085900000, 0x0000000085900000| Untracked 
|  62|0x0000000085a00000, 0x0000000085a00000, 0x0000000085b00000|  0%| F|  |TAMS 0x0000000085a00000, 0x0000000085a00000| Untracked 
|  63|0x0000000085b00000, 0x0000000085b00000, 0x0000000085c00000|  0%| F|  |TAMS 0x0000000085b00000, 0x0000000085b00000| Untracked 
|  64|0x0000000085c00000, 0x0000000085c00000, 0x0000000085d00000|  0%| F|  |TAMS 0x0000000085c00000, 0x0000000085c00000| Untracked 
|  65|0x0000000085d00000, 0x0000000085d00000, 0x0000000085e00000|  0%| F|  |TAMS 0x0000000085d00000, 0x0000000085d00000| Untracked 
|  66|0x0000000085e00000, 0x0000000085e00000, 0x0000000085f00000|  0%| F|  |TAMS 0x0000000085e00000, 0x0000000085e00000| Untracked 
|  67|0x0000000085f00000, 0x0000000085f00000, 0x0000000086000000|  0%| F|  |TAMS 0x0000000085f00000, 0x0000000085f00000| Untracked 
|  68|0x0000000086000000, 0x0000000086000000, 0x0000000086100000|  0%| F|  |TAMS 0x0000000086000000, 0x0000000086000000| Untracked 
|  69|0x0000000086100000, 0x0000000086100000, 0x0000000086200000|  0%| F|  |TAMS 0x0000000086100000, 0x0000000086100000| Untracked 
|  70|0x0000000086200000, 0x0000000086200000, 0x0000000086300000|  0%| F|  |TAMS 0x0000000086200000, 0x0000000086200000| Untracked 
|  71|0x0000000086300000, 0x0000000086300000, 0x0000000086400000|  0%| F|  |TAMS 0x0000000086300000, 0x0000000086300000| Untracked 
|  72|0x0000000086400000, 0x0000000086400000, 0x0000000086500000|  0%| F|  |TAMS 0x0000000086400000, 0x0000000086400000| Untracked 
|  73|0x0000000086500000, 0x0000000086500000, 0x0000000086600000|  0%| F|  |TAMS 0x0000000086500000, 0x0000000086500000| Untracked 
|  74|0x0000000086600000, 0x0000000086600000, 0x0000000086700000|  0%| F|  |TAMS 0x0000000086600000, 0x0000000086600000| Untracked 
|  75|0x0000000086700000, 0x0000000086700000, 0x0000000086800000|  0%| F|  |TAMS 0x0000000086700000, 0x0000000086700000| Untracked 
|  76|0x0000000086800000, 0x0000000086800000, 0x0000000086900000|  0%| F|  |TAMS 0x0000000086800000, 0x0000000086800000| Untracked 
|  77|0x0000000086900000, 0x0000000086900000, 0x0000000086a00000|  0%| F|  |TAMS 0x0000000086900000, 0x0000000086900000| Untracked 
|  78|0x0000000086a00000, 0x0000000086a00000, 0x0000000086b00000|  0%| F|  |TAMS 0x0000000086a00000, 0x0000000086a00000| Untracked 
|  79|0x0000000086b00000, 0x0000000086b00000, 0x0000000086c00000|  0%| F|  |TAMS 0x0000000086b00000, 0x0000000086b00000| Untracked 
|  80|0x0000000086c00000, 0x0000000086c00000, 0x0000000086d00000|  0%| F|  |TAMS 0x0000000086c00000, 0x0000000086c00000| Untracked 
|  81|0x0000000086d00000, 0x0000000086d00000, 0x0000000086e00000|  0%| F|  |TAMS 0x0000000086d00000, 0x0000000086d00000| Untracked 
|  82|0x0000000086e00000, 0x0000000086e00000, 0x0000000086f00000|  0%| F|  |TAMS 0x0000000086e00000, 0x0000000086e00000| Untracked 
|  83|0x0000000086f00000, 0x0000000086f00000, 0x0000000087000000|  0%| F|  |TAMS 0x0000000086f00000, 0x0000000086f00000| Untracked 
|  84|0x0000000087000000, 0x0000000087000000, 0x0000000087100000|  0%| F|  |TAMS 0x0000000087000000, 0x0000000087000000| Untracked 
|  85|0x0000000087100000, 0x0000000087100000, 0x0000000087200000|  0%| F|  |TAMS 0x0000000087100000, 0x0000000087100000| Untracked 
|  86|0x0000000087200000, 0x0000000087200000, 0x0000000087300000|  0%| F|  |TAMS 0x0000000087200000, 0x0000000087200000| Untracked 
|  87|0x0000000087300000, 0x0000000087300000, 0x0000000087400000|  0%| F|  |TAMS 0x0000000087300000, 0x0000000087300000| Untracked 
|  88|0x0000000087400000, 0x0000000087400000, 0x0000000087500000|  0%| F|  |TAMS 0x0000000087400000, 0x0000000087400000| Untracked 
|  89|0x0000000087500000, 0x0000000087500000, 0x0000000087600000|  0%| F|  |TAMS 0x0000000087500000, 0x0000000087500000| Untracked 
|  90|0x0000000087600000, 0x0000000087600000, 0x0000000087700000|  0%| F|  |TAMS 0x0000000087600000, 0x0000000087600000| Untracked 
|  91|0x0000000087700000, 0x0000000087700000, 0x0000000087800000|  0%| F|  |TAMS 0x0000000087700000, 0x0000000087700000| Untracked 
|  92|0x0000000087800000, 0x0000000087800000, 0x0000000087900000|  0%| F|  |TAMS 0x0000000087800000, 0x0000000087800000| Untracked 
|  93|0x0000000087900000, 0x0000000087900000, 0x0000000087a00000|  0%| F|  |TAMS 0x0000000087900000, 0x0000000087900000| Untracked 
|  94|0x0000000087a00000, 0x0000000087a00000, 0x0000000087b00000|  0%| F|  |TAMS 0x0000000087a00000, 0x0000000087a00000| Untracked 
|  95|0x0000000087b00000, 0x0000000087b00000, 0x0000000087c00000|  0%| F|  |TAMS 0x0000000087b00000, 0x0000000087b00000| Untracked 
|  96|0x0000000087c00000, 0x0000000087c00000, 0x0000000087d00000|  0%| F|  |TAMS 0x0000000087c00000, 0x0000000087c00000| Untracked 
|  97|0x0000000087d00000, 0x0000000087d00000, 0x0000000087e00000|  0%| F|  |TAMS 0x0000000087d00000, 0x0000000087d00000| Untracked 
|  98|0x0000000087e00000, 0x0000000087e00000, 0x0000000087f00000|  0%| F|  |TAMS 0x0000000087e00000, 0x0000000087e00000| Untracked 
|  99|0x0000000087f00000, 0x0000000087f00000, 0x0000000088000000|  0%| F|  |TAMS 0x0000000087f00000, 0x0000000087f00000| Untracked 
| 100|0x0000000088000000, 0x0000000088000000, 0x0000000088100000|  0%| F|  |TAMS 0x0000000088000000, 0x0000000088000000| Untracked 
| 101|0x0000000088100000, 0x0000000088100000, 0x0000000088200000|  0%| F|  |TAMS 0x0000000088100000, 0x0000000088100000| Untracked 
| 102|0x0000000088200000, 0x0000000088200000, 0x0000000088300000|  0%| F|  |TAMS 0x0000000088200000, 0x0000000088200000| Untracked 
| 103|0x0000000088300000, 0x0000000088300000, 0x0000000088400000|  0%| F|  |TAMS 0x0000000088300000, 0x0000000088300000| Untracked 
| 104|0x0000000088400000, 0x0000000088400000, 0x0000000088500000|  0%| F|  |TAMS 0x0000000088400000, 0x0000000088400000| Untracked 
| 105|0x0000000088500000, 0x0000000088500000, 0x0000000088600000|  0%| F|  |TAMS 0x0000000088500000, 0x0000000088500000| Untracked 
| 106|0x0000000088600000, 0x0000000088600000, 0x0000000088700000|  0%| F|  |TAMS 0x0000000088600000, 0x0000000088600000| Untracked 
| 107|0x0000000088700000, 0x0000000088700000, 0x0000000088800000|  0%| F|  |TAMS 0x0000000088700000, 0x0000000088700000| Untracked 
| 108|0x0000000088800000, 0x0000000088800000, 0x0000000088900000|  0%| F|  |TAMS 0x0000000088800000, 0x0000000088800000| Untracked 
| 109|0x0000000088900000, 0x0000000088900000, 0x0000000088a00000|  0%| F|  |TAMS 0x0000000088900000, 0x0000000088900000| Untracked 
| 110|0x0000000088a00000, 0x0000000088a00000, 0x0000000088b00000|  0%| F|  |TAMS 0x0000000088a00000, 0x0000000088a00000| Untracked 
| 111|0x0000000088b00000, 0x0000000088b00000, 0x0000000088c00000|  0%| F|  |TAMS 0x0000000088b00000, 0x0000000088b00000| Untracked 
| 112|0x0000000088c00000, 0x0000000088c00000, 0x0000000088d00000|  0%| F|  |TAMS 0x0000000088c00000, 0x0000000088c00000| Untracked 
| 113|0x0000000088d00000, 0x0000000088d00000, 0x0000000088e00000|  0%| F|  |TAMS 0x0000000088d00000, 0x0000000088d00000| Untracked 
| 114|0x0000000088e00000, 0x0000000088e00000, 0x0000000088f00000|  0%| F|  |TAMS 0x0000000088e00000, 0x0000000088e00000| Untracked 
| 115|0x0000000088f00000, 0x0000000088f00000, 0x0000000089000000|  0%| F|  |TAMS 0x0000000088f00000, 0x0000000088f00000| Untracked 
| 116|0x0000000089000000, 0x0000000089000000, 0x0000000089100000|  0%| F|  |TAMS 0x0000000089000000, 0x0000000089000000| Untracked 
| 117|0x0000000089100000, 0x0000000089200000, 0x0000000089200000|100%| S|CS|TAMS 0x0000000089100000, 0x0000000089100000| Complete 
| 118|0x0000000089200000, 0x0000000089300000, 0x0000000089300000|100%| S|CS|TAMS 0x0000000089200000, 0x0000000089200000| Complete 
| 119|0x0000000089300000, 0x0000000089300000, 0x0000000089400000|  0%| F|  |TAMS 0x0000000089300000, 0x0000000089300000| Untracked 
| 120|0x0000000089400000, 0x0000000089400000, 0x0000000089500000|  0%| F|  |TAMS 0x0000000089400000, 0x0000000089400000| Untracked 
| 121|0x0000000089500000, 0x0000000089500000, 0x0000000089600000|  0%| F|  |TAMS 0x0000000089500000, 0x0000000089500000| Untracked 
| 122|0x0000000089600000, 0x0000000089600000, 0x0000000089700000|  0%| F|  |TAMS 0x0000000089600000, 0x0000000089600000| Untracked 
| 123|0x0000000089700000, 0x0000000089700000, 0x0000000089800000|  0%| F|  |TAMS 0x0000000089700000, 0x0000000089700000| Untracked 
| 124|0x0000000089800000, 0x0000000089800000, 0x0000000089900000|  0%| F|  |TAMS 0x0000000089800000, 0x0000000089800000| Untracked 
| 125|0x0000000089900000, 0x0000000089900000, 0x0000000089a00000|  0%| F|  |TAMS 0x0000000089900000, 0x0000000089900000| Untracked 
| 126|0x0000000089a00000, 0x0000000089a00000, 0x0000000089b00000|  0%| F|  |TAMS 0x0000000089a00000, 0x0000000089a00000| Untracked 
| 127|0x0000000089b00000, 0x0000000089b00000, 0x0000000089c00000|  0%| F|  |TAMS 0x0000000089b00000, 0x0000000089b00000| Untracked 

Card table byte_map: [0x00000125f3110000,0x00000125f3510000] _byte_map_base: 0x00000125f2d02000

Marking Bits (Prev, Next): (CMBitMap*) 0x00000125db9c9118, (CMBitMap*) 0x00000125db9c9150
 Prev Bits: [0x00000125f3910000, 0x00000125f58a0000)
 Next Bits: [0x00000125f58a0000, 0x00000125f7830000)

Polling page: 0x00000125d96e0000

Metaspace:

Usage:
  Non-class:      8.20 MB capacity,     8.17 MB (>99%) used,    25.66 KB ( <1%) free+waste,     7.69 KB ( <1%) overhead. 
      Class:    920.00 KB capacity,   823.38 KB ( 89%) used,    92.94 KB ( 10%) free+waste,     3.69 KB ( <1%) overhead. 
       Both:      9.10 MB capacity,     8.97 MB ( 99%) used,   118.59 KB (  1%) free+waste,    11.38 KB ( <1%) overhead. 

Virtual space:
  Non-class space:       20.00 MB reserved,       8.25 MB ( 41%) committed 
      Class space:        1.00 GB reserved,       1.00 MB ( <1%) committed 
             Both:        1.02 GB reserved,       9.25 MB ( <1%) committed 

Chunk freelists:
   Non-Class:  6.00 KB
       Class:  1.00 KB
        Both:  7.00 KB

CodeHeap 'non-profiled nmethods': size=120064Kb used=207Kb max_used=207Kb free=119856Kb
 bounds [0x00000125eb7d0000, 0x00000125eba40000, 0x00000125f2d10000]
CodeHeap 'profiled nmethods': size=120000Kb used=1037Kb max_used=1037Kb free=118963Kb
 bounds [0x00000125e42a0000, 0x00000125e4510000, 0x00000125eb7d0000]
CodeHeap 'non-nmethods': size=5696Kb used=1072Kb max_used=1085Kb free=4623Kb
 bounds [0x00000125e3d10000, 0x00000125e3f80000, 0x00000125e42a0000]
 total_blobs=1188 nmethods=650 adapters=281
 compilation: enabled
              stopped_count=0, restarted_count=0
 full_count=0

Compilation events (10 events):
Event: 0.712 Thread 0x00000125f9d46800 nmethod 653 0x00000125e43a1a10 code [0x00000125e43a1bc0, 0x00000125e43a1d78]
Event: 0.712 Thread 0x00000125f9d46800  644       3       sun.util.locale.StringTokenIterator::hasNext (20 bytes)
Event: 0.713 Thread 0x00000125f9d46800 nmethod 644 0x00000125e43a1e10 code [0x00000125e43a1fe0, 0x00000125e43a2298]
Event: 0.713 Thread 0x00000125f9d46800  646       3       sun.util.locale.LocaleUtils::isLower (18 bytes)
Event: 0.713 Thread 0x00000125f9d46800 nmethod 646 0x00000125e43a2390 code [0x00000125e43a2540, 0x00000125e43a2718]
Event: 0.713 Thread 0x00000125f9d46800  647       3       java.lang.ref.SoftReference::<init> (13 bytes)
Event: 0.713 Thread 0x00000125f9d46800 nmethod 647 0x00000125e43a2790 code [0x00000125e43a2960, 0x00000125e43a2cd8]
Event: 0.713 Thread 0x00000125f9d46800  649       3       sun.util.locale.BaseLocale$Key::getBaseLocale (25 bytes)
Event: 0.713 Thread 0x00000125f9d46800 nmethod 649 0x00000125e43a2e10 code [0x00000125e43a2fe0, 0x00000125e43a3350]
Event: 0.713 Thread 0x00000125f9d46800  650       3       java.util.Locale::getInstance (36 bytes)

GC Heap History (2 events):
Event: 0.713 GC heap before
{Heap before GC invocations=0 (full 0):
 garbage-first heap   total 131072K, used 7168K [0x0000000081c00000, 0x0000000100000000)
  region size 1024K, 9 young (9216K), 0 survivors (0K)
 Metaspace       used 9190K, capacity 9320K, committed 9472K, reserved 1067008K
  class space    used 823K, capacity 920K, committed 1024K, reserved 1048576K
}
Event: 0.717 GC heap after
{Heap after GC invocations=1 (full 0):
 garbage-first heap   total 131072K, used 2773K [0x0000000081c00000, 0x0000000100000000)
  region size 1024K, 2 young (2048K), 2 survivors (2048K)
 Metaspace       used 9190K, capacity 9320K, committed 9472K, reserved 1067008K
  class space    used 823K, capacity 920K, committed 1024K, reserved 1048576K
}

Deoptimization events (9 events):
Event: 0.146 Thread 0x00000125db98a000 Uncommon trap: reason=class_check action=maybe_recompile pc=0x00000125eb7ddb04 method=java.util.HashMap.putVal(ILjava/lang/Object;Ljava/lang/Object;ZZ)Ljava/lang/Object; @ 152 c2
Event: 0.157 Thread 0x00000125db98a000 Uncommon trap: reason=class_check action=maybe_recompile pc=0x00000125eb7ddb04 method=java.util.HashMap.putVal(ILjava/lang/Object;Ljava/lang/Object;ZZ)Ljava/lang/Object; @ 152 c2
Event: 0.161 Thread 0x00000125db98a000 Uncommon trap: reason=class_check action=maybe_recompile pc=0x00000125eb7ddb04 method=java.util.HashMap.putVal(ILjava/lang/Object;Ljava/lang/Object;ZZ)Ljava/lang/Object; @ 152 c2
Event: 0.161 Thread 0x00000125db98a000 Uncommon trap: reason=class_check action=maybe_recompile pc=0x00000125eb7ddb04 method=java.util.HashMap.putVal(ILjava/lang/Object;Ljava/lang/Object;ZZ)Ljava/lang/Object; @ 152 c2
Event: 0.164 Thread 0x00000125db98a000 Uncommon trap: reason=unstable_if action=reinterpret pc=0x00000125eb7de490 method=java.lang.String.isLatin1()Z @ 10 c2
Event: 0.323 Thread 0x00000125db98a000 Uncommon trap: reason=unstable_if action=reinterpret pc=0x00000125eb7ebd40 method=java.util.zip.ZipFile$Source.isMetaName([BII)Z @ 43 c2
Event: 0.344 Thread 0x00000125db98a000 Uncommon trap: reason=class_check action=maybe_recompile pc=0x00000125eb7e78ac method=java.util.HashMap.putVal(ILjava/lang/Object;Ljava/lang/Object;ZZ)Ljava/lang/Object; @ 253 c2
Event: 0.344 Thread 0x00000125db98a000 Uncommon trap: reason=class_check action=maybe_recompile pc=0x00000125eb7e78ac method=java.util.HashMap.putVal(ILjava/lang/Object;Ljava/lang/Object;ZZ)Ljava/lang/Object; @ 253 c2
Event: 0.672 Thread 0x00000125db98a000 Uncommon trap: reason=unstable_if action=reinterpret pc=0x00000125eb7fefb8 method=java.lang.String.startsWith(Ljava/lang/String;I)Z @ 14 c2

Classes redefined (0 events):
No events

Internal exceptions (3 events):
Event: 0.282 Thread 0x00000125db98a000 Exception <a 'java/lang/NoSuchMethodError'{0x0000000089728140}: java.lang.invoke.DirectMethodHandle$Holder.invokeSpecialIFC(Ljava/lang/Object;Ljava/lang/Object;I)I> (0x0000000089728140) thrown at [t:/workspace/open/src/hotspot/share/interpreter/linkResolv
Event: 0.348 Thread 0x00000125db98a000 Exception <a 'java/lang/NoSuchMethodError'{0x000000008964c9b8}: java.lang.invoke.DirectMethodHandle$Holder.invokeStaticInit(Ljava/lang/Object;IIII)Ljava/lang/Object;> (0x000000008964c9b8) thrown at [t:/workspace/open/src/hotspot/share/interpreter/linkReso
Event: 0.613 Thread 0x00000125db98a000 Exception <a 'java/lang/NoSuchMethodError'{0x00000000896e2758}: java.lang.invoke.DirectMethodHandle$Holder.invokeStaticInit(Ljava/lang/Object;Ljava/lang/Object;IIII)Ljava/lang/Object;> (0x00000000896e2758) thrown at [t:/workspace/open/src/hotspot/share/in

Events (10 events):
Event: 0.712 loading class sun/util/resources/Bundles$Strategy done
Event: 0.712 loading class sun/util/resources/LocaleData$LocaleDataStrategy done
Event: 0.713 loading class sun/util/resources/Bundles
Event: 0.713 loading class sun/util/resources/Bundles done
Event: 0.713 loading class sun/util/resources/Bundles$1
Event: 0.713 loading class sun/util/resources/Bundles$1 done
Event: 0.713 loading class java/util/ResourceBundle$1
Event: 0.713 loading class jdk/internal/access/JavaUtilResourceBundleAccess
Event: 0.713 loading class jdk/internal/access/JavaUtilResourceBundleAccess done
Event: 0.713 Executing VM operation: CollectForMetadataAllocation


Dynamic libraries:
0x00007ff608800000 - 0x00007ff608847000 	C:\Program Files\Java\jdk-11.0.6\bin\java.exe
0x00007ffc4e880000 - 0x00007ffc4ea70000 	C:\WINDOWS\SYSTEM32\ntdll.dll
0x00007ffc4e420000 - 0x00007ffc4e4d2000 	C:\WINDOWS\System32\KERNEL32.DLL
0x00007ffc4ba60000 - 0x00007ffc4bd03000 	C:\WINDOWS\System32\KERNELBASE.dll
0x00007ffc4e720000 - 0x00007ffc4e7c3000 	C:\WINDOWS\System32\ADVAPI32.dll
0x00007ffc4e4e0000 - 0x00007ffc4e57e000 	C:\WINDOWS\System32\msvcrt.dll
0x00007ffc4cf10000 - 0x00007ffc4cfa7000 	C:\WINDOWS\System32\sechost.dll
0x00007ffc4da10000 - 0x00007ffc4db30000 	C:\WINDOWS\System32\RPCRT4.dll
0x00007ffc4e580000 - 0x00007ffc4e714000 	C:\WINDOWS\System32\USER32.dll
0x00007ffc4b870000 - 0x00007ffc4b891000 	C:\WINDOWS\System32\win32u.dll
0x00007ffc4cde0000 - 0x00007ffc4ce06000 	C:\WINDOWS\System32\GDI32.dll
0x00007ffc4b8c0000 - 0x00007ffc4ba54000 	C:\WINDOWS\System32\gdi32full.dll
0x00007ffc4bd70000 - 0x00007ffc4be0e000 	C:\WINDOWS\System32\msvcp_win.dll
0x00007ffc4c5c0000 - 0x00007ffc4c6ba000 	C:\WINDOWS\System32\ucrtbase.dll
0x00007ffc3d050000 - 0x00007ffc3d2d5000 	C:\WINDOWS\WinSxS\amd64_microsoft.windows.common-controls_6595b64144ccf1df_6.0.18362.778_none_e6c6b761130d4fb8\COMCTL32.dll
0x00007ffc4dba0000 - 0x00007ffc4ded6000 	C:\WINDOWS\System32\combase.dll
0x00007ffc4c6c0000 - 0x00007ffc4c740000 	C:\WINDOWS\System32\bcryptPrimitives.dll
0x00007ffc43590000 - 0x00007ffc4359a000 	C:\WINDOWS\SYSTEM32\VERSION.dll
0x00007ffc4ce10000 - 0x00007ffc4ce3e000 	C:\WINDOWS\System32\IMM32.DLL
0x00007ffc47970000 - 0x00007ffc47986000 	C:\Program Files\Java\jdk-11.0.6\bin\vcruntime140.dll
0x00007ffc0e950000 - 0x00007ffc0e9fa000 	C:\Program Files\Java\jdk-11.0.6\bin\msvcp140.dll
0x00007ffbf64b0000 - 0x00007ffbf6fd9000 	C:\Program Files\Java\jdk-11.0.6\bin\server\jvm.dll
0x00007ffc4e7d0000 - 0x00007ffc4e7d8000 	C:\WINDOWS\System32\PSAPI.DLL
0x00007ffc38a70000 - 0x00007ffc38a79000 	C:\WINDOWS\SYSTEM32\WSOCK32.dll
0x00007ffc4db30000 - 0x00007ffc4db9f000 	C:\WINDOWS\System32\WS2_32.dll
0x00007ffc47660000 - 0x00007ffc47684000 	C:\WINDOWS\SYSTEM32\WINMM.dll
0x00007ffc47630000 - 0x00007ffc4765d000 	C:\WINDOWS\SYSTEM32\winmmbase.dll
0x00007ffc4c740000 - 0x00007ffc4c78a000 	C:\WINDOWS\System32\cfgmgr32.dll
0x00007ffc4b850000 - 0x00007ffc4b861000 	C:\WINDOWS\System32\kernel.appcore.dll
0x00007ffc47950000 - 0x00007ffc47961000 	C:\Program Files\Java\jdk-11.0.6\bin\verify.dll
0x00007ffc4a080000 - 0x00007ffc4a274000 	C:\WINDOWS\SYSTEM32\DBGHELP.DLL
0x00007ffc35c10000 - 0x00007ffc35c3a000 	C:\WINDOWS\SYSTEM32\dbgcore.DLL
0x00007ffc34490000 - 0x00007ffc344b9000 	C:\Program Files\Java\jdk-11.0.6\bin\java.dll
0x00007ffc2c310000 - 0x00007ffc2c33f000 	C:\Program Files\Java\jdk-11.0.6\bin\instrument.dll
0x00007ffc47900000 - 0x00007ffc47916000 	C:\Program Files\Java\jdk-11.0.6\bin\zip.dll
0x00007ffc47860000 - 0x00007ffc4786a000 	C:\Program Files\Java\jdk-11.0.6\bin\jimage.dll
0x00007ffc4d2a0000 - 0x00007ffc4d985000 	C:\WINDOWS\System32\SHELL32.dll
0x00007ffc4cfb0000 - 0x00007ffc4d059000 	C:\WINDOWS\System32\shcore.dll
0x00007ffc4be40000 - 0x00007ffc4c5c0000 	C:\WINDOWS\System32\windows.storage.dll
0x00007ffc4b820000 - 0x00007ffc4b843000 	C:\WINDOWS\System32\profapi.dll
0x00007ffc4b7d0000 - 0x00007ffc4b81a000 	C:\WINDOWS\System32\powrprof.dll
0x00007ffc4b7a0000 - 0x00007ffc4b7b0000 	C:\WINDOWS\System32\UMPDC.dll
0x00007ffc4d060000 - 0x00007ffc4d0b2000 	C:\WINDOWS\System32\shlwapi.dll
0x00007ffc4b8a0000 - 0x00007ffc4b8b7000 	C:\WINDOWS\System32\cryptsp.dll
0x00007ffc3a0a0000 - 0x00007ffc3a0b9000 	C:\Program Files\Java\jdk-11.0.6\bin\net.dll
0x00007ffc3ebe0000 - 0x00007ffc3ecd0000 	C:\WINDOWS\SYSTEM32\WINHTTP.dll
0x00007ffc4b010000 - 0x00007ffc4b077000 	C:\WINDOWS\system32\mswsock.dll
0x00007ffc34470000 - 0x00007ffc34483000 	C:\Program Files\Java\jdk-11.0.6\bin\nio.dll
0x00007ffc2c2f0000 - 0x00007ffc2c30a000 	C:\Program Files\JetBrains\IntelliJ IDEA Community Edition 2019.3.4\bin\breakgen64.dll
0x00007ffc4ab80000 - 0x00007ffc4abb3000 	C:\WINDOWS\system32\rsaenh.dll
0x00007ffc4be10000 - 0x00007ffc4be36000 	C:\WINDOWS\System32\bcrypt.dll
0x00007ffc4b690000 - 0x00007ffc4b6b5000 	C:\WINDOWS\SYSTEM32\USERENV.dll
0x00007ffc4b1e0000 - 0x00007ffc4b1ec000 	C:\WINDOWS\SYSTEM32\CRYPTBASE.dll
0x00007ffc4ad20000 - 0x00007ffc4ad5a000 	C:\WINDOWS\SYSTEM32\IPHLPAPI.DLL
0x00007ffc4c990000 - 0x00007ffc4c998000 	C:\WINDOWS\System32\NSI.dll
0x00007ffc3fb10000 - 0x00007ffc3fb26000 	C:\WINDOWS\SYSTEM32\dhcpcsvc6.DLL
0x00007ffc40310000 - 0x00007ffc4032c000 	C:\WINDOWS\SYSTEM32\dhcpcsvc.DLL
0x00007ffc4adc0000 - 0x00007ffc4ae8a000 	C:\WINDOWS\SYSTEM32\DNSAPI.dll
0x00007ffc349a0000 - 0x00007ffc349aa000 	C:\Users\Dhanushguntha\AppData\Local\Temp\jansi-1.17.1-9635541122584397356.dll
0x00007ffc34440000 - 0x00007ffc3444a000 	C:\Users\Dhanushguntha\AppData\Local\Temp\jansi-1.17.1-4343973402824610049.dll

dbghelp: loaded successfully - version: 4.0.5 - missing functions: none
symbol engine: initialized successfully - sym options: 0x614 - pdb path: .;C:\Program Files\Java\jdk-11.0.6\bin;C:\WINDOWS\SYSTEM32;C:\WINDOWS\WinSxS\amd64_microsoft.windows.common-controls_6595b64144ccf1df_6.0.18362.778_none_e6c6b761130d4fb8;C:\Program Files\Java\jdk-11.0.6\bin\server;C:\Program Files\JetBrains\IntelliJ IDEA Community Edition 2019.3.4\bin;C:\Users\Dhanushguntha\AppData\Local\Temp

VM Arguments:
jvm_args: -Dmaven.multiModuleProjectDirectory=C:\Users\Dhanushguntha\Desktop\webcontroller\webcontroller -Dmaven.home=C:\Program Files\JetBrains\IntelliJ IDEA Community Edition 2019.3.4\plugins\maven\lib\maven3 -Dclassworlds.conf=C:\Program Files\JetBrains\IntelliJ IDEA Community Edition 2019.3.4\plugins\maven\lib\maven3\bin\m2.conf -Dmaven.ext.class.path=C:\Program Files\JetBrains\IntelliJ IDEA Community Edition 2019.3.4\plugins\maven\lib\maven-event-listener.jar -javaagent:C:\Program Files\JetBrains\IntelliJ IDEA Community Edition 2019.3.4\lib\idea_rt.jar=53779:C:\Program Files\JetBrains\IntelliJ IDEA Community Edition 2019.3.4\bin -Dfile.encoding=UTF-8 
java_command: org.codehaus.classworlds.Launcher -Didea.version2019.3.4 spring-boot:run
java_class_path (initial): C:\Program Files\JetBrains\IntelliJ IDEA Community Edition 2019.3.4\plugins\maven\lib\maven3\boot\plexus-classworlds-2.6.0.jar
Launcher Type: SUN_STANDARD

[Global flags]
     intx CICompilerCount                          = 3                                         {product} {ergonomic}
     uint ConcGCThreads                            = 1                                         {product} {ergonomic}
     uint G1ConcRefinementThreads                  = 4                                         {product} {ergonomic}
   size_t G1HeapRegionSize                         = 1048576                                   {product} {ergonomic}
    uintx GCDrainStackTargetSize                   = 64                                        {product} {ergonomic}
   size_t InitialHeapSize                          = 134217728                                 {product} {ergonomic}
   size_t MarkStackSize                            = 4194304                                   {product} {ergonomic}
   size_t MaxHeapSize                              = 2118123520                                {product} {ergonomic}
   size_t MaxNewSize                               = 1270874112                                {product} {ergonomic}
   size_t MinHeapDeltaBytes                        = 1048576                                   {product} {ergonomic}
    uintx NonNMethodCodeHeapSize                   = 5830732                                {pd product} {ergonomic}
    uintx NonProfiledCodeHeapSize                  = 122913754                              {pd product} {ergonomic}
    uintx ProfiledCodeHeapSize                     = 122913754                              {pd product} {ergonomic}
    uintx ReservedCodeCacheSize                    = 251658240                              {pd product} {ergonomic}
     bool SegmentedCodeCache                       = true                                      {product} {ergonomic}
     bool UseCompressedClassPointers               = true                                 {lp64_product} {ergonomic}
     bool UseCompressedOops                        = true                                 {lp64_product} {ergonomic}
     bool UseG1GC                                  = true                                      {product} {ergonomic}
     bool UseLargePagesIndividualAllocation        = false                                  {pd product} {ergonomic}

Logging:
Log output configuration:
 #0: stdout all=warning uptime,level,tags
 #1: stderr all=off uptime,level,tags

Environment Variables:
JAVA_HOME=C:\Program Files\Java\jdk-11.0.6
PATH=C:\Program Files (x86)\Intel\iCLS Client\;C:\Program Files\Intel\iCLS Client\;C:\windows\system32;C:\windows;C:\windows\System32\Wbem;C:\windows\System32\WindowsPowerShell\v1.0\;C:\Program Files (x86)\Intel\Intel(R) Management Engine Components\DAL;C:\Program Files\Intel\Intel(R) Management Engine Components\DAL;C:\Program Files (x86)\Intel\Intel(R) Management Engine Components\IPT;C:\Program Files\Intel\Intel(R) Management Engine Components\IPT;C:\Program Files (x86)\NVIDIA Corporation\PhysX\Common;C:\WINDOWS\system32;C:\WINDOWS;C:\WINDOWS\System32\Wbem;C:\WINDOWS\System32\WindowsPowerShell\v1.0\;C:\WINDOWS\System32\OpenSSH\;C:\Program Files\Intel\WiFi\bin\;C:\Program Files\Common Files\Intel\WirelessCommon\;C:\Program Files\Git\cmd;C:\Program Files (x86)\Yarn\bin\;C:\Program Files\NVIDIA Corporation\NVIDIA NvDLISR;C:\Program Files\nodejs;C:\ProgramData\chocolatey\bin;C:\Program Files\nodejs\;C:\opt\apache-maven-3.6.3\bin;C:\Program Files\Java\jdk-11.0.6\bin;C:\Users\Dhanushguntha\AppData\Local\Programs\Python\Python38\Scripts\;C:\Users\Dhanushguntha\AppData\Local\Programs\Python\Python38\;C:\Users\Dhanushguntha\anaconda3;C:\Users\Dhanushguntha\anaconda3\Library\mingw-w64\bin;C:\Users\Dhanushguntha\anaconda3\Library\usr\bin;C:\Users\Dhanushguntha\anaconda3\Library\bin;C:\Users\Dhanushguntha\anaconda3\Scripts;C:\Users\Dhanushguntha\AppData\Local\Programs\Microsoft VS Code\bin;C:\Users\Dhanushguntha\AppData\Roaming\npm;
USERNAME=Dhanushguntha
OS=Windows_NT
PROCESSOR_IDENTIFIER=Intel64 Family 6 Model 142 Stepping 9, GenuineIntel



---------------  S Y S T E M  ---------------

OS: Windows 10 , 64 bit Build 18362 (10.0.18362.778)

CPU:total 4 (initial active 4) (2 cores per cpu, 2 threads per core) family 6 model 142 stepping 9, cmov, cx8, fxsr, mmx, sse, sse2, sse3, ssse3, sse4.1, sse4.2, popcnt, avx, avx2, aes, clmul, erms, 3dnowpref, lzcnt, ht, tsc, tscinvbit, bmi1, bmi2, adx, fma

Memory: 4k page, system-wide physical 8077M (1096M free)
TotalPageFile size 8077M (AvailPageFile size 3M)
current process WorkingSet (physical memory assigned to process): 53M, peak: 53M
current process commit charge ("private bytes"): 205M, peak: 206M

vm_info: Java HotSpot(TM) 64-Bit Server VM (11.0.6+8-LTS) for windows-amd64 JRE (11.0.6+8-LTS), built on Dec 11 2019 09:17:57 by "mach5one" with MS VC++ 15.5 (VS2017)

END.
