#
# There is insufficient memory for the Java Runtime Environment to continue.
# Native memory allocation (malloc) failed to allocate 388336 bytes for Chunk::new
# Possible reasons:
#   The system is out of physical RAM or swap space
#   The process is running with CompressedOops enabled, and the Java Heap may be blocking the growth of the native heap
# Possible solutions:
#   Reduce memory load on the system
#   Increase physical memory or swap space
#   Check if swap backing store is full
#   Decrease Java heap size (-Xmx/-Xms)
#   Decrease number of Java threads
#   Decrease Java thread stack sizes (-Xss)
#   Set larger code cache with -XX:ReservedCodeCacheSize=
#   JVM is running with Unscaled Compressed Oops mode in which the Java heap is
#     placed in the first 4GB address space. The Java Heap base address is the
#     maximum limit for the native heap growth. Please use -XX:HeapBaseMinAddress
#     to set the Java Heap base and to place the Java Heap above 4GB virtual address.
# This output file may be truncated or incomplete.
#
#  Out of Memory Error (t:/workspace/open/src/hotspot/share/memory/arena.cpp:197), pid=10396, tid=6592
#
# JRE version: Java(TM) SE Runtime Environment (11.0.6+8) (build 11.0.6+8-LTS)
# Java VM: Java HotSpot(TM) 64-Bit Server VM (11.0.6+8-LTS, mixed mode, tiered, compressed oops, g1 gc, windows-amd64)
# No core dump will be written. Minidumps are not enabled by default on client versions of Windows
#

---------------  S U M M A R Y ------------

Command Line: -Dmaven.multiModuleProjectDirectory=C:\Users\Dhanushguntha\Desktop\webcontroller\webcontroller -Dmaven.home=C:\Program Files\JetBrains\IntelliJ IDEA Community Edition 2019.3.4\plugins\maven\lib\maven3 -Dclassworlds.conf=C:\Program Files\JetBrains\IntelliJ IDEA Community Edition 2019.3.4\plugins\maven\lib\maven3\bin\m2.conf -Dmaven.ext.class.path=C:\Program Files\JetBrains\IntelliJ IDEA Community Edition 2019.3.4\plugins\maven\lib\maven-event-listener.jar -javaagent:C:\Program Files\JetBrains\IntelliJ IDEA Community Edition 2019.3.4\lib\idea_rt.jar=53623:C:\Program Files\JetBrains\IntelliJ IDEA Community Edition 2019.3.4\bin -Dfile.encoding=UTF-8 org.codehaus.classworlds.Launcher -Didea.version2019.3.4 spring-boot:run

Host: Intel(R) Core(TM) i5-7200U CPU @ 2.50GHz, 4 cores, 7G,  Windows 10 , 64 bit Build 18362 (10.0.18362.329)
Time: Mon Apr  6 13:08:02 2020 India Standard Time elapsed time: 0 seconds (0d 0h 0m 0s)

---------------  T H R E A D  ---------------

Current thread (0x000002b862441800):  JavaThread "C2 CompilerThread1" daemon [_thread_in_native, id=6592, stack(0x000000bad5c00000,0x000000bad5d00000)]


Current CompileTask:
C2:    802  900   !   4       jdk.internal.loader.URLClassPath$JarLoader::getResource (65 bytes)

Stack: [0x000000bad5c00000,0x000000bad5d00000]
Native frames: (J=compiled Java code, j=interpreted, Vv=VM code, C=native code)
V  [jvm.dll+0x63679a]
V  [jvm.dll+0x7755bf]
V  [jvm.dll+0x776c65]
V  [jvm.dll+0x7772d3]
V  [jvm.dll+0x25e7f8]
V  [jvm.dll+0xc1c01]
V  [jvm.dll+0xc219c]
V  [jvm.dll+0x36d977]
V  [jvm.dll+0x1a9101]
V  [jvm.dll+0x218462]
V  [jvm.dll+0x2174fa]
V  [jvm.dll+0x193a2c]
V  [jvm.dll+0x226544]
V  [jvm.dll+0x224b28]
V  [jvm.dll+0x73a9c5]
V  [jvm.dll+0x733905]
V  [jvm.dll+0x635846]
C  [ucrtbase.dll+0x20e72]
C  [KERNEL32.DLL+0x17bd4]
C  [ntdll.dll+0x6ced1]


---------------  P R O C E S S  ---------------

Threads class SMR info:
_java_thread_list=0x000002b862eb1220, length=12, elements={
0x000002b842f1a000, 0x000002b8612b6000, 0x000002b8612bf800, 0x000002b861c32800,
0x000002b8612c9000, 0x000002b8612cd000, 0x000002b8612d3000, 0x000002b8612d9000,
0x000002b861d84000, 0x000002b861f99800, 0x000002b861f9a000, 0x000002b862441800
}

Java Threads: ( => current thread )
  0x000002b842f1a000 JavaThread "main" [_thread_in_Java, id=8436, stack(0x000000bad4a00000,0x000000bad4b00000)]
  0x000002b8612b6000 JavaThread "Reference Handler" daemon [_thread_blocked, id=15748, stack(0x000000bad5100000,0x000000bad5200000)]
  0x000002b8612bf800 JavaThread "Finalizer" daemon [_thread_blocked, id=9212, stack(0x000000bad5200000,0x000000bad5300000)]
  0x000002b861c32800 JavaThread "Signal Dispatcher" daemon [_thread_blocked, id=12360, stack(0x000000bad5300000,0x000000bad5400000)]
  0x000002b8612c9000 JavaThread "Attach Listener" daemon [_thread_blocked, id=4600, stack(0x000000bad5400000,0x000000bad5500000)]
  0x000002b8612cd000 JavaThread "C2 CompilerThread0" daemon [_thread_in_native, id=6952, stack(0x000000bad5500000,0x000000bad5600000)]
  0x000002b8612d3000 JavaThread "C1 CompilerThread0" daemon [_thread_blocked, id=9624, stack(0x000000bad5600000,0x000000bad5700000)]
  0x000002b8612d9000 JavaThread "Sweeper thread" daemon [_thread_blocked, id=10876, stack(0x000000bad5700000,0x000000bad5800000)]
  0x000002b861d84000 JavaThread "Common-Cleaner" daemon [_thread_blocked, id=4104, stack(0x000000bad5800000,0x000000bad5900000)]
  0x000002b861f99800 JavaThread "Monitor Ctrl-Break" daemon [_thread_in_native, id=9584, stack(0x000000bad5900000,0x000000bad5a00000)]
  0x000002b861f9a000 JavaThread "Service Thread" daemon [_thread_blocked, id=452, stack(0x000000bad5a00000,0x000000bad5b00000)]
=>0x000002b862441800 JavaThread "C2 CompilerThread1" daemon [_thread_in_native, id=6592, stack(0x000000bad5c00000,0x000000bad5d00000)]

Other Threads:
  0x000002b86128e000 VMThread "VM Thread" [stack: 0x000000bad5000000,0x000000bad5100000] [id=6136]
  0x000002b861f9f000 WatcherThread [stack: 0x000000bad5b00000,0x000000bad5c00000] [id=1604]
  0x000002b842f31000 GCTaskThread "GC Thread#0" [stack: 0x000000bad4b00000,0x000000bad4c00000] [id=3684]
  0x000002b862768000 GCTaskThread "GC Thread#1" [stack: 0x000000bad5d00000,0x000000bad5e00000] [id=15880]
  0x000002b8624d8800 GCTaskThread "GC Thread#2" [stack: 0x000000bad5e00000,0x000000bad5f00000] [id=16296]
  0x000002b842f61000 ConcurrentGCThread "G1 Main Marker" [stack: 0x000000bad4c00000,0x000000bad4d00000] [id=14772]
  0x000002b842f62800 ConcurrentGCThread "G1 Conc#0" [stack: 0x000000bad4d00000,0x000000bad4e00000] [id=10828]
  0x000002b842fe4800 ConcurrentGCThread "G1 Refine#0" [stack: 0x000000bad4e00000,0x000000bad4f00000] [id=3044]
  0x000002b862632800 ConcurrentGCThread "G1 Refine#1" [stack: 0x000000bad5f00000,0x000000bad6000000] [id=15172]
  0x000002b842fe5800 ConcurrentGCThread "G1 Young RemSet Sampling" [stack: 0x000000bad4f00000,0x000000bad5000000] [id=15376]

Threads with active compile tasks:
C2 CompilerThread0 935       4       java.lang.AbstractStringBuilder::append (45 bytes)
C2 CompilerThread1 900   !   4       jdk.internal.loader.URLClassPath$JarLoader::getResource (65 bytes)

VM state:not at safepoint (normal execution)

VM Mutex/Monitor currently owned by a thread: None

Heap address: 0x0000000081c00000, size: 2020 MB, Compressed Oops mode: 32-bit
Narrow klass base: 0x0000000000000000, Narrow klass shift: 3
Compressed class space size: 1073741824 Address: 0x0000000100000000

Heap:
 garbage-first heap   total 131072K, used 6268K [0x0000000081c00000, 0x0000000100000000)
  region size 1024K, 6 young (6144K), 2 survivors (2048K)
 Metaspace       used 12109K, capacity 12335K, committed 12544K, reserved 1060864K
  class space    used 1179K, capacity 1264K, committed 1280K, reserved 1048576K
Heap Regions: E=young(eden), S=young(survivor), O=old, HS=humongous(starts), HC=humongous(continues), CS=collection set, F=free, A=archive, TAMS=top-at-mark-start (previous, next)
|   0|0x0000000081c00000, 0x0000000081d00000, 0x0000000081d00000|100%| O|  |TAMS 0x0000000081c00000, 0x0000000081c00000| Untracked 
|   1|0x0000000081d00000, 0x0000000081d1f000, 0x0000000081e00000| 12%| O|  |TAMS 0x0000000081d00000, 0x0000000081d00000| Untracked 
|   2|0x0000000081e00000, 0x0000000081e00000, 0x0000000081f00000|  0%| F|  |TAMS 0x0000000081e00000, 0x0000000081e00000| Untracked 
|   3|0x0000000081f00000, 0x0000000081f00000, 0x0000000082000000|  0%| F|  |TAMS 0x0000000081f00000, 0x0000000081f00000| Untracked 
|   4|0x0000000082000000, 0x0000000082000000, 0x0000000082100000|  0%| F|  |TAMS 0x0000000082000000, 0x0000000082000000| Untracked 
|   5|0x0000000082100000, 0x0000000082100000, 0x0000000082200000|  0%| F|  |TAMS 0x0000000082100000, 0x0000000082100000| Untracked 
|   6|0x0000000082200000, 0x0000000082200000, 0x0000000082300000|  0%| F|  |TAMS 0x0000000082200000, 0x0000000082200000| Untracked 
|   7|0x0000000082300000, 0x0000000082300000, 0x0000000082400000|  0%| F|  |TAMS 0x0000000082300000, 0x0000000082300000| Untracked 
|   8|0x0000000082400000, 0x0000000082400000, 0x0000000082500000|  0%| F|  |TAMS 0x0000000082400000, 0x0000000082400000| Untracked 
|   9|0x0000000082500000, 0x0000000082500000, 0x0000000082600000|  0%| F|  |TAMS 0x0000000082500000, 0x0000000082500000| Untracked 
|  10|0x0000000082600000, 0x0000000082600000, 0x0000000082700000|  0%| F|  |TAMS 0x0000000082600000, 0x0000000082600000| Untracked 
|  11|0x0000000082700000, 0x0000000082700000, 0x0000000082800000|  0%| F|  |TAMS 0x0000000082700000, 0x0000000082700000| Untracked 
|  12|0x0000000082800000, 0x0000000082800000, 0x0000000082900000|  0%| F|  |TAMS 0x0000000082800000, 0x0000000082800000| Untracked 
|  13|0x0000000082900000, 0x0000000082900000, 0x0000000082a00000|  0%| F|  |TAMS 0x0000000082900000, 0x0000000082900000| Untracked 
|  14|0x0000000082a00000, 0x0000000082a00000, 0x0000000082b00000|  0%| F|  |TAMS 0x0000000082a00000, 0x0000000082a00000| Untracked 
|  15|0x0000000082b00000, 0x0000000082b00000, 0x0000000082c00000|  0%| F|  |TAMS 0x0000000082b00000, 0x0000000082b00000| Untracked 
|  16|0x0000000082c00000, 0x0000000082c00000, 0x0000000082d00000|  0%| F|  |TAMS 0x0000000082c00000, 0x0000000082c00000| Untracked 
|  17|0x0000000082d00000, 0x0000000082d00000, 0x0000000082e00000|  0%| F|  |TAMS 0x0000000082d00000, 0x0000000082d00000| Untracked 
|  18|0x0000000082e00000, 0x0000000082e00000, 0x0000000082f00000|  0%| F|  |TAMS 0x0000000082e00000, 0x0000000082e00000| Untracked 
|  19|0x0000000082f00000, 0x0000000082f00000, 0x0000000083000000|  0%| F|  |TAMS 0x0000000082f00000, 0x0000000082f00000| Untracked 
|  20|0x0000000083000000, 0x0000000083000000, 0x0000000083100000|  0%| F|  |TAMS 0x0000000083000000, 0x0000000083000000| Untracked 
|  21|0x0000000083100000, 0x0000000083100000, 0x0000000083200000|  0%| F|  |TAMS 0x0000000083100000, 0x0000000083100000| Untracked 
|  22|0x0000000083200000, 0x0000000083200000, 0x0000000083300000|  0%| F|  |TAMS 0x0000000083200000, 0x0000000083200000| Untracked 
|  23|0x0000000083300000, 0x0000000083300000, 0x0000000083400000|  0%| F|  |TAMS 0x0000000083300000, 0x0000000083300000| Untracked 
|  24|0x0000000083400000, 0x0000000083400000, 0x0000000083500000|  0%| F|  |TAMS 0x0000000083400000, 0x0000000083400000| Untracked 
|  25|0x0000000083500000, 0x0000000083500000, 0x0000000083600000|  0%| F|  |TAMS 0x0000000083500000, 0x0000000083500000| Untracked 
|  26|0x0000000083600000, 0x0000000083600000, 0x0000000083700000|  0%| F|  |TAMS 0x0000000083600000, 0x0000000083600000| Untracked 
|  27|0x0000000083700000, 0x0000000083700000, 0x0000000083800000|  0%| F|  |TAMS 0x0000000083700000, 0x0000000083700000| Untracked 
|  28|0x0000000083800000, 0x0000000083800000, 0x0000000083900000|  0%| F|  |TAMS 0x0000000083800000, 0x0000000083800000| Untracked 
|  29|0x0000000083900000, 0x0000000083900000, 0x0000000083a00000|  0%| F|  |TAMS 0x0000000083900000, 0x0000000083900000| Untracked 
|  30|0x0000000083a00000, 0x0000000083a00000, 0x0000000083b00000|  0%| F|  |TAMS 0x0000000083a00000, 0x0000000083a00000| Untracked 
|  31|0x0000000083b00000, 0x0000000083b00000, 0x0000000083c00000|  0%| F|  |TAMS 0x0000000083b00000, 0x0000000083b00000| Untracked 
|  32|0x0000000083c00000, 0x0000000083c00000, 0x0000000083d00000|  0%| F|  |TAMS 0x0000000083c00000, 0x0000000083c00000| Untracked 
|  33|0x0000000083d00000, 0x0000000083d00000, 0x0000000083e00000|  0%| F|  |TAMS 0x0000000083d00000, 0x0000000083d00000| Untracked 
|  34|0x0000000083e00000, 0x0000000083e00000, 0x0000000083f00000|  0%| F|  |TAMS 0x0000000083e00000, 0x0000000083e00000| Untracked 
|  35|0x0000000083f00000, 0x0000000083f00000, 0x0000000084000000|  0%| F|  |TAMS 0x0000000083f00000, 0x0000000083f00000| Untracked 
|  36|0x0000000084000000, 0x0000000084000000, 0x0000000084100000|  0%| F|  |TAMS 0x0000000084000000, 0x0000000084000000| Untracked 
|  37|0x0000000084100000, 0x0000000084100000, 0x0000000084200000|  0%| F|  |TAMS 0x0000000084100000, 0x0000000084100000| Untracked 
|  38|0x0000000084200000, 0x0000000084200000, 0x0000000084300000|  0%| F|  |TAMS 0x0000000084200000, 0x0000000084200000| Untracked 
|  39|0x0000000084300000, 0x0000000084300000, 0x0000000084400000|  0%| F|  |TAMS 0x0000000084300000, 0x0000000084300000| Untracked 
|  40|0x0000000084400000, 0x0000000084400000, 0x0000000084500000|  0%| F|  |TAMS 0x0000000084400000, 0x0000000084400000| Untracked 
|  41|0x0000000084500000, 0x0000000084500000, 0x0000000084600000|  0%| F|  |TAMS 0x0000000084500000, 0x0000000084500000| Untracked 
|  42|0x0000000084600000, 0x0000000084600000, 0x0000000084700000|  0%| F|  |TAMS 0x0000000084600000, 0x0000000084600000| Untracked 
|  43|0x0000000084700000, 0x0000000084700000, 0x0000000084800000|  0%| F|  |TAMS 0x0000000084700000, 0x0000000084700000| Untracked 
|  44|0x0000000084800000, 0x0000000084800000, 0x0000000084900000|  0%| F|  |TAMS 0x0000000084800000, 0x0000000084800000| Untracked 
|  45|0x0000000084900000, 0x0000000084900000, 0x0000000084a00000|  0%| F|  |TAMS 0x0000000084900000, 0x0000000084900000| Untracked 
|  46|0x0000000084a00000, 0x0000000084a00000, 0x0000000084b00000|  0%| F|  |TAMS 0x0000000084a00000, 0x0000000084a00000| Untracked 
|  47|0x0000000084b00000, 0x0000000084b00000, 0x0000000084c00000|  0%| F|  |TAMS 0x0000000084b00000, 0x0000000084b00000| Untracked 
|  48|0x0000000084c00000, 0x0000000084c00000, 0x0000000084d00000|  0%| F|  |TAMS 0x0000000084c00000, 0x0000000084c00000| Untracked 
|  49|0x0000000084d00000, 0x0000000084d00000, 0x0000000084e00000|  0%| F|  |TAMS 0x0000000084d00000, 0x0000000084d00000| Untracked 
|  50|0x0000000084e00000, 0x0000000084e00000, 0x0000000084f00000|  0%| F|  |TAMS 0x0000000084e00000, 0x0000000084e00000| Untracked 
|  51|0x0000000084f00000, 0x0000000084f00000, 0x0000000085000000|  0%| F|  |TAMS 0x0000000084f00000, 0x0000000084f00000| Untracked 
|  52|0x0000000085000000, 0x0000000085000000, 0x0000000085100000|  0%| F|  |TAMS 0x0000000085000000, 0x0000000085000000| Untracked 
|  53|0x0000000085100000, 0x0000000085100000, 0x0000000085200000|  0%| F|  |TAMS 0x0000000085100000, 0x0000000085100000| Untracked 
|  54|0x0000000085200000, 0x0000000085200000, 0x0000000085300000|  0%| F|  |TAMS 0x0000000085200000, 0x0000000085200000| Untracked 
|  55|0x0000000085300000, 0x0000000085300000, 0x0000000085400000|  0%| F|  |TAMS 0x0000000085300000, 0x0000000085300000| Untracked 
|  56|0x0000000085400000, 0x0000000085400000, 0x0000000085500000|  0%| F|  |TAMS 0x0000000085400000, 0x0000000085400000| Untracked 
|  57|0x0000000085500000, 0x0000000085500000, 0x0000000085600000|  0%| F|  |TAMS 0x0000000085500000, 0x0000000085500000| Untracked 
|  58|0x0000000085600000, 0x0000000085600000, 0x0000000085700000|  0%| F|  |TAMS 0x0000000085600000, 0x0000000085600000| Untracked 
|  59|0x0000000085700000, 0x0000000085700000, 0x0000000085800000|  0%| F|  |TAMS 0x0000000085700000, 0x0000000085700000| Untracked 
|  60|0x0000000085800000, 0x0000000085800000, 0x0000000085900000|  0%| F|  |TAMS 0x0000000085800000, 0x0000000085800000| Untracked 
|  61|0x0000000085900000, 0x0000000085900000, 0x0000000085a00000|  0%| F|  |TAMS 0x0000000085900000, 0x0000000085900000| Untracked 
|  62|0x0000000085a00000, 0x0000000085a00000, 0x0000000085b00000|  0%| F|  |TAMS 0x0000000085a00000, 0x0000000085a00000| Untracked 
|  63|0x0000000085b00000, 0x0000000085b00000, 0x0000000085c00000|  0%| F|  |TAMS 0x0000000085b00000, 0x0000000085b00000| Untracked 
|  64|0x0000000085c00000, 0x0000000085c00000, 0x0000000085d00000|  0%| F|  |TAMS 0x0000000085c00000, 0x0000000085c00000| Untracked 
|  65|0x0000000085d00000, 0x0000000085d00000, 0x0000000085e00000|  0%| F|  |TAMS 0x0000000085d00000, 0x0000000085d00000| Untracked 
|  66|0x0000000085e00000, 0x0000000085e00000, 0x0000000085f00000|  0%| F|  |TAMS 0x0000000085e00000, 0x0000000085e00000| Untracked 
|  67|0x0000000085f00000, 0x0000000085f00000, 0x0000000086000000|  0%| F|  |TAMS 0x0000000085f00000, 0x0000000085f00000| Untracked 
|  68|0x0000000086000000, 0x0000000086000000, 0x0000000086100000|  0%| F|  |TAMS 0x0000000086000000, 0x0000000086000000| Untracked 
|  69|0x0000000086100000, 0x0000000086100000, 0x0000000086200000|  0%| F|  |TAMS 0x0000000086100000, 0x0000000086100000| Untracked 
|  70|0x0000000086200000, 0x0000000086200000, 0x0000000086300000|  0%| F|  |TAMS 0x0000000086200000, 0x0000000086200000| Untracked 
|  71|0x0000000086300000, 0x0000000086300000, 0x0000000086400000|  0%| F|  |TAMS 0x0000000086300000, 0x0000000086300000| Untracked 
|  72|0x0000000086400000, 0x0000000086400000, 0x0000000086500000|  0%| F|  |TAMS 0x0000000086400000, 0x0000000086400000| Untracked 
|  73|0x0000000086500000, 0x0000000086500000, 0x0000000086600000|  0%| F|  |TAMS 0x0000000086500000, 0x0000000086500000| Untracked 
|  74|0x0000000086600000, 0x0000000086600000, 0x0000000086700000|  0%| F|  |TAMS 0x0000000086600000, 0x0000000086600000| Untracked 
|  75|0x0000000086700000, 0x0000000086700000, 0x0000000086800000|  0%| F|  |TAMS 0x0000000086700000, 0x0000000086700000| Untracked 
|  76|0x0000000086800000, 0x0000000086800000, 0x0000000086900000|  0%| F|  |TAMS 0x0000000086800000, 0x0000000086800000| Untracked 
|  77|0x0000000086900000, 0x0000000086900000, 0x0000000086a00000|  0%| F|  |TAMS 0x0000000086900000, 0x0000000086900000| Untracked 
|  78|0x0000000086a00000, 0x0000000086a00000, 0x0000000086b00000|  0%| F|  |TAMS 0x0000000086a00000, 0x0000000086a00000| Untracked 
|  79|0x0000000086b00000, 0x0000000086b00000, 0x0000000086c00000|  0%| F|  |TAMS 0x0000000086b00000, 0x0000000086b00000| Untracked 
|  80|0x0000000086c00000, 0x0000000086c00000, 0x0000000086d00000|  0%| F|  |TAMS 0x0000000086c00000, 0x0000000086c00000| Untracked 
|  81|0x0000000086d00000, 0x0000000086d00000, 0x0000000086e00000|  0%| F|  |TAMS 0x0000000086d00000, 0x0000000086d00000| Untracked 
|  82|0x0000000086e00000, 0x0000000086e00000, 0x0000000086f00000|  0%| F|  |TAMS 0x0000000086e00000, 0x0000000086e00000| Untracked 
|  83|0x0000000086f00000, 0x0000000086f00000, 0x0000000087000000|  0%| F|  |TAMS 0x0000000086f00000, 0x0000000086f00000| Untracked 
|  84|0x0000000087000000, 0x0000000087000000, 0x0000000087100000|  0%| F|  |TAMS 0x0000000087000000, 0x0000000087000000| Untracked 
|  85|0x0000000087100000, 0x0000000087100000, 0x0000000087200000|  0%| F|  |TAMS 0x0000000087100000, 0x0000000087100000| Untracked 
|  86|0x0000000087200000, 0x0000000087200000, 0x0000000087300000|  0%| F|  |TAMS 0x0000000087200000, 0x0000000087200000| Untracked 
|  87|0x0000000087300000, 0x0000000087300000, 0x0000000087400000|  0%| F|  |TAMS 0x0000000087300000, 0x0000000087300000| Untracked 
|  88|0x0000000087400000, 0x0000000087400000, 0x0000000087500000|  0%| F|  |TAMS 0x0000000087400000, 0x0000000087400000| Untracked 
|  89|0x0000000087500000, 0x0000000087500000, 0x0000000087600000|  0%| F|  |TAMS 0x0000000087500000, 0x0000000087500000| Untracked 
|  90|0x0000000087600000, 0x0000000087600000, 0x0000000087700000|  0%| F|  |TAMS 0x0000000087600000, 0x0000000087600000| Untracked 
|  91|0x0000000087700000, 0x0000000087700000, 0x0000000087800000|  0%| F|  |TAMS 0x0000000087700000, 0x0000000087700000| Untracked 
|  92|0x0000000087800000, 0x0000000087800000, 0x0000000087900000|  0%| F|  |TAMS 0x0000000087800000, 0x0000000087800000| Untracked 
|  93|0x0000000087900000, 0x0000000087900000, 0x0000000087a00000|  0%| F|  |TAMS 0x0000000087900000, 0x0000000087900000| Untracked 
|  94|0x0000000087a00000, 0x0000000087a00000, 0x0000000087b00000|  0%| F|  |TAMS 0x0000000087a00000, 0x0000000087a00000| Untracked 
|  95|0x0000000087b00000, 0x0000000087b00000, 0x0000000087c00000|  0%| F|  |TAMS 0x0000000087b00000, 0x0000000087b00000| Untracked 
|  96|0x0000000087c00000, 0x0000000087c00000, 0x0000000087d00000|  0%| F|  |TAMS 0x0000000087c00000, 0x0000000087c00000| Untracked 
|  97|0x0000000087d00000, 0x0000000087d00000, 0x0000000087e00000|  0%| F|  |TAMS 0x0000000087d00000, 0x0000000087d00000| Untracked 
|  98|0x0000000087e00000, 0x0000000087e00000, 0x0000000087f00000|  0%| F|  |TAMS 0x0000000087e00000, 0x0000000087e00000| Untracked 
|  99|0x0000000087f00000, 0x0000000087f00000, 0x0000000088000000|  0%| F|  |TAMS 0x0000000087f00000, 0x0000000087f00000| Untracked 
| 100|0x0000000088000000, 0x0000000088000000, 0x0000000088100000|  0%| F|  |TAMS 0x0000000088000000, 0x0000000088000000| Untracked 
| 101|0x0000000088100000, 0x0000000088100000, 0x0000000088200000|  0%| F|  |TAMS 0x0000000088100000, 0x0000000088100000| Untracked 
| 102|0x0000000088200000, 0x0000000088200000, 0x0000000088300000|  0%| F|  |TAMS 0x0000000088200000, 0x0000000088200000| Untracked 
| 103|0x0000000088300000, 0x0000000088300000, 0x0000000088400000|  0%| F|  |TAMS 0x0000000088300000, 0x0000000088300000| Untracked 
| 104|0x0000000088400000, 0x0000000088400000, 0x0000000088500000|  0%| F|  |TAMS 0x0000000088400000, 0x0000000088400000| Untracked 
| 105|0x0000000088500000, 0x0000000088500000, 0x0000000088600000|  0%| F|  |TAMS 0x0000000088500000, 0x0000000088500000| Untracked 
| 106|0x0000000088600000, 0x0000000088600000, 0x0000000088700000|  0%| F|  |TAMS 0x0000000088600000, 0x0000000088600000| Untracked 
| 107|0x0000000088700000, 0x0000000088700000, 0x0000000088800000|  0%| F|  |TAMS 0x0000000088700000, 0x0000000088700000| Untracked 
| 108|0x0000000088800000, 0x0000000088800000, 0x0000000088900000|  0%| F|  |TAMS 0x0000000088800000, 0x0000000088800000| Untracked 
| 109|0x0000000088900000, 0x0000000088900000, 0x0000000088a00000|  0%| F|  |TAMS 0x0000000088900000, 0x0000000088900000| Untracked 
| 110|0x0000000088a00000, 0x0000000088a00000, 0x0000000088b00000|  0%| F|  |TAMS 0x0000000088a00000, 0x0000000088a00000| Untracked 
| 111|0x0000000088b00000, 0x0000000088b00000, 0x0000000088c00000|  0%| F|  |TAMS 0x0000000088b00000, 0x0000000088b00000| Untracked 
| 112|0x0000000088c00000, 0x0000000088d00000, 0x0000000088d00000|100%| S|CS|TAMS 0x0000000088c00000, 0x0000000088c00000| Complete 
| 113|0x0000000088d00000, 0x0000000088e00000, 0x0000000088e00000|100%| S|CS|TAMS 0x0000000088d00000, 0x0000000088d00000| Complete 
| 114|0x0000000088e00000, 0x0000000088e00000, 0x0000000088f00000|  0%| F|  |TAMS 0x0000000088e00000, 0x0000000088e00000| Untracked 
| 115|0x0000000088f00000, 0x0000000088f00000, 0x0000000089000000|  0%| F|  |TAMS 0x0000000088f00000, 0x0000000088f00000| Untracked 
| 116|0x0000000089000000, 0x0000000089000000, 0x0000000089100000|  0%| F|  |TAMS 0x0000000089000000, 0x0000000089000000| Untracked 
| 117|0x0000000089100000, 0x0000000089100000, 0x0000000089200000|  0%| F|  |TAMS 0x0000000089100000, 0x0000000089100000| Untracked 
| 118|0x0000000089200000, 0x0000000089200000, 0x0000000089300000|  0%| F|  |TAMS 0x0000000089200000, 0x0000000089200000| Untracked 
| 119|0x0000000089300000, 0x0000000089300000, 0x0000000089400000|  0%| F|  |TAMS 0x0000000089300000, 0x0000000089300000| Untracked 
| 120|0x0000000089400000, 0x0000000089400000, 0x0000000089500000|  0%| F|  |TAMS 0x0000000089400000, 0x0000000089400000| Untracked 
| 121|0x0000000089500000, 0x0000000089500000, 0x0000000089600000|  0%| F|  |TAMS 0x0000000089500000, 0x0000000089500000| Untracked 
| 122|0x0000000089600000, 0x0000000089600000, 0x0000000089700000|  0%| F|  |TAMS 0x0000000089600000, 0x0000000089600000| Untracked 
| 123|0x0000000089700000, 0x0000000089700000, 0x0000000089800000|  0%| F|  |TAMS 0x0000000089700000, 0x0000000089700000| Untracked 
| 124|0x0000000089800000, 0x0000000089882b38, 0x0000000089900000| 51%| E|  |TAMS 0x0000000089800000, 0x0000000089800000| Complete 
| 125|0x0000000089900000, 0x0000000089a00000, 0x0000000089a00000|100%| E|CS|TAMS 0x0000000089900000, 0x0000000089900000| Complete 
| 126|0x0000000089a00000, 0x0000000089b00000, 0x0000000089b00000|100%| E|CS|TAMS 0x0000000089a00000, 0x0000000089a00000| Complete 
| 127|0x0000000089b00000, 0x0000000089c00000, 0x0000000089c00000|100%| E|CS|TAMS 0x0000000089b00000, 0x0000000089b00000| Complete 

Card table byte_map: [0x000002b85a6a0000,0x000002b85aaa0000] _byte_map_base: 0x000002b85a292000

Marking Bits (Prev, Next): (CMBitMap*) 0x000002b842f58878, (CMBitMap*) 0x000002b842f588b0
 Prev Bits: [0x000002b85aea0000, 0x000002b85ce30000)
 Next Bits: [0x000002b85ce30000, 0x000002b85edc0000)

Polling page: 0x000002b840d50000

Metaspace:

Usage:
  Non-class:     10.87 MB capacity,    10.71 MB ( 98%) used,   157.61 KB (  1%) free+waste,    13.06 KB ( <1%) overhead. 
      Class:      1.23 MB capacity,     1.16 MB ( 94%) used,    71.98 KB (  6%) free+waste,     5.81 KB ( <1%) overhead. 
       Both:     12.11 MB capacity,    11.87 MB ( 98%) used,   229.59 KB (  2%) free+waste,    18.88 KB ( <1%) overhead. 

Virtual space:
  Non-class space:       12.00 MB reserved,      11.00 MB ( 92%) committed 
      Class space:        1.00 GB reserved,       1.25 MB ( <1%) committed 
             Both:        1.01 GB reserved,      12.25 MB (  1%) committed 

Chunk freelists:
   Non-Class:  128 bytes
       Class:  2.00 KB
        Both:  2.13 KB

CodeHeap 'non-profiled nmethods': size=120064Kb used=315Kb max_used=315Kb free=119748Kb
 bounds [0x000002b852d60000, 0x000002b852fd0000, 0x000002b85a2a0000]
CodeHeap 'profiled nmethods': size=120000Kb used=1834Kb max_used=1834Kb free=118165Kb
 bounds [0x000002b84b830000, 0x000002b84baa0000, 0x000002b852d60000]
CodeHeap 'non-nmethods': size=5696Kb used=1090Kb max_used=1106Kb free=4605Kb
 bounds [0x000002b84b2a0000, 0x000002b84b510000, 0x000002b84b830000]
 total_blobs=1569 nmethods=952 adapters=308
 compilation: enabled
              stopped_count=0, restarted_count=0
 full_count=0

Compilation events (10 events):
Event: 0.779 Thread 0x000002b8612cd000  894       4       java.util.zip.ZipCoder$UTF8::getBytes (10 bytes)
Event: 0.780 Thread 0x000002b8612d3000  920       3       java.net.URLClassLoader::isSealed (70 bytes)
Event: 0.781 Thread 0x000002b8612d3000 nmethod 920 0x000002b84b9dfb90 code [0x000002b84b9dfe20, 0x000002b84b9e08d0]
Event: 0.781 Thread 0x000002b8612cd000 nmethod 894 0x000002b852dab390 code [0x000002b852dab540, 0x000002b852dab798]
Event: 0.781 Thread 0x000002b8612cd000  910       4       java.lang.String::substring (58 bytes)
Event: 0.787 Thread 0x000002b8612cd000 nmethod 910 0x000002b852dab910 code [0x000002b852dabac0, 0x000002b852dabf98]
Event: 0.787 Thread 0x000002b8612cd000  921   !   4       java.util.concurrent.ConcurrentHashMap::putVal (432 bytes)
Event: 0.799 Thread 0x000002b8612d3000  922       3       sun.net.www.protocol.jar.Handler::indexOfBangSlash (52 bytes)
Event: 0.800 Thread 0x000002b8612d3000 nmethod 922 0x000002b84b9e0d10 code [0x000002b84b9e0fa0, 0x000002b84b9e1b20]
Event: 0.800 Thread 0x000002b8612d3000  923       3       java.net.URLStreamHandler::setURL (159 bytes)

GC Heap History (2 events):
Event: 0.751 GC heap before
{Heap before GC invocations=0 (full 0):
 garbage-first heap   total 131072K, used 13312K [0x0000000081c00000, 0x0000000100000000)
  region size 1024K, 14 young (14336K), 0 survivors (0K)
 Metaspace       used 11414K, capacity 11663K, committed 11776K, reserved 1060864K
  class space    used 1087K, capacity 1168K, committed 1280K, reserved 1048576K
}
Event: 0.756 GC heap after
{Heap after GC invocations=1 (full 0):
 garbage-first heap   total 131072K, used 3196K [0x0000000081c00000, 0x0000000100000000)
  region size 1024K, 2 young (2048K), 2 survivors (2048K)
 Metaspace       used 11414K, capacity 11663K, committed 11776K, reserved 1060864K
  class space    used 1087K, capacity 1168K, committed 1280K, reserved 1048576K
}

Deoptimization events (10 events):
Event: 0.178 Thread 0x000002b842f1a000 Uncommon trap: reason=class_check action=maybe_recompile pc=0x000002b852d6e8fc method=java.util.HashMap.putVal(ILjava/lang/Object;Ljava/lang/Object;ZZ)Ljava/lang/Object; @ 152 c2
Event: 0.179 Thread 0x000002b842f1a000 Uncommon trap: reason=class_check action=maybe_recompile pc=0x000002b852d6e8fc method=java.util.HashMap.putVal(ILjava/lang/Object;Ljava/lang/Object;ZZ)Ljava/lang/Object; @ 152 c2
Event: 0.182 Thread 0x000002b842f1a000 Uncommon trap: reason=unstable_if action=reinterpret pc=0x000002b852d6f29c method=java.lang.String.charAt(I)C @ 4 c2
Event: 0.295 Thread 0x000002b842f1a000 Uncommon trap: reason=unstable_if action=reinterpret pc=0x000002b852d7c440 method=java.util.zip.ZipFile$Source.isMetaName([BII)Z @ 43 c2
Event: 0.307 Thread 0x000002b842f1a000 Uncommon trap: reason=class_check action=maybe_recompile pc=0x000002b852d7422c method=java.util.HashMap.putVal(ILjava/lang/Object;Ljava/lang/Object;ZZ)Ljava/lang/Object; @ 253 c2
Event: 0.307 Thread 0x000002b842f1a000 Uncommon trap: reason=class_check action=maybe_recompile pc=0x000002b852d7422c method=java.util.HashMap.putVal(ILjava/lang/Object;Ljava/lang/Object;ZZ)Ljava/lang/Object; @ 253 c2
Event: 0.535 Thread 0x000002b842f1a000 Uncommon trap: reason=unstable_if action=reinterpret pc=0x000002b852d8e238 method=java.lang.String.startsWith(Ljava/lang/String;I)Z @ 14 c2
Event: 0.577 Thread 0x000002b842f1a000 Uncommon trap: reason=unstable_if action=reinterpret pc=0x000002b852d771b0 method=java.lang.StringLatin1.canEncode(I)Z @ 4 c2
Event: 0.577 Thread 0x000002b842f1a000 Uncommon trap: reason=unstable_if action=reinterpret pc=0x000002b852d78188 method=java.lang.AbstractStringBuilder.isLatin1()Z @ 10 c2
Event: 0.589 Thread 0x000002b842f1a000 Uncommon trap: reason=unstable_if action=reinterpret pc=0x000002b852d88704 method=java.util.HashMap.putVal(ILjava/lang/Object;Ljava/lang/Object;ZZ)Ljava/lang/Object; @ 81 c2

Classes redefined (0 events):
No events

Internal exceptions (3 events):
Event: 0.264 Thread 0x000002b842f1a000 Exception <a 'java/lang/NoSuchMethodError'{0x0000000089727df8}: java.lang.invoke.DirectMethodHandle$Holder.invokeSpecialIFC(Ljava/lang/Object;Ljava/lang/Object;I)I> (0x0000000089727df8) thrown at [t:/workspace/open/src/hotspot/share/interpreter/linkResolv
Event: 0.309 Thread 0x000002b842f1a000 Exception <a 'java/lang/NoSuchMethodError'{0x000000008964beb8}: java.lang.invoke.DirectMethodHandle$Holder.invokeStaticInit(Ljava/lang/Object;IIII)Ljava/lang/Object;> (0x000000008964beb8) thrown at [t:/workspace/open/src/hotspot/share/interpreter/linkReso
Event: 0.492 Thread 0x000002b842f1a000 Exception <a 'java/lang/NoSuchMethodError'{0x00000000896aeee0}: java.lang.invoke.DirectMethodHandle$Holder.invokeStaticInit(Ljava/lang/Object;Ljava/lang/Object;IIII)Ljava/lang/Object;> (0x00000000896aeee0) thrown at [t:/workspace/open/src/hotspot/share/in

Events (10 events):
Event: 0.798 loading class com/google/common/cache/LocalCache$1
Event: 0.798 loading class com/google/common/cache/LocalCache$1 done
Event: 0.798 loading class com/google/common/cache/LocalCache$2
Event: 0.798 loading class com/google/common/cache/LocalCache$2 done
Event: 0.799 loading class com/google/common/base/MoreObjects
Event: 0.799 loading class com/google/common/base/MoreObjects done
Event: 0.800 loading class com/google/common/base/Equivalence
Event: 0.800 loading class com/google/common/base/Equivalence done
Event: 0.800 loading class com/google/common/base/Equivalence$Equals
Event: 0.800 loading class com/google/common/base/Equivalence$Equals done


Dynamic libraries:
0x00007ff6f4d50000 - 0x00007ff6f4d97000 	C:\Program Files\Java\jdk-11.0.6\bin\java.exe
0x00007ffda1040000 - 0x00007ffda1230000 	C:\WINDOWS\SYSTEM32\ntdll.dll
0x00007ffd9f1d0000 - 0x00007ffd9f282000 	C:\WINDOWS\System32\KERNEL32.DLL
0x00007ffd9e130000 - 0x00007ffd9e3d3000 	C:\WINDOWS\System32\KERNELBASE.dll
0x00007ffda0a30000 - 0x00007ffda0ad3000 	C:\WINDOWS\System32\ADVAPI32.dll
0x00007ffda0890000 - 0x00007ffda092e000 	C:\WINDOWS\System32\msvcrt.dll
0x00007ffd9f900000 - 0x00007ffd9f997000 	C:\WINDOWS\System32\sechost.dll
0x00007ffda0af0000 - 0x00007ffda0c10000 	C:\WINDOWS\System32\RPCRT4.dll
0x00007ffd9f2c0000 - 0x00007ffd9f454000 	C:\WINDOWS\System32\USER32.dll
0x00007ffd9e0b0000 - 0x00007ffd9e0d1000 	C:\WINDOWS\System32\win32u.dll
0x00007ffd9f290000 - 0x00007ffd9f2b6000 	C:\WINDOWS\System32\GDI32.dll
0x00007ffd9ef50000 - 0x00007ffd9f0e4000 	C:\WINDOWS\System32\gdi32full.dll
0x00007ffd9ecb0000 - 0x00007ffd9ed4e000 	C:\WINDOWS\System32\msvcp_win.dll
0x00007ffd9ebb0000 - 0x00007ffd9ecaa000 	C:\WINDOWS\System32\ucrtbase.dll
0x00007ffd99910000 - 0x00007ffd9991a000 	C:\WINDOWS\SYSTEM32\VERSION.dll
0x00007ffd94c20000 - 0x00007ffd94ea5000 	C:\WINDOWS\WinSxS\amd64_microsoft.windows.common-controls_6595b64144ccf1df_6.0.18362.720_none_e6beb5c51314836b\COMCTL32.dll
0x00007ffda0c10000 - 0x00007ffda0f46000 	C:\WINDOWS\System32\combase.dll
0x00007ffd9f150000 - 0x00007ffd9f1d0000 	C:\WINDOWS\System32\bcryptPrimitives.dll
0x00007ffda0a00000 - 0x00007ffda0a2e000 	C:\WINDOWS\System32\IMM32.DLL
0x00007ffd8f7f0000 - 0x00007ffd8f806000 	C:\Program Files\Java\jdk-11.0.6\bin\vcruntime140.dll
0x00007ffd6a890000 - 0x00007ffd6a93a000 	C:\Program Files\Java\jdk-11.0.6\bin\msvcp140.dll
0x00007ffd377b0000 - 0x00007ffd382d9000 	C:\Program Files\Java\jdk-11.0.6\bin\server\jvm.dll
0x00007ffda0ae0000 - 0x00007ffda0ae8000 	C:\WINDOWS\System32\PSAPI.DLL
0x00007ffd91f00000 - 0x00007ffd91f09000 	C:\WINDOWS\SYSTEM32\WSOCK32.dll
0x00007ffd9f7c0000 - 0x00007ffd9f82f000 	C:\WINDOWS\System32\WS2_32.dll
0x00007ffd9ad10000 - 0x00007ffd9ad34000 	C:\WINDOWS\SYSTEM32\WINMM.dll
0x00007ffd9a5f0000 - 0x00007ffd9a61d000 	C:\WINDOWS\SYSTEM32\WINMMBASE.dll
0x00007ffd9e0e0000 - 0x00007ffd9e12a000 	C:\WINDOWS\System32\cfgmgr32.dll
0x00007ffd9dff0000 - 0x00007ffd9e001000 	C:\WINDOWS\System32\kernel.appcore.dll
0x00007ffd8d7b0000 - 0x00007ffd8d7c1000 	C:\Program Files\Java\jdk-11.0.6\bin\verify.dll
0x00007ffd9c8c0000 - 0x00007ffd9cab4000 	C:\WINDOWS\SYSTEM32\DBGHELP.DLL
0x00007ffd8e600000 - 0x00007ffd8e62a000 	C:\WINDOWS\SYSTEM32\dbgcore.DLL
0x00007ffd8a880000 - 0x00007ffd8a8a9000 	C:\Program Files\Java\jdk-11.0.6\bin\java.dll
0x00007ffd7d330000 - 0x00007ffd7d35f000 	C:\Program Files\Java\jdk-11.0.6\bin\instrument.dll
0x00007ffd8d6e0000 - 0x00007ffd8d6f6000 	C:\Program Files\Java\jdk-11.0.6\bin\zip.dll
0x00007ffd99770000 - 0x00007ffd9977a000 	C:\Program Files\Java\jdk-11.0.6\bin\jimage.dll
0x00007ffd9f9a0000 - 0x00007ffda0085000 	C:\WINDOWS\System32\SHELL32.dll
0x00007ffda0090000 - 0x00007ffda0139000 	C:\WINDOWS\System32\shcore.dll
0x00007ffd9e3e0000 - 0x00007ffd9eb60000 	C:\WINDOWS\System32\windows.storage.dll
0x00007ffd9e060000 - 0x00007ffd9e083000 	C:\WINDOWS\System32\profapi.dll
0x00007ffd9e010000 - 0x00007ffd9e05a000 	C:\WINDOWS\System32\powrprof.dll
0x00007ffd9dfe0000 - 0x00007ffd9dff0000 	C:\WINDOWS\System32\UMPDC.dll
0x00007ffda01b0000 - 0x00007ffda0202000 	C:\WINDOWS\System32\shlwapi.dll
0x00007ffd9eb60000 - 0x00007ffd9eb77000 	C:\WINDOWS\System32\cryptsp.dll
0x00007ffd7eca0000 - 0x00007ffd7ecb9000 	C:\Program Files\Java\jdk-11.0.6\bin\net.dll
0x00007ffd955d0000 - 0x00007ffd956c1000 	C:\WINDOWS\SYSTEM32\WINHTTP.dll
0x00007ffd9d850000 - 0x00007ffd9d8b7000 	C:\WINDOWS\system32\mswsock.dll
0x00007ffd7e890000 - 0x00007ffd7e8a3000 	C:\Program Files\Java\jdk-11.0.6\bin\nio.dll
0x00007ffd7e090000 - 0x00007ffd7e0aa000 	C:\Program Files\JetBrains\IntelliJ IDEA Community Edition 2019.3.4\bin\breakgen64.dll
0x00007ffd9d3c0000 - 0x00007ffd9d3f3000 	C:\WINDOWS\system32\rsaenh.dll
0x00007ffd9eb80000 - 0x00007ffd9eba6000 	C:\WINDOWS\System32\bcrypt.dll
0x00007ffd9df00000 - 0x00007ffd9df25000 	C:\WINDOWS\SYSTEM32\USERENV.dll
0x00007ffd9da20000 - 0x00007ffd9da2c000 	C:\WINDOWS\SYSTEM32\CRYPTBASE.dll
0x00007ffd9d560000 - 0x00007ffd9d59a000 	C:\WINDOWS\SYSTEM32\IPHLPAPI.DLL
0x00007ffda0f50000 - 0x00007ffda0f58000 	C:\WINDOWS\System32\NSI.dll
0x00007ffd96eb0000 - 0x00007ffd96ec6000 	C:\WINDOWS\SYSTEM32\dhcpcsvc6.DLL
0x00007ffd97470000 - 0x00007ffd9748c000 	C:\WINDOWS\SYSTEM32\dhcpcsvc.DLL
0x00007ffd9d5a0000 - 0x00007ffd9d66a000 	C:\WINDOWS\SYSTEM32\DNSAPI.dll
0x00007ffd8d6a0000 - 0x00007ffd8d6aa000 	C:\Users\Dhanushguntha\AppData\Local\Temp\jansi-1.17.1-17429469958365946465.dll
0x00007ffd8b720000 - 0x00007ffd8b72a000 	C:\Users\Dhanushguntha\AppData\Local\Temp\jansi-1.17.1-5505308286082202782.dll

dbghelp: loaded successfully - version: 4.0.5 - missing functions: none
symbol engine: initialized successfully - sym options: 0x614 - pdb path: .;C:\Program Files\Java\jdk-11.0.6\bin;C:\WINDOWS\SYSTEM32;C:\WINDOWS\WinSxS\amd64_microsoft.windows.common-controls_6595b64144ccf1df_6.0.18362.720_none_e6beb5c51314836b;C:\Program Files\Java\jdk-11.0.6\bin\server;C:\Program Files\JetBrains\IntelliJ IDEA Community Edition 2019.3.4\bin;C:\Users\Dhanushguntha\AppData\Local\Temp

VM Arguments:
jvm_args: -Dmaven.multiModuleProjectDirectory=C:\Users\Dhanushguntha\Desktop\webcontroller\webcontroller -Dmaven.home=C:\Program Files\JetBrains\IntelliJ IDEA Community Edition 2019.3.4\plugins\maven\lib\maven3 -Dclassworlds.conf=C:\Program Files\JetBrains\IntelliJ IDEA Community Edition 2019.3.4\plugins\maven\lib\maven3\bin\m2.conf -Dmaven.ext.class.path=C:\Program Files\JetBrains\IntelliJ IDEA Community Edition 2019.3.4\plugins\maven\lib\maven-event-listener.jar -javaagent:C:\Program Files\JetBrains\IntelliJ IDEA Community Edition 2019.3.4\lib\idea_rt.jar=53623:C:\Program Files\JetBrains\IntelliJ IDEA Community Edition 2019.3.4\bin -Dfile.encoding=UTF-8 
java_command: org.codehaus.classworlds.Launcher -Didea.version2019.3.4 spring-boot:run
java_class_path (initial): C:\Program Files\JetBrains\IntelliJ IDEA Community Edition 2019.3.4\plugins\maven\lib\maven3\boot\plexus-classworlds-2.6.0.jar
Launcher Type: SUN_STANDARD

[Global flags]
     intx CICompilerCount                          = 3                                         {product} {ergonomic}
     uint ConcGCThreads                            = 1                                         {product} {ergonomic}
     uint G1ConcRefinementThreads                  = 4                                         {product} {ergonomic}
   size_t G1HeapRegionSize                         = 1048576                                   {product} {ergonomic}
    uintx GCDrainStackTargetSize                   = 64                                        {product} {ergonomic}
   size_t InitialHeapSize                          = 134217728                                 {product} {ergonomic}
   size_t MarkStackSize                            = 4194304                                   {product} {ergonomic}
   size_t MaxHeapSize                              = 2118123520                                {product} {ergonomic}
   size_t MaxNewSize                               = 1270874112                                {product} {ergonomic}
   size_t MinHeapDeltaBytes                        = 1048576                                   {product} {ergonomic}
    uintx NonNMethodCodeHeapSize                   = 5830732                                {pd product} {ergonomic}
    uintx NonProfiledCodeHeapSize                  = 122913754                              {pd product} {ergonomic}
    uintx ProfiledCodeHeapSize                     = 122913754                              {pd product} {ergonomic}
    uintx ReservedCodeCacheSize                    = 251658240                              {pd product} {ergonomic}
     bool SegmentedCodeCache                       = true                                      {product} {ergonomic}
     bool UseCompressedClassPointers               = true                                 {lp64_product} {ergonomic}
     bool UseCompressedOops                        = true                                 {lp64_product} {ergonomic}
     bool UseG1GC                                  = true                                      {product} {ergonomic}
     bool UseLargePagesIndividualAllocation        = false                                  {pd product} {ergonomic}

Logging:
Log output configuration:
 #0: stdout all=warning uptime,level,tags
 #1: stderr all=off uptime,level,tags

Environment Variables:
JAVA_HOME=C:\Program Files\Java\jdk-11.0.6
PATH=C:\Python27\;C:\Python27\Scripts;C:\Program Files (x86)\Intel\iCLS Client\;C:\Program Files\Intel\iCLS Client\;C:\windows\system32;C:\windows;C:\windows\System32\Wbem;C:\windows\System32\WindowsPowerShell\v1.0\;C:\Program Files (x86)\Intel\Intel(R) Management Engine Components\DAL;C:\Program Files\Intel\Intel(R) Management Engine Components\DAL;C:\Program Files (x86)\Intel\Intel(R) Management Engine Components\IPT;C:\Program Files\Intel\Intel(R) Management Engine Components\IPT;C:\Program Files (x86)\NVIDIA Corporation\PhysX\Common;C:\WINDOWS\system32;C:\WINDOWS;C:\WINDOWS\System32\Wbem;C:\WINDOWS\System32\WindowsPowerShell\v1.0\;C:\WINDOWS\System32\OpenSSH\;C:\Users\Dhanushguntha\AppData\Local\Programs\Python\Python37;C:\Program Files\Intel\WiFi\bin\;C:\Program Files\Common Files\Intel\WirelessCommon\;C:\Program Files\Git\cmd;C:\Program Files (x86)\Yarn\bin\;C:\Program Files\NVIDIA Corporation\NVIDIA NvDLISR;C:\Program Files\nodejs;C:\ProgramData\chocolatey\bin;C:\Program Files\nodejs\;C:\opt\apache-maven-3.6.3\bin;C:\Program Files\Java\jdk-11.0.6\bin;C:\Users\Dhanushguntha\Anaconda3\Scripts;C:\Users\Dhanushguntha\Anaconda3\Scripts;C:\Users\Dhanushguntha\AppData\Local\Programs\Microsoft VS Code\bin;C:\Users\Dhanushguntha\AppData\Roaming\npm;
USERNAME=Dhanushguntha
OS=Windows_NT
PROCESSOR_IDENTIFIER=Intel64 Family 6 Model 142 Stepping 9, GenuineIntel



---------------  S Y S T E M  ---------------

OS: Windows 10 , 64 bit Build 18362 (10.0.18362.329)

CPU:total 4 (initial active 4) (2 cores per cpu, 2 threads per core) family 6 model 142 stepping 9, cmov, cx8, fxsr, mmx, sse, sse2, sse3, ssse3, sse4.1, sse4.2, popcnt, avx, avx2, aes, clmul, erms, 3dnowpref, lzcnt, ht, tsc, tscinvbit, bmi1, bmi2, adx, fma

Memory: 4k page, system-wide physical 8077M (1125M free)
TotalPageFile size 8077M (AvailPageFile size 6M)
current process WorkingSet (physical memory assigned to process): 71M, peak: 72M
current process commit charge ("private bytes"): 215M, peak: 216M

vm_info: Java HotSpot(TM) 64-Bit Server VM (11.0.6+8-LTS) for windows-amd64 JRE (11.0.6+8-LTS), built on Dec 11 2019 09:17:57 by "mach5one" with MS VC++ 15.5 (VS2017)

END.
